--------------- Build Started: 05/22/2017 22:05:53 Project: Active_Load_v9, Configuration: ARM GCC 4.9-2015-q1-update Debug ---------------
cydsfit.exe -.appdatapath "C:\Users\KJA\AppData\Local\Cypress Semiconductor\PSoC Creator\4.0" -.fdsnotice -.fdswarpdepfile=warp_dependencies.txt -.fdselabdepfile=elab_dependencies.txt -.fdsbldfile=generated_files.txt -.fdsreffile=referenced_files.txt -p D:\Workspace\PSoC_Creator\Active_Load\Active_Load_v9.cydsn\Active_Load_v9.cyprj -d CY8C5888LTI-LP097 -s D:\Workspace\PSoC_Creator\Active_Load\Active_Load_v9.cydsn\Generated_Source\PSoC5 -- -yv2 -q10 -ygs -o2 -v3 -.fftcfgtype=LE
Elaborating Design...
ADD: fit.M0032: warning: Clock Warning: (SPIM_IntClock's accuracy range '75 MHz +/- 5%, (71.25 MHz - 78.75 MHz)' is not within the specified tolerance range '60 MHz +/- 5%, (57 MHz - 63 MHz)'.).
 * C:\Program Files (x86)\Cypress\PSoC Creator\4.0\PSoC Creator\psoc\content\cycomponentlibrary\CyComponentLibrary.cylib\SPI_Master_v2_50\SPI_Master_v2_50.cysch (Instance:IntClock)
 * D:\Workspace\PSoC_Creator\Active_Load\Active_Load_v9.cydsn\Active_Load_v9.cydwr (SPIM_IntClock)
HDL Generation...
Synthesis...
Tech Mapping...
Analog Placement...
Info: apr.M0002: Analog signal "\ResistiveTouch_1:ADC:Net_35\" is connected to one terminal only. (App=cydsfit)
Log: apr.M0058: The analog placement iterative improvement is 35% done. (App=cydsfit)
Log: apr.M0058: The analog placement iterative improvement is 73% done. (App=cydsfit)
Analog Routing...
Analog Code Generation...
Digital Placement...
Digital Routing...
Bitstream Generation...
Bitstream Verification...
Static timing analysis...
Warning: sta.M0021: Active_Load_v9_timing.html: Warning-1350: Asynchronous path(s) exist from "Clock_QD_2(routed)" to "CyBUS_CLK". See the timing report for details. (File=D:\Workspace\PSoC_Creator\Active_Load\Active_Load_v9.cydsn\Active_Load_v9_timing.html)
Warning: sta.M0019: Active_Load_v9_timing.html: Warning-1366: Setup time violation found in a path from clock ( CyBUS_CLK ) to clock ( CyBUS_CLK ). (File=D:\Workspace\PSoC_Creator\Active_Load\Active_Load_v9.cydsn\Active_Load_v9_timing.html)
Warning: sta.M0019: Active_Load_v9_timing.html: Warning-1366: Setup time violation found in a path from clock ( Clock_QD_1 ) to clock ( Clock_QD_1 ). (File=D:\Workspace\PSoC_Creator\Active_Load\Active_Load_v9.cydsn\Active_Load_v9_timing.html)
Warning: sta.M0019: Active_Load_v9_timing.html: Warning-1366: Setup time violation found in a path from clock ( SPIM_IntClock ) to clock ( SPIM_IntClock ). (File=D:\Workspace\PSoC_Creator\Active_Load\Active_Load_v9.cydsn\Active_Load_v9_timing.html)
API Generation...
Dependency Generation...
Cleanup...
arm-none-eabi-gcc.exe -mcpu=cortex-m3 -mthumb -I. -IGenerated_Source\PSoC5 -Wa,-alh=.\ARM_GCC_493\Debug/chessengine.lst -g -ffunction-sections -O0 -ffat-lto-objects -c u8glib_arm_v1.18.1\src\chessengine.c -o .\ARM_GCC_493\Debug\chessengine.o
arm-none-eabi-gcc.exe -mcpu=cortex-m3 -mthumb -I. -IGenerated_Source\PSoC5 -Wa,-alh=.\ARM_GCC_493\Debug/u8g_bitmap.lst -g -ffunction-sections -O0 -ffat-lto-objects -c u8glib_arm_v1.18.1\src\u8g_bitmap.c -o .\ARM_GCC_493\Debug\u8g_bitmap.o
arm-none-eabi-gcc.exe -mcpu=cortex-m3 -mthumb -I. -IGenerated_Source\PSoC5 -Wa,-alh=.\ARM_GCC_493\Debug/u8g_circle.lst -g -ffunction-sections -O0 -ffat-lto-objects -c u8glib_arm_v1.18.1\src\u8g_circle.c -o .\ARM_GCC_493\Debug\u8g_circle.o
arm-none-eabi-gcc.exe -mcpu=cortex-m3 -mthumb -I. -IGenerated_Source\PSoC5 -Wa,-alh=.\ARM_GCC_493\Debug/u8g_clip.lst -g -ffunction-sections -O0 -ffat-lto-objects -c u8glib_arm_v1.18.1\src\u8g_clip.c -o .\ARM_GCC_493\Debug\u8g_clip.o
arm-none-eabi-gcc.exe -mcpu=cortex-m3 -mthumb -I. -IGenerated_Source\PSoC5 -Wa,-alh=.\ARM_GCC_493\Debug/u8g_com_api.lst -g -ffunction-sections -O0 -ffat-lto-objects -c u8glib_arm_v1.18.1\src\u8g_com_api.c -o .\ARM_GCC_493\Debug\u8g_com_api.o
arm-none-eabi-gcc.exe -mcpu=cortex-m3 -mthumb -I. -IGenerated_Source\PSoC5 -Wa,-alh=.\ARM_GCC_493\Debug/u8g_com_api_16gr.lst -g -ffunction-sections -O0 -ffat-lto-objects -c u8glib_arm_v1.18.1\src\u8g_com_api_16gr.c -o .\ARM_GCC_493\Debug\u8g_com_api_16gr.o
arm-none-eabi-gcc.exe -mcpu=cortex-m3 -mthumb -I. -IGenerated_Source\PSoC5 -Wa,-alh=.\ARM_GCC_493\Debug/u8g_com_i2c.lst -g -ffunction-sections -O0 -ffat-lto-objects -c u8glib_arm_v1.18.1\src\u8g_com_i2c.c -o .\ARM_GCC_493\Debug\u8g_com_i2c.o
arm-none-eabi-gcc.exe -mcpu=cortex-m3 -mthumb -I. -IGenerated_Source\PSoC5 -Wa,-alh=.\ARM_GCC_493\Debug/u8g_com_io.lst -g -ffunction-sections -O0 -ffat-lto-objects -c u8glib_arm_v1.18.1\src\u8g_com_io.c -o .\ARM_GCC_493\Debug\u8g_com_io.o
arm-none-eabi-gcc.exe -mcpu=cortex-m3 -mthumb -I. -IGenerated_Source\PSoC5 -Wa,-alh=.\ARM_GCC_493\Debug/u8g_com_msp430_hw_spi.lst -g -ffunction-sections -O0 -ffat-lto-objects -c u8glib_arm_v1.18.1\src\u8g_com_msp430_hw_spi.c -o .\ARM_GCC_493\Debug\u8g_com_msp430_hw_spi.o
arm-none-eabi-gcc.exe -mcpu=cortex-m3 -mthumb -I. -IGenerated_Source\PSoC5 -Wa,-alh=.\ARM_GCC_493\Debug/u8g_com_null.lst -g -ffunction-sections -O0 -ffat-lto-objects -c u8glib_arm_v1.18.1\src\u8g_com_null.c -o .\ARM_GCC_493\Debug\u8g_com_null.o
arm-none-eabi-gcc.exe -mcpu=cortex-m3 -mthumb -I. -IGenerated_Source\PSoC5 -Wa,-alh=.\ARM_GCC_493\Debug/u8g_com_raspberrypi_hw_spi.lst -g -ffunction-sections -O0 -ffat-lto-objects -c u8glib_arm_v1.18.1\src\u8g_com_raspberrypi_hw_spi.c -o .\ARM_GCC_493\Debug\u8g_com_raspberrypi_hw_spi.o
arm-none-eabi-gcc.exe -mcpu=cortex-m3 -mthumb -I. -IGenerated_Source\PSoC5 -Wa,-alh=.\ARM_GCC_493\Debug/u8g_com_raspberrypi_ssd_i2c.lst -g -ffunction-sections -O0 -ffat-lto-objects -c u8glib_arm_v1.18.1\src\u8g_com_raspberrypi_ssd_i2c.c -o .\ARM_GCC_493\Debug\u8g_com_raspberrypi_ssd_i2c.o
arm-none-eabi-gcc.exe -mcpu=cortex-m3 -mthumb -I. -IGenerated_Source\PSoC5 -Wa,-alh=.\ARM_GCC_493\Debug/u8g_com_std_sw_spi.lst -g -ffunction-sections -O0 -ffat-lto-objects -c u8glib_arm_v1.18.1\src\u8g_com_std_sw_spi.c -o .\ARM_GCC_493\Debug\u8g_com_std_sw_spi.o
arm-none-eabi-gcc.exe -mcpu=cortex-m3 -mthumb -I. -IGenerated_Source\PSoC5 -Wa,-alh=.\ARM_GCC_493\Debug/u8g_cursor.lst -g -ffunction-sections -O0 -ffat-lto-objects -c u8glib_arm_v1.18.1\src\u8g_cursor.c -o .\ARM_GCC_493\Debug\u8g_cursor.o
arm-none-eabi-gcc.exe -mcpu=cortex-m3 -mthumb -I. -IGenerated_Source\PSoC5 -Wa,-alh=.\ARM_GCC_493\Debug/u8g_delay.lst -g -ffunction-sections -O0 -ffat-lto-objects -c u8glib_arm_v1.18.1\src\u8g_delay.c -o .\ARM_GCC_493\Debug\u8g_delay.o
arm-none-eabi-gcc.exe -mcpu=cortex-m3 -mthumb -I. -IGenerated_Source\PSoC5 -Wa,-alh=.\ARM_GCC_493\Debug/u8g_ellipse.lst -g -ffunction-sections -O0 -ffat-lto-objects -c u8glib_arm_v1.18.1\src\u8g_ellipse.c -o .\ARM_GCC_493\Debug\u8g_ellipse.o
arm-none-eabi-gcc.exe -mcpu=cortex-m3 -mthumb -I. -IGenerated_Source\PSoC5 -Wa,-alh=.\ARM_GCC_493\Debug/u8g_font.lst -g -ffunction-sections -O0 -ffat-lto-objects -c u8glib_arm_v1.18.1\src\u8g_font.c -o .\ARM_GCC_493\Debug\u8g_font.o
arm-none-eabi-gcc.exe -mcpu=cortex-m3 -mthumb -I. -IGenerated_Source\PSoC5 -Wa,-alh=.\ARM_GCC_493\Debug/u8g_line.lst -g -ffunction-sections -O0 -ffat-lto-objects -c u8glib_arm_v1.18.1\src\u8g_line.c -o .\ARM_GCC_493\Debug\u8g_line.o
arm-none-eabi-gcc.exe -mcpu=cortex-m3 -mthumb -I. -IGenerated_Source\PSoC5 -Wa,-alh=.\ARM_GCC_493\Debug/u8g_ll_api.lst -g -ffunction-sections -O0 -ffat-lto-objects -c u8glib_arm_v1.18.1\src\u8g_ll_api.c -o .\ARM_GCC_493\Debug\u8g_ll_api.o
arm-none-eabi-gcc.exe -mcpu=cortex-m3 -mthumb -I. -IGenerated_Source\PSoC5 -Wa,-alh=.\ARM_GCC_493\Debug/u8g_page.lst -g -ffunction-sections -O0 -ffat-lto-objects -c u8glib_arm_v1.18.1\src\u8g_page.c -o .\ARM_GCC_493\Debug\u8g_page.o
arm-none-eabi-gcc.exe -mcpu=cortex-m3 -mthumb -I. -IGenerated_Source\PSoC5 -Wa,-alh=.\ARM_GCC_493\Debug/u8g_pb.lst -g -ffunction-sections -O0 -ffat-lto-objects -c u8glib_arm_v1.18.1\src\u8g_pb.c -o .\ARM_GCC_493\Debug\u8g_pb.o
arm-none-eabi-gcc.exe -mcpu=cortex-m3 -mthumb -I. -IGenerated_Source\PSoC5 -Wa,-alh=.\ARM_GCC_493\Debug/u8g_pb8h1.lst -g -ffunction-sections -O0 -ffat-lto-objects -c u8glib_arm_v1.18.1\src\u8g_pb8h1.c -o .\ARM_GCC_493\Debug\u8g_pb8h1.o
arm-none-eabi-gcc.exe -mcpu=cortex-m3 -mthumb -I. -IGenerated_Source\PSoC5 -Wa,-alh=.\ARM_GCC_493\Debug/u8g_pb8h1f.lst -g -ffunction-sections -O0 -ffat-lto-objects -c u8glib_arm_v1.18.1\src\u8g_pb8h1f.c -o .\ARM_GCC_493\Debug\u8g_pb8h1f.o
arm-none-eabi-gcc.exe -mcpu=cortex-m3 -mthumb -I. -IGenerated_Source\PSoC5 -Wa,-alh=.\ARM_GCC_493\Debug/u8g_pb8h2.lst -g -ffunction-sections -O0 -ffat-lto-objects -c u8glib_arm_v1.18.1\src\u8g_pb8h2.c -o .\ARM_GCC_493\Debug\u8g_pb8h2.o
arm-none-eabi-gcc.exe -mcpu=cortex-m3 -mthumb -I. -IGenerated_Source\PSoC5 -Wa,-alh=.\ARM_GCC_493\Debug/u8g_pb8h8.lst -g -ffunction-sections -O0 -ffat-lto-objects -c u8glib_arm_v1.18.1\src\u8g_pb8h8.c -o .\ARM_GCC_493\Debug\u8g_pb8h8.o
arm-none-eabi-gcc.exe -mcpu=cortex-m3 -mthumb -I. -IGenerated_Source\PSoC5 -Wa,-alh=.\ARM_GCC_493\Debug/u8g_pb8v1.lst -g -ffunction-sections -O0 -ffat-lto-objects -c u8glib_arm_v1.18.1\src\u8g_pb8v1.c -o .\ARM_GCC_493\Debug\u8g_pb8v1.o
arm-none-eabi-gcc.exe -mcpu=cortex-m3 -mthumb -I. -IGenerated_Source\PSoC5 -Wa,-alh=.\ARM_GCC_493\Debug/u8g_pb8v2.lst -g -ffunction-sections -O0 -ffat-lto-objects -c u8glib_arm_v1.18.1\src\u8g_pb8v2.c -o .\ARM_GCC_493\Debug\u8g_pb8v2.o
arm-none-eabi-gcc.exe -mcpu=cortex-m3 -mthumb -I. -IGenerated_Source\PSoC5 -Wa,-alh=.\ARM_GCC_493\Debug/u8g_pb14v1.lst -g -ffunction-sections -O0 -ffat-lto-objects -c u8glib_arm_v1.18.1\src\u8g_pb14v1.c -o .\ARM_GCC_493\Debug\u8g_pb14v1.o
arm-none-eabi-gcc.exe -mcpu=cortex-m3 -mthumb -I. -IGenerated_Source\PSoC5 -Wa,-alh=.\ARM_GCC_493\Debug/u8g_pb16h1.lst -g -ffunction-sections -O0 -ffat-lto-objects -c u8glib_arm_v1.18.1\src\u8g_pb16h1.c -o .\ARM_GCC_493\Debug\u8g_pb16h1.o
arm-none-eabi-gcc.exe -mcpu=cortex-m3 -mthumb -I. -IGenerated_Source\PSoC5 -Wa,-alh=.\ARM_GCC_493\Debug/u8g_pb16h2.lst -g -ffunction-sections -O0 -ffat-lto-objects -c u8glib_arm_v1.18.1\src\u8g_pb16h2.c -o .\ARM_GCC_493\Debug\u8g_pb16h2.o
arm-none-eabi-gcc.exe -mcpu=cortex-m3 -mthumb -I. -IGenerated_Source\PSoC5 -Wa,-alh=.\ARM_GCC_493\Debug/u8g_pb16v1.lst -g -ffunction-sections -O0 -ffat-lto-objects -c u8glib_arm_v1.18.1\src\u8g_pb16v1.c -o .\ARM_GCC_493\Debug\u8g_pb16v1.o
arm-none-eabi-gcc.exe -mcpu=cortex-m3 -mthumb -I. -IGenerated_Source\PSoC5 -Wa,-alh=.\ARM_GCC_493\Debug/u8g_pb16v2.lst -g -ffunction-sections -O0 -ffat-lto-objects -c u8glib_arm_v1.18.1\src\u8g_pb16v2.c -o .\ARM_GCC_493\Debug\u8g_pb16v2.o
arm-none-eabi-gcc.exe -mcpu=cortex-m3 -mthumb -I. -IGenerated_Source\PSoC5 -Wa,-alh=.\ARM_GCC_493\Debug/u8g_pb32h1.lst -g -ffunction-sections -O0 -ffat-lto-objects -c u8glib_arm_v1.18.1\src\u8g_pb32h1.c -o .\ARM_GCC_493\Debug\u8g_pb32h1.o
arm-none-eabi-gcc.exe -mcpu=cortex-m3 -mthumb -I. -IGenerated_Source\PSoC5 -Wa,-alh=.\ARM_GCC_493\Debug/u8g_pbxh16.lst -g -ffunction-sections -O0 -ffat-lto-objects -c u8glib_arm_v1.18.1\src\u8g_pbxh16.c -o .\ARM_GCC_493\Debug\u8g_pbxh16.o
arm-none-eabi-gcc.exe -mcpu=cortex-m3 -mthumb -I. -IGenerated_Source\PSoC5 -Wa,-alh=.\ARM_GCC_493\Debug/u8g_pbxh24.lst -g -ffunction-sections -O0 -ffat-lto-objects -c u8glib_arm_v1.18.1\src\u8g_pbxh24.c -o .\ARM_GCC_493\Debug\u8g_pbxh24.o
arm-none-eabi-gcc.exe -mcpu=cortex-m3 -mthumb -I. -IGenerated_Source\PSoC5 -Wa,-alh=.\ARM_GCC_493\Debug/u8g_polygon.lst -g -ffunction-sections -O0 -ffat-lto-objects -c u8glib_arm_v1.18.1\src\u8g_polygon.c -o .\ARM_GCC_493\Debug\u8g_polygon.o
arm-none-eabi-gcc.exe -mcpu=cortex-m3 -mthumb -I. -IGenerated_Source\PSoC5 -Wa,-alh=.\ARM_GCC_493\Debug/u8g_rect.lst -g -ffunction-sections -O0 -ffat-lto-objects -c u8glib_arm_v1.18.1\src\u8g_rect.c -o .\ARM_GCC_493\Debug\u8g_rect.o
arm-none-eabi-gcc.exe -mcpu=cortex-m3 -mthumb -I. -IGenerated_Source\PSoC5 -Wa,-alh=.\ARM_GCC_493\Debug/u8g_rot.lst -g -ffunction-sections -O0 -ffat-lto-objects -c u8glib_arm_v1.18.1\src\u8g_rot.c -o .\ARM_GCC_493\Debug\u8g_rot.o
u8glib_arm_v1.18.1\src\u8g_rot.c:48:1: warning: initialization from incompatible pointer type
 u8g_dev_t u8g_dev_rot = { u8g_dev_rot_dummy_fn, NULL, NULL };
 ^
u8glib_arm_v1.18.1\src\u8g_rot.c:48:1: warning: (near initialization for 'u8g_dev_rot.dev_fn')
arm-none-eabi-gcc.exe -mcpu=cortex-m3 -mthumb -I. -IGenerated_Source\PSoC5 -Wa,-alh=.\ARM_GCC_493\Debug/u8g_scale.lst -g -ffunction-sections -O0 -ffat-lto-objects -c u8glib_arm_v1.18.1\src\u8g_scale.c -o .\ARM_GCC_493\Debug\u8g_scale.o
arm-none-eabi-gcc.exe -mcpu=cortex-m3 -mthumb -I. -IGenerated_Source\PSoC5 -Wa,-alh=.\ARM_GCC_493\Debug/u8g_state.lst -g -ffunction-sections -O0 -ffat-lto-objects -c u8glib_arm_v1.18.1\src\u8g_state.c -o .\ARM_GCC_493\Debug\u8g_state.o
arm-none-eabi-gcc.exe -mcpu=cortex-m3 -mthumb -I. -IGenerated_Source\PSoC5 -Wa,-alh=.\ARM_GCC_493\Debug/u8g_u8toa.lst -g -ffunction-sections -O0 -ffat-lto-objects -c u8glib_arm_v1.18.1\src\u8g_u8toa.c -o .\ARM_GCC_493\Debug\u8g_u8toa.o
arm-none-eabi-gcc.exe -mcpu=cortex-m3 -mthumb -I. -IGenerated_Source\PSoC5 -Wa,-alh=.\ARM_GCC_493\Debug/u8g_u16toa.lst -g -ffunction-sections -O0 -ffat-lto-objects -c u8glib_arm_v1.18.1\src\u8g_u16toa.c -o .\ARM_GCC_493\Debug\u8g_u16toa.o
arm-none-eabi-gcc.exe -mcpu=cortex-m3 -mthumb -I. -IGenerated_Source\PSoC5 -Wa,-alh=.\ARM_GCC_493\Debug/u8g_virtual_screen.lst -g -ffunction-sections -O0 -ffat-lto-objects -c u8glib_arm_v1.18.1\src\u8g_virtual_screen.c -o .\ARM_GCC_493\Debug\u8g_virtual_screen.o
arm-none-eabi-gcc.exe -mcpu=cortex-m3 -mthumb -I. -IGenerated_Source\PSoC5 -Wa,-alh=.\ARM_GCC_493\Debug/u8g_font_data.lst -g -ffunction-sections -O0 -ffat-lto-objects -c u8g_font_data.c -o .\ARM_GCC_493\Debug\u8g_font_data.o
arm-none-eabi-gcc.exe -mcpu=cortex-m3 -mthumb -I. -IGenerated_Source\PSoC5 -Wa,-alh=.\ARM_GCC_493\Debug/u8g_arm.lst -g -ffunction-sections -O0 -ffat-lto-objects -c u8g_arm.c -o .\ARM_GCC_493\Debug\u8g_arm.o
arm-none-eabi-gcc.exe -mcpu=cortex-m3 -mthumb -I. -IGenerated_Source\PSoC5 -Wa,-alh=.\ARM_GCC_493\Debug/u8g_dev_uc1601_c128032.lst -g -ffunction-sections -O0 -ffat-lto-objects -c u8g_dev_uc1601_c128032.c -o .\ARM_GCC_493\Debug\u8g_dev_uc1601_c128032.o
arm-none-eabi-gcc.exe -mcpu=cortex-m3 -mthumb -I. -IGenerated_Source\PSoC5 -Wa,-alh=.\ARM_GCC_493\Debug/u8g_dev_st7565_dogm128.lst -g -ffunction-sections -O0 -ffat-lto-objects -c u8g_dev_st7565_dogm128.c -o .\ARM_GCC_493\Debug\u8g_dev_st7565_dogm128.o
arm-none-eabi-gcc.exe -mcpu=cortex-m3 -mthumb -I. -IGenerated_Source\PSoC5 -Wa,-alh=.\ARM_GCC_493\Debug/main01.lst -g -ffunction-sections -O0 -ffat-lto-objects -c main01.c -o .\ARM_GCC_493\Debug\main01.o
arm-none-eabi-gcc.exe -mcpu=cortex-m3 -mthumb -I. -IGenerated_Source\PSoC5 -Wa,-alh=.\ARM_GCC_493\Debug/state_machine.lst -g -ffunction-sections -O0 -ffat-lto-objects -c state_machine.c -o .\ARM_GCC_493\Debug\state_machine.o
arm-none-eabi-gcc.exe -mcpu=cortex-m3 -mthumb -I. -IGenerated_Source\PSoC5 -Wa,-alh=.\ARM_GCC_493\Debug/LCD_Menu.lst -g -ffunction-sections -O0 -ffat-lto-objects -c LCD_Menu.c -o .\ARM_GCC_493\Debug\LCD_Menu.o
arm-none-eabi-gcc.exe -mcpu=cortex-m3 -mthumb -I. -IGenerated_Source\PSoC5 -Wa,-alh=.\ARM_GCC_493\Debug/global_variables.lst -g -ffunction-sections -O0 -ffat-lto-objects -c global_variables.c -o .\ARM_GCC_493\Debug\global_variables.o
arm-none-eabi-gcc.exe -mcpu=cortex-m3 -mthumb -I. -IGenerated_Source\PSoC5 -Wa,-alh=.\ARM_GCC_493\Debug/temp_manage.lst -g -ffunction-sections -O0 -ffat-lto-objects -c temp_manage.c -o .\ARM_GCC_493\Debug\temp_manage.o
arm-none-eabi-gcc.exe -mcpu=cortex-m3 -mthumb -I. -IGenerated_Source\PSoC5 -Wa,-alh=.\ARM_GCC_493\Debug/cyfitter_cfg.lst -g -ffunction-sections -O0 -ffat-lto-objects -c Generated_Source\PSoC5\cyfitter_cfg.c -o .\ARM_GCC_493\Debug\cyfitter_cfg.o
arm-none-eabi-gcc.exe -mcpu=cortex-m3 -mthumb -I. -IGenerated_Source\PSoC5 -Wa,-alh=.\ARM_GCC_493\Debug/cymetadata.lst -g -ffunction-sections -O0 -ffat-lto-objects -c Generated_Source\PSoC5\cymetadata.c -o .\ARM_GCC_493\Debug\cymetadata.o
arm-none-eabi-gcc.exe -mcpu=cortex-m3 -mthumb -I. -IGenerated_Source\PSoC5 -Wa,-alh=.\ARM_GCC_493\Debug/Clock_QD.lst -g -ffunction-sections -O0 -ffat-lto-objects -c Generated_Source\PSoC5\Clock_QD.c -o .\ARM_GCC_493\Debug\Clock_QD.o
arm-none-eabi-gcc.exe -mcpu=cortex-m3 -mthumb -I. -IGenerated_Source\PSoC5 -Wa,-alh=.\ARM_GCC_493\Debug/QD.lst -g -ffunction-sections -O0 -ffat-lto-objects -c Generated_Source\PSoC5\QD.c -o .\ARM_GCC_493\Debug\QD.o
arm-none-eabi-gcc.exe -mcpu=cortex-m3 -mthumb -I. -IGenerated_Source\PSoC5 -Wa,-alh=.\ARM_GCC_493\Debug/QD_PM.lst -g -ffunction-sections -O0 -ffat-lto-objects -c Generated_Source\PSoC5\QD_PM.c -o .\ARM_GCC_493\Debug\QD_PM.o
arm-none-eabi-gcc.exe -mcpu=cortex-m3 -mthumb -I. -IGenerated_Source\PSoC5 -Wa,-alh=.\ARM_GCC_493\Debug/isr_QD.lst -g -ffunction-sections -O0 -ffat-lto-objects -c Generated_Source\PSoC5\isr_QD.c -o .\ARM_GCC_493\Debug\isr_QD.o
arm-none-eabi-gcc.exe -mcpu=cortex-m3 -mthumb -I. -IGenerated_Source\PSoC5 -Wa,-alh=.\ARM_GCC_493\Debug/QD_Cnt16.lst -g -ffunction-sections -O0 -ffat-lto-objects -c Generated_Source\PSoC5\QD_Cnt16.c -o .\ARM_GCC_493\Debug\QD_Cnt16.o
arm-none-eabi-gcc.exe -mcpu=cortex-m3 -mthumb -I. -IGenerated_Source\PSoC5 -Wa,-alh=.\ARM_GCC_493\Debug/QD_Cnt16_PM.lst -g -ffunction-sections -O0 -ffat-lto-objects -c Generated_Source\PSoC5\QD_Cnt16_PM.c -o .\ARM_GCC_493\Debug\QD_Cnt16_PM.o
arm-none-eabi-gcc.exe -mcpu=cortex-m3 -mthumb -I. -IGenerated_Source\PSoC5 -Wa,-alh=.\ARM_GCC_493\Debug/Cm3Start.lst -g -ffunction-sections -O0 -ffat-lto-objects -c Generated_Source\PSoC5\Cm3Start.c -o .\ARM_GCC_493\Debug\Cm3Start.o
arm-none-eabi-gcc.exe -mcpu=cortex-m3 -mthumb -I. -IGenerated_Source\PSoC5 -Wa,-alh=.\ARM_GCC_493\Debug/CyDmac.lst -g -ffunction-sections -O0 -ffat-lto-objects -c Generated_Source\PSoC5\CyDmac.c -o .\ARM_GCC_493\Debug\CyDmac.o
arm-none-eabi-gcc.exe -mcpu=cortex-m3 -mthumb -I. -IGenerated_Source\PSoC5 -Wa,-alh=.\ARM_GCC_493\Debug/CyFlash.lst -g -ffunction-sections -O0 -ffat-lto-objects -c Generated_Source\PSoC5\CyFlash.c -o .\ARM_GCC_493\Debug\CyFlash.o
arm-none-eabi-gcc.exe -mcpu=cortex-m3 -mthumb -I. -IGenerated_Source\PSoC5 -Wa,-alh=.\ARM_GCC_493\Debug/CyLib.lst -g -ffunction-sections -O0 -ffat-lto-objects -c Generated_Source\PSoC5\CyLib.c -o .\ARM_GCC_493\Debug\CyLib.o
arm-none-eabi-gcc.exe -mcpu=cortex-m3 -mthumb -I. -IGenerated_Source\PSoC5 -Wa,-alh=.\ARM_GCC_493\Debug/cyPm.lst -g -ffunction-sections -O0 -ffat-lto-objects -c Generated_Source\PSoC5\cyPm.c -o .\ARM_GCC_493\Debug\cyPm.o
arm-none-eabi-gcc.exe -mcpu=cortex-m3 -mthumb -I. -IGenerated_Source\PSoC5 -Wa,-alh=.\ARM_GCC_493\Debug/CySpc.lst -g -ffunction-sections -O0 -ffat-lto-objects -c Generated_Source\PSoC5\CySpc.c -o .\ARM_GCC_493\Debug\CySpc.o
arm-none-eabi-gcc.exe -mcpu=cortex-m3 -mthumb -I. -IGenerated_Source\PSoC5 -Wa,-alh=.\ARM_GCC_493\Debug/cyutils.lst -g -ffunction-sections -O0 -ffat-lto-objects -c Generated_Source\PSoC5\cyutils.c -o .\ARM_GCC_493\Debug\cyutils.o
arm-none-eabi-gcc.exe -mcpu=cortex-m3 -mthumb -I. -IGenerated_Source\PSoC5 -Wa,-alh=.\ARM_GCC_493\Debug/Encoder_A.lst -g -ffunction-sections -O0 -ffat-lto-objects -c Generated_Source\PSoC5\Encoder_A.c -o .\ARM_GCC_493\Debug\Encoder_A.o
arm-none-eabi-gcc.exe -mcpu=cortex-m3 -mthumb -I. -IGenerated_Source\PSoC5 -Wa,-alh=.\ARM_GCC_493\Debug/Encoder_B.lst -g -ffunction-sections -O0 -ffat-lto-objects -c Generated_Source\PSoC5\Encoder_B.c -o .\ARM_GCC_493\Debug\Encoder_B.o
arm-none-eabi-gcc.exe -mcpu=cortex-m3 -mthumb -I. -IGenerated_Source\PSoC5 -Wa,-alh=.\ARM_GCC_493\Debug/WaveDAC8_1.lst -g -ffunction-sections -O0 -ffat-lto-objects -c Generated_Source\PSoC5\WaveDAC8_1.c -o .\ARM_GCC_493\Debug\WaveDAC8_1.o
arm-none-eabi-gcc.exe -mcpu=cortex-m3 -mthumb -I. -IGenerated_Source\PSoC5 -Wa,-alh=.\ARM_GCC_493\Debug/WaveDAC8_1_PM.lst -g -ffunction-sections -O0 -ffat-lto-objects -c Generated_Source\PSoC5\WaveDAC8_1_PM.c -o .\ARM_GCC_493\Debug\WaveDAC8_1_PM.o
arm-none-eabi-gcc.exe -mcpu=cortex-m3 -mthumb -I. -IGenerated_Source\PSoC5 -Wa,-alh=.\ARM_GCC_493\Debug/Button1.lst -g -ffunction-sections -O0 -ffat-lto-objects -c Generated_Source\PSoC5\Button1.c -o .\ARM_GCC_493\Debug\Button1.o
arm-none-eabi-gcc.exe -mcpu=cortex-m3 -mthumb -I. -IGenerated_Source\PSoC5 -Wa,-alh=.\ARM_GCC_493\Debug/Button2.lst -g -ffunction-sections -O0 -ffat-lto-objects -c Generated_Source\PSoC5\Button2.c -o .\ARM_GCC_493\Debug\Button2.o
arm-none-eabi-gcc.exe -mcpu=cortex-m3 -mthumb -I. -IGenerated_Source\PSoC5 -Wa,-alh=.\ARM_GCC_493\Debug/Button3.lst -g -ffunction-sections -O0 -ffat-lto-objects -c Generated_Source\PSoC5\Button3.c -o .\ARM_GCC_493\Debug\Button3.o
arm-none-eabi-gcc.exe -mcpu=cortex-m3 -mthumb -I. -IGenerated_Source\PSoC5 -Wa,-alh=.\ARM_GCC_493\Debug/WaveDAC8_1_Wave1_DMA_dma.lst -g -ffunction-sections -O0 -ffat-lto-objects -c Generated_Source\PSoC5\WaveDAC8_1_Wave1_DMA_dma.c -o .\ARM_GCC_493\Debug\WaveDAC8_1_Wave1_DMA_dma.o
arm-none-eabi-gcc.exe -mcpu=cortex-m3 -mthumb -I. -IGenerated_Source\PSoC5 -Wa,-alh=.\ARM_GCC_493\Debug/WaveDAC8_1_Wave2_DMA_dma.lst -g -ffunction-sections -O0 -ffat-lto-objects -c Generated_Source\PSoC5\WaveDAC8_1_Wave2_DMA_dma.c -o .\ARM_GCC_493\Debug\WaveDAC8_1_Wave2_DMA_dma.o
arm-none-eabi-gcc.exe -mcpu=cortex-m3 -mthumb -I. -IGenerated_Source\PSoC5 -Wa,-alh=.\ARM_GCC_493\Debug/WaveDAC8_1_VDAC8.lst -g -ffunction-sections -O0 -ffat-lto-objects -c Generated_Source\PSoC5\WaveDAC8_1_VDAC8.c -o .\ARM_GCC_493\Debug\WaveDAC8_1_VDAC8.o
arm-none-eabi-gcc.exe -mcpu=cortex-m3 -mthumb -I. -IGenerated_Source\PSoC5 -Wa,-alh=.\ARM_GCC_493\Debug/WaveDAC8_1_VDAC8_PM.lst -g -ffunction-sections -O0 -ffat-lto-objects -c Generated_Source\PSoC5\WaveDAC8_1_VDAC8_PM.c -o .\ARM_GCC_493\Debug\WaveDAC8_1_VDAC8_PM.o
arm-none-eabi-gcc.exe -mcpu=cortex-m3 -mthumb -I. -IGenerated_Source\PSoC5 -Wa,-alh=.\ARM_GCC_493\Debug/Clock_QD_1.lst -g -ffunction-sections -O0 -ffat-lto-objects -c Generated_Source\PSoC5\Clock_QD_1.c -o .\ARM_GCC_493\Debug\Clock_QD_1.o
arm-none-eabi-gcc.exe -mcpu=cortex-m3 -mthumb -I. -IGenerated_Source\PSoC5 -Wa,-alh=.\ARM_GCC_493\Debug/SW_CLK.lst -g -ffunction-sections -O0 -ffat-lto-objects -c Generated_Source\PSoC5\SW_CLK.c -o .\ARM_GCC_493\Debug\SW_CLK.o
arm-none-eabi-gcc.exe -mcpu=cortex-m3 -mthumb -I. -IGenerated_Source\PSoC5 -Wa,-alh=.\ARM_GCC_493\Debug/Push.lst -g -ffunction-sections -O0 -ffat-lto-objects -c Generated_Source\PSoC5\Push.c -o .\ARM_GCC_493\Debug\Push.o
arm-none-eabi-gcc.exe -mcpu=cortex-m3 -mthumb -I. -IGenerated_Source\PSoC5 -Wa,-alh=.\ARM_GCC_493\Debug/SDA_1.lst -g -ffunction-sections -O0 -ffat-lto-objects -c Generated_Source\PSoC5\SDA_1.c -o .\ARM_GCC_493\Debug\SDA_1.o
arm-none-eabi-gcc.exe -mcpu=cortex-m3 -mthumb -I. -IGenerated_Source\PSoC5 -Wa,-alh=.\ARM_GCC_493\Debug/SCL_1.lst -g -ffunction-sections -O0 -ffat-lto-objects -c Generated_Source\PSoC5\SCL_1.c -o .\ARM_GCC_493\Debug\SCL_1.o
arm-none-eabi-gcc.exe -mcpu=cortex-m3 -mthumb -I. -IGenerated_Source\PSoC5 -Wa,-alh=.\ARM_GCC_493\Debug/WaveDAC8_1_BuffAmp.lst -g -ffunction-sections -O0 -ffat-lto-objects -c Generated_Source\PSoC5\WaveDAC8_1_BuffAmp.c -o .\ARM_GCC_493\Debug\WaveDAC8_1_BuffAmp.o
arm-none-eabi-gcc.exe -mcpu=cortex-m3 -mthumb -I. -IGenerated_Source\PSoC5 -Wa,-alh=.\ARM_GCC_493\Debug/WaveDAC8_1_BuffAmp_PM.lst -g -ffunction-sections -O0 -ffat-lto-objects -c Generated_Source\PSoC5\WaveDAC8_1_BuffAmp_PM.c -o .\ARM_GCC_493\Debug\WaveDAC8_1_BuffAmp_PM.o
arm-none-eabi-gcc.exe -mcpu=cortex-m3 -mthumb -I. -IGenerated_Source\PSoC5 -Wa,-alh=.\ARM_GCC_493\Debug/DieTemp.lst -g -ffunction-sections -O0 -ffat-lto-objects -c Generated_Source\PSoC5\DieTemp.c -o .\ARM_GCC_493\Debug\DieTemp.o
arm-none-eabi-gcc.exe -mcpu=cortex-m3 -mthumb -I. -IGenerated_Source\PSoC5 -Wa,-alh=.\ARM_GCC_493\Debug/Button1_Reg.lst -g -ffunction-sections -O0 -ffat-lto-objects -c Generated_Source\PSoC5\Button1_Reg.c -o .\ARM_GCC_493\Debug\Button1_Reg.o
arm-none-eabi-gcc.exe -mcpu=cortex-m3 -mthumb -I. -IGenerated_Source\PSoC5 -Wa,-alh=.\ARM_GCC_493\Debug/Button2_Reg.lst -g -ffunction-sections -O0 -ffat-lto-objects -c Generated_Source\PSoC5\Button2_Reg.c -o .\ARM_GCC_493\Debug\Button2_Reg.o
arm-none-eabi-gcc.exe -mcpu=cortex-m3 -mthumb -I. -IGenerated_Source\PSoC5 -Wa,-alh=.\ARM_GCC_493\Debug/Button3_Reg.lst -g -ffunction-sections -O0 -ffat-lto-objects -c Generated_Source\PSoC5\Button3_Reg.c -o .\ARM_GCC_493\Debug\Button3_Reg.o
arm-none-eabi-gcc.exe -mcpu=cortex-m3 -mthumb -I. -IGenerated_Source\PSoC5 -Wa,-alh=.\ARM_GCC_493\Debug/Button4_Reg.lst -g -ffunction-sections -O0 -ffat-lto-objects -c Generated_Source\PSoC5\Button4_Reg.c -o .\ARM_GCC_493\Debug\Button4_Reg.o
arm-none-eabi-gcc.exe -mcpu=cortex-m3 -mthumb -I. -IGenerated_Source\PSoC5 -Wa,-alh=.\ARM_GCC_493\Debug/Push_Reg.lst -g -ffunction-sections -O0 -ffat-lto-objects -c Generated_Source\PSoC5\Push_Reg.c -o .\ARM_GCC_493\Debug\Push_Reg.o
arm-none-eabi-gcc.exe -mcpu=cortex-m3 -mthumb -I. -IGenerated_Source\PSoC5 -Wa,-alh=.\ARM_GCC_493\Debug/ADC_SAR_1.lst -g -ffunction-sections -O0 -ffat-lto-objects -c Generated_Source\PSoC5\ADC_SAR_1.c -o .\ARM_GCC_493\Debug\ADC_SAR_1.o
arm-none-eabi-gcc.exe -mcpu=cortex-m3 -mthumb -I. -IGenerated_Source\PSoC5 -Wa,-alh=.\ARM_GCC_493\Debug/ADC_SAR_1_INT.lst -g -ffunction-sections -O0 -ffat-lto-objects -c Generated_Source\PSoC5\ADC_SAR_1_INT.c -o .\ARM_GCC_493\Debug\ADC_SAR_1_INT.o
arm-none-eabi-gcc.exe -mcpu=cortex-m3 -mthumb -I. -IGenerated_Source\PSoC5 -Wa,-alh=.\ARM_GCC_493\Debug/ADC_SAR_1_PM.lst -g -ffunction-sections -O0 -ffat-lto-objects -c Generated_Source\PSoC5\ADC_SAR_1_PM.c -o .\ARM_GCC_493\Debug\ADC_SAR_1_PM.o
arm-none-eabi-gcc.exe -mcpu=cortex-m3 -mthumb -I. -IGenerated_Source\PSoC5 -Wa,-alh=.\ARM_GCC_493\Debug/ADC_SAR_1_IRQ.lst -g -ffunction-sections -O0 -ffat-lto-objects -c Generated_Source\PSoC5\ADC_SAR_1_IRQ.c -o .\ARM_GCC_493\Debug\ADC_SAR_1_IRQ.o
arm-none-eabi-gcc.exe -mcpu=cortex-m3 -mthumb -I. -IGenerated_Source\PSoC5 -Wa,-alh=.\ARM_GCC_493\Debug/ADC_SAR_2.lst -g -ffunction-sections -O0 -ffat-lto-objects -c Generated_Source\PSoC5\ADC_SAR_2.c -o .\ARM_GCC_493\Debug\ADC_SAR_2.o
arm-none-eabi-gcc.exe -mcpu=cortex-m3 -mthumb -I. -IGenerated_Source\PSoC5 -Wa,-alh=.\ARM_GCC_493\Debug/ADC_SAR_2_INT.lst -g -ffunction-sections -O0 -ffat-lto-objects -c Generated_Source\PSoC5\ADC_SAR_2_INT.c -o .\ARM_GCC_493\Debug\ADC_SAR_2_INT.o
arm-none-eabi-gcc.exe -mcpu=cortex-m3 -mthumb -I. -IGenerated_Source\PSoC5 -Wa,-alh=.\ARM_GCC_493\Debug/ADC_SAR_2_PM.lst -g -ffunction-sections -O0 -ffat-lto-objects -c Generated_Source\PSoC5\ADC_SAR_2_PM.c -o .\ARM_GCC_493\Debug\ADC_SAR_2_PM.o
arm-none-eabi-gcc.exe -mcpu=cortex-m3 -mthumb -I. -IGenerated_Source\PSoC5 -Wa,-alh=.\ARM_GCC_493\Debug/ADC_SAR_2_IRQ.lst -g -ffunction-sections -O0 -ffat-lto-objects -c Generated_Source\PSoC5\ADC_SAR_2_IRQ.c -o .\ARM_GCC_493\Debug\ADC_SAR_2_IRQ.o
arm-none-eabi-gcc.exe -mcpu=cortex-m3 -mthumb -I. -IGenerated_Source\PSoC5 -Wa,-alh=.\ARM_GCC_493\Debug/I2C.lst -g -ffunction-sections -O0 -ffat-lto-objects -c Generated_Source\PSoC5\I2C.c -o .\ARM_GCC_493\Debug\I2C.o
arm-none-eabi-gcc.exe -mcpu=cortex-m3 -mthumb -I. -IGenerated_Source\PSoC5 -Wa,-alh=.\ARM_GCC_493\Debug/I2C_BOOT.lst -g -ffunction-sections -O0 -ffat-lto-objects -c Generated_Source\PSoC5\I2C_BOOT.c -o .\ARM_GCC_493\Debug\I2C_BOOT.o
arm-none-eabi-gcc.exe -mcpu=cortex-m3 -mthumb -I. -IGenerated_Source\PSoC5 -Wa,-alh=.\ARM_GCC_493\Debug/I2C_INT.lst -g -ffunction-sections -O0 -ffat-lto-objects -c Generated_Source\PSoC5\I2C_INT.c -o .\ARM_GCC_493\Debug\I2C_INT.o
arm-none-eabi-gcc.exe -mcpu=cortex-m3 -mthumb -I. -IGenerated_Source\PSoC5 -Wa,-alh=.\ARM_GCC_493\Debug/I2C_PM.lst -g -ffunction-sections -O0 -ffat-lto-objects -c Generated_Source\PSoC5\I2C_PM.c -o .\ARM_GCC_493\Debug\I2C_PM.o
arm-none-eabi-gcc.exe -mcpu=cortex-m3 -mthumb -I. -IGenerated_Source\PSoC5 -Wa,-alh=.\ARM_GCC_493\Debug/I2C_SLAVE.lst -g -ffunction-sections -O0 -ffat-lto-objects -c Generated_Source\PSoC5\I2C_SLAVE.c -o .\ARM_GCC_493\Debug\I2C_SLAVE.o
arm-none-eabi-gcc.exe -mcpu=cortex-m3 -mthumb -I. -IGenerated_Source\PSoC5 -Wa,-alh=.\ARM_GCC_493\Debug/I2C_MASTER.lst -g -ffunction-sections -O0 -ffat-lto-objects -c Generated_Source\PSoC5\I2C_MASTER.c -o .\ARM_GCC_493\Debug\I2C_MASTER.o
arm-none-eabi-gcc.exe -mcpu=cortex-m3 -mthumb -I. -IGenerated_Source\PSoC5 -Wa,-alh=.\ARM_GCC_493\Debug/Pin_Voltage.lst -g -ffunction-sections -O0 -ffat-lto-objects -c Generated_Source\PSoC5\Pin_Voltage.c -o .\ARM_GCC_493\Debug\Pin_Voltage.o
arm-none-eabi-gcc.exe -mcpu=cortex-m3 -mthumb -I. -IGenerated_Source\PSoC5 -Wa,-alh=.\ARM_GCC_493\Debug/Pin_Current.lst -g -ffunction-sections -O0 -ffat-lto-objects -c Generated_Source\PSoC5\Pin_Current.c -o .\ARM_GCC_493\Debug\Pin_Current.o
arm-none-eabi-gcc.exe -mcpu=cortex-m3 -mthumb -I. -IGenerated_Source\PSoC5 -Wa,-alh=.\ARM_GCC_493\Debug/Pin_Drive.lst -g -ffunction-sections -O0 -ffat-lto-objects -c Generated_Source\PSoC5\Pin_Drive.c -o .\ARM_GCC_493\Debug\Pin_Drive.o
arm-none-eabi-gcc.exe -mcpu=cortex-m3 -mthumb -I. -IGenerated_Source\PSoC5 -Wa,-alh=.\ARM_GCC_493\Debug/Wave_Reg.lst -g -ffunction-sections -O0 -ffat-lto-objects -c Generated_Source\PSoC5\Wave_Reg.c -o .\ARM_GCC_493\Debug\Wave_Reg.o
arm-none-eabi-gcc.exe -mcpu=cortex-m3 -mthumb -I. -IGenerated_Source\PSoC5 -Wa,-alh=.\ARM_GCC_493\Debug/Wave_Reg_PM.lst -g -ffunction-sections -O0 -ffat-lto-objects -c Generated_Source\PSoC5\Wave_Reg_PM.c -o .\ARM_GCC_493\Debug\Wave_Reg_PM.o
arm-none-eabi-gcc.exe -mcpu=cortex-m3 -mthumb -I. -IGenerated_Source\PSoC5 -Wa,-alh=.\ARM_GCC_493\Debug/Clock_QD_2.lst -g -ffunction-sections -O0 -ffat-lto-objects -c Generated_Source\PSoC5\Clock_QD_2.c -o .\ARM_GCC_493\Debug\Clock_QD_2.o
arm-none-eabi-gcc.exe -mcpu=cortex-m3 -mthumb -I. -IGenerated_Source\PSoC5 -Wa,-alh=.\ARM_GCC_493\Debug/PWM_Buzz.lst -g -ffunction-sections -O0 -ffat-lto-objects -c Generated_Source\PSoC5\PWM_Buzz.c -o .\ARM_GCC_493\Debug\PWM_Buzz.o
arm-none-eabi-gcc.exe -mcpu=cortex-m3 -mthumb -I. -IGenerated_Source\PSoC5 -Wa,-alh=.\ARM_GCC_493\Debug/PWM_Buzz_PM.lst -g -ffunction-sections -O0 -ffat-lto-objects -c Generated_Source\PSoC5\PWM_Buzz_PM.c -o .\ARM_GCC_493\Debug\PWM_Buzz_PM.o
arm-none-eabi-gcc.exe -mcpu=cortex-m3 -mthumb -I. -IGenerated_Source\PSoC5 -Wa,-alh=.\ARM_GCC_493\Debug/SPIM.lst -g -ffunction-sections -O0 -ffat-lto-objects -c Generated_Source\PSoC5\SPIM.c -o .\ARM_GCC_493\Debug\SPIM.o
arm-none-eabi-gcc.exe -mcpu=cortex-m3 -mthumb -I. -IGenerated_Source\PSoC5 -Wa,-alh=.\ARM_GCC_493\Debug/SPIM_PM.lst -g -ffunction-sections -O0 -ffat-lto-objects -c Generated_Source\PSoC5\SPIM_PM.c -o .\ARM_GCC_493\Debug\SPIM_PM.o
arm-none-eabi-gcc.exe -mcpu=cortex-m3 -mthumb -I. -IGenerated_Source\PSoC5 -Wa,-alh=.\ARM_GCC_493\Debug/SPIM_INT.lst -g -ffunction-sections -O0 -ffat-lto-objects -c Generated_Source\PSoC5\SPIM_INT.c -o .\ARM_GCC_493\Debug\SPIM_INT.o
arm-none-eabi-gcc.exe -mcpu=cortex-m3 -mthumb -I. -IGenerated_Source\PSoC5 -Wa,-alh=.\ARM_GCC_493\Debug/MISO.lst -g -ffunction-sections -O0 -ffat-lto-objects -c Generated_Source\PSoC5\MISO.c -o .\ARM_GCC_493\Debug\MISO.o
arm-none-eabi-gcc.exe -mcpu=cortex-m3 -mthumb -I. -IGenerated_Source\PSoC5 -Wa,-alh=.\ARM_GCC_493\Debug/Clock_QD_3.lst -g -ffunction-sections -O0 -ffat-lto-objects -c Generated_Source\PSoC5\Clock_QD_3.c -o .\ARM_GCC_493\Debug\Clock_QD_3.o
arm-none-eabi-gcc.exe -mcpu=cortex-m3 -mthumb -I. -IGenerated_Source\PSoC5 -Wa,-alh=.\ARM_GCC_493\Debug/SPIM_IntClock.lst -g -ffunction-sections -O0 -ffat-lto-objects -c Generated_Source\PSoC5\SPIM_IntClock.c -o .\ARM_GCC_493\Debug\SPIM_IntClock.o
arm-none-eabi-gcc.exe -mcpu=cortex-m3 -mthumb -I. -IGenerated_Source\PSoC5 -Wa,-alh=.\ARM_GCC_493\Debug/LCD_MOSI.lst -g -ffunction-sections -O0 -ffat-lto-objects -c Generated_Source\PSoC5\LCD_MOSI.c -o .\ARM_GCC_493\Debug\LCD_MOSI.o
arm-none-eabi-gcc.exe -mcpu=cortex-m3 -mthumb -I. -IGenerated_Source\PSoC5 -Wa,-alh=.\ARM_GCC_493\Debug/LCD_SCLK.lst -g -ffunction-sections -O0 -ffat-lto-objects -c Generated_Source\PSoC5\LCD_SCLK.c -o .\ARM_GCC_493\Debug\LCD_SCLK.o
arm-none-eabi-gcc.exe -mcpu=cortex-m3 -mthumb -I. -IGenerated_Source\PSoC5 -Wa,-alh=.\ARM_GCC_493\Debug/LCD_SS.lst -g -ffunction-sections -O0 -ffat-lto-objects -c Generated_Source\PSoC5\LCD_SS.c -o .\ARM_GCC_493\Debug\LCD_SS.o
arm-none-eabi-gcc.exe -mcpu=cortex-m3 -mthumb -I. -IGenerated_Source\PSoC5 -Wa,-alh=.\ARM_GCC_493\Debug/LCD_RESET.lst -g -ffunction-sections -O0 -ffat-lto-objects -c Generated_Source\PSoC5\LCD_RESET.c -o .\ARM_GCC_493\Debug\LCD_RESET.o
arm-none-eabi-gcc.exe -mcpu=cortex-m3 -mthumb -I. -IGenerated_Source\PSoC5 -Wa,-alh=.\ARM_GCC_493\Debug/LCD_A0.lst -g -ffunction-sections -O0 -ffat-lto-objects -c Generated_Source\PSoC5\LCD_A0.c -o .\ARM_GCC_493\Debug\LCD_A0.o
arm-none-eabi-gcc.exe -mcpu=cortex-m3 -mthumb -I. -IGenerated_Source\PSoC5 -Wa,-alh=.\ARM_GCC_493\Debug/LCD_CS.lst -g -ffunction-sections -O0 -ffat-lto-objects -c Generated_Source\PSoC5\LCD_CS.c -o .\ARM_GCC_493\Debug\LCD_CS.o
arm-none-eabi-gcc.exe -mcpu=cortex-m3 -mthumb -I. -IGenerated_Source\PSoC5 -Wa,-alh=.\ARM_GCC_493\Debug/PWM_BACKLIGHT.lst -g -ffunction-sections -O0 -ffat-lto-objects -c Generated_Source\PSoC5\PWM_BACKLIGHT.c -o .\ARM_GCC_493\Debug\PWM_BACKLIGHT.o
arm-none-eabi-gcc.exe -mcpu=cortex-m3 -mthumb -I. -IGenerated_Source\PSoC5 -Wa,-alh=.\ARM_GCC_493\Debug/PWM_BUZZER.lst -g -ffunction-sections -O0 -ffat-lto-objects -c Generated_Source\PSoC5\PWM_BUZZER.c -o .\ARM_GCC_493\Debug\PWM_BUZZER.o
arm-none-eabi-gcc.exe -mcpu=cortex-m3 -mthumb -I. -IGenerated_Source\PSoC5 -Wa,-alh=.\ARM_GCC_493\Debug/Button4.lst -g -ffunction-sections -O0 -ffat-lto-objects -c Generated_Source\PSoC5\Button4.c -o .\ARM_GCC_493\Debug\Button4.o
arm-none-eabi-gcc.exe -mcpu=cortex-m3 -mthumb -I. -IGenerated_Source\PSoC5 -Wa,-alh=.\ARM_GCC_493\Debug/Button5.lst -g -ffunction-sections -O0 -ffat-lto-objects -c Generated_Source\PSoC5\Button5.c -o .\ARM_GCC_493\Debug\Button5.o
arm-none-eabi-gcc.exe -mcpu=cortex-m3 -mthumb -I. -IGenerated_Source\PSoC5 -Wa,-alh=.\ARM_GCC_493\Debug/Button6.lst -g -ffunction-sections -O0 -ffat-lto-objects -c Generated_Source\PSoC5\Button6.c -o .\ARM_GCC_493\Debug\Button6.o
arm-none-eabi-gcc.exe -mcpu=cortex-m3 -mthumb -I. -IGenerated_Source\PSoC5 -Wa,-alh=.\ARM_GCC_493\Debug/PWM_Back.lst -g -ffunction-sections -O0 -ffat-lto-objects -c Generated_Source\PSoC5\PWM_Back.c -o .\ARM_GCC_493\Debug\PWM_Back.o
arm-none-eabi-gcc.exe -mcpu=cortex-m3 -mthumb -I. -IGenerated_Source\PSoC5 -Wa,-alh=.\ARM_GCC_493\Debug/PWM_Back_PM.lst -g -ffunction-sections -O0 -ffat-lto-objects -c Generated_Source\PSoC5\PWM_Back_PM.c -o .\ARM_GCC_493\Debug\PWM_Back_PM.o
arm-none-eabi-gcc.exe -mcpu=cortex-m3 -mthumb -I. -IGenerated_Source\PSoC5 -Wa,-alh=.\ARM_GCC_493\Debug/ResistiveTouch_1.lst -g -ffunction-sections -O0 -ffat-lto-objects -c Generated_Source\PSoC5\ResistiveTouch_1.c -o .\ARM_GCC_493\Debug\ResistiveTouch_1.o
arm-none-eabi-gcc.exe -mcpu=cortex-m3 -mthumb -I. -IGenerated_Source\PSoC5 -Wa,-alh=.\ARM_GCC_493\Debug/ResistiveTouch_1_PM.lst -g -ffunction-sections -O0 -ffat-lto-objects -c Generated_Source\PSoC5\ResistiveTouch_1_PM.c -o .\ARM_GCC_493\Debug\ResistiveTouch_1_PM.o
arm-none-eabi-gcc.exe -mcpu=cortex-m3 -mthumb -I. -IGenerated_Source\PSoC5 -Wa,-alh=.\ARM_GCC_493\Debug/ResistiveTouch_1_AMux.lst -g -ffunction-sections -O0 -ffat-lto-objects -c Generated_Source\PSoC5\ResistiveTouch_1_AMux.c -o .\ARM_GCC_493\Debug\ResistiveTouch_1_AMux.o
arm-none-eabi-gcc.exe -mcpu=cortex-m3 -mthumb -I. -IGenerated_Source\PSoC5 -Wa,-alh=.\ARM_GCC_493\Debug/ResistiveTouch_1_xm.lst -g -ffunction-sections -O0 -ffat-lto-objects -c Generated_Source\PSoC5\ResistiveTouch_1_xm.c -o .\ARM_GCC_493\Debug\ResistiveTouch_1_xm.o
arm-none-eabi-gcc.exe -mcpu=cortex-m3 -mthumb -I. -IGenerated_Source\PSoC5 -Wa,-alh=.\ARM_GCC_493\Debug/ResistiveTouch_1_xp.lst -g -ffunction-sections -O0 -ffat-lto-objects -c Generated_Source\PSoC5\ResistiveTouch_1_xp.c -o .\ARM_GCC_493\Debug\ResistiveTouch_1_xp.o
arm-none-eabi-gcc.exe -mcpu=cortex-m3 -mthumb -I. -IGenerated_Source\PSoC5 -Wa,-alh=.\ARM_GCC_493\Debug/ResistiveTouch_1_ym.lst -g -ffunction-sections -O0 -ffat-lto-objects -c Generated_Source\PSoC5\ResistiveTouch_1_ym.c -o .\ARM_GCC_493\Debug\ResistiveTouch_1_ym.o
arm-none-eabi-gcc.exe -mcpu=cortex-m3 -mthumb -I. -IGenerated_Source\PSoC5 -Wa,-alh=.\ARM_GCC_493\Debug/ResistiveTouch_1_yp.lst -g -ffunction-sections -O0 -ffat-lto-objects -c Generated_Source\PSoC5\ResistiveTouch_1_yp.c -o .\ARM_GCC_493\Debug\ResistiveTouch_1_yp.o
arm-none-eabi-gcc.exe -mcpu=cortex-m3 -mthumb -I. -IGenerated_Source\PSoC5 -Wa,-alh=.\ARM_GCC_493\Debug/ResistiveTouch_1_ADC.lst -g -ffunction-sections -O0 -ffat-lto-objects -c Generated_Source\PSoC5\ResistiveTouch_1_ADC.c -o .\ARM_GCC_493\Debug\ResistiveTouch_1_ADC.o
arm-none-eabi-gcc.exe -mcpu=cortex-m3 -mthumb -I. -IGenerated_Source\PSoC5 -Wa,-alh=.\ARM_GCC_493\Debug/ResistiveTouch_1_ADC_PM.lst -g -ffunction-sections -O0 -ffat-lto-objects -c Generated_Source\PSoC5\ResistiveTouch_1_ADC_PM.c -o .\ARM_GCC_493\Debug\ResistiveTouch_1_ADC_PM.o
arm-none-eabi-gcc.exe -mcpu=cortex-m3 -mthumb -I. -IGenerated_Source\PSoC5 -Wa,-alh=.\ARM_GCC_493\Debug/ResistiveTouch_1_ADC_INT.lst -g -ffunction-sections -O0 -ffat-lto-objects -c Generated_Source\PSoC5\ResistiveTouch_1_ADC_INT.c -o .\ARM_GCC_493\Debug\ResistiveTouch_1_ADC_INT.o
arm-none-eabi-gcc.exe -mcpu=cortex-m3 -mthumb -I. -IGenerated_Source\PSoC5 -Wa,-alh=.\ARM_GCC_493\Debug/ResistiveTouch_1_ADC_AMux.lst -g -ffunction-sections -O0 -ffat-lto-objects -c Generated_Source\PSoC5\ResistiveTouch_1_ADC_AMux.c -o .\ARM_GCC_493\Debug\ResistiveTouch_1_ADC_AMux.o
arm-none-eabi-gcc.exe -mcpu=cortex-m3 -mthumb -I. -IGenerated_Source\PSoC5 -Wa,-alh=.\ARM_GCC_493\Debug/ResistiveTouch_1_ADC_Ext_CP_Clk.lst -g -ffunction-sections -O0 -ffat-lto-objects -c Generated_Source\PSoC5\ResistiveTouch_1_ADC_Ext_CP_Clk.c -o .\ARM_GCC_493\Debug\ResistiveTouch_1_ADC_Ext_CP_Clk.o
arm-none-eabi-gcc.exe -mcpu=cortex-m3 -mthumb -I. -IGenerated_Source\PSoC5 -Wa,-alh=.\ARM_GCC_493\Debug/ResistiveTouch_1_ADC_IRQ.lst -g -ffunction-sections -O0 -ffat-lto-objects -c Generated_Source\PSoC5\ResistiveTouch_1_ADC_IRQ.c -o .\ARM_GCC_493\Debug\ResistiveTouch_1_ADC_IRQ.o
arm-none-eabi-gcc.exe -mcpu=cortex-m3 -mthumb -I. -IGenerated_Source\PSoC5 -Wa,-alh=.\ARM_GCC_493\Debug/ResistiveTouch_1_ADC_theACLK.lst -g -ffunction-sections -O0 -ffat-lto-objects -c Generated_Source\PSoC5\ResistiveTouch_1_ADC_theACLK.c -o .\ARM_GCC_493\Debug\ResistiveTouch_1_ADC_theACLK.o
arm-none-eabi-gcc.exe -mcpu=cortex-m3 -mthumb -I. -IGenerated_Source\PSoC5 -Wa,-alh=.\ARM_GCC_493\Debug/Button5_Reg.lst -g -ffunction-sections -O0 -ffat-lto-objects -c Generated_Source\PSoC5\Button5_Reg.c -o .\ARM_GCC_493\Debug\Button5_Reg.o
arm-none-eabi-gcc.exe -mcpu=cortex-m3 -mthumb -I. -IGenerated_Source\PSoC5 -Wa,-alh=.\ARM_GCC_493\Debug/Button6_Reg.lst -g -ffunction-sections -O0 -ffat-lto-objects -c Generated_Source\PSoC5\Button6_Reg.c -o .\ARM_GCC_493\Debug\Button6_Reg.o
arm-none-eabi-gcc.exe -mcpu=cortex-m3 -mthumb -I. -IGenerated_Source\PSoC5 -Wa,-alh=.\ARM_GCC_493\Debug/RELAY.lst -g -ffunction-sections -O0 -ffat-lto-objects -c Generated_Source\PSoC5\RELAY.c -o .\ARM_GCC_493\Debug\RELAY.o
arm-none-eabi-gcc.exe -mcpu=cortex-m3 -mthumb -I. -IGenerated_Source\PSoC5 -Wa,-alh=.\ARM_GCC_493\Debug/LEM_A.lst -g -ffunction-sections -O0 -ffat-lto-objects -c Generated_Source\PSoC5\LEM_A.c -o .\ARM_GCC_493\Debug\LEM_A.o
arm-none-eabi-gcc.exe -mcpu=cortex-m3 -mthumb -I. -IGenerated_Source\PSoC5 -Wa,-alh=.\ARM_GCC_493\Debug/LEM_B.lst -g -ffunction-sections -O0 -ffat-lto-objects -c Generated_Source\PSoC5\LEM_B.c -o .\ARM_GCC_493\Debug\LEM_B.o
arm-none-eabi-gcc.exe -mcpu=cortex-m3 -mthumb -I. -IGenerated_Source\PSoC5 -Wa,-alh=.\ARM_GCC_493\Debug/REV_POLARITY.lst -g -ffunction-sections -O0 -ffat-lto-objects -c Generated_Source\PSoC5\REV_POLARITY.c -o .\ARM_GCC_493\Debug\REV_POLARITY.o
arm-none-eabi-gcc.exe -mcpu=cortex-m3 -mthumb -I. -IGenerated_Source\PSoC5 -Wa,-alh=.\ARM_GCC_493\Debug/INPUT_OK.lst -g -ffunction-sections -O0 -ffat-lto-objects -c Generated_Source\PSoC5\INPUT_OK.c -o .\ARM_GCC_493\Debug\INPUT_OK.o
arm-none-eabi-gcc.exe -mcpu=cortex-m3 -mthumb -I. -IGenerated_Source\PSoC5 -Wa,-alh=.\ARM_GCC_493\Debug/Clock_QD_4.lst -g -ffunction-sections -O0 -ffat-lto-objects -c Generated_Source\PSoC5\Clock_QD_4.c -o .\ARM_GCC_493\Debug\Clock_QD_4.o
arm-none-eabi-gcc.exe -mcpu=cortex-m3 -mthumb -I. -IGenerated_Source\PSoC5 -Wa,-alh=.\ARM_GCC_493\Debug/DVDAC8_1.lst -g -ffunction-sections -O0 -ffat-lto-objects -c Generated_Source\PSoC5\DVDAC8_1.c -o .\ARM_GCC_493\Debug\DVDAC8_1.o
arm-none-eabi-gcc.exe -mcpu=cortex-m3 -mthumb -I. -IGenerated_Source\PSoC5 -Wa,-alh=.\ARM_GCC_493\Debug/DVDAC8_1_PM.lst -g -ffunction-sections -O0 -ffat-lto-objects -c Generated_Source\PSoC5\DVDAC8_1_PM.c -o .\ARM_GCC_493\Debug\DVDAC8_1_PM.o
arm-none-eabi-gcc.exe -mcpu=cortex-m3 -mthumb -I. -IGenerated_Source\PSoC5 -Wa,-alh=.\ARM_GCC_493\Debug/DVDAC8_1_DMA_dma.lst -g -ffunction-sections -O0 -ffat-lto-objects -c Generated_Source\PSoC5\DVDAC8_1_DMA_dma.c -o .\ARM_GCC_493\Debug\DVDAC8_1_DMA_dma.o
arm-none-eabi-gcc.exe -mcpu=cortex-m3 -mthumb -I. -IGenerated_Source\PSoC5 -Wa,-alh=.\ARM_GCC_493\Debug/DVDAC8_1_VDAC8.lst -g -ffunction-sections -O0 -ffat-lto-objects -c Generated_Source\PSoC5\DVDAC8_1_VDAC8.c -o .\ARM_GCC_493\Debug\DVDAC8_1_VDAC8.o
arm-none-eabi-gcc.exe -mcpu=cortex-m3 -mthumb -I. -IGenerated_Source\PSoC5 -Wa,-alh=.\ARM_GCC_493\Debug/DVDAC8_1_VDAC8_PM.lst -g -ffunction-sections -O0 -ffat-lto-objects -c Generated_Source\PSoC5\DVDAC8_1_VDAC8_PM.c -o .\ARM_GCC_493\Debug\DVDAC8_1_VDAC8_PM.o
arm-none-eabi-gcc.exe -mcpu=cortex-m3 -mthumb -I. -IGenerated_Source\PSoC5 -Wa,-alh=.\ARM_GCC_493\Debug/Counter_Buzz.lst -g -ffunction-sections -O0 -ffat-lto-objects -c Generated_Source\PSoC5\Counter_Buzz.c -o .\ARM_GCC_493\Debug\Counter_Buzz.o
arm-none-eabi-gcc.exe -mcpu=cortex-m3 -mthumb -I. -IGenerated_Source\PSoC5 -Wa,-alh=.\ARM_GCC_493\Debug/Counter_Buzz_PM.lst -g -ffunction-sections -O0 -ffat-lto-objects -c Generated_Source\PSoC5\Counter_Buzz_PM.c -o .\ARM_GCC_493\Debug\Counter_Buzz_PM.o
arm-none-eabi-gcc.exe -mcpu=cortex-m3 -mthumb -I. -IGenerated_Source\PSoC5 -Wa,-alh=.\ARM_GCC_493\Debug/PWM_Fan.lst -g -ffunction-sections -O0 -ffat-lto-objects -c Generated_Source\PSoC5\PWM_Fan.c -o .\ARM_GCC_493\Debug\PWM_Fan.o
arm-none-eabi-gcc.exe -mcpu=cortex-m3 -mthumb -I. -IGenerated_Source\PSoC5 -Wa,-alh=.\ARM_GCC_493\Debug/PWM_Fan_PM.lst -g -ffunction-sections -O0 -ffat-lto-objects -c Generated_Source\PSoC5\PWM_Fan_PM.c -o .\ARM_GCC_493\Debug\PWM_Fan_PM.o
arm-none-eabi-gcc.exe -mcpu=cortex-m3 -mthumb -I. -IGenerated_Source\PSoC5 -Wa,-alh=.\ARM_GCC_493\Debug/PWM_DRIVE.lst -g -ffunction-sections -O0 -ffat-lto-objects -c Generated_Source\PSoC5\PWM_DRIVE.c -o .\ARM_GCC_493\Debug\PWM_DRIVE.o
arm-none-eabi-gcc.exe -mcpu=cortex-m3 -mthumb -I. -IGenerated_Source\PSoC5 -Wa,-alh=.\ARM_GCC_493\Debug/VOLTAGE_SELECT.lst -g -ffunction-sections -O0 -ffat-lto-objects -c Generated_Source\PSoC5\VOLTAGE_SELECT.c -o .\ARM_GCC_493\Debug\VOLTAGE_SELECT.o
arm-none-eabi-gcc.exe -mcpu=cortex-m3 -mthumb -I. -IGenerated_Source\PSoC5 -Wa,-alh=.\ARM_GCC_493\Debug/DRIVE_SELECT.lst -g -ffunction-sections -O0 -ffat-lto-objects -c Generated_Source\PSoC5\DRIVE_SELECT.c -o .\ARM_GCC_493\Debug\DRIVE_SELECT.o
arm-none-eabi-gcc.exe -mcpu=cortex-m3 -mthumb -I. -IGenerated_Source\PSoC5 -Wa,-alh=.\ARM_GCC_493\Debug/CAP_EN.lst -g -ffunction-sections -O0 -ffat-lto-objects -c Generated_Source\PSoC5\CAP_EN.c -o .\ARM_GCC_493\Debug\CAP_EN.o
arm-none-eabi-gcc.exe -mcpu=cortex-m3 -mthumb -I. -IGenerated_Source\PSoC5 -Wa,-alh=.\ARM_GCC_493\Debug/FAN_DRIVE.lst -g -ffunction-sections -O0 -ffat-lto-objects -c Generated_Source\PSoC5\FAN_DRIVE.c -o .\ARM_GCC_493\Debug\FAN_DRIVE.o
arm-none-eabi-gcc.exe -mcpu=cortex-m3 -mthumb -I. -IGenerated_Source\PSoC5 -Wa,-alh=.\ARM_GCC_493\Debug/FAN_TACH.lst -g -ffunction-sections -O0 -ffat-lto-objects -c Generated_Source\PSoC5\FAN_TACH.c -o .\ARM_GCC_493\Debug\FAN_TACH.o
arm-none-eabi-gcc.exe -mcpu=cortex-m3 -mthumb -I. -IGenerated_Source\PSoC5 -Wa,-alh=.\ARM_GCC_493\Debug/PWM_Driver.lst -g -ffunction-sections -O0 -ffat-lto-objects -c Generated_Source\PSoC5\PWM_Driver.c -o .\ARM_GCC_493\Debug\PWM_Driver.o
arm-none-eabi-gcc.exe -mcpu=cortex-m3 -mthumb -I. -IGenerated_Source\PSoC5 -Wa,-alh=.\ARM_GCC_493\Debug/PWM_Driver_PM.lst -g -ffunction-sections -O0 -ffat-lto-objects -c Generated_Source\PSoC5\PWM_Driver_PM.c -o .\ARM_GCC_493\Debug\PWM_Driver_PM.o
arm-none-eabi-gcc.exe -mcpu=cortex-m3 -mthumb -I. -IGenerated_Source\PSoC5 -Wa,-alh=.\ARM_GCC_493\Debug/Clock_FAN.lst -g -ffunction-sections -O0 -ffat-lto-objects -c Generated_Source\PSoC5\Clock_FAN.c -o .\ARM_GCC_493\Debug\Clock_FAN.o
arm-none-eabi-gcc.exe -mcpu=cortex-m3 -mthumb -I. -IGenerated_Source\PSoC5 -Wa,-alh=.\ARM_GCC_493\Debug/Input_Reg.lst -g -ffunction-sections -O0 -ffat-lto-objects -c Generated_Source\PSoC5\Input_Reg.c -o .\ARM_GCC_493\Debug\Input_Reg.o
arm-none-eabi-gcc.exe -mcpu=cortex-m3 -mthumb -I. -IGenerated_Source\PSoC5 -Wa,-alh=.\ARM_GCC_493\Debug/DAC_MUX.lst -g -ffunction-sections -O0 -ffat-lto-objects -c Generated_Source\PSoC5\DAC_MUX.c -o .\ARM_GCC_493\Debug\DAC_MUX.o
arm-none-eabi-gcc.exe -mcpu=cortex-m3 -mthumb -I. -IGenerated_Source\PSoC5 -Wa,-alh=.\ARM_GCC_493\Debug/EEPROM.lst -g -ffunction-sections -O0 -ffat-lto-objects -c Generated_Source\PSoC5\EEPROM.c -o .\ARM_GCC_493\Debug\EEPROM.o
arm-none-eabi-as.exe -mcpu=cortex-m3 -mthumb -I. -IGenerated_Source\PSoC5 -alh=.\ARM_GCC_493\Debug/CyBootAsmGnu.lst -g -o .\ARM_GCC_493\Debug\CyBootAsmGnu.o Generated_Source\PSoC5\CyBootAsmGnu.s
arm-none-eabi-ar.exe -rs .\ARM_GCC_493\Debug\Active_Load_v9.a .\ARM_GCC_493\Debug\cyfitter_cfg.o .\ARM_GCC_493\Debug\Clock_QD.o .\ARM_GCC_493\Debug\QD.o .\ARM_GCC_493\Debug\QD_PM.o .\ARM_GCC_493\Debug\isr_QD.o .\ARM_GCC_493\Debug\QD_Cnt16.o .\ARM_GCC_493\Debug\QD_Cnt16_PM.o .\ARM_GCC_493\Debug\CyDmac.o .\ARM_GCC_493\Debug\CyFlash.o .\ARM_GCC_493\Debug\CyLib.o .\ARM_GCC_493\Debug\cyPm.o .\ARM_GCC_493\Debug\CySpc.o .\ARM_GCC_493\Debug\cyutils.o .\ARM_GCC_493\Debug\Encoder_A.o .\ARM_GCC_493\Debug\Encoder_B.o .\ARM_GCC_493\Debug\WaveDAC8_1.o .\ARM_GCC_493\Debug\WaveDAC8_1_PM.o .\ARM_GCC_493\Debug\Button1.o .\ARM_GCC_493\Debug\Button2.o .\ARM_GCC_493\Debug\Button3.o .\ARM_GCC_493\Debug\WaveDAC8_1_Wave1_DMA_dma.o .\ARM_GCC_493\Debug\WaveDAC8_1_Wave2_DMA_dma.o .\ARM_GCC_493\Debug\WaveDAC8_1_VDAC8.o .\ARM_GCC_493\Debug\WaveDAC8_1_VDAC8_PM.o .\ARM_GCC_493\Debug\Clock_QD_1.o .\ARM_GCC_493\Debug\SW_CLK.o .\ARM_GCC_493\Debug\Push.o .\ARM_GCC_493\Debug\SDA_1.o .\ARM_GCC_493\Debug\SCL_1.o .\ARM_GCC_493\Debug\WaveDAC8_1_BuffAmp.o .\ARM_GCC_493\Debug\WaveDAC8_1_BuffAmp_PM.o .\ARM_GCC_493\Debug\DieTemp.o .\ARM_GCC_493\Debug\Button1_Reg.o .\ARM_GCC_493\Debug\Button2_Reg.o .\ARM_GCC_493\Debug\Button3_Reg.o .\ARM_GCC_493\Debug\Button4_Reg.o .\ARM_GCC_493\Debug\Push_Reg.o .\ARM_GCC_493\Debug\ADC_SAR_1.o .\ARM_GCC_493\Debug\ADC_SAR_1_INT.o .\ARM_GCC_493\Debug\ADC_SAR_1_PM.o .\ARM_GCC_493\Debug\ADC_SAR_1_IRQ.o .\ARM_GCC_493\Debug\ADC_SAR_2.o .\ARM_GCC_493\Debug\ADC_SAR_2_INT.o .\ARM_GCC_493\Debug\ADC_SAR_2_PM.o .\ARM_GCC_493\Debug\ADC_SAR_2_IRQ.o .\ARM_GCC_493\Debug\I2C.o .\ARM_GCC_493\Debug\I2C_BOOT.o .\ARM_GCC_493\Debug\I2C_INT.o .\ARM_GCC_493\Debug\I2C_PM.o .\ARM_GCC_493\Debug\I2C_SLAVE.o .\ARM_GCC_493\Debug\I2C_MASTER.o .\ARM_GCC_493\Debug\Pin_Voltage.o .\ARM_GCC_493\Debug\Pin_Current.o .\ARM_GCC_493\Debug\Pin_Drive.o .\ARM_GCC_493\Debug\Wave_Reg.o .\ARM_GCC_493\Debug\Wave_Reg_PM.o .\ARM_GCC_493\Debug\Clock_QD_2.o .\ARM_GCC_493\Debug\PWM_Buzz.o .\ARM_GCC_493\Debug\PWM_Buzz_PM.o .\ARM_GCC_493\Debug\SPIM.o .\ARM_GCC_493\Debug\SPIM_PM.o .\ARM_GCC_493\Debug\SPIM_INT.o .\ARM_GCC_493\Debug\MISO.o .\ARM_GCC_493\Debug\Clock_QD_3.o .\ARM_GCC_493\Debug\SPIM_IntClock.o .\ARM_GCC_493\Debug\LCD_MOSI.o .\ARM_GCC_493\Debug\LCD_SCLK.o .\ARM_GCC_493\Debug\LCD_SS.o .\ARM_GCC_493\Debug\LCD_RESET.o .\ARM_GCC_493\Debug\LCD_A0.o .\ARM_GCC_493\Debug\LCD_CS.o .\ARM_GCC_493\Debug\PWM_BACKLIGHT.o .\ARM_GCC_493\Debug\PWM_BUZZER.o .\ARM_GCC_493\Debug\Button4.o .\ARM_GCC_493\Debug\Button5.o .\ARM_GCC_493\Debug\Button6.o .\ARM_GCC_493\Debug\PWM_Back.o .\ARM_GCC_493\Debug\PWM_Back_PM.o .\ARM_GCC_493\Debug\ResistiveTouch_1.o .\ARM_GCC_493\Debug\ResistiveTouch_1_PM.o .\ARM_GCC_493\Debug\ResistiveTouch_1_AMux.o .\ARM_GCC_493\Debug\ResistiveTouch_1_xm.o .\ARM_GCC_493\Debug\ResistiveTouch_1_xp.o .\ARM_GCC_493\Debug\ResistiveTouch_1_ym.o .\ARM_GCC_493\Debug\ResistiveTouch_1_yp.o .\ARM_GCC_493\Debug\ResistiveTouch_1_ADC.o .\ARM_GCC_493\Debug\ResistiveTouch_1_ADC_PM.o .\ARM_GCC_493\Debug\ResistiveTouch_1_ADC_INT.o .\ARM_GCC_493\Debug\ResistiveTouch_1_ADC_AMux.o .\ARM_GCC_493\Debug\ResistiveTouch_1_ADC_Ext_CP_Clk.o .\ARM_GCC_493\Debug\ResistiveTouch_1_ADC_IRQ.o .\ARM_GCC_493\Debug\ResistiveTouch_1_ADC_theACLK.o .\ARM_GCC_493\Debug\Button5_Reg.o .\ARM_GCC_493\Debug\Button6_Reg.o .\ARM_GCC_493\Debug\RELAY.o .\ARM_GCC_493\Debug\LEM_A.o .\ARM_GCC_493\Debug\LEM_B.o .\ARM_GCC_493\Debug\REV_POLARITY.o .\ARM_GCC_493\Debug\INPUT_OK.o .\ARM_GCC_493\Debug\Clock_QD_4.o .\ARM_GCC_493\Debug\DVDAC8_1.o .\ARM_GCC_493\Debug\DVDAC8_1_PM.o .\ARM_GCC_493\Debug\DVDAC8_1_DMA_dma.o .\ARM_GCC_493\Debug\DVDAC8_1_VDAC8.o .\ARM_GCC_493\Debug\DVDAC8_1_VDAC8_PM.o .\ARM_GCC_493\Debug\Counter_Buzz.o .\ARM_GCC_493\Debug\Counter_Buzz_PM.o .\ARM_GCC_493\Debug\PWM_Fan.o .\ARM_GCC_493\Debug\PWM_Fan_PM.o .\ARM_GCC_493\Debug\PWM_DRIVE.o .\ARM_GCC_493\Debug\VOLTAGE_SELECT.o .\ARM_GCC_493\Debug\DRIVE_SELECT.o .\ARM_GCC_493\Debug\CAP_EN.o .\ARM_GCC_493\Debug\FAN_DRIVE.o .\ARM_GCC_493\Debug\FAN_TACH.o .\ARM_GCC_493\Debug\PWM_Driver.o .\ARM_GCC_493\Debug\PWM_Driver_PM.o .\ARM_GCC_493\Debug\Clock_FAN.o .\ARM_GCC_493\Debug\Input_Reg.o .\ARM_GCC_493\Debug\DAC_MUX.o .\ARM_GCC_493\Debug\EEPROM.o .\ARM_GCC_493\Debug\CyBootAsmGnu.o
arm-none-eabi-ar.exe: creating .\ARM_GCC_493\Debug\Active_Load_v9.a
arm-none-eabi-gcc.exe -Wl,--start-group -o .\ARM_GCC_493\Debug\Active_Load_v9.elf .\ARM_GCC_493\Debug\chessengine.o .\ARM_GCC_493\Debug\u8g_bitmap.o .\ARM_GCC_493\Debug\u8g_circle.o .\ARM_GCC_493\Debug\u8g_clip.o .\ARM_GCC_493\Debug\u8g_com_api.o .\ARM_GCC_493\Debug\u8g_com_api_16gr.o .\ARM_GCC_493\Debug\u8g_com_i2c.o .\ARM_GCC_493\Debug\u8g_com_io.o .\ARM_GCC_493\Debug\u8g_com_msp430_hw_spi.o .\ARM_GCC_493\Debug\u8g_com_null.o .\ARM_GCC_493\Debug\u8g_com_raspberrypi_hw_spi.o .\ARM_GCC_493\Debug\u8g_com_raspberrypi_ssd_i2c.o .\ARM_GCC_493\Debug\u8g_com_std_sw_spi.o .\ARM_GCC_493\Debug\u8g_cursor.o .\ARM_GCC_493\Debug\u8g_delay.o .\ARM_GCC_493\Debug\u8g_ellipse.o .\ARM_GCC_493\Debug\u8g_font.o .\ARM_GCC_493\Debug\u8g_line.o .\ARM_GCC_493\Debug\u8g_ll_api.o .\ARM_GCC_493\Debug\u8g_page.o .\ARM_GCC_493\Debug\u8g_pb.o .\ARM_GCC_493\Debug\u8g_pb8h1.o .\ARM_GCC_493\Debug\u8g_pb8h1f.o .\ARM_GCC_493\Debug\u8g_pb8h2.o .\ARM_GCC_493\Debug\u8g_pb8h8.o .\ARM_GCC_493\Debug\u8g_pb8v1.o .\ARM_GCC_493\Debug\u8g_pb8v2.o .\ARM_GCC_493\Debug\u8g_pb14v1.o .\ARM_GCC_493\Debug\u8g_pb16h1.o .\ARM_GCC_493\Debug\u8g_pb16h2.o .\ARM_GCC_493\Debug\u8g_pb16v1.o .\ARM_GCC_493\Debug\u8g_pb16v2.o .\ARM_GCC_493\Debug\u8g_pb32h1.o .\ARM_GCC_493\Debug\u8g_pbxh16.o .\ARM_GCC_493\Debug\u8g_pbxh24.o .\ARM_GCC_493\Debug\u8g_polygon.o .\ARM_GCC_493\Debug\u8g_rect.o .\ARM_GCC_493\Debug\u8g_rot.o .\ARM_GCC_493\Debug\u8g_scale.o .\ARM_GCC_493\Debug\u8g_state.o .\ARM_GCC_493\Debug\u8g_u8toa.o .\ARM_GCC_493\Debug\u8g_u16toa.o .\ARM_GCC_493\Debug\u8g_virtual_screen.o .\ARM_GCC_493\Debug\u8g_font_data.o .\ARM_GCC_493\Debug\u8g_arm.o .\ARM_GCC_493\Debug\u8g_dev_uc1601_c128032.o .\ARM_GCC_493\Debug\u8g_dev_st7565_dogm128.o .\ARM_GCC_493\Debug\main01.o .\ARM_GCC_493\Debug\state_machine.o .\ARM_GCC_493\Debug\LCD_Menu.o .\ARM_GCC_493\Debug\global_variables.o .\ARM_GCC_493\Debug\temp_manage.o .\ARM_GCC_493\Debug\cymetadata.o .\ARM_GCC_493\Debug\Cm3Start.o .\ARM_GCC_493\Debug\Active_Load_v9.a "C:\Program Files (x86)\Cypress\PSoC Creator\4.0\PSoC Creator\psoc\content\cycomponentlibrary\CyComponentLibrary.cylib\CortexM3\ARM_GCC_493\Debug\CyComponentLibrary.a" -mcpu=cortex-m3 -mthumb -g -ffunction-sections -O0 -ffat-lto-objects -L Generated_Source\PSoC5 -Wl,-Map,.\ARM_GCC_493\Debug/Active_Load_v9.map -T D:\Workspace\PSoC_Creator\Active_Load\Active_Load_v9.cydsn\Generated_Source\PSoC5\cm3gcc.ld -specs=nano.specs -Wl,--gc-sections -Wl,--end-group
cyelftool.exe -C D:\Workspace\PSoC_Creator\Active_Load\Active_Load_v9.cydsn\ARM_GCC_493\Debug\Active_Load_v9.elf --flash_row_size 256 --flash_size 262144
cyelftool.exe -S D:\Workspace\PSoC_Creator\Active_Load\Active_Load_v9.cydsn\ARM_GCC_493\Debug\Active_Load_v9.elf
Flash used: 239256 of 262144 bytes (91.3%).
SRAM used: 4157 of 65536 bytes (6.3%). Stack: 2048 bytes. Heap: 512 bytes.
--------------- Build Succeeded: 05/22/2017 22:06:37 ---------------
