ARM GAS  C:\Users\KJA\AppData\Local\Temp\ccpq7VYT.s 			page 1


   1              		.syntax unified
   2              		.cpu cortex-m3
   3              		.fpu softvfp
   4              		.eabi_attribute 20, 1
   5              		.eabi_attribute 21, 1
   6              		.eabi_attribute 23, 3
   7              		.eabi_attribute 24, 1
   8              		.eabi_attribute 25, 1
   9              		.eabi_attribute 26, 1
  10              		.eabi_attribute 30, 6
  11              		.eabi_attribute 34, 1
  12              		.eabi_attribute 18, 4
  13              		.thumb
  14              		.file	"Button4_Reg.c"
  15              		.text
  16              	.Ltext0:
  17              		.cfi_sections	.debug_frame
  18              		.section	.text.Button4_Reg_Read,"ax",%progbits
  19              		.align	2
  20              		.global	Button4_Reg_Read
  21              		.thumb
  22              		.thumb_func
  23              		.type	Button4_Reg_Read, %function
  24              	Button4_Reg_Read:
  25              	.LFB0:
  26              		.file 1 "Generated_Source\\PSoC5\\Button4_Reg.c"
   1:Generated_Source\PSoC5/Button4_Reg.c **** /*******************************************************************************
   2:Generated_Source\PSoC5/Button4_Reg.c **** * File Name: Button4_Reg.c  
   3:Generated_Source\PSoC5/Button4_Reg.c **** * Version 1.90
   4:Generated_Source\PSoC5/Button4_Reg.c **** *
   5:Generated_Source\PSoC5/Button4_Reg.c **** * Description:
   6:Generated_Source\PSoC5/Button4_Reg.c **** *  This file contains API to enable firmware to read the value of a Status 
   7:Generated_Source\PSoC5/Button4_Reg.c **** *  Register.
   8:Generated_Source\PSoC5/Button4_Reg.c **** *
   9:Generated_Source\PSoC5/Button4_Reg.c **** * Note:
  10:Generated_Source\PSoC5/Button4_Reg.c **** *
  11:Generated_Source\PSoC5/Button4_Reg.c **** ********************************************************************************
  12:Generated_Source\PSoC5/Button4_Reg.c **** * Copyright 2008-2015, Cypress Semiconductor Corporation.  All rights reserved.
  13:Generated_Source\PSoC5/Button4_Reg.c **** * You may use this file only in accordance with the license, terms, conditions, 
  14:Generated_Source\PSoC5/Button4_Reg.c **** * disclaimers, and limitations in the end user license agreement accompanying 
  15:Generated_Source\PSoC5/Button4_Reg.c **** * the software package with which this file was provided.
  16:Generated_Source\PSoC5/Button4_Reg.c **** *******************************************************************************/
  17:Generated_Source\PSoC5/Button4_Reg.c **** 
  18:Generated_Source\PSoC5/Button4_Reg.c **** #include "Button4_Reg.h"
  19:Generated_Source\PSoC5/Button4_Reg.c **** 
  20:Generated_Source\PSoC5/Button4_Reg.c **** #if !defined(Button4_Reg_sts_sts_reg__REMOVED) /* Check for removal by optimization */
  21:Generated_Source\PSoC5/Button4_Reg.c **** 
  22:Generated_Source\PSoC5/Button4_Reg.c **** 
  23:Generated_Source\PSoC5/Button4_Reg.c **** /*******************************************************************************
  24:Generated_Source\PSoC5/Button4_Reg.c **** * Function Name: Button4_Reg_Read
  25:Generated_Source\PSoC5/Button4_Reg.c **** ********************************************************************************
  26:Generated_Source\PSoC5/Button4_Reg.c **** *
  27:Generated_Source\PSoC5/Button4_Reg.c **** * Summary:
  28:Generated_Source\PSoC5/Button4_Reg.c **** *  Reads the current value assigned to the Status Register.
  29:Generated_Source\PSoC5/Button4_Reg.c **** *
  30:Generated_Source\PSoC5/Button4_Reg.c **** * Parameters:
  31:Generated_Source\PSoC5/Button4_Reg.c **** *  None.
ARM GAS  C:\Users\KJA\AppData\Local\Temp\ccpq7VYT.s 			page 2


  32:Generated_Source\PSoC5/Button4_Reg.c **** *
  33:Generated_Source\PSoC5/Button4_Reg.c **** * Return:
  34:Generated_Source\PSoC5/Button4_Reg.c **** *  The current value in the Status Register.
  35:Generated_Source\PSoC5/Button4_Reg.c **** *
  36:Generated_Source\PSoC5/Button4_Reg.c **** *******************************************************************************/
  37:Generated_Source\PSoC5/Button4_Reg.c **** uint8 Button4_Reg_Read(void) 
  38:Generated_Source\PSoC5/Button4_Reg.c **** { 
  27              		.loc 1 38 0
  28              		.cfi_startproc
  29              		@ args = 0, pretend = 0, frame = 0
  30              		@ frame_needed = 1, uses_anonymous_args = 0
  31              		@ link register save eliminated.
  32 0000 80B4     		push	{r7}
  33              		.cfi_def_cfa_offset 4
  34              		.cfi_offset 7, -4
  35 0002 00AF     		add	r7, sp, #0
  36              		.cfi_def_cfa_register 7
  39:Generated_Source\PSoC5/Button4_Reg.c ****     return Button4_Reg_Status;
  37              		.loc 1 39 0
  38 0004 034B     		ldr	r3, .L3
  39 0006 1B78     		ldrb	r3, [r3]
  40 0008 DBB2     		uxtb	r3, r3
  40:Generated_Source\PSoC5/Button4_Reg.c **** }
  41              		.loc 1 40 0
  42 000a 1846     		mov	r0, r3
  43 000c BD46     		mov	sp, r7
  44              		.cfi_def_cfa_register 13
  45              		@ sp needed
  46 000e 5DF8047B 		ldr	r7, [sp], #4
  47              		.cfi_restore 7
  48              		.cfi_def_cfa_offset 0
  49 0012 7047     		bx	lr
  50              	.L4:
  51              		.align	2
  52              	.L3:
  53 0014 69640040 		.word	1073767529
  54              		.cfi_endproc
  55              	.LFE0:
  56              		.size	Button4_Reg_Read, .-Button4_Reg_Read
  57              		.section	.text.Button4_Reg_InterruptEnable,"ax",%progbits
  58              		.align	2
  59              		.global	Button4_Reg_InterruptEnable
  60              		.thumb
  61              		.thumb_func
  62              		.type	Button4_Reg_InterruptEnable, %function
  63              	Button4_Reg_InterruptEnable:
  64              	.LFB1:
  41:Generated_Source\PSoC5/Button4_Reg.c **** 
  42:Generated_Source\PSoC5/Button4_Reg.c **** 
  43:Generated_Source\PSoC5/Button4_Reg.c **** /*******************************************************************************
  44:Generated_Source\PSoC5/Button4_Reg.c **** * Function Name: Button4_Reg_InterruptEnable
  45:Generated_Source\PSoC5/Button4_Reg.c **** ********************************************************************************
  46:Generated_Source\PSoC5/Button4_Reg.c **** *
  47:Generated_Source\PSoC5/Button4_Reg.c **** * Summary:
  48:Generated_Source\PSoC5/Button4_Reg.c **** *  Enables the Status Register interrupt.
  49:Generated_Source\PSoC5/Button4_Reg.c **** *
  50:Generated_Source\PSoC5/Button4_Reg.c **** * Parameters:
ARM GAS  C:\Users\KJA\AppData\Local\Temp\ccpq7VYT.s 			page 3


  51:Generated_Source\PSoC5/Button4_Reg.c **** *  None.
  52:Generated_Source\PSoC5/Button4_Reg.c **** *
  53:Generated_Source\PSoC5/Button4_Reg.c **** * Return:
  54:Generated_Source\PSoC5/Button4_Reg.c **** *  None.
  55:Generated_Source\PSoC5/Button4_Reg.c **** *
  56:Generated_Source\PSoC5/Button4_Reg.c **** *******************************************************************************/
  57:Generated_Source\PSoC5/Button4_Reg.c **** void Button4_Reg_InterruptEnable(void) 
  58:Generated_Source\PSoC5/Button4_Reg.c **** {
  65              		.loc 1 58 0
  66              		.cfi_startproc
  67              		@ args = 0, pretend = 0, frame = 8
  68              		@ frame_needed = 1, uses_anonymous_args = 0
  69 0000 80B5     		push	{r7, lr}
  70              		.cfi_def_cfa_offset 8
  71              		.cfi_offset 7, -8
  72              		.cfi_offset 14, -4
  73 0002 82B0     		sub	sp, sp, #8
  74              		.cfi_def_cfa_offset 16
  75 0004 00AF     		add	r7, sp, #0
  76              		.cfi_def_cfa_register 7
  59:Generated_Source\PSoC5/Button4_Reg.c ****     uint8 interruptState;
  60:Generated_Source\PSoC5/Button4_Reg.c ****     interruptState = CyEnterCriticalSection();
  77              		.loc 1 60 0
  78 0006 FFF7FEFF 		bl	CyEnterCriticalSection
  79 000a 0346     		mov	r3, r0
  80 000c FB71     		strb	r3, [r7, #7]
  61:Generated_Source\PSoC5/Button4_Reg.c ****     Button4_Reg_Status_Aux_Ctrl |= Button4_Reg_STATUS_INTR_ENBL;
  81              		.loc 1 61 0
  82 000e 074A     		ldr	r2, .L6
  83 0010 064B     		ldr	r3, .L6
  84 0012 1B78     		ldrb	r3, [r3]
  85 0014 DBB2     		uxtb	r3, r3
  86 0016 43F01003 		orr	r3, r3, #16
  87 001a DBB2     		uxtb	r3, r3
  88 001c 1370     		strb	r3, [r2]
  62:Generated_Source\PSoC5/Button4_Reg.c ****     CyExitCriticalSection(interruptState);
  89              		.loc 1 62 0
  90 001e FB79     		ldrb	r3, [r7, #7]	@ zero_extendqisi2
  91 0020 1846     		mov	r0, r3
  92 0022 FFF7FEFF 		bl	CyExitCriticalSection
  63:Generated_Source\PSoC5/Button4_Reg.c **** }
  93              		.loc 1 63 0
  94 0026 0837     		adds	r7, r7, #8
  95              		.cfi_def_cfa_offset 8
  96 0028 BD46     		mov	sp, r7
  97              		.cfi_def_cfa_register 13
  98              		@ sp needed
  99 002a 80BD     		pop	{r7, pc}
 100              	.L7:
 101              		.align	2
 102              	.L6:
 103 002c 99640040 		.word	1073767577
 104              		.cfi_endproc
 105              	.LFE1:
 106              		.size	Button4_Reg_InterruptEnable, .-Button4_Reg_InterruptEnable
 107              		.section	.text.Button4_Reg_InterruptDisable,"ax",%progbits
 108              		.align	2
ARM GAS  C:\Users\KJA\AppData\Local\Temp\ccpq7VYT.s 			page 4


 109              		.global	Button4_Reg_InterruptDisable
 110              		.thumb
 111              		.thumb_func
 112              		.type	Button4_Reg_InterruptDisable, %function
 113              	Button4_Reg_InterruptDisable:
 114              	.LFB2:
  64:Generated_Source\PSoC5/Button4_Reg.c **** 
  65:Generated_Source\PSoC5/Button4_Reg.c **** 
  66:Generated_Source\PSoC5/Button4_Reg.c **** /*******************************************************************************
  67:Generated_Source\PSoC5/Button4_Reg.c **** * Function Name: Button4_Reg_InterruptDisable
  68:Generated_Source\PSoC5/Button4_Reg.c **** ********************************************************************************
  69:Generated_Source\PSoC5/Button4_Reg.c **** *
  70:Generated_Source\PSoC5/Button4_Reg.c **** * Summary:
  71:Generated_Source\PSoC5/Button4_Reg.c **** *  Disables the Status Register interrupt.
  72:Generated_Source\PSoC5/Button4_Reg.c **** *
  73:Generated_Source\PSoC5/Button4_Reg.c **** * Parameters:
  74:Generated_Source\PSoC5/Button4_Reg.c **** *  None.
  75:Generated_Source\PSoC5/Button4_Reg.c **** *
  76:Generated_Source\PSoC5/Button4_Reg.c **** * Return:
  77:Generated_Source\PSoC5/Button4_Reg.c **** *  None.
  78:Generated_Source\PSoC5/Button4_Reg.c **** *
  79:Generated_Source\PSoC5/Button4_Reg.c **** *******************************************************************************/
  80:Generated_Source\PSoC5/Button4_Reg.c **** void Button4_Reg_InterruptDisable(void) 
  81:Generated_Source\PSoC5/Button4_Reg.c **** {
 115              		.loc 1 81 0
 116              		.cfi_startproc
 117              		@ args = 0, pretend = 0, frame = 8
 118              		@ frame_needed = 1, uses_anonymous_args = 0
 119 0000 80B5     		push	{r7, lr}
 120              		.cfi_def_cfa_offset 8
 121              		.cfi_offset 7, -8
 122              		.cfi_offset 14, -4
 123 0002 82B0     		sub	sp, sp, #8
 124              		.cfi_def_cfa_offset 16
 125 0004 00AF     		add	r7, sp, #0
 126              		.cfi_def_cfa_register 7
  82:Generated_Source\PSoC5/Button4_Reg.c ****     uint8 interruptState;
  83:Generated_Source\PSoC5/Button4_Reg.c ****     interruptState = CyEnterCriticalSection();
 127              		.loc 1 83 0
 128 0006 FFF7FEFF 		bl	CyEnterCriticalSection
 129 000a 0346     		mov	r3, r0
 130 000c FB71     		strb	r3, [r7, #7]
  84:Generated_Source\PSoC5/Button4_Reg.c ****     Button4_Reg_Status_Aux_Ctrl &= (uint8)(~Button4_Reg_STATUS_INTR_ENBL);
 131              		.loc 1 84 0
 132 000e 074A     		ldr	r2, .L9
 133 0010 064B     		ldr	r3, .L9
 134 0012 1B78     		ldrb	r3, [r3]
 135 0014 DBB2     		uxtb	r3, r3
 136 0016 23F01003 		bic	r3, r3, #16
 137 001a DBB2     		uxtb	r3, r3
 138 001c 1370     		strb	r3, [r2]
  85:Generated_Source\PSoC5/Button4_Reg.c ****     CyExitCriticalSection(interruptState);
 139              		.loc 1 85 0
 140 001e FB79     		ldrb	r3, [r7, #7]	@ zero_extendqisi2
 141 0020 1846     		mov	r0, r3
 142 0022 FFF7FEFF 		bl	CyExitCriticalSection
  86:Generated_Source\PSoC5/Button4_Reg.c **** }
ARM GAS  C:\Users\KJA\AppData\Local\Temp\ccpq7VYT.s 			page 5


 143              		.loc 1 86 0
 144 0026 0837     		adds	r7, r7, #8
 145              		.cfi_def_cfa_offset 8
 146 0028 BD46     		mov	sp, r7
 147              		.cfi_def_cfa_register 13
 148              		@ sp needed
 149 002a 80BD     		pop	{r7, pc}
 150              	.L10:
 151              		.align	2
 152              	.L9:
 153 002c 99640040 		.word	1073767577
 154              		.cfi_endproc
 155              	.LFE2:
 156              		.size	Button4_Reg_InterruptDisable, .-Button4_Reg_InterruptDisable
 157              		.section	.text.Button4_Reg_WriteMask,"ax",%progbits
 158              		.align	2
 159              		.global	Button4_Reg_WriteMask
 160              		.thumb
 161              		.thumb_func
 162              		.type	Button4_Reg_WriteMask, %function
 163              	Button4_Reg_WriteMask:
 164              	.LFB3:
  87:Generated_Source\PSoC5/Button4_Reg.c **** 
  88:Generated_Source\PSoC5/Button4_Reg.c **** 
  89:Generated_Source\PSoC5/Button4_Reg.c **** /*******************************************************************************
  90:Generated_Source\PSoC5/Button4_Reg.c **** * Function Name: Button4_Reg_WriteMask
  91:Generated_Source\PSoC5/Button4_Reg.c **** ********************************************************************************
  92:Generated_Source\PSoC5/Button4_Reg.c **** *
  93:Generated_Source\PSoC5/Button4_Reg.c **** * Summary:
  94:Generated_Source\PSoC5/Button4_Reg.c **** *  Writes the current mask value assigned to the Status Register.
  95:Generated_Source\PSoC5/Button4_Reg.c **** *
  96:Generated_Source\PSoC5/Button4_Reg.c **** * Parameters:
  97:Generated_Source\PSoC5/Button4_Reg.c **** *  mask:  Value to write into the mask register.
  98:Generated_Source\PSoC5/Button4_Reg.c **** *
  99:Generated_Source\PSoC5/Button4_Reg.c **** * Return:
 100:Generated_Source\PSoC5/Button4_Reg.c **** *  None.
 101:Generated_Source\PSoC5/Button4_Reg.c **** *
 102:Generated_Source\PSoC5/Button4_Reg.c **** *******************************************************************************/
 103:Generated_Source\PSoC5/Button4_Reg.c **** void Button4_Reg_WriteMask(uint8 mask) 
 104:Generated_Source\PSoC5/Button4_Reg.c **** {
 165              		.loc 1 104 0
 166              		.cfi_startproc
 167              		@ args = 0, pretend = 0, frame = 8
 168              		@ frame_needed = 1, uses_anonymous_args = 0
 169              		@ link register save eliminated.
 170 0000 80B4     		push	{r7}
 171              		.cfi_def_cfa_offset 4
 172              		.cfi_offset 7, -4
 173 0002 83B0     		sub	sp, sp, #12
 174              		.cfi_def_cfa_offset 16
 175 0004 00AF     		add	r7, sp, #0
 176              		.cfi_def_cfa_register 7
 177 0006 0346     		mov	r3, r0
 178 0008 FB71     		strb	r3, [r7, #7]
 105:Generated_Source\PSoC5/Button4_Reg.c ****     #if(Button4_Reg_INPUTS < 8u)
 106:Generated_Source\PSoC5/Button4_Reg.c ****     	mask &= ((uint8)(1u << Button4_Reg_INPUTS) - 1u);
 179              		.loc 1 106 0
ARM GAS  C:\Users\KJA\AppData\Local\Temp\ccpq7VYT.s 			page 6


 180 000a FB79     		ldrb	r3, [r7, #7]
 181 000c 03F00103 		and	r3, r3, #1
 182 0010 FB71     		strb	r3, [r7, #7]
 107:Generated_Source\PSoC5/Button4_Reg.c **** 	#endif /* End Button4_Reg_INPUTS < 8u */
 108:Generated_Source\PSoC5/Button4_Reg.c ****     Button4_Reg_Status_Mask = mask;
 183              		.loc 1 108 0
 184 0012 044A     		ldr	r2, .L12
 185 0014 FB79     		ldrb	r3, [r7, #7]
 186 0016 1370     		strb	r3, [r2]
 109:Generated_Source\PSoC5/Button4_Reg.c **** }
 187              		.loc 1 109 0
 188 0018 0C37     		adds	r7, r7, #12
 189              		.cfi_def_cfa_offset 4
 190 001a BD46     		mov	sp, r7
 191              		.cfi_def_cfa_register 13
 192              		@ sp needed
 193 001c 5DF8047B 		ldr	r7, [sp], #4
 194              		.cfi_restore 7
 195              		.cfi_def_cfa_offset 0
 196 0020 7047     		bx	lr
 197              	.L13:
 198 0022 00BF     		.align	2
 199              	.L12:
 200 0024 89640040 		.word	1073767561
 201              		.cfi_endproc
 202              	.LFE3:
 203              		.size	Button4_Reg_WriteMask, .-Button4_Reg_WriteMask
 204              		.section	.text.Button4_Reg_ReadMask,"ax",%progbits
 205              		.align	2
 206              		.global	Button4_Reg_ReadMask
 207              		.thumb
 208              		.thumb_func
 209              		.type	Button4_Reg_ReadMask, %function
 210              	Button4_Reg_ReadMask:
 211              	.LFB4:
 110:Generated_Source\PSoC5/Button4_Reg.c **** 
 111:Generated_Source\PSoC5/Button4_Reg.c **** 
 112:Generated_Source\PSoC5/Button4_Reg.c **** /*******************************************************************************
 113:Generated_Source\PSoC5/Button4_Reg.c **** * Function Name: Button4_Reg_ReadMask
 114:Generated_Source\PSoC5/Button4_Reg.c **** ********************************************************************************
 115:Generated_Source\PSoC5/Button4_Reg.c **** *
 116:Generated_Source\PSoC5/Button4_Reg.c **** * Summary:
 117:Generated_Source\PSoC5/Button4_Reg.c **** *  Reads the current interrupt mask assigned to the Status Register.
 118:Generated_Source\PSoC5/Button4_Reg.c **** *
 119:Generated_Source\PSoC5/Button4_Reg.c **** * Parameters:
 120:Generated_Source\PSoC5/Button4_Reg.c **** *  None.
 121:Generated_Source\PSoC5/Button4_Reg.c **** *
 122:Generated_Source\PSoC5/Button4_Reg.c **** * Return:
 123:Generated_Source\PSoC5/Button4_Reg.c **** *  The value of the interrupt mask of the Status Register.
 124:Generated_Source\PSoC5/Button4_Reg.c **** *
 125:Generated_Source\PSoC5/Button4_Reg.c **** *******************************************************************************/
 126:Generated_Source\PSoC5/Button4_Reg.c **** uint8 Button4_Reg_ReadMask(void) 
 127:Generated_Source\PSoC5/Button4_Reg.c **** {
 212              		.loc 1 127 0
 213              		.cfi_startproc
 214              		@ args = 0, pretend = 0, frame = 0
 215              		@ frame_needed = 1, uses_anonymous_args = 0
ARM GAS  C:\Users\KJA\AppData\Local\Temp\ccpq7VYT.s 			page 7


 216              		@ link register save eliminated.
 217 0000 80B4     		push	{r7}
 218              		.cfi_def_cfa_offset 4
 219              		.cfi_offset 7, -4
 220 0002 00AF     		add	r7, sp, #0
 221              		.cfi_def_cfa_register 7
 128:Generated_Source\PSoC5/Button4_Reg.c ****     return Button4_Reg_Status_Mask;
 222              		.loc 1 128 0
 223 0004 034B     		ldr	r3, .L16
 224 0006 1B78     		ldrb	r3, [r3]
 225 0008 DBB2     		uxtb	r3, r3
 129:Generated_Source\PSoC5/Button4_Reg.c **** }
 226              		.loc 1 129 0
 227 000a 1846     		mov	r0, r3
 228 000c BD46     		mov	sp, r7
 229              		.cfi_def_cfa_register 13
 230              		@ sp needed
 231 000e 5DF8047B 		ldr	r7, [sp], #4
 232              		.cfi_restore 7
 233              		.cfi_def_cfa_offset 0
 234 0012 7047     		bx	lr
 235              	.L17:
 236              		.align	2
 237              	.L16:
 238 0014 89640040 		.word	1073767561
 239              		.cfi_endproc
 240              	.LFE4:
 241              		.size	Button4_Reg_ReadMask, .-Button4_Reg_ReadMask
 242              		.text
 243              	.Letext0:
 244              		.file 2 "Generated_Source\\PSoC5\\cytypes.h"
 245              		.section	.debug_info,"",%progbits
 246              	.Ldebug_info0:
 247 0000 36010000 		.4byte	0x136
 248 0004 0400     		.2byte	0x4
 249 0006 00000000 		.4byte	.Ldebug_abbrev0
 250 000a 04       		.byte	0x4
 251 000b 01       		.uleb128 0x1
 252 000c A0000000 		.4byte	.LASF21
 253 0010 01       		.byte	0x1
 254 0011 68010000 		.4byte	.LASF22
 255 0015 B2010000 		.4byte	.LASF23
 256 0019 00000000 		.4byte	.Ldebug_ranges0+0
 257 001d 00000000 		.4byte	0
 258 0021 00000000 		.4byte	.Ldebug_line0
 259 0025 02       		.uleb128 0x2
 260 0026 01       		.byte	0x1
 261 0027 06       		.byte	0x6
 262 0028 5C010000 		.4byte	.LASF0
 263 002c 02       		.uleb128 0x2
 264 002d 01       		.byte	0x1
 265 002e 08       		.byte	0x8
 266 002f 84000000 		.4byte	.LASF1
 267 0033 02       		.uleb128 0x2
 268 0034 02       		.byte	0x2
 269 0035 05       		.byte	0x5
 270 0036 A8010000 		.4byte	.LASF2
ARM GAS  C:\Users\KJA\AppData\Local\Temp\ccpq7VYT.s 			page 8


 271 003a 02       		.uleb128 0x2
 272 003b 02       		.byte	0x2
 273 003c 07       		.byte	0x7
 274 003d 0E000000 		.4byte	.LASF3
 275 0041 02       		.uleb128 0x2
 276 0042 04       		.byte	0x4
 277 0043 05       		.byte	0x5
 278 0044 97000000 		.4byte	.LASF4
 279 0048 02       		.uleb128 0x2
 280 0049 04       		.byte	0x4
 281 004a 07       		.byte	0x7
 282 004b 39000000 		.4byte	.LASF5
 283 004f 02       		.uleb128 0x2
 284 0050 08       		.byte	0x8
 285 0051 05       		.byte	0x5
 286 0052 00000000 		.4byte	.LASF6
 287 0056 02       		.uleb128 0x2
 288 0057 08       		.byte	0x8
 289 0058 07       		.byte	0x7
 290 0059 4B000000 		.4byte	.LASF7
 291 005d 03       		.uleb128 0x3
 292 005e 04       		.byte	0x4
 293 005f 05       		.byte	0x5
 294 0060 696E7400 		.ascii	"int\000"
 295 0064 02       		.uleb128 0x2
 296 0065 04       		.byte	0x4
 297 0066 07       		.byte	0x7
 298 0067 21000000 		.4byte	.LASF8
 299 006b 04       		.uleb128 0x4
 300 006c 33000000 		.4byte	.LASF12
 301 0070 02       		.byte	0x2
 302 0071 C2       		.byte	0xc2
 303 0072 2C000000 		.4byte	0x2c
 304 0076 02       		.uleb128 0x2
 305 0077 04       		.byte	0x4
 306 0078 04       		.byte	0x4
 307 0079 8D010000 		.4byte	.LASF9
 308 007d 02       		.uleb128 0x2
 309 007e 08       		.byte	0x8
 310 007f 04       		.byte	0x4
 311 0080 2E010000 		.4byte	.LASF10
 312 0084 02       		.uleb128 0x2
 313 0085 01       		.byte	0x1
 314 0086 08       		.byte	0x8
 315 0087 92000000 		.4byte	.LASF11
 316 008b 05       		.uleb128 0x5
 317 008c 2E000000 		.4byte	.LASF13
 318 0090 02       		.byte	0x2
 319 0091 6C01     		.2byte	0x16c
 320 0093 97000000 		.4byte	0x97
 321 0097 06       		.uleb128 0x6
 322 0098 6B000000 		.4byte	0x6b
 323 009c 02       		.uleb128 0x2
 324 009d 04       		.byte	0x4
 325 009e 07       		.byte	0x7
 326 009f 09020000 		.4byte	.LASF14
 327 00a3 07       		.uleb128 0x7
ARM GAS  C:\Users\KJA\AppData\Local\Temp\ccpq7VYT.s 			page 9


 328 00a4 4B010000 		.4byte	.LASF19
 329 00a8 01       		.byte	0x1
 330 00a9 25       		.byte	0x25
 331 00aa 6B000000 		.4byte	0x6b
 332 00ae 00000000 		.4byte	.LFB0
 333 00b2 18000000 		.4byte	.LFE0-.LFB0
 334 00b6 01       		.uleb128 0x1
 335 00b7 9C       		.byte	0x9c
 336 00b8 08       		.uleb128 0x8
 337 00b9 ED010000 		.4byte	.LASF15
 338 00bd 01       		.byte	0x1
 339 00be 39       		.byte	0x39
 340 00bf 00000000 		.4byte	.LFB1
 341 00c3 30000000 		.4byte	.LFE1-.LFB1
 342 00c7 01       		.uleb128 0x1
 343 00c8 9C       		.byte	0x9c
 344 00c9 DC000000 		.4byte	0xdc
 345 00cd 09       		.uleb128 0x9
 346 00ce 12020000 		.4byte	.LASF17
 347 00d2 01       		.byte	0x1
 348 00d3 3B       		.byte	0x3b
 349 00d4 6B000000 		.4byte	0x6b
 350 00d8 02       		.uleb128 0x2
 351 00d9 91       		.byte	0x91
 352 00da 77       		.sleb128 -9
 353 00db 00       		.byte	0
 354 00dc 08       		.uleb128 0x8
 355 00dd 62000000 		.4byte	.LASF16
 356 00e1 01       		.byte	0x1
 357 00e2 50       		.byte	0x50
 358 00e3 00000000 		.4byte	.LFB2
 359 00e7 30000000 		.4byte	.LFE2-.LFB2
 360 00eb 01       		.uleb128 0x1
 361 00ec 9C       		.byte	0x9c
 362 00ed 00010000 		.4byte	0x100
 363 00f1 09       		.uleb128 0x9
 364 00f2 12020000 		.4byte	.LASF17
 365 00f6 01       		.byte	0x1
 366 00f7 52       		.byte	0x52
 367 00f8 6B000000 		.4byte	0x6b
 368 00fc 02       		.uleb128 0x2
 369 00fd 91       		.byte	0x91
 370 00fe 77       		.sleb128 -9
 371 00ff 00       		.byte	0
 372 0100 0A       		.uleb128 0xa
 373 0101 35010000 		.4byte	.LASF18
 374 0105 01       		.byte	0x1
 375 0106 67       		.byte	0x67
 376 0107 00000000 		.4byte	.LFB3
 377 010b 28000000 		.4byte	.LFE3-.LFB3
 378 010f 01       		.uleb128 0x1
 379 0110 9C       		.byte	0x9c
 380 0111 24010000 		.4byte	0x124
 381 0115 0B       		.uleb128 0xb
 382 0116 7F000000 		.4byte	.LASF24
 383 011a 01       		.byte	0x1
 384 011b 67       		.byte	0x67
ARM GAS  C:\Users\KJA\AppData\Local\Temp\ccpq7VYT.s 			page 10


 385 011c 6B000000 		.4byte	0x6b
 386 0120 02       		.uleb128 0x2
 387 0121 91       		.byte	0x91
 388 0122 77       		.sleb128 -9
 389 0123 00       		.byte	0
 390 0124 07       		.uleb128 0x7
 391 0125 93010000 		.4byte	.LASF20
 392 0129 01       		.byte	0x1
 393 012a 7E       		.byte	0x7e
 394 012b 6B000000 		.4byte	0x6b
 395 012f 00000000 		.4byte	.LFB4
 396 0133 18000000 		.4byte	.LFE4-.LFB4
 397 0137 01       		.uleb128 0x1
 398 0138 9C       		.byte	0x9c
 399 0139 00       		.byte	0
 400              		.section	.debug_abbrev,"",%progbits
 401              	.Ldebug_abbrev0:
 402 0000 01       		.uleb128 0x1
 403 0001 11       		.uleb128 0x11
 404 0002 01       		.byte	0x1
 405 0003 25       		.uleb128 0x25
 406 0004 0E       		.uleb128 0xe
 407 0005 13       		.uleb128 0x13
 408 0006 0B       		.uleb128 0xb
 409 0007 03       		.uleb128 0x3
 410 0008 0E       		.uleb128 0xe
 411 0009 1B       		.uleb128 0x1b
 412 000a 0E       		.uleb128 0xe
 413 000b 55       		.uleb128 0x55
 414 000c 17       		.uleb128 0x17
 415 000d 11       		.uleb128 0x11
 416 000e 01       		.uleb128 0x1
 417 000f 10       		.uleb128 0x10
 418 0010 17       		.uleb128 0x17
 419 0011 00       		.byte	0
 420 0012 00       		.byte	0
 421 0013 02       		.uleb128 0x2
 422 0014 24       		.uleb128 0x24
 423 0015 00       		.byte	0
 424 0016 0B       		.uleb128 0xb
 425 0017 0B       		.uleb128 0xb
 426 0018 3E       		.uleb128 0x3e
 427 0019 0B       		.uleb128 0xb
 428 001a 03       		.uleb128 0x3
 429 001b 0E       		.uleb128 0xe
 430 001c 00       		.byte	0
 431 001d 00       		.byte	0
 432 001e 03       		.uleb128 0x3
 433 001f 24       		.uleb128 0x24
 434 0020 00       		.byte	0
 435 0021 0B       		.uleb128 0xb
 436 0022 0B       		.uleb128 0xb
 437 0023 3E       		.uleb128 0x3e
 438 0024 0B       		.uleb128 0xb
 439 0025 03       		.uleb128 0x3
 440 0026 08       		.uleb128 0x8
 441 0027 00       		.byte	0
ARM GAS  C:\Users\KJA\AppData\Local\Temp\ccpq7VYT.s 			page 11


 442 0028 00       		.byte	0
 443 0029 04       		.uleb128 0x4
 444 002a 16       		.uleb128 0x16
 445 002b 00       		.byte	0
 446 002c 03       		.uleb128 0x3
 447 002d 0E       		.uleb128 0xe
 448 002e 3A       		.uleb128 0x3a
 449 002f 0B       		.uleb128 0xb
 450 0030 3B       		.uleb128 0x3b
 451 0031 0B       		.uleb128 0xb
 452 0032 49       		.uleb128 0x49
 453 0033 13       		.uleb128 0x13
 454 0034 00       		.byte	0
 455 0035 00       		.byte	0
 456 0036 05       		.uleb128 0x5
 457 0037 16       		.uleb128 0x16
 458 0038 00       		.byte	0
 459 0039 03       		.uleb128 0x3
 460 003a 0E       		.uleb128 0xe
 461 003b 3A       		.uleb128 0x3a
 462 003c 0B       		.uleb128 0xb
 463 003d 3B       		.uleb128 0x3b
 464 003e 05       		.uleb128 0x5
 465 003f 49       		.uleb128 0x49
 466 0040 13       		.uleb128 0x13
 467 0041 00       		.byte	0
 468 0042 00       		.byte	0
 469 0043 06       		.uleb128 0x6
 470 0044 35       		.uleb128 0x35
 471 0045 00       		.byte	0
 472 0046 49       		.uleb128 0x49
 473 0047 13       		.uleb128 0x13
 474 0048 00       		.byte	0
 475 0049 00       		.byte	0
 476 004a 07       		.uleb128 0x7
 477 004b 2E       		.uleb128 0x2e
 478 004c 00       		.byte	0
 479 004d 3F       		.uleb128 0x3f
 480 004e 19       		.uleb128 0x19
 481 004f 03       		.uleb128 0x3
 482 0050 0E       		.uleb128 0xe
 483 0051 3A       		.uleb128 0x3a
 484 0052 0B       		.uleb128 0xb
 485 0053 3B       		.uleb128 0x3b
 486 0054 0B       		.uleb128 0xb
 487 0055 27       		.uleb128 0x27
 488 0056 19       		.uleb128 0x19
 489 0057 49       		.uleb128 0x49
 490 0058 13       		.uleb128 0x13
 491 0059 11       		.uleb128 0x11
 492 005a 01       		.uleb128 0x1
 493 005b 12       		.uleb128 0x12
 494 005c 06       		.uleb128 0x6
 495 005d 40       		.uleb128 0x40
 496 005e 18       		.uleb128 0x18
 497 005f 9742     		.uleb128 0x2117
 498 0061 19       		.uleb128 0x19
ARM GAS  C:\Users\KJA\AppData\Local\Temp\ccpq7VYT.s 			page 12


 499 0062 00       		.byte	0
 500 0063 00       		.byte	0
 501 0064 08       		.uleb128 0x8
 502 0065 2E       		.uleb128 0x2e
 503 0066 01       		.byte	0x1
 504 0067 3F       		.uleb128 0x3f
 505 0068 19       		.uleb128 0x19
 506 0069 03       		.uleb128 0x3
 507 006a 0E       		.uleb128 0xe
 508 006b 3A       		.uleb128 0x3a
 509 006c 0B       		.uleb128 0xb
 510 006d 3B       		.uleb128 0x3b
 511 006e 0B       		.uleb128 0xb
 512 006f 27       		.uleb128 0x27
 513 0070 19       		.uleb128 0x19
 514 0071 11       		.uleb128 0x11
 515 0072 01       		.uleb128 0x1
 516 0073 12       		.uleb128 0x12
 517 0074 06       		.uleb128 0x6
 518 0075 40       		.uleb128 0x40
 519 0076 18       		.uleb128 0x18
 520 0077 9642     		.uleb128 0x2116
 521 0079 19       		.uleb128 0x19
 522 007a 01       		.uleb128 0x1
 523 007b 13       		.uleb128 0x13
 524 007c 00       		.byte	0
 525 007d 00       		.byte	0
 526 007e 09       		.uleb128 0x9
 527 007f 34       		.uleb128 0x34
 528 0080 00       		.byte	0
 529 0081 03       		.uleb128 0x3
 530 0082 0E       		.uleb128 0xe
 531 0083 3A       		.uleb128 0x3a
 532 0084 0B       		.uleb128 0xb
 533 0085 3B       		.uleb128 0x3b
 534 0086 0B       		.uleb128 0xb
 535 0087 49       		.uleb128 0x49
 536 0088 13       		.uleb128 0x13
 537 0089 02       		.uleb128 0x2
 538 008a 18       		.uleb128 0x18
 539 008b 00       		.byte	0
 540 008c 00       		.byte	0
 541 008d 0A       		.uleb128 0xa
 542 008e 2E       		.uleb128 0x2e
 543 008f 01       		.byte	0x1
 544 0090 3F       		.uleb128 0x3f
 545 0091 19       		.uleb128 0x19
 546 0092 03       		.uleb128 0x3
 547 0093 0E       		.uleb128 0xe
 548 0094 3A       		.uleb128 0x3a
 549 0095 0B       		.uleb128 0xb
 550 0096 3B       		.uleb128 0x3b
 551 0097 0B       		.uleb128 0xb
 552 0098 27       		.uleb128 0x27
 553 0099 19       		.uleb128 0x19
 554 009a 11       		.uleb128 0x11
 555 009b 01       		.uleb128 0x1
ARM GAS  C:\Users\KJA\AppData\Local\Temp\ccpq7VYT.s 			page 13


 556 009c 12       		.uleb128 0x12
 557 009d 06       		.uleb128 0x6
 558 009e 40       		.uleb128 0x40
 559 009f 18       		.uleb128 0x18
 560 00a0 9742     		.uleb128 0x2117
 561 00a2 19       		.uleb128 0x19
 562 00a3 01       		.uleb128 0x1
 563 00a4 13       		.uleb128 0x13
 564 00a5 00       		.byte	0
 565 00a6 00       		.byte	0
 566 00a7 0B       		.uleb128 0xb
 567 00a8 05       		.uleb128 0x5
 568 00a9 00       		.byte	0
 569 00aa 03       		.uleb128 0x3
 570 00ab 0E       		.uleb128 0xe
 571 00ac 3A       		.uleb128 0x3a
 572 00ad 0B       		.uleb128 0xb
 573 00ae 3B       		.uleb128 0x3b
 574 00af 0B       		.uleb128 0xb
 575 00b0 49       		.uleb128 0x49
 576 00b1 13       		.uleb128 0x13
 577 00b2 02       		.uleb128 0x2
 578 00b3 18       		.uleb128 0x18
 579 00b4 00       		.byte	0
 580 00b5 00       		.byte	0
 581 00b6 00       		.byte	0
 582              		.section	.debug_aranges,"",%progbits
 583 0000 3C000000 		.4byte	0x3c
 584 0004 0200     		.2byte	0x2
 585 0006 00000000 		.4byte	.Ldebug_info0
 586 000a 04       		.byte	0x4
 587 000b 00       		.byte	0
 588 000c 0000     		.2byte	0
 589 000e 0000     		.2byte	0
 590 0010 00000000 		.4byte	.LFB0
 591 0014 18000000 		.4byte	.LFE0-.LFB0
 592 0018 00000000 		.4byte	.LFB1
 593 001c 30000000 		.4byte	.LFE1-.LFB1
 594 0020 00000000 		.4byte	.LFB2
 595 0024 30000000 		.4byte	.LFE2-.LFB2
 596 0028 00000000 		.4byte	.LFB3
 597 002c 28000000 		.4byte	.LFE3-.LFB3
 598 0030 00000000 		.4byte	.LFB4
 599 0034 18000000 		.4byte	.LFE4-.LFB4
 600 0038 00000000 		.4byte	0
 601 003c 00000000 		.4byte	0
 602              		.section	.debug_ranges,"",%progbits
 603              	.Ldebug_ranges0:
 604 0000 00000000 		.4byte	.LFB0
 605 0004 18000000 		.4byte	.LFE0
 606 0008 00000000 		.4byte	.LFB1
 607 000c 30000000 		.4byte	.LFE1
 608 0010 00000000 		.4byte	.LFB2
 609 0014 30000000 		.4byte	.LFE2
 610 0018 00000000 		.4byte	.LFB3
 611 001c 28000000 		.4byte	.LFE3
 612 0020 00000000 		.4byte	.LFB4
ARM GAS  C:\Users\KJA\AppData\Local\Temp\ccpq7VYT.s 			page 14


 613 0024 18000000 		.4byte	.LFE4
 614 0028 00000000 		.4byte	0
 615 002c 00000000 		.4byte	0
 616              		.section	.debug_line,"",%progbits
 617              	.Ldebug_line0:
 618 0000 AB000000 		.section	.debug_str,"MS",%progbits,1
 618      02004800 
 618      00000201 
 618      FB0E0D00 
 618      01010101 
 619              	.LASF6:
 620 0000 6C6F6E67 		.ascii	"long long int\000"
 620      206C6F6E 
 620      6720696E 
 620      7400
 621              	.LASF3:
 622 000e 73686F72 		.ascii	"short unsigned int\000"
 622      7420756E 
 622      7369676E 
 622      65642069 
 622      6E7400
 623              	.LASF8:
 624 0021 756E7369 		.ascii	"unsigned int\000"
 624      676E6564 
 624      20696E74 
 624      00
 625              	.LASF13:
 626 002e 72656738 		.ascii	"reg8\000"
 626      00
 627              	.LASF12:
 628 0033 75696E74 		.ascii	"uint8\000"
 628      3800
 629              	.LASF5:
 630 0039 6C6F6E67 		.ascii	"long unsigned int\000"
 630      20756E73 
 630      69676E65 
 630      6420696E 
 630      7400
 631              	.LASF7:
 632 004b 6C6F6E67 		.ascii	"long long unsigned int\000"
 632      206C6F6E 
 632      6720756E 
 632      7369676E 
 632      65642069 
 633              	.LASF16:
 634 0062 42757474 		.ascii	"Button4_Reg_InterruptDisable\000"
 634      6F6E345F 
 634      5265675F 
 634      496E7465 
 634      72727570 
 635              	.LASF24:
 636 007f 6D61736B 		.ascii	"mask\000"
 636      00
 637              	.LASF1:
 638 0084 756E7369 		.ascii	"unsigned char\000"
 638      676E6564 
 638      20636861 
ARM GAS  C:\Users\KJA\AppData\Local\Temp\ccpq7VYT.s 			page 15


 638      7200
 639              	.LASF11:
 640 0092 63686172 		.ascii	"char\000"
 640      00
 641              	.LASF4:
 642 0097 6C6F6E67 		.ascii	"long int\000"
 642      20696E74 
 642      00
 643              	.LASF21:
 644 00a0 474E5520 		.ascii	"GNU C 4.9.3 20150303 (release) [ARM/embedded-4_9-br"
 644      4320342E 
 644      392E3320 
 644      32303135 
 644      30333033 
 645 00d3 616E6368 		.ascii	"anch revision 221220] -mcpu=cortex-m3 -mthumb -g -O"
 645      20726576 
 645      6973696F 
 645      6E203232 
 645      31323230 
 646 0106 30202D66 		.ascii	"0 -ffunction-sections -ffat-lto-objects\000"
 646      66756E63 
 646      74696F6E 
 646      2D736563 
 646      74696F6E 
 647              	.LASF10:
 648 012e 646F7562 		.ascii	"double\000"
 648      6C6500
 649              	.LASF18:
 650 0135 42757474 		.ascii	"Button4_Reg_WriteMask\000"
 650      6F6E345F 
 650      5265675F 
 650      57726974 
 650      654D6173 
 651              	.LASF19:
 652 014b 42757474 		.ascii	"Button4_Reg_Read\000"
 652      6F6E345F 
 652      5265675F 
 652      52656164 
 652      00
 653              	.LASF0:
 654 015c 7369676E 		.ascii	"signed char\000"
 654      65642063 
 654      68617200 
 655              	.LASF22:
 656 0168 47656E65 		.ascii	"Generated_Source\\PSoC5\\Button4_Reg.c\000"
 656      72617465 
 656      645F536F 
 656      75726365 
 656      5C50536F 
 657              	.LASF9:
 658 018d 666C6F61 		.ascii	"float\000"
 658      7400
 659              	.LASF20:
 660 0193 42757474 		.ascii	"Button4_Reg_ReadMask\000"
 660      6F6E345F 
 660      5265675F 
 660      52656164 
ARM GAS  C:\Users\KJA\AppData\Local\Temp\ccpq7VYT.s 			page 16


 660      4D61736B 
 661              	.LASF2:
 662 01a8 73686F72 		.ascii	"short int\000"
 662      7420696E 
 662      7400
 663              	.LASF23:
 664 01b2 443A5C57 		.ascii	"D:\\Workspace\\PSoC_Creator\\Active_Load\\Active_Lo"
 664      6F726B73 
 664      70616365 
 664      5C50536F 
 664      435F4372 
 665 01e1 61645F76 		.ascii	"ad_v9.cydsn\000"
 665      392E6379 
 665      64736E00 
 666              	.LASF15:
 667 01ed 42757474 		.ascii	"Button4_Reg_InterruptEnable\000"
 667      6F6E345F 
 667      5265675F 
 667      496E7465 
 667      72727570 
 668              	.LASF14:
 669 0209 73697A65 		.ascii	"sizetype\000"
 669      74797065 
 669      00
 670              	.LASF17:
 671 0212 696E7465 		.ascii	"interruptState\000"
 671      72727570 
 671      74537461 
 671      746500
 672              		.ident	"GCC: (GNU Tools for ARM Embedded Processors) 4.9.3 20150303 (release) [ARM/embedded-4_9-br
