ARM GAS  C:\Users\Shiguruy\AppData\Local\Temp\ccmeqyMO.s 			page 1


   1              		.syntax unified
   2              		.cpu cortex-m3
   3              		.fpu softvfp
   4              		.eabi_attribute 20, 1
   5              		.eabi_attribute 21, 1
   6              		.eabi_attribute 23, 3
   7              		.eabi_attribute 24, 1
   8              		.eabi_attribute 25, 1
   9              		.eabi_attribute 26, 1
  10              		.eabi_attribute 30, 6
  11              		.eabi_attribute 34, 1
  12              		.eabi_attribute 18, 4
  13              		.thumb
  14              		.file	"Buzzer_Counter_Enable_PM.c"
  15              		.text
  16              	.Ltext0:
  17              		.cfi_sections	.debug_frame
  18              		.bss
  19              		.align	2
  20              	Buzzer_Counter_Enable_backup:
  21 0000 00       		.space	1
  22 0001 000000   		.section	.text.Buzzer_Counter_Enable_SaveConfig,"ax",%progbits
  23              		.align	2
  24              		.global	Buzzer_Counter_Enable_SaveConfig
  25              		.thumb
  26              		.thumb_func
  27              		.type	Buzzer_Counter_Enable_SaveConfig, %function
  28              	Buzzer_Counter_Enable_SaveConfig:
  29              	.LFB0:
  30              		.file 1 ".\\Generated_Source\\PSoC5\\Buzzer_Counter_Enable_PM.c"
   1:.\Generated_Source\PSoC5/Buzzer_Counter_Enable_PM.c **** /*******************************************************************************
   2:.\Generated_Source\PSoC5/Buzzer_Counter_Enable_PM.c **** * File Name: Buzzer_Counter_Enable_PM.c
   3:.\Generated_Source\PSoC5/Buzzer_Counter_Enable_PM.c **** * Version 1.80
   4:.\Generated_Source\PSoC5/Buzzer_Counter_Enable_PM.c **** *
   5:.\Generated_Source\PSoC5/Buzzer_Counter_Enable_PM.c **** * Description:
   6:.\Generated_Source\PSoC5/Buzzer_Counter_Enable_PM.c **** *  This file contains the setup, control, and status commands to support 
   7:.\Generated_Source\PSoC5/Buzzer_Counter_Enable_PM.c **** *  the component operation in the low power mode. 
   8:.\Generated_Source\PSoC5/Buzzer_Counter_Enable_PM.c **** *
   9:.\Generated_Source\PSoC5/Buzzer_Counter_Enable_PM.c **** * Note:
  10:.\Generated_Source\PSoC5/Buzzer_Counter_Enable_PM.c **** *
  11:.\Generated_Source\PSoC5/Buzzer_Counter_Enable_PM.c **** ********************************************************************************
  12:.\Generated_Source\PSoC5/Buzzer_Counter_Enable_PM.c **** * Copyright 2015, Cypress Semiconductor Corporation.  All rights reserved.
  13:.\Generated_Source\PSoC5/Buzzer_Counter_Enable_PM.c **** * You may use this file only in accordance with the license, terms, conditions, 
  14:.\Generated_Source\PSoC5/Buzzer_Counter_Enable_PM.c **** * disclaimers, and limitations in the end user license agreement accompanying 
  15:.\Generated_Source\PSoC5/Buzzer_Counter_Enable_PM.c **** * the software package with which this file was provided.
  16:.\Generated_Source\PSoC5/Buzzer_Counter_Enable_PM.c **** *******************************************************************************/
  17:.\Generated_Source\PSoC5/Buzzer_Counter_Enable_PM.c **** 
  18:.\Generated_Source\PSoC5/Buzzer_Counter_Enable_PM.c **** #include "Buzzer_Counter_Enable.h"
  19:.\Generated_Source\PSoC5/Buzzer_Counter_Enable_PM.c **** 
  20:.\Generated_Source\PSoC5/Buzzer_Counter_Enable_PM.c **** /* Check for removal by optimization */
  21:.\Generated_Source\PSoC5/Buzzer_Counter_Enable_PM.c **** #if !defined(Buzzer_Counter_Enable_Sync_ctrl_reg__REMOVED)
  22:.\Generated_Source\PSoC5/Buzzer_Counter_Enable_PM.c **** 
  23:.\Generated_Source\PSoC5/Buzzer_Counter_Enable_PM.c **** static Buzzer_Counter_Enable_BACKUP_STRUCT  Buzzer_Counter_Enable_backup = {0u};
  24:.\Generated_Source\PSoC5/Buzzer_Counter_Enable_PM.c **** 
  25:.\Generated_Source\PSoC5/Buzzer_Counter_Enable_PM.c ****     
  26:.\Generated_Source\PSoC5/Buzzer_Counter_Enable_PM.c **** /*******************************************************************************
  27:.\Generated_Source\PSoC5/Buzzer_Counter_Enable_PM.c **** * Function Name: Buzzer_Counter_Enable_SaveConfig
ARM GAS  C:\Users\Shiguruy\AppData\Local\Temp\ccmeqyMO.s 			page 2


  28:.\Generated_Source\PSoC5/Buzzer_Counter_Enable_PM.c **** ********************************************************************************
  29:.\Generated_Source\PSoC5/Buzzer_Counter_Enable_PM.c **** *
  30:.\Generated_Source\PSoC5/Buzzer_Counter_Enable_PM.c **** * Summary:
  31:.\Generated_Source\PSoC5/Buzzer_Counter_Enable_PM.c **** *  Saves the control register value.
  32:.\Generated_Source\PSoC5/Buzzer_Counter_Enable_PM.c **** *
  33:.\Generated_Source\PSoC5/Buzzer_Counter_Enable_PM.c **** * Parameters:
  34:.\Generated_Source\PSoC5/Buzzer_Counter_Enable_PM.c **** *  None
  35:.\Generated_Source\PSoC5/Buzzer_Counter_Enable_PM.c **** *
  36:.\Generated_Source\PSoC5/Buzzer_Counter_Enable_PM.c **** * Return:
  37:.\Generated_Source\PSoC5/Buzzer_Counter_Enable_PM.c **** *  None
  38:.\Generated_Source\PSoC5/Buzzer_Counter_Enable_PM.c **** *
  39:.\Generated_Source\PSoC5/Buzzer_Counter_Enable_PM.c **** *******************************************************************************/
  40:.\Generated_Source\PSoC5/Buzzer_Counter_Enable_PM.c **** void Buzzer_Counter_Enable_SaveConfig(void) 
  41:.\Generated_Source\PSoC5/Buzzer_Counter_Enable_PM.c **** {
  31              		.loc 1 41 0
  32              		.cfi_startproc
  33              		@ args = 0, pretend = 0, frame = 0
  34              		@ frame_needed = 1, uses_anonymous_args = 0
  35              		@ link register save eliminated.
  36 0000 80B4     		push	{r7}
  37              		.cfi_def_cfa_offset 4
  38              		.cfi_offset 7, -4
  39 0002 00AF     		add	r7, sp, #0
  40              		.cfi_def_cfa_register 7
  42:.\Generated_Source\PSoC5/Buzzer_Counter_Enable_PM.c ****     Buzzer_Counter_Enable_backup.controlState = Buzzer_Counter_Enable_Control;
  41              		.loc 1 42 0
  42 0004 044B     		ldr	r3, .L2
  43 0006 1B78     		ldrb	r3, [r3]
  44 0008 DAB2     		uxtb	r2, r3
  45 000a 044B     		ldr	r3, .L2+4
  46 000c 1A70     		strb	r2, [r3]
  43:.\Generated_Source\PSoC5/Buzzer_Counter_Enable_PM.c **** }
  47              		.loc 1 43 0
  48 000e BD46     		mov	sp, r7
  49              		.cfi_def_cfa_register 13
  50              		@ sp needed
  51 0010 5DF8047B 		ldr	r7, [sp], #4
  52              		.cfi_restore 7
  53              		.cfi_def_cfa_offset 0
  54 0014 7047     		bx	lr
  55              	.L3:
  56 0016 00BF     		.align	2
  57              	.L2:
  58 0018 78640040 		.word	1073767544
  59 001c 00000000 		.word	Buzzer_Counter_Enable_backup
  60              		.cfi_endproc
  61              	.LFE0:
  62              		.size	Buzzer_Counter_Enable_SaveConfig, .-Buzzer_Counter_Enable_SaveConfig
  63              		.section	.text.Buzzer_Counter_Enable_RestoreConfig,"ax",%progbits
  64              		.align	2
  65              		.global	Buzzer_Counter_Enable_RestoreConfig
  66              		.thumb
  67              		.thumb_func
  68              		.type	Buzzer_Counter_Enable_RestoreConfig, %function
  69              	Buzzer_Counter_Enable_RestoreConfig:
  70              	.LFB1:
  44:.\Generated_Source\PSoC5/Buzzer_Counter_Enable_PM.c **** 
ARM GAS  C:\Users\Shiguruy\AppData\Local\Temp\ccmeqyMO.s 			page 3


  45:.\Generated_Source\PSoC5/Buzzer_Counter_Enable_PM.c **** 
  46:.\Generated_Source\PSoC5/Buzzer_Counter_Enable_PM.c **** /*******************************************************************************
  47:.\Generated_Source\PSoC5/Buzzer_Counter_Enable_PM.c **** * Function Name: Buzzer_Counter_Enable_RestoreConfig
  48:.\Generated_Source\PSoC5/Buzzer_Counter_Enable_PM.c **** ********************************************************************************
  49:.\Generated_Source\PSoC5/Buzzer_Counter_Enable_PM.c **** *
  50:.\Generated_Source\PSoC5/Buzzer_Counter_Enable_PM.c **** * Summary:
  51:.\Generated_Source\PSoC5/Buzzer_Counter_Enable_PM.c **** *  Restores the control register value.
  52:.\Generated_Source\PSoC5/Buzzer_Counter_Enable_PM.c **** *
  53:.\Generated_Source\PSoC5/Buzzer_Counter_Enable_PM.c **** * Parameters:
  54:.\Generated_Source\PSoC5/Buzzer_Counter_Enable_PM.c **** *  None
  55:.\Generated_Source\PSoC5/Buzzer_Counter_Enable_PM.c **** *
  56:.\Generated_Source\PSoC5/Buzzer_Counter_Enable_PM.c **** * Return:
  57:.\Generated_Source\PSoC5/Buzzer_Counter_Enable_PM.c **** *  None
  58:.\Generated_Source\PSoC5/Buzzer_Counter_Enable_PM.c **** *
  59:.\Generated_Source\PSoC5/Buzzer_Counter_Enable_PM.c **** *
  60:.\Generated_Source\PSoC5/Buzzer_Counter_Enable_PM.c **** *******************************************************************************/
  61:.\Generated_Source\PSoC5/Buzzer_Counter_Enable_PM.c **** void Buzzer_Counter_Enable_RestoreConfig(void) 
  62:.\Generated_Source\PSoC5/Buzzer_Counter_Enable_PM.c **** {
  71              		.loc 1 62 0
  72              		.cfi_startproc
  73              		@ args = 0, pretend = 0, frame = 0
  74              		@ frame_needed = 1, uses_anonymous_args = 0
  75              		@ link register save eliminated.
  76 0000 80B4     		push	{r7}
  77              		.cfi_def_cfa_offset 4
  78              		.cfi_offset 7, -4
  79 0002 00AF     		add	r7, sp, #0
  80              		.cfi_def_cfa_register 7
  63:.\Generated_Source\PSoC5/Buzzer_Counter_Enable_PM.c ****      Buzzer_Counter_Enable_Control = Buzzer_Counter_Enable_backup.controlState;
  81              		.loc 1 63 0
  82 0004 034B     		ldr	r3, .L5
  83 0006 044A     		ldr	r2, .L5+4
  84 0008 1278     		ldrb	r2, [r2]	@ zero_extendqisi2
  85 000a 1A70     		strb	r2, [r3]
  64:.\Generated_Source\PSoC5/Buzzer_Counter_Enable_PM.c **** }
  86              		.loc 1 64 0
  87 000c BD46     		mov	sp, r7
  88              		.cfi_def_cfa_register 13
  89              		@ sp needed
  90 000e 5DF8047B 		ldr	r7, [sp], #4
  91              		.cfi_restore 7
  92              		.cfi_def_cfa_offset 0
  93 0012 7047     		bx	lr
  94              	.L6:
  95              		.align	2
  96              	.L5:
  97 0014 78640040 		.word	1073767544
  98 0018 00000000 		.word	Buzzer_Counter_Enable_backup
  99              		.cfi_endproc
 100              	.LFE1:
 101              		.size	Buzzer_Counter_Enable_RestoreConfig, .-Buzzer_Counter_Enable_RestoreConfig
 102              		.section	.text.Buzzer_Counter_Enable_Sleep,"ax",%progbits
 103              		.align	2
 104              		.global	Buzzer_Counter_Enable_Sleep
 105              		.thumb
 106              		.thumb_func
 107              		.type	Buzzer_Counter_Enable_Sleep, %function
ARM GAS  C:\Users\Shiguruy\AppData\Local\Temp\ccmeqyMO.s 			page 4


 108              	Buzzer_Counter_Enable_Sleep:
 109              	.LFB2:
  65:.\Generated_Source\PSoC5/Buzzer_Counter_Enable_PM.c **** 
  66:.\Generated_Source\PSoC5/Buzzer_Counter_Enable_PM.c **** 
  67:.\Generated_Source\PSoC5/Buzzer_Counter_Enable_PM.c **** /*******************************************************************************
  68:.\Generated_Source\PSoC5/Buzzer_Counter_Enable_PM.c **** * Function Name: Buzzer_Counter_Enable_Sleep
  69:.\Generated_Source\PSoC5/Buzzer_Counter_Enable_PM.c **** ********************************************************************************
  70:.\Generated_Source\PSoC5/Buzzer_Counter_Enable_PM.c **** *
  71:.\Generated_Source\PSoC5/Buzzer_Counter_Enable_PM.c **** * Summary:
  72:.\Generated_Source\PSoC5/Buzzer_Counter_Enable_PM.c **** *  Prepares the component for entering the low power mode.
  73:.\Generated_Source\PSoC5/Buzzer_Counter_Enable_PM.c **** *
  74:.\Generated_Source\PSoC5/Buzzer_Counter_Enable_PM.c **** * Parameters:
  75:.\Generated_Source\PSoC5/Buzzer_Counter_Enable_PM.c **** *  None
  76:.\Generated_Source\PSoC5/Buzzer_Counter_Enable_PM.c **** *
  77:.\Generated_Source\PSoC5/Buzzer_Counter_Enable_PM.c **** * Return:
  78:.\Generated_Source\PSoC5/Buzzer_Counter_Enable_PM.c **** *  None
  79:.\Generated_Source\PSoC5/Buzzer_Counter_Enable_PM.c **** *
  80:.\Generated_Source\PSoC5/Buzzer_Counter_Enable_PM.c **** *******************************************************************************/
  81:.\Generated_Source\PSoC5/Buzzer_Counter_Enable_PM.c **** void Buzzer_Counter_Enable_Sleep(void) 
  82:.\Generated_Source\PSoC5/Buzzer_Counter_Enable_PM.c **** {
 110              		.loc 1 82 0
 111              		.cfi_startproc
 112              		@ args = 0, pretend = 0, frame = 0
 113              		@ frame_needed = 1, uses_anonymous_args = 0
 114 0000 80B5     		push	{r7, lr}
 115              		.cfi_def_cfa_offset 8
 116              		.cfi_offset 7, -8
 117              		.cfi_offset 14, -4
 118 0002 00AF     		add	r7, sp, #0
 119              		.cfi_def_cfa_register 7
  83:.\Generated_Source\PSoC5/Buzzer_Counter_Enable_PM.c ****     Buzzer_Counter_Enable_SaveConfig();
 120              		.loc 1 83 0
 121 0004 FFF7FEFF 		bl	Buzzer_Counter_Enable_SaveConfig
  84:.\Generated_Source\PSoC5/Buzzer_Counter_Enable_PM.c **** }
 122              		.loc 1 84 0
 123 0008 80BD     		pop	{r7, pc}
 124              		.cfi_endproc
 125              	.LFE2:
 126              		.size	Buzzer_Counter_Enable_Sleep, .-Buzzer_Counter_Enable_Sleep
 127 000a 00BF     		.section	.text.Buzzer_Counter_Enable_Wakeup,"ax",%progbits
 128              		.align	2
 129              		.global	Buzzer_Counter_Enable_Wakeup
 130              		.thumb
 131              		.thumb_func
 132              		.type	Buzzer_Counter_Enable_Wakeup, %function
 133              	Buzzer_Counter_Enable_Wakeup:
 134              	.LFB3:
  85:.\Generated_Source\PSoC5/Buzzer_Counter_Enable_PM.c **** 
  86:.\Generated_Source\PSoC5/Buzzer_Counter_Enable_PM.c **** 
  87:.\Generated_Source\PSoC5/Buzzer_Counter_Enable_PM.c **** /*******************************************************************************
  88:.\Generated_Source\PSoC5/Buzzer_Counter_Enable_PM.c **** * Function Name: Buzzer_Counter_Enable_Wakeup
  89:.\Generated_Source\PSoC5/Buzzer_Counter_Enable_PM.c **** ********************************************************************************
  90:.\Generated_Source\PSoC5/Buzzer_Counter_Enable_PM.c **** *
  91:.\Generated_Source\PSoC5/Buzzer_Counter_Enable_PM.c **** * Summary:
  92:.\Generated_Source\PSoC5/Buzzer_Counter_Enable_PM.c **** *  Restores the component after waking up from the low power mode.
  93:.\Generated_Source\PSoC5/Buzzer_Counter_Enable_PM.c **** *
  94:.\Generated_Source\PSoC5/Buzzer_Counter_Enable_PM.c **** * Parameters:
ARM GAS  C:\Users\Shiguruy\AppData\Local\Temp\ccmeqyMO.s 			page 5


  95:.\Generated_Source\PSoC5/Buzzer_Counter_Enable_PM.c **** *  None
  96:.\Generated_Source\PSoC5/Buzzer_Counter_Enable_PM.c **** *
  97:.\Generated_Source\PSoC5/Buzzer_Counter_Enable_PM.c **** * Return:
  98:.\Generated_Source\PSoC5/Buzzer_Counter_Enable_PM.c **** *  None
  99:.\Generated_Source\PSoC5/Buzzer_Counter_Enable_PM.c **** *
 100:.\Generated_Source\PSoC5/Buzzer_Counter_Enable_PM.c **** *******************************************************************************/
 101:.\Generated_Source\PSoC5/Buzzer_Counter_Enable_PM.c **** void Buzzer_Counter_Enable_Wakeup(void)  
 102:.\Generated_Source\PSoC5/Buzzer_Counter_Enable_PM.c **** {
 135              		.loc 1 102 0
 136              		.cfi_startproc
 137              		@ args = 0, pretend = 0, frame = 0
 138              		@ frame_needed = 1, uses_anonymous_args = 0
 139 0000 80B5     		push	{r7, lr}
 140              		.cfi_def_cfa_offset 8
 141              		.cfi_offset 7, -8
 142              		.cfi_offset 14, -4
 143 0002 00AF     		add	r7, sp, #0
 144              		.cfi_def_cfa_register 7
 103:.\Generated_Source\PSoC5/Buzzer_Counter_Enable_PM.c ****     Buzzer_Counter_Enable_RestoreConfig();
 145              		.loc 1 103 0
 146 0004 FFF7FEFF 		bl	Buzzer_Counter_Enable_RestoreConfig
 104:.\Generated_Source\PSoC5/Buzzer_Counter_Enable_PM.c **** }
 147              		.loc 1 104 0
 148 0008 80BD     		pop	{r7, pc}
 149              		.cfi_endproc
 150              	.LFE3:
 151              		.size	Buzzer_Counter_Enable_Wakeup, .-Buzzer_Counter_Enable_Wakeup
 152 000a 00BF     		.text
 153              	.Letext0:
 154              		.file 2 ".\\Generated_Source\\PSoC5\\cytypes.h"
 155              		.file 3 ".\\Generated_Source\\PSoC5\\Buzzer_Counter_Enable.h"
 156              		.section	.debug_info,"",%progbits
 157              	.Ldebug_info0:
 158 0000 0E010000 		.4byte	0x10e
 159 0004 0400     		.2byte	0x4
 160 0006 00000000 		.4byte	.Ldebug_abbrev0
 161 000a 04       		.byte	0x4
 162 000b 01       		.uleb128 0x1
 163 000c 1C000000 		.4byte	.LASF19
 164 0010 01       		.byte	0x1
 165 0011 AA000000 		.4byte	.LASF20
 166 0015 DE000000 		.4byte	.LASF21
 167 0019 00000000 		.4byte	.Ldebug_ranges0+0
 168 001d 00000000 		.4byte	0
 169 0021 00000000 		.4byte	.Ldebug_line0
 170 0025 02       		.uleb128 0x2
 171 0026 01       		.byte	0x1
 172 0027 06       		.byte	0x6
 173 0028 20020000 		.4byte	.LASF0
 174 002c 02       		.uleb128 0x2
 175 002d 01       		.byte	0x1
 176 002e 08       		.byte	0x8
 177 002f 43010000 		.4byte	.LASF1
 178 0033 02       		.uleb128 0x2
 179 0034 02       		.byte	0x2
 180 0035 05       		.byte	0x5
 181 0036 07020000 		.4byte	.LASF2
ARM GAS  C:\Users\Shiguruy\AppData\Local\Temp\ccmeqyMO.s 			page 6


 182 003a 02       		.uleb128 0x2
 183 003b 02       		.byte	0x2
 184 003c 07       		.byte	0x7
 185 003d 68010000 		.4byte	.LASF3
 186 0041 02       		.uleb128 0x2
 187 0042 04       		.byte	0x4
 188 0043 05       		.byte	0x5
 189 0044 17020000 		.4byte	.LASF4
 190 0048 02       		.uleb128 0x2
 191 0049 04       		.byte	0x4
 192 004a 07       		.byte	0x7
 193 004b 56010000 		.4byte	.LASF5
 194 004f 02       		.uleb128 0x2
 195 0050 08       		.byte	0x8
 196 0051 05       		.byte	0x5
 197 0052 F4010000 		.4byte	.LASF6
 198 0056 02       		.uleb128 0x2
 199 0057 08       		.byte	0x8
 200 0058 07       		.byte	0x7
 201 0059 C0010000 		.4byte	.LASF7
 202 005d 03       		.uleb128 0x3
 203 005e 04       		.byte	0x4
 204 005f 05       		.byte	0x5
 205 0060 696E7400 		.ascii	"int\000"
 206 0064 02       		.uleb128 0x2
 207 0065 04       		.byte	0x4
 208 0066 07       		.byte	0x7
 209 0067 B3010000 		.4byte	.LASF8
 210 006b 04       		.uleb128 0x4
 211 006c 11020000 		.4byte	.LASF12
 212 0070 02       		.byte	0x2
 213 0071 C2       		.byte	0xc2
 214 0072 2C000000 		.4byte	0x2c
 215 0076 02       		.uleb128 0x2
 216 0077 04       		.byte	0x4
 217 0078 04       		.byte	0x4
 218 0079 19010000 		.4byte	.LASF9
 219 007d 02       		.uleb128 0x2
 220 007e 08       		.byte	0x8
 221 007f 04       		.byte	0x4
 222 0080 AC010000 		.4byte	.LASF10
 223 0084 02       		.uleb128 0x2
 224 0085 01       		.byte	0x1
 225 0086 08       		.byte	0x8
 226 0087 02020000 		.4byte	.LASF11
 227 008b 05       		.uleb128 0x5
 228 008c 51010000 		.4byte	.LASF13
 229 0090 02       		.byte	0x2
 230 0091 6C01     		.2byte	0x16c
 231 0093 97000000 		.4byte	0x97
 232 0097 06       		.uleb128 0x6
 233 0098 6B000000 		.4byte	0x6b
 234 009c 07       		.uleb128 0x7
 235 009d 01       		.byte	0x1
 236 009e 03       		.byte	0x3
 237 009f 1C       		.byte	0x1c
 238 00a0 B1000000 		.4byte	0xb1
ARM GAS  C:\Users\Shiguruy\AppData\Local\Temp\ccmeqyMO.s 			page 7


 239 00a4 08       		.uleb128 0x8
 240 00a5 7B010000 		.4byte	.LASF22
 241 00a9 03       		.byte	0x3
 242 00aa 1E       		.byte	0x1e
 243 00ab 6B000000 		.4byte	0x6b
 244 00af 00       		.byte	0
 245 00b0 00       		.byte	0
 246 00b1 04       		.uleb128 0x4
 247 00b2 1F010000 		.4byte	.LASF14
 248 00b6 03       		.byte	0x3
 249 00b7 20       		.byte	0x20
 250 00b8 9C000000 		.4byte	0x9c
 251 00bc 09       		.uleb128 0x9
 252 00bd 2C020000 		.4byte	.LASF15
 253 00c1 01       		.byte	0x1
 254 00c2 28       		.byte	0x28
 255 00c3 00000000 		.4byte	.LFB0
 256 00c7 20000000 		.4byte	.LFE0-.LFB0
 257 00cb 01       		.uleb128 0x1
 258 00cc 9C       		.byte	0x9c
 259 00cd 09       		.uleb128 0x9
 260 00ce 88010000 		.4byte	.LASF16
 261 00d2 01       		.byte	0x1
 262 00d3 3D       		.byte	0x3d
 263 00d4 00000000 		.4byte	.LFB1
 264 00d8 1C000000 		.4byte	.LFE1-.LFB1
 265 00dc 01       		.uleb128 0x1
 266 00dd 9C       		.byte	0x9c
 267 00de 0A       		.uleb128 0xa
 268 00df 00000000 		.4byte	.LASF17
 269 00e3 01       		.byte	0x1
 270 00e4 51       		.byte	0x51
 271 00e5 00000000 		.4byte	.LFB2
 272 00e9 0A000000 		.4byte	.LFE2-.LFB2
 273 00ed 01       		.uleb128 0x1
 274 00ee 9C       		.byte	0x9c
 275 00ef 0A       		.uleb128 0xa
 276 00f0 4D020000 		.4byte	.LASF18
 277 00f4 01       		.byte	0x1
 278 00f5 65       		.byte	0x65
 279 00f6 00000000 		.4byte	.LFB3
 280 00fa 0A000000 		.4byte	.LFE3-.LFB3
 281 00fe 01       		.uleb128 0x1
 282 00ff 9C       		.byte	0x9c
 283 0100 0B       		.uleb128 0xb
 284 0101 D7010000 		.4byte	.LASF23
 285 0105 01       		.byte	0x1
 286 0106 17       		.byte	0x17
 287 0107 B1000000 		.4byte	0xb1
 288 010b 05       		.uleb128 0x5
 289 010c 03       		.byte	0x3
 290 010d 00000000 		.4byte	Buzzer_Counter_Enable_backup
 291 0111 00       		.byte	0
 292              		.section	.debug_abbrev,"",%progbits
 293              	.Ldebug_abbrev0:
 294 0000 01       		.uleb128 0x1
 295 0001 11       		.uleb128 0x11
ARM GAS  C:\Users\Shiguruy\AppData\Local\Temp\ccmeqyMO.s 			page 8


 296 0002 01       		.byte	0x1
 297 0003 25       		.uleb128 0x25
 298 0004 0E       		.uleb128 0xe
 299 0005 13       		.uleb128 0x13
 300 0006 0B       		.uleb128 0xb
 301 0007 03       		.uleb128 0x3
 302 0008 0E       		.uleb128 0xe
 303 0009 1B       		.uleb128 0x1b
 304 000a 0E       		.uleb128 0xe
 305 000b 55       		.uleb128 0x55
 306 000c 17       		.uleb128 0x17
 307 000d 11       		.uleb128 0x11
 308 000e 01       		.uleb128 0x1
 309 000f 10       		.uleb128 0x10
 310 0010 17       		.uleb128 0x17
 311 0011 00       		.byte	0
 312 0012 00       		.byte	0
 313 0013 02       		.uleb128 0x2
 314 0014 24       		.uleb128 0x24
 315 0015 00       		.byte	0
 316 0016 0B       		.uleb128 0xb
 317 0017 0B       		.uleb128 0xb
 318 0018 3E       		.uleb128 0x3e
 319 0019 0B       		.uleb128 0xb
 320 001a 03       		.uleb128 0x3
 321 001b 0E       		.uleb128 0xe
 322 001c 00       		.byte	0
 323 001d 00       		.byte	0
 324 001e 03       		.uleb128 0x3
 325 001f 24       		.uleb128 0x24
 326 0020 00       		.byte	0
 327 0021 0B       		.uleb128 0xb
 328 0022 0B       		.uleb128 0xb
 329 0023 3E       		.uleb128 0x3e
 330 0024 0B       		.uleb128 0xb
 331 0025 03       		.uleb128 0x3
 332 0026 08       		.uleb128 0x8
 333 0027 00       		.byte	0
 334 0028 00       		.byte	0
 335 0029 04       		.uleb128 0x4
 336 002a 16       		.uleb128 0x16
 337 002b 00       		.byte	0
 338 002c 03       		.uleb128 0x3
 339 002d 0E       		.uleb128 0xe
 340 002e 3A       		.uleb128 0x3a
 341 002f 0B       		.uleb128 0xb
 342 0030 3B       		.uleb128 0x3b
 343 0031 0B       		.uleb128 0xb
 344 0032 49       		.uleb128 0x49
 345 0033 13       		.uleb128 0x13
 346 0034 00       		.byte	0
 347 0035 00       		.byte	0
 348 0036 05       		.uleb128 0x5
 349 0037 16       		.uleb128 0x16
 350 0038 00       		.byte	0
 351 0039 03       		.uleb128 0x3
 352 003a 0E       		.uleb128 0xe
ARM GAS  C:\Users\Shiguruy\AppData\Local\Temp\ccmeqyMO.s 			page 9


 353 003b 3A       		.uleb128 0x3a
 354 003c 0B       		.uleb128 0xb
 355 003d 3B       		.uleb128 0x3b
 356 003e 05       		.uleb128 0x5
 357 003f 49       		.uleb128 0x49
 358 0040 13       		.uleb128 0x13
 359 0041 00       		.byte	0
 360 0042 00       		.byte	0
 361 0043 06       		.uleb128 0x6
 362 0044 35       		.uleb128 0x35
 363 0045 00       		.byte	0
 364 0046 49       		.uleb128 0x49
 365 0047 13       		.uleb128 0x13
 366 0048 00       		.byte	0
 367 0049 00       		.byte	0
 368 004a 07       		.uleb128 0x7
 369 004b 13       		.uleb128 0x13
 370 004c 01       		.byte	0x1
 371 004d 0B       		.uleb128 0xb
 372 004e 0B       		.uleb128 0xb
 373 004f 3A       		.uleb128 0x3a
 374 0050 0B       		.uleb128 0xb
 375 0051 3B       		.uleb128 0x3b
 376 0052 0B       		.uleb128 0xb
 377 0053 01       		.uleb128 0x1
 378 0054 13       		.uleb128 0x13
 379 0055 00       		.byte	0
 380 0056 00       		.byte	0
 381 0057 08       		.uleb128 0x8
 382 0058 0D       		.uleb128 0xd
 383 0059 00       		.byte	0
 384 005a 03       		.uleb128 0x3
 385 005b 0E       		.uleb128 0xe
 386 005c 3A       		.uleb128 0x3a
 387 005d 0B       		.uleb128 0xb
 388 005e 3B       		.uleb128 0x3b
 389 005f 0B       		.uleb128 0xb
 390 0060 49       		.uleb128 0x49
 391 0061 13       		.uleb128 0x13
 392 0062 38       		.uleb128 0x38
 393 0063 0B       		.uleb128 0xb
 394 0064 00       		.byte	0
 395 0065 00       		.byte	0
 396 0066 09       		.uleb128 0x9
 397 0067 2E       		.uleb128 0x2e
 398 0068 00       		.byte	0
 399 0069 3F       		.uleb128 0x3f
 400 006a 19       		.uleb128 0x19
 401 006b 03       		.uleb128 0x3
 402 006c 0E       		.uleb128 0xe
 403 006d 3A       		.uleb128 0x3a
 404 006e 0B       		.uleb128 0xb
 405 006f 3B       		.uleb128 0x3b
 406 0070 0B       		.uleb128 0xb
 407 0071 27       		.uleb128 0x27
 408 0072 19       		.uleb128 0x19
 409 0073 11       		.uleb128 0x11
ARM GAS  C:\Users\Shiguruy\AppData\Local\Temp\ccmeqyMO.s 			page 10


 410 0074 01       		.uleb128 0x1
 411 0075 12       		.uleb128 0x12
 412 0076 06       		.uleb128 0x6
 413 0077 40       		.uleb128 0x40
 414 0078 18       		.uleb128 0x18
 415 0079 9742     		.uleb128 0x2117
 416 007b 19       		.uleb128 0x19
 417 007c 00       		.byte	0
 418 007d 00       		.byte	0
 419 007e 0A       		.uleb128 0xa
 420 007f 2E       		.uleb128 0x2e
 421 0080 00       		.byte	0
 422 0081 3F       		.uleb128 0x3f
 423 0082 19       		.uleb128 0x19
 424 0083 03       		.uleb128 0x3
 425 0084 0E       		.uleb128 0xe
 426 0085 3A       		.uleb128 0x3a
 427 0086 0B       		.uleb128 0xb
 428 0087 3B       		.uleb128 0x3b
 429 0088 0B       		.uleb128 0xb
 430 0089 27       		.uleb128 0x27
 431 008a 19       		.uleb128 0x19
 432 008b 11       		.uleb128 0x11
 433 008c 01       		.uleb128 0x1
 434 008d 12       		.uleb128 0x12
 435 008e 06       		.uleb128 0x6
 436 008f 40       		.uleb128 0x40
 437 0090 18       		.uleb128 0x18
 438 0091 9642     		.uleb128 0x2116
 439 0093 19       		.uleb128 0x19
 440 0094 00       		.byte	0
 441 0095 00       		.byte	0
 442 0096 0B       		.uleb128 0xb
 443 0097 34       		.uleb128 0x34
 444 0098 00       		.byte	0
 445 0099 03       		.uleb128 0x3
 446 009a 0E       		.uleb128 0xe
 447 009b 3A       		.uleb128 0x3a
 448 009c 0B       		.uleb128 0xb
 449 009d 3B       		.uleb128 0x3b
 450 009e 0B       		.uleb128 0xb
 451 009f 49       		.uleb128 0x49
 452 00a0 13       		.uleb128 0x13
 453 00a1 02       		.uleb128 0x2
 454 00a2 18       		.uleb128 0x18
 455 00a3 00       		.byte	0
 456 00a4 00       		.byte	0
 457 00a5 00       		.byte	0
 458              		.section	.debug_aranges,"",%progbits
 459 0000 34000000 		.4byte	0x34
 460 0004 0200     		.2byte	0x2
 461 0006 00000000 		.4byte	.Ldebug_info0
 462 000a 04       		.byte	0x4
 463 000b 00       		.byte	0
 464 000c 0000     		.2byte	0
 465 000e 0000     		.2byte	0
 466 0010 00000000 		.4byte	.LFB0
ARM GAS  C:\Users\Shiguruy\AppData\Local\Temp\ccmeqyMO.s 			page 11


 467 0014 20000000 		.4byte	.LFE0-.LFB0
 468 0018 00000000 		.4byte	.LFB1
 469 001c 1C000000 		.4byte	.LFE1-.LFB1
 470 0020 00000000 		.4byte	.LFB2
 471 0024 0A000000 		.4byte	.LFE2-.LFB2
 472 0028 00000000 		.4byte	.LFB3
 473 002c 0A000000 		.4byte	.LFE3-.LFB3
 474 0030 00000000 		.4byte	0
 475 0034 00000000 		.4byte	0
 476              		.section	.debug_ranges,"",%progbits
 477              	.Ldebug_ranges0:
 478 0000 00000000 		.4byte	.LFB0
 479 0004 20000000 		.4byte	.LFE0
 480 0008 00000000 		.4byte	.LFB1
 481 000c 1C000000 		.4byte	.LFE1
 482 0010 00000000 		.4byte	.LFB2
 483 0014 0A000000 		.4byte	.LFE2
 484 0018 00000000 		.4byte	.LFB3
 485 001c 0A000000 		.4byte	.LFE3
 486 0020 00000000 		.4byte	0
 487 0024 00000000 		.4byte	0
 488              		.section	.debug_line,"",%progbits
 489              	.Ldebug_line0:
 490 0000 BE000000 		.section	.debug_str,"MS",%progbits,1
 490      02007200 
 490      00000201 
 490      FB0E0D00 
 490      01010101 
 491              	.LASF17:
 492 0000 42757A7A 		.ascii	"Buzzer_Counter_Enable_Sleep\000"
 492      65725F43 
 492      6F756E74 
 492      65725F45 
 492      6E61626C 
 493              	.LASF19:
 494 001c 474E5520 		.ascii	"GNU C 4.9.3 20150303 (release) [ARM/embedded-4_9-br"
 494      4320342E 
 494      392E3320 
 494      32303135 
 494      30333033 
 495 004f 616E6368 		.ascii	"anch revision 221220] -mcpu=cortex-m3 -mthumb -g -O"
 495      20726576 
 495      6973696F 
 495      6E203232 
 495      31323230 
 496 0082 30202D66 		.ascii	"0 -ffunction-sections -ffat-lto-objects\000"
 496      66756E63 
 496      74696F6E 
 496      2D736563 
 496      74696F6E 
 497              	.LASF20:
 498 00aa 2E5C4765 		.ascii	".\\Generated_Source\\PSoC5\\Buzzer_Counter_Enable_P"
 498      6E657261 
 498      7465645F 
 498      536F7572 
 498      63655C50 
 499 00da 4D2E6300 		.ascii	"M.c\000"
ARM GAS  C:\Users\Shiguruy\AppData\Local\Temp\ccmeqyMO.s 			page 12


 500              	.LASF21:
 501 00de 433A5C57 		.ascii	"C:\\Workspace\\PSoC_Creator\\Active_Load\\Active_Lo"
 501      6F726B73 
 501      70616365 
 501      5C50536F 
 501      435F4372 
 502 010d 61645F76 		.ascii	"ad_v2.cydsn\000"
 502      322E6379 
 502      64736E00 
 503              	.LASF9:
 504 0119 666C6F61 		.ascii	"float\000"
 504      7400
 505              	.LASF14:
 506 011f 42757A7A 		.ascii	"Buzzer_Counter_Enable_BACKUP_STRUCT\000"
 506      65725F43 
 506      6F756E74 
 506      65725F45 
 506      6E61626C 
 507              	.LASF1:
 508 0143 756E7369 		.ascii	"unsigned char\000"
 508      676E6564 
 508      20636861 
 508      7200
 509              	.LASF13:
 510 0151 72656738 		.ascii	"reg8\000"
 510      00
 511              	.LASF5:
 512 0156 6C6F6E67 		.ascii	"long unsigned int\000"
 512      20756E73 
 512      69676E65 
 512      6420696E 
 512      7400
 513              	.LASF3:
 514 0168 73686F72 		.ascii	"short unsigned int\000"
 514      7420756E 
 514      7369676E 
 514      65642069 
 514      6E7400
 515              	.LASF22:
 516 017b 636F6E74 		.ascii	"controlState\000"
 516      726F6C53 
 516      74617465 
 516      00
 517              	.LASF16:
 518 0188 42757A7A 		.ascii	"Buzzer_Counter_Enable_RestoreConfig\000"
 518      65725F43 
 518      6F756E74 
 518      65725F45 
 518      6E61626C 
 519              	.LASF10:
 520 01ac 646F7562 		.ascii	"double\000"
 520      6C6500
 521              	.LASF8:
 522 01b3 756E7369 		.ascii	"unsigned int\000"
 522      676E6564 
 522      20696E74 
 522      00
ARM GAS  C:\Users\Shiguruy\AppData\Local\Temp\ccmeqyMO.s 			page 13


 523              	.LASF7:
 524 01c0 6C6F6E67 		.ascii	"long long unsigned int\000"
 524      206C6F6E 
 524      6720756E 
 524      7369676E 
 524      65642069 
 525              	.LASF23:
 526 01d7 42757A7A 		.ascii	"Buzzer_Counter_Enable_backup\000"
 526      65725F43 
 526      6F756E74 
 526      65725F45 
 526      6E61626C 
 527              	.LASF6:
 528 01f4 6C6F6E67 		.ascii	"long long int\000"
 528      206C6F6E 
 528      6720696E 
 528      7400
 529              	.LASF11:
 530 0202 63686172 		.ascii	"char\000"
 530      00
 531              	.LASF2:
 532 0207 73686F72 		.ascii	"short int\000"
 532      7420696E 
 532      7400
 533              	.LASF12:
 534 0211 75696E74 		.ascii	"uint8\000"
 534      3800
 535              	.LASF4:
 536 0217 6C6F6E67 		.ascii	"long int\000"
 536      20696E74 
 536      00
 537              	.LASF0:
 538 0220 7369676E 		.ascii	"signed char\000"
 538      65642063 
 538      68617200 
 539              	.LASF15:
 540 022c 42757A7A 		.ascii	"Buzzer_Counter_Enable_SaveConfig\000"
 540      65725F43 
 540      6F756E74 
 540      65725F45 
 540      6E61626C 
 541              	.LASF18:
 542 024d 42757A7A 		.ascii	"Buzzer_Counter_Enable_Wakeup\000"
 542      65725F43 
 542      6F756E74 
 542      65725F45 
 542      6E61626C 
 543              		.ident	"GCC: (GNU Tools for ARM Embedded Processors) 4.9.3 20150303 (release) [ARM/embedded-4_9-br
