--------------- Clean Started: 05/10/2016 01:04:22 Project: Active_Load_v5, Configuration: ARM GCC 4.9-2015-q1-update Debug ---------------
Deleting file ".\ARM_GCC_493\Debug\chessengine.o"
Deleting file ".\ARM_GCC_493\Debug\u8g_bitmap.o"
Deleting file ".\ARM_GCC_493\Debug\u8g_circle.o"
Deleting file ".\ARM_GCC_493\Debug\u8g_clip.o"
Deleting file ".\ARM_GCC_493\Debug\u8g_com_api.o"
Deleting file ".\ARM_GCC_493\Debug\u8g_com_api_16gr.o"
Deleting file ".\ARM_GCC_493\Debug\u8g_com_i2c.o"
Deleting file ".\ARM_GCC_493\Debug\u8g_com_io.o"
Deleting file ".\ARM_GCC_493\Debug\u8g_com_msp430_hw_spi.o"
Deleting file ".\ARM_GCC_493\Debug\u8g_com_null.o"
Deleting file ".\ARM_GCC_493\Debug\u8g_com_raspberrypi_hw_spi.o"
Deleting file ".\ARM_GCC_493\Debug\u8g_com_raspberrypi_ssd_i2c.o"
Deleting file ".\ARM_GCC_493\Debug\u8g_com_std_sw_spi.o"
Deleting file ".\ARM_GCC_493\Debug\u8g_cursor.o"
Deleting file ".\ARM_GCC_493\Debug\u8g_delay.o"
Deleting file ".\ARM_GCC_493\Debug\u8g_ellipse.o"
Deleting file ".\ARM_GCC_493\Debug\u8g_font.o"
Deleting file ".\ARM_GCC_493\Debug\u8g_line.o"
Deleting file ".\ARM_GCC_493\Debug\u8g_ll_api.o"
Deleting file ".\ARM_GCC_493\Debug\u8g_page.o"
Deleting file ".\ARM_GCC_493\Debug\u8g_pb.o"
Deleting file ".\ARM_GCC_493\Debug\u8g_pb8h1.o"
Deleting file ".\ARM_GCC_493\Debug\u8g_pb8h1f.o"
Deleting file ".\ARM_GCC_493\Debug\u8g_pb8h2.o"
Deleting file ".\ARM_GCC_493\Debug\u8g_pb8h8.o"
Deleting file ".\ARM_GCC_493\Debug\u8g_pb8v1.o"
Deleting file ".\ARM_GCC_493\Debug\u8g_pb8v2.o"
Deleting file ".\ARM_GCC_493\Debug\u8g_pb14v1.o"
Deleting file ".\ARM_GCC_493\Debug\u8g_pb16h1.o"
Deleting file ".\ARM_GCC_493\Debug\u8g_pb16h2.o"
Deleting file ".\ARM_GCC_493\Debug\u8g_pb16v1.o"
Deleting file ".\ARM_GCC_493\Debug\u8g_pb16v2.o"
Deleting file ".\ARM_GCC_493\Debug\u8g_pb32h1.o"
Deleting file ".\ARM_GCC_493\Debug\u8g_pbxh16.o"
Deleting file ".\ARM_GCC_493\Debug\u8g_pbxh24.o"
Deleting file ".\ARM_GCC_493\Debug\u8g_polygon.o"
Deleting file ".\ARM_GCC_493\Debug\u8g_rect.o"
Deleting file ".\ARM_GCC_493\Debug\u8g_rot.o"
Deleting file ".\ARM_GCC_493\Debug\u8g_scale.o"
Deleting file ".\ARM_GCC_493\Debug\u8g_state.o"
Deleting file ".\ARM_GCC_493\Debug\u8g_u8toa.o"
Deleting file ".\ARM_GCC_493\Debug\u8g_u16toa.o"
Deleting file ".\ARM_GCC_493\Debug\u8g_virtual_screen.o"
Deleting file ".\ARM_GCC_493\Debug\u8g_font_data.o"
Deleting file ".\ARM_GCC_493\Debug\u8g_arm.o"
Deleting file ".\ARM_GCC_493\Debug\u8g_dev_uc1601_c128032.o"
Deleting file ".\ARM_GCC_493\Debug\u8g_dev_st7565_dogm128.o"
Deleting file ".\ARM_GCC_493\Debug\main01.o"
Deleting file ".\ARM_GCC_493\Debug\state_machine.o"
Deleting file ".\ARM_GCC_493\Debug\LCD_Menu.o"
Deleting file ".\ARM_GCC_493\Debug\global_variables.o"
Deleting file ".\ARM_GCC_493\Debug\temp_manage.o"
Deleting file ".\ARM_GCC_493\Debug\cyfitter_cfg.o"
Deleting file ".\ARM_GCC_493\Debug\cymetadata.o"
Deleting file ".\ARM_GCC_493\Debug\PWM_1.o"
Deleting file ".\ARM_GCC_493\Debug\PWM_1_PM.o"
Deleting file ".\ARM_GCC_493\Debug\Clock_QD.o"
Deleting file ".\ARM_GCC_493\Debug\QD.o"
Deleting file ".\ARM_GCC_493\Debug\QD_PM.o"
Deleting file ".\ARM_GCC_493\Debug\isr_QD.o"
Deleting file ".\ARM_GCC_493\Debug\QD_Cnt16.o"
Deleting file ".\ARM_GCC_493\Debug\QD_Cnt16_PM.o"
Deleting file ".\ARM_GCC_493\Debug\Cm3Start.o"
Deleting file ".\ARM_GCC_493\Debug\CyBootAsmGnu.o"
Deleting file ".\ARM_GCC_493\Debug\CyDmac.o"
Deleting file ".\ARM_GCC_493\Debug\CyFlash.o"
Deleting file ".\ARM_GCC_493\Debug\CyLib.o"
Deleting file ".\ARM_GCC_493\Debug\cyPm.o"
Deleting file ".\ARM_GCC_493\Debug\CySpc.o"
Deleting file ".\ARM_GCC_493\Debug\cyutils.o"
Deleting file ".\ARM_GCC_493\Debug\Pin_1.o"
Deleting file ".\ARM_GCC_493\Debug\Encoder_A.o"
Deleting file ".\ARM_GCC_493\Debug\Encoder_B.o"
Deleting file ".\ARM_GCC_493\Debug\WaveDAC8_1.o"
Deleting file ".\ARM_GCC_493\Debug\WaveDAC8_1_PM.o"
Deleting file ".\ARM_GCC_493\Debug\Button1.o"
Deleting file ".\ARM_GCC_493\Debug\Button2.o"
Deleting file ".\ARM_GCC_493\Debug\Button3.o"
Deleting file ".\ARM_GCC_493\Debug\WaveDAC8_1_Wave1_DMA_dma.o"
Deleting file ".\ARM_GCC_493\Debug\WaveDAC8_1_Wave2_DMA_dma.o"
Deleting file ".\ARM_GCC_493\Debug\WaveDAC8_1_VDAC8.o"
Deleting file ".\ARM_GCC_493\Debug\WaveDAC8_1_VDAC8_PM.o"
Deleting file ".\ARM_GCC_493\Debug\Clock_QD_1.o"
Deleting file ".\ARM_GCC_493\Debug\SW_CLK.o"
Deleting file ".\ARM_GCC_493\Debug\Push.o"
Deleting file ".\ARM_GCC_493\Debug\SDA_1.o"
Deleting file ".\ARM_GCC_493\Debug\SCL_1.o"
Deleting file ".\ARM_GCC_493\Debug\WaveDAC8_1_BuffAmp.o"
Deleting file ".\ARM_GCC_493\Debug\WaveDAC8_1_BuffAmp_PM.o"
Deleting file ".\ARM_GCC_493\Debug\AMux_1.o"
Deleting file ".\ARM_GCC_493\Debug\DieTemp.o"
Deleting file ".\ARM_GCC_493\Debug\Button1_Reg.o"
Deleting file ".\ARM_GCC_493\Debug\Button2_Reg.o"
Deleting file ".\ARM_GCC_493\Debug\Button3_Reg.o"
Deleting file ".\ARM_GCC_493\Debug\Button4_Reg.o"
Deleting file ".\ARM_GCC_493\Debug\Push_Reg.o"
Deleting file ".\ARM_GCC_493\Debug\ADC_SAR_1.o"
Deleting file ".\ARM_GCC_493\Debug\ADC_SAR_1_INT.o"
Deleting file ".\ARM_GCC_493\Debug\ADC_SAR_1_PM.o"
Deleting file ".\ARM_GCC_493\Debug\ADC_SAR_1_IRQ.o"
Deleting file ".\ARM_GCC_493\Debug\ADC_SAR_2.o"
Deleting file ".\ARM_GCC_493\Debug\ADC_SAR_2_INT.o"
Deleting file ".\ARM_GCC_493\Debug\ADC_SAR_2_PM.o"
Deleting file ".\ARM_GCC_493\Debug\ADC_SAR_2_IRQ.o"
Deleting file ".\ARM_GCC_493\Debug\I2C.o"
Deleting file ".\ARM_GCC_493\Debug\I2C_BOOT.o"
Deleting file ".\ARM_GCC_493\Debug\I2C_INT.o"
Deleting file ".\ARM_GCC_493\Debug\I2C_PM.o"
Deleting file ".\ARM_GCC_493\Debug\I2C_SLAVE.o"
Deleting file ".\ARM_GCC_493\Debug\I2C_MASTER.o"
Deleting file ".\ARM_GCC_493\Debug\Pin_Voltage.o"
Deleting file ".\ARM_GCC_493\Debug\Pin_Current.o"
Deleting file ".\ARM_GCC_493\Debug\Pin_Drive.o"
Deleting file ".\ARM_GCC_493\Debug\Wave_Reg.o"
Deleting file ".\ARM_GCC_493\Debug\Wave_Reg_PM.o"
Deleting file ".\ARM_GCC_493\Debug\Clock_QD_2.o"
Deleting file ".\ARM_GCC_493\Debug\PWM_Buzz.o"
Deleting file ".\ARM_GCC_493\Debug\PWM_Buzz_PM.o"
Deleting file ".\ARM_GCC_493\Debug\SPIM.o"
Deleting file ".\ARM_GCC_493\Debug\SPIM_PM.o"
Deleting file ".\ARM_GCC_493\Debug\SPIM_INT.o"
Deleting file ".\ARM_GCC_493\Debug\MISO.o"
Deleting file ".\ARM_GCC_493\Debug\Clock_QD_3.o"
Deleting file ".\ARM_GCC_493\Debug\SPIM_IntClock.o"
Deleting file ".\ARM_GCC_493\Debug\LCD_MOSI.o"
Deleting file ".\ARM_GCC_493\Debug\LCD_SCLK.o"
Deleting file ".\ARM_GCC_493\Debug\LCD_SS.o"
Deleting file ".\ARM_GCC_493\Debug\LCD_RESET.o"
Deleting file ".\ARM_GCC_493\Debug\LCD_A0.o"
Deleting file ".\ARM_GCC_493\Debug\LCD_CS.o"
Deleting file ".\ARM_GCC_493\Debug\PWM_BACKLIGHT.o"
Deleting file ".\ARM_GCC_493\Debug\PWM_BUZZER.o"
Deleting file ".\ARM_GCC_493\Debug\Button4.o"
Deleting file ".\ARM_GCC_493\Debug\Button5.o"
Deleting file ".\ARM_GCC_493\Debug\Button6.o"
Deleting file ".\ARM_GCC_493\Debug\PWM_Back.o"
Deleting file ".\ARM_GCC_493\Debug\PWM_Back_PM.o"
Deleting file ".\ARM_GCC_493\Debug\ResistiveTouch_1.o"
Deleting file ".\ARM_GCC_493\Debug\ResistiveTouch_1_PM.o"
Deleting file ".\ARM_GCC_493\Debug\ResistiveTouch_1_AMux.o"
Deleting file ".\ARM_GCC_493\Debug\ResistiveTouch_1_xm.o"
Deleting file ".\ARM_GCC_493\Debug\ResistiveTouch_1_xp.o"
Deleting file ".\ARM_GCC_493\Debug\ResistiveTouch_1_ym.o"
Deleting file ".\ARM_GCC_493\Debug\ResistiveTouch_1_yp.o"
Deleting file ".\ARM_GCC_493\Debug\ResistiveTouch_1_ADC.o"
Deleting file ".\ARM_GCC_493\Debug\ResistiveTouch_1_ADC_PM.o"
Deleting file ".\ARM_GCC_493\Debug\ResistiveTouch_1_ADC_INT.o"
Deleting file ".\ARM_GCC_493\Debug\ResistiveTouch_1_ADC_AMux.o"
Deleting file ".\ARM_GCC_493\Debug\ResistiveTouch_1_ADC_Ext_CP_Clk.o"
Deleting file ".\ARM_GCC_493\Debug\ResistiveTouch_1_ADC_IRQ.o"
Deleting file ".\ARM_GCC_493\Debug\ResistiveTouch_1_ADC_theACLK.o"
Deleting file ".\ARM_GCC_493\Debug\Button5_Reg.o"
Deleting file ".\ARM_GCC_493\Debug\Button6_Reg.o"
Deleting file ".\ARM_GCC_493\Debug\RELAY.o"
Deleting file ".\ARM_GCC_493\Debug\LEM_A.o"
Deleting file ".\ARM_GCC_493\Debug\LEM_B.o"
Deleting file ".\ARM_GCC_493\Debug\REV_POLARITY.o"
Deleting file ".\ARM_GCC_493\Debug\INPUT_OK.o"
Deleting file ".\ARM_GCC_493\Debug\Clock_QD_4.o"
Deleting file ".\ARM_GCC_493\Debug\DVDAC8_1.o"
Deleting file ".\ARM_GCC_493\Debug\DVDAC8_1_PM.o"
Deleting file ".\ARM_GCC_493\Debug\DVDAC8_1_DMA_dma.o"
Deleting file ".\ARM_GCC_493\Debug\DVDAC8_1_VDAC8.o"
Deleting file ".\ARM_GCC_493\Debug\DVDAC8_1_VDAC8_PM.o"
Deleting file ".\ARM_GCC_493\Debug\Counter_1.o"
Deleting file ".\ARM_GCC_493\Debug\Counter_1_PM.o"
Deleting file ".\ARM_GCC_493\Debug\Active_Load_v5.hex"
Deleting file ".\ARM_GCC_493\Debug\Active_Load_v5.elf"
Deleting file ".\ARM_GCC_493\Debug\Active_Load_v5.map"
Deleting file ".\Active_Load_v5.cycdx"
Deleting file ".\Active_Load_v5.svd"
Deleting file ".\Active_Load_v5.rpt"
Deleting file ".\Active_Load_v5_timing.html"
Deleting file ".\ARM_GCC_493\Debug\.deps\C_FILE.P"
Deleting file ".\ARM_GCC_493\Debug\.deps\ARM_C_FILE.P"
Deleting file ".\ARM_GCC_493\Debug\.deps\GNU_ARM_ASM_FILE.P"
--------------- Clean Succeeded: 05/10/2016 01:04:22 ---------------
