ARM GAS  C:\Users\Shiguruy\AppData\Local\Temp\cc9mTDyR.s 			page 1


   1              		.syntax unified
   2              		.cpu cortex-m3
   3              		.fpu softvfp
   4              		.eabi_attribute 20, 1
   5              		.eabi_attribute 21, 1
   6              		.eabi_attribute 23, 3
   7              		.eabi_attribute 24, 1
   8              		.eabi_attribute 25, 1
   9              		.eabi_attribute 26, 1
  10              		.eabi_attribute 30, 6
  11              		.eabi_attribute 34, 1
  12              		.eabi_attribute 18, 4
  13              		.thumb
  14              		.file	"DVDAC_1_PM.c"
  15              		.text
  16              	.Ltext0:
  17              		.cfi_sections	.debug_frame
  18              		.bss
  19              		.align	2
  20              	DVDAC_1_backup:
  21 0000 00       		.space	1
  22 0001 000000   		.section	.text.DVDAC_1_Sleep,"ax",%progbits
  23              		.align	2
  24              		.global	DVDAC_1_Sleep
  25              		.thumb
  26              		.thumb_func
  27              		.type	DVDAC_1_Sleep, %function
  28              	DVDAC_1_Sleep:
  29              	.LFB0:
  30              		.file 1 ".\\Generated_Source\\PSoC5\\DVDAC_1_PM.c"
   1:.\Generated_Source\PSoC5/DVDAC_1_PM.c **** /*******************************************************************************
   2:.\Generated_Source\PSoC5/DVDAC_1_PM.c **** * File Name: DVDAC_1_PM.c
   3:.\Generated_Source\PSoC5/DVDAC_1_PM.c **** * Version 2.10
   4:.\Generated_Source\PSoC5/DVDAC_1_PM.c **** *
   5:.\Generated_Source\PSoC5/DVDAC_1_PM.c **** * Description:
   6:.\Generated_Source\PSoC5/DVDAC_1_PM.c **** *  This file provides the power management source code to the API for the
   7:.\Generated_Source\PSoC5/DVDAC_1_PM.c **** *  DVDAC component.
   8:.\Generated_Source\PSoC5/DVDAC_1_PM.c **** *
   9:.\Generated_Source\PSoC5/DVDAC_1_PM.c **** *
  10:.\Generated_Source\PSoC5/DVDAC_1_PM.c **** ********************************************************************************
  11:.\Generated_Source\PSoC5/DVDAC_1_PM.c **** * Copyright 2013, Cypress Semiconductor Corporation. All rights reserved.
  12:.\Generated_Source\PSoC5/DVDAC_1_PM.c **** * You may use this file only in accordance with the license, terms, conditions,
  13:.\Generated_Source\PSoC5/DVDAC_1_PM.c **** * disclaimers, and limitations in the end user license agreement accompanying
  14:.\Generated_Source\PSoC5/DVDAC_1_PM.c **** * the software package with which this file was provided.
  15:.\Generated_Source\PSoC5/DVDAC_1_PM.c **** *******************************************************************************/
  16:.\Generated_Source\PSoC5/DVDAC_1_PM.c **** 
  17:.\Generated_Source\PSoC5/DVDAC_1_PM.c **** #include "DVDAC_1.h"
  18:.\Generated_Source\PSoC5/DVDAC_1_PM.c **** #include "DVDAC_1_VDAC8.h"
  19:.\Generated_Source\PSoC5/DVDAC_1_PM.c **** 
  20:.\Generated_Source\PSoC5/DVDAC_1_PM.c **** static DVDAC_1_BACKUP_STRUCT  DVDAC_1_backup;
  21:.\Generated_Source\PSoC5/DVDAC_1_PM.c **** 
  22:.\Generated_Source\PSoC5/DVDAC_1_PM.c **** 
  23:.\Generated_Source\PSoC5/DVDAC_1_PM.c **** /*******************************************************************************
  24:.\Generated_Source\PSoC5/DVDAC_1_PM.c **** * Function Name: DVDAC_1_Sleep
  25:.\Generated_Source\PSoC5/DVDAC_1_PM.c **** ********************************************************************************
  26:.\Generated_Source\PSoC5/DVDAC_1_PM.c **** *
  27:.\Generated_Source\PSoC5/DVDAC_1_PM.c **** * Summary:
ARM GAS  C:\Users\Shiguruy\AppData\Local\Temp\cc9mTDyR.s 			page 2


  28:.\Generated_Source\PSoC5/DVDAC_1_PM.c **** *  This is the preferred API to prepare the component for sleep. The
  29:.\Generated_Source\PSoC5/DVDAC_1_PM.c **** *  DVDAC_1_Sleep() API saves the current component state. Then it
  30:.\Generated_Source\PSoC5/DVDAC_1_PM.c **** *  calls the DVDAC_1_Stop() function and calls
  31:.\Generated_Source\PSoC5/DVDAC_1_PM.c **** *  DVDAC_1_SaveConfig() to save the hardware configuration. Call the
  32:.\Generated_Source\PSoC5/DVDAC_1_PM.c **** *  DVDAC_1_Sleep() function before calling the CyPmSleep() or the
  33:.\Generated_Source\PSoC5/DVDAC_1_PM.c **** *  CyPmHibernate() function.
  34:.\Generated_Source\PSoC5/DVDAC_1_PM.c **** *
  35:.\Generated_Source\PSoC5/DVDAC_1_PM.c **** * Parameters:
  36:.\Generated_Source\PSoC5/DVDAC_1_PM.c **** *  None
  37:.\Generated_Source\PSoC5/DVDAC_1_PM.c **** *
  38:.\Generated_Source\PSoC5/DVDAC_1_PM.c **** * Return:
  39:.\Generated_Source\PSoC5/DVDAC_1_PM.c **** *  None
  40:.\Generated_Source\PSoC5/DVDAC_1_PM.c **** *
  41:.\Generated_Source\PSoC5/DVDAC_1_PM.c **** * Global variables:
  42:.\Generated_Source\PSoC5/DVDAC_1_PM.c **** *  None
  43:.\Generated_Source\PSoC5/DVDAC_1_PM.c **** *
  44:.\Generated_Source\PSoC5/DVDAC_1_PM.c **** *******************************************************************************/
  45:.\Generated_Source\PSoC5/DVDAC_1_PM.c **** void DVDAC_1_Sleep(void) 
  46:.\Generated_Source\PSoC5/DVDAC_1_PM.c **** {
  31              		.loc 1 46 0
  32              		.cfi_startproc
  33              		@ args = 0, pretend = 0, frame = 0
  34              		@ frame_needed = 1, uses_anonymous_args = 0
  35 0000 80B5     		push	{r7, lr}
  36              		.cfi_def_cfa_offset 8
  37              		.cfi_offset 7, -8
  38              		.cfi_offset 14, -4
  39 0002 00AF     		add	r7, sp, #0
  40              		.cfi_def_cfa_register 7
  47:.\Generated_Source\PSoC5/DVDAC_1_PM.c ****     /* Save VDAC8's enable state */
  48:.\Generated_Source\PSoC5/DVDAC_1_PM.c ****     if(0u != (DVDAC_1_VDAC8_PWRMGR & DVDAC_1_VDAC8_ACT_PWR_EN))
  41              		.loc 1 48 0
  42 0004 094B     		ldr	r3, .L4
  43 0006 1B78     		ldrb	r3, [r3]
  44 0008 DBB2     		uxtb	r3, r3
  45 000a 03F00203 		and	r3, r3, #2
  46 000e 002B     		cmp	r3, #0
  47 0010 03D0     		beq	.L2
  49:.\Generated_Source\PSoC5/DVDAC_1_PM.c ****     {
  50:.\Generated_Source\PSoC5/DVDAC_1_PM.c ****         DVDAC_1_backup.enableState = 1u;
  48              		.loc 1 50 0
  49 0012 074B     		ldr	r3, .L4+4
  50 0014 0122     		movs	r2, #1
  51 0016 1A70     		strb	r2, [r3]
  52 0018 02E0     		b	.L3
  53              	.L2:
  51:.\Generated_Source\PSoC5/DVDAC_1_PM.c ****     }
  52:.\Generated_Source\PSoC5/DVDAC_1_PM.c ****     else
  53:.\Generated_Source\PSoC5/DVDAC_1_PM.c ****     {
  54:.\Generated_Source\PSoC5/DVDAC_1_PM.c ****         DVDAC_1_backup.enableState = 0u;
  54              		.loc 1 54 0
  55 001a 054B     		ldr	r3, .L4+4
  56 001c 0022     		movs	r2, #0
  57 001e 1A70     		strb	r2, [r3]
  58              	.L3:
  55:.\Generated_Source\PSoC5/DVDAC_1_PM.c ****     }
  56:.\Generated_Source\PSoC5/DVDAC_1_PM.c **** 
ARM GAS  C:\Users\Shiguruy\AppData\Local\Temp\cc9mTDyR.s 			page 3


  57:.\Generated_Source\PSoC5/DVDAC_1_PM.c ****     DVDAC_1_Stop();
  59              		.loc 1 57 0
  60 0020 FFF7FEFF 		bl	DVDAC_1_Stop
  58:.\Generated_Source\PSoC5/DVDAC_1_PM.c ****     DVDAC_1_SaveConfig();
  61              		.loc 1 58 0
  62 0024 FFF7FEFF 		bl	DVDAC_1_SaveConfig
  59:.\Generated_Source\PSoC5/DVDAC_1_PM.c **** }
  63              		.loc 1 59 0
  64 0028 80BD     		pop	{r7, pc}
  65              	.L5:
  66 002a 00BF     		.align	2
  67              	.L4:
  68 002c A8430040 		.word	1073759144
  69 0030 00000000 		.word	DVDAC_1_backup
  70              		.cfi_endproc
  71              	.LFE0:
  72              		.size	DVDAC_1_Sleep, .-DVDAC_1_Sleep
  73              		.section	.text.DVDAC_1_Wakeup,"ax",%progbits
  74              		.align	2
  75              		.global	DVDAC_1_Wakeup
  76              		.thumb
  77              		.thumb_func
  78              		.type	DVDAC_1_Wakeup, %function
  79              	DVDAC_1_Wakeup:
  80              	.LFB1:
  60:.\Generated_Source\PSoC5/DVDAC_1_PM.c **** 
  61:.\Generated_Source\PSoC5/DVDAC_1_PM.c **** 
  62:.\Generated_Source\PSoC5/DVDAC_1_PM.c **** /*******************************************************************************
  63:.\Generated_Source\PSoC5/DVDAC_1_PM.c **** * Function Name: DVDAC_1_Wakeup
  64:.\Generated_Source\PSoC5/DVDAC_1_PM.c **** ********************************************************************************
  65:.\Generated_Source\PSoC5/DVDAC_1_PM.c **** *
  66:.\Generated_Source\PSoC5/DVDAC_1_PM.c **** * Summary:
  67:.\Generated_Source\PSoC5/DVDAC_1_PM.c **** *  This is the preferred API to restore the component to the state when
  68:.\Generated_Source\PSoC5/DVDAC_1_PM.c **** *  DVDAC_1_Sleep() was called. The DVDAC_1_Wakeup() function
  69:.\Generated_Source\PSoC5/DVDAC_1_PM.c **** *  calls the DVDAC_1_RestoreConfig() function to restore the
  70:.\Generated_Source\PSoC5/DVDAC_1_PM.c **** *  configuration. If the component was enabled before the
  71:.\Generated_Source\PSoC5/DVDAC_1_PM.c **** *  DVDAC_1_Sleep() function was called, the DVDAC_Wakeup() function
  72:.\Generated_Source\PSoC5/DVDAC_1_PM.c **** *  will also re-enable the component.
  73:.\Generated_Source\PSoC5/DVDAC_1_PM.c **** *
  74:.\Generated_Source\PSoC5/DVDAC_1_PM.c **** * Parameters:
  75:.\Generated_Source\PSoC5/DVDAC_1_PM.c **** *  None
  76:.\Generated_Source\PSoC5/DVDAC_1_PM.c **** *
  77:.\Generated_Source\PSoC5/DVDAC_1_PM.c **** * Return:
  78:.\Generated_Source\PSoC5/DVDAC_1_PM.c **** *  None
  79:.\Generated_Source\PSoC5/DVDAC_1_PM.c **** *
  80:.\Generated_Source\PSoC5/DVDAC_1_PM.c **** * Global variables:
  81:.\Generated_Source\PSoC5/DVDAC_1_PM.c **** *  None
  82:.\Generated_Source\PSoC5/DVDAC_1_PM.c **** *
  83:.\Generated_Source\PSoC5/DVDAC_1_PM.c **** *******************************************************************************/
  84:.\Generated_Source\PSoC5/DVDAC_1_PM.c **** void DVDAC_1_Wakeup(void) 
  85:.\Generated_Source\PSoC5/DVDAC_1_PM.c **** {
  81              		.loc 1 85 0
  82              		.cfi_startproc
  83              		@ args = 0, pretend = 0, frame = 0
  84              		@ frame_needed = 1, uses_anonymous_args = 0
  85 0000 80B5     		push	{r7, lr}
  86              		.cfi_def_cfa_offset 8
ARM GAS  C:\Users\Shiguruy\AppData\Local\Temp\cc9mTDyR.s 			page 4


  87              		.cfi_offset 7, -8
  88              		.cfi_offset 14, -4
  89 0002 00AF     		add	r7, sp, #0
  90              		.cfi_def_cfa_register 7
  86:.\Generated_Source\PSoC5/DVDAC_1_PM.c ****     DVDAC_1_RestoreConfig();
  91              		.loc 1 86 0
  92 0004 FFF7FEFF 		bl	DVDAC_1_RestoreConfig
  87:.\Generated_Source\PSoC5/DVDAC_1_PM.c **** 
  88:.\Generated_Source\PSoC5/DVDAC_1_PM.c ****     if(DVDAC_1_backup.enableState == 1u)
  93              		.loc 1 88 0
  94 0008 034B     		ldr	r3, .L8
  95 000a 1B78     		ldrb	r3, [r3]	@ zero_extendqisi2
  96 000c 012B     		cmp	r3, #1
  97 000e 01D1     		bne	.L6
  89:.\Generated_Source\PSoC5/DVDAC_1_PM.c ****     {
  90:.\Generated_Source\PSoC5/DVDAC_1_PM.c ****         DVDAC_1_Enable();
  98              		.loc 1 90 0
  99 0010 FFF7FEFF 		bl	DVDAC_1_Enable
 100              	.L6:
  91:.\Generated_Source\PSoC5/DVDAC_1_PM.c ****     }
  92:.\Generated_Source\PSoC5/DVDAC_1_PM.c **** }
 101              		.loc 1 92 0
 102 0014 80BD     		pop	{r7, pc}
 103              	.L9:
 104 0016 00BF     		.align	2
 105              	.L8:
 106 0018 00000000 		.word	DVDAC_1_backup
 107              		.cfi_endproc
 108              	.LFE1:
 109              		.size	DVDAC_1_Wakeup, .-DVDAC_1_Wakeup
 110              		.section	.text.DVDAC_1_SaveConfig,"ax",%progbits
 111              		.align	2
 112              		.global	DVDAC_1_SaveConfig
 113              		.thumb
 114              		.thumb_func
 115              		.type	DVDAC_1_SaveConfig, %function
 116              	DVDAC_1_SaveConfig:
 117              	.LFB2:
  93:.\Generated_Source\PSoC5/DVDAC_1_PM.c **** 
  94:.\Generated_Source\PSoC5/DVDAC_1_PM.c **** 
  95:.\Generated_Source\PSoC5/DVDAC_1_PM.c **** /*******************************************************************************
  96:.\Generated_Source\PSoC5/DVDAC_1_PM.c **** * Function Name: DVDAC_1_SaveConfig
  97:.\Generated_Source\PSoC5/DVDAC_1_PM.c **** ********************************************************************************
  98:.\Generated_Source\PSoC5/DVDAC_1_PM.c **** *
  99:.\Generated_Source\PSoC5/DVDAC_1_PM.c **** * Summary:
 100:.\Generated_Source\PSoC5/DVDAC_1_PM.c **** *  This function saves the component configuration and non-retention registers.
 101:.\Generated_Source\PSoC5/DVDAC_1_PM.c **** *  This function is called by the DVDAC_1_Sleep() function.
 102:.\Generated_Source\PSoC5/DVDAC_1_PM.c **** *
 103:.\Generated_Source\PSoC5/DVDAC_1_PM.c **** * Parameters:
 104:.\Generated_Source\PSoC5/DVDAC_1_PM.c **** *  None
 105:.\Generated_Source\PSoC5/DVDAC_1_PM.c **** *
 106:.\Generated_Source\PSoC5/DVDAC_1_PM.c **** * Return:
 107:.\Generated_Source\PSoC5/DVDAC_1_PM.c **** *  None
 108:.\Generated_Source\PSoC5/DVDAC_1_PM.c **** *
 109:.\Generated_Source\PSoC5/DVDAC_1_PM.c **** * Global variables:
 110:.\Generated_Source\PSoC5/DVDAC_1_PM.c **** *  None
 111:.\Generated_Source\PSoC5/DVDAC_1_PM.c **** *
ARM GAS  C:\Users\Shiguruy\AppData\Local\Temp\cc9mTDyR.s 			page 5


 112:.\Generated_Source\PSoC5/DVDAC_1_PM.c **** *******************************************************************************/
 113:.\Generated_Source\PSoC5/DVDAC_1_PM.c **** void DVDAC_1_SaveConfig(void) 
 114:.\Generated_Source\PSoC5/DVDAC_1_PM.c **** {
 118              		.loc 1 114 0
 119              		.cfi_startproc
 120              		@ args = 0, pretend = 0, frame = 0
 121              		@ frame_needed = 1, uses_anonymous_args = 0
 122 0000 80B5     		push	{r7, lr}
 123              		.cfi_def_cfa_offset 8
 124              		.cfi_offset 7, -8
 125              		.cfi_offset 14, -4
 126 0002 00AF     		add	r7, sp, #0
 127              		.cfi_def_cfa_register 7
 115:.\Generated_Source\PSoC5/DVDAC_1_PM.c ****     DVDAC_1_VDAC8_SaveConfig();
 128              		.loc 1 115 0
 129 0004 FFF7FEFF 		bl	DVDAC_1_VDAC8_SaveConfig
 116:.\Generated_Source\PSoC5/DVDAC_1_PM.c **** }
 130              		.loc 1 116 0
 131 0008 80BD     		pop	{r7, pc}
 132              		.cfi_endproc
 133              	.LFE2:
 134              		.size	DVDAC_1_SaveConfig, .-DVDAC_1_SaveConfig
 135 000a 00BF     		.section	.text.DVDAC_1_RestoreConfig,"ax",%progbits
 136              		.align	2
 137              		.global	DVDAC_1_RestoreConfig
 138              		.thumb
 139              		.thumb_func
 140              		.type	DVDAC_1_RestoreConfig, %function
 141              	DVDAC_1_RestoreConfig:
 142              	.LFB3:
 117:.\Generated_Source\PSoC5/DVDAC_1_PM.c **** 
 118:.\Generated_Source\PSoC5/DVDAC_1_PM.c **** 
 119:.\Generated_Source\PSoC5/DVDAC_1_PM.c **** /*******************************************************************************
 120:.\Generated_Source\PSoC5/DVDAC_1_PM.c **** * Function Name: DVDAC_1_RestoreConfig
 121:.\Generated_Source\PSoC5/DVDAC_1_PM.c **** ********************************************************************************
 122:.\Generated_Source\PSoC5/DVDAC_1_PM.c **** *
 123:.\Generated_Source\PSoC5/DVDAC_1_PM.c **** * Summary:
 124:.\Generated_Source\PSoC5/DVDAC_1_PM.c **** *  This function restores the component configuration and non-retention
 125:.\Generated_Source\PSoC5/DVDAC_1_PM.c **** *  registers. This function is called by the DVDAC_1_Wakeup() function.
 126:.\Generated_Source\PSoC5/DVDAC_1_PM.c **** *
 127:.\Generated_Source\PSoC5/DVDAC_1_PM.c **** * Parameters:
 128:.\Generated_Source\PSoC5/DVDAC_1_PM.c **** *  None
 129:.\Generated_Source\PSoC5/DVDAC_1_PM.c **** *
 130:.\Generated_Source\PSoC5/DVDAC_1_PM.c **** * Return:
 131:.\Generated_Source\PSoC5/DVDAC_1_PM.c **** *  None
 132:.\Generated_Source\PSoC5/DVDAC_1_PM.c **** *
 133:.\Generated_Source\PSoC5/DVDAC_1_PM.c **** * Global variables:
 134:.\Generated_Source\PSoC5/DVDAC_1_PM.c **** *  None
 135:.\Generated_Source\PSoC5/DVDAC_1_PM.c **** *
 136:.\Generated_Source\PSoC5/DVDAC_1_PM.c **** *******************************************************************************/
 137:.\Generated_Source\PSoC5/DVDAC_1_PM.c **** void DVDAC_1_RestoreConfig(void) 
 138:.\Generated_Source\PSoC5/DVDAC_1_PM.c **** {
 143              		.loc 1 138 0
 144              		.cfi_startproc
 145              		@ args = 0, pretend = 0, frame = 0
 146              		@ frame_needed = 1, uses_anonymous_args = 0
 147 0000 80B5     		push	{r7, lr}
ARM GAS  C:\Users\Shiguruy\AppData\Local\Temp\cc9mTDyR.s 			page 6


 148              		.cfi_def_cfa_offset 8
 149              		.cfi_offset 7, -8
 150              		.cfi_offset 14, -4
 151 0002 00AF     		add	r7, sp, #0
 152              		.cfi_def_cfa_register 7
 139:.\Generated_Source\PSoC5/DVDAC_1_PM.c ****     DVDAC_1_VDAC8_RestoreConfig();
 153              		.loc 1 139 0
 154 0004 FFF7FEFF 		bl	DVDAC_1_VDAC8_RestoreConfig
 140:.\Generated_Source\PSoC5/DVDAC_1_PM.c **** }
 155              		.loc 1 140 0
 156 0008 80BD     		pop	{r7, pc}
 157              		.cfi_endproc
 158              	.LFE3:
 159              		.size	DVDAC_1_RestoreConfig, .-DVDAC_1_RestoreConfig
 160 000a 00BF     		.text
 161              	.Letext0:
 162              		.file 2 ".\\Generated_Source\\PSoC5\\cytypes.h"
 163              		.file 3 ".\\Generated_Source\\PSoC5\\DVDAC_1.h"
 164              		.section	.debug_info,"",%progbits
 165              	.Ldebug_info0:
 166 0000 0E010000 		.4byte	0x10e
 167 0004 0400     		.2byte	0x4
 168 0006 00000000 		.4byte	.Ldebug_abbrev0
 169 000a 04       		.byte	0x4
 170 000b 01       		.uleb128 0x1
 171 000c 00000000 		.4byte	.LASF19
 172 0010 01       		.byte	0x1
 173 0011 AD010000 		.4byte	.LASF20
 174 0015 CC000000 		.4byte	.LASF21
 175 0019 00000000 		.4byte	.Ldebug_ranges0+0
 176 001d 00000000 		.4byte	0
 177 0021 00000000 		.4byte	.Ldebug_line0
 178 0025 02       		.uleb128 0x2
 179 0026 01       		.byte	0x1
 180 0027 06       		.byte	0x6
 181 0028 D3010000 		.4byte	.LASF0
 182 002c 02       		.uleb128 0x2
 183 002d 01       		.byte	0x1
 184 002e 08       		.byte	0x8
 185 002f 94000000 		.4byte	.LASF1
 186 0033 02       		.uleb128 0x2
 187 0034 02       		.byte	0x2
 188 0035 05       		.byte	0x5
 189 0036 75010000 		.4byte	.LASF2
 190 003a 02       		.uleb128 0x2
 191 003b 02       		.byte	0x2
 192 003c 07       		.byte	0x7
 193 003d B9000000 		.4byte	.LASF3
 194 0041 02       		.uleb128 0x2
 195 0042 04       		.byte	0x4
 196 0043 05       		.byte	0x5
 197 0044 85010000 		.4byte	.LASF4
 198 0048 02       		.uleb128 0x2
 199 0049 04       		.byte	0x4
 200 004a 07       		.byte	0x7
 201 004b A7000000 		.4byte	.LASF5
 202 004f 02       		.uleb128 0x2
ARM GAS  C:\Users\Shiguruy\AppData\Local\Temp\cc9mTDyR.s 			page 7


 203 0050 08       		.byte	0x8
 204 0051 05       		.byte	0x5
 205 0052 4C010000 		.4byte	.LASF6
 206 0056 02       		.uleb128 0x2
 207 0057 08       		.byte	0x8
 208 0058 07       		.byte	0x7
 209 0059 26010000 		.4byte	.LASF7
 210 005d 03       		.uleb128 0x3
 211 005e 04       		.byte	0x4
 212 005f 05       		.byte	0x5
 213 0060 696E7400 		.ascii	"int\000"
 214 0064 02       		.uleb128 0x2
 215 0065 04       		.byte	0x4
 216 0066 07       		.byte	0x7
 217 0067 0B010000 		.4byte	.LASF8
 218 006b 04       		.uleb128 0x4
 219 006c 7F010000 		.4byte	.LASF12
 220 0070 02       		.byte	0x2
 221 0071 C2       		.byte	0xc2
 222 0072 2C000000 		.4byte	0x2c
 223 0076 02       		.uleb128 0x2
 224 0077 04       		.byte	0x4
 225 0078 04       		.byte	0x4
 226 0079 8E000000 		.4byte	.LASF9
 227 007d 02       		.uleb128 0x2
 228 007e 08       		.byte	0x8
 229 007f 04       		.byte	0x4
 230 0080 04010000 		.4byte	.LASF10
 231 0084 02       		.uleb128 0x2
 232 0085 01       		.byte	0x1
 233 0086 08       		.byte	0x8
 234 0087 5A010000 		.4byte	.LASF11
 235 008b 05       		.uleb128 0x5
 236 008c A2000000 		.4byte	.LASF13
 237 0090 02       		.byte	0x2
 238 0091 6C01     		.2byte	0x16c
 239 0093 97000000 		.4byte	0x97
 240 0097 06       		.uleb128 0x6
 241 0098 6B000000 		.4byte	0x6b
 242 009c 07       		.uleb128 0x7
 243 009d 01       		.byte	0x1
 244 009e 03       		.byte	0x3
 245 009f 1C       		.byte	0x1c
 246 00a0 B1000000 		.4byte	0xb1
 247 00a4 08       		.uleb128 0x8
 248 00a5 8E010000 		.4byte	.LASF22
 249 00a9 03       		.byte	0x3
 250 00aa 1E       		.byte	0x1e
 251 00ab 6B000000 		.4byte	0x6b
 252 00af 00       		.byte	0
 253 00b0 00       		.byte	0
 254 00b1 04       		.uleb128 0x4
 255 00b2 5F010000 		.4byte	.LASF14
 256 00b6 03       		.byte	0x3
 257 00b7 1F       		.byte	0x1f
 258 00b8 9C000000 		.4byte	0x9c
 259 00bc 09       		.uleb128 0x9
ARM GAS  C:\Users\Shiguruy\AppData\Local\Temp\cc9mTDyR.s 			page 8


 260 00bd 18010000 		.4byte	.LASF15
 261 00c1 01       		.byte	0x1
 262 00c2 2D       		.byte	0x2d
 263 00c3 00000000 		.4byte	.LFB0
 264 00c7 34000000 		.4byte	.LFE0-.LFB0
 265 00cb 01       		.uleb128 0x1
 266 00cc 9C       		.byte	0x9c
 267 00cd 09       		.uleb128 0x9
 268 00ce DF010000 		.4byte	.LASF16
 269 00d2 01       		.byte	0x1
 270 00d3 54       		.byte	0x54
 271 00d4 00000000 		.4byte	.LFB1
 272 00d8 1C000000 		.4byte	.LFE1-.LFB1
 273 00dc 01       		.uleb128 0x1
 274 00dd 9C       		.byte	0x9c
 275 00de 09       		.uleb128 0x9
 276 00df 9A010000 		.4byte	.LASF17
 277 00e3 01       		.byte	0x1
 278 00e4 71       		.byte	0x71
 279 00e5 00000000 		.4byte	.LFB2
 280 00e9 0A000000 		.4byte	.LFE2-.LFB2
 281 00ed 01       		.uleb128 0x1
 282 00ee 9C       		.byte	0x9c
 283 00ef 09       		.uleb128 0x9
 284 00f0 EE010000 		.4byte	.LASF18
 285 00f4 01       		.byte	0x1
 286 00f5 89       		.byte	0x89
 287 00f6 00000000 		.4byte	.LFB3
 288 00fa 0A000000 		.4byte	.LFE3-.LFB3
 289 00fe 01       		.uleb128 0x1
 290 00ff 9C       		.byte	0x9c
 291 0100 0A       		.uleb128 0xa
 292 0101 3D010000 		.4byte	.LASF23
 293 0105 01       		.byte	0x1
 294 0106 14       		.byte	0x14
 295 0107 B1000000 		.4byte	0xb1
 296 010b 05       		.uleb128 0x5
 297 010c 03       		.byte	0x3
 298 010d 00000000 		.4byte	DVDAC_1_backup
 299 0111 00       		.byte	0
 300              		.section	.debug_abbrev,"",%progbits
 301              	.Ldebug_abbrev0:
 302 0000 01       		.uleb128 0x1
 303 0001 11       		.uleb128 0x11
 304 0002 01       		.byte	0x1
 305 0003 25       		.uleb128 0x25
 306 0004 0E       		.uleb128 0xe
 307 0005 13       		.uleb128 0x13
 308 0006 0B       		.uleb128 0xb
 309 0007 03       		.uleb128 0x3
 310 0008 0E       		.uleb128 0xe
 311 0009 1B       		.uleb128 0x1b
 312 000a 0E       		.uleb128 0xe
 313 000b 55       		.uleb128 0x55
 314 000c 17       		.uleb128 0x17
 315 000d 11       		.uleb128 0x11
 316 000e 01       		.uleb128 0x1
ARM GAS  C:\Users\Shiguruy\AppData\Local\Temp\cc9mTDyR.s 			page 9


 317 000f 10       		.uleb128 0x10
 318 0010 17       		.uleb128 0x17
 319 0011 00       		.byte	0
 320 0012 00       		.byte	0
 321 0013 02       		.uleb128 0x2
 322 0014 24       		.uleb128 0x24
 323 0015 00       		.byte	0
 324 0016 0B       		.uleb128 0xb
 325 0017 0B       		.uleb128 0xb
 326 0018 3E       		.uleb128 0x3e
 327 0019 0B       		.uleb128 0xb
 328 001a 03       		.uleb128 0x3
 329 001b 0E       		.uleb128 0xe
 330 001c 00       		.byte	0
 331 001d 00       		.byte	0
 332 001e 03       		.uleb128 0x3
 333 001f 24       		.uleb128 0x24
 334 0020 00       		.byte	0
 335 0021 0B       		.uleb128 0xb
 336 0022 0B       		.uleb128 0xb
 337 0023 3E       		.uleb128 0x3e
 338 0024 0B       		.uleb128 0xb
 339 0025 03       		.uleb128 0x3
 340 0026 08       		.uleb128 0x8
 341 0027 00       		.byte	0
 342 0028 00       		.byte	0
 343 0029 04       		.uleb128 0x4
 344 002a 16       		.uleb128 0x16
 345 002b 00       		.byte	0
 346 002c 03       		.uleb128 0x3
 347 002d 0E       		.uleb128 0xe
 348 002e 3A       		.uleb128 0x3a
 349 002f 0B       		.uleb128 0xb
 350 0030 3B       		.uleb128 0x3b
 351 0031 0B       		.uleb128 0xb
 352 0032 49       		.uleb128 0x49
 353 0033 13       		.uleb128 0x13
 354 0034 00       		.byte	0
 355 0035 00       		.byte	0
 356 0036 05       		.uleb128 0x5
 357 0037 16       		.uleb128 0x16
 358 0038 00       		.byte	0
 359 0039 03       		.uleb128 0x3
 360 003a 0E       		.uleb128 0xe
 361 003b 3A       		.uleb128 0x3a
 362 003c 0B       		.uleb128 0xb
 363 003d 3B       		.uleb128 0x3b
 364 003e 05       		.uleb128 0x5
 365 003f 49       		.uleb128 0x49
 366 0040 13       		.uleb128 0x13
 367 0041 00       		.byte	0
 368 0042 00       		.byte	0
 369 0043 06       		.uleb128 0x6
 370 0044 35       		.uleb128 0x35
 371 0045 00       		.byte	0
 372 0046 49       		.uleb128 0x49
 373 0047 13       		.uleb128 0x13
ARM GAS  C:\Users\Shiguruy\AppData\Local\Temp\cc9mTDyR.s 			page 10


 374 0048 00       		.byte	0
 375 0049 00       		.byte	0
 376 004a 07       		.uleb128 0x7
 377 004b 13       		.uleb128 0x13
 378 004c 01       		.byte	0x1
 379 004d 0B       		.uleb128 0xb
 380 004e 0B       		.uleb128 0xb
 381 004f 3A       		.uleb128 0x3a
 382 0050 0B       		.uleb128 0xb
 383 0051 3B       		.uleb128 0x3b
 384 0052 0B       		.uleb128 0xb
 385 0053 01       		.uleb128 0x1
 386 0054 13       		.uleb128 0x13
 387 0055 00       		.byte	0
 388 0056 00       		.byte	0
 389 0057 08       		.uleb128 0x8
 390 0058 0D       		.uleb128 0xd
 391 0059 00       		.byte	0
 392 005a 03       		.uleb128 0x3
 393 005b 0E       		.uleb128 0xe
 394 005c 3A       		.uleb128 0x3a
 395 005d 0B       		.uleb128 0xb
 396 005e 3B       		.uleb128 0x3b
 397 005f 0B       		.uleb128 0xb
 398 0060 49       		.uleb128 0x49
 399 0061 13       		.uleb128 0x13
 400 0062 38       		.uleb128 0x38
 401 0063 0B       		.uleb128 0xb
 402 0064 00       		.byte	0
 403 0065 00       		.byte	0
 404 0066 09       		.uleb128 0x9
 405 0067 2E       		.uleb128 0x2e
 406 0068 00       		.byte	0
 407 0069 3F       		.uleb128 0x3f
 408 006a 19       		.uleb128 0x19
 409 006b 03       		.uleb128 0x3
 410 006c 0E       		.uleb128 0xe
 411 006d 3A       		.uleb128 0x3a
 412 006e 0B       		.uleb128 0xb
 413 006f 3B       		.uleb128 0x3b
 414 0070 0B       		.uleb128 0xb
 415 0071 27       		.uleb128 0x27
 416 0072 19       		.uleb128 0x19
 417 0073 11       		.uleb128 0x11
 418 0074 01       		.uleb128 0x1
 419 0075 12       		.uleb128 0x12
 420 0076 06       		.uleb128 0x6
 421 0077 40       		.uleb128 0x40
 422 0078 18       		.uleb128 0x18
 423 0079 9642     		.uleb128 0x2116
 424 007b 19       		.uleb128 0x19
 425 007c 00       		.byte	0
 426 007d 00       		.byte	0
 427 007e 0A       		.uleb128 0xa
 428 007f 34       		.uleb128 0x34
 429 0080 00       		.byte	0
 430 0081 03       		.uleb128 0x3
ARM GAS  C:\Users\Shiguruy\AppData\Local\Temp\cc9mTDyR.s 			page 11


 431 0082 0E       		.uleb128 0xe
 432 0083 3A       		.uleb128 0x3a
 433 0084 0B       		.uleb128 0xb
 434 0085 3B       		.uleb128 0x3b
 435 0086 0B       		.uleb128 0xb
 436 0087 49       		.uleb128 0x49
 437 0088 13       		.uleb128 0x13
 438 0089 02       		.uleb128 0x2
 439 008a 18       		.uleb128 0x18
 440 008b 00       		.byte	0
 441 008c 00       		.byte	0
 442 008d 00       		.byte	0
 443              		.section	.debug_aranges,"",%progbits
 444 0000 34000000 		.4byte	0x34
 445 0004 0200     		.2byte	0x2
 446 0006 00000000 		.4byte	.Ldebug_info0
 447 000a 04       		.byte	0x4
 448 000b 00       		.byte	0
 449 000c 0000     		.2byte	0
 450 000e 0000     		.2byte	0
 451 0010 00000000 		.4byte	.LFB0
 452 0014 34000000 		.4byte	.LFE0-.LFB0
 453 0018 00000000 		.4byte	.LFB1
 454 001c 1C000000 		.4byte	.LFE1-.LFB1
 455 0020 00000000 		.4byte	.LFB2
 456 0024 0A000000 		.4byte	.LFE2-.LFB2
 457 0028 00000000 		.4byte	.LFB3
 458 002c 0A000000 		.4byte	.LFE3-.LFB3
 459 0030 00000000 		.4byte	0
 460 0034 00000000 		.4byte	0
 461              		.section	.debug_ranges,"",%progbits
 462              	.Ldebug_ranges0:
 463 0000 00000000 		.4byte	.LFB0
 464 0004 34000000 		.4byte	.LFE0
 465 0008 00000000 		.4byte	.LFB1
 466 000c 1C000000 		.4byte	.LFE1
 467 0010 00000000 		.4byte	.LFB2
 468 0014 0A000000 		.4byte	.LFE2
 469 0018 00000000 		.4byte	.LFB3
 470 001c 0A000000 		.4byte	.LFE3
 471 0020 00000000 		.4byte	0
 472 0024 00000000 		.4byte	0
 473              		.section	.debug_line,"",%progbits
 474              	.Ldebug_line0:
 475 0000 A9000000 		.section	.debug_str,"MS",%progbits,1
 475      02005600 
 475      00000201 
 475      FB0E0D00 
 475      01010101 
 476              	.LASF19:
 477 0000 474E5520 		.ascii	"GNU C 4.9.3 20150303 (release) [ARM/embedded-4_9-br"
 477      4320342E 
 477      392E3320 
 477      32303135 
 477      30333033 
 478 0033 616E6368 		.ascii	"anch revision 221220] -mcpu=cortex-m3 -mthumb -g -O"
 478      20726576 
ARM GAS  C:\Users\Shiguruy\AppData\Local\Temp\cc9mTDyR.s 			page 12


 478      6973696F 
 478      6E203232 
 478      31323230 
 479 0066 30202D66 		.ascii	"0 -ffunction-sections -ffat-lto-objects\000"
 479      66756E63 
 479      74696F6E 
 479      2D736563 
 479      74696F6E 
 480              	.LASF9:
 481 008e 666C6F61 		.ascii	"float\000"
 481      7400
 482              	.LASF1:
 483 0094 756E7369 		.ascii	"unsigned char\000"
 483      676E6564 
 483      20636861 
 483      7200
 484              	.LASF13:
 485 00a2 72656738 		.ascii	"reg8\000"
 485      00
 486              	.LASF5:
 487 00a7 6C6F6E67 		.ascii	"long unsigned int\000"
 487      20756E73 
 487      69676E65 
 487      6420696E 
 487      7400
 488              	.LASF3:
 489 00b9 73686F72 		.ascii	"short unsigned int\000"
 489      7420756E 
 489      7369676E 
 489      65642069 
 489      6E7400
 490              	.LASF21:
 491 00cc 433A5C57 		.ascii	"C:\\Workspace\\PSoC_Creator\\QDExample01\\QDExample"
 491      6F726B73 
 491      70616365 
 491      5C50536F 
 491      435F4372 
 492 00fb 30312E63 		.ascii	"01.cydsn\000"
 492      7964736E 
 492      00
 493              	.LASF10:
 494 0104 646F7562 		.ascii	"double\000"
 494      6C6500
 495              	.LASF8:
 496 010b 756E7369 		.ascii	"unsigned int\000"
 496      676E6564 
 496      20696E74 
 496      00
 497              	.LASF15:
 498 0118 44564441 		.ascii	"DVDAC_1_Sleep\000"
 498      435F315F 
 498      536C6565 
 498      7000
 499              	.LASF7:
 500 0126 6C6F6E67 		.ascii	"long long unsigned int\000"
 500      206C6F6E 
 500      6720756E 
ARM GAS  C:\Users\Shiguruy\AppData\Local\Temp\cc9mTDyR.s 			page 13


 500      7369676E 
 500      65642069 
 501              	.LASF23:
 502 013d 44564441 		.ascii	"DVDAC_1_backup\000"
 502      435F315F 
 502      6261636B 
 502      757000
 503              	.LASF6:
 504 014c 6C6F6E67 		.ascii	"long long int\000"
 504      206C6F6E 
 504      6720696E 
 504      7400
 505              	.LASF11:
 506 015a 63686172 		.ascii	"char\000"
 506      00
 507              	.LASF14:
 508 015f 44564441 		.ascii	"DVDAC_1_BACKUP_STRUCT\000"
 508      435F315F 
 508      4241434B 
 508      55505F53 
 508      54525543 
 509              	.LASF2:
 510 0175 73686F72 		.ascii	"short int\000"
 510      7420696E 
 510      7400
 511              	.LASF12:
 512 017f 75696E74 		.ascii	"uint8\000"
 512      3800
 513              	.LASF4:
 514 0185 6C6F6E67 		.ascii	"long int\000"
 514      20696E74 
 514      00
 515              	.LASF22:
 516 018e 656E6162 		.ascii	"enableState\000"
 516      6C655374 
 516      61746500 
 517              	.LASF17:
 518 019a 44564441 		.ascii	"DVDAC_1_SaveConfig\000"
 518      435F315F 
 518      53617665 
 518      436F6E66 
 518      696700
 519              	.LASF20:
 520 01ad 2E5C4765 		.ascii	".\\Generated_Source\\PSoC5\\DVDAC_1_PM.c\000"
 520      6E657261 
 520      7465645F 
 520      536F7572 
 520      63655C50 
 521              	.LASF0:
 522 01d3 7369676E 		.ascii	"signed char\000"
 522      65642063 
 522      68617200 
 523              	.LASF16:
 524 01df 44564441 		.ascii	"DVDAC_1_Wakeup\000"
 524      435F315F 
 524      57616B65 
 524      757000
ARM GAS  C:\Users\Shiguruy\AppData\Local\Temp\cc9mTDyR.s 			page 14


 525              	.LASF18:
 526 01ee 44564441 		.ascii	"DVDAC_1_RestoreConfig\000"
 526      435F315F 
 526      52657374 
 526      6F726543 
 526      6F6E6669 
 527              		.ident	"GCC: (GNU Tools for ARM Embedded Processors) 4.9.3 20150303 (release) [ARM/embedded-4_9-br
