ARM GAS  C:\Users\Shiguruy\AppData\Local\Temp\ccywA3Hw.s 			page 1


   1              		.syntax unified
   2              		.cpu cortex-m3
   3              		.fpu softvfp
   4              		.eabi_attribute 20, 1
   5              		.eabi_attribute 21, 1
   6              		.eabi_attribute 23, 3
   7              		.eabi_attribute 24, 1
   8              		.eabi_attribute 25, 1
   9              		.eabi_attribute 26, 1
  10              		.eabi_attribute 30, 6
  11              		.eabi_attribute 34, 1
  12              		.eabi_attribute 18, 4
  13              		.thumb
  14              		.file	"Filter_1_PM.c"
  15              		.text
  16              	.Ltext0:
  17              		.cfi_sections	.debug_frame
  18              		.data
  19              		.align	2
  20              		.type	Filter_1_backup, %object
  21              		.size	Filter_1_backup, 68
  22              	Filter_1_backup:
  23 0000 00       		.byte	0
  24 0001 01       		.byte	1
  25 0002 00000000 		.space	66
  25      00000000 
  25      00000000 
  25      00000000 
  25      00000000 
  26              		.section	.text.Filter_1_SaveConfig,"ax",%progbits
  27              		.align	2
  28              		.global	Filter_1_SaveConfig
  29              		.thumb
  30              		.thumb_func
  31              		.type	Filter_1_SaveConfig, %function
  32              	Filter_1_SaveConfig:
  33              	.LFB0:
  34              		.file 1 ".\\Generated_Source\\PSoC5\\Filter_1_PM.c"
   1:.\Generated_Source\PSoC5/Filter_1_PM.c **** /*******************************************************************************
   2:.\Generated_Source\PSoC5/Filter_1_PM.c **** * File Name: Filter_1_PM.c
   3:.\Generated_Source\PSoC5/Filter_1_PM.c **** * Version 2.30
   4:.\Generated_Source\PSoC5/Filter_1_PM.c **** *
   5:.\Generated_Source\PSoC5/Filter_1_PM.c **** * Description:
   6:.\Generated_Source\PSoC5/Filter_1_PM.c **** *  This file provides the power managaer API source code for the FILT component.
   7:.\Generated_Source\PSoC5/Filter_1_PM.c **** *
   8:.\Generated_Source\PSoC5/Filter_1_PM.c **** * Note:
   9:.\Generated_Source\PSoC5/Filter_1_PM.c **** *  
  10:.\Generated_Source\PSoC5/Filter_1_PM.c **** *******************************************************************************
  11:.\Generated_Source\PSoC5/Filter_1_PM.c **** * Copyright 2008-2013, Cypress Semiconductor Corporation.  All rights reserved.
  12:.\Generated_Source\PSoC5/Filter_1_PM.c **** * You may use this file only in accordance with the license, terms, conditions, 
  13:.\Generated_Source\PSoC5/Filter_1_PM.c **** * disclaimers, and limitations in the end user license agreement accompanying 
  14:.\Generated_Source\PSoC5/Filter_1_PM.c **** * the software package with which this file was provided.
  15:.\Generated_Source\PSoC5/Filter_1_PM.c **** ********************************************************************************/
  16:.\Generated_Source\PSoC5/Filter_1_PM.c **** 
  17:.\Generated_Source\PSoC5/Filter_1_PM.c **** #include "Filter_1_PVT.h"
  18:.\Generated_Source\PSoC5/Filter_1_PM.c **** 
  19:.\Generated_Source\PSoC5/Filter_1_PM.c **** static Filter_1_backupStruct  Filter_1_backup = 
ARM GAS  C:\Users\Shiguruy\AppData\Local\Temp\ccywA3Hw.s 			page 2


  20:.\Generated_Source\PSoC5/Filter_1_PM.c **** {
  21:.\Generated_Source\PSoC5/Filter_1_PM.c ****     Filter_1_DISABLED,
  22:.\Generated_Source\PSoC5/Filter_1_PM.c ****     Filter_1_RUN_MASK,
  23:.\Generated_Source\PSoC5/Filter_1_PM.c ****     
  24:.\Generated_Source\PSoC5/Filter_1_PM.c **** };
  25:.\Generated_Source\PSoC5/Filter_1_PM.c **** 
  26:.\Generated_Source\PSoC5/Filter_1_PM.c **** 
  27:.\Generated_Source\PSoC5/Filter_1_PM.c **** /*******************************************************************************
  28:.\Generated_Source\PSoC5/Filter_1_PM.c **** * Function Name: Filter_1_SaveConfig
  29:.\Generated_Source\PSoC5/Filter_1_PM.c **** ********************************************************************************
  30:.\Generated_Source\PSoC5/Filter_1_PM.c **** *
  31:.\Generated_Source\PSoC5/Filter_1_PM.c **** * Summary:
  32:.\Generated_Source\PSoC5/Filter_1_PM.c **** *  Saves the current user configuration.
  33:.\Generated_Source\PSoC5/Filter_1_PM.c **** *  
  34:.\Generated_Source\PSoC5/Filter_1_PM.c **** * Parameters:  
  35:.\Generated_Source\PSoC5/Filter_1_PM.c **** *  void
  36:.\Generated_Source\PSoC5/Filter_1_PM.c **** *
  37:.\Generated_Source\PSoC5/Filter_1_PM.c **** * Return: 
  38:.\Generated_Source\PSoC5/Filter_1_PM.c **** *  void
  39:.\Generated_Source\PSoC5/Filter_1_PM.c **** *
  40:.\Generated_Source\PSoC5/Filter_1_PM.c **** * Global variables:
  41:.\Generated_Source\PSoC5/Filter_1_PM.c **** *  Filter_1_backup:  This global structure variable is used to store 
  42:.\Generated_Source\PSoC5/Filter_1_PM.c **** *  configuration registers which are non retention whenever user wants to go 
  43:.\Generated_Source\PSoC5/Filter_1_PM.c **** *  sleep mode by calling Sleep() API.
  44:.\Generated_Source\PSoC5/Filter_1_PM.c **** *
  45:.\Generated_Source\PSoC5/Filter_1_PM.c **** *******************************************************************************/
  46:.\Generated_Source\PSoC5/Filter_1_PM.c **** void Filter_1_SaveConfig(void) 
  47:.\Generated_Source\PSoC5/Filter_1_PM.c **** {
  35              		.loc 1 47 0
  36              		.cfi_startproc
  37              		@ args = 0, pretend = 0, frame = 0
  38              		@ frame_needed = 1, uses_anonymous_args = 0
  39              		@ link register save eliminated.
  40 0000 B0B4     		push	{r4, r5, r7}
  41              		.cfi_def_cfa_offset 12
  42              		.cfi_offset 4, -12
  43              		.cfi_offset 5, -8
  44              		.cfi_offset 7, -4
  45 0002 00AF     		add	r7, sp, #0
  46              		.cfi_def_cfa_register 7
  48:.\Generated_Source\PSoC5/Filter_1_PM.c ****     Filter_1_backup.sr = Filter_1_SR_REG;
  47              		.loc 1 48 0
  48 0004 104B     		ldr	r3, .L2
  49 0006 1B78     		ldrb	r3, [r3]
  50 0008 DAB2     		uxtb	r2, r3
  51 000a 104B     		ldr	r3, .L2+4
  52 000c 9A70     		strb	r2, [r3, #2]
  49:.\Generated_Source\PSoC5/Filter_1_PM.c ****     Filter_1_backup.sema = Filter_1_SEMA_REG;
  53              		.loc 1 49 0
  54 000e 104B     		ldr	r3, .L2+8
  55 0010 1B78     		ldrb	r3, [r3]
  56 0012 DAB2     		uxtb	r2, r3
  57 0014 0D4B     		ldr	r3, .L2+4
  58 0016 DA70     		strb	r2, [r3, #3]
  50:.\Generated_Source\PSoC5/Filter_1_PM.c **** 
  51:.\Generated_Source\PSoC5/Filter_1_PM.c ****     /* Put DFB RAM on the bus */
  52:.\Generated_Source\PSoC5/Filter_1_PM.c ****     Filter_1_RAM_DIR_REG = Filter_1_RAM_DIR_BUS;
ARM GAS  C:\Users\Shiguruy\AppData\Local\Temp\ccywA3Hw.s 			page 3


  59              		.loc 1 52 0
  60 0018 0E4B     		ldr	r3, .L2+12
  61 001a 3F22     		movs	r2, #63
  62 001c 1A70     		strb	r2, [r3]
  53:.\Generated_Source\PSoC5/Filter_1_PM.c **** 
  54:.\Generated_Source\PSoC5/Filter_1_PM.c ****     /* Save the ACU RAM as this is not retension */
  55:.\Generated_Source\PSoC5/Filter_1_PM.c ****     (void)memcpy(Filter_1_backup.saveAcu,
  63              		.loc 1 55 0
  64 001e 0B4B     		ldr	r3, .L2+4
  65 0020 0D4A     		ldr	r2, .L2+16
  66 0022 1C1D     		adds	r4, r3, #4
  67 0024 1546     		mov	r5, r2
  68 0026 0FCD     		ldmia	r5!, {r0, r1, r2, r3}
  69 0028 0FC4     		stmia	r4!, {r0, r1, r2, r3}
  70 002a 0FCD     		ldmia	r5!, {r0, r1, r2, r3}
  71 002c 0FC4     		stmia	r4!, {r0, r1, r2, r3}
  72 002e 0FCD     		ldmia	r5!, {r0, r1, r2, r3}
  73 0030 0FC4     		stmia	r4!, {r0, r1, r2, r3}
  74 0032 95E80F00 		ldmia	r5, {r0, r1, r2, r3}
  75 0036 84E80F00 		stmia	r4, {r0, r1, r2, r3}
  56:.\Generated_Source\PSoC5/Filter_1_PM.c ****         Filter_1_ACU_RAM, Filter_1_ACU_RAM_SIZE); 
  57:.\Generated_Source\PSoC5/Filter_1_PM.c **** 
  58:.\Generated_Source\PSoC5/Filter_1_PM.c ****     /* Take DFB RAM off the bus */
  59:.\Generated_Source\PSoC5/Filter_1_PM.c ****     Filter_1_RAM_DIR_REG = Filter_1_RAM_DIR_DFB;
  76              		.loc 1 59 0
  77 003a 064B     		ldr	r3, .L2+12
  78 003c 0022     		movs	r2, #0
  79 003e 1A70     		strb	r2, [r3]
  60:.\Generated_Source\PSoC5/Filter_1_PM.c **** }
  80              		.loc 1 60 0
  81 0040 BD46     		mov	sp, r7
  82              		.cfi_def_cfa_register 13
  83              		@ sp needed
  84 0042 B0BC     		pop	{r4, r5, r7}
  85              		.cfi_restore 7
  86              		.cfi_restore 5
  87              		.cfi_restore 4
  88              		.cfi_def_cfa_offset 0
  89 0044 7047     		bx	lr
  90              	.L3:
  91 0046 00BF     		.align	2
  92              	.L2:
  93 0048 84C70040 		.word	1073792900
  94 004c 00000000 		.word	Filter_1_backup
  95 0050 90C70040 		.word	1073792912
  96 0054 8CC70040 		.word	1073792908
  97 0058 00C70040 		.word	1073792768
  98              		.cfi_endproc
  99              	.LFE0:
 100              		.size	Filter_1_SaveConfig, .-Filter_1_SaveConfig
 101              		.section	.text.Filter_1_RestoreConfig,"ax",%progbits
 102              		.align	2
 103              		.global	Filter_1_RestoreConfig
 104              		.thumb
 105              		.thumb_func
 106              		.type	Filter_1_RestoreConfig, %function
 107              	Filter_1_RestoreConfig:
ARM GAS  C:\Users\Shiguruy\AppData\Local\Temp\ccywA3Hw.s 			page 4


 108              	.LFB1:
  61:.\Generated_Source\PSoC5/Filter_1_PM.c **** 
  62:.\Generated_Source\PSoC5/Filter_1_PM.c **** 
  63:.\Generated_Source\PSoC5/Filter_1_PM.c **** /*******************************************************************************
  64:.\Generated_Source\PSoC5/Filter_1_PM.c **** * Function Name: Filter_1_RestoreConfig
  65:.\Generated_Source\PSoC5/Filter_1_PM.c **** ********************************************************************************
  66:.\Generated_Source\PSoC5/Filter_1_PM.c **** *
  67:.\Generated_Source\PSoC5/Filter_1_PM.c **** * Summary:
  68:.\Generated_Source\PSoC5/Filter_1_PM.c **** *  Restores the current user configuration.
  69:.\Generated_Source\PSoC5/Filter_1_PM.c **** *
  70:.\Generated_Source\PSoC5/Filter_1_PM.c **** * Parameters:  
  71:.\Generated_Source\PSoC5/Filter_1_PM.c **** *  void
  72:.\Generated_Source\PSoC5/Filter_1_PM.c **** *
  73:.\Generated_Source\PSoC5/Filter_1_PM.c **** * Return: 
  74:.\Generated_Source\PSoC5/Filter_1_PM.c **** *  void
  75:.\Generated_Source\PSoC5/Filter_1_PM.c **** *
  76:.\Generated_Source\PSoC5/Filter_1_PM.c **** * Global variables:
  77:.\Generated_Source\PSoC5/Filter_1_PM.c **** *  Filter_1_backup:  This global structure variable is used to restore 
  78:.\Generated_Source\PSoC5/Filter_1_PM.c **** *  configuration registers which are non retention whenever user wants to switch 
  79:.\Generated_Source\PSoC5/Filter_1_PM.c **** *  to active power mode by calling Wakeup() API.
  80:.\Generated_Source\PSoC5/Filter_1_PM.c **** *
  81:.\Generated_Source\PSoC5/Filter_1_PM.c **** *******************************************************************************/
  82:.\Generated_Source\PSoC5/Filter_1_PM.c **** void Filter_1_RestoreConfig(void) 
  83:.\Generated_Source\PSoC5/Filter_1_PM.c **** {
 109              		.loc 1 83 0
 110              		.cfi_startproc
 111              		@ args = 0, pretend = 0, frame = 0
 112              		@ frame_needed = 1, uses_anonymous_args = 0
 113              		@ link register save eliminated.
 114 0000 B0B4     		push	{r4, r5, r7}
 115              		.cfi_def_cfa_offset 12
 116              		.cfi_offset 4, -12
 117              		.cfi_offset 5, -8
 118              		.cfi_offset 7, -4
 119 0002 00AF     		add	r7, sp, #0
 120              		.cfi_def_cfa_register 7
  84:.\Generated_Source\PSoC5/Filter_1_PM.c ****     Filter_1_SR_REG = Filter_1_backup.sr;
 121              		.loc 1 84 0
 122 0004 134B     		ldr	r3, .L5
 123 0006 144A     		ldr	r2, .L5+4
 124 0008 9278     		ldrb	r2, [r2, #2]	@ zero_extendqisi2
 125 000a 1A70     		strb	r2, [r3]
  85:.\Generated_Source\PSoC5/Filter_1_PM.c ****     Filter_1_SEMA_REG = Filter_1_backup.sema;
 126              		.loc 1 85 0
 127 000c 134B     		ldr	r3, .L5+8
 128 000e 124A     		ldr	r2, .L5+4
 129 0010 D278     		ldrb	r2, [r2, #3]	@ zero_extendqisi2
 130 0012 1A70     		strb	r2, [r3]
  86:.\Generated_Source\PSoC5/Filter_1_PM.c ****     
  87:.\Generated_Source\PSoC5/Filter_1_PM.c ****     /* Power on DFB before initializing the RAMs */
  88:.\Generated_Source\PSoC5/Filter_1_PM.c ****     Filter_1_PM_ACT_CFG_REG |= Filter_1_PM_ACT_MSK;
 131              		.loc 1 88 0
 132 0014 124A     		ldr	r2, .L5+12
 133 0016 124B     		ldr	r3, .L5+12
 134 0018 1B78     		ldrb	r3, [r3]
 135 001a DBB2     		uxtb	r3, r3
 136 001c 43F01003 		orr	r3, r3, #16
ARM GAS  C:\Users\Shiguruy\AppData\Local\Temp\ccywA3Hw.s 			page 5


 137 0020 DBB2     		uxtb	r3, r3
 138 0022 1370     		strb	r3, [r2]
  89:.\Generated_Source\PSoC5/Filter_1_PM.c **** 
  90:.\Generated_Source\PSoC5/Filter_1_PM.c ****     /* Put DFB RAM on the bus */
  91:.\Generated_Source\PSoC5/Filter_1_PM.c ****     Filter_1_RAM_DIR_REG = Filter_1_RAM_DIR_BUS;
 139              		.loc 1 91 0
 140 0024 0F4B     		ldr	r3, .L5+16
 141 0026 3F22     		movs	r2, #63
 142 0028 1A70     		strb	r2, [r3]
  92:.\Generated_Source\PSoC5/Filter_1_PM.c **** 
  93:.\Generated_Source\PSoC5/Filter_1_PM.c ****     /* Restore ACU RAM as this is not retension */
  94:.\Generated_Source\PSoC5/Filter_1_PM.c ****     (void)memcpy(Filter_1_ACU_RAM,
 143              		.loc 1 94 0
 144 002a 0F4A     		ldr	r2, .L5+20
 145 002c 0A4B     		ldr	r3, .L5+4
 146 002e 1546     		mov	r5, r2
 147 0030 1C1D     		adds	r4, r3, #4
 148 0032 0FCC     		ldmia	r4!, {r0, r1, r2, r3}
 149 0034 0FC5     		stmia	r5!, {r0, r1, r2, r3}
 150 0036 0FCC     		ldmia	r4!, {r0, r1, r2, r3}
 151 0038 0FC5     		stmia	r5!, {r0, r1, r2, r3}
 152 003a 0FCC     		ldmia	r4!, {r0, r1, r2, r3}
 153 003c 0FC5     		stmia	r5!, {r0, r1, r2, r3}
 154 003e 94E80F00 		ldmia	r4, {r0, r1, r2, r3}
 155 0042 85E80F00 		stmia	r5, {r0, r1, r2, r3}
  95:.\Generated_Source\PSoC5/Filter_1_PM.c ****         Filter_1_backup.saveAcu, Filter_1_ACU_RAM_SIZE); 
  96:.\Generated_Source\PSoC5/Filter_1_PM.c **** 
  97:.\Generated_Source\PSoC5/Filter_1_PM.c ****     /* Take DFB RAM off the bus */
  98:.\Generated_Source\PSoC5/Filter_1_PM.c ****     Filter_1_RAM_DIR_REG = Filter_1_RAM_DIR_DFB;
 156              		.loc 1 98 0
 157 0046 074B     		ldr	r3, .L5+16
 158 0048 0022     		movs	r2, #0
 159 004a 1A70     		strb	r2, [r3]
  99:.\Generated_Source\PSoC5/Filter_1_PM.c **** }
 160              		.loc 1 99 0
 161 004c BD46     		mov	sp, r7
 162              		.cfi_def_cfa_register 13
 163              		@ sp needed
 164 004e B0BC     		pop	{r4, r5, r7}
 165              		.cfi_restore 7
 166              		.cfi_restore 5
 167              		.cfi_restore 4
 168              		.cfi_def_cfa_offset 0
 169 0050 7047     		bx	lr
 170              	.L6:
 171 0052 00BF     		.align	2
 172              	.L5:
 173 0054 84C70040 		.word	1073792900
 174 0058 00000000 		.word	Filter_1_backup
 175 005c 90C70040 		.word	1073792912
 176 0060 A6430040 		.word	1073759142
 177 0064 8CC70040 		.word	1073792908
 178 0068 00C70040 		.word	1073792768
 179              		.cfi_endproc
 180              	.LFE1:
 181              		.size	Filter_1_RestoreConfig, .-Filter_1_RestoreConfig
 182              		.section	.text.Filter_1_Sleep,"ax",%progbits
ARM GAS  C:\Users\Shiguruy\AppData\Local\Temp\ccywA3Hw.s 			page 6


 183              		.align	2
 184              		.global	Filter_1_Sleep
 185              		.thumb
 186              		.thumb_func
 187              		.type	Filter_1_Sleep, %function
 188              	Filter_1_Sleep:
 189              	.LFB2:
 100:.\Generated_Source\PSoC5/Filter_1_PM.c **** 
 101:.\Generated_Source\PSoC5/Filter_1_PM.c **** 
 102:.\Generated_Source\PSoC5/Filter_1_PM.c **** /*******************************************************************************
 103:.\Generated_Source\PSoC5/Filter_1_PM.c **** * Function Name: Filter_1_Sleep
 104:.\Generated_Source\PSoC5/Filter_1_PM.c **** ********************************************************************************
 105:.\Generated_Source\PSoC5/Filter_1_PM.c **** *
 106:.\Generated_Source\PSoC5/Filter_1_PM.c **** * Summary:
 107:.\Generated_Source\PSoC5/Filter_1_PM.c **** *  Disables block's operation and saves its configuration. Should be called 
 108:.\Generated_Source\PSoC5/Filter_1_PM.c **** *  just prior to entering sleep.
 109:.\Generated_Source\PSoC5/Filter_1_PM.c **** *  
 110:.\Generated_Source\PSoC5/Filter_1_PM.c **** * Parameters:  
 111:.\Generated_Source\PSoC5/Filter_1_PM.c **** *  void
 112:.\Generated_Source\PSoC5/Filter_1_PM.c **** *
 113:.\Generated_Source\PSoC5/Filter_1_PM.c **** * Return: 
 114:.\Generated_Source\PSoC5/Filter_1_PM.c **** *  void
 115:.\Generated_Source\PSoC5/Filter_1_PM.c **** *
 116:.\Generated_Source\PSoC5/Filter_1_PM.c **** * Global variables:
 117:.\Generated_Source\PSoC5/Filter_1_PM.c **** *  Filter_1_backup:  The structure field 'enableState' is modified 
 118:.\Generated_Source\PSoC5/Filter_1_PM.c **** *  depending on the enable state of the block before entering to sleep mode.
 119:.\Generated_Source\PSoC5/Filter_1_PM.c **** *
 120:.\Generated_Source\PSoC5/Filter_1_PM.c **** *******************************************************************************/
 121:.\Generated_Source\PSoC5/Filter_1_PM.c **** void Filter_1_Sleep(void) 
 122:.\Generated_Source\PSoC5/Filter_1_PM.c **** {
 190              		.loc 1 122 0
 191              		.cfi_startproc
 192              		@ args = 0, pretend = 0, frame = 0
 193              		@ frame_needed = 1, uses_anonymous_args = 0
 194 0000 80B5     		push	{r7, lr}
 195              		.cfi_def_cfa_offset 8
 196              		.cfi_offset 7, -8
 197              		.cfi_offset 14, -4
 198 0002 00AF     		add	r7, sp, #0
 199              		.cfi_def_cfa_register 7
 123:.\Generated_Source\PSoC5/Filter_1_PM.c ****     /* Save Filter enable state */
 124:.\Generated_Source\PSoC5/Filter_1_PM.c ****     if(Filter_1_PM_ACT_MSK == (Filter_1_PM_ACT_CFG_REG & Filter_1_PM_ACT_MSK))
 200              		.loc 1 124 0
 201 0004 094B     		ldr	r3, .L10
 202 0006 1B78     		ldrb	r3, [r3]
 203 0008 DBB2     		uxtb	r3, r3
 204 000a 03F01003 		and	r3, r3, #16
 205 000e 002B     		cmp	r3, #0
 206 0010 03D0     		beq	.L8
 125:.\Generated_Source\PSoC5/Filter_1_PM.c ****     {
 126:.\Generated_Source\PSoC5/Filter_1_PM.c ****         /* Component is enabled */
 127:.\Generated_Source\PSoC5/Filter_1_PM.c ****         Filter_1_backup.enableState = Filter_1_ENABLED;
 207              		.loc 1 127 0
 208 0012 074B     		ldr	r3, .L10+4
 209 0014 0122     		movs	r2, #1
 210 0016 1A70     		strb	r2, [r3]
 211 0018 02E0     		b	.L9
ARM GAS  C:\Users\Shiguruy\AppData\Local\Temp\ccywA3Hw.s 			page 7


 212              	.L8:
 128:.\Generated_Source\PSoC5/Filter_1_PM.c ****     }
 129:.\Generated_Source\PSoC5/Filter_1_PM.c ****     else
 130:.\Generated_Source\PSoC5/Filter_1_PM.c ****     {
 131:.\Generated_Source\PSoC5/Filter_1_PM.c ****         /* Component is disabled */
 132:.\Generated_Source\PSoC5/Filter_1_PM.c ****         Filter_1_backup.enableState = Filter_1_DISABLED;
 213              		.loc 1 132 0
 214 001a 054B     		ldr	r3, .L10+4
 215 001c 0022     		movs	r2, #0
 216 001e 1A70     		strb	r2, [r3]
 217              	.L9:
 133:.\Generated_Source\PSoC5/Filter_1_PM.c ****     }
 134:.\Generated_Source\PSoC5/Filter_1_PM.c **** 
 135:.\Generated_Source\PSoC5/Filter_1_PM.c ****     /* Save the configuration */
 136:.\Generated_Source\PSoC5/Filter_1_PM.c ****     Filter_1_SaveConfig();
 218              		.loc 1 136 0
 219 0020 FFF7FEFF 		bl	Filter_1_SaveConfig
 137:.\Generated_Source\PSoC5/Filter_1_PM.c ****     
 138:.\Generated_Source\PSoC5/Filter_1_PM.c ****     /* Stop the component */
 139:.\Generated_Source\PSoC5/Filter_1_PM.c ****     Filter_1_Stop();
 220              		.loc 1 139 0
 221 0024 FFF7FEFF 		bl	Filter_1_Stop
 140:.\Generated_Source\PSoC5/Filter_1_PM.c **** }
 222              		.loc 1 140 0
 223 0028 80BD     		pop	{r7, pc}
 224              	.L11:
 225 002a 00BF     		.align	2
 226              	.L10:
 227 002c A6430040 		.word	1073759142
 228 0030 00000000 		.word	Filter_1_backup
 229              		.cfi_endproc
 230              	.LFE2:
 231              		.size	Filter_1_Sleep, .-Filter_1_Sleep
 232              		.section	.text.Filter_1_Wakeup,"ax",%progbits
 233              		.align	2
 234              		.global	Filter_1_Wakeup
 235              		.thumb
 236              		.thumb_func
 237              		.type	Filter_1_Wakeup, %function
 238              	Filter_1_Wakeup:
 239              	.LFB3:
 141:.\Generated_Source\PSoC5/Filter_1_PM.c **** 
 142:.\Generated_Source\PSoC5/Filter_1_PM.c **** 
 143:.\Generated_Source\PSoC5/Filter_1_PM.c **** /*******************************************************************************
 144:.\Generated_Source\PSoC5/Filter_1_PM.c **** * Function Name: Filter_1_Wakeup
 145:.\Generated_Source\PSoC5/Filter_1_PM.c **** ********************************************************************************
 146:.\Generated_Source\PSoC5/Filter_1_PM.c **** *
 147:.\Generated_Source\PSoC5/Filter_1_PM.c **** * Summary:
 148:.\Generated_Source\PSoC5/Filter_1_PM.c **** *  Enables block's operation and restores its configuration. Should be called
 149:.\Generated_Source\PSoC5/Filter_1_PM.c **** *  just after awaking from sleep.
 150:.\Generated_Source\PSoC5/Filter_1_PM.c **** *  
 151:.\Generated_Source\PSoC5/Filter_1_PM.c **** * Parameters:  
 152:.\Generated_Source\PSoC5/Filter_1_PM.c **** *  void
 153:.\Generated_Source\PSoC5/Filter_1_PM.c **** *
 154:.\Generated_Source\PSoC5/Filter_1_PM.c **** * Return: 
 155:.\Generated_Source\PSoC5/Filter_1_PM.c **** *  void
 156:.\Generated_Source\PSoC5/Filter_1_PM.c **** *
ARM GAS  C:\Users\Shiguruy\AppData\Local\Temp\ccywA3Hw.s 			page 8


 157:.\Generated_Source\PSoC5/Filter_1_PM.c **** * Global variables:
 158:.\Generated_Source\PSoC5/Filter_1_PM.c **** *  Filter_1_backup:  The structure field 'enableState' is used to 
 159:.\Generated_Source\PSoC5/Filter_1_PM.c **** *  restore the enable state of block after wakeup from sleep mode.
 160:.\Generated_Source\PSoC5/Filter_1_PM.c **** *
 161:.\Generated_Source\PSoC5/Filter_1_PM.c **** *******************************************************************************/
 162:.\Generated_Source\PSoC5/Filter_1_PM.c **** void Filter_1_Wakeup(void) 
 163:.\Generated_Source\PSoC5/Filter_1_PM.c **** {
 240              		.loc 1 163 0
 241              		.cfi_startproc
 242              		@ args = 0, pretend = 0, frame = 0
 243              		@ frame_needed = 1, uses_anonymous_args = 0
 244 0000 80B5     		push	{r7, lr}
 245              		.cfi_def_cfa_offset 8
 246              		.cfi_offset 7, -8
 247              		.cfi_offset 14, -4
 248 0002 00AF     		add	r7, sp, #0
 249              		.cfi_def_cfa_register 7
 164:.\Generated_Source\PSoC5/Filter_1_PM.c ****     /* Restore the configuration */
 165:.\Generated_Source\PSoC5/Filter_1_PM.c ****     Filter_1_RestoreConfig();
 250              		.loc 1 165 0
 251 0004 FFF7FEFF 		bl	Filter_1_RestoreConfig
 166:.\Generated_Source\PSoC5/Filter_1_PM.c ****     
 167:.\Generated_Source\PSoC5/Filter_1_PM.c ****     /* Enable's the component operation */
 168:.\Generated_Source\PSoC5/Filter_1_PM.c ****     if(Filter_1_backup.enableState == Filter_1_ENABLED)
 252              		.loc 1 168 0
 253 0008 034B     		ldr	r3, .L14
 254 000a 1B78     		ldrb	r3, [r3]	@ zero_extendqisi2
 255 000c 012B     		cmp	r3, #1
 256 000e 01D1     		bne	.L12
 169:.\Generated_Source\PSoC5/Filter_1_PM.c ****     {
 170:.\Generated_Source\PSoC5/Filter_1_PM.c ****         Filter_1_Enable();
 257              		.loc 1 170 0
 258 0010 FFF7FEFF 		bl	Filter_1_Enable
 259              	.L12:
 171:.\Generated_Source\PSoC5/Filter_1_PM.c ****     } /* Do nothing if component was disable before */
 172:.\Generated_Source\PSoC5/Filter_1_PM.c **** }
 260              		.loc 1 172 0
 261 0014 80BD     		pop	{r7, pc}
 262              	.L15:
 263 0016 00BF     		.align	2
 264              	.L14:
 265 0018 00000000 		.word	Filter_1_backup
 266              		.cfi_endproc
 267              	.LFE3:
 268              		.size	Filter_1_Wakeup, .-Filter_1_Wakeup
 269              		.text
 270              	.Letext0:
 271              		.file 2 ".\\Generated_Source\\PSoC5\\cytypes.h"
 272              		.file 3 ".\\Generated_Source\\PSoC5\\Filter_1.H"
 273              		.section	.debug_info,"",%progbits
 274              	.Ldebug_info0:
 275 0000 5E010000 		.4byte	0x15e
 276 0004 0400     		.2byte	0x4
 277 0006 00000000 		.4byte	.Ldebug_abbrev0
 278 000a 04       		.byte	0x4
 279 000b 01       		.uleb128 0x1
 280 000c 69000000 		.4byte	.LASF24
ARM GAS  C:\Users\Shiguruy\AppData\Local\Temp\ccywA3Hw.s 			page 9


 281 0010 01       		.byte	0x1
 282 0011 A7010000 		.4byte	.LASF25
 283 0015 EF010000 		.4byte	.LASF26
 284 0019 00000000 		.4byte	.Ldebug_ranges0+0
 285 001d 00000000 		.4byte	0
 286 0021 00000000 		.4byte	.Ldebug_line0
 287 0025 02       		.uleb128 0x2
 288 0026 04       		.byte	0x4
 289 0027 05       		.byte	0x5
 290 0028 696E7400 		.ascii	"int\000"
 291 002c 03       		.uleb128 0x3
 292 002d 04       		.byte	0x4
 293 002e 07       		.byte	0x7
 294 002f 50010000 		.4byte	.LASF0
 295 0033 03       		.uleb128 0x3
 296 0034 01       		.byte	0x1
 297 0035 06       		.byte	0x6
 298 0036 E3010000 		.4byte	.LASF1
 299 003a 03       		.uleb128 0x3
 300 003b 01       		.byte	0x1
 301 003c 08       		.byte	0x8
 302 003d 3E000000 		.4byte	.LASF2
 303 0041 03       		.uleb128 0x3
 304 0042 02       		.byte	0x2
 305 0043 05       		.byte	0x5
 306 0044 28010000 		.4byte	.LASF3
 307 0048 03       		.uleb128 0x3
 308 0049 02       		.byte	0x2
 309 004a 07       		.byte	0x7
 310 004b 15000000 		.4byte	.LASF4
 311 004f 03       		.uleb128 0x3
 312 0050 04       		.byte	0x4
 313 0051 05       		.byte	0x5
 314 0052 CE010000 		.4byte	.LASF5
 315 0056 03       		.uleb128 0x3
 316 0057 04       		.byte	0x4
 317 0058 07       		.byte	0x7
 318 0059 51000000 		.4byte	.LASF6
 319 005d 03       		.uleb128 0x3
 320 005e 08       		.byte	0x8
 321 005f 05       		.byte	0x5
 322 0060 7D010000 		.4byte	.LASF7
 323 0064 03       		.uleb128 0x3
 324 0065 08       		.byte	0x8
 325 0066 07       		.byte	0x7
 326 0067 5D010000 		.4byte	.LASF8
 327 006b 03       		.uleb128 0x3
 328 006c 04       		.byte	0x4
 329 006d 07       		.byte	0x7
 330 006e 74010000 		.4byte	.LASF9
 331 0072 03       		.uleb128 0x3
 332 0073 01       		.byte	0x1
 333 0074 08       		.byte	0x8
 334 0075 8B010000 		.4byte	.LASF10
 335 0079 04       		.uleb128 0x4
 336 007a 63000000 		.4byte	.LASF11
 337 007e 02       		.byte	0x2
ARM GAS  C:\Users\Shiguruy\AppData\Local\Temp\ccywA3Hw.s 			page 10


 338 007f C2       		.byte	0xc2
 339 0080 3A000000 		.4byte	0x3a
 340 0084 04       		.uleb128 0x4
 341 0085 32010000 		.4byte	.LASF12
 342 0089 02       		.byte	0x2
 343 008a C3       		.byte	0xc3
 344 008b 48000000 		.4byte	0x48
 345 008f 03       		.uleb128 0x3
 346 0090 04       		.byte	0x4
 347 0091 04       		.byte	0x4
 348 0092 38000000 		.4byte	.LASF13
 349 0096 03       		.uleb128 0x3
 350 0097 08       		.byte	0x8
 351 0098 04       		.byte	0x4
 352 0099 F7000000 		.4byte	.LASF14
 353 009d 05       		.uleb128 0x5
 354 009e 4C000000 		.4byte	.LASF15
 355 00a2 02       		.byte	0x2
 356 00a3 6C01     		.2byte	0x16c
 357 00a5 A9000000 		.4byte	0xa9
 358 00a9 06       		.uleb128 0x6
 359 00aa 79000000 		.4byte	0x79
 360 00ae 07       		.uleb128 0x7
 361 00af 44       		.byte	0x44
 362 00b0 03       		.byte	0x3
 363 00b1 2E       		.byte	0x2e
 364 00b2 F1000000 		.4byte	0xf1
 365 00b6 08       		.uleb128 0x8
 366 00b7 D7010000 		.4byte	.LASF16
 367 00bb 03       		.byte	0x3
 368 00bc 30       		.byte	0x30
 369 00bd 79000000 		.4byte	0x79
 370 00c1 00       		.byte	0
 371 00c2 09       		.uleb128 0x9
 372 00c3 637200   		.ascii	"cr\000"
 373 00c6 03       		.byte	0x3
 374 00c7 31       		.byte	0x31
 375 00c8 79000000 		.4byte	0x79
 376 00cc 01       		.byte	0x1
 377 00cd 09       		.uleb128 0x9
 378 00ce 737200   		.ascii	"sr\000"
 379 00d1 03       		.byte	0x3
 380 00d2 32       		.byte	0x32
 381 00d3 79000000 		.4byte	0x79
 382 00d7 02       		.byte	0x2
 383 00d8 08       		.uleb128 0x8
 384 00d9 00000000 		.4byte	.LASF17
 385 00dd 03       		.byte	0x3
 386 00de 33       		.byte	0x33
 387 00df 79000000 		.4byte	0x79
 388 00e3 03       		.byte	0x3
 389 00e4 08       		.uleb128 0x8
 390 00e5 9F010000 		.4byte	.LASF18
 391 00e9 03       		.byte	0x3
 392 00ea 34       		.byte	0x34
 393 00eb F1000000 		.4byte	0xf1
 394 00ef 04       		.byte	0x4
ARM GAS  C:\Users\Shiguruy\AppData\Local\Temp\ccywA3Hw.s 			page 11


 395 00f0 00       		.byte	0
 396 00f1 0A       		.uleb128 0xa
 397 00f2 79000000 		.4byte	0x79
 398 00f6 01010000 		.4byte	0x101
 399 00fa 0B       		.uleb128 0xb
 400 00fb 6B000000 		.4byte	0x6b
 401 00ff 3F       		.byte	0x3f
 402 0100 00       		.byte	0
 403 0101 04       		.uleb128 0x4
 404 0102 FE000000 		.4byte	.LASF19
 405 0106 03       		.byte	0x3
 406 0107 35       		.byte	0x35
 407 0108 AE000000 		.4byte	0xae
 408 010c 0C       		.uleb128 0xc
 409 010d 14010000 		.4byte	.LASF20
 410 0111 01       		.byte	0x1
 411 0112 2E       		.byte	0x2e
 412 0113 00000000 		.4byte	.LFB0
 413 0117 5C000000 		.4byte	.LFE0-.LFB0
 414 011b 01       		.uleb128 0x1
 415 011c 9C       		.byte	0x9c
 416 011d 0C       		.uleb128 0xc
 417 011e 39010000 		.4byte	.LASF21
 418 0122 01       		.byte	0x1
 419 0123 52       		.byte	0x52
 420 0124 00000000 		.4byte	.LFB1
 421 0128 6C000000 		.4byte	.LFE1-.LFB1
 422 012c 01       		.uleb128 0x1
 423 012d 9C       		.byte	0x9c
 424 012e 0D       		.uleb128 0xd
 425 012f 90010000 		.4byte	.LASF22
 426 0133 01       		.byte	0x1
 427 0134 79       		.byte	0x79
 428 0135 00000000 		.4byte	.LFB2
 429 0139 34000000 		.4byte	.LFE2-.LFB2
 430 013d 01       		.uleb128 0x1
 431 013e 9C       		.byte	0x9c
 432 013f 0D       		.uleb128 0xd
 433 0140 28000000 		.4byte	.LASF23
 434 0144 01       		.byte	0x1
 435 0145 A2       		.byte	0xa2
 436 0146 00000000 		.4byte	.LFB3
 437 014a 1C000000 		.4byte	.LFE3-.LFB3
 438 014e 01       		.uleb128 0x1
 439 014f 9C       		.byte	0x9c
 440 0150 0E       		.uleb128 0xe
 441 0151 05000000 		.4byte	.LASF27
 442 0155 01       		.byte	0x1
 443 0156 13       		.byte	0x13
 444 0157 01010000 		.4byte	0x101
 445 015b 05       		.uleb128 0x5
 446 015c 03       		.byte	0x3
 447 015d 00000000 		.4byte	Filter_1_backup
 448 0161 00       		.byte	0
 449              		.section	.debug_abbrev,"",%progbits
 450              	.Ldebug_abbrev0:
 451 0000 01       		.uleb128 0x1
ARM GAS  C:\Users\Shiguruy\AppData\Local\Temp\ccywA3Hw.s 			page 12


 452 0001 11       		.uleb128 0x11
 453 0002 01       		.byte	0x1
 454 0003 25       		.uleb128 0x25
 455 0004 0E       		.uleb128 0xe
 456 0005 13       		.uleb128 0x13
 457 0006 0B       		.uleb128 0xb
 458 0007 03       		.uleb128 0x3
 459 0008 0E       		.uleb128 0xe
 460 0009 1B       		.uleb128 0x1b
 461 000a 0E       		.uleb128 0xe
 462 000b 55       		.uleb128 0x55
 463 000c 17       		.uleb128 0x17
 464 000d 11       		.uleb128 0x11
 465 000e 01       		.uleb128 0x1
 466 000f 10       		.uleb128 0x10
 467 0010 17       		.uleb128 0x17
 468 0011 00       		.byte	0
 469 0012 00       		.byte	0
 470 0013 02       		.uleb128 0x2
 471 0014 24       		.uleb128 0x24
 472 0015 00       		.byte	0
 473 0016 0B       		.uleb128 0xb
 474 0017 0B       		.uleb128 0xb
 475 0018 3E       		.uleb128 0x3e
 476 0019 0B       		.uleb128 0xb
 477 001a 03       		.uleb128 0x3
 478 001b 08       		.uleb128 0x8
 479 001c 00       		.byte	0
 480 001d 00       		.byte	0
 481 001e 03       		.uleb128 0x3
 482 001f 24       		.uleb128 0x24
 483 0020 00       		.byte	0
 484 0021 0B       		.uleb128 0xb
 485 0022 0B       		.uleb128 0xb
 486 0023 3E       		.uleb128 0x3e
 487 0024 0B       		.uleb128 0xb
 488 0025 03       		.uleb128 0x3
 489 0026 0E       		.uleb128 0xe
 490 0027 00       		.byte	0
 491 0028 00       		.byte	0
 492 0029 04       		.uleb128 0x4
 493 002a 16       		.uleb128 0x16
 494 002b 00       		.byte	0
 495 002c 03       		.uleb128 0x3
 496 002d 0E       		.uleb128 0xe
 497 002e 3A       		.uleb128 0x3a
 498 002f 0B       		.uleb128 0xb
 499 0030 3B       		.uleb128 0x3b
 500 0031 0B       		.uleb128 0xb
 501 0032 49       		.uleb128 0x49
 502 0033 13       		.uleb128 0x13
 503 0034 00       		.byte	0
 504 0035 00       		.byte	0
 505 0036 05       		.uleb128 0x5
 506 0037 16       		.uleb128 0x16
 507 0038 00       		.byte	0
 508 0039 03       		.uleb128 0x3
ARM GAS  C:\Users\Shiguruy\AppData\Local\Temp\ccywA3Hw.s 			page 13


 509 003a 0E       		.uleb128 0xe
 510 003b 3A       		.uleb128 0x3a
 511 003c 0B       		.uleb128 0xb
 512 003d 3B       		.uleb128 0x3b
 513 003e 05       		.uleb128 0x5
 514 003f 49       		.uleb128 0x49
 515 0040 13       		.uleb128 0x13
 516 0041 00       		.byte	0
 517 0042 00       		.byte	0
 518 0043 06       		.uleb128 0x6
 519 0044 35       		.uleb128 0x35
 520 0045 00       		.byte	0
 521 0046 49       		.uleb128 0x49
 522 0047 13       		.uleb128 0x13
 523 0048 00       		.byte	0
 524 0049 00       		.byte	0
 525 004a 07       		.uleb128 0x7
 526 004b 13       		.uleb128 0x13
 527 004c 01       		.byte	0x1
 528 004d 0B       		.uleb128 0xb
 529 004e 0B       		.uleb128 0xb
 530 004f 3A       		.uleb128 0x3a
 531 0050 0B       		.uleb128 0xb
 532 0051 3B       		.uleb128 0x3b
 533 0052 0B       		.uleb128 0xb
 534 0053 01       		.uleb128 0x1
 535 0054 13       		.uleb128 0x13
 536 0055 00       		.byte	0
 537 0056 00       		.byte	0
 538 0057 08       		.uleb128 0x8
 539 0058 0D       		.uleb128 0xd
 540 0059 00       		.byte	0
 541 005a 03       		.uleb128 0x3
 542 005b 0E       		.uleb128 0xe
 543 005c 3A       		.uleb128 0x3a
 544 005d 0B       		.uleb128 0xb
 545 005e 3B       		.uleb128 0x3b
 546 005f 0B       		.uleb128 0xb
 547 0060 49       		.uleb128 0x49
 548 0061 13       		.uleb128 0x13
 549 0062 38       		.uleb128 0x38
 550 0063 0B       		.uleb128 0xb
 551 0064 00       		.byte	0
 552 0065 00       		.byte	0
 553 0066 09       		.uleb128 0x9
 554 0067 0D       		.uleb128 0xd
 555 0068 00       		.byte	0
 556 0069 03       		.uleb128 0x3
 557 006a 08       		.uleb128 0x8
 558 006b 3A       		.uleb128 0x3a
 559 006c 0B       		.uleb128 0xb
 560 006d 3B       		.uleb128 0x3b
 561 006e 0B       		.uleb128 0xb
 562 006f 49       		.uleb128 0x49
 563 0070 13       		.uleb128 0x13
 564 0071 38       		.uleb128 0x38
 565 0072 0B       		.uleb128 0xb
ARM GAS  C:\Users\Shiguruy\AppData\Local\Temp\ccywA3Hw.s 			page 14


 566 0073 00       		.byte	0
 567 0074 00       		.byte	0
 568 0075 0A       		.uleb128 0xa
 569 0076 01       		.uleb128 0x1
 570 0077 01       		.byte	0x1
 571 0078 49       		.uleb128 0x49
 572 0079 13       		.uleb128 0x13
 573 007a 01       		.uleb128 0x1
 574 007b 13       		.uleb128 0x13
 575 007c 00       		.byte	0
 576 007d 00       		.byte	0
 577 007e 0B       		.uleb128 0xb
 578 007f 21       		.uleb128 0x21
 579 0080 00       		.byte	0
 580 0081 49       		.uleb128 0x49
 581 0082 13       		.uleb128 0x13
 582 0083 2F       		.uleb128 0x2f
 583 0084 0B       		.uleb128 0xb
 584 0085 00       		.byte	0
 585 0086 00       		.byte	0
 586 0087 0C       		.uleb128 0xc
 587 0088 2E       		.uleb128 0x2e
 588 0089 00       		.byte	0
 589 008a 3F       		.uleb128 0x3f
 590 008b 19       		.uleb128 0x19
 591 008c 03       		.uleb128 0x3
 592 008d 0E       		.uleb128 0xe
 593 008e 3A       		.uleb128 0x3a
 594 008f 0B       		.uleb128 0xb
 595 0090 3B       		.uleb128 0x3b
 596 0091 0B       		.uleb128 0xb
 597 0092 27       		.uleb128 0x27
 598 0093 19       		.uleb128 0x19
 599 0094 11       		.uleb128 0x11
 600 0095 01       		.uleb128 0x1
 601 0096 12       		.uleb128 0x12
 602 0097 06       		.uleb128 0x6
 603 0098 40       		.uleb128 0x40
 604 0099 18       		.uleb128 0x18
 605 009a 9742     		.uleb128 0x2117
 606 009c 19       		.uleb128 0x19
 607 009d 00       		.byte	0
 608 009e 00       		.byte	0
 609 009f 0D       		.uleb128 0xd
 610 00a0 2E       		.uleb128 0x2e
 611 00a1 00       		.byte	0
 612 00a2 3F       		.uleb128 0x3f
 613 00a3 19       		.uleb128 0x19
 614 00a4 03       		.uleb128 0x3
 615 00a5 0E       		.uleb128 0xe
 616 00a6 3A       		.uleb128 0x3a
 617 00a7 0B       		.uleb128 0xb
 618 00a8 3B       		.uleb128 0x3b
 619 00a9 0B       		.uleb128 0xb
 620 00aa 27       		.uleb128 0x27
 621 00ab 19       		.uleb128 0x19
 622 00ac 11       		.uleb128 0x11
ARM GAS  C:\Users\Shiguruy\AppData\Local\Temp\ccywA3Hw.s 			page 15


 623 00ad 01       		.uleb128 0x1
 624 00ae 12       		.uleb128 0x12
 625 00af 06       		.uleb128 0x6
 626 00b0 40       		.uleb128 0x40
 627 00b1 18       		.uleb128 0x18
 628 00b2 9642     		.uleb128 0x2116
 629 00b4 19       		.uleb128 0x19
 630 00b5 00       		.byte	0
 631 00b6 00       		.byte	0
 632 00b7 0E       		.uleb128 0xe
 633 00b8 34       		.uleb128 0x34
 634 00b9 00       		.byte	0
 635 00ba 03       		.uleb128 0x3
 636 00bb 0E       		.uleb128 0xe
 637 00bc 3A       		.uleb128 0x3a
 638 00bd 0B       		.uleb128 0xb
 639 00be 3B       		.uleb128 0x3b
 640 00bf 0B       		.uleb128 0xb
 641 00c0 49       		.uleb128 0x49
 642 00c1 13       		.uleb128 0x13
 643 00c2 02       		.uleb128 0x2
 644 00c3 18       		.uleb128 0x18
 645 00c4 00       		.byte	0
 646 00c5 00       		.byte	0
 647 00c6 00       		.byte	0
 648              		.section	.debug_aranges,"",%progbits
 649 0000 34000000 		.4byte	0x34
 650 0004 0200     		.2byte	0x2
 651 0006 00000000 		.4byte	.Ldebug_info0
 652 000a 04       		.byte	0x4
 653 000b 00       		.byte	0
 654 000c 0000     		.2byte	0
 655 000e 0000     		.2byte	0
 656 0010 00000000 		.4byte	.LFB0
 657 0014 5C000000 		.4byte	.LFE0-.LFB0
 658 0018 00000000 		.4byte	.LFB1
 659 001c 6C000000 		.4byte	.LFE1-.LFB1
 660 0020 00000000 		.4byte	.LFB2
 661 0024 34000000 		.4byte	.LFE2-.LFB2
 662 0028 00000000 		.4byte	.LFB3
 663 002c 1C000000 		.4byte	.LFE3-.LFB3
 664 0030 00000000 		.4byte	0
 665 0034 00000000 		.4byte	0
 666              		.section	.debug_ranges,"",%progbits
 667              	.Ldebug_ranges0:
 668 0000 00000000 		.4byte	.LFB0
 669 0004 5C000000 		.4byte	.LFE0
 670 0008 00000000 		.4byte	.LFB1
 671 000c 6C000000 		.4byte	.LFE1
 672 0010 00000000 		.4byte	.LFB2
 673 0014 34000000 		.4byte	.LFE2
 674 0018 00000000 		.4byte	.LFB3
 675 001c 1C000000 		.4byte	.LFE3
 676 0020 00000000 		.4byte	0
 677 0024 00000000 		.4byte	0
 678              		.section	.debug_line,"",%progbits
 679              	.Ldebug_line0:
ARM GAS  C:\Users\Shiguruy\AppData\Local\Temp\ccywA3Hw.s 			page 16


 680 0000 B4000000 		.section	.debug_str,"MS",%progbits,1
 680      02005800 
 680      00000201 
 680      FB0E0D00 
 680      01010101 
 681              	.LASF17:
 682 0000 73656D61 		.ascii	"sema\000"
 682      00
 683              	.LASF27:
 684 0005 46696C74 		.ascii	"Filter_1_backup\000"
 684      65725F31 
 684      5F626163 
 684      6B757000 
 685              	.LASF4:
 686 0015 73686F72 		.ascii	"short unsigned int\000"
 686      7420756E 
 686      7369676E 
 686      65642069 
 686      6E7400
 687              	.LASF23:
 688 0028 46696C74 		.ascii	"Filter_1_Wakeup\000"
 688      65725F31 
 688      5F57616B 
 688      65757000 
 689              	.LASF13:
 690 0038 666C6F61 		.ascii	"float\000"
 690      7400
 691              	.LASF2:
 692 003e 756E7369 		.ascii	"unsigned char\000"
 692      676E6564 
 692      20636861 
 692      7200
 693              	.LASF15:
 694 004c 72656738 		.ascii	"reg8\000"
 694      00
 695              	.LASF6:
 696 0051 6C6F6E67 		.ascii	"long unsigned int\000"
 696      20756E73 
 696      69676E65 
 696      6420696E 
 696      7400
 697              	.LASF11:
 698 0063 75696E74 		.ascii	"uint8\000"
 698      3800
 699              	.LASF24:
 700 0069 474E5520 		.ascii	"GNU C 4.9.3 20150303 (release) [ARM/embedded-4_9-br"
 700      4320342E 
 700      392E3320 
 700      32303135 
 700      30333033 
 701 009c 616E6368 		.ascii	"anch revision 221220] -mcpu=cortex-m3 -mthumb -g -O"
 701      20726576 
 701      6973696F 
 701      6E203232 
 701      31323230 
 702 00cf 30202D66 		.ascii	"0 -ffunction-sections -ffat-lto-objects\000"
 702      66756E63 
ARM GAS  C:\Users\Shiguruy\AppData\Local\Temp\ccywA3Hw.s 			page 17


 702      74696F6E 
 702      2D736563 
 702      74696F6E 
 703              	.LASF14:
 704 00f7 646F7562 		.ascii	"double\000"
 704      6C6500
 705              	.LASF19:
 706 00fe 46696C74 		.ascii	"Filter_1_backupStruct\000"
 706      65725F31 
 706      5F626163 
 706      6B757053 
 706      74727563 
 707              	.LASF20:
 708 0114 46696C74 		.ascii	"Filter_1_SaveConfig\000"
 708      65725F31 
 708      5F536176 
 708      65436F6E 
 708      66696700 
 709              	.LASF3:
 710 0128 73686F72 		.ascii	"short int\000"
 710      7420696E 
 710      7400
 711              	.LASF12:
 712 0132 75696E74 		.ascii	"uint16\000"
 712      313600
 713              	.LASF21:
 714 0139 46696C74 		.ascii	"Filter_1_RestoreConfig\000"
 714      65725F31 
 714      5F526573 
 714      746F7265 
 714      436F6E66 
 715              	.LASF0:
 716 0150 756E7369 		.ascii	"unsigned int\000"
 716      676E6564 
 716      20696E74 
 716      00
 717              	.LASF8:
 718 015d 6C6F6E67 		.ascii	"long long unsigned int\000"
 718      206C6F6E 
 718      6720756E 
 718      7369676E 
 718      65642069 
 719              	.LASF9:
 720 0174 73697A65 		.ascii	"sizetype\000"
 720      74797065 
 720      00
 721              	.LASF7:
 722 017d 6C6F6E67 		.ascii	"long long int\000"
 722      206C6F6E 
 722      6720696E 
 722      7400
 723              	.LASF10:
 724 018b 63686172 		.ascii	"char\000"
 724      00
 725              	.LASF22:
 726 0190 46696C74 		.ascii	"Filter_1_Sleep\000"
 726      65725F31 
ARM GAS  C:\Users\Shiguruy\AppData\Local\Temp\ccywA3Hw.s 			page 18


 726      5F536C65 
 726      657000
 727              	.LASF18:
 728 019f 73617665 		.ascii	"saveAcu\000"
 728      41637500 
 729              	.LASF25:
 730 01a7 2E5C4765 		.ascii	".\\Generated_Source\\PSoC5\\Filter_1_PM.c\000"
 730      6E657261 
 730      7465645F 
 730      536F7572 
 730      63655C50 
 731              	.LASF5:
 732 01ce 6C6F6E67 		.ascii	"long int\000"
 732      20696E74 
 732      00
 733              	.LASF16:
 734 01d7 656E6162 		.ascii	"enableState\000"
 734      6C655374 
 734      61746500 
 735              	.LASF1:
 736 01e3 7369676E 		.ascii	"signed char\000"
 736      65642063 
 736      68617200 
 737              	.LASF26:
 738 01ef 433A5C57 		.ascii	"C:\\Workspace\\PSoC_Creator\\Active_Load\\Active_Lo"
 738      6F726B73 
 738      70616365 
 738      5C50536F 
 738      435F4372 
 739 021e 61645F76 		.ascii	"ad_v9.cydsn\000"
 739      392E6379 
 739      64736E00 
 740              		.ident	"GCC: (GNU Tools for ARM Embedded Processors) 4.9.3 20150303 (release) [ARM/embedded-4_9-br
