ARM GAS  C:\Users\Shiguruy\AppData\Local\Temp\ccohpxx5.s 			page 1


   1              		.syntax unified
   2              		.cpu cortex-m3
   3              		.fpu softvfp
   4              		.eabi_attribute 20, 1
   5              		.eabi_attribute 21, 1
   6              		.eabi_attribute 23, 3
   7              		.eabi_attribute 24, 1
   8              		.eabi_attribute 25, 1
   9              		.eabi_attribute 26, 1
  10              		.eabi_attribute 30, 6
  11              		.eabi_attribute 34, 1
  12              		.eabi_attribute 18, 4
  13              		.thumb
  14              		.file	"Filter_1_Coefficients.c"
  15              		.text
  16              	.Ltext0:
  17              		.cfi_sections	.debug_frame
  18              		.global	Filter_1_ChannelAFirCoefficients
  19              		.section	.rodata
  20              		.align	2
  21              		.type	Filter_1_ChannelAFirCoefficients, %object
  22              		.size	Filter_1_ChannelAFirCoefficients, 64
  23              	Filter_1_ChannelAFirCoefficients:
  24 0000 2B       		.byte	43
  25 0001 54       		.byte	84
  26 0002 00       		.byte	0
  27 0003 00       		.byte	0
  28 0004 36       		.byte	54
  29 0005 D9       		.byte	-39
  30 0006 FF       		.byte	-1
  31 0007 00       		.byte	0
  32 0008 B0       		.byte	-80
  33 0009 23       		.byte	35
  34 000a FE       		.byte	-2
  35 000b 00       		.byte	0
  36 000c 29       		.byte	41
  37 000d 62       		.byte	98
  38 000e FC       		.byte	-4
  39 000f 00       		.byte	0
  40 0010 09       		.byte	9
  41 0011 DB       		.byte	-37
  42 0012 FE       		.byte	-2
  43 0013 00       		.byte	0
  44 0014 E2       		.byte	-30
  45 0015 28       		.byte	40
  46 0016 09       		.byte	9
  47 0017 00       		.byte	0
  48 0018 A5       		.byte	-91
  49 0019 BD       		.byte	-67
  50 001a 18       		.byte	24
  51 001b 00       		.byte	0
  52 001c 94       		.byte	-108
  53 001d AA       		.byte	-86
  54 001e 24       		.byte	36
  55 001f 00       		.byte	0
  56 0020 94       		.byte	-108
  57 0021 AA       		.byte	-86
ARM GAS  C:\Users\Shiguruy\AppData\Local\Temp\ccohpxx5.s 			page 2


  58 0022 24       		.byte	36
  59 0023 00       		.byte	0
  60 0024 A5       		.byte	-91
  61 0025 BD       		.byte	-67
  62 0026 18       		.byte	24
  63 0027 00       		.byte	0
  64 0028 E2       		.byte	-30
  65 0029 28       		.byte	40
  66 002a 09       		.byte	9
  67 002b 00       		.byte	0
  68 002c 09       		.byte	9
  69 002d DB       		.byte	-37
  70 002e FE       		.byte	-2
  71 002f 00       		.byte	0
  72 0030 29       		.byte	41
  73 0031 62       		.byte	98
  74 0032 FC       		.byte	-4
  75 0033 00       		.byte	0
  76 0034 B0       		.byte	-80
  77 0035 23       		.byte	35
  78 0036 FE       		.byte	-2
  79 0037 00       		.byte	0
  80 0038 36       		.byte	54
  81 0039 D9       		.byte	-39
  82 003a FF       		.byte	-1
  83 003b 00       		.byte	0
  84 003c 2B       		.byte	43
  85 003d 54       		.byte	84
  86 003e 00       		.byte	0
  87 003f 00       		.byte	0
  88              		.text
  89              	.Letext0:
  90              		.file 1 ".\\Generated_Source\\PSoC5\\cytypes.h"
  91              		.file 2 ".\\Generated_Source\\PSoC5\\Filter_1_Coefficients.c"
  92              		.section	.debug_info,"",%progbits
  93              	.Ldebug_info0:
  94 0000 AD000000 		.4byte	0xad
  95 0004 0400     		.2byte	0x4
  96 0006 00000000 		.4byte	.Ldebug_abbrev0
  97 000a 04       		.byte	0x4
  98 000b 01       		.uleb128 0x1
  99 000c 9D000000 		.4byte	.LASF13
 100 0010 01       		.byte	0x1
 101 0011 33000000 		.4byte	.LASF14
 102 0015 72010000 		.4byte	.LASF15
 103 0019 00000000 		.4byte	.Ldebug_line0
 104 001d 02       		.uleb128 0x2
 105 001e 04       		.byte	0x4
 106 001f 05       		.byte	0x5
 107 0020 696E7400 		.ascii	"int\000"
 108 0024 03       		.uleb128 0x3
 109 0025 04       		.byte	0x4
 110 0026 07       		.byte	0x7
 111 0027 0E000000 		.4byte	.LASF0
 112 002b 03       		.uleb128 0x3
 113 002c 01       		.byte	0x1
 114 002d 06       		.byte	0x6
ARM GAS  C:\Users\Shiguruy\AppData\Local\Temp\ccohpxx5.s 			page 3


 115 002e 66010000 		.4byte	.LASF1
 116 0032 03       		.uleb128 0x3
 117 0033 01       		.byte	0x1
 118 0034 08       		.byte	0x8
 119 0035 81000000 		.4byte	.LASF2
 120 0039 03       		.uleb128 0x3
 121 003a 02       		.byte	0x2
 122 003b 05       		.byte	0x5
 123 003c AD010000 		.4byte	.LASF3
 124 0040 03       		.uleb128 0x3
 125 0041 02       		.byte	0x2
 126 0042 07       		.byte	0x7
 127 0043 53010000 		.4byte	.LASF4
 128 0047 03       		.uleb128 0x3
 129 0048 04       		.byte	0x4
 130 0049 05       		.byte	0x5
 131 004a 94000000 		.4byte	.LASF5
 132 004e 03       		.uleb128 0x3
 133 004f 04       		.byte	0x4
 134 0050 07       		.byte	0x7
 135 0051 21000000 		.4byte	.LASF6
 136 0055 03       		.uleb128 0x3
 137 0056 08       		.byte	0x8
 138 0057 05       		.byte	0x5
 139 0058 00000000 		.4byte	.LASF7
 140 005c 03       		.uleb128 0x3
 141 005d 08       		.byte	0x8
 142 005e 07       		.byte	0x7
 143 005f 64000000 		.4byte	.LASF8
 144 0063 03       		.uleb128 0x3
 145 0064 04       		.byte	0x4
 146 0065 07       		.byte	0x7
 147 0066 B7010000 		.4byte	.LASF9
 148 006a 03       		.uleb128 0x3
 149 006b 01       		.byte	0x1
 150 006c 08       		.byte	0x8
 151 006d 8F000000 		.4byte	.LASF10
 152 0071 04       		.uleb128 0x4
 153 0072 1B000000 		.4byte	.LASF16
 154 0076 01       		.byte	0x1
 155 0077 C2       		.byte	0xc2
 156 0078 32000000 		.4byte	0x32
 157 007c 03       		.uleb128 0x3
 158 007d 04       		.byte	0x4
 159 007e 04       		.byte	0x4
 160 007f 7B000000 		.4byte	.LASF11
 161 0083 03       		.uleb128 0x3
 162 0084 08       		.byte	0x8
 163 0085 04       		.byte	0x4
 164 0086 4C010000 		.4byte	.LASF12
 165 008a 05       		.uleb128 0x5
 166 008b 71000000 		.4byte	0x71
 167 008f 9A000000 		.4byte	0x9a
 168 0093 06       		.uleb128 0x6
 169 0094 63000000 		.4byte	0x63
 170 0098 3F       		.byte	0x3f
 171 0099 00       		.byte	0
ARM GAS  C:\Users\Shiguruy\AppData\Local\Temp\ccohpxx5.s 			page 4


 172 009a 07       		.uleb128 0x7
 173 009b 2B010000 		.4byte	.LASF17
 174 009f 02       		.byte	0x2
 175 00a0 11       		.byte	0x11
 176 00a1 AB000000 		.4byte	0xab
 177 00a5 05       		.uleb128 0x5
 178 00a6 03       		.byte	0x3
 179 00a7 00000000 		.4byte	Filter_1_ChannelAFirCoefficients
 180 00ab 08       		.uleb128 0x8
 181 00ac 8A000000 		.4byte	0x8a
 182 00b0 00       		.byte	0
 183              		.section	.debug_abbrev,"",%progbits
 184              	.Ldebug_abbrev0:
 185 0000 01       		.uleb128 0x1
 186 0001 11       		.uleb128 0x11
 187 0002 01       		.byte	0x1
 188 0003 25       		.uleb128 0x25
 189 0004 0E       		.uleb128 0xe
 190 0005 13       		.uleb128 0x13
 191 0006 0B       		.uleb128 0xb
 192 0007 03       		.uleb128 0x3
 193 0008 0E       		.uleb128 0xe
 194 0009 1B       		.uleb128 0x1b
 195 000a 0E       		.uleb128 0xe
 196 000b 10       		.uleb128 0x10
 197 000c 17       		.uleb128 0x17
 198 000d 00       		.byte	0
 199 000e 00       		.byte	0
 200 000f 02       		.uleb128 0x2
 201 0010 24       		.uleb128 0x24
 202 0011 00       		.byte	0
 203 0012 0B       		.uleb128 0xb
 204 0013 0B       		.uleb128 0xb
 205 0014 3E       		.uleb128 0x3e
 206 0015 0B       		.uleb128 0xb
 207 0016 03       		.uleb128 0x3
 208 0017 08       		.uleb128 0x8
 209 0018 00       		.byte	0
 210 0019 00       		.byte	0
 211 001a 03       		.uleb128 0x3
 212 001b 24       		.uleb128 0x24
 213 001c 00       		.byte	0
 214 001d 0B       		.uleb128 0xb
 215 001e 0B       		.uleb128 0xb
 216 001f 3E       		.uleb128 0x3e
 217 0020 0B       		.uleb128 0xb
 218 0021 03       		.uleb128 0x3
 219 0022 0E       		.uleb128 0xe
 220 0023 00       		.byte	0
 221 0024 00       		.byte	0
 222 0025 04       		.uleb128 0x4
 223 0026 16       		.uleb128 0x16
 224 0027 00       		.byte	0
 225 0028 03       		.uleb128 0x3
 226 0029 0E       		.uleb128 0xe
 227 002a 3A       		.uleb128 0x3a
 228 002b 0B       		.uleb128 0xb
ARM GAS  C:\Users\Shiguruy\AppData\Local\Temp\ccohpxx5.s 			page 5


 229 002c 3B       		.uleb128 0x3b
 230 002d 0B       		.uleb128 0xb
 231 002e 49       		.uleb128 0x49
 232 002f 13       		.uleb128 0x13
 233 0030 00       		.byte	0
 234 0031 00       		.byte	0
 235 0032 05       		.uleb128 0x5
 236 0033 01       		.uleb128 0x1
 237 0034 01       		.byte	0x1
 238 0035 49       		.uleb128 0x49
 239 0036 13       		.uleb128 0x13
 240 0037 01       		.uleb128 0x1
 241 0038 13       		.uleb128 0x13
 242 0039 00       		.byte	0
 243 003a 00       		.byte	0
 244 003b 06       		.uleb128 0x6
 245 003c 21       		.uleb128 0x21
 246 003d 00       		.byte	0
 247 003e 49       		.uleb128 0x49
 248 003f 13       		.uleb128 0x13
 249 0040 2F       		.uleb128 0x2f
 250 0041 0B       		.uleb128 0xb
 251 0042 00       		.byte	0
 252 0043 00       		.byte	0
 253 0044 07       		.uleb128 0x7
 254 0045 34       		.uleb128 0x34
 255 0046 00       		.byte	0
 256 0047 03       		.uleb128 0x3
 257 0048 0E       		.uleb128 0xe
 258 0049 3A       		.uleb128 0x3a
 259 004a 0B       		.uleb128 0xb
 260 004b 3B       		.uleb128 0x3b
 261 004c 0B       		.uleb128 0xb
 262 004d 49       		.uleb128 0x49
 263 004e 13       		.uleb128 0x13
 264 004f 3F       		.uleb128 0x3f
 265 0050 19       		.uleb128 0x19
 266 0051 02       		.uleb128 0x2
 267 0052 18       		.uleb128 0x18
 268 0053 00       		.byte	0
 269 0054 00       		.byte	0
 270 0055 08       		.uleb128 0x8
 271 0056 26       		.uleb128 0x26
 272 0057 00       		.byte	0
 273 0058 49       		.uleb128 0x49
 274 0059 13       		.uleb128 0x13
 275 005a 00       		.byte	0
 276 005b 00       		.byte	0
 277 005c 00       		.byte	0
 278              		.section	.debug_aranges,"",%progbits
 279 0000 14000000 		.4byte	0x14
 280 0004 0200     		.2byte	0x2
 281 0006 00000000 		.4byte	.Ldebug_info0
 282 000a 04       		.byte	0x4
 283 000b 00       		.byte	0
 284 000c 0000     		.2byte	0
 285 000e 0000     		.2byte	0
ARM GAS  C:\Users\Shiguruy\AppData\Local\Temp\ccohpxx5.s 			page 6


 286 0010 00000000 		.4byte	0
 287 0014 00000000 		.4byte	0
 288              		.section	.debug_line,"",%progbits
 289              	.Ldebug_line0:
 290 0000 5A000000 		.section	.debug_str,"MS",%progbits,1
 290      02005400 
 290      00000201 
 290      FB0E0D00 
 290      01010101 
 291              	.LASF7:
 292 0000 6C6F6E67 		.ascii	"long long int\000"
 292      206C6F6E 
 292      6720696E 
 292      7400
 293              	.LASF0:
 294 000e 756E7369 		.ascii	"unsigned int\000"
 294      676E6564 
 294      20696E74 
 294      00
 295              	.LASF16:
 296 001b 75696E74 		.ascii	"uint8\000"
 296      3800
 297              	.LASF6:
 298 0021 6C6F6E67 		.ascii	"long unsigned int\000"
 298      20756E73 
 298      69676E65 
 298      6420696E 
 298      7400
 299              	.LASF14:
 300 0033 2E5C4765 		.ascii	".\\Generated_Source\\PSoC5\\Filter_1_Coefficients.c"
 300      6E657261 
 300      7465645F 
 300      536F7572 
 300      63655C50 
 301 0063 00       		.ascii	"\000"
 302              	.LASF8:
 303 0064 6C6F6E67 		.ascii	"long long unsigned int\000"
 303      206C6F6E 
 303      6720756E 
 303      7369676E 
 303      65642069 
 304              	.LASF11:
 305 007b 666C6F61 		.ascii	"float\000"
 305      7400
 306              	.LASF2:
 307 0081 756E7369 		.ascii	"unsigned char\000"
 307      676E6564 
 307      20636861 
 307      7200
 308              	.LASF10:
 309 008f 63686172 		.ascii	"char\000"
 309      00
 310              	.LASF5:
 311 0094 6C6F6E67 		.ascii	"long int\000"
 311      20696E74 
 311      00
 312              	.LASF13:
ARM GAS  C:\Users\Shiguruy\AppData\Local\Temp\ccohpxx5.s 			page 7


 313 009d 474E5520 		.ascii	"GNU C 4.9.3 20150303 (release) [ARM/embedded-4_9-br"
 313      4320342E 
 313      392E3320 
 313      32303135 
 313      30333033 
 314 00d0 616E6368 		.ascii	"anch revision 221220] -mcpu=cortex-m3 -mthumb -g -O"
 314      20726576 
 314      6973696F 
 314      6E203232 
 314      31323230 
 315 0103 30202D66 		.ascii	"0 -ffunction-sections -ffat-lto-objects\000"
 315      66756E63 
 315      74696F6E 
 315      2D736563 
 315      74696F6E 
 316              	.LASF17:
 317 012b 46696C74 		.ascii	"Filter_1_ChannelAFirCoefficients\000"
 317      65725F31 
 317      5F436861 
 317      6E6E656C 
 317      41466972 
 318              	.LASF12:
 319 014c 646F7562 		.ascii	"double\000"
 319      6C6500
 320              	.LASF4:
 321 0153 73686F72 		.ascii	"short unsigned int\000"
 321      7420756E 
 321      7369676E 
 321      65642069 
 321      6E7400
 322              	.LASF1:
 323 0166 7369676E 		.ascii	"signed char\000"
 323      65642063 
 323      68617200 
 324              	.LASF15:
 325 0172 433A5C57 		.ascii	"C:\\Workspace\\PSoC_Creator\\Active_Load\\Active_Lo"
 325      6F726B73 
 325      70616365 
 325      5C50536F 
 325      435F4372 
 326 01a1 61645F76 		.ascii	"ad_v9.cydsn\000"
 326      392E6379 
 326      64736E00 
 327              	.LASF3:
 328 01ad 73686F72 		.ascii	"short int\000"
 328      7420696E 
 328      7400
 329              	.LASF9:
 330 01b7 73697A65 		.ascii	"sizetype\000"
 330      74797065 
 330      00
 331              		.ident	"GCC: (GNU Tools for ARM Embedded Processors) 4.9.3 20150303 (release) [ARM/embedded-4_9-br
