ARM GAS  C:\Users\Shiguruy\AppData\Local\Temp\ccRpTlEV.s 			page 1


   1              		.syntax unified
   2              		.cpu cortex-m3
   3              		.fpu softvfp
   4              		.eabi_attribute 20, 1
   5              		.eabi_attribute 21, 1
   6              		.eabi_attribute 23, 3
   7              		.eabi_attribute 24, 1
   8              		.eabi_attribute 25, 1
   9              		.eabi_attribute 26, 1
  10              		.eabi_attribute 30, 6
  11              		.eabi_attribute 34, 1
  12              		.eabi_attribute 18, 4
  13              		.thumb
  14              		.file	"LCD_BarGraph.c"
  15              		.text
  16              	.Ltext0:
  17              		.cfi_sections	.debug_frame
  18              		.global	LCD_customFonts
  19              		.section	.rodata
  20              		.align	2
  21              		.type	LCD_customFonts, %object
  22              		.size	LCD_customFonts, 64
  23              	LCD_customFonts:
  24 0000 00       		.byte	0
  25 0001 00       		.byte	0
  26 0002 00       		.byte	0
  27 0003 00       		.byte	0
  28 0004 00       		.byte	0
  29 0005 00       		.byte	0
  30 0006 00       		.byte	0
  31 0007 1F       		.byte	31
  32 0008 00       		.byte	0
  33 0009 00       		.byte	0
  34 000a 00       		.byte	0
  35 000b 00       		.byte	0
  36 000c 00       		.byte	0
  37 000d 00       		.byte	0
  38 000e 1F       		.byte	31
  39 000f 1F       		.byte	31
  40 0010 00       		.byte	0
  41 0011 00       		.byte	0
  42 0012 00       		.byte	0
  43 0013 00       		.byte	0
  44 0014 00       		.byte	0
  45 0015 1F       		.byte	31
  46 0016 1F       		.byte	31
  47 0017 1F       		.byte	31
  48 0018 00       		.byte	0
  49 0019 00       		.byte	0
  50 001a 00       		.byte	0
  51 001b 00       		.byte	0
  52 001c 1F       		.byte	31
  53 001d 1F       		.byte	31
  54 001e 1F       		.byte	31
  55 001f 1F       		.byte	31
  56 0020 00       		.byte	0
  57 0021 00       		.byte	0
ARM GAS  C:\Users\Shiguruy\AppData\Local\Temp\ccRpTlEV.s 			page 2


  58 0022 00       		.byte	0
  59 0023 1F       		.byte	31
  60 0024 1F       		.byte	31
  61 0025 1F       		.byte	31
  62 0026 1F       		.byte	31
  63 0027 1F       		.byte	31
  64 0028 00       		.byte	0
  65 0029 00       		.byte	0
  66 002a 1F       		.byte	31
  67 002b 1F       		.byte	31
  68 002c 1F       		.byte	31
  69 002d 1F       		.byte	31
  70 002e 1F       		.byte	31
  71 002f 1F       		.byte	31
  72 0030 00       		.byte	0
  73 0031 1F       		.byte	31
  74 0032 1F       		.byte	31
  75 0033 1F       		.byte	31
  76 0034 1F       		.byte	31
  77 0035 1F       		.byte	31
  78 0036 1F       		.byte	31
  79 0037 1F       		.byte	31
  80 0038 1F       		.byte	31
  81 0039 1F       		.byte	31
  82 003a 1F       		.byte	31
  83 003b 1F       		.byte	31
  84 003c 1F       		.byte	31
  85 003d 1F       		.byte	31
  86 003e 1F       		.byte	31
  87 003f 1F       		.byte	31
  88              		.section	.text.LCD_LoadCustomFonts,"ax",%progbits
  89              		.align	2
  90              		.global	LCD_LoadCustomFonts
  91              		.thumb
  92              		.thumb_func
  93              		.type	LCD_LoadCustomFonts, %function
  94              	LCD_LoadCustomFonts:
  95              	.LFB0:
  96              		.file 1 ".\\Generated_Source\\PSoC5\\LCD_BarGraph.c"
   1:.\Generated_Source\PSoC5/LCD_BarGraph.c **** /*******************************************************************************
   2:.\Generated_Source\PSoC5/LCD_BarGraph.c **** * File Name: LCD_BarGraph.c
   3:.\Generated_Source\PSoC5/LCD_BarGraph.c **** * Version 2.10
   4:.\Generated_Source\PSoC5/LCD_BarGraph.c **** *
   5:.\Generated_Source\PSoC5/LCD_BarGraph.c **** * Description:
   6:.\Generated_Source\PSoC5/LCD_BarGraph.c **** *  This file provides the custom character data and API for creating and using
   7:.\Generated_Source\PSoC5/LCD_BarGraph.c **** *  bar graphs with the Character LCD component.
   8:.\Generated_Source\PSoC5/LCD_BarGraph.c **** *
   9:.\Generated_Source\PSoC5/LCD_BarGraph.c **** * Note:
  10:.\Generated_Source\PSoC5/LCD_BarGraph.c **** *
  11:.\Generated_Source\PSoC5/LCD_BarGraph.c **** ********************************************************************************
  12:.\Generated_Source\PSoC5/LCD_BarGraph.c **** * Copyright 2008-2014, Cypress Semiconductor Corporation.  All rights reserved.
  13:.\Generated_Source\PSoC5/LCD_BarGraph.c **** * You may use this file only in accordance with the license, terms, conditions,
  14:.\Generated_Source\PSoC5/LCD_BarGraph.c **** * disclaimers, and limitations in the end user license agreement accompanying
  15:.\Generated_Source\PSoC5/LCD_BarGraph.c **** * the software package with which this file was provided.
  16:.\Generated_Source\PSoC5/LCD_BarGraph.c **** *******************************************************************************/
  17:.\Generated_Source\PSoC5/LCD_BarGraph.c **** 
  18:.\Generated_Source\PSoC5/LCD_BarGraph.c **** #include "LCD.h"
ARM GAS  C:\Users\Shiguruy\AppData\Local\Temp\ccRpTlEV.s 			page 3


  19:.\Generated_Source\PSoC5/LCD_BarGraph.c **** 
  20:.\Generated_Source\PSoC5/LCD_BarGraph.c **** 
  21:.\Generated_Source\PSoC5/LCD_BarGraph.c **** uint8 const CYCODE LCD_customFonts[] = \
  22:.\Generated_Source\PSoC5/LCD_BarGraph.c **** {
  23:.\Generated_Source\PSoC5/LCD_BarGraph.c ****     /* Character LCD_CUSTOM_0   */
  24:.\Generated_Source\PSoC5/LCD_BarGraph.c ****     0x00u,    0x00u,    0x00u,    0x00u,    0x00u,    0x00u,    0x00u,    0x1Fu, \
  25:.\Generated_Source\PSoC5/LCD_BarGraph.c ****     /* Character LCD_CUSTOM_1   */
  26:.\Generated_Source\PSoC5/LCD_BarGraph.c ****     0x00u,    0x00u,    0x00u,    0x00u,    0x00u,    0x00u,    0x1Fu,    0x1Fu, \
  27:.\Generated_Source\PSoC5/LCD_BarGraph.c ****     /* Character LCD_CUSTOM_2   */
  28:.\Generated_Source\PSoC5/LCD_BarGraph.c ****     0x00u,    0x00u,    0x00u,    0x00u,    0x00u,    0x1Fu,    0x1Fu,    0x1Fu, \
  29:.\Generated_Source\PSoC5/LCD_BarGraph.c ****     /* Character LCD_CUSTOM_3   */
  30:.\Generated_Source\PSoC5/LCD_BarGraph.c ****     0x00u,    0x00u,    0x00u,    0x00u,    0x1Fu,    0x1Fu,    0x1Fu,    0x1Fu, \
  31:.\Generated_Source\PSoC5/LCD_BarGraph.c ****     /* Character LCD_CUSTOM_4   */
  32:.\Generated_Source\PSoC5/LCD_BarGraph.c ****     0x00u,    0x00u,    0x00u,    0x1Fu,    0x1Fu,    0x1Fu,    0x1Fu,    0x1Fu, \
  33:.\Generated_Source\PSoC5/LCD_BarGraph.c ****     /* Character LCD_CUSTOM_5   */
  34:.\Generated_Source\PSoC5/LCD_BarGraph.c ****     0x00u,    0x00u,    0x1Fu,    0x1Fu,    0x1Fu,    0x1Fu,    0x1Fu,    0x1Fu, \
  35:.\Generated_Source\PSoC5/LCD_BarGraph.c ****     /* Character LCD_CUSTOM_6   */
  36:.\Generated_Source\PSoC5/LCD_BarGraph.c ****     0x00u,    0x1Fu,    0x1Fu,    0x1Fu,    0x1Fu,    0x1Fu,    0x1Fu,    0x1Fu, \
  37:.\Generated_Source\PSoC5/LCD_BarGraph.c ****     /* Character LCD_CUSTOM_7   */
  38:.\Generated_Source\PSoC5/LCD_BarGraph.c ****     0x1Fu,    0x1Fu,    0x1Fu,    0x1Fu,    0x1Fu,    0x1Fu,    0x1Fu,    0x1Fu \
  39:.\Generated_Source\PSoC5/LCD_BarGraph.c **** };
  40:.\Generated_Source\PSoC5/LCD_BarGraph.c **** 
  41:.\Generated_Source\PSoC5/LCD_BarGraph.c **** 
  42:.\Generated_Source\PSoC5/LCD_BarGraph.c **** /*******************************************************************************
  43:.\Generated_Source\PSoC5/LCD_BarGraph.c **** * Function Name: LCD_LoadCustomFonts
  44:.\Generated_Source\PSoC5/LCD_BarGraph.c **** ********************************************************************************
  45:.\Generated_Source\PSoC5/LCD_BarGraph.c **** *
  46:.\Generated_Source\PSoC5/LCD_BarGraph.c **** * Summary:
  47:.\Generated_Source\PSoC5/LCD_BarGraph.c **** *  Loads 8 custom font characters into the LCD Module for use.  Cannot use
  48:.\Generated_Source\PSoC5/LCD_BarGraph.c **** *  characters from two different font sets at once, but font sets can be
  49:.\Generated_Source\PSoC5/LCD_BarGraph.c **** *  switched out during runtime.
  50:.\Generated_Source\PSoC5/LCD_BarGraph.c **** *
  51:.\Generated_Source\PSoC5/LCD_BarGraph.c **** * Parameters:
  52:.\Generated_Source\PSoC5/LCD_BarGraph.c **** *  customData:  pointer to a constant array of 64 bytes representing 8 custom
  53:.\Generated_Source\PSoC5/LCD_BarGraph.c **** *               font characters.
  54:.\Generated_Source\PSoC5/LCD_BarGraph.c **** * Return:
  55:.\Generated_Source\PSoC5/LCD_BarGraph.c **** *  None.
  56:.\Generated_Source\PSoC5/LCD_BarGraph.c **** *
  57:.\Generated_Source\PSoC5/LCD_BarGraph.c **** * Theory:
  58:.\Generated_Source\PSoC5/LCD_BarGraph.c **** *  Prior to using this function user need to import the pointer to custom
  59:.\Generated_Source\PSoC5/LCD_BarGraph.c **** *  font array to your project by writting the following in the source code file
  60:.\Generated_Source\PSoC5/LCD_BarGraph.c **** *  where custom font will be used:
  61:.\Generated_Source\PSoC5/LCD_BarGraph.c **** *       extern uint8 const CYCODE LCD_Char_customFonts[];
  62:.\Generated_Source\PSoC5/LCD_BarGraph.c **** *  This function is not automatically called by the Start() routine and must be
  63:.\Generated_Source\PSoC5/LCD_BarGraph.c **** *  called manually by the user.
  64:.\Generated_Source\PSoC5/LCD_BarGraph.c **** *******************************************************************************/
  65:.\Generated_Source\PSoC5/LCD_BarGraph.c **** void LCD_LoadCustomFonts(uint8 const customData[]) 
  66:.\Generated_Source\PSoC5/LCD_BarGraph.c **** {
  97              		.loc 1 66 0
  98              		.cfi_startproc
  99              		@ args = 0, pretend = 0, frame = 16
 100              		@ frame_needed = 1, uses_anonymous_args = 0
 101 0000 80B5     		push	{r7, lr}
 102              		.cfi_def_cfa_offset 8
 103              		.cfi_offset 7, -8
 104              		.cfi_offset 14, -4
 105 0002 84B0     		sub	sp, sp, #16
ARM GAS  C:\Users\Shiguruy\AppData\Local\Temp\ccRpTlEV.s 			page 4


 106              		.cfi_def_cfa_offset 24
 107 0004 00AF     		add	r7, sp, #0
 108              		.cfi_def_cfa_register 7
 109 0006 7860     		str	r0, [r7, #4]
  67:.\Generated_Source\PSoC5/LCD_BarGraph.c ****     uint8 indexU8;
  68:.\Generated_Source\PSoC5/LCD_BarGraph.c **** 
  69:.\Generated_Source\PSoC5/LCD_BarGraph.c ****     LCD_IsReady();
 110              		.loc 1 69 0
 111 0008 FFF7FEFF 		bl	LCD_IsReady
  70:.\Generated_Source\PSoC5/LCD_BarGraph.c ****     /* Set starting address in the LCD Module */
  71:.\Generated_Source\PSoC5/LCD_BarGraph.c ****     /* Optionally: Read the current address to restore at a later time */
  72:.\Generated_Source\PSoC5/LCD_BarGraph.c ****     LCD_WriteControl(LCD_CGRAM_0);
 112              		.loc 1 72 0
 113 000c 4020     		movs	r0, #64
 114 000e FFF7FEFF 		bl	LCD_WriteControl
  73:.\Generated_Source\PSoC5/LCD_BarGraph.c **** 
  74:.\Generated_Source\PSoC5/LCD_BarGraph.c ****     /* Load in the 64 bytes of CustomChar Data */
  75:.\Generated_Source\PSoC5/LCD_BarGraph.c ****     for(indexU8 = 0u; indexU8 < LCD_CUSTOM_CHAR_SET_LEN; indexU8++)
 115              		.loc 1 75 0
 116 0012 0023     		movs	r3, #0
 117 0014 FB73     		strb	r3, [r7, #15]
 118 0016 09E0     		b	.L2
 119              	.L3:
  76:.\Generated_Source\PSoC5/LCD_BarGraph.c ****     {
  77:.\Generated_Source\PSoC5/LCD_BarGraph.c ****         /* Delay between each write */
  78:.\Generated_Source\PSoC5/LCD_BarGraph.c ****         LCD_WriteData(customData[indexU8]);
 120              		.loc 1 78 0 discriminator 3
 121 0018 FB7B     		ldrb	r3, [r7, #15]	@ zero_extendqisi2
 122 001a 7A68     		ldr	r2, [r7, #4]
 123 001c 1344     		add	r3, r3, r2
 124 001e 1B78     		ldrb	r3, [r3]	@ zero_extendqisi2
 125 0020 1846     		mov	r0, r3
 126 0022 FFF7FEFF 		bl	LCD_WriteData
  75:.\Generated_Source\PSoC5/LCD_BarGraph.c ****     {
 127              		.loc 1 75 0 discriminator 3
 128 0026 FB7B     		ldrb	r3, [r7, #15]	@ zero_extendqisi2
 129 0028 0133     		adds	r3, r3, #1
 130 002a FB73     		strb	r3, [r7, #15]
 131              	.L2:
  75:.\Generated_Source\PSoC5/LCD_BarGraph.c ****     {
 132              		.loc 1 75 0 is_stmt 0 discriminator 1
 133 002c FB7B     		ldrb	r3, [r7, #15]	@ zero_extendqisi2
 134 002e 3F2B     		cmp	r3, #63
 135 0030 F2D9     		bls	.L3
  79:.\Generated_Source\PSoC5/LCD_BarGraph.c ****     }
  80:.\Generated_Source\PSoC5/LCD_BarGraph.c **** 
  81:.\Generated_Source\PSoC5/LCD_BarGraph.c ****     LCD_IsReady();
 136              		.loc 1 81 0 is_stmt 1
 137 0032 FFF7FEFF 		bl	LCD_IsReady
  82:.\Generated_Source\PSoC5/LCD_BarGraph.c ****     LCD_WriteControl(LCD_DDRAM_0);
 138              		.loc 1 82 0
 139 0036 8020     		movs	r0, #128
 140 0038 FFF7FEFF 		bl	LCD_WriteControl
  83:.\Generated_Source\PSoC5/LCD_BarGraph.c **** }
 141              		.loc 1 83 0
 142 003c 1037     		adds	r7, r7, #16
 143              		.cfi_def_cfa_offset 8
ARM GAS  C:\Users\Shiguruy\AppData\Local\Temp\ccRpTlEV.s 			page 5


 144 003e BD46     		mov	sp, r7
 145              		.cfi_def_cfa_register 13
 146              		@ sp needed
 147 0040 80BD     		pop	{r7, pc}
 148              		.cfi_endproc
 149              	.LFE0:
 150              		.size	LCD_LoadCustomFonts, .-LCD_LoadCustomFonts
 151 0042 00BF     		.section	.text.LCD_DrawVerticalBG,"ax",%progbits
 152              		.align	2
 153              		.global	LCD_DrawVerticalBG
 154              		.thumb
 155              		.thumb_func
 156              		.type	LCD_DrawVerticalBG, %function
 157              	LCD_DrawVerticalBG:
 158              	.LFB1:
  84:.\Generated_Source\PSoC5/LCD_BarGraph.c **** 
  85:.\Generated_Source\PSoC5/LCD_BarGraph.c **** 
  86:.\Generated_Source\PSoC5/LCD_BarGraph.c **** #if (LCD_CUSTOM_CHAR_SET == LCD_HORIZONTAL_BG)
  87:.\Generated_Source\PSoC5/LCD_BarGraph.c **** 
  88:.\Generated_Source\PSoC5/LCD_BarGraph.c ****     /*******************************************************************************
  89:.\Generated_Source\PSoC5/LCD_BarGraph.c ****     * Function Name: LCD_DrawHorizontalBG
  90:.\Generated_Source\PSoC5/LCD_BarGraph.c ****     ********************************************************************************
  91:.\Generated_Source\PSoC5/LCD_BarGraph.c ****     *
  92:.\Generated_Source\PSoC5/LCD_BarGraph.c ****     * Summary:
  93:.\Generated_Source\PSoC5/LCD_BarGraph.c ****     *  Draws the horizontal bargraph.
  94:.\Generated_Source\PSoC5/LCD_BarGraph.c ****     *
  95:.\Generated_Source\PSoC5/LCD_BarGraph.c ****     * Parameters:
  96:.\Generated_Source\PSoC5/LCD_BarGraph.c ****     *  row:            The row in which the bar graph starts.
  97:.\Generated_Source\PSoC5/LCD_BarGraph.c ****     *  column:         The column in which the bar graph starts.
  98:.\Generated_Source\PSoC5/LCD_BarGraph.c ****     *  maxCharacters:  The max length of the graph in whole characters.
  99:.\Generated_Source\PSoC5/LCD_BarGraph.c ****     *  value:          The current length or height of the graph in pixels.
 100:.\Generated_Source\PSoC5/LCD_BarGraph.c ****     *
 101:.\Generated_Source\PSoC5/LCD_BarGraph.c ****     * Return:
 102:.\Generated_Source\PSoC5/LCD_BarGraph.c ****     *  void.
 103:.\Generated_Source\PSoC5/LCD_BarGraph.c ****     *
 104:.\Generated_Source\PSoC5/LCD_BarGraph.c ****     *******************************************************************************/
 105:.\Generated_Source\PSoC5/LCD_BarGraph.c ****     void LCD_DrawHorizontalBG(uint8 row, uint8 column, uint8 maxCharacters, uint8 value) \
 106:.\Generated_Source\PSoC5/LCD_BarGraph.c ****                                                             
 107:.\Generated_Source\PSoC5/LCD_BarGraph.c ****     {
 108:.\Generated_Source\PSoC5/LCD_BarGraph.c ****         /* 8-bit Counter */
 109:.\Generated_Source\PSoC5/LCD_BarGraph.c ****         uint8 count8;
 110:.\Generated_Source\PSoC5/LCD_BarGraph.c ****         uint8 fullChars;
 111:.\Generated_Source\PSoC5/LCD_BarGraph.c ****         uint8 remainingPixels;
 112:.\Generated_Source\PSoC5/LCD_BarGraph.c **** 
 113:.\Generated_Source\PSoC5/LCD_BarGraph.c ****         /* Number of full characters to draw */
 114:.\Generated_Source\PSoC5/LCD_BarGraph.c ****         fullChars = value / LCD_CHARACTER_WIDTH;
 115:.\Generated_Source\PSoC5/LCD_BarGraph.c **** 
 116:.\Generated_Source\PSoC5/LCD_BarGraph.c ****         /* Number of remaining pixels to draw */
 117:.\Generated_Source\PSoC5/LCD_BarGraph.c ****         remainingPixels = value % LCD_CHARACTER_WIDTH;
 118:.\Generated_Source\PSoC5/LCD_BarGraph.c **** 
 119:.\Generated_Source\PSoC5/LCD_BarGraph.c ****         /* Ensure that the maximum character limit is followed. */
 120:.\Generated_Source\PSoC5/LCD_BarGraph.c ****         if(fullChars >= maxCharacters)
 121:.\Generated_Source\PSoC5/LCD_BarGraph.c ****         {
 122:.\Generated_Source\PSoC5/LCD_BarGraph.c ****             fullChars = maxCharacters;
 123:.\Generated_Source\PSoC5/LCD_BarGraph.c ****         }
 124:.\Generated_Source\PSoC5/LCD_BarGraph.c **** 
 125:.\Generated_Source\PSoC5/LCD_BarGraph.c ****         /* Put Cursor at start position */
ARM GAS  C:\Users\Shiguruy\AppData\Local\Temp\ccRpTlEV.s 			page 6


 126:.\Generated_Source\PSoC5/LCD_BarGraph.c ****         LCD_Position(row, column);
 127:.\Generated_Source\PSoC5/LCD_BarGraph.c **** 
 128:.\Generated_Source\PSoC5/LCD_BarGraph.c ****         /* Write full characters */
 129:.\Generated_Source\PSoC5/LCD_BarGraph.c ****         for(count8 = 0u; count8 < fullChars; count8++)
 130:.\Generated_Source\PSoC5/LCD_BarGraph.c ****         {
 131:.\Generated_Source\PSoC5/LCD_BarGraph.c ****             LCD_WriteData(LCD_CUSTOM_5);
 132:.\Generated_Source\PSoC5/LCD_BarGraph.c ****         }
 133:.\Generated_Source\PSoC5/LCD_BarGraph.c **** 
 134:.\Generated_Source\PSoC5/LCD_BarGraph.c ****         if(fullChars < maxCharacters)
 135:.\Generated_Source\PSoC5/LCD_BarGraph.c ****         {
 136:.\Generated_Source\PSoC5/LCD_BarGraph.c ****             /* Write remaining pixels */
 137:.\Generated_Source\PSoC5/LCD_BarGraph.c ****             LCD_WriteData(remainingPixels);
 138:.\Generated_Source\PSoC5/LCD_BarGraph.c **** 
 139:.\Generated_Source\PSoC5/LCD_BarGraph.c ****             if(fullChars < (maxCharacters - 1u))
 140:.\Generated_Source\PSoC5/LCD_BarGraph.c ****             {
 141:.\Generated_Source\PSoC5/LCD_BarGraph.c ****                 /* Fill with whitespace to end of bar graph */
 142:.\Generated_Source\PSoC5/LCD_BarGraph.c ****                 for(count8 = 0u; count8 < (maxCharacters - fullChars - 1u); count8++)
 143:.\Generated_Source\PSoC5/LCD_BarGraph.c ****                 {
 144:.\Generated_Source\PSoC5/LCD_BarGraph.c ****                     LCD_WriteData(LCD_CUSTOM_0);
 145:.\Generated_Source\PSoC5/LCD_BarGraph.c ****                 }
 146:.\Generated_Source\PSoC5/LCD_BarGraph.c ****             }
 147:.\Generated_Source\PSoC5/LCD_BarGraph.c ****         }
 148:.\Generated_Source\PSoC5/LCD_BarGraph.c ****     }
 149:.\Generated_Source\PSoC5/LCD_BarGraph.c **** 
 150:.\Generated_Source\PSoC5/LCD_BarGraph.c **** #endif /* LCD_CUSTOM_CHAR_SET == LCD_HORIZONTAL_BG */
 151:.\Generated_Source\PSoC5/LCD_BarGraph.c **** 
 152:.\Generated_Source\PSoC5/LCD_BarGraph.c **** 
 153:.\Generated_Source\PSoC5/LCD_BarGraph.c **** #if (LCD_CUSTOM_CHAR_SET == LCD_VERTICAL_BG)
 154:.\Generated_Source\PSoC5/LCD_BarGraph.c **** 
 155:.\Generated_Source\PSoC5/LCD_BarGraph.c ****     /*******************************************************************************
 156:.\Generated_Source\PSoC5/LCD_BarGraph.c ****     *  Function Name: LCD_DrawVerticalBG
 157:.\Generated_Source\PSoC5/LCD_BarGraph.c ****     ********************************************************************************
 158:.\Generated_Source\PSoC5/LCD_BarGraph.c ****     *
 159:.\Generated_Source\PSoC5/LCD_BarGraph.c ****     * Summary:
 160:.\Generated_Source\PSoC5/LCD_BarGraph.c ****     *  Draws the vertical bargraph.
 161:.\Generated_Source\PSoC5/LCD_BarGraph.c ****     *
 162:.\Generated_Source\PSoC5/LCD_BarGraph.c ****     * Parameters:
 163:.\Generated_Source\PSoC5/LCD_BarGraph.c ****     *  row:            The row in which the bar graph starts.
 164:.\Generated_Source\PSoC5/LCD_BarGraph.c ****     *  column:         The column in which the bar graph starts.
 165:.\Generated_Source\PSoC5/LCD_BarGraph.c ****     *  maxCharacters:  The max height of the graph in whole characters.
 166:.\Generated_Source\PSoC5/LCD_BarGraph.c ****     *  value:          The current length or height of the graph in pixels.
 167:.\Generated_Source\PSoC5/LCD_BarGraph.c ****     *
 168:.\Generated_Source\PSoC5/LCD_BarGraph.c ****     * Return:
 169:.\Generated_Source\PSoC5/LCD_BarGraph.c ****     *  void.
 170:.\Generated_Source\PSoC5/LCD_BarGraph.c ****     *
 171:.\Generated_Source\PSoC5/LCD_BarGraph.c ****     *******************************************************************************/
 172:.\Generated_Source\PSoC5/LCD_BarGraph.c ****     void LCD_DrawVerticalBG(uint8 row, uint8 column, uint8 maxCharacters, uint8 value) \
 173:.\Generated_Source\PSoC5/LCD_BarGraph.c ****                                                             
 174:.\Generated_Source\PSoC5/LCD_BarGraph.c ****     {
 159              		.loc 1 174 0
 160              		.cfi_startproc
 161              		@ args = 0, pretend = 0, frame = 16
 162              		@ frame_needed = 1, uses_anonymous_args = 0
 163 0000 90B5     		push	{r4, r7, lr}
 164              		.cfi_def_cfa_offset 12
 165              		.cfi_offset 4, -12
 166              		.cfi_offset 7, -8
ARM GAS  C:\Users\Shiguruy\AppData\Local\Temp\ccRpTlEV.s 			page 7


 167              		.cfi_offset 14, -4
 168 0002 85B0     		sub	sp, sp, #20
 169              		.cfi_def_cfa_offset 32
 170 0004 00AF     		add	r7, sp, #0
 171              		.cfi_def_cfa_register 7
 172 0006 0446     		mov	r4, r0
 173 0008 0846     		mov	r0, r1
 174 000a 1146     		mov	r1, r2
 175 000c 1A46     		mov	r2, r3
 176 000e 2346     		mov	r3, r4
 177 0010 FB71     		strb	r3, [r7, #7]
 178 0012 0346     		mov	r3, r0
 179 0014 BB71     		strb	r3, [r7, #6]
 180 0016 0B46     		mov	r3, r1
 181 0018 7B71     		strb	r3, [r7, #5]
 182 001a 1346     		mov	r3, r2
 183 001c 3B71     		strb	r3, [r7, #4]
 175:.\Generated_Source\PSoC5/LCD_BarGraph.c ****         /* 8-bit Counter */
 176:.\Generated_Source\PSoC5/LCD_BarGraph.c ****         uint8 count8 = 0u;
 184              		.loc 1 176 0
 185 001e 0023     		movs	r3, #0
 186 0020 FB73     		strb	r3, [r7, #15]
 177:.\Generated_Source\PSoC5/LCD_BarGraph.c ****         /* Current Row Tracker */
 178:.\Generated_Source\PSoC5/LCD_BarGraph.c ****         int8 currentRow;
 179:.\Generated_Source\PSoC5/LCD_BarGraph.c ****         uint8 fullChars;
 180:.\Generated_Source\PSoC5/LCD_BarGraph.c ****         uint8 remainingPixels;
 181:.\Generated_Source\PSoC5/LCD_BarGraph.c **** 
 182:.\Generated_Source\PSoC5/LCD_BarGraph.c ****         /* Number of full characters to draw */
 183:.\Generated_Source\PSoC5/LCD_BarGraph.c ****         fullChars = value / LCD_CHARACTER_HEIGHT;
 187              		.loc 1 183 0
 188 0022 3B79     		ldrb	r3, [r7, #4]	@ zero_extendqisi2
 189 0024 DB08     		lsrs	r3, r3, #3
 190 0026 7B73     		strb	r3, [r7, #13]
 184:.\Generated_Source\PSoC5/LCD_BarGraph.c **** 
 185:.\Generated_Source\PSoC5/LCD_BarGraph.c ****         /* Number of remaining pixels to draw */
 186:.\Generated_Source\PSoC5/LCD_BarGraph.c ****         remainingPixels = value % LCD_CHARACTER_HEIGHT;
 191              		.loc 1 186 0
 192 0028 3B79     		ldrb	r3, [r7, #4]
 193 002a 03F00703 		and	r3, r3, #7
 194 002e 3B73     		strb	r3, [r7, #12]
 187:.\Generated_Source\PSoC5/LCD_BarGraph.c **** 
 188:.\Generated_Source\PSoC5/LCD_BarGraph.c ****         /* Put Cursor at start position */
 189:.\Generated_Source\PSoC5/LCD_BarGraph.c ****         LCD_Position(row, column);
 195              		.loc 1 189 0
 196 0030 FA79     		ldrb	r2, [r7, #7]	@ zero_extendqisi2
 197 0032 BB79     		ldrb	r3, [r7, #6]	@ zero_extendqisi2
 198 0034 1046     		mov	r0, r2
 199 0036 1946     		mov	r1, r3
 200 0038 FFF7FEFF 		bl	LCD_Position
 190:.\Generated_Source\PSoC5/LCD_BarGraph.c **** 
 191:.\Generated_Source\PSoC5/LCD_BarGraph.c ****         /* Make sure the bar graph fits inside the space allotted */
 192:.\Generated_Source\PSoC5/LCD_BarGraph.c ****         if(fullChars >= maxCharacters)
 201              		.loc 1 192 0
 202 003c 7A7B     		ldrb	r2, [r7, #13]	@ zero_extendqisi2
 203 003e 7B79     		ldrb	r3, [r7, #5]	@ zero_extendqisi2
 204 0040 9A42     		cmp	r2, r3
 205 0042 01D3     		bcc	.L5
ARM GAS  C:\Users\Shiguruy\AppData\Local\Temp\ccRpTlEV.s 			page 8


 193:.\Generated_Source\PSoC5/LCD_BarGraph.c ****         {
 194:.\Generated_Source\PSoC5/LCD_BarGraph.c ****             fullChars = maxCharacters;
 206              		.loc 1 194 0
 207 0044 7B79     		ldrb	r3, [r7, #5]
 208 0046 7B73     		strb	r3, [r7, #13]
 209              	.L5:
 195:.\Generated_Source\PSoC5/LCD_BarGraph.c ****         }
 196:.\Generated_Source\PSoC5/LCD_BarGraph.c **** 
 197:.\Generated_Source\PSoC5/LCD_BarGraph.c ****         /*  Write full characters */
 198:.\Generated_Source\PSoC5/LCD_BarGraph.c ****         while(count8 < fullChars)
 210              		.loc 1 198 0
 211 0048 17E0     		b	.L6
 212              	.L9:
 199:.\Generated_Source\PSoC5/LCD_BarGraph.c ****         {
 200:.\Generated_Source\PSoC5/LCD_BarGraph.c ****             LCD_WriteData(LCD_CUSTOM_7);
 213              		.loc 1 200 0
 214 004a 0720     		movs	r0, #7
 215 004c FFF7FEFF 		bl	LCD_WriteData
 201:.\Generated_Source\PSoC5/LCD_BarGraph.c **** 
 202:.\Generated_Source\PSoC5/LCD_BarGraph.c ****             count8++;
 216              		.loc 1 202 0
 217 0050 FB7B     		ldrb	r3, [r7, #15]	@ zero_extendqisi2
 218 0052 0133     		adds	r3, r3, #1
 219 0054 FB73     		strb	r3, [r7, #15]
 203:.\Generated_Source\PSoC5/LCD_BarGraph.c **** 
 204:.\Generated_Source\PSoC5/LCD_BarGraph.c ****             /* Each pass through, move one row higher */
 205:.\Generated_Source\PSoC5/LCD_BarGraph.c ****             if((((int8) row) - ((int8) count8)) >= 0)
 220              		.loc 1 205 0
 221 0056 FB79     		ldrb	r3, [r7, #7]	@ zero_extendqisi2
 222 0058 5AB2     		sxtb	r2, r3
 223 005a FB7B     		ldrb	r3, [r7, #15]	@ zero_extendqisi2
 224 005c 5BB2     		sxtb	r3, r3
 225 005e D31A     		subs	r3, r2, r3
 226 0060 002B     		cmp	r3, #0
 227 0062 09DB     		blt	.L7
 206:.\Generated_Source\PSoC5/LCD_BarGraph.c ****             {
 207:.\Generated_Source\PSoC5/LCD_BarGraph.c ****                 LCD_Position(row - count8, column);
 228              		.loc 1 207 0
 229 0064 FA79     		ldrb	r2, [r7, #7]
 230 0066 FB7B     		ldrb	r3, [r7, #15]
 231 0068 D31A     		subs	r3, r2, r3
 232 006a DAB2     		uxtb	r2, r3
 233 006c BB79     		ldrb	r3, [r7, #6]	@ zero_extendqisi2
 234 006e 1046     		mov	r0, r2
 235 0070 1946     		mov	r1, r3
 236 0072 FFF7FEFF 		bl	LCD_Position
 237 0076 00E0     		b	.L6
 238              	.L7:
 208:.\Generated_Source\PSoC5/LCD_BarGraph.c ****             }
 209:.\Generated_Source\PSoC5/LCD_BarGraph.c ****             else
 210:.\Generated_Source\PSoC5/LCD_BarGraph.c ****             {
 211:.\Generated_Source\PSoC5/LCD_BarGraph.c ****                 break;
 239              		.loc 1 211 0
 240 0078 03E0     		b	.L8
 241              	.L6:
 198:.\Generated_Source\PSoC5/LCD_BarGraph.c ****         {
 242              		.loc 1 198 0
ARM GAS  C:\Users\Shiguruy\AppData\Local\Temp\ccRpTlEV.s 			page 9


 243 007a FA7B     		ldrb	r2, [r7, #15]	@ zero_extendqisi2
 244 007c 7B7B     		ldrb	r3, [r7, #13]	@ zero_extendqisi2
 245 007e 9A42     		cmp	r2, r3
 246 0080 E3D3     		bcc	.L9
 247              	.L8:
 212:.\Generated_Source\PSoC5/LCD_BarGraph.c ****             }
 213:.\Generated_Source\PSoC5/LCD_BarGraph.c ****         }
 214:.\Generated_Source\PSoC5/LCD_BarGraph.c **** 
 215:.\Generated_Source\PSoC5/LCD_BarGraph.c ****         if(((((int8) row) - ((int8) count8)) >= 0) && (fullChars < maxCharacters))
 248              		.loc 1 215 0
 249 0082 FB79     		ldrb	r3, [r7, #7]	@ zero_extendqisi2
 250 0084 5AB2     		sxtb	r2, r3
 251 0086 FB7B     		ldrb	r3, [r7, #15]	@ zero_extendqisi2
 252 0088 5BB2     		sxtb	r3, r3
 253 008a D31A     		subs	r3, r2, r3
 254 008c 002B     		cmp	r3, #0
 255 008e 36DB     		blt	.L4
 256              		.loc 1 215 0 is_stmt 0 discriminator 1
 257 0090 7A7B     		ldrb	r2, [r7, #13]	@ zero_extendqisi2
 258 0092 7B79     		ldrb	r3, [r7, #5]	@ zero_extendqisi2
 259 0094 9A42     		cmp	r2, r3
 260 0096 32D2     		bcs	.L4
 216:.\Generated_Source\PSoC5/LCD_BarGraph.c ****         {
 217:.\Generated_Source\PSoC5/LCD_BarGraph.c ****             /* Write remaining pixels */
 218:.\Generated_Source\PSoC5/LCD_BarGraph.c ****             if(remainingPixels == 0u)
 261              		.loc 1 218 0 is_stmt 1
 262 0098 3B7B     		ldrb	r3, [r7, #12]	@ zero_extendqisi2
 263 009a 002B     		cmp	r3, #0
 264 009c 03D1     		bne	.L11
 219:.\Generated_Source\PSoC5/LCD_BarGraph.c ****             {
 220:.\Generated_Source\PSoC5/LCD_BarGraph.c ****                 LCD_WriteData((uint8) ' ');
 265              		.loc 1 220 0
 266 009e 2020     		movs	r0, #32
 267 00a0 FFF7FEFF 		bl	LCD_WriteData
 268 00a4 05E0     		b	.L12
 269              	.L11:
 221:.\Generated_Source\PSoC5/LCD_BarGraph.c ****             }
 222:.\Generated_Source\PSoC5/LCD_BarGraph.c ****             else
 223:.\Generated_Source\PSoC5/LCD_BarGraph.c ****             {
 224:.\Generated_Source\PSoC5/LCD_BarGraph.c ****                 LCD_WriteData(remainingPixels - 1u);
 270              		.loc 1 224 0
 271 00a6 3B7B     		ldrb	r3, [r7, #12]
 272 00a8 013B     		subs	r3, r3, #1
 273 00aa DBB2     		uxtb	r3, r3
 274 00ac 1846     		mov	r0, r3
 275 00ae FFF7FEFF 		bl	LCD_WriteData
 276              	.L12:
 225:.\Generated_Source\PSoC5/LCD_BarGraph.c ****             }
 226:.\Generated_Source\PSoC5/LCD_BarGraph.c **** 
 227:.\Generated_Source\PSoC5/LCD_BarGraph.c ****             currentRow = ((int8) row) - ((int8) count8) - 1;
 277              		.loc 1 227 0
 278 00b2 FA79     		ldrb	r2, [r7, #7]
 279 00b4 FB7B     		ldrb	r3, [r7, #15]
 280 00b6 D31A     		subs	r3, r2, r3
 281 00b8 DBB2     		uxtb	r3, r3
 282 00ba 013B     		subs	r3, r3, #1
 283 00bc DBB2     		uxtb	r3, r3
ARM GAS  C:\Users\Shiguruy\AppData\Local\Temp\ccRpTlEV.s 			page 10


 284 00be BB73     		strb	r3, [r7, #14]
 228:.\Generated_Source\PSoC5/LCD_BarGraph.c **** 
 229:.\Generated_Source\PSoC5/LCD_BarGraph.c ****             if(currentRow >= 0)
 285              		.loc 1 229 0
 286 00c0 97F90E30 		ldrsb	r3, [r7, #14]
 287 00c4 002B     		cmp	r3, #0
 288 00c6 1ADB     		blt	.L4
 230:.\Generated_Source\PSoC5/LCD_BarGraph.c ****             {
 231:.\Generated_Source\PSoC5/LCD_BarGraph.c ****                 /* Move up one row and fill with whitespace till top of bar graph */
 232:.\Generated_Source\PSoC5/LCD_BarGraph.c ****                 for(count8 = 0u; count8 < (maxCharacters - fullChars - 1u); count8++)
 289              		.loc 1 232 0
 290 00c8 0023     		movs	r3, #0
 291 00ca FB73     		strb	r3, [r7, #15]
 292 00cc 10E0     		b	.L13
 293              	.L14:
 233:.\Generated_Source\PSoC5/LCD_BarGraph.c ****                 {
 234:.\Generated_Source\PSoC5/LCD_BarGraph.c ****                     LCD_Position((uint8)currentRow, column);
 294              		.loc 1 234 0 discriminator 3
 295 00ce BA7B     		ldrb	r2, [r7, #14]	@ zero_extendqisi2
 296 00d0 BB79     		ldrb	r3, [r7, #6]	@ zero_extendqisi2
 297 00d2 1046     		mov	r0, r2
 298 00d4 1946     		mov	r1, r3
 299 00d6 FFF7FEFF 		bl	LCD_Position
 235:.\Generated_Source\PSoC5/LCD_BarGraph.c ****                     LCD_WriteData((uint8) ' ');
 300              		.loc 1 235 0 discriminator 3
 301 00da 2020     		movs	r0, #32
 302 00dc FFF7FEFF 		bl	LCD_WriteData
 236:.\Generated_Source\PSoC5/LCD_BarGraph.c ****                     currentRow --;
 303              		.loc 1 236 0 discriminator 3
 304 00e0 BB7B     		ldrb	r3, [r7, #14]	@ zero_extendqisi2
 305 00e2 DBB2     		uxtb	r3, r3
 306 00e4 013B     		subs	r3, r3, #1
 307 00e6 DBB2     		uxtb	r3, r3
 308 00e8 BB73     		strb	r3, [r7, #14]
 232:.\Generated_Source\PSoC5/LCD_BarGraph.c ****                 {
 309              		.loc 1 232 0 discriminator 3
 310 00ea FB7B     		ldrb	r3, [r7, #15]	@ zero_extendqisi2
 311 00ec 0133     		adds	r3, r3, #1
 312 00ee FB73     		strb	r3, [r7, #15]
 313              	.L13:
 232:.\Generated_Source\PSoC5/LCD_BarGraph.c ****                 {
 314              		.loc 1 232 0 is_stmt 0 discriminator 1
 315 00f0 FA7B     		ldrb	r2, [r7, #15]	@ zero_extendqisi2
 316 00f2 7979     		ldrb	r1, [r7, #5]	@ zero_extendqisi2
 317 00f4 7B7B     		ldrb	r3, [r7, #13]	@ zero_extendqisi2
 318 00f6 CB1A     		subs	r3, r1, r3
 319 00f8 013B     		subs	r3, r3, #1
 320 00fa 9A42     		cmp	r2, r3
 321 00fc E7D3     		bcc	.L14
 322              	.L4:
 237:.\Generated_Source\PSoC5/LCD_BarGraph.c ****                 }
 238:.\Generated_Source\PSoC5/LCD_BarGraph.c ****             }
 239:.\Generated_Source\PSoC5/LCD_BarGraph.c ****         }
 240:.\Generated_Source\PSoC5/LCD_BarGraph.c ****     }
 323              		.loc 1 240 0 is_stmt 1
 324 00fe 1437     		adds	r7, r7, #20
 325              		.cfi_def_cfa_offset 12
ARM GAS  C:\Users\Shiguruy\AppData\Local\Temp\ccRpTlEV.s 			page 11


 326 0100 BD46     		mov	sp, r7
 327              		.cfi_def_cfa_register 13
 328              		@ sp needed
 329 0102 90BD     		pop	{r4, r7, pc}
 330              		.cfi_endproc
 331              	.LFE1:
 332              		.size	LCD_DrawVerticalBG, .-LCD_DrawVerticalBG
 333              		.text
 334              	.Letext0:
 335              		.file 2 ".\\Generated_Source\\PSoC5\\cytypes.h"
 336              		.section	.debug_info,"",%progbits
 337              	.Ldebug_info0:
 338 0000 83010000 		.4byte	0x183
 339 0004 0400     		.2byte	0x4
 340 0006 00000000 		.4byte	.Ldebug_abbrev0
 341 000a 04       		.byte	0x4
 342 000b 01       		.uleb128 0x1
 343 000c 0D000000 		.4byte	.LASF26
 344 0010 01       		.byte	0x1
 345 0011 F0000000 		.4byte	.LASF27
 346 0015 A3000000 		.4byte	.LASF28
 347 0019 00000000 		.4byte	.Ldebug_ranges0+0
 348 001d 00000000 		.4byte	0
 349 0021 00000000 		.4byte	.Ldebug_line0
 350 0025 02       		.uleb128 0x2
 351 0026 01       		.byte	0x1
 352 0027 06       		.byte	0x6
 353 0028 16020000 		.4byte	.LASF0
 354 002c 02       		.uleb128 0x2
 355 002d 01       		.byte	0x1
 356 002e 08       		.byte	0x8
 357 002f 1E010000 		.4byte	.LASF1
 358 0033 02       		.uleb128 0x2
 359 0034 02       		.byte	0x2
 360 0035 05       		.byte	0x5
 361 0036 E2010000 		.4byte	.LASF2
 362 003a 02       		.uleb128 0x2
 363 003b 02       		.byte	0x2
 364 003c 07       		.byte	0x7
 365 003d 65010000 		.4byte	.LASF3
 366 0041 02       		.uleb128 0x2
 367 0042 04       		.byte	0x4
 368 0043 05       		.byte	0x5
 369 0044 FD010000 		.4byte	.LASF4
 370 0048 02       		.uleb128 0x2
 371 0049 04       		.byte	0x4
 372 004a 07       		.byte	0x7
 373 004b 3F010000 		.4byte	.LASF5
 374 004f 02       		.uleb128 0x2
 375 0050 08       		.byte	0x8
 376 0051 05       		.byte	0x5
 377 0052 C1010000 		.4byte	.LASF6
 378 0056 02       		.uleb128 0x2
 379 0057 08       		.byte	0x8
 380 0058 07       		.byte	0x7
 381 0059 91010000 		.4byte	.LASF7
 382 005d 03       		.uleb128 0x3
ARM GAS  C:\Users\Shiguruy\AppData\Local\Temp\ccRpTlEV.s 			page 12


 383 005e 04       		.byte	0x4
 384 005f 05       		.byte	0x5
 385 0060 696E7400 		.ascii	"int\000"
 386 0064 02       		.uleb128 0x2
 387 0065 04       		.byte	0x4
 388 0066 07       		.byte	0x7
 389 0067 84010000 		.4byte	.LASF8
 390 006b 04       		.uleb128 0x4
 391 006c EC010000 		.4byte	.LASF9
 392 0070 02       		.byte	0x2
 393 0071 C2       		.byte	0xc2
 394 0072 2C000000 		.4byte	0x2c
 395 0076 04       		.uleb128 0x4
 396 0077 7F010000 		.4byte	.LASF10
 397 007b 02       		.byte	0x2
 398 007c C5       		.byte	0xc5
 399 007d 25000000 		.4byte	0x25
 400 0081 02       		.uleb128 0x2
 401 0082 04       		.byte	0x4
 402 0083 04       		.byte	0x4
 403 0084 18010000 		.4byte	.LASF11
 404 0088 02       		.uleb128 0x2
 405 0089 08       		.byte	0x8
 406 008a 04       		.byte	0x4
 407 008b 78010000 		.4byte	.LASF12
 408 008f 02       		.uleb128 0x2
 409 0090 01       		.byte	0x1
 410 0091 08       		.byte	0x8
 411 0092 CF010000 		.4byte	.LASF13
 412 0096 05       		.uleb128 0x5
 413 0097 51010000 		.4byte	.LASF14
 414 009b 01       		.byte	0x1
 415 009c 41       		.byte	0x41
 416 009d 00000000 		.4byte	.LFB0
 417 00a1 42000000 		.4byte	.LFE0-.LFB0
 418 00a5 01       		.uleb128 0x1
 419 00a6 9C       		.byte	0x9c
 420 00a7 C8000000 		.4byte	0xc8
 421 00ab 06       		.uleb128 0x6
 422 00ac DE000000 		.4byte	.LASF16
 423 00b0 01       		.byte	0x1
 424 00b1 41       		.byte	0x41
 425 00b2 C8000000 		.4byte	0xc8
 426 00b6 02       		.uleb128 0x2
 427 00b7 91       		.byte	0x91
 428 00b8 6C       		.sleb128 -20
 429 00b9 07       		.uleb128 0x7
 430 00ba 9B000000 		.4byte	.LASF20
 431 00be 01       		.byte	0x1
 432 00bf 43       		.byte	0x43
 433 00c0 6B000000 		.4byte	0x6b
 434 00c4 02       		.uleb128 0x2
 435 00c5 91       		.byte	0x91
 436 00c6 77       		.sleb128 -9
 437 00c7 00       		.byte	0
 438 00c8 08       		.uleb128 0x8
 439 00c9 04       		.byte	0x4
ARM GAS  C:\Users\Shiguruy\AppData\Local\Temp\ccRpTlEV.s 			page 13


 440 00ca CE000000 		.4byte	0xce
 441 00ce 09       		.uleb128 0x9
 442 00cf 6B000000 		.4byte	0x6b
 443 00d3 05       		.uleb128 0x5
 444 00d4 2C010000 		.4byte	.LASF15
 445 00d8 01       		.byte	0x1
 446 00d9 AC       		.byte	0xac
 447 00da 00000000 		.4byte	.LFB1
 448 00de 04010000 		.4byte	.LFE1-.LFB1
 449 00e2 01       		.uleb128 0x1
 450 00e3 9C       		.byte	0x9c
 451 00e4 59010000 		.4byte	0x159
 452 00e8 0A       		.uleb128 0xa
 453 00e9 726F7700 		.ascii	"row\000"
 454 00ed 01       		.byte	0x1
 455 00ee AC       		.byte	0xac
 456 00ef 6B000000 		.4byte	0x6b
 457 00f3 02       		.uleb128 0x2
 458 00f4 91       		.byte	0x91
 459 00f5 67       		.sleb128 -25
 460 00f6 06       		.uleb128 0x6
 461 00f7 E9000000 		.4byte	.LASF17
 462 00fb 01       		.byte	0x1
 463 00fc AC       		.byte	0xac
 464 00fd 6B000000 		.4byte	0x6b
 465 0101 02       		.uleb128 0x2
 466 0102 91       		.byte	0x91
 467 0103 66       		.sleb128 -26
 468 0104 06       		.uleb128 0x6
 469 0105 D4010000 		.4byte	.LASF18
 470 0109 01       		.byte	0x1
 471 010a AC       		.byte	0xac
 472 010b 6B000000 		.4byte	0x6b
 473 010f 02       		.uleb128 0x2
 474 0110 91       		.byte	0x91
 475 0111 65       		.sleb128 -27
 476 0112 06       		.uleb128 0x6
 477 0113 00000000 		.4byte	.LASF19
 478 0117 01       		.byte	0x1
 479 0118 AC       		.byte	0xac
 480 0119 6B000000 		.4byte	0x6b
 481 011d 02       		.uleb128 0x2
 482 011e 91       		.byte	0x91
 483 011f 64       		.sleb128 -28
 484 0120 07       		.uleb128 0x7
 485 0121 06000000 		.4byte	.LASF21
 486 0125 01       		.byte	0x1
 487 0126 B0       		.byte	0xb0
 488 0127 6B000000 		.4byte	0x6b
 489 012b 02       		.uleb128 0x2
 490 012c 91       		.byte	0x91
 491 012d 6F       		.sleb128 -17
 492 012e 07       		.uleb128 0x7
 493 012f F2010000 		.4byte	.LASF22
 494 0133 01       		.byte	0x1
 495 0134 B2       		.byte	0xb2
 496 0135 76000000 		.4byte	0x76
ARM GAS  C:\Users\Shiguruy\AppData\Local\Temp\ccRpTlEV.s 			page 14


 497 0139 02       		.uleb128 0x2
 498 013a 91       		.byte	0x91
 499 013b 6E       		.sleb128 -18
 500 013c 07       		.uleb128 0x7
 501 013d 22020000 		.4byte	.LASF23
 502 0141 01       		.byte	0x1
 503 0142 B3       		.byte	0xb3
 504 0143 6B000000 		.4byte	0x6b
 505 0147 02       		.uleb128 0x2
 506 0148 91       		.byte	0x91
 507 0149 6D       		.sleb128 -19
 508 014a 07       		.uleb128 0x7
 509 014b A8010000 		.4byte	.LASF24
 510 014f 01       		.byte	0x1
 511 0150 B4       		.byte	0xb4
 512 0151 6B000000 		.4byte	0x6b
 513 0155 02       		.uleb128 0x2
 514 0156 91       		.byte	0x91
 515 0157 6C       		.sleb128 -20
 516 0158 00       		.byte	0
 517 0159 0B       		.uleb128 0xb
 518 015a 6B000000 		.4byte	0x6b
 519 015e 69010000 		.4byte	0x169
 520 0162 0C       		.uleb128 0xc
 521 0163 69010000 		.4byte	0x169
 522 0167 3F       		.byte	0x3f
 523 0168 00       		.byte	0
 524 0169 02       		.uleb128 0x2
 525 016a 04       		.byte	0x4
 526 016b 07       		.byte	0x7
 527 016c B8010000 		.4byte	.LASF25
 528 0170 0D       		.uleb128 0xd
 529 0171 06020000 		.4byte	.LASF29
 530 0175 01       		.byte	0x1
 531 0176 15       		.byte	0x15
 532 0177 81010000 		.4byte	0x181
 533 017b 05       		.uleb128 0x5
 534 017c 03       		.byte	0x3
 535 017d 00000000 		.4byte	LCD_customFonts
 536 0181 09       		.uleb128 0x9
 537 0182 59010000 		.4byte	0x159
 538 0186 00       		.byte	0
 539              		.section	.debug_abbrev,"",%progbits
 540              	.Ldebug_abbrev0:
 541 0000 01       		.uleb128 0x1
 542 0001 11       		.uleb128 0x11
 543 0002 01       		.byte	0x1
 544 0003 25       		.uleb128 0x25
 545 0004 0E       		.uleb128 0xe
 546 0005 13       		.uleb128 0x13
 547 0006 0B       		.uleb128 0xb
 548 0007 03       		.uleb128 0x3
 549 0008 0E       		.uleb128 0xe
 550 0009 1B       		.uleb128 0x1b
 551 000a 0E       		.uleb128 0xe
 552 000b 55       		.uleb128 0x55
 553 000c 17       		.uleb128 0x17
ARM GAS  C:\Users\Shiguruy\AppData\Local\Temp\ccRpTlEV.s 			page 15


 554 000d 11       		.uleb128 0x11
 555 000e 01       		.uleb128 0x1
 556 000f 10       		.uleb128 0x10
 557 0010 17       		.uleb128 0x17
 558 0011 00       		.byte	0
 559 0012 00       		.byte	0
 560 0013 02       		.uleb128 0x2
 561 0014 24       		.uleb128 0x24
 562 0015 00       		.byte	0
 563 0016 0B       		.uleb128 0xb
 564 0017 0B       		.uleb128 0xb
 565 0018 3E       		.uleb128 0x3e
 566 0019 0B       		.uleb128 0xb
 567 001a 03       		.uleb128 0x3
 568 001b 0E       		.uleb128 0xe
 569 001c 00       		.byte	0
 570 001d 00       		.byte	0
 571 001e 03       		.uleb128 0x3
 572 001f 24       		.uleb128 0x24
 573 0020 00       		.byte	0
 574 0021 0B       		.uleb128 0xb
 575 0022 0B       		.uleb128 0xb
 576 0023 3E       		.uleb128 0x3e
 577 0024 0B       		.uleb128 0xb
 578 0025 03       		.uleb128 0x3
 579 0026 08       		.uleb128 0x8
 580 0027 00       		.byte	0
 581 0028 00       		.byte	0
 582 0029 04       		.uleb128 0x4
 583 002a 16       		.uleb128 0x16
 584 002b 00       		.byte	0
 585 002c 03       		.uleb128 0x3
 586 002d 0E       		.uleb128 0xe
 587 002e 3A       		.uleb128 0x3a
 588 002f 0B       		.uleb128 0xb
 589 0030 3B       		.uleb128 0x3b
 590 0031 0B       		.uleb128 0xb
 591 0032 49       		.uleb128 0x49
 592 0033 13       		.uleb128 0x13
 593 0034 00       		.byte	0
 594 0035 00       		.byte	0
 595 0036 05       		.uleb128 0x5
 596 0037 2E       		.uleb128 0x2e
 597 0038 01       		.byte	0x1
 598 0039 3F       		.uleb128 0x3f
 599 003a 19       		.uleb128 0x19
 600 003b 03       		.uleb128 0x3
 601 003c 0E       		.uleb128 0xe
 602 003d 3A       		.uleb128 0x3a
 603 003e 0B       		.uleb128 0xb
 604 003f 3B       		.uleb128 0x3b
 605 0040 0B       		.uleb128 0xb
 606 0041 27       		.uleb128 0x27
 607 0042 19       		.uleb128 0x19
 608 0043 11       		.uleb128 0x11
 609 0044 01       		.uleb128 0x1
 610 0045 12       		.uleb128 0x12
ARM GAS  C:\Users\Shiguruy\AppData\Local\Temp\ccRpTlEV.s 			page 16


 611 0046 06       		.uleb128 0x6
 612 0047 40       		.uleb128 0x40
 613 0048 18       		.uleb128 0x18
 614 0049 9642     		.uleb128 0x2116
 615 004b 19       		.uleb128 0x19
 616 004c 01       		.uleb128 0x1
 617 004d 13       		.uleb128 0x13
 618 004e 00       		.byte	0
 619 004f 00       		.byte	0
 620 0050 06       		.uleb128 0x6
 621 0051 05       		.uleb128 0x5
 622 0052 00       		.byte	0
 623 0053 03       		.uleb128 0x3
 624 0054 0E       		.uleb128 0xe
 625 0055 3A       		.uleb128 0x3a
 626 0056 0B       		.uleb128 0xb
 627 0057 3B       		.uleb128 0x3b
 628 0058 0B       		.uleb128 0xb
 629 0059 49       		.uleb128 0x49
 630 005a 13       		.uleb128 0x13
 631 005b 02       		.uleb128 0x2
 632 005c 18       		.uleb128 0x18
 633 005d 00       		.byte	0
 634 005e 00       		.byte	0
 635 005f 07       		.uleb128 0x7
 636 0060 34       		.uleb128 0x34
 637 0061 00       		.byte	0
 638 0062 03       		.uleb128 0x3
 639 0063 0E       		.uleb128 0xe
 640 0064 3A       		.uleb128 0x3a
 641 0065 0B       		.uleb128 0xb
 642 0066 3B       		.uleb128 0x3b
 643 0067 0B       		.uleb128 0xb
 644 0068 49       		.uleb128 0x49
 645 0069 13       		.uleb128 0x13
 646 006a 02       		.uleb128 0x2
 647 006b 18       		.uleb128 0x18
 648 006c 00       		.byte	0
 649 006d 00       		.byte	0
 650 006e 08       		.uleb128 0x8
 651 006f 0F       		.uleb128 0xf
 652 0070 00       		.byte	0
 653 0071 0B       		.uleb128 0xb
 654 0072 0B       		.uleb128 0xb
 655 0073 49       		.uleb128 0x49
 656 0074 13       		.uleb128 0x13
 657 0075 00       		.byte	0
 658 0076 00       		.byte	0
 659 0077 09       		.uleb128 0x9
 660 0078 26       		.uleb128 0x26
 661 0079 00       		.byte	0
 662 007a 49       		.uleb128 0x49
 663 007b 13       		.uleb128 0x13
 664 007c 00       		.byte	0
 665 007d 00       		.byte	0
 666 007e 0A       		.uleb128 0xa
 667 007f 05       		.uleb128 0x5
ARM GAS  C:\Users\Shiguruy\AppData\Local\Temp\ccRpTlEV.s 			page 17


 668 0080 00       		.byte	0
 669 0081 03       		.uleb128 0x3
 670 0082 08       		.uleb128 0x8
 671 0083 3A       		.uleb128 0x3a
 672 0084 0B       		.uleb128 0xb
 673 0085 3B       		.uleb128 0x3b
 674 0086 0B       		.uleb128 0xb
 675 0087 49       		.uleb128 0x49
 676 0088 13       		.uleb128 0x13
 677 0089 02       		.uleb128 0x2
 678 008a 18       		.uleb128 0x18
 679 008b 00       		.byte	0
 680 008c 00       		.byte	0
 681 008d 0B       		.uleb128 0xb
 682 008e 01       		.uleb128 0x1
 683 008f 01       		.byte	0x1
 684 0090 49       		.uleb128 0x49
 685 0091 13       		.uleb128 0x13
 686 0092 01       		.uleb128 0x1
 687 0093 13       		.uleb128 0x13
 688 0094 00       		.byte	0
 689 0095 00       		.byte	0
 690 0096 0C       		.uleb128 0xc
 691 0097 21       		.uleb128 0x21
 692 0098 00       		.byte	0
 693 0099 49       		.uleb128 0x49
 694 009a 13       		.uleb128 0x13
 695 009b 2F       		.uleb128 0x2f
 696 009c 0B       		.uleb128 0xb
 697 009d 00       		.byte	0
 698 009e 00       		.byte	0
 699 009f 0D       		.uleb128 0xd
 700 00a0 34       		.uleb128 0x34
 701 00a1 00       		.byte	0
 702 00a2 03       		.uleb128 0x3
 703 00a3 0E       		.uleb128 0xe
 704 00a4 3A       		.uleb128 0x3a
 705 00a5 0B       		.uleb128 0xb
 706 00a6 3B       		.uleb128 0x3b
 707 00a7 0B       		.uleb128 0xb
 708 00a8 49       		.uleb128 0x49
 709 00a9 13       		.uleb128 0x13
 710 00aa 3F       		.uleb128 0x3f
 711 00ab 19       		.uleb128 0x19
 712 00ac 02       		.uleb128 0x2
 713 00ad 18       		.uleb128 0x18
 714 00ae 00       		.byte	0
 715 00af 00       		.byte	0
 716 00b0 00       		.byte	0
 717              		.section	.debug_aranges,"",%progbits
 718 0000 24000000 		.4byte	0x24
 719 0004 0200     		.2byte	0x2
 720 0006 00000000 		.4byte	.Ldebug_info0
 721 000a 04       		.byte	0x4
 722 000b 00       		.byte	0
 723 000c 0000     		.2byte	0
 724 000e 0000     		.2byte	0
ARM GAS  C:\Users\Shiguruy\AppData\Local\Temp\ccRpTlEV.s 			page 18


 725 0010 00000000 		.4byte	.LFB0
 726 0014 42000000 		.4byte	.LFE0-.LFB0
 727 0018 00000000 		.4byte	.LFB1
 728 001c 04010000 		.4byte	.LFE1-.LFB1
 729 0020 00000000 		.4byte	0
 730 0024 00000000 		.4byte	0
 731              		.section	.debug_ranges,"",%progbits
 732              	.Ldebug_ranges0:
 733 0000 00000000 		.4byte	.LFB0
 734 0004 42000000 		.4byte	.LFE0
 735 0008 00000000 		.4byte	.LFB1
 736 000c 04010000 		.4byte	.LFE1
 737 0010 00000000 		.4byte	0
 738 0014 00000000 		.4byte	0
 739              		.section	.debug_line,"",%progbits
 740              	.Ldebug_line0:
 741 0000 C3000000 		.section	.debug_str,"MS",%progbits,1
 741      02004B00 
 741      00000201 
 741      FB0E0D00 
 741      01010101 
 742              	.LASF19:
 743 0000 76616C75 		.ascii	"value\000"
 743      6500
 744              	.LASF21:
 745 0006 636F756E 		.ascii	"count8\000"
 745      743800
 746              	.LASF26:
 747 000d 474E5520 		.ascii	"GNU C 4.9.3 20150303 (release) [ARM/embedded-4_9-br"
 747      4320342E 
 747      392E3320 
 747      32303135 
 747      30333033 
 748 0040 616E6368 		.ascii	"anch revision 221220] -mcpu=cortex-m3 -mthumb -g -O"
 748      20726576 
 748      6973696F 
 748      6E203232 
 748      31323230 
 749 0073 30202D66 		.ascii	"0 -ffunction-sections -ffat-lto-objects\000"
 749      66756E63 
 749      74696F6E 
 749      2D736563 
 749      74696F6E 
 750              	.LASF20:
 751 009b 696E6465 		.ascii	"indexU8\000"
 751      78553800 
 752              	.LASF28:
 753 00a3 433A5C57 		.ascii	"C:\\Workspace\\PSoC_Creator\\Kopia_Poczatki\\QDExam"
 753      6F726B73 
 753      70616365 
 753      5C50536F 
 753      435F4372 
 754 00d2 706C6530 		.ascii	"ple01.cydsn\000"
 754      312E6379 
 754      64736E00 
 755              	.LASF16:
 756 00de 63757374 		.ascii	"customData\000"
ARM GAS  C:\Users\Shiguruy\AppData\Local\Temp\ccRpTlEV.s 			page 19


 756      6F6D4461 
 756      746100
 757              	.LASF17:
 758 00e9 636F6C75 		.ascii	"column\000"
 758      6D6E00
 759              	.LASF27:
 760 00f0 2E5C4765 		.ascii	".\\Generated_Source\\PSoC5\\LCD_BarGraph.c\000"
 760      6E657261 
 760      7465645F 
 760      536F7572 
 760      63655C50 
 761              	.LASF11:
 762 0118 666C6F61 		.ascii	"float\000"
 762      7400
 763              	.LASF1:
 764 011e 756E7369 		.ascii	"unsigned char\000"
 764      676E6564 
 764      20636861 
 764      7200
 765              	.LASF15:
 766 012c 4C43445F 		.ascii	"LCD_DrawVerticalBG\000"
 766      44726177 
 766      56657274 
 766      6963616C 
 766      424700
 767              	.LASF5:
 768 013f 6C6F6E67 		.ascii	"long unsigned int\000"
 768      20756E73 
 768      69676E65 
 768      6420696E 
 768      7400
 769              	.LASF14:
 770 0151 4C43445F 		.ascii	"LCD_LoadCustomFonts\000"
 770      4C6F6164 
 770      43757374 
 770      6F6D466F 
 770      6E747300 
 771              	.LASF3:
 772 0165 73686F72 		.ascii	"short unsigned int\000"
 772      7420756E 
 772      7369676E 
 772      65642069 
 772      6E7400
 773              	.LASF12:
 774 0178 646F7562 		.ascii	"double\000"
 774      6C6500
 775              	.LASF10:
 776 017f 696E7438 		.ascii	"int8\000"
 776      00
 777              	.LASF8:
 778 0184 756E7369 		.ascii	"unsigned int\000"
 778      676E6564 
 778      20696E74 
 778      00
 779              	.LASF7:
 780 0191 6C6F6E67 		.ascii	"long long unsigned int\000"
 780      206C6F6E 
ARM GAS  C:\Users\Shiguruy\AppData\Local\Temp\ccRpTlEV.s 			page 20


 780      6720756E 
 780      7369676E 
 780      65642069 
 781              	.LASF24:
 782 01a8 72656D61 		.ascii	"remainingPixels\000"
 782      696E696E 
 782      67506978 
 782      656C7300 
 783              	.LASF25:
 784 01b8 73697A65 		.ascii	"sizetype\000"
 784      74797065 
 784      00
 785              	.LASF6:
 786 01c1 6C6F6E67 		.ascii	"long long int\000"
 786      206C6F6E 
 786      6720696E 
 786      7400
 787              	.LASF13:
 788 01cf 63686172 		.ascii	"char\000"
 788      00
 789              	.LASF18:
 790 01d4 6D617843 		.ascii	"maxCharacters\000"
 790      68617261 
 790      63746572 
 790      7300
 791              	.LASF2:
 792 01e2 73686F72 		.ascii	"short int\000"
 792      7420696E 
 792      7400
 793              	.LASF9:
 794 01ec 75696E74 		.ascii	"uint8\000"
 794      3800
 795              	.LASF22:
 796 01f2 63757272 		.ascii	"currentRow\000"
 796      656E7452 
 796      6F7700
 797              	.LASF4:
 798 01fd 6C6F6E67 		.ascii	"long int\000"
 798      20696E74 
 798      00
 799              	.LASF29:
 800 0206 4C43445F 		.ascii	"LCD_customFonts\000"
 800      63757374 
 800      6F6D466F 
 800      6E747300 
 801              	.LASF0:
 802 0216 7369676E 		.ascii	"signed char\000"
 802      65642063 
 802      68617200 
 803              	.LASF23:
 804 0222 66756C6C 		.ascii	"fullChars\000"
 804      43686172 
 804      7300
 805              		.ident	"GCC: (GNU Tools for ARM Embedded Processors) 4.9.3 20150303 (release) [ARM/embedded-4_9-br
