ARM GAS  C:\Users\Shiguruy\AppData\Local\Temp\ccKYNfCh.s 			page 1


   1              		.syntax unified
   2              		.cpu cortex-m3
   3              		.fpu softvfp
   4              		.eabi_attribute 20, 1
   5              		.eabi_attribute 21, 1
   6              		.eabi_attribute 23, 3
   7              		.eabi_attribute 24, 1
   8              		.eabi_attribute 25, 1
   9              		.eabi_attribute 26, 1
  10              		.eabi_attribute 30, 6
  11              		.eabi_attribute 34, 1
  12              		.eabi_attribute 18, 4
  13              		.thumb
  14              		.file	"PGA_1.c"
  15              		.text
  16              	.Ltext0:
  17              		.cfi_sections	.debug_frame
  18              		.global	PGA_1_initVar
  19              		.bss
  20              		.type	PGA_1_initVar, %object
  21              		.size	PGA_1_initVar, 1
  22              	PGA_1_initVar:
  23 0000 00       		.space	1
  24              		.section	.text.PGA_1_Init,"ax",%progbits
  25              		.align	2
  26              		.global	PGA_1_Init
  27              		.thumb
  28              		.thumb_func
  29              		.type	PGA_1_Init, %function
  30              	PGA_1_Init:
  31              	.LFB0:
  32              		.file 1 ".\\Generated_Source\\PSoC5\\PGA_1.c"
   1:.\Generated_Source\PSoC5/PGA_1.c **** /*******************************************************************************
   2:.\Generated_Source\PSoC5/PGA_1.c **** * File Name: PGA_1.c  
   3:.\Generated_Source\PSoC5/PGA_1.c **** * Version 2.0
   4:.\Generated_Source\PSoC5/PGA_1.c **** *
   5:.\Generated_Source\PSoC5/PGA_1.c **** * Description:
   6:.\Generated_Source\PSoC5/PGA_1.c **** *  This file provides the source code to the API for the PGA 
   7:.\Generated_Source\PSoC5/PGA_1.c **** *  User Module.
   8:.\Generated_Source\PSoC5/PGA_1.c **** *
   9:.\Generated_Source\PSoC5/PGA_1.c **** * Note:
  10:.\Generated_Source\PSoC5/PGA_1.c **** *
  11:.\Generated_Source\PSoC5/PGA_1.c **** ********************************************************************************
  12:.\Generated_Source\PSoC5/PGA_1.c **** * Copyright 2008-2012, Cypress Semiconductor Corporation.  All rights reserved.
  13:.\Generated_Source\PSoC5/PGA_1.c **** * You may use this file only in accordance with the license, terms, conditions, 
  14:.\Generated_Source\PSoC5/PGA_1.c **** * disclaimers, and limitations in the end user license agreement accompanying 
  15:.\Generated_Source\PSoC5/PGA_1.c **** * the software package with which this file was provided.
  16:.\Generated_Source\PSoC5/PGA_1.c **** *******************************************************************************/
  17:.\Generated_Source\PSoC5/PGA_1.c **** 
  18:.\Generated_Source\PSoC5/PGA_1.c **** #include "PGA_1.h"
  19:.\Generated_Source\PSoC5/PGA_1.c **** 
  20:.\Generated_Source\PSoC5/PGA_1.c **** #if (!CY_PSOC5A)
  21:.\Generated_Source\PSoC5/PGA_1.c ****     #if (CYDEV_VARIABLE_VDDA == 1u)
  22:.\Generated_Source\PSoC5/PGA_1.c ****         #include "CyScBoostClk.h"
  23:.\Generated_Source\PSoC5/PGA_1.c ****     #endif /* (CYDEV_VARIABLE_VDDA == 1u) */
  24:.\Generated_Source\PSoC5/PGA_1.c **** #endif /* (!CY_PSOC5A) */
  25:.\Generated_Source\PSoC5/PGA_1.c **** 
ARM GAS  C:\Users\Shiguruy\AppData\Local\Temp\ccKYNfCh.s 			page 2


  26:.\Generated_Source\PSoC5/PGA_1.c **** #if (CY_PSOC5A)
  27:.\Generated_Source\PSoC5/PGA_1.c ****     static PGA_1_BACKUP_STRUCT  PGA_1_P5backup;
  28:.\Generated_Source\PSoC5/PGA_1.c **** #endif /* (CY_ PSOC5A) */
  29:.\Generated_Source\PSoC5/PGA_1.c **** 
  30:.\Generated_Source\PSoC5/PGA_1.c **** uint8 PGA_1_initVar = 0u;
  31:.\Generated_Source\PSoC5/PGA_1.c **** 
  32:.\Generated_Source\PSoC5/PGA_1.c **** 
  33:.\Generated_Source\PSoC5/PGA_1.c **** /*******************************************************************************   
  34:.\Generated_Source\PSoC5/PGA_1.c **** * Function Name: PGA_1_Init
  35:.\Generated_Source\PSoC5/PGA_1.c **** ********************************************************************************
  36:.\Generated_Source\PSoC5/PGA_1.c **** *
  37:.\Generated_Source\PSoC5/PGA_1.c **** * Summary:
  38:.\Generated_Source\PSoC5/PGA_1.c **** *  Initialize component's parameters to the parameters set by user in the 
  39:.\Generated_Source\PSoC5/PGA_1.c **** *  customizer of the component placed onto schematic. Usually called in 
  40:.\Generated_Source\PSoC5/PGA_1.c **** *  PGA_1_Start().
  41:.\Generated_Source\PSoC5/PGA_1.c **** *
  42:.\Generated_Source\PSoC5/PGA_1.c **** * Parameters:
  43:.\Generated_Source\PSoC5/PGA_1.c **** *  void
  44:.\Generated_Source\PSoC5/PGA_1.c **** *
  45:.\Generated_Source\PSoC5/PGA_1.c **** * Return:
  46:.\Generated_Source\PSoC5/PGA_1.c **** *  void
  47:.\Generated_Source\PSoC5/PGA_1.c **** *
  48:.\Generated_Source\PSoC5/PGA_1.c **** *******************************************************************************/
  49:.\Generated_Source\PSoC5/PGA_1.c **** void PGA_1_Init(void) 
  50:.\Generated_Source\PSoC5/PGA_1.c **** {
  33              		.loc 1 50 0
  34              		.cfi_startproc
  35              		@ args = 0, pretend = 0, frame = 0
  36              		@ frame_needed = 1, uses_anonymous_args = 0
  37 0000 80B5     		push	{r7, lr}
  38              		.cfi_def_cfa_offset 8
  39              		.cfi_offset 7, -8
  40              		.cfi_offset 14, -4
  41 0002 00AF     		add	r7, sp, #0
  42              		.cfi_def_cfa_register 7
  51:.\Generated_Source\PSoC5/PGA_1.c ****     /* Set PGA mode */
  52:.\Generated_Source\PSoC5/PGA_1.c ****     PGA_1_CR0_REG = PGA_1_MODE_PGA;      
  43              		.loc 1 52 0
  44 0004 0A4B     		ldr	r3, .L2
  45 0006 0C22     		movs	r2, #12
  46 0008 1A70     		strb	r2, [r3]
  53:.\Generated_Source\PSoC5/PGA_1.c ****     /* Set non-inverting PGA mode and reference mode */
  54:.\Generated_Source\PSoC5/PGA_1.c ****     PGA_1_CR1_REG |= PGA_1_PGA_NINV;  
  47              		.loc 1 54 0
  48 000a 0A4A     		ldr	r2, .L2+4
  49 000c 094B     		ldr	r3, .L2+4
  50 000e 1B78     		ldrb	r3, [r3]
  51 0010 DBB2     		uxtb	r3, r3
  52 0012 43F02003 		orr	r3, r3, #32
  53 0016 DBB2     		uxtb	r3, r3
  54 0018 1370     		strb	r3, [r2]
  55:.\Generated_Source\PSoC5/PGA_1.c ****     /* Set default gain and ref mode */
  56:.\Generated_Source\PSoC5/PGA_1.c ****     PGA_1_CR2_REG = PGA_1_VREF_MODE;
  55              		.loc 1 56 0
  56 001a 074B     		ldr	r3, .L2+8
  57 001c 0022     		movs	r2, #0
  58 001e 1A70     		strb	r2, [r3]
ARM GAS  C:\Users\Shiguruy\AppData\Local\Temp\ccKYNfCh.s 			page 3


  57:.\Generated_Source\PSoC5/PGA_1.c ****     /* Set gain and compensation */
  58:.\Generated_Source\PSoC5/PGA_1.c ****     PGA_1_SetGain(PGA_1_DEFAULT_GAIN);
  59              		.loc 1 58 0
  60 0020 0120     		movs	r0, #1
  61 0022 FFF7FEFF 		bl	PGA_1_SetGain
  59:.\Generated_Source\PSoC5/PGA_1.c ****     /* Set power */
  60:.\Generated_Source\PSoC5/PGA_1.c ****     PGA_1_SetPower(PGA_1_DEFAULT_POWER);
  62              		.loc 1 60 0
  63 0026 0220     		movs	r0, #2
  64 0028 FFF7FEFF 		bl	PGA_1_SetPower
  61:.\Generated_Source\PSoC5/PGA_1.c **** }
  65              		.loc 1 61 0
  66 002c 80BD     		pop	{r7, pc}
  67              	.L3:
  68 002e 00BF     		.align	2
  69              	.L2:
  70 0030 08580040 		.word	1073764360
  71 0034 09580040 		.word	1073764361
  72 0038 0A580040 		.word	1073764362
  73              		.cfi_endproc
  74              	.LFE0:
  75              		.size	PGA_1_Init, .-PGA_1_Init
  76              		.section	.text.PGA_1_Enable,"ax",%progbits
  77              		.align	2
  78              		.global	PGA_1_Enable
  79              		.thumb
  80              		.thumb_func
  81              		.type	PGA_1_Enable, %function
  82              	PGA_1_Enable:
  83              	.LFB1:
  62:.\Generated_Source\PSoC5/PGA_1.c **** 
  63:.\Generated_Source\PSoC5/PGA_1.c **** 
  64:.\Generated_Source\PSoC5/PGA_1.c **** /*******************************************************************************   
  65:.\Generated_Source\PSoC5/PGA_1.c **** * Function Name: PGA_1_Enable
  66:.\Generated_Source\PSoC5/PGA_1.c **** ********************************************************************************
  67:.\Generated_Source\PSoC5/PGA_1.c **** *
  68:.\Generated_Source\PSoC5/PGA_1.c **** * Summary:
  69:.\Generated_Source\PSoC5/PGA_1.c **** *  Enables the PGA block operation.
  70:.\Generated_Source\PSoC5/PGA_1.c **** *
  71:.\Generated_Source\PSoC5/PGA_1.c **** * Parameters:
  72:.\Generated_Source\PSoC5/PGA_1.c **** *  void
  73:.\Generated_Source\PSoC5/PGA_1.c **** *
  74:.\Generated_Source\PSoC5/PGA_1.c **** * Return:
  75:.\Generated_Source\PSoC5/PGA_1.c **** *  void
  76:.\Generated_Source\PSoC5/PGA_1.c **** *
  77:.\Generated_Source\PSoC5/PGA_1.c **** *******************************************************************************/
  78:.\Generated_Source\PSoC5/PGA_1.c **** void PGA_1_Enable(void) 
  79:.\Generated_Source\PSoC5/PGA_1.c **** {
  84              		.loc 1 79 0
  85              		.cfi_startproc
  86              		@ args = 0, pretend = 0, frame = 0
  87              		@ frame_needed = 1, uses_anonymous_args = 0
  88              		@ link register save eliminated.
  89 0000 80B4     		push	{r7}
  90              		.cfi_def_cfa_offset 4
  91              		.cfi_offset 7, -4
  92 0002 00AF     		add	r7, sp, #0
ARM GAS  C:\Users\Shiguruy\AppData\Local\Temp\ccKYNfCh.s 			page 4


  93              		.cfi_def_cfa_register 7
  80:.\Generated_Source\PSoC5/PGA_1.c ****     /* This is to restore the value of register CR1 and CR2 which is saved 
  81:.\Generated_Source\PSoC5/PGA_1.c ****       in prior to the modifications in stop() API */
  82:.\Generated_Source\PSoC5/PGA_1.c ****     #if (CY_PSOC5A)
  83:.\Generated_Source\PSoC5/PGA_1.c ****         if(PGA_1_P5backup.enableState == 1u)
  84:.\Generated_Source\PSoC5/PGA_1.c ****         {
  85:.\Generated_Source\PSoC5/PGA_1.c ****             PGA_1_CR1_REG = PGA_1_P5backup.scCR1Reg;
  86:.\Generated_Source\PSoC5/PGA_1.c ****             PGA_1_CR2_REG = PGA_1_P5backup.scCR2Reg;
  87:.\Generated_Source\PSoC5/PGA_1.c ****             PGA_1_P5backup.enableState = 0u;
  88:.\Generated_Source\PSoC5/PGA_1.c ****         }
  89:.\Generated_Source\PSoC5/PGA_1.c ****     #endif /* CY_PSOC5A */   
  90:.\Generated_Source\PSoC5/PGA_1.c **** 
  91:.\Generated_Source\PSoC5/PGA_1.c ****     /* Enable power to the Amp in Active mode*/
  92:.\Generated_Source\PSoC5/PGA_1.c ****     PGA_1_PM_ACT_CFG_REG |= PGA_1_ACT_PWR_EN;
  94              		.loc 1 92 0
  95 0004 0D4A     		ldr	r2, .L5
  96 0006 0D4B     		ldr	r3, .L5
  97 0008 1B78     		ldrb	r3, [r3]
  98 000a DBB2     		uxtb	r3, r3
  99 000c 43F00403 		orr	r3, r3, #4
 100 0010 DBB2     		uxtb	r3, r3
 101 0012 1370     		strb	r3, [r2]
  93:.\Generated_Source\PSoC5/PGA_1.c **** 
  94:.\Generated_Source\PSoC5/PGA_1.c ****     /* Enable power to the Amp in Alternative Active mode*/
  95:.\Generated_Source\PSoC5/PGA_1.c ****     PGA_1_PM_STBY_CFG_REG |= PGA_1_STBY_PWR_EN;
 102              		.loc 1 95 0
 103 0014 0A4A     		ldr	r2, .L5+4
 104 0016 0A4B     		ldr	r3, .L5+4
 105 0018 1B78     		ldrb	r3, [r3]
 106 001a DBB2     		uxtb	r3, r3
 107 001c 43F00403 		orr	r3, r3, #4
 108 0020 DBB2     		uxtb	r3, r3
 109 0022 1370     		strb	r3, [r2]
  96:.\Generated_Source\PSoC5/PGA_1.c ****     
  97:.\Generated_Source\PSoC5/PGA_1.c ****     PGA_1_PUMP_CR1_REG |= PGA_1_PUMP_CR1_SC_CLKSEL;
 110              		.loc 1 97 0
 111 0024 074A     		ldr	r2, .L5+8
 112 0026 074B     		ldr	r3, .L5+8
 113 0028 1B78     		ldrb	r3, [r3]
 114 002a DBB2     		uxtb	r3, r3
 115 002c 63F07F03 		orn	r3, r3, #127
 116 0030 DBB2     		uxtb	r3, r3
 117 0032 1370     		strb	r3, [r2]
  98:.\Generated_Source\PSoC5/PGA_1.c ****     
  99:.\Generated_Source\PSoC5/PGA_1.c ****     #if (!CY_PSOC5A)
 100:.\Generated_Source\PSoC5/PGA_1.c ****         #if (CYDEV_VARIABLE_VDDA == 1u)
 101:.\Generated_Source\PSoC5/PGA_1.c ****             if(CyScPumpEnabled == 1u)
 102:.\Generated_Source\PSoC5/PGA_1.c ****             {
 103:.\Generated_Source\PSoC5/PGA_1.c ****                 PGA_1_BSTCLK_REG &= (uint8)(~PGA_1_BST_CLK_INDEX_MASK);
 104:.\Generated_Source\PSoC5/PGA_1.c ****                 PGA_1_BSTCLK_REG |= PGA_1_BST_CLK_EN | CyScBoostClk__INDEX;
 105:.\Generated_Source\PSoC5/PGA_1.c ****                 PGA_1_SC_MISC_REG |= PGA_1_PUMP_FORCE;
 106:.\Generated_Source\PSoC5/PGA_1.c ****                 CyScBoostClk_Start();
 107:.\Generated_Source\PSoC5/PGA_1.c ****             }
 108:.\Generated_Source\PSoC5/PGA_1.c ****             else
 109:.\Generated_Source\PSoC5/PGA_1.c ****             {
 110:.\Generated_Source\PSoC5/PGA_1.c ****                 PGA_1_BSTCLK_REG &= (uint8)(~PGA_1_BST_CLK_EN);
 111:.\Generated_Source\PSoC5/PGA_1.c ****                 PGA_1_SC_MISC_REG &= (uint8)(~PGA_1_PUMP_FORCE);
ARM GAS  C:\Users\Shiguruy\AppData\Local\Temp\ccKYNfCh.s 			page 5


 112:.\Generated_Source\PSoC5/PGA_1.c ****             }
 113:.\Generated_Source\PSoC5/PGA_1.c ****         #endif /* (CYDEV_VARIABLE_VDDA == 1u) */
 114:.\Generated_Source\PSoC5/PGA_1.c ****     #endif /* (!CY_PSOC5A) */
 115:.\Generated_Source\PSoC5/PGA_1.c **** }
 118              		.loc 1 115 0
 119 0034 BD46     		mov	sp, r7
 120              		.cfi_def_cfa_register 13
 121              		@ sp needed
 122 0036 5DF8047B 		ldr	r7, [sp], #4
 123              		.cfi_restore 7
 124              		.cfi_def_cfa_offset 0
 125 003a 7047     		bx	lr
 126              	.L6:
 127              		.align	2
 128              	.L5:
 129 003c A9430040 		.word	1073759145
 130 0040 B9430040 		.word	1073759161
 131 0044 77580040 		.word	1073764471
 132              		.cfi_endproc
 133              	.LFE1:
 134              		.size	PGA_1_Enable, .-PGA_1_Enable
 135              		.section	.text.PGA_1_Start,"ax",%progbits
 136              		.align	2
 137              		.global	PGA_1_Start
 138              		.thumb
 139              		.thumb_func
 140              		.type	PGA_1_Start, %function
 141              	PGA_1_Start:
 142              	.LFB2:
 116:.\Generated_Source\PSoC5/PGA_1.c **** 
 117:.\Generated_Source\PSoC5/PGA_1.c **** 
 118:.\Generated_Source\PSoC5/PGA_1.c **** /*******************************************************************************
 119:.\Generated_Source\PSoC5/PGA_1.c **** * Function Name: PGA_1_Start
 120:.\Generated_Source\PSoC5/PGA_1.c **** ********************************************************************************
 121:.\Generated_Source\PSoC5/PGA_1.c **** *
 122:.\Generated_Source\PSoC5/PGA_1.c **** * Summary:
 123:.\Generated_Source\PSoC5/PGA_1.c **** *  The start function initializes the PGA with the default values and sets
 124:.\Generated_Source\PSoC5/PGA_1.c **** *  the power to the given level. A power level of 0, is same as executing
 125:.\Generated_Source\PSoC5/PGA_1.c **** *  the stop function.
 126:.\Generated_Source\PSoC5/PGA_1.c **** *
 127:.\Generated_Source\PSoC5/PGA_1.c **** * Parameters:
 128:.\Generated_Source\PSoC5/PGA_1.c **** *  void
 129:.\Generated_Source\PSoC5/PGA_1.c **** *
 130:.\Generated_Source\PSoC5/PGA_1.c **** * Return:
 131:.\Generated_Source\PSoC5/PGA_1.c **** *  void
 132:.\Generated_Source\PSoC5/PGA_1.c **** *
 133:.\Generated_Source\PSoC5/PGA_1.c **** *******************************************************************************/
 134:.\Generated_Source\PSoC5/PGA_1.c **** void PGA_1_Start(void) 
 135:.\Generated_Source\PSoC5/PGA_1.c **** {
 143              		.loc 1 135 0
 144              		.cfi_startproc
 145              		@ args = 0, pretend = 0, frame = 0
 146              		@ frame_needed = 1, uses_anonymous_args = 0
 147 0000 80B5     		push	{r7, lr}
 148              		.cfi_def_cfa_offset 8
 149              		.cfi_offset 7, -8
 150              		.cfi_offset 14, -4
ARM GAS  C:\Users\Shiguruy\AppData\Local\Temp\ccKYNfCh.s 			page 6


 151 0002 00AF     		add	r7, sp, #0
 152              		.cfi_def_cfa_register 7
 136:.\Generated_Source\PSoC5/PGA_1.c **** 
 137:.\Generated_Source\PSoC5/PGA_1.c ****     /* This is to restore the value of register CR1 and CR2 which is saved 
 138:.\Generated_Source\PSoC5/PGA_1.c ****       in prior to the modification in stop() API */
 139:.\Generated_Source\PSoC5/PGA_1.c **** 
 140:.\Generated_Source\PSoC5/PGA_1.c ****     if(PGA_1_initVar == 0u)
 153              		.loc 1 140 0
 154 0004 054B     		ldr	r3, .L9
 155 0006 1B78     		ldrb	r3, [r3]	@ zero_extendqisi2
 156 0008 002B     		cmp	r3, #0
 157 000a 04D1     		bne	.L8
 141:.\Generated_Source\PSoC5/PGA_1.c ****     {
 142:.\Generated_Source\PSoC5/PGA_1.c ****         PGA_1_Init();
 158              		.loc 1 142 0
 159 000c FFF7FEFF 		bl	PGA_1_Init
 143:.\Generated_Source\PSoC5/PGA_1.c ****         PGA_1_initVar = 1u;
 160              		.loc 1 143 0
 161 0010 024B     		ldr	r3, .L9
 162 0012 0122     		movs	r2, #1
 163 0014 1A70     		strb	r2, [r3]
 164              	.L8:
 144:.\Generated_Source\PSoC5/PGA_1.c ****     }
 145:.\Generated_Source\PSoC5/PGA_1.c **** 
 146:.\Generated_Source\PSoC5/PGA_1.c ****     PGA_1_Enable();
 165              		.loc 1 146 0
 166 0016 FFF7FEFF 		bl	PGA_1_Enable
 147:.\Generated_Source\PSoC5/PGA_1.c **** }
 167              		.loc 1 147 0
 168 001a 80BD     		pop	{r7, pc}
 169              	.L10:
 170              		.align	2
 171              	.L9:
 172 001c 00000000 		.word	PGA_1_initVar
 173              		.cfi_endproc
 174              	.LFE2:
 175              		.size	PGA_1_Start, .-PGA_1_Start
 176              		.section	.text.PGA_1_Stop,"ax",%progbits
 177              		.align	2
 178              		.global	PGA_1_Stop
 179              		.thumb
 180              		.thumb_func
 181              		.type	PGA_1_Stop, %function
 182              	PGA_1_Stop:
 183              	.LFB3:
 148:.\Generated_Source\PSoC5/PGA_1.c **** 
 149:.\Generated_Source\PSoC5/PGA_1.c **** 
 150:.\Generated_Source\PSoC5/PGA_1.c **** /*******************************************************************************
 151:.\Generated_Source\PSoC5/PGA_1.c **** * Function Name: PGA_1_Stop
 152:.\Generated_Source\PSoC5/PGA_1.c **** ********************************************************************************
 153:.\Generated_Source\PSoC5/PGA_1.c **** *
 154:.\Generated_Source\PSoC5/PGA_1.c **** * Summary:
 155:.\Generated_Source\PSoC5/PGA_1.c **** *  Powers down amplifier to lowest power state.
 156:.\Generated_Source\PSoC5/PGA_1.c **** *
 157:.\Generated_Source\PSoC5/PGA_1.c **** * Parameters:
 158:.\Generated_Source\PSoC5/PGA_1.c **** *  void
 159:.\Generated_Source\PSoC5/PGA_1.c **** *
ARM GAS  C:\Users\Shiguruy\AppData\Local\Temp\ccKYNfCh.s 			page 7


 160:.\Generated_Source\PSoC5/PGA_1.c **** * Return:
 161:.\Generated_Source\PSoC5/PGA_1.c **** *  void
 162:.\Generated_Source\PSoC5/PGA_1.c **** *
 163:.\Generated_Source\PSoC5/PGA_1.c **** *******************************************************************************/
 164:.\Generated_Source\PSoC5/PGA_1.c **** void PGA_1_Stop(void) 
 165:.\Generated_Source\PSoC5/PGA_1.c **** { 
 184              		.loc 1 165 0
 185              		.cfi_startproc
 186              		@ args = 0, pretend = 0, frame = 0
 187              		@ frame_needed = 1, uses_anonymous_args = 0
 188              		@ link register save eliminated.
 189 0000 80B4     		push	{r7}
 190              		.cfi_def_cfa_offset 4
 191              		.cfi_offset 7, -4
 192 0002 00AF     		add	r7, sp, #0
 193              		.cfi_def_cfa_register 7
 166:.\Generated_Source\PSoC5/PGA_1.c ****     /* Disble power to the Amp in Active mode template */
 167:.\Generated_Source\PSoC5/PGA_1.c ****     PGA_1_PM_ACT_CFG_REG &= (uint8)(~PGA_1_ACT_PWR_EN);
 194              		.loc 1 167 0
 195 0004 094A     		ldr	r2, .L12
 196 0006 094B     		ldr	r3, .L12
 197 0008 1B78     		ldrb	r3, [r3]
 198 000a DBB2     		uxtb	r3, r3
 199 000c 23F00403 		bic	r3, r3, #4
 200 0010 DBB2     		uxtb	r3, r3
 201 0012 1370     		strb	r3, [r2]
 168:.\Generated_Source\PSoC5/PGA_1.c **** 
 169:.\Generated_Source\PSoC5/PGA_1.c ****     /* Disble power to the Amp in Alternative Active mode template */
 170:.\Generated_Source\PSoC5/PGA_1.c ****     PGA_1_PM_STBY_CFG_REG &= (uint8)(~PGA_1_STBY_PWR_EN);
 202              		.loc 1 170 0
 203 0014 064A     		ldr	r2, .L12+4
 204 0016 064B     		ldr	r3, .L12+4
 205 0018 1B78     		ldrb	r3, [r3]
 206 001a DBB2     		uxtb	r3, r3
 207 001c 23F00403 		bic	r3, r3, #4
 208 0020 DBB2     		uxtb	r3, r3
 209 0022 1370     		strb	r3, [r2]
 171:.\Generated_Source\PSoC5/PGA_1.c **** 
 172:.\Generated_Source\PSoC5/PGA_1.c ****     #if (!CY_PSOC5A)
 173:.\Generated_Source\PSoC5/PGA_1.c ****         #if (CYDEV_VARIABLE_VDDA == 1u)
 174:.\Generated_Source\PSoC5/PGA_1.c ****             PGA_1_BSTCLK_REG &= (uint8)(~PGA_1_BST_CLK_EN);
 175:.\Generated_Source\PSoC5/PGA_1.c ****             /* Disable pumps only if there aren't any SC block in use */
 176:.\Generated_Source\PSoC5/PGA_1.c ****             if ((PGA_1_PM_ACT_CFG_REG & PGA_1_PM_ACT_CFG_MASK) == 0u)
 177:.\Generated_Source\PSoC5/PGA_1.c ****             {
 178:.\Generated_Source\PSoC5/PGA_1.c ****                 PGA_1_SC_MISC_REG &= (uint8)(~PGA_1_PUMP_FORCE);
 179:.\Generated_Source\PSoC5/PGA_1.c ****                 PGA_1_PUMP_CR1_REG &= (uint8)(~PGA_1_PUMP_CR1_SC_CLKSEL);
 180:.\Generated_Source\PSoC5/PGA_1.c ****                 CyScBoostClk_Stop();
 181:.\Generated_Source\PSoC5/PGA_1.c ****             }
 182:.\Generated_Source\PSoC5/PGA_1.c ****         #endif /* CYDEV_VARIABLE_VDDA == 1u */
 183:.\Generated_Source\PSoC5/PGA_1.c ****     #endif /* (CY_PSOC3 || CY_PSOC5LP) */
 184:.\Generated_Source\PSoC5/PGA_1.c **** 
 185:.\Generated_Source\PSoC5/PGA_1.c ****     /* This sets PGA in zero current mode and output routes are valid */
 186:.\Generated_Source\PSoC5/PGA_1.c ****     #if (CY_PSOC5A)
 187:.\Generated_Source\PSoC5/PGA_1.c ****         PGA_1_P5backup.scCR1Reg = PGA_1_CR1_REG;
 188:.\Generated_Source\PSoC5/PGA_1.c ****         PGA_1_P5backup.scCR2Reg = PGA_1_CR2_REG;
 189:.\Generated_Source\PSoC5/PGA_1.c ****         PGA_1_CR1_REG = 0x00u;
 190:.\Generated_Source\PSoC5/PGA_1.c ****         PGA_1_CR2_REG = 0x00u;
ARM GAS  C:\Users\Shiguruy\AppData\Local\Temp\ccKYNfCh.s 			page 8


 191:.\Generated_Source\PSoC5/PGA_1.c ****         PGA_1_P5backup.enableState = 1u;
 192:.\Generated_Source\PSoC5/PGA_1.c ****     #endif /* CY_PSOC5A */
 193:.\Generated_Source\PSoC5/PGA_1.c **** }
 210              		.loc 1 193 0
 211 0024 BD46     		mov	sp, r7
 212              		.cfi_def_cfa_register 13
 213              		@ sp needed
 214 0026 5DF8047B 		ldr	r7, [sp], #4
 215              		.cfi_restore 7
 216              		.cfi_def_cfa_offset 0
 217 002a 7047     		bx	lr
 218              	.L13:
 219              		.align	2
 220              	.L12:
 221 002c A9430040 		.word	1073759145
 222 0030 B9430040 		.word	1073759161
 223              		.cfi_endproc
 224              	.LFE3:
 225              		.size	PGA_1_Stop, .-PGA_1_Stop
 226              		.section	.text.PGA_1_SetPower,"ax",%progbits
 227              		.align	2
 228              		.global	PGA_1_SetPower
 229              		.thumb
 230              		.thumb_func
 231              		.type	PGA_1_SetPower, %function
 232              	PGA_1_SetPower:
 233              	.LFB4:
 194:.\Generated_Source\PSoC5/PGA_1.c **** 
 195:.\Generated_Source\PSoC5/PGA_1.c **** 
 196:.\Generated_Source\PSoC5/PGA_1.c **** /*******************************************************************************
 197:.\Generated_Source\PSoC5/PGA_1.c **** * Function Name: PGA_1_SetPower
 198:.\Generated_Source\PSoC5/PGA_1.c **** ********************************************************************************
 199:.\Generated_Source\PSoC5/PGA_1.c **** *
 200:.\Generated_Source\PSoC5/PGA_1.c **** * Summary:
 201:.\Generated_Source\PSoC5/PGA_1.c **** *  Set the power of the PGA.
 202:.\Generated_Source\PSoC5/PGA_1.c **** *
 203:.\Generated_Source\PSoC5/PGA_1.c **** * Parameters:
 204:.\Generated_Source\PSoC5/PGA_1.c **** *  power: Sets power level between (0) and (3) high power
 205:.\Generated_Source\PSoC5/PGA_1.c **** *
 206:.\Generated_Source\PSoC5/PGA_1.c **** * Return:
 207:.\Generated_Source\PSoC5/PGA_1.c **** *  void
 208:.\Generated_Source\PSoC5/PGA_1.c **** *
 209:.\Generated_Source\PSoC5/PGA_1.c **** *******************************************************************************/
 210:.\Generated_Source\PSoC5/PGA_1.c **** void PGA_1_SetPower(uint8 power) 
 211:.\Generated_Source\PSoC5/PGA_1.c **** {
 234              		.loc 1 211 0
 235              		.cfi_startproc
 236              		@ args = 0, pretend = 0, frame = 16
 237              		@ frame_needed = 1, uses_anonymous_args = 0
 238              		@ link register save eliminated.
 239 0000 80B4     		push	{r7}
 240              		.cfi_def_cfa_offset 4
 241              		.cfi_offset 7, -4
 242 0002 85B0     		sub	sp, sp, #20
 243              		.cfi_def_cfa_offset 24
 244 0004 00AF     		add	r7, sp, #0
 245              		.cfi_def_cfa_register 7
ARM GAS  C:\Users\Shiguruy\AppData\Local\Temp\ccKYNfCh.s 			page 9


 246 0006 0346     		mov	r3, r0
 247 0008 FB71     		strb	r3, [r7, #7]
 212:.\Generated_Source\PSoC5/PGA_1.c ****     uint8 tmpCR;
 213:.\Generated_Source\PSoC5/PGA_1.c **** 
 214:.\Generated_Source\PSoC5/PGA_1.c ****     tmpCR = PGA_1_CR1_REG & (uint8)(~PGA_1_DRIVE_MASK);
 248              		.loc 1 214 0
 249 000a 0A4B     		ldr	r3, .L15
 250 000c 1B78     		ldrb	r3, [r3]
 251 000e DBB2     		uxtb	r3, r3
 252 0010 23F00303 		bic	r3, r3, #3
 253 0014 FB73     		strb	r3, [r7, #15]
 215:.\Generated_Source\PSoC5/PGA_1.c ****     tmpCR |= (power & PGA_1_DRIVE_MASK);
 254              		.loc 1 215 0
 255 0016 FB79     		ldrb	r3, [r7, #7]
 256 0018 03F00303 		and	r3, r3, #3
 257 001c DAB2     		uxtb	r2, r3
 258 001e FB7B     		ldrb	r3, [r7, #15]
 259 0020 1343     		orrs	r3, r3, r2
 260 0022 FB73     		strb	r3, [r7, #15]
 216:.\Generated_Source\PSoC5/PGA_1.c ****     PGA_1_CR1_REG = tmpCR;  
 261              		.loc 1 216 0
 262 0024 034A     		ldr	r2, .L15
 263 0026 FB7B     		ldrb	r3, [r7, #15]
 264 0028 1370     		strb	r3, [r2]
 217:.\Generated_Source\PSoC5/PGA_1.c **** }
 265              		.loc 1 217 0
 266 002a 1437     		adds	r7, r7, #20
 267              		.cfi_def_cfa_offset 4
 268 002c BD46     		mov	sp, r7
 269              		.cfi_def_cfa_register 13
 270              		@ sp needed
 271 002e 5DF8047B 		ldr	r7, [sp], #4
 272              		.cfi_restore 7
 273              		.cfi_def_cfa_offset 0
 274 0032 7047     		bx	lr
 275              	.L16:
 276              		.align	2
 277              	.L15:
 278 0034 09580040 		.word	1073764361
 279              		.cfi_endproc
 280              	.LFE4:
 281              		.size	PGA_1_SetPower, .-PGA_1_SetPower
 282              		.section	.rodata
 283              		.align	2
 284              	.LC0:
 285 0000 01       		.byte	1
 286 0001 11       		.byte	17
 287 0002 21       		.byte	33
 288 0003 31       		.byte	49
 289 0004 41       		.byte	65
 290 0005 61       		.byte	97
 291 0006 53       		.byte	83
 292 0007 63       		.byte	99
 293 0008 73       		.byte	115
 294 0009 000000   		.align	2
 295              	.LC1:
 296 000c 08       		.byte	8
ARM GAS  C:\Users\Shiguruy\AppData\Local\Temp\ccKYNfCh.s 			page 10


 297 000d 09       		.byte	9
 298 000e 01       		.byte	1
 299 000f 01       		.byte	1
 300 0010 05       		.byte	5
 301 0011 07       		.byte	7
 302 0012 07       		.byte	7
 303 0013 04       		.byte	4
 304 0014 04       		.byte	4
 305 0015 000000   		.section	.text.PGA_1_SetGain,"ax",%progbits
 306              		.align	2
 307              		.global	PGA_1_SetGain
 308              		.thumb
 309              		.thumb_func
 310              		.type	PGA_1_SetGain, %function
 311              	PGA_1_SetGain:
 312              	.LFB5:
 218:.\Generated_Source\PSoC5/PGA_1.c **** 
 219:.\Generated_Source\PSoC5/PGA_1.c **** 
 220:.\Generated_Source\PSoC5/PGA_1.c **** /*******************************************************************************
 221:.\Generated_Source\PSoC5/PGA_1.c **** * Function Name: PGA_1_SetGain
 222:.\Generated_Source\PSoC5/PGA_1.c **** ********************************************************************************
 223:.\Generated_Source\PSoC5/PGA_1.c **** *
 224:.\Generated_Source\PSoC5/PGA_1.c **** * Summary:
 225:.\Generated_Source\PSoC5/PGA_1.c **** *  This function sets values of the input and feedback resistors to set a 
 226:.\Generated_Source\PSoC5/PGA_1.c **** *  specific gain of the amplifier.
 227:.\Generated_Source\PSoC5/PGA_1.c **** *
 228:.\Generated_Source\PSoC5/PGA_1.c **** * Parameters:
 229:.\Generated_Source\PSoC5/PGA_1.c **** *  gain: Gain value of PGA (See header file for gain values.)
 230:.\Generated_Source\PSoC5/PGA_1.c **** *
 231:.\Generated_Source\PSoC5/PGA_1.c **** * Return:
 232:.\Generated_Source\PSoC5/PGA_1.c **** *  void 
 233:.\Generated_Source\PSoC5/PGA_1.c **** *
 234:.\Generated_Source\PSoC5/PGA_1.c **** *******************************************************************************/
 235:.\Generated_Source\PSoC5/PGA_1.c **** void PGA_1_SetGain(uint8 gain) 
 236:.\Generated_Source\PSoC5/PGA_1.c **** {
 313              		.loc 1 236 0
 314              		.cfi_startproc
 315              		@ args = 0, pretend = 0, frame = 32
 316              		@ frame_needed = 1, uses_anonymous_args = 0
 317 0000 80B5     		push	{r7, lr}
 318              		.cfi_def_cfa_offset 8
 319              		.cfi_offset 7, -8
 320              		.cfi_offset 14, -4
 321 0002 88B0     		sub	sp, sp, #32
 322              		.cfi_def_cfa_offset 40
 323 0004 00AF     		add	r7, sp, #0
 324              		.cfi_def_cfa_register 7
 325 0006 0346     		mov	r3, r0
 326 0008 FB71     		strb	r3, [r7, #7]
 237:.\Generated_Source\PSoC5/PGA_1.c ****     /* Constant array for gain settings */
 238:.\Generated_Source\PSoC5/PGA_1.c ****     const uint8 PGA_1_GainArray[9] = { 
 327              		.loc 1 238 0
 328 000a 284A     		ldr	r2, .L19
 329 000c 07F11403 		add	r3, r7, #20
 330 0010 1068     		ldr	r0, [r2]	@ unaligned
 331 0012 5168     		ldr	r1, [r2, #4]	@ unaligned
 332 0014 03C3     		stmia	r3!, {r0, r1}
ARM GAS  C:\Users\Shiguruy\AppData\Local\Temp\ccKYNfCh.s 			page 11


 333 0016 127A     		ldrb	r2, [r2, #8]
 334 0018 1A70     		strb	r2, [r3]
 239:.\Generated_Source\PSoC5/PGA_1.c ****         (PGA_1_RVAL_0K   | PGA_1_R20_40B_40K | PGA_1_BIAS_LOW), /* G=1  */
 240:.\Generated_Source\PSoC5/PGA_1.c ****         (PGA_1_RVAL_40K  | PGA_1_R20_40B_40K | PGA_1_BIAS_LOW), /* G=2  */
 241:.\Generated_Source\PSoC5/PGA_1.c ****         (PGA_1_RVAL_120K | PGA_1_R20_40B_40K | PGA_1_BIAS_LOW), /* G=4  */
 242:.\Generated_Source\PSoC5/PGA_1.c ****         (PGA_1_RVAL_280K | PGA_1_R20_40B_40K | PGA_1_BIAS_LOW), /* G=8  */
 243:.\Generated_Source\PSoC5/PGA_1.c ****         (PGA_1_RVAL_600K | PGA_1_R20_40B_40K | PGA_1_BIAS_LOW), /* G=16 */
 244:.\Generated_Source\PSoC5/PGA_1.c ****         (PGA_1_RVAL_460K | PGA_1_R20_40B_40K | PGA_1_BIAS_LOW), /* G=24, Sets Rin as 20k */
 245:.\Generated_Source\PSoC5/PGA_1.c ****         (PGA_1_RVAL_620K | PGA_1_R20_40B_20K | PGA_1_BIAS_LOW), /* G=32 */
 246:.\Generated_Source\PSoC5/PGA_1.c ****         (PGA_1_RVAL_470K | PGA_1_R20_40B_20K | PGA_1_BIAS_LOW), /* G=48, Sets Rin as 10k */
 247:.\Generated_Source\PSoC5/PGA_1.c ****         (PGA_1_RVAL_490K | PGA_1_R20_40B_20K | PGA_1_BIAS_LOW)  /* G=50, Sets Rin as 10k */
 248:.\Generated_Source\PSoC5/PGA_1.c ****     };
 249:.\Generated_Source\PSoC5/PGA_1.c ****     
 250:.\Generated_Source\PSoC5/PGA_1.c ****     /* Constant array for gain compenstion settings */
 251:.\Generated_Source\PSoC5/PGA_1.c ****     const uint8 PGA_1_GainComp[9] = { 
 335              		.loc 1 251 0
 336 001a 254A     		ldr	r2, .L19+4
 337 001c 07F10803 		add	r3, r7, #8
 338 0020 1068     		ldr	r0, [r2]	@ unaligned
 339 0022 5168     		ldr	r1, [r2, #4]	@ unaligned
 340 0024 03C3     		stmia	r3!, {r0, r1}
 341 0026 127A     		ldrb	r2, [r2, #8]
 342 0028 1A70     		strb	r2, [r3]
 252:.\Generated_Source\PSoC5/PGA_1.c ****         ( PGA_1_COMP_4P35PF  | (uint8)( PGA_1_REDC_00 >> 2 )), /* G=1  */
 253:.\Generated_Source\PSoC5/PGA_1.c ****         ( PGA_1_COMP_4P35PF  | (uint8)( PGA_1_REDC_01 >> 2 )), /* G=2  */
 254:.\Generated_Source\PSoC5/PGA_1.c ****         ( PGA_1_COMP_3P0PF   | (uint8)( PGA_1_REDC_01 >> 2 )), /* G=4  */
 255:.\Generated_Source\PSoC5/PGA_1.c ****         ( PGA_1_COMP_3P0PF   | (uint8)( PGA_1_REDC_01 >> 2 )), /* G=8  */
 256:.\Generated_Source\PSoC5/PGA_1.c ****         ( PGA_1_COMP_3P6PF   | (uint8)( PGA_1_REDC_01 >> 2 )), /* G=16 */
 257:.\Generated_Source\PSoC5/PGA_1.c ****         ( PGA_1_COMP_3P6PF   | (uint8)( PGA_1_REDC_11 >> 2 )), /* G=24 */
 258:.\Generated_Source\PSoC5/PGA_1.c ****         ( PGA_1_COMP_3P6PF   | (uint8)( PGA_1_REDC_11 >> 2 )), /* G=32 */
 259:.\Generated_Source\PSoC5/PGA_1.c ****         ( PGA_1_COMP_3P6PF   | (uint8)( PGA_1_REDC_00 >> 2 )), /* G=48 */
 260:.\Generated_Source\PSoC5/PGA_1.c ****         ( PGA_1_COMP_3P6PF   | (uint8)( PGA_1_REDC_00 >> 2 ))  /* G=50 */
 261:.\Generated_Source\PSoC5/PGA_1.c ****     };
 262:.\Generated_Source\PSoC5/PGA_1.c ****     
 263:.\Generated_Source\PSoC5/PGA_1.c ****     /* Only set new gain if it is a valid gain */
 264:.\Generated_Source\PSoC5/PGA_1.c ****     if( gain <= PGA_1_GAIN_MAX)
 343              		.loc 1 264 0
 344 002a FB79     		ldrb	r3, [r7, #7]	@ zero_extendqisi2
 345 002c 082B     		cmp	r3, #8
 346 002e 39D8     		bhi	.L17
 265:.\Generated_Source\PSoC5/PGA_1.c ****     {
 266:.\Generated_Source\PSoC5/PGA_1.c ****         /* Clear resistors, redc, and bias */
 267:.\Generated_Source\PSoC5/PGA_1.c ****         PGA_1_CR2_REG &= (uint8)(~(PGA_1_RVAL_MASK | PGA_1_R20_40B_MASK | 
 347              		.loc 1 267 0
 348 0030 204A     		ldr	r2, .L19+8
 349 0032 204B     		ldr	r3, .L19+8
 350 0034 1B78     		ldrb	r3, [r3]
 351 0036 DBB2     		uxtb	r3, r3
 352 0038 23F07F03 		bic	r3, r3, #127
 353 003c DBB2     		uxtb	r3, r3
 354 003e 1370     		strb	r3, [r2]
 268:.\Generated_Source\PSoC5/PGA_1.c ****                                 PGA_1_REDC_MASK | PGA_1_BIAS_MASK ));
 269:.\Generated_Source\PSoC5/PGA_1.c **** 
 270:.\Generated_Source\PSoC5/PGA_1.c ****         /* Set gain value resistors, redc comp, and bias */
 271:.\Generated_Source\PSoC5/PGA_1.c ****         PGA_1_CR2_REG |= (PGA_1_GainArray[gain] |
 355              		.loc 1 271 0
 356 0040 1C48     		ldr	r0, .L19+8
ARM GAS  C:\Users\Shiguruy\AppData\Local\Temp\ccKYNfCh.s 			page 12


 357 0042 1C4B     		ldr	r3, .L19+8
 358 0044 1B78     		ldrb	r3, [r3]
 359 0046 DAB2     		uxtb	r2, r3
 360 0048 FB79     		ldrb	r3, [r7, #7]	@ zero_extendqisi2
 361 004a 07F12001 		add	r1, r7, #32
 362 004e 0B44     		add	r3, r3, r1
 363 0050 13F80C1C 		ldrb	r1, [r3, #-12]	@ zero_extendqisi2
 272:.\Generated_Source\PSoC5/PGA_1.c ****                                 ((uint8)(PGA_1_GainComp[gain] << 2 ) & PGA_1_REDC_MASK));
 364              		.loc 1 272 0
 365 0054 FB79     		ldrb	r3, [r7, #7]	@ zero_extendqisi2
 366 0056 07F1200E 		add	lr, r7, #32
 367 005a 7344     		add	r3, r3, lr
 368 005c 13F8183C 		ldrb	r3, [r3, #-24]	@ zero_extendqisi2
 369 0060 9B00     		lsls	r3, r3, #2
 370 0062 DBB2     		uxtb	r3, r3
 271:.\Generated_Source\PSoC5/PGA_1.c ****                                 ((uint8)(PGA_1_GainComp[gain] << 2 ) & PGA_1_REDC_MASK));
 371              		.loc 1 271 0
 372 0064 03F00C03 		and	r3, r3, #12
 373 0068 DBB2     		uxtb	r3, r3
 374 006a 0B43     		orrs	r3, r3, r1
 375 006c DBB2     		uxtb	r3, r3
 376 006e 1343     		orrs	r3, r3, r2
 377 0070 DBB2     		uxtb	r3, r3
 378 0072 0370     		strb	r3, [r0]
 273:.\Generated_Source\PSoC5/PGA_1.c **** 
 274:.\Generated_Source\PSoC5/PGA_1.c ****         /* Clear sc_comp  */
 275:.\Generated_Source\PSoC5/PGA_1.c ****         PGA_1_CR1_REG &= (uint8)(~PGA_1_COMP_MASK);
 379              		.loc 1 275 0
 380 0074 104A     		ldr	r2, .L19+12
 381 0076 104B     		ldr	r3, .L19+12
 382 0078 1B78     		ldrb	r3, [r3]
 383 007a DBB2     		uxtb	r3, r3
 384 007c 23F00C03 		bic	r3, r3, #12
 385 0080 DBB2     		uxtb	r3, r3
 386 0082 1370     		strb	r3, [r2]
 276:.\Generated_Source\PSoC5/PGA_1.c ****         /* Set sc_comp  */
 277:.\Generated_Source\PSoC5/PGA_1.c ****         PGA_1_CR1_REG |= ( PGA_1_GainComp[gain] | PGA_1_COMP_MASK );
 387              		.loc 1 277 0
 388 0084 0C49     		ldr	r1, .L19+12
 389 0086 0C4B     		ldr	r3, .L19+12
 390 0088 1B78     		ldrb	r3, [r3]
 391 008a DAB2     		uxtb	r2, r3
 392 008c FB79     		ldrb	r3, [r7, #7]	@ zero_extendqisi2
 393 008e 07F12000 		add	r0, r7, #32
 394 0092 0344     		add	r3, r3, r0
 395 0094 13F8183C 		ldrb	r3, [r3, #-24]	@ zero_extendqisi2
 396 0098 1343     		orrs	r3, r3, r2
 397 009a DBB2     		uxtb	r3, r3
 398 009c 43F00C03 		orr	r3, r3, #12
 399 00a0 DBB2     		uxtb	r3, r3
 400 00a2 0B70     		strb	r3, [r1]
 401              	.L17:
 278:.\Generated_Source\PSoC5/PGA_1.c ****     }
 279:.\Generated_Source\PSoC5/PGA_1.c **** }
 402              		.loc 1 279 0
 403 00a4 2037     		adds	r7, r7, #32
 404              		.cfi_def_cfa_offset 8
ARM GAS  C:\Users\Shiguruy\AppData\Local\Temp\ccKYNfCh.s 			page 13


 405 00a6 BD46     		mov	sp, r7
 406              		.cfi_def_cfa_register 13
 407              		@ sp needed
 408 00a8 80BD     		pop	{r7, pc}
 409              	.L20:
 410 00aa 00BF     		.align	2
 411              	.L19:
 412 00ac 00000000 		.word	.LC0
 413 00b0 0C000000 		.word	.LC1
 414 00b4 0A580040 		.word	1073764362
 415 00b8 09580040 		.word	1073764361
 416              		.cfi_endproc
 417              	.LFE5:
 418              		.size	PGA_1_SetGain, .-PGA_1_SetGain
 419              		.text
 420              	.Letext0:
 421              		.file 2 ".\\Generated_Source\\PSoC5\\cytypes.h"
 422              		.section	.debug_info,"",%progbits
 423              	.Ldebug_info0:
 424 0000 81010000 		.4byte	0x181
 425 0004 0400     		.2byte	0x4
 426 0006 00000000 		.4byte	.Ldebug_abbrev0
 427 000a 04       		.byte	0x4
 428 000b 01       		.uleb128 0x1
 429 000c C7000000 		.4byte	.LASF26
 430 0010 01       		.byte	0x1
 431 0011 2A000000 		.4byte	.LASF27
 432 0015 8F000000 		.4byte	.LASF28
 433 0019 00000000 		.4byte	.Ldebug_ranges0+0
 434 001d 00000000 		.4byte	0
 435 0021 00000000 		.4byte	.Ldebug_line0
 436 0025 02       		.uleb128 0x2
 437 0026 01       		.byte	0x1
 438 0027 06       		.byte	0x6
 439 0028 0F020000 		.4byte	.LASF0
 440 002c 02       		.uleb128 0x2
 441 002d 01       		.byte	0x1
 442 002e 08       		.byte	0x8
 443 002f 64000000 		.4byte	.LASF1
 444 0033 02       		.uleb128 0x2
 445 0034 02       		.byte	0x2
 446 0035 05       		.byte	0x5
 447 0036 ED010000 		.4byte	.LASF2
 448 003a 02       		.uleb128 0x2
 449 003b 02       		.byte	0x2
 450 003c 07       		.byte	0x7
 451 003d 17000000 		.4byte	.LASF3
 452 0041 02       		.uleb128 0x2
 453 0042 04       		.byte	0x4
 454 0043 05       		.byte	0x5
 455 0044 F7010000 		.4byte	.LASF4
 456 0048 02       		.uleb128 0x2
 457 0049 04       		.byte	0x4
 458 004a 07       		.byte	0x7
 459 004b 77000000 		.4byte	.LASF5
 460 004f 02       		.uleb128 0x2
 461 0050 08       		.byte	0x8
ARM GAS  C:\Users\Shiguruy\AppData\Local\Temp\ccKYNfCh.s 			page 14


 462 0051 05       		.byte	0x5
 463 0052 DA010000 		.4byte	.LASF6
 464 0056 02       		.uleb128 0x2
 465 0057 08       		.byte	0x8
 466 0058 07       		.byte	0x7
 467 0059 85010000 		.4byte	.LASF7
 468 005d 03       		.uleb128 0x3
 469 005e 04       		.byte	0x4
 470 005f 05       		.byte	0x5
 471 0060 696E7400 		.ascii	"int\000"
 472 0064 02       		.uleb128 0x2
 473 0065 04       		.byte	0x4
 474 0066 07       		.byte	0x7
 475 0067 6B010000 		.4byte	.LASF8
 476 006b 04       		.uleb128 0x4
 477 006c 89000000 		.4byte	.LASF12
 478 0070 02       		.byte	0x2
 479 0071 C2       		.byte	0xc2
 480 0072 2C000000 		.4byte	0x2c
 481 0076 02       		.uleb128 0x2
 482 0077 04       		.byte	0x4
 483 0078 04       		.byte	0x4
 484 0079 5E000000 		.4byte	.LASF9
 485 007d 02       		.uleb128 0x2
 486 007e 08       		.byte	0x8
 487 007f 04       		.byte	0x4
 488 0080 55010000 		.4byte	.LASF10
 489 0084 02       		.uleb128 0x2
 490 0085 01       		.byte	0x1
 491 0086 08       		.byte	0x8
 492 0087 E8010000 		.4byte	.LASF11
 493 008b 05       		.uleb128 0x5
 494 008c 72000000 		.4byte	.LASF13
 495 0090 02       		.byte	0x2
 496 0091 6C01     		.2byte	0x16c
 497 0093 97000000 		.4byte	0x97
 498 0097 06       		.uleb128 0x6
 499 0098 6B000000 		.4byte	0x6b
 500 009c 02       		.uleb128 0x2
 501 009d 04       		.byte	0x4
 502 009e 07       		.byte	0x7
 503 009f D1010000 		.4byte	.LASF14
 504 00a3 07       		.uleb128 0x7
 505 00a4 BA010000 		.4byte	.LASF15
 506 00a8 01       		.byte	0x1
 507 00a9 31       		.byte	0x31
 508 00aa 00000000 		.4byte	.LFB0
 509 00ae 3C000000 		.4byte	.LFE0-.LFB0
 510 00b2 01       		.uleb128 0x1
 511 00b3 9C       		.byte	0x9c
 512 00b4 08       		.uleb128 0x8
 513 00b5 78010000 		.4byte	.LASF16
 514 00b9 01       		.byte	0x1
 515 00ba 4E       		.byte	0x4e
 516 00bb 00000000 		.4byte	.LFB1
 517 00bf 48000000 		.4byte	.LFE1-.LFB1
 518 00c3 01       		.uleb128 0x1
ARM GAS  C:\Users\Shiguruy\AppData\Local\Temp\ccKYNfCh.s 			page 15


 519 00c4 9C       		.byte	0x9c
 520 00c5 07       		.uleb128 0x7
 521 00c6 00000000 		.4byte	.LASF17
 522 00ca 01       		.byte	0x1
 523 00cb 86       		.byte	0x86
 524 00cc 00000000 		.4byte	.LFB2
 525 00d0 20000000 		.4byte	.LFE2-.LFB2
 526 00d4 01       		.uleb128 0x1
 527 00d5 9C       		.byte	0x9c
 528 00d6 08       		.uleb128 0x8
 529 00d7 0C000000 		.4byte	.LASF18
 530 00db 01       		.byte	0x1
 531 00dc A4       		.byte	0xa4
 532 00dd 00000000 		.4byte	.LFB3
 533 00e1 34000000 		.4byte	.LFE3-.LFB3
 534 00e5 01       		.uleb128 0x1
 535 00e6 9C       		.byte	0x9c
 536 00e7 09       		.uleb128 0x9
 537 00e8 00020000 		.4byte	.LASF19
 538 00ec 01       		.byte	0x1
 539 00ed D2       		.byte	0xd2
 540 00ee 00000000 		.4byte	.LFB4
 541 00f2 38000000 		.4byte	.LFE4-.LFB4
 542 00f6 01       		.uleb128 0x1
 543 00f7 9C       		.byte	0x9c
 544 00f8 19010000 		.4byte	0x119
 545 00fc 0A       		.uleb128 0xa
 546 00fd CB010000 		.4byte	.LASF21
 547 0101 01       		.byte	0x1
 548 0102 D2       		.byte	0xd2
 549 0103 6B000000 		.4byte	0x6b
 550 0107 02       		.uleb128 0x2
 551 0108 91       		.byte	0x91
 552 0109 6F       		.sleb128 -17
 553 010a 0B       		.uleb128 0xb
 554 010b C5010000 		.4byte	.LASF23
 555 010f 01       		.byte	0x1
 556 0110 D4       		.byte	0xd4
 557 0111 6B000000 		.4byte	0x6b
 558 0115 02       		.uleb128 0x2
 559 0116 91       		.byte	0x91
 560 0117 77       		.sleb128 -9
 561 0118 00       		.byte	0
 562 0119 09       		.uleb128 0x9
 563 011a AC010000 		.4byte	.LASF20
 564 011e 01       		.byte	0x1
 565 011f EB       		.byte	0xeb
 566 0120 00000000 		.4byte	.LFB5
 567 0124 BC000000 		.4byte	.LFE5-.LFB5
 568 0128 01       		.uleb128 0x1
 569 0129 9C       		.byte	0x9c
 570 012a 59010000 		.4byte	0x159
 571 012e 0A       		.uleb128 0xa
 572 012f 4B000000 		.4byte	.LASF22
 573 0133 01       		.byte	0x1
 574 0134 EB       		.byte	0xeb
 575 0135 6B000000 		.4byte	0x6b
ARM GAS  C:\Users\Shiguruy\AppData\Local\Temp\ccKYNfCh.s 			page 16


 576 0139 02       		.uleb128 0x2
 577 013a 91       		.byte	0x91
 578 013b 5F       		.sleb128 -33
 579 013c 0B       		.uleb128 0xb
 580 013d 9C010000 		.4byte	.LASF24
 581 0141 01       		.byte	0x1
 582 0142 EE       		.byte	0xee
 583 0143 69010000 		.4byte	0x169
 584 0147 02       		.uleb128 0x2
 585 0148 91       		.byte	0x91
 586 0149 6C       		.sleb128 -20
 587 014a 0B       		.uleb128 0xb
 588 014b 5C010000 		.4byte	.LASF25
 589 014f 01       		.byte	0x1
 590 0150 FB       		.byte	0xfb
 591 0151 6E010000 		.4byte	0x16e
 592 0155 02       		.uleb128 0x2
 593 0156 91       		.byte	0x91
 594 0157 60       		.sleb128 -32
 595 0158 00       		.byte	0
 596 0159 0C       		.uleb128 0xc
 597 015a 6B000000 		.4byte	0x6b
 598 015e 69010000 		.4byte	0x169
 599 0162 0D       		.uleb128 0xd
 600 0163 9C000000 		.4byte	0x9c
 601 0167 08       		.byte	0x8
 602 0168 00       		.byte	0
 603 0169 0E       		.uleb128 0xe
 604 016a 59010000 		.4byte	0x159
 605 016e 0E       		.uleb128 0xe
 606 016f 59010000 		.4byte	0x159
 607 0173 0F       		.uleb128 0xf
 608 0174 50000000 		.4byte	.LASF29
 609 0178 01       		.byte	0x1
 610 0179 1E       		.byte	0x1e
 611 017a 6B000000 		.4byte	0x6b
 612 017e 05       		.uleb128 0x5
 613 017f 03       		.byte	0x3
 614 0180 00000000 		.4byte	PGA_1_initVar
 615 0184 00       		.byte	0
 616              		.section	.debug_abbrev,"",%progbits
 617              	.Ldebug_abbrev0:
 618 0000 01       		.uleb128 0x1
 619 0001 11       		.uleb128 0x11
 620 0002 01       		.byte	0x1
 621 0003 25       		.uleb128 0x25
 622 0004 0E       		.uleb128 0xe
 623 0005 13       		.uleb128 0x13
 624 0006 0B       		.uleb128 0xb
 625 0007 03       		.uleb128 0x3
 626 0008 0E       		.uleb128 0xe
 627 0009 1B       		.uleb128 0x1b
 628 000a 0E       		.uleb128 0xe
 629 000b 55       		.uleb128 0x55
 630 000c 17       		.uleb128 0x17
 631 000d 11       		.uleb128 0x11
 632 000e 01       		.uleb128 0x1
ARM GAS  C:\Users\Shiguruy\AppData\Local\Temp\ccKYNfCh.s 			page 17


 633 000f 10       		.uleb128 0x10
 634 0010 17       		.uleb128 0x17
 635 0011 00       		.byte	0
 636 0012 00       		.byte	0
 637 0013 02       		.uleb128 0x2
 638 0014 24       		.uleb128 0x24
 639 0015 00       		.byte	0
 640 0016 0B       		.uleb128 0xb
 641 0017 0B       		.uleb128 0xb
 642 0018 3E       		.uleb128 0x3e
 643 0019 0B       		.uleb128 0xb
 644 001a 03       		.uleb128 0x3
 645 001b 0E       		.uleb128 0xe
 646 001c 00       		.byte	0
 647 001d 00       		.byte	0
 648 001e 03       		.uleb128 0x3
 649 001f 24       		.uleb128 0x24
 650 0020 00       		.byte	0
 651 0021 0B       		.uleb128 0xb
 652 0022 0B       		.uleb128 0xb
 653 0023 3E       		.uleb128 0x3e
 654 0024 0B       		.uleb128 0xb
 655 0025 03       		.uleb128 0x3
 656 0026 08       		.uleb128 0x8
 657 0027 00       		.byte	0
 658 0028 00       		.byte	0
 659 0029 04       		.uleb128 0x4
 660 002a 16       		.uleb128 0x16
 661 002b 00       		.byte	0
 662 002c 03       		.uleb128 0x3
 663 002d 0E       		.uleb128 0xe
 664 002e 3A       		.uleb128 0x3a
 665 002f 0B       		.uleb128 0xb
 666 0030 3B       		.uleb128 0x3b
 667 0031 0B       		.uleb128 0xb
 668 0032 49       		.uleb128 0x49
 669 0033 13       		.uleb128 0x13
 670 0034 00       		.byte	0
 671 0035 00       		.byte	0
 672 0036 05       		.uleb128 0x5
 673 0037 16       		.uleb128 0x16
 674 0038 00       		.byte	0
 675 0039 03       		.uleb128 0x3
 676 003a 0E       		.uleb128 0xe
 677 003b 3A       		.uleb128 0x3a
 678 003c 0B       		.uleb128 0xb
 679 003d 3B       		.uleb128 0x3b
 680 003e 05       		.uleb128 0x5
 681 003f 49       		.uleb128 0x49
 682 0040 13       		.uleb128 0x13
 683 0041 00       		.byte	0
 684 0042 00       		.byte	0
 685 0043 06       		.uleb128 0x6
 686 0044 35       		.uleb128 0x35
 687 0045 00       		.byte	0
 688 0046 49       		.uleb128 0x49
 689 0047 13       		.uleb128 0x13
ARM GAS  C:\Users\Shiguruy\AppData\Local\Temp\ccKYNfCh.s 			page 18


 690 0048 00       		.byte	0
 691 0049 00       		.byte	0
 692 004a 07       		.uleb128 0x7
 693 004b 2E       		.uleb128 0x2e
 694 004c 00       		.byte	0
 695 004d 3F       		.uleb128 0x3f
 696 004e 19       		.uleb128 0x19
 697 004f 03       		.uleb128 0x3
 698 0050 0E       		.uleb128 0xe
 699 0051 3A       		.uleb128 0x3a
 700 0052 0B       		.uleb128 0xb
 701 0053 3B       		.uleb128 0x3b
 702 0054 0B       		.uleb128 0xb
 703 0055 27       		.uleb128 0x27
 704 0056 19       		.uleb128 0x19
 705 0057 11       		.uleb128 0x11
 706 0058 01       		.uleb128 0x1
 707 0059 12       		.uleb128 0x12
 708 005a 06       		.uleb128 0x6
 709 005b 40       		.uleb128 0x40
 710 005c 18       		.uleb128 0x18
 711 005d 9642     		.uleb128 0x2116
 712 005f 19       		.uleb128 0x19
 713 0060 00       		.byte	0
 714 0061 00       		.byte	0
 715 0062 08       		.uleb128 0x8
 716 0063 2E       		.uleb128 0x2e
 717 0064 00       		.byte	0
 718 0065 3F       		.uleb128 0x3f
 719 0066 19       		.uleb128 0x19
 720 0067 03       		.uleb128 0x3
 721 0068 0E       		.uleb128 0xe
 722 0069 3A       		.uleb128 0x3a
 723 006a 0B       		.uleb128 0xb
 724 006b 3B       		.uleb128 0x3b
 725 006c 0B       		.uleb128 0xb
 726 006d 27       		.uleb128 0x27
 727 006e 19       		.uleb128 0x19
 728 006f 11       		.uleb128 0x11
 729 0070 01       		.uleb128 0x1
 730 0071 12       		.uleb128 0x12
 731 0072 06       		.uleb128 0x6
 732 0073 40       		.uleb128 0x40
 733 0074 18       		.uleb128 0x18
 734 0075 9742     		.uleb128 0x2117
 735 0077 19       		.uleb128 0x19
 736 0078 00       		.byte	0
 737 0079 00       		.byte	0
 738 007a 09       		.uleb128 0x9
 739 007b 2E       		.uleb128 0x2e
 740 007c 01       		.byte	0x1
 741 007d 3F       		.uleb128 0x3f
 742 007e 19       		.uleb128 0x19
 743 007f 03       		.uleb128 0x3
 744 0080 0E       		.uleb128 0xe
 745 0081 3A       		.uleb128 0x3a
 746 0082 0B       		.uleb128 0xb
ARM GAS  C:\Users\Shiguruy\AppData\Local\Temp\ccKYNfCh.s 			page 19


 747 0083 3B       		.uleb128 0x3b
 748 0084 0B       		.uleb128 0xb
 749 0085 27       		.uleb128 0x27
 750 0086 19       		.uleb128 0x19
 751 0087 11       		.uleb128 0x11
 752 0088 01       		.uleb128 0x1
 753 0089 12       		.uleb128 0x12
 754 008a 06       		.uleb128 0x6
 755 008b 40       		.uleb128 0x40
 756 008c 18       		.uleb128 0x18
 757 008d 9742     		.uleb128 0x2117
 758 008f 19       		.uleb128 0x19
 759 0090 01       		.uleb128 0x1
 760 0091 13       		.uleb128 0x13
 761 0092 00       		.byte	0
 762 0093 00       		.byte	0
 763 0094 0A       		.uleb128 0xa
 764 0095 05       		.uleb128 0x5
 765 0096 00       		.byte	0
 766 0097 03       		.uleb128 0x3
 767 0098 0E       		.uleb128 0xe
 768 0099 3A       		.uleb128 0x3a
 769 009a 0B       		.uleb128 0xb
 770 009b 3B       		.uleb128 0x3b
 771 009c 0B       		.uleb128 0xb
 772 009d 49       		.uleb128 0x49
 773 009e 13       		.uleb128 0x13
 774 009f 02       		.uleb128 0x2
 775 00a0 18       		.uleb128 0x18
 776 00a1 00       		.byte	0
 777 00a2 00       		.byte	0
 778 00a3 0B       		.uleb128 0xb
 779 00a4 34       		.uleb128 0x34
 780 00a5 00       		.byte	0
 781 00a6 03       		.uleb128 0x3
 782 00a7 0E       		.uleb128 0xe
 783 00a8 3A       		.uleb128 0x3a
 784 00a9 0B       		.uleb128 0xb
 785 00aa 3B       		.uleb128 0x3b
 786 00ab 0B       		.uleb128 0xb
 787 00ac 49       		.uleb128 0x49
 788 00ad 13       		.uleb128 0x13
 789 00ae 02       		.uleb128 0x2
 790 00af 18       		.uleb128 0x18
 791 00b0 00       		.byte	0
 792 00b1 00       		.byte	0
 793 00b2 0C       		.uleb128 0xc
 794 00b3 01       		.uleb128 0x1
 795 00b4 01       		.byte	0x1
 796 00b5 49       		.uleb128 0x49
 797 00b6 13       		.uleb128 0x13
 798 00b7 01       		.uleb128 0x1
 799 00b8 13       		.uleb128 0x13
 800 00b9 00       		.byte	0
 801 00ba 00       		.byte	0
 802 00bb 0D       		.uleb128 0xd
 803 00bc 21       		.uleb128 0x21
ARM GAS  C:\Users\Shiguruy\AppData\Local\Temp\ccKYNfCh.s 			page 20


 804 00bd 00       		.byte	0
 805 00be 49       		.uleb128 0x49
 806 00bf 13       		.uleb128 0x13
 807 00c0 2F       		.uleb128 0x2f
 808 00c1 0B       		.uleb128 0xb
 809 00c2 00       		.byte	0
 810 00c3 00       		.byte	0
 811 00c4 0E       		.uleb128 0xe
 812 00c5 26       		.uleb128 0x26
 813 00c6 00       		.byte	0
 814 00c7 49       		.uleb128 0x49
 815 00c8 13       		.uleb128 0x13
 816 00c9 00       		.byte	0
 817 00ca 00       		.byte	0
 818 00cb 0F       		.uleb128 0xf
 819 00cc 34       		.uleb128 0x34
 820 00cd 00       		.byte	0
 821 00ce 03       		.uleb128 0x3
 822 00cf 0E       		.uleb128 0xe
 823 00d0 3A       		.uleb128 0x3a
 824 00d1 0B       		.uleb128 0xb
 825 00d2 3B       		.uleb128 0x3b
 826 00d3 0B       		.uleb128 0xb
 827 00d4 49       		.uleb128 0x49
 828 00d5 13       		.uleb128 0x13
 829 00d6 3F       		.uleb128 0x3f
 830 00d7 19       		.uleb128 0x19
 831 00d8 02       		.uleb128 0x2
 832 00d9 18       		.uleb128 0x18
 833 00da 00       		.byte	0
 834 00db 00       		.byte	0
 835 00dc 00       		.byte	0
 836              		.section	.debug_aranges,"",%progbits
 837 0000 44000000 		.4byte	0x44
 838 0004 0200     		.2byte	0x2
 839 0006 00000000 		.4byte	.Ldebug_info0
 840 000a 04       		.byte	0x4
 841 000b 00       		.byte	0
 842 000c 0000     		.2byte	0
 843 000e 0000     		.2byte	0
 844 0010 00000000 		.4byte	.LFB0
 845 0014 3C000000 		.4byte	.LFE0-.LFB0
 846 0018 00000000 		.4byte	.LFB1
 847 001c 48000000 		.4byte	.LFE1-.LFB1
 848 0020 00000000 		.4byte	.LFB2
 849 0024 20000000 		.4byte	.LFE2-.LFB2
 850 0028 00000000 		.4byte	.LFB3
 851 002c 34000000 		.4byte	.LFE3-.LFB3
 852 0030 00000000 		.4byte	.LFB4
 853 0034 38000000 		.4byte	.LFE4-.LFB4
 854 0038 00000000 		.4byte	.LFB5
 855 003c BC000000 		.4byte	.LFE5-.LFB5
 856 0040 00000000 		.4byte	0
 857 0044 00000000 		.4byte	0
 858              		.section	.debug_ranges,"",%progbits
 859              	.Ldebug_ranges0:
 860 0000 00000000 		.4byte	.LFB0
ARM GAS  C:\Users\Shiguruy\AppData\Local\Temp\ccKYNfCh.s 			page 21


 861 0004 3C000000 		.4byte	.LFE0
 862 0008 00000000 		.4byte	.LFB1
 863 000c 48000000 		.4byte	.LFE1
 864 0010 00000000 		.4byte	.LFB2
 865 0014 20000000 		.4byte	.LFE2
 866 0018 00000000 		.4byte	.LFB3
 867 001c 34000000 		.4byte	.LFE3
 868 0020 00000000 		.4byte	.LFB4
 869 0024 38000000 		.4byte	.LFE4
 870 0028 00000000 		.4byte	.LFB5
 871 002c BC000000 		.4byte	.LFE5
 872 0030 00000000 		.4byte	0
 873 0034 00000000 		.4byte	0
 874              		.section	.debug_line,"",%progbits
 875              	.Ldebug_line0:
 876 0000 D3000000 		.section	.debug_str,"MS",%progbits,1
 876      02004400 
 876      00000201 
 876      FB0E0D00 
 876      01010101 
 877              	.LASF17:
 878 0000 5047415F 		.ascii	"PGA_1_Start\000"
 878      315F5374 
 878      61727400 
 879              	.LASF18:
 880 000c 5047415F 		.ascii	"PGA_1_Stop\000"
 880      315F5374 
 880      6F7000
 881              	.LASF3:
 882 0017 73686F72 		.ascii	"short unsigned int\000"
 882      7420756E 
 882      7369676E 
 882      65642069 
 882      6E7400
 883              	.LASF27:
 884 002a 2E5C4765 		.ascii	".\\Generated_Source\\PSoC5\\PGA_1.c\000"
 884      6E657261 
 884      7465645F 
 884      536F7572 
 884      63655C50 
 885              	.LASF22:
 886 004b 6761696E 		.ascii	"gain\000"
 886      00
 887              	.LASF29:
 888 0050 5047415F 		.ascii	"PGA_1_initVar\000"
 888      315F696E 
 888      69745661 
 888      7200
 889              	.LASF9:
 890 005e 666C6F61 		.ascii	"float\000"
 890      7400
 891              	.LASF1:
 892 0064 756E7369 		.ascii	"unsigned char\000"
 892      676E6564 
 892      20636861 
 892      7200
 893              	.LASF13:
ARM GAS  C:\Users\Shiguruy\AppData\Local\Temp\ccKYNfCh.s 			page 22


 894 0072 72656738 		.ascii	"reg8\000"
 894      00
 895              	.LASF5:
 896 0077 6C6F6E67 		.ascii	"long unsigned int\000"
 896      20756E73 
 896      69676E65 
 896      6420696E 
 896      7400
 897              	.LASF12:
 898 0089 75696E74 		.ascii	"uint8\000"
 898      3800
 899              	.LASF28:
 900 008f 433A5C57 		.ascii	"C:\\Workspace\\PSoC_Creator\\QDExample01\\QDExample"
 900      6F726B73 
 900      70616365 
 900      5C50536F 
 900      435F4372 
 901 00be 30312E63 		.ascii	"01.cydsn\000"
 901      7964736E 
 901      00
 902              	.LASF26:
 903 00c7 474E5520 		.ascii	"GNU C 4.9.3 20150303 (release) [ARM/embedded-4_9-br"
 903      4320342E 
 903      392E3320 
 903      32303135 
 903      30333033 
 904 00fa 616E6368 		.ascii	"anch revision 221220] -mcpu=cortex-m3 -mthumb -g -O"
 904      20726576 
 904      6973696F 
 904      6E203232 
 904      31323230 
 905 012d 30202D66 		.ascii	"0 -ffunction-sections -ffat-lto-objects\000"
 905      66756E63 
 905      74696F6E 
 905      2D736563 
 905      74696F6E 
 906              	.LASF10:
 907 0155 646F7562 		.ascii	"double\000"
 907      6C6500
 908              	.LASF25:
 909 015c 5047415F 		.ascii	"PGA_1_GainComp\000"
 909      315F4761 
 909      696E436F 
 909      6D7000
 910              	.LASF8:
 911 016b 756E7369 		.ascii	"unsigned int\000"
 911      676E6564 
 911      20696E74 
 911      00
 912              	.LASF16:
 913 0178 5047415F 		.ascii	"PGA_1_Enable\000"
 913      315F456E 
 913      61626C65 
 913      00
 914              	.LASF7:
 915 0185 6C6F6E67 		.ascii	"long long unsigned int\000"
 915      206C6F6E 
ARM GAS  C:\Users\Shiguruy\AppData\Local\Temp\ccKYNfCh.s 			page 23


 915      6720756E 
 915      7369676E 
 915      65642069 
 916              	.LASF24:
 917 019c 5047415F 		.ascii	"PGA_1_GainArray\000"
 917      315F4761 
 917      696E4172 
 917      72617900 
 918              	.LASF20:
 919 01ac 5047415F 		.ascii	"PGA_1_SetGain\000"
 919      315F5365 
 919      74476169 
 919      6E00
 920              	.LASF15:
 921 01ba 5047415F 		.ascii	"PGA_1_Init\000"
 921      315F496E 
 921      697400
 922              	.LASF23:
 923 01c5 746D7043 		.ascii	"tmpCR\000"
 923      5200
 924              	.LASF21:
 925 01cb 706F7765 		.ascii	"power\000"
 925      7200
 926              	.LASF14:
 927 01d1 73697A65 		.ascii	"sizetype\000"
 927      74797065 
 927      00
 928              	.LASF6:
 929 01da 6C6F6E67 		.ascii	"long long int\000"
 929      206C6F6E 
 929      6720696E 
 929      7400
 930              	.LASF11:
 931 01e8 63686172 		.ascii	"char\000"
 931      00
 932              	.LASF2:
 933 01ed 73686F72 		.ascii	"short int\000"
 933      7420696E 
 933      7400
 934              	.LASF4:
 935 01f7 6C6F6E67 		.ascii	"long int\000"
 935      20696E74 
 935      00
 936              	.LASF19:
 937 0200 5047415F 		.ascii	"PGA_1_SetPower\000"
 937      315F5365 
 937      74506F77 
 937      657200
 938              	.LASF0:
 939 020f 7369676E 		.ascii	"signed char\000"
 939      65642063 
 939      68617200 
 940              		.ident	"GCC: (GNU Tools for ARM Embedded Processors) 4.9.3 20150303 (release) [ARM/embedded-4_9-br
