ARM GAS  C:\Users\Shiguruy\AppData\Local\Temp\ccDc6Z7Y.s 			page 1


   1              		.syntax unified
   2              		.cpu cortex-m3
   3              		.fpu softvfp
   4              		.eabi_attribute 20, 1
   5              		.eabi_attribute 21, 1
   6              		.eabi_attribute 23, 3
   7              		.eabi_attribute 24, 1
   8              		.eabi_attribute 25, 1
   9              		.eabi_attribute 26, 1
  10              		.eabi_attribute 30, 6
  11              		.eabi_attribute 34, 1
  12              		.eabi_attribute 18, 4
  13              		.thumb
  14              		.file	"Pin_outs.c"
  15              		.text
  16              	.Ltext0:
  17              		.cfi_sections	.debug_frame
  18              		.section	.text.Pin_outs_Write,"ax",%progbits
  19              		.align	2
  20              		.global	Pin_outs_Write
  21              		.thumb
  22              		.thumb_func
  23              		.type	Pin_outs_Write, %function
  24              	Pin_outs_Write:
  25              	.LFB0:
  26              		.file 1 ".\\Generated_Source\\PSoC5\\Pin_outs.c"
   1:.\Generated_Source\PSoC5/Pin_outs.c **** /*******************************************************************************
   2:.\Generated_Source\PSoC5/Pin_outs.c **** * File Name: Pin_outs.c  
   3:.\Generated_Source\PSoC5/Pin_outs.c **** * Version 2.10
   4:.\Generated_Source\PSoC5/Pin_outs.c **** *
   5:.\Generated_Source\PSoC5/Pin_outs.c **** * Description:
   6:.\Generated_Source\PSoC5/Pin_outs.c **** *  This file contains API to enable firmware control of a Pins component.
   7:.\Generated_Source\PSoC5/Pin_outs.c **** *
   8:.\Generated_Source\PSoC5/Pin_outs.c **** * Note:
   9:.\Generated_Source\PSoC5/Pin_outs.c **** *
  10:.\Generated_Source\PSoC5/Pin_outs.c **** ********************************************************************************
  11:.\Generated_Source\PSoC5/Pin_outs.c **** * Copyright 2008-2014, Cypress Semiconductor Corporation.  All rights reserved.
  12:.\Generated_Source\PSoC5/Pin_outs.c **** * You may use this file only in accordance with the license, terms, conditions, 
  13:.\Generated_Source\PSoC5/Pin_outs.c **** * disclaimers, and limitations in the end user license agreement accompanying 
  14:.\Generated_Source\PSoC5/Pin_outs.c **** * the software package with which this file was provided.
  15:.\Generated_Source\PSoC5/Pin_outs.c **** *******************************************************************************/
  16:.\Generated_Source\PSoC5/Pin_outs.c **** 
  17:.\Generated_Source\PSoC5/Pin_outs.c **** #include "cytypes.h"
  18:.\Generated_Source\PSoC5/Pin_outs.c **** #include "Pin_outs.h"
  19:.\Generated_Source\PSoC5/Pin_outs.c **** 
  20:.\Generated_Source\PSoC5/Pin_outs.c **** /* APIs are not generated for P15[7:6] on PSoC 5 */
  21:.\Generated_Source\PSoC5/Pin_outs.c **** #if !(CY_PSOC5A &&\
  22:.\Generated_Source\PSoC5/Pin_outs.c **** 	 Pin_outs__PORT == 15 && ((Pin_outs__MASK & 0xC0) != 0))
  23:.\Generated_Source\PSoC5/Pin_outs.c **** 
  24:.\Generated_Source\PSoC5/Pin_outs.c **** 
  25:.\Generated_Source\PSoC5/Pin_outs.c **** /*******************************************************************************
  26:.\Generated_Source\PSoC5/Pin_outs.c **** * Function Name: Pin_outs_Write
  27:.\Generated_Source\PSoC5/Pin_outs.c **** ********************************************************************************
  28:.\Generated_Source\PSoC5/Pin_outs.c **** *
  29:.\Generated_Source\PSoC5/Pin_outs.c **** * Summary:
  30:.\Generated_Source\PSoC5/Pin_outs.c **** *  Assign a new value to the digital port's data output register.  
  31:.\Generated_Source\PSoC5/Pin_outs.c **** *
ARM GAS  C:\Users\Shiguruy\AppData\Local\Temp\ccDc6Z7Y.s 			page 2


  32:.\Generated_Source\PSoC5/Pin_outs.c **** * Parameters:  
  33:.\Generated_Source\PSoC5/Pin_outs.c **** *  prtValue:  The value to be assigned to the Digital Port. 
  34:.\Generated_Source\PSoC5/Pin_outs.c **** *
  35:.\Generated_Source\PSoC5/Pin_outs.c **** * Return: 
  36:.\Generated_Source\PSoC5/Pin_outs.c **** *  None
  37:.\Generated_Source\PSoC5/Pin_outs.c **** *  
  38:.\Generated_Source\PSoC5/Pin_outs.c **** *******************************************************************************/
  39:.\Generated_Source\PSoC5/Pin_outs.c **** void Pin_outs_Write(uint8 value) 
  40:.\Generated_Source\PSoC5/Pin_outs.c **** {
  27              		.loc 1 40 0
  28              		.cfi_startproc
  29              		@ args = 0, pretend = 0, frame = 16
  30              		@ frame_needed = 1, uses_anonymous_args = 0
  31              		@ link register save eliminated.
  32 0000 80B4     		push	{r7}
  33              		.cfi_def_cfa_offset 4
  34              		.cfi_offset 7, -4
  35 0002 85B0     		sub	sp, sp, #20
  36              		.cfi_def_cfa_offset 24
  37 0004 00AF     		add	r7, sp, #0
  38              		.cfi_def_cfa_register 7
  39 0006 0346     		mov	r3, r0
  40 0008 FB71     		strb	r3, [r7, #7]
  41:.\Generated_Source\PSoC5/Pin_outs.c ****     uint8 staticBits = (Pin_outs_DR & (uint8)(~Pin_outs_MASK));
  41              		.loc 1 41 0
  42 000a 0A4B     		ldr	r3, .L2
  43 000c 1B78     		ldrb	r3, [r3]
  44 000e DBB2     		uxtb	r3, r3
  45 0010 23F00F03 		bic	r3, r3, #15
  46 0014 FB73     		strb	r3, [r7, #15]
  42:.\Generated_Source\PSoC5/Pin_outs.c ****     Pin_outs_DR = staticBits | ((uint8)(value << Pin_outs_SHIFT) & Pin_outs_MASK);
  47              		.loc 1 42 0
  48 0016 0749     		ldr	r1, .L2
  49 0018 FB79     		ldrb	r3, [r7, #7]
  50 001a 03F00F03 		and	r3, r3, #15
  51 001e DAB2     		uxtb	r2, r3
  52 0020 FB7B     		ldrb	r3, [r7, #15]
  53 0022 1343     		orrs	r3, r3, r2
  54 0024 DBB2     		uxtb	r3, r3
  55 0026 0B70     		strb	r3, [r1]
  43:.\Generated_Source\PSoC5/Pin_outs.c **** }
  56              		.loc 1 43 0
  57 0028 1437     		adds	r7, r7, #20
  58              		.cfi_def_cfa_offset 4
  59 002a BD46     		mov	sp, r7
  60              		.cfi_def_cfa_register 13
  61              		@ sp needed
  62 002c 5DF8047B 		ldr	r7, [sp], #4
  63              		.cfi_restore 7
  64              		.cfi_def_cfa_offset 0
  65 0030 7047     		bx	lr
  66              	.L3:
  67 0032 00BF     		.align	2
  68              	.L2:
  69 0034 00510040 		.word	1073762560
  70              		.cfi_endproc
  71              	.LFE0:
ARM GAS  C:\Users\Shiguruy\AppData\Local\Temp\ccDc6Z7Y.s 			page 3


  72              		.size	Pin_outs_Write, .-Pin_outs_Write
  73              		.section	.text.Pin_outs_SetDriveMode,"ax",%progbits
  74              		.align	2
  75              		.global	Pin_outs_SetDriveMode
  76              		.thumb
  77              		.thumb_func
  78              		.type	Pin_outs_SetDriveMode, %function
  79              	Pin_outs_SetDriveMode:
  80              	.LFB1:
  44:.\Generated_Source\PSoC5/Pin_outs.c **** 
  45:.\Generated_Source\PSoC5/Pin_outs.c **** 
  46:.\Generated_Source\PSoC5/Pin_outs.c **** /*******************************************************************************
  47:.\Generated_Source\PSoC5/Pin_outs.c **** * Function Name: Pin_outs_SetDriveMode
  48:.\Generated_Source\PSoC5/Pin_outs.c **** ********************************************************************************
  49:.\Generated_Source\PSoC5/Pin_outs.c **** *
  50:.\Generated_Source\PSoC5/Pin_outs.c **** * Summary:
  51:.\Generated_Source\PSoC5/Pin_outs.c **** *  Change the drive mode on the pins of the port.
  52:.\Generated_Source\PSoC5/Pin_outs.c **** * 
  53:.\Generated_Source\PSoC5/Pin_outs.c **** * Parameters:  
  54:.\Generated_Source\PSoC5/Pin_outs.c **** *  mode:  Change the pins to one of the following drive modes.
  55:.\Generated_Source\PSoC5/Pin_outs.c **** *
  56:.\Generated_Source\PSoC5/Pin_outs.c **** *  Pin_outs_DM_STRONG     Strong Drive 
  57:.\Generated_Source\PSoC5/Pin_outs.c **** *  Pin_outs_DM_OD_HI      Open Drain, Drives High 
  58:.\Generated_Source\PSoC5/Pin_outs.c **** *  Pin_outs_DM_OD_LO      Open Drain, Drives Low 
  59:.\Generated_Source\PSoC5/Pin_outs.c **** *  Pin_outs_DM_RES_UP     Resistive Pull Up 
  60:.\Generated_Source\PSoC5/Pin_outs.c **** *  Pin_outs_DM_RES_DWN    Resistive Pull Down 
  61:.\Generated_Source\PSoC5/Pin_outs.c **** *  Pin_outs_DM_RES_UPDWN  Resistive Pull Up/Down 
  62:.\Generated_Source\PSoC5/Pin_outs.c **** *  Pin_outs_DM_DIG_HIZ    High Impedance Digital 
  63:.\Generated_Source\PSoC5/Pin_outs.c **** *  Pin_outs_DM_ALG_HIZ    High Impedance Analog 
  64:.\Generated_Source\PSoC5/Pin_outs.c **** *
  65:.\Generated_Source\PSoC5/Pin_outs.c **** * Return: 
  66:.\Generated_Source\PSoC5/Pin_outs.c **** *  None
  67:.\Generated_Source\PSoC5/Pin_outs.c **** *
  68:.\Generated_Source\PSoC5/Pin_outs.c **** *******************************************************************************/
  69:.\Generated_Source\PSoC5/Pin_outs.c **** void Pin_outs_SetDriveMode(uint8 mode) 
  70:.\Generated_Source\PSoC5/Pin_outs.c **** {
  81              		.loc 1 70 0
  82              		.cfi_startproc
  83              		@ args = 0, pretend = 0, frame = 8
  84              		@ frame_needed = 1, uses_anonymous_args = 0
  85              		@ link register save eliminated.
  86 0000 80B4     		push	{r7}
  87              		.cfi_def_cfa_offset 4
  88              		.cfi_offset 7, -4
  89 0002 83B0     		sub	sp, sp, #12
  90              		.cfi_def_cfa_offset 16
  91 0004 00AF     		add	r7, sp, #0
  92              		.cfi_def_cfa_register 7
  93 0006 0346     		mov	r3, r0
  94 0008 FB71     		strb	r3, [r7, #7]
  71:.\Generated_Source\PSoC5/Pin_outs.c **** 	CyPins_SetPinDriveMode(Pin_outs_0, mode);
  95              		.loc 1 71 0
  96 000a 224B     		ldr	r3, .L5
  97 000c 214A     		ldr	r2, .L5
  98 000e 1278     		ldrb	r2, [r2]
  99 0010 D2B2     		uxtb	r2, r2
 100 0012 D2B2     		uxtb	r2, r2
ARM GAS  C:\Users\Shiguruy\AppData\Local\Temp\ccDc6Z7Y.s 			page 4


 101 0014 22F00E02 		bic	r2, r2, #14
 102 0018 D1B2     		uxtb	r1, r2
 103 001a FA79     		ldrb	r2, [r7, #7]	@ zero_extendqisi2
 104 001c 02F00E02 		and	r2, r2, #14
 105 0020 D2B2     		uxtb	r2, r2
 106 0022 0A43     		orrs	r2, r2, r1
 107 0024 D2B2     		uxtb	r2, r2
 108 0026 D2B2     		uxtb	r2, r2
 109 0028 1A70     		strb	r2, [r3]
  72:.\Generated_Source\PSoC5/Pin_outs.c **** 	CyPins_SetPinDriveMode(Pin_outs_1, mode);
 110              		.loc 1 72 0
 111 002a 1B4B     		ldr	r3, .L5+4
 112 002c 1A4A     		ldr	r2, .L5+4
 113 002e 1278     		ldrb	r2, [r2]
 114 0030 D2B2     		uxtb	r2, r2
 115 0032 D2B2     		uxtb	r2, r2
 116 0034 22F00E02 		bic	r2, r2, #14
 117 0038 D1B2     		uxtb	r1, r2
 118 003a FA79     		ldrb	r2, [r7, #7]	@ zero_extendqisi2
 119 003c 02F00E02 		and	r2, r2, #14
 120 0040 D2B2     		uxtb	r2, r2
 121 0042 0A43     		orrs	r2, r2, r1
 122 0044 D2B2     		uxtb	r2, r2
 123 0046 D2B2     		uxtb	r2, r2
 124 0048 1A70     		strb	r2, [r3]
  73:.\Generated_Source\PSoC5/Pin_outs.c **** 	CyPins_SetPinDriveMode(Pin_outs_2, mode);
 125              		.loc 1 73 0
 126 004a 144B     		ldr	r3, .L5+8
 127 004c 134A     		ldr	r2, .L5+8
 128 004e 1278     		ldrb	r2, [r2]
 129 0050 D2B2     		uxtb	r2, r2
 130 0052 D2B2     		uxtb	r2, r2
 131 0054 22F00E02 		bic	r2, r2, #14
 132 0058 D1B2     		uxtb	r1, r2
 133 005a FA79     		ldrb	r2, [r7, #7]	@ zero_extendqisi2
 134 005c 02F00E02 		and	r2, r2, #14
 135 0060 D2B2     		uxtb	r2, r2
 136 0062 0A43     		orrs	r2, r2, r1
 137 0064 D2B2     		uxtb	r2, r2
 138 0066 D2B2     		uxtb	r2, r2
 139 0068 1A70     		strb	r2, [r3]
  74:.\Generated_Source\PSoC5/Pin_outs.c **** 	CyPins_SetPinDriveMode(Pin_outs_3, mode);
 140              		.loc 1 74 0
 141 006a 0D4B     		ldr	r3, .L5+12
 142 006c 0C4A     		ldr	r2, .L5+12
 143 006e 1278     		ldrb	r2, [r2]
 144 0070 D2B2     		uxtb	r2, r2
 145 0072 D2B2     		uxtb	r2, r2
 146 0074 22F00E02 		bic	r2, r2, #14
 147 0078 D1B2     		uxtb	r1, r2
 148 007a FA79     		ldrb	r2, [r7, #7]	@ zero_extendqisi2
 149 007c 02F00E02 		and	r2, r2, #14
 150 0080 D2B2     		uxtb	r2, r2
 151 0082 0A43     		orrs	r2, r2, r1
 152 0084 D2B2     		uxtb	r2, r2
 153 0086 D2B2     		uxtb	r2, r2
 154 0088 1A70     		strb	r2, [r3]
ARM GAS  C:\Users\Shiguruy\AppData\Local\Temp\ccDc6Z7Y.s 			page 5


  75:.\Generated_Source\PSoC5/Pin_outs.c **** }
 155              		.loc 1 75 0
 156 008a 0C37     		adds	r7, r7, #12
 157              		.cfi_def_cfa_offset 4
 158 008c BD46     		mov	sp, r7
 159              		.cfi_def_cfa_register 13
 160              		@ sp needed
 161 008e 5DF8047B 		ldr	r7, [sp], #4
 162              		.cfi_restore 7
 163              		.cfi_def_cfa_offset 0
 164 0092 7047     		bx	lr
 165              	.L6:
 166              		.align	2
 167              	.L5:
 168 0094 00500040 		.word	1073762304
 169 0098 01500040 		.word	1073762305
 170 009c 02500040 		.word	1073762306
 171 00a0 03500040 		.word	1073762307
 172              		.cfi_endproc
 173              	.LFE1:
 174              		.size	Pin_outs_SetDriveMode, .-Pin_outs_SetDriveMode
 175              		.section	.text.Pin_outs_Read,"ax",%progbits
 176              		.align	2
 177              		.global	Pin_outs_Read
 178              		.thumb
 179              		.thumb_func
 180              		.type	Pin_outs_Read, %function
 181              	Pin_outs_Read:
 182              	.LFB2:
  76:.\Generated_Source\PSoC5/Pin_outs.c **** 
  77:.\Generated_Source\PSoC5/Pin_outs.c **** 
  78:.\Generated_Source\PSoC5/Pin_outs.c **** /*******************************************************************************
  79:.\Generated_Source\PSoC5/Pin_outs.c **** * Function Name: Pin_outs_Read
  80:.\Generated_Source\PSoC5/Pin_outs.c **** ********************************************************************************
  81:.\Generated_Source\PSoC5/Pin_outs.c **** *
  82:.\Generated_Source\PSoC5/Pin_outs.c **** * Summary:
  83:.\Generated_Source\PSoC5/Pin_outs.c **** *  Read the current value on the pins of the Digital Port in right justified 
  84:.\Generated_Source\PSoC5/Pin_outs.c **** *  form.
  85:.\Generated_Source\PSoC5/Pin_outs.c **** *
  86:.\Generated_Source\PSoC5/Pin_outs.c **** * Parameters:  
  87:.\Generated_Source\PSoC5/Pin_outs.c **** *  None
  88:.\Generated_Source\PSoC5/Pin_outs.c **** *
  89:.\Generated_Source\PSoC5/Pin_outs.c **** * Return: 
  90:.\Generated_Source\PSoC5/Pin_outs.c **** *  Returns the current value of the Digital Port as a right justified number
  91:.\Generated_Source\PSoC5/Pin_outs.c **** *  
  92:.\Generated_Source\PSoC5/Pin_outs.c **** * Note:
  93:.\Generated_Source\PSoC5/Pin_outs.c **** *  Macro Pin_outs_ReadPS calls this function. 
  94:.\Generated_Source\PSoC5/Pin_outs.c **** *  
  95:.\Generated_Source\PSoC5/Pin_outs.c **** *******************************************************************************/
  96:.\Generated_Source\PSoC5/Pin_outs.c **** uint8 Pin_outs_Read(void) 
  97:.\Generated_Source\PSoC5/Pin_outs.c **** {
 183              		.loc 1 97 0
 184              		.cfi_startproc
 185              		@ args = 0, pretend = 0, frame = 0
 186              		@ frame_needed = 1, uses_anonymous_args = 0
 187              		@ link register save eliminated.
 188 0000 80B4     		push	{r7}
ARM GAS  C:\Users\Shiguruy\AppData\Local\Temp\ccDc6Z7Y.s 			page 6


 189              		.cfi_def_cfa_offset 4
 190              		.cfi_offset 7, -4
 191 0002 00AF     		add	r7, sp, #0
 192              		.cfi_def_cfa_register 7
  98:.\Generated_Source\PSoC5/Pin_outs.c ****     return (Pin_outs_PS & Pin_outs_MASK) >> Pin_outs_SHIFT;
 193              		.loc 1 98 0
 194 0004 054B     		ldr	r3, .L9
 195 0006 1B78     		ldrb	r3, [r3]
 196 0008 DBB2     		uxtb	r3, r3
 197 000a 03F00F03 		and	r3, r3, #15
 198 000e DBB2     		uxtb	r3, r3
  99:.\Generated_Source\PSoC5/Pin_outs.c **** }
 199              		.loc 1 99 0
 200 0010 1846     		mov	r0, r3
 201 0012 BD46     		mov	sp, r7
 202              		.cfi_def_cfa_register 13
 203              		@ sp needed
 204 0014 5DF8047B 		ldr	r7, [sp], #4
 205              		.cfi_restore 7
 206              		.cfi_def_cfa_offset 0
 207 0018 7047     		bx	lr
 208              	.L10:
 209 001a 00BF     		.align	2
 210              	.L9:
 211 001c 01510040 		.word	1073762561
 212              		.cfi_endproc
 213              	.LFE2:
 214              		.size	Pin_outs_Read, .-Pin_outs_Read
 215              		.section	.text.Pin_outs_ReadDataReg,"ax",%progbits
 216              		.align	2
 217              		.global	Pin_outs_ReadDataReg
 218              		.thumb
 219              		.thumb_func
 220              		.type	Pin_outs_ReadDataReg, %function
 221              	Pin_outs_ReadDataReg:
 222              	.LFB3:
 100:.\Generated_Source\PSoC5/Pin_outs.c **** 
 101:.\Generated_Source\PSoC5/Pin_outs.c **** 
 102:.\Generated_Source\PSoC5/Pin_outs.c **** /*******************************************************************************
 103:.\Generated_Source\PSoC5/Pin_outs.c **** * Function Name: Pin_outs_ReadDataReg
 104:.\Generated_Source\PSoC5/Pin_outs.c **** ********************************************************************************
 105:.\Generated_Source\PSoC5/Pin_outs.c **** *
 106:.\Generated_Source\PSoC5/Pin_outs.c **** * Summary:
 107:.\Generated_Source\PSoC5/Pin_outs.c **** *  Read the current value assigned to a Digital Port's data output register
 108:.\Generated_Source\PSoC5/Pin_outs.c **** *
 109:.\Generated_Source\PSoC5/Pin_outs.c **** * Parameters:  
 110:.\Generated_Source\PSoC5/Pin_outs.c **** *  None 
 111:.\Generated_Source\PSoC5/Pin_outs.c **** *
 112:.\Generated_Source\PSoC5/Pin_outs.c **** * Return: 
 113:.\Generated_Source\PSoC5/Pin_outs.c **** *  Returns the current value assigned to the Digital Port's data output register
 114:.\Generated_Source\PSoC5/Pin_outs.c **** *  
 115:.\Generated_Source\PSoC5/Pin_outs.c **** *******************************************************************************/
 116:.\Generated_Source\PSoC5/Pin_outs.c **** uint8 Pin_outs_ReadDataReg(void) 
 117:.\Generated_Source\PSoC5/Pin_outs.c **** {
 223              		.loc 1 117 0
 224              		.cfi_startproc
 225              		@ args = 0, pretend = 0, frame = 0
ARM GAS  C:\Users\Shiguruy\AppData\Local\Temp\ccDc6Z7Y.s 			page 7


 226              		@ frame_needed = 1, uses_anonymous_args = 0
 227              		@ link register save eliminated.
 228 0000 80B4     		push	{r7}
 229              		.cfi_def_cfa_offset 4
 230              		.cfi_offset 7, -4
 231 0002 00AF     		add	r7, sp, #0
 232              		.cfi_def_cfa_register 7
 118:.\Generated_Source\PSoC5/Pin_outs.c ****     return (Pin_outs_DR & Pin_outs_MASK) >> Pin_outs_SHIFT;
 233              		.loc 1 118 0
 234 0004 054B     		ldr	r3, .L13
 235 0006 1B78     		ldrb	r3, [r3]
 236 0008 DBB2     		uxtb	r3, r3
 237 000a 03F00F03 		and	r3, r3, #15
 238 000e DBB2     		uxtb	r3, r3
 119:.\Generated_Source\PSoC5/Pin_outs.c **** }
 239              		.loc 1 119 0
 240 0010 1846     		mov	r0, r3
 241 0012 BD46     		mov	sp, r7
 242              		.cfi_def_cfa_register 13
 243              		@ sp needed
 244 0014 5DF8047B 		ldr	r7, [sp], #4
 245              		.cfi_restore 7
 246              		.cfi_def_cfa_offset 0
 247 0018 7047     		bx	lr
 248              	.L14:
 249 001a 00BF     		.align	2
 250              	.L13:
 251 001c 00510040 		.word	1073762560
 252              		.cfi_endproc
 253              	.LFE3:
 254              		.size	Pin_outs_ReadDataReg, .-Pin_outs_ReadDataReg
 255              		.text
 256              	.Letext0:
 257              		.file 2 ".\\Generated_Source\\PSoC5\\cytypes.h"
 258              		.section	.debug_info,"",%progbits
 259              	.Ldebug_info0:
 260 0000 19010000 		.4byte	0x119
 261 0004 0400     		.2byte	0x4
 262 0006 00000000 		.4byte	.Ldebug_abbrev0
 263 000a 04       		.byte	0x4
 264 000b 01       		.uleb128 0x1
 265 000c 11000000 		.4byte	.LASF20
 266 0010 01       		.byte	0x1
 267 0011 C5010000 		.4byte	.LASF21
 268 0015 EB000000 		.4byte	.LASF22
 269 0019 00000000 		.4byte	.Ldebug_ranges0+0
 270 001d 00000000 		.4byte	0
 271 0021 00000000 		.4byte	.Ldebug_line0
 272 0025 02       		.uleb128 0x2
 273 0026 01       		.byte	0x1
 274 0027 06       		.byte	0x6
 275 0028 B9010000 		.4byte	.LASF0
 276 002c 02       		.uleb128 0x2
 277 002d 01       		.byte	0x1
 278 002e 08       		.byte	0x8
 279 002f B3000000 		.4byte	.LASF1
 280 0033 02       		.uleb128 0x2
ARM GAS  C:\Users\Shiguruy\AppData\Local\Temp\ccDc6Z7Y.s 			page 8


 281 0034 02       		.byte	0x2
 282 0035 05       		.byte	0x5
 283 0036 8B010000 		.4byte	.LASF2
 284 003a 02       		.uleb128 0x2
 285 003b 02       		.byte	0x2
 286 003c 07       		.byte	0x7
 287 003d D8000000 		.4byte	.LASF3
 288 0041 02       		.uleb128 0x2
 289 0042 04       		.byte	0x4
 290 0043 05       		.byte	0x5
 291 0044 B0010000 		.4byte	.LASF4
 292 0048 02       		.uleb128 0x2
 293 0049 04       		.byte	0x4
 294 004a 07       		.byte	0x7
 295 004b C6000000 		.4byte	.LASF5
 296 004f 02       		.uleb128 0x2
 297 0050 08       		.byte	0x8
 298 0051 05       		.byte	0x5
 299 0052 78010000 		.4byte	.LASF6
 300 0056 02       		.uleb128 0x2
 301 0057 08       		.byte	0x8
 302 0058 07       		.byte	0x7
 303 0059 5C010000 		.4byte	.LASF7
 304 005d 03       		.uleb128 0x3
 305 005e 04       		.byte	0x4
 306 005f 05       		.byte	0x5
 307 0060 696E7400 		.ascii	"int\000"
 308 0064 02       		.uleb128 0x2
 309 0065 04       		.byte	0x4
 310 0066 07       		.byte	0x7
 311 0067 4F010000 		.4byte	.LASF8
 312 006b 04       		.uleb128 0x4
 313 006c 95010000 		.4byte	.LASF12
 314 0070 02       		.byte	0x2
 315 0071 C2       		.byte	0xc2
 316 0072 2C000000 		.4byte	0x2c
 317 0076 02       		.uleb128 0x2
 318 0077 04       		.byte	0x4
 319 0078 04       		.byte	0x4
 320 0079 AD000000 		.4byte	.LASF9
 321 007d 02       		.uleb128 0x2
 322 007e 08       		.byte	0x8
 323 007f 04       		.byte	0x4
 324 0080 23010000 		.4byte	.LASF10
 325 0084 02       		.uleb128 0x2
 326 0085 01       		.byte	0x1
 327 0086 08       		.byte	0x8
 328 0087 86010000 		.4byte	.LASF11
 329 008b 05       		.uleb128 0x5
 330 008c C1000000 		.4byte	.LASF13
 331 0090 02       		.byte	0x2
 332 0091 6C01     		.2byte	0x16c
 333 0093 97000000 		.4byte	0x97
 334 0097 06       		.uleb128 0x6
 335 0098 6B000000 		.4byte	0x6b
 336 009c 07       		.uleb128 0x7
 337 009d 40010000 		.4byte	.LASF14
ARM GAS  C:\Users\Shiguruy\AppData\Local\Temp\ccDc6Z7Y.s 			page 9


 338 00a1 01       		.byte	0x1
 339 00a2 27       		.byte	0x27
 340 00a3 00000000 		.4byte	.LFB0
 341 00a7 38000000 		.4byte	.LFE0-.LFB0
 342 00ab 01       		.uleb128 0x1
 343 00ac 9C       		.byte	0x9c
 344 00ad CE000000 		.4byte	0xce
 345 00b1 08       		.uleb128 0x8
 346 00b2 00000000 		.4byte	.LASF16
 347 00b6 01       		.byte	0x1
 348 00b7 27       		.byte	0x27
 349 00b8 6B000000 		.4byte	0x6b
 350 00bc 02       		.uleb128 0x2
 351 00bd 91       		.byte	0x91
 352 00be 6F       		.sleb128 -17
 353 00bf 09       		.uleb128 0x9
 354 00c0 06000000 		.4byte	.LASF23
 355 00c4 01       		.byte	0x1
 356 00c5 29       		.byte	0x29
 357 00c6 6B000000 		.4byte	0x6b
 358 00ca 02       		.uleb128 0x2
 359 00cb 91       		.byte	0x91
 360 00cc 77       		.sleb128 -9
 361 00cd 00       		.byte	0
 362 00ce 07       		.uleb128 0x7
 363 00cf 2A010000 		.4byte	.LASF15
 364 00d3 01       		.byte	0x1
 365 00d4 45       		.byte	0x45
 366 00d5 00000000 		.4byte	.LFB1
 367 00d9 A4000000 		.4byte	.LFE1-.LFB1
 368 00dd 01       		.uleb128 0x1
 369 00de 9C       		.byte	0x9c
 370 00df F2000000 		.4byte	0xf2
 371 00e3 08       		.uleb128 0x8
 372 00e4 73010000 		.4byte	.LASF17
 373 00e8 01       		.byte	0x1
 374 00e9 45       		.byte	0x45
 375 00ea 6B000000 		.4byte	0x6b
 376 00ee 02       		.uleb128 0x2
 377 00ef 91       		.byte	0x91
 378 00f0 77       		.sleb128 -9
 379 00f1 00       		.byte	0
 380 00f2 0A       		.uleb128 0xa
 381 00f3 9F000000 		.4byte	.LASF18
 382 00f7 01       		.byte	0x1
 383 00f8 60       		.byte	0x60
 384 00f9 6B000000 		.4byte	0x6b
 385 00fd 00000000 		.4byte	.LFB2
 386 0101 20000000 		.4byte	.LFE2-.LFB2
 387 0105 01       		.uleb128 0x1
 388 0106 9C       		.byte	0x9c
 389 0107 0A       		.uleb128 0xa
 390 0108 9B010000 		.4byte	.LASF19
 391 010c 01       		.byte	0x1
 392 010d 74       		.byte	0x74
 393 010e 6B000000 		.4byte	0x6b
 394 0112 00000000 		.4byte	.LFB3
ARM GAS  C:\Users\Shiguruy\AppData\Local\Temp\ccDc6Z7Y.s 			page 10


 395 0116 20000000 		.4byte	.LFE3-.LFB3
 396 011a 01       		.uleb128 0x1
 397 011b 9C       		.byte	0x9c
 398 011c 00       		.byte	0
 399              		.section	.debug_abbrev,"",%progbits
 400              	.Ldebug_abbrev0:
 401 0000 01       		.uleb128 0x1
 402 0001 11       		.uleb128 0x11
 403 0002 01       		.byte	0x1
 404 0003 25       		.uleb128 0x25
 405 0004 0E       		.uleb128 0xe
 406 0005 13       		.uleb128 0x13
 407 0006 0B       		.uleb128 0xb
 408 0007 03       		.uleb128 0x3
 409 0008 0E       		.uleb128 0xe
 410 0009 1B       		.uleb128 0x1b
 411 000a 0E       		.uleb128 0xe
 412 000b 55       		.uleb128 0x55
 413 000c 17       		.uleb128 0x17
 414 000d 11       		.uleb128 0x11
 415 000e 01       		.uleb128 0x1
 416 000f 10       		.uleb128 0x10
 417 0010 17       		.uleb128 0x17
 418 0011 00       		.byte	0
 419 0012 00       		.byte	0
 420 0013 02       		.uleb128 0x2
 421 0014 24       		.uleb128 0x24
 422 0015 00       		.byte	0
 423 0016 0B       		.uleb128 0xb
 424 0017 0B       		.uleb128 0xb
 425 0018 3E       		.uleb128 0x3e
 426 0019 0B       		.uleb128 0xb
 427 001a 03       		.uleb128 0x3
 428 001b 0E       		.uleb128 0xe
 429 001c 00       		.byte	0
 430 001d 00       		.byte	0
 431 001e 03       		.uleb128 0x3
 432 001f 24       		.uleb128 0x24
 433 0020 00       		.byte	0
 434 0021 0B       		.uleb128 0xb
 435 0022 0B       		.uleb128 0xb
 436 0023 3E       		.uleb128 0x3e
 437 0024 0B       		.uleb128 0xb
 438 0025 03       		.uleb128 0x3
 439 0026 08       		.uleb128 0x8
 440 0027 00       		.byte	0
 441 0028 00       		.byte	0
 442 0029 04       		.uleb128 0x4
 443 002a 16       		.uleb128 0x16
 444 002b 00       		.byte	0
 445 002c 03       		.uleb128 0x3
 446 002d 0E       		.uleb128 0xe
 447 002e 3A       		.uleb128 0x3a
 448 002f 0B       		.uleb128 0xb
 449 0030 3B       		.uleb128 0x3b
 450 0031 0B       		.uleb128 0xb
 451 0032 49       		.uleb128 0x49
ARM GAS  C:\Users\Shiguruy\AppData\Local\Temp\ccDc6Z7Y.s 			page 11


 452 0033 13       		.uleb128 0x13
 453 0034 00       		.byte	0
 454 0035 00       		.byte	0
 455 0036 05       		.uleb128 0x5
 456 0037 16       		.uleb128 0x16
 457 0038 00       		.byte	0
 458 0039 03       		.uleb128 0x3
 459 003a 0E       		.uleb128 0xe
 460 003b 3A       		.uleb128 0x3a
 461 003c 0B       		.uleb128 0xb
 462 003d 3B       		.uleb128 0x3b
 463 003e 05       		.uleb128 0x5
 464 003f 49       		.uleb128 0x49
 465 0040 13       		.uleb128 0x13
 466 0041 00       		.byte	0
 467 0042 00       		.byte	0
 468 0043 06       		.uleb128 0x6
 469 0044 35       		.uleb128 0x35
 470 0045 00       		.byte	0
 471 0046 49       		.uleb128 0x49
 472 0047 13       		.uleb128 0x13
 473 0048 00       		.byte	0
 474 0049 00       		.byte	0
 475 004a 07       		.uleb128 0x7
 476 004b 2E       		.uleb128 0x2e
 477 004c 01       		.byte	0x1
 478 004d 3F       		.uleb128 0x3f
 479 004e 19       		.uleb128 0x19
 480 004f 03       		.uleb128 0x3
 481 0050 0E       		.uleb128 0xe
 482 0051 3A       		.uleb128 0x3a
 483 0052 0B       		.uleb128 0xb
 484 0053 3B       		.uleb128 0x3b
 485 0054 0B       		.uleb128 0xb
 486 0055 27       		.uleb128 0x27
 487 0056 19       		.uleb128 0x19
 488 0057 11       		.uleb128 0x11
 489 0058 01       		.uleb128 0x1
 490 0059 12       		.uleb128 0x12
 491 005a 06       		.uleb128 0x6
 492 005b 40       		.uleb128 0x40
 493 005c 18       		.uleb128 0x18
 494 005d 9742     		.uleb128 0x2117
 495 005f 19       		.uleb128 0x19
 496 0060 01       		.uleb128 0x1
 497 0061 13       		.uleb128 0x13
 498 0062 00       		.byte	0
 499 0063 00       		.byte	0
 500 0064 08       		.uleb128 0x8
 501 0065 05       		.uleb128 0x5
 502 0066 00       		.byte	0
 503 0067 03       		.uleb128 0x3
 504 0068 0E       		.uleb128 0xe
 505 0069 3A       		.uleb128 0x3a
 506 006a 0B       		.uleb128 0xb
 507 006b 3B       		.uleb128 0x3b
 508 006c 0B       		.uleb128 0xb
ARM GAS  C:\Users\Shiguruy\AppData\Local\Temp\ccDc6Z7Y.s 			page 12


 509 006d 49       		.uleb128 0x49
 510 006e 13       		.uleb128 0x13
 511 006f 02       		.uleb128 0x2
 512 0070 18       		.uleb128 0x18
 513 0071 00       		.byte	0
 514 0072 00       		.byte	0
 515 0073 09       		.uleb128 0x9
 516 0074 34       		.uleb128 0x34
 517 0075 00       		.byte	0
 518 0076 03       		.uleb128 0x3
 519 0077 0E       		.uleb128 0xe
 520 0078 3A       		.uleb128 0x3a
 521 0079 0B       		.uleb128 0xb
 522 007a 3B       		.uleb128 0x3b
 523 007b 0B       		.uleb128 0xb
 524 007c 49       		.uleb128 0x49
 525 007d 13       		.uleb128 0x13
 526 007e 02       		.uleb128 0x2
 527 007f 18       		.uleb128 0x18
 528 0080 00       		.byte	0
 529 0081 00       		.byte	0
 530 0082 0A       		.uleb128 0xa
 531 0083 2E       		.uleb128 0x2e
 532 0084 00       		.byte	0
 533 0085 3F       		.uleb128 0x3f
 534 0086 19       		.uleb128 0x19
 535 0087 03       		.uleb128 0x3
 536 0088 0E       		.uleb128 0xe
 537 0089 3A       		.uleb128 0x3a
 538 008a 0B       		.uleb128 0xb
 539 008b 3B       		.uleb128 0x3b
 540 008c 0B       		.uleb128 0xb
 541 008d 27       		.uleb128 0x27
 542 008e 19       		.uleb128 0x19
 543 008f 49       		.uleb128 0x49
 544 0090 13       		.uleb128 0x13
 545 0091 11       		.uleb128 0x11
 546 0092 01       		.uleb128 0x1
 547 0093 12       		.uleb128 0x12
 548 0094 06       		.uleb128 0x6
 549 0095 40       		.uleb128 0x40
 550 0096 18       		.uleb128 0x18
 551 0097 9742     		.uleb128 0x2117
 552 0099 19       		.uleb128 0x19
 553 009a 00       		.byte	0
 554 009b 00       		.byte	0
 555 009c 00       		.byte	0
 556              		.section	.debug_aranges,"",%progbits
 557 0000 34000000 		.4byte	0x34
 558 0004 0200     		.2byte	0x2
 559 0006 00000000 		.4byte	.Ldebug_info0
 560 000a 04       		.byte	0x4
 561 000b 00       		.byte	0
 562 000c 0000     		.2byte	0
 563 000e 0000     		.2byte	0
 564 0010 00000000 		.4byte	.LFB0
 565 0014 38000000 		.4byte	.LFE0-.LFB0
ARM GAS  C:\Users\Shiguruy\AppData\Local\Temp\ccDc6Z7Y.s 			page 13


 566 0018 00000000 		.4byte	.LFB1
 567 001c A4000000 		.4byte	.LFE1-.LFB1
 568 0020 00000000 		.4byte	.LFB2
 569 0024 20000000 		.4byte	.LFE2-.LFB2
 570 0028 00000000 		.4byte	.LFB3
 571 002c 20000000 		.4byte	.LFE3-.LFB3
 572 0030 00000000 		.4byte	0
 573 0034 00000000 		.4byte	0
 574              		.section	.debug_ranges,"",%progbits
 575              	.Ldebug_ranges0:
 576 0000 00000000 		.4byte	.LFB0
 577 0004 38000000 		.4byte	.LFE0
 578 0008 00000000 		.4byte	.LFB1
 579 000c A4000000 		.4byte	.LFE1
 580 0010 00000000 		.4byte	.LFB2
 581 0014 20000000 		.4byte	.LFE2
 582 0018 00000000 		.4byte	.LFB3
 583 001c 20000000 		.4byte	.LFE3
 584 0020 00000000 		.4byte	0
 585 0024 00000000 		.4byte	0
 586              		.section	.debug_line,"",%progbits
 587              	.Ldebug_line0:
 588 0000 98000000 		.section	.debug_str,"MS",%progbits,1
 588      02004700 
 588      00000201 
 588      FB0E0D00 
 588      01010101 
 589              	.LASF16:
 590 0000 76616C75 		.ascii	"value\000"
 590      6500
 591              	.LASF23:
 592 0006 73746174 		.ascii	"staticBits\000"
 592      69634269 
 592      747300
 593              	.LASF20:
 594 0011 474E5520 		.ascii	"GNU C 4.9.3 20150303 (release) [ARM/embedded-4_9-br"
 594      4320342E 
 594      392E3320 
 594      32303135 
 594      30333033 
 595 0044 616E6368 		.ascii	"anch revision 221220] -mcpu=cortex-m3 -mthumb -g -O"
 595      20726576 
 595      6973696F 
 595      6E203232 
 595      31323230 
 596 0077 30202D66 		.ascii	"0 -ffunction-sections -ffat-lto-objects\000"
 596      66756E63 
 596      74696F6E 
 596      2D736563 
 596      74696F6E 
 597              	.LASF18:
 598 009f 50696E5F 		.ascii	"Pin_outs_Read\000"
 598      6F757473 
 598      5F526561 
 598      6400
 599              	.LASF9:
 600 00ad 666C6F61 		.ascii	"float\000"
ARM GAS  C:\Users\Shiguruy\AppData\Local\Temp\ccDc6Z7Y.s 			page 14


 600      7400
 601              	.LASF1:
 602 00b3 756E7369 		.ascii	"unsigned char\000"
 602      676E6564 
 602      20636861 
 602      7200
 603              	.LASF13:
 604 00c1 72656738 		.ascii	"reg8\000"
 604      00
 605              	.LASF5:
 606 00c6 6C6F6E67 		.ascii	"long unsigned int\000"
 606      20756E73 
 606      69676E65 
 606      6420696E 
 606      7400
 607              	.LASF3:
 608 00d8 73686F72 		.ascii	"short unsigned int\000"
 608      7420756E 
 608      7369676E 
 608      65642069 
 608      6E7400
 609              	.LASF22:
 610 00eb 433A5C57 		.ascii	"C:\\Workspace\\PSoC_Creator\\QDExample01\\QDExample"
 610      6F726B73 
 610      70616365 
 610      5C50536F 
 610      435F4372 
 611 011a 30312E63 		.ascii	"01.cydsn\000"
 611      7964736E 
 611      00
 612              	.LASF10:
 613 0123 646F7562 		.ascii	"double\000"
 613      6C6500
 614              	.LASF15:
 615 012a 50696E5F 		.ascii	"Pin_outs_SetDriveMode\000"
 615      6F757473 
 615      5F536574 
 615      44726976 
 615      654D6F64 
 616              	.LASF14:
 617 0140 50696E5F 		.ascii	"Pin_outs_Write\000"
 617      6F757473 
 617      5F577269 
 617      746500
 618              	.LASF8:
 619 014f 756E7369 		.ascii	"unsigned int\000"
 619      676E6564 
 619      20696E74 
 619      00
 620              	.LASF7:
 621 015c 6C6F6E67 		.ascii	"long long unsigned int\000"
 621      206C6F6E 
 621      6720756E 
 621      7369676E 
 621      65642069 
 622              	.LASF17:
 623 0173 6D6F6465 		.ascii	"mode\000"
ARM GAS  C:\Users\Shiguruy\AppData\Local\Temp\ccDc6Z7Y.s 			page 15


 623      00
 624              	.LASF6:
 625 0178 6C6F6E67 		.ascii	"long long int\000"
 625      206C6F6E 
 625      6720696E 
 625      7400
 626              	.LASF11:
 627 0186 63686172 		.ascii	"char\000"
 627      00
 628              	.LASF2:
 629 018b 73686F72 		.ascii	"short int\000"
 629      7420696E 
 629      7400
 630              	.LASF12:
 631 0195 75696E74 		.ascii	"uint8\000"
 631      3800
 632              	.LASF19:
 633 019b 50696E5F 		.ascii	"Pin_outs_ReadDataReg\000"
 633      6F757473 
 633      5F526561 
 633      64446174 
 633      61526567 
 634              	.LASF4:
 635 01b0 6C6F6E67 		.ascii	"long int\000"
 635      20696E74 
 635      00
 636              	.LASF0:
 637 01b9 7369676E 		.ascii	"signed char\000"
 637      65642063 
 637      68617200 
 638              	.LASF21:
 639 01c5 2E5C4765 		.ascii	".\\Generated_Source\\PSoC5\\Pin_outs.c\000"
 639      6E657261 
 639      7465645F 
 639      536F7572 
 639      63655C50 
 640              		.ident	"GCC: (GNU Tools for ARM Embedded Processors) 4.9.3 20150303 (release) [ARM/embedded-4_9-br
