ARM GAS  C:\Users\Shiguruy\AppData\Local\Temp\cc3Wp8pE.s 			page 1


   1              		.syntax unified
   2              		.cpu cortex-m3
   3              		.fpu softvfp
   4              		.eabi_attribute 20, 1
   5              		.eabi_attribute 21, 1
   6              		.eabi_attribute 23, 3
   7              		.eabi_attribute 24, 1
   8              		.eabi_attribute 25, 1
   9              		.eabi_attribute 26, 1
  10              		.eabi_attribute 30, 6
  11              		.eabi_attribute 34, 1
  12              		.eabi_attribute 18, 4
  13              		.thumb
  14              		.file	"PWM_2_PM.c"
  15              		.text
  16              	.Ltext0:
  17              		.cfi_sections	.debug_frame
  18              		.bss
  19              		.align	2
  20              	PWM_2_backup:
  21 0000 00000000 		.space	5
  21      00
  22 0005 000000   		.section	.text.PWM_2_SaveConfig,"ax",%progbits
  23              		.align	2
  24              		.global	PWM_2_SaveConfig
  25              		.thumb
  26              		.thumb_func
  27              		.type	PWM_2_SaveConfig, %function
  28              	PWM_2_SaveConfig:
  29              	.LFB0:
  30              		.file 1 ".\\Generated_Source\\PSoC5\\PWM_2_PM.c"
   1:.\Generated_Source\PSoC5/PWM_2_PM.c **** /*******************************************************************************
   2:.\Generated_Source\PSoC5/PWM_2_PM.c **** * File Name: PWM_2_PM.c
   3:.\Generated_Source\PSoC5/PWM_2_PM.c **** * Version 3.30
   4:.\Generated_Source\PSoC5/PWM_2_PM.c **** *
   5:.\Generated_Source\PSoC5/PWM_2_PM.c **** * Description:
   6:.\Generated_Source\PSoC5/PWM_2_PM.c **** *  This file provides the power management source code to API for the
   7:.\Generated_Source\PSoC5/PWM_2_PM.c **** *  PWM.
   8:.\Generated_Source\PSoC5/PWM_2_PM.c **** *
   9:.\Generated_Source\PSoC5/PWM_2_PM.c **** * Note:
  10:.\Generated_Source\PSoC5/PWM_2_PM.c **** *
  11:.\Generated_Source\PSoC5/PWM_2_PM.c **** ********************************************************************************
  12:.\Generated_Source\PSoC5/PWM_2_PM.c **** * Copyright 2008-2014, Cypress Semiconductor Corporation.  All rights reserved.
  13:.\Generated_Source\PSoC5/PWM_2_PM.c **** * You may use this file only in accordance with the license, terms, conditions,
  14:.\Generated_Source\PSoC5/PWM_2_PM.c **** * disclaimers, and limitations in the end user license agreement accompanying
  15:.\Generated_Source\PSoC5/PWM_2_PM.c **** * the software package with which this file was provided.
  16:.\Generated_Source\PSoC5/PWM_2_PM.c **** *******************************************************************************/
  17:.\Generated_Source\PSoC5/PWM_2_PM.c **** 
  18:.\Generated_Source\PSoC5/PWM_2_PM.c **** #include "PWM_2.h"
  19:.\Generated_Source\PSoC5/PWM_2_PM.c **** 
  20:.\Generated_Source\PSoC5/PWM_2_PM.c **** static PWM_2_backupStruct PWM_2_backup;
  21:.\Generated_Source\PSoC5/PWM_2_PM.c **** 
  22:.\Generated_Source\PSoC5/PWM_2_PM.c **** 
  23:.\Generated_Source\PSoC5/PWM_2_PM.c **** /*******************************************************************************
  24:.\Generated_Source\PSoC5/PWM_2_PM.c **** * Function Name: PWM_2_SaveConfig
  25:.\Generated_Source\PSoC5/PWM_2_PM.c **** ********************************************************************************
  26:.\Generated_Source\PSoC5/PWM_2_PM.c **** *
ARM GAS  C:\Users\Shiguruy\AppData\Local\Temp\cc3Wp8pE.s 			page 2


  27:.\Generated_Source\PSoC5/PWM_2_PM.c **** * Summary:
  28:.\Generated_Source\PSoC5/PWM_2_PM.c **** *  Saves the current user configuration of the component.
  29:.\Generated_Source\PSoC5/PWM_2_PM.c **** *
  30:.\Generated_Source\PSoC5/PWM_2_PM.c **** * Parameters:
  31:.\Generated_Source\PSoC5/PWM_2_PM.c **** *  None
  32:.\Generated_Source\PSoC5/PWM_2_PM.c **** *
  33:.\Generated_Source\PSoC5/PWM_2_PM.c **** * Return:
  34:.\Generated_Source\PSoC5/PWM_2_PM.c **** *  None
  35:.\Generated_Source\PSoC5/PWM_2_PM.c **** *
  36:.\Generated_Source\PSoC5/PWM_2_PM.c **** * Global variables:
  37:.\Generated_Source\PSoC5/PWM_2_PM.c **** *  PWM_2_backup:  Variables of this global structure are modified to
  38:.\Generated_Source\PSoC5/PWM_2_PM.c **** *  store the values of non retention configuration registers when Sleep() API is
  39:.\Generated_Source\PSoC5/PWM_2_PM.c **** *  called.
  40:.\Generated_Source\PSoC5/PWM_2_PM.c **** *
  41:.\Generated_Source\PSoC5/PWM_2_PM.c **** *******************************************************************************/
  42:.\Generated_Source\PSoC5/PWM_2_PM.c **** void PWM_2_SaveConfig(void) 
  43:.\Generated_Source\PSoC5/PWM_2_PM.c **** {
  31              		.loc 1 43 0
  32              		.cfi_startproc
  33              		@ args = 0, pretend = 0, frame = 0
  34              		@ frame_needed = 1, uses_anonymous_args = 0
  35 0000 80B5     		push	{r7, lr}
  36              		.cfi_def_cfa_offset 8
  37              		.cfi_offset 7, -8
  38              		.cfi_offset 14, -4
  39 0002 00AF     		add	r7, sp, #0
  40              		.cfi_def_cfa_register 7
  44:.\Generated_Source\PSoC5/PWM_2_PM.c **** 
  45:.\Generated_Source\PSoC5/PWM_2_PM.c ****     #if(!PWM_2_UsingFixedFunction)
  46:.\Generated_Source\PSoC5/PWM_2_PM.c ****         #if(!PWM_2_PWMModeIsCenterAligned)
  47:.\Generated_Source\PSoC5/PWM_2_PM.c ****             PWM_2_backup.PWMPeriod = PWM_2_ReadPeriod();
  41              		.loc 1 47 0
  42 0004 FFF7FEFF 		bl	PWM_2_ReadPeriod
  43 0008 0346     		mov	r3, r0
  44 000a 1A46     		mov	r2, r3
  45 000c 094B     		ldr	r3, .L2
  46 000e 9A70     		strb	r2, [r3, #2]
  48:.\Generated_Source\PSoC5/PWM_2_PM.c ****         #endif /* (!PWM_2_PWMModeIsCenterAligned) */
  49:.\Generated_Source\PSoC5/PWM_2_PM.c ****         PWM_2_backup.PWMUdb = PWM_2_ReadCounter();
  47              		.loc 1 49 0
  48 0010 FFF7FEFF 		bl	PWM_2_ReadCounter
  49 0014 0346     		mov	r3, r0
  50 0016 1A46     		mov	r2, r3
  51 0018 064B     		ldr	r3, .L2
  52 001a 5A70     		strb	r2, [r3, #1]
  50:.\Generated_Source\PSoC5/PWM_2_PM.c ****         #if (PWM_2_UseStatus)
  51:.\Generated_Source\PSoC5/PWM_2_PM.c ****             PWM_2_backup.InterruptMaskValue = PWM_2_STATUS_MASK;
  53              		.loc 1 51 0
  54 001c 064B     		ldr	r3, .L2+4
  55 001e 1B78     		ldrb	r3, [r3]
  56 0020 DAB2     		uxtb	r2, r3
  57 0022 044B     		ldr	r3, .L2
  58 0024 DA70     		strb	r2, [r3, #3]
  52:.\Generated_Source\PSoC5/PWM_2_PM.c ****         #endif /* (PWM_2_UseStatus) */
  53:.\Generated_Source\PSoC5/PWM_2_PM.c **** 
  54:.\Generated_Source\PSoC5/PWM_2_PM.c ****         #if(PWM_2_DeadBandMode == PWM_2__B_PWM__DBM_256_CLOCKS || \
  55:.\Generated_Source\PSoC5/PWM_2_PM.c ****             PWM_2_DeadBandMode == PWM_2__B_PWM__DBM_2_4_CLOCKS)
ARM GAS  C:\Users\Shiguruy\AppData\Local\Temp\cc3Wp8pE.s 			page 3


  56:.\Generated_Source\PSoC5/PWM_2_PM.c ****             PWM_2_backup.PWMdeadBandValue = PWM_2_ReadDeadTime();
  57:.\Generated_Source\PSoC5/PWM_2_PM.c ****         #endif /*  deadband count is either 2-4 clocks or 256 clocks */
  58:.\Generated_Source\PSoC5/PWM_2_PM.c **** 
  59:.\Generated_Source\PSoC5/PWM_2_PM.c ****         #if(PWM_2_KillModeMinTime)
  60:.\Generated_Source\PSoC5/PWM_2_PM.c ****              PWM_2_backup.PWMKillCounterPeriod = PWM_2_ReadKillTime();
  61:.\Generated_Source\PSoC5/PWM_2_PM.c ****         #endif /* (PWM_2_KillModeMinTime) */
  62:.\Generated_Source\PSoC5/PWM_2_PM.c **** 
  63:.\Generated_Source\PSoC5/PWM_2_PM.c ****         #if(PWM_2_UseControl)
  64:.\Generated_Source\PSoC5/PWM_2_PM.c ****             PWM_2_backup.PWMControlRegister = PWM_2_ReadControlRegister();
  59              		.loc 1 64 0
  60 0026 FFF7FEFF 		bl	PWM_2_ReadControlRegister
  61 002a 0346     		mov	r3, r0
  62 002c 1A46     		mov	r2, r3
  63 002e 014B     		ldr	r3, .L2
  64 0030 1A71     		strb	r2, [r3, #4]
  65:.\Generated_Source\PSoC5/PWM_2_PM.c ****         #endif /* (PWM_2_UseControl) */
  66:.\Generated_Source\PSoC5/PWM_2_PM.c ****     #endif  /* (!PWM_2_UsingFixedFunction) */
  67:.\Generated_Source\PSoC5/PWM_2_PM.c **** }
  65              		.loc 1 67 0
  66 0032 80BD     		pop	{r7, pc}
  67              	.L3:
  68              		.align	2
  69              	.L2:
  70 0034 00000000 		.word	PWM_2_backup
  71 0038 83640040 		.word	1073767555
  72              		.cfi_endproc
  73              	.LFE0:
  74              		.size	PWM_2_SaveConfig, .-PWM_2_SaveConfig
  75              		.section	.text.PWM_2_RestoreConfig,"ax",%progbits
  76              		.align	2
  77              		.global	PWM_2_RestoreConfig
  78              		.thumb
  79              		.thumb_func
  80              		.type	PWM_2_RestoreConfig, %function
  81              	PWM_2_RestoreConfig:
  82              	.LFB1:
  68:.\Generated_Source\PSoC5/PWM_2_PM.c **** 
  69:.\Generated_Source\PSoC5/PWM_2_PM.c **** 
  70:.\Generated_Source\PSoC5/PWM_2_PM.c **** /*******************************************************************************
  71:.\Generated_Source\PSoC5/PWM_2_PM.c **** * Function Name: PWM_2_RestoreConfig
  72:.\Generated_Source\PSoC5/PWM_2_PM.c **** ********************************************************************************
  73:.\Generated_Source\PSoC5/PWM_2_PM.c **** *
  74:.\Generated_Source\PSoC5/PWM_2_PM.c **** * Summary:
  75:.\Generated_Source\PSoC5/PWM_2_PM.c **** *  Restores the current user configuration of the component.
  76:.\Generated_Source\PSoC5/PWM_2_PM.c **** *
  77:.\Generated_Source\PSoC5/PWM_2_PM.c **** * Parameters:
  78:.\Generated_Source\PSoC5/PWM_2_PM.c **** *  None
  79:.\Generated_Source\PSoC5/PWM_2_PM.c **** *
  80:.\Generated_Source\PSoC5/PWM_2_PM.c **** * Return:
  81:.\Generated_Source\PSoC5/PWM_2_PM.c **** *  None
  82:.\Generated_Source\PSoC5/PWM_2_PM.c **** *
  83:.\Generated_Source\PSoC5/PWM_2_PM.c **** * Global variables:
  84:.\Generated_Source\PSoC5/PWM_2_PM.c **** *  PWM_2_backup:  Variables of this global structure are used to
  85:.\Generated_Source\PSoC5/PWM_2_PM.c **** *  restore the values of non retention registers on wakeup from sleep mode.
  86:.\Generated_Source\PSoC5/PWM_2_PM.c **** *
  87:.\Generated_Source\PSoC5/PWM_2_PM.c **** *******************************************************************************/
  88:.\Generated_Source\PSoC5/PWM_2_PM.c **** void PWM_2_RestoreConfig(void) 
ARM GAS  C:\Users\Shiguruy\AppData\Local\Temp\cc3Wp8pE.s 			page 4


  89:.\Generated_Source\PSoC5/PWM_2_PM.c **** {
  83              		.loc 1 89 0
  84              		.cfi_startproc
  85              		@ args = 0, pretend = 0, frame = 0
  86              		@ frame_needed = 1, uses_anonymous_args = 0
  87 0000 80B5     		push	{r7, lr}
  88              		.cfi_def_cfa_offset 8
  89              		.cfi_offset 7, -8
  90              		.cfi_offset 14, -4
  91 0002 00AF     		add	r7, sp, #0
  92              		.cfi_def_cfa_register 7
  90:.\Generated_Source\PSoC5/PWM_2_PM.c ****         #if(!PWM_2_UsingFixedFunction)
  91:.\Generated_Source\PSoC5/PWM_2_PM.c ****             #if(!PWM_2_PWMModeIsCenterAligned)
  92:.\Generated_Source\PSoC5/PWM_2_PM.c ****                 PWM_2_WritePeriod(PWM_2_backup.PWMPeriod);
  93              		.loc 1 92 0
  94 0004 094B     		ldr	r3, .L5
  95 0006 9B78     		ldrb	r3, [r3, #2]	@ zero_extendqisi2
  96 0008 1846     		mov	r0, r3
  97 000a FFF7FEFF 		bl	PWM_2_WritePeriod
  93:.\Generated_Source\PSoC5/PWM_2_PM.c ****             #endif /* (!PWM_2_PWMModeIsCenterAligned) */
  94:.\Generated_Source\PSoC5/PWM_2_PM.c **** 
  95:.\Generated_Source\PSoC5/PWM_2_PM.c ****             PWM_2_WriteCounter(PWM_2_backup.PWMUdb);
  98              		.loc 1 95 0
  99 000e 074B     		ldr	r3, .L5
 100 0010 5B78     		ldrb	r3, [r3, #1]	@ zero_extendqisi2
 101 0012 1846     		mov	r0, r3
 102 0014 FFF7FEFF 		bl	PWM_2_WriteCounter
  96:.\Generated_Source\PSoC5/PWM_2_PM.c **** 
  97:.\Generated_Source\PSoC5/PWM_2_PM.c ****             #if (PWM_2_UseStatus)
  98:.\Generated_Source\PSoC5/PWM_2_PM.c ****                 PWM_2_STATUS_MASK = PWM_2_backup.InterruptMaskValue;
 103              		.loc 1 98 0
 104 0018 054B     		ldr	r3, .L5+4
 105 001a 044A     		ldr	r2, .L5
 106 001c D278     		ldrb	r2, [r2, #3]	@ zero_extendqisi2
 107 001e 1A70     		strb	r2, [r3]
  99:.\Generated_Source\PSoC5/PWM_2_PM.c ****             #endif /* (PWM_2_UseStatus) */
 100:.\Generated_Source\PSoC5/PWM_2_PM.c **** 
 101:.\Generated_Source\PSoC5/PWM_2_PM.c ****             #if(PWM_2_DeadBandMode == PWM_2__B_PWM__DBM_256_CLOCKS || \
 102:.\Generated_Source\PSoC5/PWM_2_PM.c ****                 PWM_2_DeadBandMode == PWM_2__B_PWM__DBM_2_4_CLOCKS)
 103:.\Generated_Source\PSoC5/PWM_2_PM.c ****                 PWM_2_WriteDeadTime(PWM_2_backup.PWMdeadBandValue);
 104:.\Generated_Source\PSoC5/PWM_2_PM.c ****             #endif /* deadband count is either 2-4 clocks or 256 clocks */
 105:.\Generated_Source\PSoC5/PWM_2_PM.c **** 
 106:.\Generated_Source\PSoC5/PWM_2_PM.c ****             #if(PWM_2_KillModeMinTime)
 107:.\Generated_Source\PSoC5/PWM_2_PM.c ****                 PWM_2_WriteKillTime(PWM_2_backup.PWMKillCounterPeriod);
 108:.\Generated_Source\PSoC5/PWM_2_PM.c ****             #endif /* (PWM_2_KillModeMinTime) */
 109:.\Generated_Source\PSoC5/PWM_2_PM.c **** 
 110:.\Generated_Source\PSoC5/PWM_2_PM.c ****             #if(PWM_2_UseControl)
 111:.\Generated_Source\PSoC5/PWM_2_PM.c ****                 PWM_2_WriteControlRegister(PWM_2_backup.PWMControlRegister);
 108              		.loc 1 111 0
 109 0020 024B     		ldr	r3, .L5
 110 0022 1B79     		ldrb	r3, [r3, #4]	@ zero_extendqisi2
 111 0024 1846     		mov	r0, r3
 112 0026 FFF7FEFF 		bl	PWM_2_WriteControlRegister
 112:.\Generated_Source\PSoC5/PWM_2_PM.c ****             #endif /* (PWM_2_UseControl) */
 113:.\Generated_Source\PSoC5/PWM_2_PM.c ****         #endif  /* (!PWM_2_UsingFixedFunction) */
 114:.\Generated_Source\PSoC5/PWM_2_PM.c ****     }
 113              		.loc 1 114 0
ARM GAS  C:\Users\Shiguruy\AppData\Local\Temp\cc3Wp8pE.s 			page 5


 114 002a 80BD     		pop	{r7, pc}
 115              	.L6:
 116              		.align	2
 117              	.L5:
 118 002c 00000000 		.word	PWM_2_backup
 119 0030 83640040 		.word	1073767555
 120              		.cfi_endproc
 121              	.LFE1:
 122              		.size	PWM_2_RestoreConfig, .-PWM_2_RestoreConfig
 123              		.section	.text.PWM_2_Sleep,"ax",%progbits
 124              		.align	2
 125              		.global	PWM_2_Sleep
 126              		.thumb
 127              		.thumb_func
 128              		.type	PWM_2_Sleep, %function
 129              	PWM_2_Sleep:
 130              	.LFB2:
 115:.\Generated_Source\PSoC5/PWM_2_PM.c **** 
 116:.\Generated_Source\PSoC5/PWM_2_PM.c **** 
 117:.\Generated_Source\PSoC5/PWM_2_PM.c **** /*******************************************************************************
 118:.\Generated_Source\PSoC5/PWM_2_PM.c **** * Function Name: PWM_2_Sleep
 119:.\Generated_Source\PSoC5/PWM_2_PM.c **** ********************************************************************************
 120:.\Generated_Source\PSoC5/PWM_2_PM.c **** *
 121:.\Generated_Source\PSoC5/PWM_2_PM.c **** * Summary:
 122:.\Generated_Source\PSoC5/PWM_2_PM.c **** *  Disables block's operation and saves the user configuration. Should be called
 123:.\Generated_Source\PSoC5/PWM_2_PM.c **** *  just prior to entering sleep.
 124:.\Generated_Source\PSoC5/PWM_2_PM.c **** *
 125:.\Generated_Source\PSoC5/PWM_2_PM.c **** * Parameters:
 126:.\Generated_Source\PSoC5/PWM_2_PM.c **** *  None
 127:.\Generated_Source\PSoC5/PWM_2_PM.c **** *
 128:.\Generated_Source\PSoC5/PWM_2_PM.c **** * Return:
 129:.\Generated_Source\PSoC5/PWM_2_PM.c **** *  None
 130:.\Generated_Source\PSoC5/PWM_2_PM.c **** *
 131:.\Generated_Source\PSoC5/PWM_2_PM.c **** * Global variables:
 132:.\Generated_Source\PSoC5/PWM_2_PM.c **** *  PWM_2_backup.PWMEnableState:  Is modified depending on the enable
 133:.\Generated_Source\PSoC5/PWM_2_PM.c **** *  state of the block before entering sleep mode.
 134:.\Generated_Source\PSoC5/PWM_2_PM.c **** *
 135:.\Generated_Source\PSoC5/PWM_2_PM.c **** *******************************************************************************/
 136:.\Generated_Source\PSoC5/PWM_2_PM.c **** void PWM_2_Sleep(void) 
 137:.\Generated_Source\PSoC5/PWM_2_PM.c **** {
 131              		.loc 1 137 0
 132              		.cfi_startproc
 133              		@ args = 0, pretend = 0, frame = 0
 134              		@ frame_needed = 1, uses_anonymous_args = 0
 135 0000 80B5     		push	{r7, lr}
 136              		.cfi_def_cfa_offset 8
 137              		.cfi_offset 7, -8
 138              		.cfi_offset 14, -4
 139 0002 00AF     		add	r7, sp, #0
 140              		.cfi_def_cfa_register 7
 138:.\Generated_Source\PSoC5/PWM_2_PM.c ****     #if(PWM_2_UseControl)
 139:.\Generated_Source\PSoC5/PWM_2_PM.c ****         if(PWM_2_CTRL_ENABLE == (PWM_2_CONTROL & PWM_2_CTRL_ENABLE))
 141              		.loc 1 139 0
 142 0004 094B     		ldr	r3, .L10
 143 0006 1B78     		ldrb	r3, [r3]
 144 0008 DBB2     		uxtb	r3, r3
 145 000a DBB2     		uxtb	r3, r3
ARM GAS  C:\Users\Shiguruy\AppData\Local\Temp\cc3Wp8pE.s 			page 6


 146 000c 5BB2     		sxtb	r3, r3
 147 000e 002B     		cmp	r3, #0
 148 0010 03DA     		bge	.L8
 140:.\Generated_Source\PSoC5/PWM_2_PM.c ****         {
 141:.\Generated_Source\PSoC5/PWM_2_PM.c ****             /*Component is enabled */
 142:.\Generated_Source\PSoC5/PWM_2_PM.c ****             PWM_2_backup.PWMEnableState = 1u;
 149              		.loc 1 142 0
 150 0012 074B     		ldr	r3, .L10+4
 151 0014 0122     		movs	r2, #1
 152 0016 1A70     		strb	r2, [r3]
 153 0018 02E0     		b	.L9
 154              	.L8:
 143:.\Generated_Source\PSoC5/PWM_2_PM.c ****         }
 144:.\Generated_Source\PSoC5/PWM_2_PM.c ****         else
 145:.\Generated_Source\PSoC5/PWM_2_PM.c ****         {
 146:.\Generated_Source\PSoC5/PWM_2_PM.c ****             /* Component is disabled */
 147:.\Generated_Source\PSoC5/PWM_2_PM.c ****             PWM_2_backup.PWMEnableState = 0u;
 155              		.loc 1 147 0
 156 001a 054B     		ldr	r3, .L10+4
 157 001c 0022     		movs	r2, #0
 158 001e 1A70     		strb	r2, [r3]
 159              	.L9:
 148:.\Generated_Source\PSoC5/PWM_2_PM.c ****         }
 149:.\Generated_Source\PSoC5/PWM_2_PM.c ****     #endif /* (PWM_2_UseControl) */
 150:.\Generated_Source\PSoC5/PWM_2_PM.c **** 
 151:.\Generated_Source\PSoC5/PWM_2_PM.c ****     /* Stop component */
 152:.\Generated_Source\PSoC5/PWM_2_PM.c ****     PWM_2_Stop();
 160              		.loc 1 152 0
 161 0020 FFF7FEFF 		bl	PWM_2_Stop
 153:.\Generated_Source\PSoC5/PWM_2_PM.c **** 
 154:.\Generated_Source\PSoC5/PWM_2_PM.c ****     /* Save registers configuration */
 155:.\Generated_Source\PSoC5/PWM_2_PM.c ****     PWM_2_SaveConfig();
 162              		.loc 1 155 0
 163 0024 FFF7FEFF 		bl	PWM_2_SaveConfig
 156:.\Generated_Source\PSoC5/PWM_2_PM.c **** }
 164              		.loc 1 156 0
 165 0028 80BD     		pop	{r7, pc}
 166              	.L11:
 167 002a 00BF     		.align	2
 168              	.L10:
 169 002c 73640040 		.word	1073767539
 170 0030 00000000 		.word	PWM_2_backup
 171              		.cfi_endproc
 172              	.LFE2:
 173              		.size	PWM_2_Sleep, .-PWM_2_Sleep
 174              		.section	.text.PWM_2_Wakeup,"ax",%progbits
 175              		.align	2
 176              		.global	PWM_2_Wakeup
 177              		.thumb
 178              		.thumb_func
 179              		.type	PWM_2_Wakeup, %function
 180              	PWM_2_Wakeup:
 181              	.LFB3:
 157:.\Generated_Source\PSoC5/PWM_2_PM.c **** 
 158:.\Generated_Source\PSoC5/PWM_2_PM.c **** 
 159:.\Generated_Source\PSoC5/PWM_2_PM.c **** /*******************************************************************************
 160:.\Generated_Source\PSoC5/PWM_2_PM.c **** * Function Name: PWM_2_Wakeup
ARM GAS  C:\Users\Shiguruy\AppData\Local\Temp\cc3Wp8pE.s 			page 7


 161:.\Generated_Source\PSoC5/PWM_2_PM.c **** ********************************************************************************
 162:.\Generated_Source\PSoC5/PWM_2_PM.c **** *
 163:.\Generated_Source\PSoC5/PWM_2_PM.c **** * Summary:
 164:.\Generated_Source\PSoC5/PWM_2_PM.c **** *  Restores and enables the user configuration. Should be called just after
 165:.\Generated_Source\PSoC5/PWM_2_PM.c **** *  awaking from sleep.
 166:.\Generated_Source\PSoC5/PWM_2_PM.c **** *
 167:.\Generated_Source\PSoC5/PWM_2_PM.c **** * Parameters:
 168:.\Generated_Source\PSoC5/PWM_2_PM.c **** *  None
 169:.\Generated_Source\PSoC5/PWM_2_PM.c **** *
 170:.\Generated_Source\PSoC5/PWM_2_PM.c **** * Return:
 171:.\Generated_Source\PSoC5/PWM_2_PM.c **** *  None
 172:.\Generated_Source\PSoC5/PWM_2_PM.c **** *
 173:.\Generated_Source\PSoC5/PWM_2_PM.c **** * Global variables:
 174:.\Generated_Source\PSoC5/PWM_2_PM.c **** *  PWM_2_backup.pwmEnable:  Is used to restore the enable state of
 175:.\Generated_Source\PSoC5/PWM_2_PM.c **** *  block on wakeup from sleep mode.
 176:.\Generated_Source\PSoC5/PWM_2_PM.c **** *
 177:.\Generated_Source\PSoC5/PWM_2_PM.c **** *******************************************************************************/
 178:.\Generated_Source\PSoC5/PWM_2_PM.c **** void PWM_2_Wakeup(void) 
 179:.\Generated_Source\PSoC5/PWM_2_PM.c **** {
 182              		.loc 1 179 0
 183              		.cfi_startproc
 184              		@ args = 0, pretend = 0, frame = 0
 185              		@ frame_needed = 1, uses_anonymous_args = 0
 186 0000 80B5     		push	{r7, lr}
 187              		.cfi_def_cfa_offset 8
 188              		.cfi_offset 7, -8
 189              		.cfi_offset 14, -4
 190 0002 00AF     		add	r7, sp, #0
 191              		.cfi_def_cfa_register 7
 180:.\Generated_Source\PSoC5/PWM_2_PM.c ****      /* Restore registers values */
 181:.\Generated_Source\PSoC5/PWM_2_PM.c ****     PWM_2_RestoreConfig();
 192              		.loc 1 181 0
 193 0004 FFF7FEFF 		bl	PWM_2_RestoreConfig
 182:.\Generated_Source\PSoC5/PWM_2_PM.c **** 
 183:.\Generated_Source\PSoC5/PWM_2_PM.c ****     if(PWM_2_backup.PWMEnableState != 0u)
 194              		.loc 1 183 0
 195 0008 034B     		ldr	r3, .L14
 196 000a 1B78     		ldrb	r3, [r3]	@ zero_extendqisi2
 197 000c 002B     		cmp	r3, #0
 198 000e 01D0     		beq	.L12
 184:.\Generated_Source\PSoC5/PWM_2_PM.c ****     {
 185:.\Generated_Source\PSoC5/PWM_2_PM.c ****         /* Enable component's operation */
 186:.\Generated_Source\PSoC5/PWM_2_PM.c ****         PWM_2_Enable();
 199              		.loc 1 186 0
 200 0010 FFF7FEFF 		bl	PWM_2_Enable
 201              	.L12:
 187:.\Generated_Source\PSoC5/PWM_2_PM.c ****     } /* Do nothing if component's block was disabled before */
 188:.\Generated_Source\PSoC5/PWM_2_PM.c **** 
 189:.\Generated_Source\PSoC5/PWM_2_PM.c **** }
 202              		.loc 1 189 0
 203 0014 80BD     		pop	{r7, pc}
 204              	.L15:
 205 0016 00BF     		.align	2
 206              	.L14:
 207 0018 00000000 		.word	PWM_2_backup
 208              		.cfi_endproc
 209              	.LFE3:
ARM GAS  C:\Users\Shiguruy\AppData\Local\Temp\cc3Wp8pE.s 			page 8


 210              		.size	PWM_2_Wakeup, .-PWM_2_Wakeup
 211              		.text
 212              	.Letext0:
 213              		.file 2 ".\\Generated_Source\\PSoC5\\cytypes.h"
 214              		.file 3 ".\\Generated_Source\\PSoC5\\PWM_2.h"
 215              		.section	.debug_info,"",%progbits
 216              	.Ldebug_info0:
 217 0000 45010000 		.4byte	0x145
 218 0004 0400     		.2byte	0x4
 219 0006 00000000 		.4byte	.Ldebug_abbrev0
 220 000a 04       		.byte	0x4
 221 000b 01       		.uleb128 0x1
 222 000c CD000000 		.4byte	.LASF25
 223 0010 01       		.byte	0x1
 224 0011 A1010000 		.4byte	.LASF26
 225 0015 CB010000 		.4byte	.LASF27
 226 0019 00000000 		.4byte	.Ldebug_ranges0+0
 227 001d 00000000 		.4byte	0
 228 0021 00000000 		.4byte	.Ldebug_line0
 229 0025 02       		.uleb128 0x2
 230 0026 01       		.byte	0x1
 231 0027 06       		.byte	0x6
 232 0028 95010000 		.4byte	.LASF0
 233 002c 02       		.uleb128 0x2
 234 002d 01       		.byte	0x1
 235 002e 08       		.byte	0x8
 236 002f 9C000000 		.4byte	.LASF1
 237 0033 02       		.uleb128 0x2
 238 0034 02       		.byte	0x2
 239 0035 05       		.byte	0x5
 240 0036 03020000 		.4byte	.LASF2
 241 003a 02       		.uleb128 0x2
 242 003b 02       		.byte	0x2
 243 003c 07       		.byte	0x7
 244 003d 82010000 		.4byte	.LASF3
 245 0041 02       		.uleb128 0x2
 246 0042 04       		.byte	0x4
 247 0043 05       		.byte	0x5
 248 0044 C4000000 		.4byte	.LASF4
 249 0048 02       		.uleb128 0x2
 250 0049 04       		.byte	0x4
 251 004a 07       		.byte	0x7
 252 004b 61000000 		.4byte	.LASF5
 253 004f 02       		.uleb128 0x2
 254 0050 08       		.byte	0x8
 255 0051 05       		.byte	0x5
 256 0052 00000000 		.4byte	.LASF6
 257 0056 02       		.uleb128 0x2
 258 0057 08       		.byte	0x8
 259 0058 07       		.byte	0x7
 260 0059 80000000 		.4byte	.LASF7
 261 005d 03       		.uleb128 0x3
 262 005e 04       		.byte	0x4
 263 005f 05       		.byte	0x5
 264 0060 696E7400 		.ascii	"int\000"
 265 0064 02       		.uleb128 0x2
 266 0065 04       		.byte	0x4
ARM GAS  C:\Users\Shiguruy\AppData\Local\Temp\cc3Wp8pE.s 			page 9


 267 0066 07       		.byte	0x7
 268 0067 0E000000 		.4byte	.LASF8
 269 006b 04       		.uleb128 0x4
 270 006c 5B000000 		.4byte	.LASF12
 271 0070 02       		.byte	0x2
 272 0071 C2       		.byte	0xc2
 273 0072 2C000000 		.4byte	0x2c
 274 0076 02       		.uleb128 0x2
 275 0077 04       		.byte	0x4
 276 0078 04       		.byte	0x4
 277 0079 C5010000 		.4byte	.LASF9
 278 007d 02       		.uleb128 0x2
 279 007e 08       		.byte	0x8
 280 007f 04       		.byte	0x4
 281 0080 5B010000 		.4byte	.LASF10
 282 0084 02       		.uleb128 0x2
 283 0085 01       		.byte	0x1
 284 0086 08       		.byte	0x8
 285 0087 97000000 		.4byte	.LASF11
 286 008b 05       		.uleb128 0x5
 287 008c 0D020000 		.4byte	.LASF13
 288 0090 02       		.byte	0x2
 289 0091 6C01     		.2byte	0x16c
 290 0093 97000000 		.4byte	0x97
 291 0097 06       		.uleb128 0x6
 292 0098 6B000000 		.4byte	0x6b
 293 009c 02       		.uleb128 0x2
 294 009d 04       		.byte	0x4
 295 009e 07       		.byte	0x7
 296 009f 2F020000 		.4byte	.LASF14
 297 00a3 07       		.uleb128 0x7
 298 00a4 05       		.byte	0x5
 299 00a5 03       		.byte	0x3
 300 00a6 6B       		.byte	0x6b
 301 00a7 E8000000 		.4byte	0xe8
 302 00ab 08       		.uleb128 0x8
 303 00ac 1B000000 		.4byte	.LASF15
 304 00b0 03       		.byte	0x3
 305 00b1 6E       		.byte	0x6e
 306 00b2 6B000000 		.4byte	0x6b
 307 00b6 00       		.byte	0
 308 00b7 08       		.uleb128 0x8
 309 00b8 AA000000 		.4byte	.LASF16
 310 00bc 03       		.byte	0x3
 311 00bd 71       		.byte	0x71
 312 00be 6B000000 		.4byte	0x6b
 313 00c2 01       		.byte	0x1
 314 00c3 08       		.uleb128 0x8
 315 00c4 25020000 		.4byte	.LASF17
 316 00c8 03       		.byte	0x3
 317 00c9 73       		.byte	0x73
 318 00ca 6B000000 		.4byte	0x6b
 319 00ce 02       		.byte	0x2
 320 00cf 08       		.uleb128 0x8
 321 00d0 12020000 		.4byte	.LASF18
 322 00d4 03       		.byte	0x3
 323 00d5 76       		.byte	0x76
ARM GAS  C:\Users\Shiguruy\AppData\Local\Temp\cc3Wp8pE.s 			page 10


 324 00d6 6B000000 		.4byte	0x6b
 325 00da 03       		.byte	0x3
 326 00db 08       		.uleb128 0x8
 327 00dc B1000000 		.4byte	.LASF19
 328 00e0 03       		.byte	0x3
 329 00e1 86       		.byte	0x86
 330 00e2 6B000000 		.4byte	0x6b
 331 00e6 04       		.byte	0x4
 332 00e7 00       		.byte	0
 333 00e8 04       		.uleb128 0x4
 334 00e9 62010000 		.4byte	.LASF20
 335 00ed 03       		.byte	0x3
 336 00ee 8B       		.byte	0x8b
 337 00ef A3000000 		.4byte	0xa3
 338 00f3 09       		.uleb128 0x9
 339 00f4 36000000 		.4byte	.LASF21
 340 00f8 01       		.byte	0x1
 341 00f9 2A       		.byte	0x2a
 342 00fa 00000000 		.4byte	.LFB0
 343 00fe 3C000000 		.4byte	.LFE0-.LFB0
 344 0102 01       		.uleb128 0x1
 345 0103 9C       		.byte	0x9c
 346 0104 09       		.uleb128 0x9
 347 0105 47000000 		.4byte	.LASF22
 348 0109 01       		.byte	0x1
 349 010a 58       		.byte	0x58
 350 010b 00000000 		.4byte	.LFB1
 351 010f 34000000 		.4byte	.LFE1-.LFB1
 352 0113 01       		.uleb128 0x1
 353 0114 9C       		.byte	0x9c
 354 0115 09       		.uleb128 0x9
 355 0116 2A000000 		.4byte	.LASF23
 356 011a 01       		.byte	0x1
 357 011b 88       		.byte	0x88
 358 011c 00000000 		.4byte	.LFB2
 359 0120 34000000 		.4byte	.LFE2-.LFB2
 360 0124 01       		.uleb128 0x1
 361 0125 9C       		.byte	0x9c
 362 0126 09       		.uleb128 0x9
 363 0127 75010000 		.4byte	.LASF24
 364 012b 01       		.byte	0x1
 365 012c B2       		.byte	0xb2
 366 012d 00000000 		.4byte	.LFB3
 367 0131 1C000000 		.4byte	.LFE3-.LFB3
 368 0135 01       		.uleb128 0x1
 369 0136 9C       		.byte	0x9c
 370 0137 0A       		.uleb128 0xa
 371 0138 73000000 		.4byte	.LASF28
 372 013c 01       		.byte	0x1
 373 013d 14       		.byte	0x14
 374 013e E8000000 		.4byte	0xe8
 375 0142 05       		.uleb128 0x5
 376 0143 03       		.byte	0x3
 377 0144 00000000 		.4byte	PWM_2_backup
 378 0148 00       		.byte	0
 379              		.section	.debug_abbrev,"",%progbits
 380              	.Ldebug_abbrev0:
ARM GAS  C:\Users\Shiguruy\AppData\Local\Temp\cc3Wp8pE.s 			page 11


 381 0000 01       		.uleb128 0x1
 382 0001 11       		.uleb128 0x11
 383 0002 01       		.byte	0x1
 384 0003 25       		.uleb128 0x25
 385 0004 0E       		.uleb128 0xe
 386 0005 13       		.uleb128 0x13
 387 0006 0B       		.uleb128 0xb
 388 0007 03       		.uleb128 0x3
 389 0008 0E       		.uleb128 0xe
 390 0009 1B       		.uleb128 0x1b
 391 000a 0E       		.uleb128 0xe
 392 000b 55       		.uleb128 0x55
 393 000c 17       		.uleb128 0x17
 394 000d 11       		.uleb128 0x11
 395 000e 01       		.uleb128 0x1
 396 000f 10       		.uleb128 0x10
 397 0010 17       		.uleb128 0x17
 398 0011 00       		.byte	0
 399 0012 00       		.byte	0
 400 0013 02       		.uleb128 0x2
 401 0014 24       		.uleb128 0x24
 402 0015 00       		.byte	0
 403 0016 0B       		.uleb128 0xb
 404 0017 0B       		.uleb128 0xb
 405 0018 3E       		.uleb128 0x3e
 406 0019 0B       		.uleb128 0xb
 407 001a 03       		.uleb128 0x3
 408 001b 0E       		.uleb128 0xe
 409 001c 00       		.byte	0
 410 001d 00       		.byte	0
 411 001e 03       		.uleb128 0x3
 412 001f 24       		.uleb128 0x24
 413 0020 00       		.byte	0
 414 0021 0B       		.uleb128 0xb
 415 0022 0B       		.uleb128 0xb
 416 0023 3E       		.uleb128 0x3e
 417 0024 0B       		.uleb128 0xb
 418 0025 03       		.uleb128 0x3
 419 0026 08       		.uleb128 0x8
 420 0027 00       		.byte	0
 421 0028 00       		.byte	0
 422 0029 04       		.uleb128 0x4
 423 002a 16       		.uleb128 0x16
 424 002b 00       		.byte	0
 425 002c 03       		.uleb128 0x3
 426 002d 0E       		.uleb128 0xe
 427 002e 3A       		.uleb128 0x3a
 428 002f 0B       		.uleb128 0xb
 429 0030 3B       		.uleb128 0x3b
 430 0031 0B       		.uleb128 0xb
 431 0032 49       		.uleb128 0x49
 432 0033 13       		.uleb128 0x13
 433 0034 00       		.byte	0
 434 0035 00       		.byte	0
 435 0036 05       		.uleb128 0x5
 436 0037 16       		.uleb128 0x16
 437 0038 00       		.byte	0
ARM GAS  C:\Users\Shiguruy\AppData\Local\Temp\cc3Wp8pE.s 			page 12


 438 0039 03       		.uleb128 0x3
 439 003a 0E       		.uleb128 0xe
 440 003b 3A       		.uleb128 0x3a
 441 003c 0B       		.uleb128 0xb
 442 003d 3B       		.uleb128 0x3b
 443 003e 05       		.uleb128 0x5
 444 003f 49       		.uleb128 0x49
 445 0040 13       		.uleb128 0x13
 446 0041 00       		.byte	0
 447 0042 00       		.byte	0
 448 0043 06       		.uleb128 0x6
 449 0044 35       		.uleb128 0x35
 450 0045 00       		.byte	0
 451 0046 49       		.uleb128 0x49
 452 0047 13       		.uleb128 0x13
 453 0048 00       		.byte	0
 454 0049 00       		.byte	0
 455 004a 07       		.uleb128 0x7
 456 004b 13       		.uleb128 0x13
 457 004c 01       		.byte	0x1
 458 004d 0B       		.uleb128 0xb
 459 004e 0B       		.uleb128 0xb
 460 004f 3A       		.uleb128 0x3a
 461 0050 0B       		.uleb128 0xb
 462 0051 3B       		.uleb128 0x3b
 463 0052 0B       		.uleb128 0xb
 464 0053 01       		.uleb128 0x1
 465 0054 13       		.uleb128 0x13
 466 0055 00       		.byte	0
 467 0056 00       		.byte	0
 468 0057 08       		.uleb128 0x8
 469 0058 0D       		.uleb128 0xd
 470 0059 00       		.byte	0
 471 005a 03       		.uleb128 0x3
 472 005b 0E       		.uleb128 0xe
 473 005c 3A       		.uleb128 0x3a
 474 005d 0B       		.uleb128 0xb
 475 005e 3B       		.uleb128 0x3b
 476 005f 0B       		.uleb128 0xb
 477 0060 49       		.uleb128 0x49
 478 0061 13       		.uleb128 0x13
 479 0062 38       		.uleb128 0x38
 480 0063 0B       		.uleb128 0xb
 481 0064 00       		.byte	0
 482 0065 00       		.byte	0
 483 0066 09       		.uleb128 0x9
 484 0067 2E       		.uleb128 0x2e
 485 0068 00       		.byte	0
 486 0069 3F       		.uleb128 0x3f
 487 006a 19       		.uleb128 0x19
 488 006b 03       		.uleb128 0x3
 489 006c 0E       		.uleb128 0xe
 490 006d 3A       		.uleb128 0x3a
 491 006e 0B       		.uleb128 0xb
 492 006f 3B       		.uleb128 0x3b
 493 0070 0B       		.uleb128 0xb
 494 0071 27       		.uleb128 0x27
ARM GAS  C:\Users\Shiguruy\AppData\Local\Temp\cc3Wp8pE.s 			page 13


 495 0072 19       		.uleb128 0x19
 496 0073 11       		.uleb128 0x11
 497 0074 01       		.uleb128 0x1
 498 0075 12       		.uleb128 0x12
 499 0076 06       		.uleb128 0x6
 500 0077 40       		.uleb128 0x40
 501 0078 18       		.uleb128 0x18
 502 0079 9642     		.uleb128 0x2116
 503 007b 19       		.uleb128 0x19
 504 007c 00       		.byte	0
 505 007d 00       		.byte	0
 506 007e 0A       		.uleb128 0xa
 507 007f 34       		.uleb128 0x34
 508 0080 00       		.byte	0
 509 0081 03       		.uleb128 0x3
 510 0082 0E       		.uleb128 0xe
 511 0083 3A       		.uleb128 0x3a
 512 0084 0B       		.uleb128 0xb
 513 0085 3B       		.uleb128 0x3b
 514 0086 0B       		.uleb128 0xb
 515 0087 49       		.uleb128 0x49
 516 0088 13       		.uleb128 0x13
 517 0089 02       		.uleb128 0x2
 518 008a 18       		.uleb128 0x18
 519 008b 00       		.byte	0
 520 008c 00       		.byte	0
 521 008d 00       		.byte	0
 522              		.section	.debug_aranges,"",%progbits
 523 0000 34000000 		.4byte	0x34
 524 0004 0200     		.2byte	0x2
 525 0006 00000000 		.4byte	.Ldebug_info0
 526 000a 04       		.byte	0x4
 527 000b 00       		.byte	0
 528 000c 0000     		.2byte	0
 529 000e 0000     		.2byte	0
 530 0010 00000000 		.4byte	.LFB0
 531 0014 3C000000 		.4byte	.LFE0-.LFB0
 532 0018 00000000 		.4byte	.LFB1
 533 001c 34000000 		.4byte	.LFE1-.LFB1
 534 0020 00000000 		.4byte	.LFB2
 535 0024 34000000 		.4byte	.LFE2-.LFB2
 536 0028 00000000 		.4byte	.LFB3
 537 002c 1C000000 		.4byte	.LFE3-.LFB3
 538 0030 00000000 		.4byte	0
 539 0034 00000000 		.4byte	0
 540              		.section	.debug_ranges,"",%progbits
 541              	.Ldebug_ranges0:
 542 0000 00000000 		.4byte	.LFB0
 543 0004 3C000000 		.4byte	.LFE0
 544 0008 00000000 		.4byte	.LFB1
 545 000c 34000000 		.4byte	.LFE1
 546 0010 00000000 		.4byte	.LFB2
 547 0014 34000000 		.4byte	.LFE2
 548 0018 00000000 		.4byte	.LFB3
 549 001c 1C000000 		.4byte	.LFE3
 550 0020 00000000 		.4byte	0
 551 0024 00000000 		.4byte	0
ARM GAS  C:\Users\Shiguruy\AppData\Local\Temp\cc3Wp8pE.s 			page 14


 552              		.section	.debug_line,"",%progbits
 553              	.Ldebug_line0:
 554 0000 AF000000 		.section	.debug_str,"MS",%progbits,1
 554      02005200 
 554      00000201 
 554      FB0E0D00 
 554      01010101 
 555              	.LASF6:
 556 0000 6C6F6E67 		.ascii	"long long int\000"
 556      206C6F6E 
 556      6720696E 
 556      7400
 557              	.LASF8:
 558 000e 756E7369 		.ascii	"unsigned int\000"
 558      676E6564 
 558      20696E74 
 558      00
 559              	.LASF15:
 560 001b 50574D45 		.ascii	"PWMEnableState\000"
 560      6E61626C 
 560      65537461 
 560      746500
 561              	.LASF23:
 562 002a 50574D5F 		.ascii	"PWM_2_Sleep\000"
 562      325F536C 
 562      65657000 
 563              	.LASF21:
 564 0036 50574D5F 		.ascii	"PWM_2_SaveConfig\000"
 564      325F5361 
 564      7665436F 
 564      6E666967 
 564      00
 565              	.LASF22:
 566 0047 50574D5F 		.ascii	"PWM_2_RestoreConfig\000"
 566      325F5265 
 566      73746F72 
 566      65436F6E 
 566      66696700 
 567              	.LASF12:
 568 005b 75696E74 		.ascii	"uint8\000"
 568      3800
 569              	.LASF5:
 570 0061 6C6F6E67 		.ascii	"long unsigned int\000"
 570      20756E73 
 570      69676E65 
 570      6420696E 
 570      7400
 571              	.LASF28:
 572 0073 50574D5F 		.ascii	"PWM_2_backup\000"
 572      325F6261 
 572      636B7570 
 572      00
 573              	.LASF7:
 574 0080 6C6F6E67 		.ascii	"long long unsigned int\000"
 574      206C6F6E 
 574      6720756E 
 574      7369676E 
ARM GAS  C:\Users\Shiguruy\AppData\Local\Temp\cc3Wp8pE.s 			page 15


 574      65642069 
 575              	.LASF11:
 576 0097 63686172 		.ascii	"char\000"
 576      00
 577              	.LASF1:
 578 009c 756E7369 		.ascii	"unsigned char\000"
 578      676E6564 
 578      20636861 
 578      7200
 579              	.LASF16:
 580 00aa 50574D55 		.ascii	"PWMUdb\000"
 580      646200
 581              	.LASF19:
 582 00b1 50574D43 		.ascii	"PWMControlRegister\000"
 582      6F6E7472 
 582      6F6C5265 
 582      67697374 
 582      657200
 583              	.LASF4:
 584 00c4 6C6F6E67 		.ascii	"long int\000"
 584      20696E74 
 584      00
 585              	.LASF25:
 586 00cd 474E5520 		.ascii	"GNU C 4.9.3 20150303 (release) [ARM/embedded-4_9-br"
 586      4320342E 
 586      392E3320 
 586      32303135 
 586      30333033 
 587 0100 616E6368 		.ascii	"anch revision 221220] -mcpu=cortex-m3 -mthumb -g -O"
 587      20726576 
 587      6973696F 
 587      6E203232 
 587      31323230 
 588 0133 30202D66 		.ascii	"0 -ffunction-sections -ffat-lto-objects\000"
 588      66756E63 
 588      74696F6E 
 588      2D736563 
 588      74696F6E 
 589              	.LASF10:
 590 015b 646F7562 		.ascii	"double\000"
 590      6C6500
 591              	.LASF20:
 592 0162 50574D5F 		.ascii	"PWM_2_backupStruct\000"
 592      325F6261 
 592      636B7570 
 592      53747275 
 592      637400
 593              	.LASF24:
 594 0175 50574D5F 		.ascii	"PWM_2_Wakeup\000"
 594      325F5761 
 594      6B657570 
 594      00
 595              	.LASF3:
 596 0182 73686F72 		.ascii	"short unsigned int\000"
 596      7420756E 
 596      7369676E 
 596      65642069 
ARM GAS  C:\Users\Shiguruy\AppData\Local\Temp\cc3Wp8pE.s 			page 16


 596      6E7400
 597              	.LASF0:
 598 0195 7369676E 		.ascii	"signed char\000"
 598      65642063 
 598      68617200 
 599              	.LASF26:
 600 01a1 2E5C4765 		.ascii	".\\Generated_Source\\PSoC5\\PWM_2_PM.c\000"
 600      6E657261 
 600      7465645F 
 600      536F7572 
 600      63655C50 
 601              	.LASF9:
 602 01c5 666C6F61 		.ascii	"float\000"
 602      7400
 603              	.LASF27:
 604 01cb 433A5C57 		.ascii	"C:\\Workspace\\PSoC_Creator\\QDExample01\\QDExample"
 604      6F726B73 
 604      70616365 
 604      5C50536F 
 604      435F4372 
 605 01fa 30312E63 		.ascii	"01.cydsn\000"
 605      7964736E 
 605      00
 606              	.LASF2:
 607 0203 73686F72 		.ascii	"short int\000"
 607      7420696E 
 607      7400
 608              	.LASF13:
 609 020d 72656738 		.ascii	"reg8\000"
 609      00
 610              	.LASF18:
 611 0212 496E7465 		.ascii	"InterruptMaskValue\000"
 611      72727570 
 611      744D6173 
 611      6B56616C 
 611      756500
 612              	.LASF17:
 613 0225 50574D50 		.ascii	"PWMPeriod\000"
 613      6572696F 
 613      6400
 614              	.LASF14:
 615 022f 73697A65 		.ascii	"sizetype\000"
 615      74797065 
 615      00
 616              		.ident	"GCC: (GNU Tools for ARM Embedded Processors) 4.9.3 20150303 (release) [ARM/embedded-4_9-br
