ARM GAS  C:\Users\KJA\AppData\Local\Temp\ccJdGUfb.s 			page 1


   1              		.syntax unified
   2              		.cpu cortex-m3
   3              		.fpu softvfp
   4              		.eabi_attribute 20, 1
   5              		.eabi_attribute 21, 1
   6              		.eabi_attribute 23, 3
   7              		.eabi_attribute 24, 1
   8              		.eabi_attribute 25, 1
   9              		.eabi_attribute 26, 1
  10              		.eabi_attribute 30, 6
  11              		.eabi_attribute 34, 1
  12              		.eabi_attribute 18, 4
  13              		.thumb
  14              		.file	"PWM_Buzz_PM.c"
  15              		.text
  16              	.Ltext0:
  17              		.cfi_sections	.debug_frame
  18              		.bss
  19              		.align	2
  20              	PWM_Buzz_backup:
  21 0000 00000000 		.space	4
  22              		.section	.text.PWM_Buzz_SaveConfig,"ax",%progbits
  23              		.align	2
  24              		.global	PWM_Buzz_SaveConfig
  25              		.thumb
  26              		.thumb_func
  27              		.type	PWM_Buzz_SaveConfig, %function
  28              	PWM_Buzz_SaveConfig:
  29              	.LFB0:
  30              		.file 1 "Generated_Source\\PSoC5\\PWM_Buzz_PM.c"
   1:Generated_Source\PSoC5/PWM_Buzz_PM.c **** /*******************************************************************************
   2:Generated_Source\PSoC5/PWM_Buzz_PM.c **** * File Name: PWM_Buzz_PM.c
   3:Generated_Source\PSoC5/PWM_Buzz_PM.c **** * Version 3.30
   4:Generated_Source\PSoC5/PWM_Buzz_PM.c **** *
   5:Generated_Source\PSoC5/PWM_Buzz_PM.c **** * Description:
   6:Generated_Source\PSoC5/PWM_Buzz_PM.c **** *  This file provides the power management source code to API for the
   7:Generated_Source\PSoC5/PWM_Buzz_PM.c **** *  PWM.
   8:Generated_Source\PSoC5/PWM_Buzz_PM.c **** *
   9:Generated_Source\PSoC5/PWM_Buzz_PM.c **** * Note:
  10:Generated_Source\PSoC5/PWM_Buzz_PM.c **** *
  11:Generated_Source\PSoC5/PWM_Buzz_PM.c **** ********************************************************************************
  12:Generated_Source\PSoC5/PWM_Buzz_PM.c **** * Copyright 2008-2014, Cypress Semiconductor Corporation.  All rights reserved.
  13:Generated_Source\PSoC5/PWM_Buzz_PM.c **** * You may use this file only in accordance with the license, terms, conditions,
  14:Generated_Source\PSoC5/PWM_Buzz_PM.c **** * disclaimers, and limitations in the end user license agreement accompanying
  15:Generated_Source\PSoC5/PWM_Buzz_PM.c **** * the software package with which this file was provided.
  16:Generated_Source\PSoC5/PWM_Buzz_PM.c **** *******************************************************************************/
  17:Generated_Source\PSoC5/PWM_Buzz_PM.c **** 
  18:Generated_Source\PSoC5/PWM_Buzz_PM.c **** #include "PWM_Buzz.h"
  19:Generated_Source\PSoC5/PWM_Buzz_PM.c **** 
  20:Generated_Source\PSoC5/PWM_Buzz_PM.c **** static PWM_Buzz_backupStruct PWM_Buzz_backup;
  21:Generated_Source\PSoC5/PWM_Buzz_PM.c **** 
  22:Generated_Source\PSoC5/PWM_Buzz_PM.c **** 
  23:Generated_Source\PSoC5/PWM_Buzz_PM.c **** /*******************************************************************************
  24:Generated_Source\PSoC5/PWM_Buzz_PM.c **** * Function Name: PWM_Buzz_SaveConfig
  25:Generated_Source\PSoC5/PWM_Buzz_PM.c **** ********************************************************************************
  26:Generated_Source\PSoC5/PWM_Buzz_PM.c **** *
  27:Generated_Source\PSoC5/PWM_Buzz_PM.c **** * Summary:
ARM GAS  C:\Users\KJA\AppData\Local\Temp\ccJdGUfb.s 			page 2


  28:Generated_Source\PSoC5/PWM_Buzz_PM.c **** *  Saves the current user configuration of the component.
  29:Generated_Source\PSoC5/PWM_Buzz_PM.c **** *
  30:Generated_Source\PSoC5/PWM_Buzz_PM.c **** * Parameters:
  31:Generated_Source\PSoC5/PWM_Buzz_PM.c **** *  None
  32:Generated_Source\PSoC5/PWM_Buzz_PM.c **** *
  33:Generated_Source\PSoC5/PWM_Buzz_PM.c **** * Return:
  34:Generated_Source\PSoC5/PWM_Buzz_PM.c **** *  None
  35:Generated_Source\PSoC5/PWM_Buzz_PM.c **** *
  36:Generated_Source\PSoC5/PWM_Buzz_PM.c **** * Global variables:
  37:Generated_Source\PSoC5/PWM_Buzz_PM.c **** *  PWM_Buzz_backup:  Variables of this global structure are modified to
  38:Generated_Source\PSoC5/PWM_Buzz_PM.c **** *  store the values of non retention configuration registers when Sleep() API is
  39:Generated_Source\PSoC5/PWM_Buzz_PM.c **** *  called.
  40:Generated_Source\PSoC5/PWM_Buzz_PM.c **** *
  41:Generated_Source\PSoC5/PWM_Buzz_PM.c **** *******************************************************************************/
  42:Generated_Source\PSoC5/PWM_Buzz_PM.c **** void PWM_Buzz_SaveConfig(void) 
  43:Generated_Source\PSoC5/PWM_Buzz_PM.c **** {
  31              		.loc 1 43 0
  32              		.cfi_startproc
  33              		@ args = 0, pretend = 0, frame = 0
  34              		@ frame_needed = 1, uses_anonymous_args = 0
  35 0000 80B5     		push	{r7, lr}
  36              		.cfi_def_cfa_offset 8
  37              		.cfi_offset 7, -8
  38              		.cfi_offset 14, -4
  39 0002 00AF     		add	r7, sp, #0
  40              		.cfi_def_cfa_register 7
  44:Generated_Source\PSoC5/PWM_Buzz_PM.c **** 
  45:Generated_Source\PSoC5/PWM_Buzz_PM.c ****     #if(!PWM_Buzz_UsingFixedFunction)
  46:Generated_Source\PSoC5/PWM_Buzz_PM.c ****         #if(!PWM_Buzz_PWMModeIsCenterAligned)
  47:Generated_Source\PSoC5/PWM_Buzz_PM.c ****             PWM_Buzz_backup.PWMPeriod = PWM_Buzz_ReadPeriod();
  41              		.loc 1 47 0
  42 0004 FFF7FEFF 		bl	PWM_Buzz_ReadPeriod
  43 0008 0346     		mov	r3, r0
  44 000a 1A46     		mov	r2, r3
  45 000c 064B     		ldr	r3, .L2
  46 000e 9A70     		strb	r2, [r3, #2]
  48:Generated_Source\PSoC5/PWM_Buzz_PM.c ****         #endif /* (!PWM_Buzz_PWMModeIsCenterAligned) */
  49:Generated_Source\PSoC5/PWM_Buzz_PM.c ****         PWM_Buzz_backup.PWMUdb = PWM_Buzz_ReadCounter();
  47              		.loc 1 49 0
  48 0010 FFF7FEFF 		bl	PWM_Buzz_ReadCounter
  49 0014 0346     		mov	r3, r0
  50 0016 1A46     		mov	r2, r3
  51 0018 034B     		ldr	r3, .L2
  52 001a 5A70     		strb	r2, [r3, #1]
  50:Generated_Source\PSoC5/PWM_Buzz_PM.c ****         #if (PWM_Buzz_UseStatus)
  51:Generated_Source\PSoC5/PWM_Buzz_PM.c ****             PWM_Buzz_backup.InterruptMaskValue = PWM_Buzz_STATUS_MASK;
  53              		.loc 1 51 0
  54 001c 034B     		ldr	r3, .L2+4
  55 001e 1B78     		ldrb	r3, [r3]
  56 0020 DAB2     		uxtb	r2, r3
  57 0022 014B     		ldr	r3, .L2
  58 0024 DA70     		strb	r2, [r3, #3]
  52:Generated_Source\PSoC5/PWM_Buzz_PM.c ****         #endif /* (PWM_Buzz_UseStatus) */
  53:Generated_Source\PSoC5/PWM_Buzz_PM.c **** 
  54:Generated_Source\PSoC5/PWM_Buzz_PM.c ****         #if(PWM_Buzz_DeadBandMode == PWM_Buzz__B_PWM__DBM_256_CLOCKS || \
  55:Generated_Source\PSoC5/PWM_Buzz_PM.c ****             PWM_Buzz_DeadBandMode == PWM_Buzz__B_PWM__DBM_2_4_CLOCKS)
  56:Generated_Source\PSoC5/PWM_Buzz_PM.c ****             PWM_Buzz_backup.PWMdeadBandValue = PWM_Buzz_ReadDeadTime();
ARM GAS  C:\Users\KJA\AppData\Local\Temp\ccJdGUfb.s 			page 3


  57:Generated_Source\PSoC5/PWM_Buzz_PM.c ****         #endif /*  deadband count is either 2-4 clocks or 256 clocks */
  58:Generated_Source\PSoC5/PWM_Buzz_PM.c **** 
  59:Generated_Source\PSoC5/PWM_Buzz_PM.c ****         #if(PWM_Buzz_KillModeMinTime)
  60:Generated_Source\PSoC5/PWM_Buzz_PM.c ****              PWM_Buzz_backup.PWMKillCounterPeriod = PWM_Buzz_ReadKillTime();
  61:Generated_Source\PSoC5/PWM_Buzz_PM.c ****         #endif /* (PWM_Buzz_KillModeMinTime) */
  62:Generated_Source\PSoC5/PWM_Buzz_PM.c **** 
  63:Generated_Source\PSoC5/PWM_Buzz_PM.c ****         #if(PWM_Buzz_UseControl)
  64:Generated_Source\PSoC5/PWM_Buzz_PM.c ****             PWM_Buzz_backup.PWMControlRegister = PWM_Buzz_ReadControlRegister();
  65:Generated_Source\PSoC5/PWM_Buzz_PM.c ****         #endif /* (PWM_Buzz_UseControl) */
  66:Generated_Source\PSoC5/PWM_Buzz_PM.c ****     #endif  /* (!PWM_Buzz_UsingFixedFunction) */
  67:Generated_Source\PSoC5/PWM_Buzz_PM.c **** }
  59              		.loc 1 67 0
  60 0026 80BD     		pop	{r7, pc}
  61              	.L3:
  62              		.align	2
  63              	.L2:
  64 0028 00000000 		.word	PWM_Buzz_backup
  65 002c 83640040 		.word	1073767555
  66              		.cfi_endproc
  67              	.LFE0:
  68              		.size	PWM_Buzz_SaveConfig, .-PWM_Buzz_SaveConfig
  69              		.section	.text.PWM_Buzz_RestoreConfig,"ax",%progbits
  70              		.align	2
  71              		.global	PWM_Buzz_RestoreConfig
  72              		.thumb
  73              		.thumb_func
  74              		.type	PWM_Buzz_RestoreConfig, %function
  75              	PWM_Buzz_RestoreConfig:
  76              	.LFB1:
  68:Generated_Source\PSoC5/PWM_Buzz_PM.c **** 
  69:Generated_Source\PSoC5/PWM_Buzz_PM.c **** 
  70:Generated_Source\PSoC5/PWM_Buzz_PM.c **** /*******************************************************************************
  71:Generated_Source\PSoC5/PWM_Buzz_PM.c **** * Function Name: PWM_Buzz_RestoreConfig
  72:Generated_Source\PSoC5/PWM_Buzz_PM.c **** ********************************************************************************
  73:Generated_Source\PSoC5/PWM_Buzz_PM.c **** *
  74:Generated_Source\PSoC5/PWM_Buzz_PM.c **** * Summary:
  75:Generated_Source\PSoC5/PWM_Buzz_PM.c **** *  Restores the current user configuration of the component.
  76:Generated_Source\PSoC5/PWM_Buzz_PM.c **** *
  77:Generated_Source\PSoC5/PWM_Buzz_PM.c **** * Parameters:
  78:Generated_Source\PSoC5/PWM_Buzz_PM.c **** *  None
  79:Generated_Source\PSoC5/PWM_Buzz_PM.c **** *
  80:Generated_Source\PSoC5/PWM_Buzz_PM.c **** * Return:
  81:Generated_Source\PSoC5/PWM_Buzz_PM.c **** *  None
  82:Generated_Source\PSoC5/PWM_Buzz_PM.c **** *
  83:Generated_Source\PSoC5/PWM_Buzz_PM.c **** * Global variables:
  84:Generated_Source\PSoC5/PWM_Buzz_PM.c **** *  PWM_Buzz_backup:  Variables of this global structure are used to
  85:Generated_Source\PSoC5/PWM_Buzz_PM.c **** *  restore the values of non retention registers on wakeup from sleep mode.
  86:Generated_Source\PSoC5/PWM_Buzz_PM.c **** *
  87:Generated_Source\PSoC5/PWM_Buzz_PM.c **** *******************************************************************************/
  88:Generated_Source\PSoC5/PWM_Buzz_PM.c **** void PWM_Buzz_RestoreConfig(void) 
  89:Generated_Source\PSoC5/PWM_Buzz_PM.c **** {
  77              		.loc 1 89 0
  78              		.cfi_startproc
  79              		@ args = 0, pretend = 0, frame = 0
  80              		@ frame_needed = 1, uses_anonymous_args = 0
  81 0000 80B5     		push	{r7, lr}
  82              		.cfi_def_cfa_offset 8
ARM GAS  C:\Users\KJA\AppData\Local\Temp\ccJdGUfb.s 			page 4


  83              		.cfi_offset 7, -8
  84              		.cfi_offset 14, -4
  85 0002 00AF     		add	r7, sp, #0
  86              		.cfi_def_cfa_register 7
  90:Generated_Source\PSoC5/PWM_Buzz_PM.c ****         #if(!PWM_Buzz_UsingFixedFunction)
  91:Generated_Source\PSoC5/PWM_Buzz_PM.c ****             #if(!PWM_Buzz_PWMModeIsCenterAligned)
  92:Generated_Source\PSoC5/PWM_Buzz_PM.c ****                 PWM_Buzz_WritePeriod(PWM_Buzz_backup.PWMPeriod);
  87              		.loc 1 92 0
  88 0004 074B     		ldr	r3, .L5
  89 0006 9B78     		ldrb	r3, [r3, #2]	@ zero_extendqisi2
  90 0008 1846     		mov	r0, r3
  91 000a FFF7FEFF 		bl	PWM_Buzz_WritePeriod
  93:Generated_Source\PSoC5/PWM_Buzz_PM.c ****             #endif /* (!PWM_Buzz_PWMModeIsCenterAligned) */
  94:Generated_Source\PSoC5/PWM_Buzz_PM.c **** 
  95:Generated_Source\PSoC5/PWM_Buzz_PM.c ****             PWM_Buzz_WriteCounter(PWM_Buzz_backup.PWMUdb);
  92              		.loc 1 95 0
  93 000e 054B     		ldr	r3, .L5
  94 0010 5B78     		ldrb	r3, [r3, #1]	@ zero_extendqisi2
  95 0012 1846     		mov	r0, r3
  96 0014 FFF7FEFF 		bl	PWM_Buzz_WriteCounter
  96:Generated_Source\PSoC5/PWM_Buzz_PM.c **** 
  97:Generated_Source\PSoC5/PWM_Buzz_PM.c ****             #if (PWM_Buzz_UseStatus)
  98:Generated_Source\PSoC5/PWM_Buzz_PM.c ****                 PWM_Buzz_STATUS_MASK = PWM_Buzz_backup.InterruptMaskValue;
  97              		.loc 1 98 0
  98 0018 034B     		ldr	r3, .L5+4
  99 001a 024A     		ldr	r2, .L5
 100 001c D278     		ldrb	r2, [r2, #3]	@ zero_extendqisi2
 101 001e 1A70     		strb	r2, [r3]
  99:Generated_Source\PSoC5/PWM_Buzz_PM.c ****             #endif /* (PWM_Buzz_UseStatus) */
 100:Generated_Source\PSoC5/PWM_Buzz_PM.c **** 
 101:Generated_Source\PSoC5/PWM_Buzz_PM.c ****             #if(PWM_Buzz_DeadBandMode == PWM_Buzz__B_PWM__DBM_256_CLOCKS || \
 102:Generated_Source\PSoC5/PWM_Buzz_PM.c ****                 PWM_Buzz_DeadBandMode == PWM_Buzz__B_PWM__DBM_2_4_CLOCKS)
 103:Generated_Source\PSoC5/PWM_Buzz_PM.c ****                 PWM_Buzz_WriteDeadTime(PWM_Buzz_backup.PWMdeadBandValue);
 104:Generated_Source\PSoC5/PWM_Buzz_PM.c ****             #endif /* deadband count is either 2-4 clocks or 256 clocks */
 105:Generated_Source\PSoC5/PWM_Buzz_PM.c **** 
 106:Generated_Source\PSoC5/PWM_Buzz_PM.c ****             #if(PWM_Buzz_KillModeMinTime)
 107:Generated_Source\PSoC5/PWM_Buzz_PM.c ****                 PWM_Buzz_WriteKillTime(PWM_Buzz_backup.PWMKillCounterPeriod);
 108:Generated_Source\PSoC5/PWM_Buzz_PM.c ****             #endif /* (PWM_Buzz_KillModeMinTime) */
 109:Generated_Source\PSoC5/PWM_Buzz_PM.c **** 
 110:Generated_Source\PSoC5/PWM_Buzz_PM.c ****             #if(PWM_Buzz_UseControl)
 111:Generated_Source\PSoC5/PWM_Buzz_PM.c ****                 PWM_Buzz_WriteControlRegister(PWM_Buzz_backup.PWMControlRegister);
 112:Generated_Source\PSoC5/PWM_Buzz_PM.c ****             #endif /* (PWM_Buzz_UseControl) */
 113:Generated_Source\PSoC5/PWM_Buzz_PM.c ****         #endif  /* (!PWM_Buzz_UsingFixedFunction) */
 114:Generated_Source\PSoC5/PWM_Buzz_PM.c ****     }
 102              		.loc 1 114 0
 103 0020 80BD     		pop	{r7, pc}
 104              	.L6:
 105 0022 00BF     		.align	2
 106              	.L5:
 107 0024 00000000 		.word	PWM_Buzz_backup
 108 0028 83640040 		.word	1073767555
 109              		.cfi_endproc
 110              	.LFE1:
 111              		.size	PWM_Buzz_RestoreConfig, .-PWM_Buzz_RestoreConfig
 112              		.section	.text.PWM_Buzz_Sleep,"ax",%progbits
 113              		.align	2
 114              		.global	PWM_Buzz_Sleep
ARM GAS  C:\Users\KJA\AppData\Local\Temp\ccJdGUfb.s 			page 5


 115              		.thumb
 116              		.thumb_func
 117              		.type	PWM_Buzz_Sleep, %function
 118              	PWM_Buzz_Sleep:
 119              	.LFB2:
 115:Generated_Source\PSoC5/PWM_Buzz_PM.c **** 
 116:Generated_Source\PSoC5/PWM_Buzz_PM.c **** 
 117:Generated_Source\PSoC5/PWM_Buzz_PM.c **** /*******************************************************************************
 118:Generated_Source\PSoC5/PWM_Buzz_PM.c **** * Function Name: PWM_Buzz_Sleep
 119:Generated_Source\PSoC5/PWM_Buzz_PM.c **** ********************************************************************************
 120:Generated_Source\PSoC5/PWM_Buzz_PM.c **** *
 121:Generated_Source\PSoC5/PWM_Buzz_PM.c **** * Summary:
 122:Generated_Source\PSoC5/PWM_Buzz_PM.c **** *  Disables block's operation and saves the user configuration. Should be called
 123:Generated_Source\PSoC5/PWM_Buzz_PM.c **** *  just prior to entering sleep.
 124:Generated_Source\PSoC5/PWM_Buzz_PM.c **** *
 125:Generated_Source\PSoC5/PWM_Buzz_PM.c **** * Parameters:
 126:Generated_Source\PSoC5/PWM_Buzz_PM.c **** *  None
 127:Generated_Source\PSoC5/PWM_Buzz_PM.c **** *
 128:Generated_Source\PSoC5/PWM_Buzz_PM.c **** * Return:
 129:Generated_Source\PSoC5/PWM_Buzz_PM.c **** *  None
 130:Generated_Source\PSoC5/PWM_Buzz_PM.c **** *
 131:Generated_Source\PSoC5/PWM_Buzz_PM.c **** * Global variables:
 132:Generated_Source\PSoC5/PWM_Buzz_PM.c **** *  PWM_Buzz_backup.PWMEnableState:  Is modified depending on the enable
 133:Generated_Source\PSoC5/PWM_Buzz_PM.c **** *  state of the block before entering sleep mode.
 134:Generated_Source\PSoC5/PWM_Buzz_PM.c **** *
 135:Generated_Source\PSoC5/PWM_Buzz_PM.c **** *******************************************************************************/
 136:Generated_Source\PSoC5/PWM_Buzz_PM.c **** void PWM_Buzz_Sleep(void) 
 137:Generated_Source\PSoC5/PWM_Buzz_PM.c **** {
 120              		.loc 1 137 0
 121              		.cfi_startproc
 122              		@ args = 0, pretend = 0, frame = 0
 123              		@ frame_needed = 1, uses_anonymous_args = 0
 124 0000 80B5     		push	{r7, lr}
 125              		.cfi_def_cfa_offset 8
 126              		.cfi_offset 7, -8
 127              		.cfi_offset 14, -4
 128 0002 00AF     		add	r7, sp, #0
 129              		.cfi_def_cfa_register 7
 138:Generated_Source\PSoC5/PWM_Buzz_PM.c ****     #if(PWM_Buzz_UseControl)
 139:Generated_Source\PSoC5/PWM_Buzz_PM.c ****         if(PWM_Buzz_CTRL_ENABLE == (PWM_Buzz_CONTROL & PWM_Buzz_CTRL_ENABLE))
 140:Generated_Source\PSoC5/PWM_Buzz_PM.c ****         {
 141:Generated_Source\PSoC5/PWM_Buzz_PM.c ****             /*Component is enabled */
 142:Generated_Source\PSoC5/PWM_Buzz_PM.c ****             PWM_Buzz_backup.PWMEnableState = 1u;
 143:Generated_Source\PSoC5/PWM_Buzz_PM.c ****         }
 144:Generated_Source\PSoC5/PWM_Buzz_PM.c ****         else
 145:Generated_Source\PSoC5/PWM_Buzz_PM.c ****         {
 146:Generated_Source\PSoC5/PWM_Buzz_PM.c ****             /* Component is disabled */
 147:Generated_Source\PSoC5/PWM_Buzz_PM.c ****             PWM_Buzz_backup.PWMEnableState = 0u;
 148:Generated_Source\PSoC5/PWM_Buzz_PM.c ****         }
 149:Generated_Source\PSoC5/PWM_Buzz_PM.c ****     #endif /* (PWM_Buzz_UseControl) */
 150:Generated_Source\PSoC5/PWM_Buzz_PM.c **** 
 151:Generated_Source\PSoC5/PWM_Buzz_PM.c ****     /* Stop component */
 152:Generated_Source\PSoC5/PWM_Buzz_PM.c ****     PWM_Buzz_Stop();
 130              		.loc 1 152 0
 131 0004 FFF7FEFF 		bl	PWM_Buzz_Stop
 153:Generated_Source\PSoC5/PWM_Buzz_PM.c **** 
 154:Generated_Source\PSoC5/PWM_Buzz_PM.c ****     /* Save registers configuration */
ARM GAS  C:\Users\KJA\AppData\Local\Temp\ccJdGUfb.s 			page 6


 155:Generated_Source\PSoC5/PWM_Buzz_PM.c ****     PWM_Buzz_SaveConfig();
 132              		.loc 1 155 0
 133 0008 FFF7FEFF 		bl	PWM_Buzz_SaveConfig
 156:Generated_Source\PSoC5/PWM_Buzz_PM.c **** }
 134              		.loc 1 156 0
 135 000c 80BD     		pop	{r7, pc}
 136              		.cfi_endproc
 137              	.LFE2:
 138              		.size	PWM_Buzz_Sleep, .-PWM_Buzz_Sleep
 139 000e 00BF     		.section	.text.PWM_Buzz_Wakeup,"ax",%progbits
 140              		.align	2
 141              		.global	PWM_Buzz_Wakeup
 142              		.thumb
 143              		.thumb_func
 144              		.type	PWM_Buzz_Wakeup, %function
 145              	PWM_Buzz_Wakeup:
 146              	.LFB3:
 157:Generated_Source\PSoC5/PWM_Buzz_PM.c **** 
 158:Generated_Source\PSoC5/PWM_Buzz_PM.c **** 
 159:Generated_Source\PSoC5/PWM_Buzz_PM.c **** /*******************************************************************************
 160:Generated_Source\PSoC5/PWM_Buzz_PM.c **** * Function Name: PWM_Buzz_Wakeup
 161:Generated_Source\PSoC5/PWM_Buzz_PM.c **** ********************************************************************************
 162:Generated_Source\PSoC5/PWM_Buzz_PM.c **** *
 163:Generated_Source\PSoC5/PWM_Buzz_PM.c **** * Summary:
 164:Generated_Source\PSoC5/PWM_Buzz_PM.c **** *  Restores and enables the user configuration. Should be called just after
 165:Generated_Source\PSoC5/PWM_Buzz_PM.c **** *  awaking from sleep.
 166:Generated_Source\PSoC5/PWM_Buzz_PM.c **** *
 167:Generated_Source\PSoC5/PWM_Buzz_PM.c **** * Parameters:
 168:Generated_Source\PSoC5/PWM_Buzz_PM.c **** *  None
 169:Generated_Source\PSoC5/PWM_Buzz_PM.c **** *
 170:Generated_Source\PSoC5/PWM_Buzz_PM.c **** * Return:
 171:Generated_Source\PSoC5/PWM_Buzz_PM.c **** *  None
 172:Generated_Source\PSoC5/PWM_Buzz_PM.c **** *
 173:Generated_Source\PSoC5/PWM_Buzz_PM.c **** * Global variables:
 174:Generated_Source\PSoC5/PWM_Buzz_PM.c **** *  PWM_Buzz_backup.pwmEnable:  Is used to restore the enable state of
 175:Generated_Source\PSoC5/PWM_Buzz_PM.c **** *  block on wakeup from sleep mode.
 176:Generated_Source\PSoC5/PWM_Buzz_PM.c **** *
 177:Generated_Source\PSoC5/PWM_Buzz_PM.c **** *******************************************************************************/
 178:Generated_Source\PSoC5/PWM_Buzz_PM.c **** void PWM_Buzz_Wakeup(void) 
 179:Generated_Source\PSoC5/PWM_Buzz_PM.c **** {
 147              		.loc 1 179 0
 148              		.cfi_startproc
 149              		@ args = 0, pretend = 0, frame = 0
 150              		@ frame_needed = 1, uses_anonymous_args = 0
 151 0000 80B5     		push	{r7, lr}
 152              		.cfi_def_cfa_offset 8
 153              		.cfi_offset 7, -8
 154              		.cfi_offset 14, -4
 155 0002 00AF     		add	r7, sp, #0
 156              		.cfi_def_cfa_register 7
 180:Generated_Source\PSoC5/PWM_Buzz_PM.c ****      /* Restore registers values */
 181:Generated_Source\PSoC5/PWM_Buzz_PM.c ****     PWM_Buzz_RestoreConfig();
 157              		.loc 1 181 0
 158 0004 FFF7FEFF 		bl	PWM_Buzz_RestoreConfig
 182:Generated_Source\PSoC5/PWM_Buzz_PM.c **** 
 183:Generated_Source\PSoC5/PWM_Buzz_PM.c ****     if(PWM_Buzz_backup.PWMEnableState != 0u)
 159              		.loc 1 183 0
ARM GAS  C:\Users\KJA\AppData\Local\Temp\ccJdGUfb.s 			page 7


 160 0008 034B     		ldr	r3, .L10
 161 000a 1B78     		ldrb	r3, [r3]	@ zero_extendqisi2
 162 000c 002B     		cmp	r3, #0
 163 000e 01D0     		beq	.L8
 184:Generated_Source\PSoC5/PWM_Buzz_PM.c ****     {
 185:Generated_Source\PSoC5/PWM_Buzz_PM.c ****         /* Enable component's operation */
 186:Generated_Source\PSoC5/PWM_Buzz_PM.c ****         PWM_Buzz_Enable();
 164              		.loc 1 186 0
 165 0010 FFF7FEFF 		bl	PWM_Buzz_Enable
 166              	.L8:
 187:Generated_Source\PSoC5/PWM_Buzz_PM.c ****     } /* Do nothing if component's block was disabled before */
 188:Generated_Source\PSoC5/PWM_Buzz_PM.c **** 
 189:Generated_Source\PSoC5/PWM_Buzz_PM.c **** }
 167              		.loc 1 189 0
 168 0014 80BD     		pop	{r7, pc}
 169              	.L11:
 170 0016 00BF     		.align	2
 171              	.L10:
 172 0018 00000000 		.word	PWM_Buzz_backup
 173              		.cfi_endproc
 174              	.LFE3:
 175              		.size	PWM_Buzz_Wakeup, .-PWM_Buzz_Wakeup
 176              		.text
 177              	.Letext0:
 178              		.file 2 "Generated_Source\\PSoC5\\cytypes.h"
 179              		.file 3 "Generated_Source\\PSoC5\\PWM_Buzz.h"
 180              		.section	.debug_info,"",%progbits
 181              	.Ldebug_info0:
 182 0000 39010000 		.4byte	0x139
 183 0004 0400     		.2byte	0x4
 184 0006 00000000 		.4byte	.Ldebug_abbrev0
 185 000a 04       		.byte	0x4
 186 000b 01       		.uleb128 0x1
 187 000c 20010000 		.4byte	.LASF24
 188 0010 01       		.byte	0x1
 189 0011 CE000000 		.4byte	.LASF25
 190 0015 D9010000 		.4byte	.LASF26
 191 0019 00000000 		.4byte	.Ldebug_ranges0+0
 192 001d 00000000 		.4byte	0
 193 0021 00000000 		.4byte	.Ldebug_line0
 194 0025 02       		.uleb128 0x2
 195 0026 01       		.byte	0x1
 196 0027 06       		.byte	0x6
 197 0028 AE010000 		.4byte	.LASF0
 198 002c 02       		.uleb128 0x2
 199 002d 01       		.byte	0x1
 200 002e 08       		.byte	0x8
 201 002f 9D000000 		.4byte	.LASF1
 202 0033 02       		.uleb128 0x2
 203 0034 02       		.byte	0x2
 204 0035 05       		.byte	0x5
 205 0036 CF010000 		.4byte	.LASF2
 206 003a 02       		.uleb128 0x2
 207 003b 02       		.byte	0x2
 208 003c 07       		.byte	0x7
 209 003d 0E000000 		.4byte	.LASF3
 210 0041 02       		.uleb128 0x2
ARM GAS  C:\Users\KJA\AppData\Local\Temp\ccJdGUfb.s 			page 8


 211 0042 04       		.byte	0x4
 212 0043 05       		.byte	0x5
 213 0044 B2000000 		.4byte	.LASF4
 214 0048 02       		.uleb128 0x2
 215 0049 04       		.byte	0x4
 216 004a 07       		.byte	0x7
 217 004b 5F000000 		.4byte	.LASF5
 218 004f 02       		.uleb128 0x2
 219 0050 08       		.byte	0x8
 220 0051 05       		.byte	0x5
 221 0052 00000000 		.4byte	.LASF6
 222 0056 02       		.uleb128 0x2
 223 0057 08       		.byte	0x8
 224 0058 07       		.byte	0x7
 225 0059 71000000 		.4byte	.LASF7
 226 005d 03       		.uleb128 0x3
 227 005e 04       		.byte	0x4
 228 005f 05       		.byte	0x5
 229 0060 696E7400 		.ascii	"int\000"
 230 0064 02       		.uleb128 0x2
 231 0065 04       		.byte	0x4
 232 0066 07       		.byte	0x7
 233 0067 21000000 		.4byte	.LASF8
 234 006b 04       		.uleb128 0x4
 235 006c 59000000 		.4byte	.LASF12
 236 0070 02       		.byte	0x2
 237 0071 C2       		.byte	0xc2
 238 0072 2C000000 		.4byte	0x2c
 239 0076 02       		.uleb128 0x2
 240 0077 04       		.byte	0x4
 241 0078 04       		.byte	0x4
 242 0079 C9010000 		.4byte	.LASF9
 243 007d 02       		.uleb128 0x2
 244 007e 08       		.byte	0x8
 245 007f 04       		.byte	0x4
 246 0080 F3000000 		.4byte	.LASF10
 247 0084 02       		.uleb128 0x2
 248 0085 01       		.byte	0x1
 249 0086 08       		.byte	0x8
 250 0087 98000000 		.4byte	.LASF11
 251 008b 05       		.uleb128 0x5
 252 008c 54000000 		.4byte	.LASF13
 253 0090 02       		.byte	0x2
 254 0091 6C01     		.2byte	0x16c
 255 0093 97000000 		.4byte	0x97
 256 0097 06       		.uleb128 0x6
 257 0098 6B000000 		.4byte	0x6b
 258 009c 02       		.uleb128 0x2
 259 009d 04       		.byte	0x4
 260 009e 07       		.byte	0x7
 261 009f 32020000 		.4byte	.LASF14
 262 00a3 07       		.uleb128 0x7
 263 00a4 04       		.byte	0x4
 264 00a5 03       		.byte	0x3
 265 00a6 6B       		.byte	0x6b
 266 00a7 DC000000 		.4byte	0xdc
 267 00ab 08       		.uleb128 0x8
ARM GAS  C:\Users\KJA\AppData\Local\Temp\ccJdGUfb.s 			page 9


 268 00ac 2E000000 		.4byte	.LASF15
 269 00b0 03       		.byte	0x3
 270 00b1 6E       		.byte	0x6e
 271 00b2 6B000000 		.4byte	0x6b
 272 00b6 00       		.byte	0
 273 00b7 08       		.uleb128 0x8
 274 00b8 AB000000 		.4byte	.LASF16
 275 00bc 03       		.byte	0x3
 276 00bd 71       		.byte	0x71
 277 00be 6B000000 		.4byte	0x6b
 278 00c2 01       		.byte	0x1
 279 00c3 08       		.uleb128 0x8
 280 00c4 28020000 		.4byte	.LASF17
 281 00c8 03       		.byte	0x3
 282 00c9 73       		.byte	0x73
 283 00ca 6B000000 		.4byte	0x6b
 284 00ce 02       		.byte	0x2
 285 00cf 08       		.uleb128 0x8
 286 00d0 BB000000 		.4byte	.LASF18
 287 00d4 03       		.byte	0x3
 288 00d5 76       		.byte	0x76
 289 00d6 6B000000 		.4byte	0x6b
 290 00da 03       		.byte	0x3
 291 00db 00       		.byte	0
 292 00dc 04       		.uleb128 0x4
 293 00dd 0A010000 		.4byte	.LASF19
 294 00e1 03       		.byte	0x3
 295 00e2 8B       		.byte	0x8b
 296 00e3 A3000000 		.4byte	0xa3
 297 00e7 09       		.uleb128 0x9
 298 00e8 14020000 		.4byte	.LASF20
 299 00ec 01       		.byte	0x1
 300 00ed 2A       		.byte	0x2a
 301 00ee 00000000 		.4byte	.LFB0
 302 00f2 30000000 		.4byte	.LFE0-.LFB0
 303 00f6 01       		.uleb128 0x1
 304 00f7 9C       		.byte	0x9c
 305 00f8 09       		.uleb128 0x9
 306 00f9 3D000000 		.4byte	.LASF21
 307 00fd 01       		.byte	0x1
 308 00fe 58       		.byte	0x58
 309 00ff 00000000 		.4byte	.LFB1
 310 0103 2C000000 		.4byte	.LFE1-.LFB1
 311 0107 01       		.uleb128 0x1
 312 0108 9C       		.byte	0x9c
 313 0109 09       		.uleb128 0x9
 314 010a BA010000 		.4byte	.LASF22
 315 010e 01       		.byte	0x1
 316 010f 88       		.byte	0x88
 317 0110 00000000 		.4byte	.LFB2
 318 0114 0E000000 		.4byte	.LFE2-.LFB2
 319 0118 01       		.uleb128 0x1
 320 0119 9C       		.byte	0x9c
 321 011a 09       		.uleb128 0x9
 322 011b FA000000 		.4byte	.LASF23
 323 011f 01       		.byte	0x1
 324 0120 B2       		.byte	0xb2
ARM GAS  C:\Users\KJA\AppData\Local\Temp\ccJdGUfb.s 			page 10


 325 0121 00000000 		.4byte	.LFB3
 326 0125 1C000000 		.4byte	.LFE3-.LFB3
 327 0129 01       		.uleb128 0x1
 328 012a 9C       		.byte	0x9c
 329 012b 0A       		.uleb128 0xa
 330 012c 88000000 		.4byte	.LASF27
 331 0130 01       		.byte	0x1
 332 0131 14       		.byte	0x14
 333 0132 DC000000 		.4byte	0xdc
 334 0136 05       		.uleb128 0x5
 335 0137 03       		.byte	0x3
 336 0138 00000000 		.4byte	PWM_Buzz_backup
 337 013c 00       		.byte	0
 338              		.section	.debug_abbrev,"",%progbits
 339              	.Ldebug_abbrev0:
 340 0000 01       		.uleb128 0x1
 341 0001 11       		.uleb128 0x11
 342 0002 01       		.byte	0x1
 343 0003 25       		.uleb128 0x25
 344 0004 0E       		.uleb128 0xe
 345 0005 13       		.uleb128 0x13
 346 0006 0B       		.uleb128 0xb
 347 0007 03       		.uleb128 0x3
 348 0008 0E       		.uleb128 0xe
 349 0009 1B       		.uleb128 0x1b
 350 000a 0E       		.uleb128 0xe
 351 000b 55       		.uleb128 0x55
 352 000c 17       		.uleb128 0x17
 353 000d 11       		.uleb128 0x11
 354 000e 01       		.uleb128 0x1
 355 000f 10       		.uleb128 0x10
 356 0010 17       		.uleb128 0x17
 357 0011 00       		.byte	0
 358 0012 00       		.byte	0
 359 0013 02       		.uleb128 0x2
 360 0014 24       		.uleb128 0x24
 361 0015 00       		.byte	0
 362 0016 0B       		.uleb128 0xb
 363 0017 0B       		.uleb128 0xb
 364 0018 3E       		.uleb128 0x3e
 365 0019 0B       		.uleb128 0xb
 366 001a 03       		.uleb128 0x3
 367 001b 0E       		.uleb128 0xe
 368 001c 00       		.byte	0
 369 001d 00       		.byte	0
 370 001e 03       		.uleb128 0x3
 371 001f 24       		.uleb128 0x24
 372 0020 00       		.byte	0
 373 0021 0B       		.uleb128 0xb
 374 0022 0B       		.uleb128 0xb
 375 0023 3E       		.uleb128 0x3e
 376 0024 0B       		.uleb128 0xb
 377 0025 03       		.uleb128 0x3
 378 0026 08       		.uleb128 0x8
 379 0027 00       		.byte	0
 380 0028 00       		.byte	0
 381 0029 04       		.uleb128 0x4
ARM GAS  C:\Users\KJA\AppData\Local\Temp\ccJdGUfb.s 			page 11


 382 002a 16       		.uleb128 0x16
 383 002b 00       		.byte	0
 384 002c 03       		.uleb128 0x3
 385 002d 0E       		.uleb128 0xe
 386 002e 3A       		.uleb128 0x3a
 387 002f 0B       		.uleb128 0xb
 388 0030 3B       		.uleb128 0x3b
 389 0031 0B       		.uleb128 0xb
 390 0032 49       		.uleb128 0x49
 391 0033 13       		.uleb128 0x13
 392 0034 00       		.byte	0
 393 0035 00       		.byte	0
 394 0036 05       		.uleb128 0x5
 395 0037 16       		.uleb128 0x16
 396 0038 00       		.byte	0
 397 0039 03       		.uleb128 0x3
 398 003a 0E       		.uleb128 0xe
 399 003b 3A       		.uleb128 0x3a
 400 003c 0B       		.uleb128 0xb
 401 003d 3B       		.uleb128 0x3b
 402 003e 05       		.uleb128 0x5
 403 003f 49       		.uleb128 0x49
 404 0040 13       		.uleb128 0x13
 405 0041 00       		.byte	0
 406 0042 00       		.byte	0
 407 0043 06       		.uleb128 0x6
 408 0044 35       		.uleb128 0x35
 409 0045 00       		.byte	0
 410 0046 49       		.uleb128 0x49
 411 0047 13       		.uleb128 0x13
 412 0048 00       		.byte	0
 413 0049 00       		.byte	0
 414 004a 07       		.uleb128 0x7
 415 004b 13       		.uleb128 0x13
 416 004c 01       		.byte	0x1
 417 004d 0B       		.uleb128 0xb
 418 004e 0B       		.uleb128 0xb
 419 004f 3A       		.uleb128 0x3a
 420 0050 0B       		.uleb128 0xb
 421 0051 3B       		.uleb128 0x3b
 422 0052 0B       		.uleb128 0xb
 423 0053 01       		.uleb128 0x1
 424 0054 13       		.uleb128 0x13
 425 0055 00       		.byte	0
 426 0056 00       		.byte	0
 427 0057 08       		.uleb128 0x8
 428 0058 0D       		.uleb128 0xd
 429 0059 00       		.byte	0
 430 005a 03       		.uleb128 0x3
 431 005b 0E       		.uleb128 0xe
 432 005c 3A       		.uleb128 0x3a
 433 005d 0B       		.uleb128 0xb
 434 005e 3B       		.uleb128 0x3b
 435 005f 0B       		.uleb128 0xb
 436 0060 49       		.uleb128 0x49
 437 0061 13       		.uleb128 0x13
 438 0062 38       		.uleb128 0x38
ARM GAS  C:\Users\KJA\AppData\Local\Temp\ccJdGUfb.s 			page 12


 439 0063 0B       		.uleb128 0xb
 440 0064 00       		.byte	0
 441 0065 00       		.byte	0
 442 0066 09       		.uleb128 0x9
 443 0067 2E       		.uleb128 0x2e
 444 0068 00       		.byte	0
 445 0069 3F       		.uleb128 0x3f
 446 006a 19       		.uleb128 0x19
 447 006b 03       		.uleb128 0x3
 448 006c 0E       		.uleb128 0xe
 449 006d 3A       		.uleb128 0x3a
 450 006e 0B       		.uleb128 0xb
 451 006f 3B       		.uleb128 0x3b
 452 0070 0B       		.uleb128 0xb
 453 0071 27       		.uleb128 0x27
 454 0072 19       		.uleb128 0x19
 455 0073 11       		.uleb128 0x11
 456 0074 01       		.uleb128 0x1
 457 0075 12       		.uleb128 0x12
 458 0076 06       		.uleb128 0x6
 459 0077 40       		.uleb128 0x40
 460 0078 18       		.uleb128 0x18
 461 0079 9642     		.uleb128 0x2116
 462 007b 19       		.uleb128 0x19
 463 007c 00       		.byte	0
 464 007d 00       		.byte	0
 465 007e 0A       		.uleb128 0xa
 466 007f 34       		.uleb128 0x34
 467 0080 00       		.byte	0
 468 0081 03       		.uleb128 0x3
 469 0082 0E       		.uleb128 0xe
 470 0083 3A       		.uleb128 0x3a
 471 0084 0B       		.uleb128 0xb
 472 0085 3B       		.uleb128 0x3b
 473 0086 0B       		.uleb128 0xb
 474 0087 49       		.uleb128 0x49
 475 0088 13       		.uleb128 0x13
 476 0089 02       		.uleb128 0x2
 477 008a 18       		.uleb128 0x18
 478 008b 00       		.byte	0
 479 008c 00       		.byte	0
 480 008d 00       		.byte	0
 481              		.section	.debug_aranges,"",%progbits
 482 0000 34000000 		.4byte	0x34
 483 0004 0200     		.2byte	0x2
 484 0006 00000000 		.4byte	.Ldebug_info0
 485 000a 04       		.byte	0x4
 486 000b 00       		.byte	0
 487 000c 0000     		.2byte	0
 488 000e 0000     		.2byte	0
 489 0010 00000000 		.4byte	.LFB0
 490 0014 30000000 		.4byte	.LFE0-.LFB0
 491 0018 00000000 		.4byte	.LFB1
 492 001c 2C000000 		.4byte	.LFE1-.LFB1
 493 0020 00000000 		.4byte	.LFB2
 494 0024 0E000000 		.4byte	.LFE2-.LFB2
 495 0028 00000000 		.4byte	.LFB3
ARM GAS  C:\Users\KJA\AppData\Local\Temp\ccJdGUfb.s 			page 13


 496 002c 1C000000 		.4byte	.LFE3-.LFB3
 497 0030 00000000 		.4byte	0
 498 0034 00000000 		.4byte	0
 499              		.section	.debug_ranges,"",%progbits
 500              	.Ldebug_ranges0:
 501 0000 00000000 		.4byte	.LFB0
 502 0004 30000000 		.4byte	.LFE0
 503 0008 00000000 		.4byte	.LFB1
 504 000c 2C000000 		.4byte	.LFE1
 505 0010 00000000 		.4byte	.LFB2
 506 0014 0E000000 		.4byte	.LFE2
 507 0018 00000000 		.4byte	.LFB3
 508 001c 1C000000 		.4byte	.LFE3
 509 0020 00000000 		.4byte	0
 510 0024 00000000 		.4byte	0
 511              		.section	.debug_line,"",%progbits
 512              	.Ldebug_line0:
 513 0000 B0000000 		.section	.debug_str,"MS",%progbits,1
 513      02005600 
 513      00000201 
 513      FB0E0D00 
 513      01010101 
 514              	.LASF6:
 515 0000 6C6F6E67 		.ascii	"long long int\000"
 515      206C6F6E 
 515      6720696E 
 515      7400
 516              	.LASF3:
 517 000e 73686F72 		.ascii	"short unsigned int\000"
 517      7420756E 
 517      7369676E 
 517      65642069 
 517      6E7400
 518              	.LASF8:
 519 0021 756E7369 		.ascii	"unsigned int\000"
 519      676E6564 
 519      20696E74 
 519      00
 520              	.LASF15:
 521 002e 50574D45 		.ascii	"PWMEnableState\000"
 521      6E61626C 
 521      65537461 
 521      746500
 522              	.LASF21:
 523 003d 50574D5F 		.ascii	"PWM_Buzz_RestoreConfig\000"
 523      42757A7A 
 523      5F526573 
 523      746F7265 
 523      436F6E66 
 524              	.LASF13:
 525 0054 72656738 		.ascii	"reg8\000"
 525      00
 526              	.LASF12:
 527 0059 75696E74 		.ascii	"uint8\000"
 527      3800
 528              	.LASF5:
 529 005f 6C6F6E67 		.ascii	"long unsigned int\000"
ARM GAS  C:\Users\KJA\AppData\Local\Temp\ccJdGUfb.s 			page 14


 529      20756E73 
 529      69676E65 
 529      6420696E 
 529      7400
 530              	.LASF7:
 531 0071 6C6F6E67 		.ascii	"long long unsigned int\000"
 531      206C6F6E 
 531      6720756E 
 531      7369676E 
 531      65642069 
 532              	.LASF27:
 533 0088 50574D5F 		.ascii	"PWM_Buzz_backup\000"
 533      42757A7A 
 533      5F626163 
 533      6B757000 
 534              	.LASF11:
 535 0098 63686172 		.ascii	"char\000"
 535      00
 536              	.LASF1:
 537 009d 756E7369 		.ascii	"unsigned char\000"
 537      676E6564 
 537      20636861 
 537      7200
 538              	.LASF16:
 539 00ab 50574D55 		.ascii	"PWMUdb\000"
 539      646200
 540              	.LASF4:
 541 00b2 6C6F6E67 		.ascii	"long int\000"
 541      20696E74 
 541      00
 542              	.LASF18:
 543 00bb 496E7465 		.ascii	"InterruptMaskValue\000"
 543      72727570 
 543      744D6173 
 543      6B56616C 
 543      756500
 544              	.LASF25:
 545 00ce 47656E65 		.ascii	"Generated_Source\\PSoC5\\PWM_Buzz_PM.c\000"
 545      72617465 
 545      645F536F 
 545      75726365 
 545      5C50536F 
 546              	.LASF10:
 547 00f3 646F7562 		.ascii	"double\000"
 547      6C6500
 548              	.LASF23:
 549 00fa 50574D5F 		.ascii	"PWM_Buzz_Wakeup\000"
 549      42757A7A 
 549      5F57616B 
 549      65757000 
 550              	.LASF19:
 551 010a 50574D5F 		.ascii	"PWM_Buzz_backupStruct\000"
 551      42757A7A 
 551      5F626163 
 551      6B757053 
 551      74727563 
 552              	.LASF24:
ARM GAS  C:\Users\KJA\AppData\Local\Temp\ccJdGUfb.s 			page 15


 553 0120 474E5520 		.ascii	"GNU C 4.9.3 20150303 (release) [ARM/embedded-4_9-br"
 553      4320342E 
 553      392E3320 
 553      32303135 
 553      30333033 
 554 0153 616E6368 		.ascii	"anch revision 221220] -mcpu=cortex-m3 -mthumb -g -O"
 554      20726576 
 554      6973696F 
 554      6E203232 
 554      31323230 
 555 0186 30202D66 		.ascii	"0 -ffunction-sections -ffat-lto-objects\000"
 555      66756E63 
 555      74696F6E 
 555      2D736563 
 555      74696F6E 
 556              	.LASF0:
 557 01ae 7369676E 		.ascii	"signed char\000"
 557      65642063 
 557      68617200 
 558              	.LASF22:
 559 01ba 50574D5F 		.ascii	"PWM_Buzz_Sleep\000"
 559      42757A7A 
 559      5F536C65 
 559      657000
 560              	.LASF9:
 561 01c9 666C6F61 		.ascii	"float\000"
 561      7400
 562              	.LASF2:
 563 01cf 73686F72 		.ascii	"short int\000"
 563      7420696E 
 563      7400
 564              	.LASF26:
 565 01d9 443A5C57 		.ascii	"D:\\Workspace\\PSoC_Creator\\Active_Load\\Active_Lo"
 565      6F726B73 
 565      70616365 
 565      5C50536F 
 565      435F4372 
 566 0208 61645F76 		.ascii	"ad_v9.cydsn\000"
 566      392E6379 
 566      64736E00 
 567              	.LASF20:
 568 0214 50574D5F 		.ascii	"PWM_Buzz_SaveConfig\000"
 568      42757A7A 
 568      5F536176 
 568      65436F6E 
 568      66696700 
 569              	.LASF17:
 570 0228 50574D50 		.ascii	"PWMPeriod\000"
 570      6572696F 
 570      6400
 571              	.LASF14:
 572 0232 73697A65 		.ascii	"sizetype\000"
 572      74797065 
 572      00
 573              		.ident	"GCC: (GNU Tools for ARM Embedded Processors) 4.9.3 20150303 (release) [ARM/embedded-4_9-br
