ARM GAS  C:\Users\KJA\AppData\Local\Temp\cc1ngSx3.s 			page 1


   1              		.syntax unified
   2              		.cpu cortex-m3
   3              		.fpu softvfp
   4              		.eabi_attribute 20, 1
   5              		.eabi_attribute 21, 1
   6              		.eabi_attribute 23, 3
   7              		.eabi_attribute 24, 1
   8              		.eabi_attribute 25, 1
   9              		.eabi_attribute 26, 1
  10              		.eabi_attribute 30, 6
  11              		.eabi_attribute 34, 1
  12              		.eabi_attribute 18, 4
  13              		.thumb
  14              		.file	"ResistiveTouch_1_PM.c"
  15              		.text
  16              	.Ltext0:
  17              		.cfi_sections	.debug_frame
  18              		.section	.text.ResistiveTouch_1_SaveConfig,"ax",%progbits
  19              		.align	2
  20              		.global	ResistiveTouch_1_SaveConfig
  21              		.thumb
  22              		.thumb_func
  23              		.type	ResistiveTouch_1_SaveConfig, %function
  24              	ResistiveTouch_1_SaveConfig:
  25              	.LFB0:
  26              		.file 1 "Generated_Source\\PSoC5\\ResistiveTouch_1_PM.c"
   1:Generated_Source\PSoC5/ResistiveTouch_1_PM.c **** /*******************************************************************************
   2:Generated_Source\PSoC5/ResistiveTouch_1_PM.c **** * File Name: ResistiveTouch_1_PM.c
   3:Generated_Source\PSoC5/ResistiveTouch_1_PM.c **** * Version 2.0
   4:Generated_Source\PSoC5/ResistiveTouch_1_PM.c **** *
   5:Generated_Source\PSoC5/ResistiveTouch_1_PM.c **** * Description:
   6:Generated_Source\PSoC5/ResistiveTouch_1_PM.c **** *  This file contains the setup, control, and status commands to support 
   7:Generated_Source\PSoC5/ResistiveTouch_1_PM.c **** *  the component operation in the low power mode. 
   8:Generated_Source\PSoC5/ResistiveTouch_1_PM.c **** *
   9:Generated_Source\PSoC5/ResistiveTouch_1_PM.c **** * Note:
  10:Generated_Source\PSoC5/ResistiveTouch_1_PM.c **** *
  11:Generated_Source\PSoC5/ResistiveTouch_1_PM.c **** ********************************************************************************
  12:Generated_Source\PSoC5/ResistiveTouch_1_PM.c **** * Copyright 2012-2015, Cypress Semiconductor Corporation.  All rights reserved.
  13:Generated_Source\PSoC5/ResistiveTouch_1_PM.c **** * You may use this file only in accordance with the license, terms, conditions, 
  14:Generated_Source\PSoC5/ResistiveTouch_1_PM.c **** * disclaimers, and limitations in the end user license agreement accompanying 
  15:Generated_Source\PSoC5/ResistiveTouch_1_PM.c **** * the software package with which this file was provided.
  16:Generated_Source\PSoC5/ResistiveTouch_1_PM.c **** *******************************************************************************/
  17:Generated_Source\PSoC5/ResistiveTouch_1_PM.c **** 
  18:Generated_Source\PSoC5/ResistiveTouch_1_PM.c **** #include "ResistiveTouch_1.h"
  19:Generated_Source\PSoC5/ResistiveTouch_1_PM.c **** 
  20:Generated_Source\PSoC5/ResistiveTouch_1_PM.c **** 
  21:Generated_Source\PSoC5/ResistiveTouch_1_PM.c **** /*******************************************************************************
  22:Generated_Source\PSoC5/ResistiveTouch_1_PM.c **** * Function Name: ResistiveTouch_1_SaveConfig
  23:Generated_Source\PSoC5/ResistiveTouch_1_PM.c **** ********************************************************************************
  24:Generated_Source\PSoC5/ResistiveTouch_1_PM.c **** *
  25:Generated_Source\PSoC5/ResistiveTouch_1_PM.c **** * Summary:
  26:Generated_Source\PSoC5/ResistiveTouch_1_PM.c **** *  Saves the ADC configuration.
  27:Generated_Source\PSoC5/ResistiveTouch_1_PM.c **** *
  28:Generated_Source\PSoC5/ResistiveTouch_1_PM.c **** * Parameters:
  29:Generated_Source\PSoC5/ResistiveTouch_1_PM.c **** *  None
  30:Generated_Source\PSoC5/ResistiveTouch_1_PM.c **** *
  31:Generated_Source\PSoC5/ResistiveTouch_1_PM.c **** * Return:
ARM GAS  C:\Users\KJA\AppData\Local\Temp\cc1ngSx3.s 			page 2


  32:Generated_Source\PSoC5/ResistiveTouch_1_PM.c **** *  None
  33:Generated_Source\PSoC5/ResistiveTouch_1_PM.c **** *
  34:Generated_Source\PSoC5/ResistiveTouch_1_PM.c **** *******************************************************************************/
  35:Generated_Source\PSoC5/ResistiveTouch_1_PM.c **** void ResistiveTouch_1_SaveConfig(void) 
  36:Generated_Source\PSoC5/ResistiveTouch_1_PM.c **** {
  27              		.loc 1 36 0
  28              		.cfi_startproc
  29              		@ args = 0, pretend = 0, frame = 0
  30              		@ frame_needed = 1, uses_anonymous_args = 0
  31 0000 80B5     		push	{r7, lr}
  32              		.cfi_def_cfa_offset 8
  33              		.cfi_offset 7, -8
  34              		.cfi_offset 14, -4
  35 0002 00AF     		add	r7, sp, #0
  36              		.cfi_def_cfa_register 7
  37:Generated_Source\PSoC5/ResistiveTouch_1_PM.c ****     ResistiveTouch_1_ADC_SaveConfig();   
  37              		.loc 1 37 0
  38 0004 FFF7FEFF 		bl	ResistiveTouch_1_ADC_SaveConfig
  38:Generated_Source\PSoC5/ResistiveTouch_1_PM.c **** }
  39              		.loc 1 38 0
  40 0008 80BD     		pop	{r7, pc}
  41              		.cfi_endproc
  42              	.LFE0:
  43              		.size	ResistiveTouch_1_SaveConfig, .-ResistiveTouch_1_SaveConfig
  44 000a 00BF     		.section	.text.ResistiveTouch_1_RestoreConfig,"ax",%progbits
  45              		.align	2
  46              		.global	ResistiveTouch_1_RestoreConfig
  47              		.thumb
  48              		.thumb_func
  49              		.type	ResistiveTouch_1_RestoreConfig, %function
  50              	ResistiveTouch_1_RestoreConfig:
  51              	.LFB1:
  39:Generated_Source\PSoC5/ResistiveTouch_1_PM.c **** 
  40:Generated_Source\PSoC5/ResistiveTouch_1_PM.c **** 
  41:Generated_Source\PSoC5/ResistiveTouch_1_PM.c **** /*******************************************************************************
  42:Generated_Source\PSoC5/ResistiveTouch_1_PM.c **** * Function Name: ResistiveTouch_1_RestoreConfig
  43:Generated_Source\PSoC5/ResistiveTouch_1_PM.c **** ********************************************************************************
  44:Generated_Source\PSoC5/ResistiveTouch_1_PM.c **** *
  45:Generated_Source\PSoC5/ResistiveTouch_1_PM.c **** * Summary:
  46:Generated_Source\PSoC5/ResistiveTouch_1_PM.c **** *  Restores the ADC configuration.
  47:Generated_Source\PSoC5/ResistiveTouch_1_PM.c **** *
  48:Generated_Source\PSoC5/ResistiveTouch_1_PM.c **** * Parameters:
  49:Generated_Source\PSoC5/ResistiveTouch_1_PM.c **** *  None
  50:Generated_Source\PSoC5/ResistiveTouch_1_PM.c **** *
  51:Generated_Source\PSoC5/ResistiveTouch_1_PM.c **** * Return:
  52:Generated_Source\PSoC5/ResistiveTouch_1_PM.c **** *  None
  53:Generated_Source\PSoC5/ResistiveTouch_1_PM.c **** *
  54:Generated_Source\PSoC5/ResistiveTouch_1_PM.c **** *
  55:Generated_Source\PSoC5/ResistiveTouch_1_PM.c **** *******************************************************************************/
  56:Generated_Source\PSoC5/ResistiveTouch_1_PM.c **** void ResistiveTouch_1_RestoreConfig(void) 
  57:Generated_Source\PSoC5/ResistiveTouch_1_PM.c **** {
  52              		.loc 1 57 0
  53              		.cfi_startproc
  54              		@ args = 0, pretend = 0, frame = 0
  55              		@ frame_needed = 1, uses_anonymous_args = 0
  56 0000 80B5     		push	{r7, lr}
  57              		.cfi_def_cfa_offset 8
ARM GAS  C:\Users\KJA\AppData\Local\Temp\cc1ngSx3.s 			page 3


  58              		.cfi_offset 7, -8
  59              		.cfi_offset 14, -4
  60 0002 00AF     		add	r7, sp, #0
  61              		.cfi_def_cfa_register 7
  58:Generated_Source\PSoC5/ResistiveTouch_1_PM.c ****     ResistiveTouch_1_ADC_RestoreConfig();  
  62              		.loc 1 58 0
  63 0004 FFF7FEFF 		bl	ResistiveTouch_1_ADC_RestoreConfig
  59:Generated_Source\PSoC5/ResistiveTouch_1_PM.c **** }
  64              		.loc 1 59 0
  65 0008 80BD     		pop	{r7, pc}
  66              		.cfi_endproc
  67              	.LFE1:
  68              		.size	ResistiveTouch_1_RestoreConfig, .-ResistiveTouch_1_RestoreConfig
  69 000a 00BF     		.section	.text.ResistiveTouch_1_Sleep,"ax",%progbits
  70              		.align	2
  71              		.global	ResistiveTouch_1_Sleep
  72              		.thumb
  73              		.thumb_func
  74              		.type	ResistiveTouch_1_Sleep, %function
  75              	ResistiveTouch_1_Sleep:
  76              	.LFB2:
  60:Generated_Source\PSoC5/ResistiveTouch_1_PM.c **** 
  61:Generated_Source\PSoC5/ResistiveTouch_1_PM.c **** 
  62:Generated_Source\PSoC5/ResistiveTouch_1_PM.c **** /*******************************************************************************
  63:Generated_Source\PSoC5/ResistiveTouch_1_PM.c **** * Function Name: ResistiveTouch_1_Sleep
  64:Generated_Source\PSoC5/ResistiveTouch_1_PM.c **** ********************************************************************************
  65:Generated_Source\PSoC5/ResistiveTouch_1_PM.c **** *
  66:Generated_Source\PSoC5/ResistiveTouch_1_PM.c **** * Summary:
  67:Generated_Source\PSoC5/ResistiveTouch_1_PM.c **** *  Prepares the component for entering the low power mode.
  68:Generated_Source\PSoC5/ResistiveTouch_1_PM.c **** *
  69:Generated_Source\PSoC5/ResistiveTouch_1_PM.c **** * Parameters:
  70:Generated_Source\PSoC5/ResistiveTouch_1_PM.c **** *  None
  71:Generated_Source\PSoC5/ResistiveTouch_1_PM.c **** *
  72:Generated_Source\PSoC5/ResistiveTouch_1_PM.c **** * Return:
  73:Generated_Source\PSoC5/ResistiveTouch_1_PM.c **** *  None
  74:Generated_Source\PSoC5/ResistiveTouch_1_PM.c **** *
  75:Generated_Source\PSoC5/ResistiveTouch_1_PM.c **** *******************************************************************************/
  76:Generated_Source\PSoC5/ResistiveTouch_1_PM.c **** void ResistiveTouch_1_Sleep(void) 
  77:Generated_Source\PSoC5/ResistiveTouch_1_PM.c **** {
  77              		.loc 1 77 0
  78              		.cfi_startproc
  79              		@ args = 0, pretend = 0, frame = 0
  80              		@ frame_needed = 1, uses_anonymous_args = 0
  81 0000 80B5     		push	{r7, lr}
  82              		.cfi_def_cfa_offset 8
  83              		.cfi_offset 7, -8
  84              		.cfi_offset 14, -4
  85 0002 00AF     		add	r7, sp, #0
  86              		.cfi_def_cfa_register 7
  78:Generated_Source\PSoC5/ResistiveTouch_1_PM.c ****     ResistiveTouch_1_ADC_Sleep();
  87              		.loc 1 78 0
  88 0004 FFF7FEFF 		bl	ResistiveTouch_1_ADC_Sleep
  79:Generated_Source\PSoC5/ResistiveTouch_1_PM.c ****     ResistiveTouch_1_AMux_Stop();
  89              		.loc 1 79 0
  90 0008 FFF7FEFF 		bl	ResistiveTouch_1_AMux_Stop
  80:Generated_Source\PSoC5/ResistiveTouch_1_PM.c **** }
  91              		.loc 1 80 0
ARM GAS  C:\Users\KJA\AppData\Local\Temp\cc1ngSx3.s 			page 4


  92 000c 80BD     		pop	{r7, pc}
  93              		.cfi_endproc
  94              	.LFE2:
  95              		.size	ResistiveTouch_1_Sleep, .-ResistiveTouch_1_Sleep
  96 000e 00BF     		.section	.text.ResistiveTouch_1_Wakeup,"ax",%progbits
  97              		.align	2
  98              		.global	ResistiveTouch_1_Wakeup
  99              		.thumb
 100              		.thumb_func
 101              		.type	ResistiveTouch_1_Wakeup, %function
 102              	ResistiveTouch_1_Wakeup:
 103              	.LFB3:
  81:Generated_Source\PSoC5/ResistiveTouch_1_PM.c **** 
  82:Generated_Source\PSoC5/ResistiveTouch_1_PM.c **** 
  83:Generated_Source\PSoC5/ResistiveTouch_1_PM.c **** /*******************************************************************************
  84:Generated_Source\PSoC5/ResistiveTouch_1_PM.c **** * Function Name: ResistiveTouch_1_Wakeup
  85:Generated_Source\PSoC5/ResistiveTouch_1_PM.c **** ********************************************************************************
  86:Generated_Source\PSoC5/ResistiveTouch_1_PM.c **** *
  87:Generated_Source\PSoC5/ResistiveTouch_1_PM.c **** * Summary:
  88:Generated_Source\PSoC5/ResistiveTouch_1_PM.c **** *  Restores the component after waking up from the low power mode.
  89:Generated_Source\PSoC5/ResistiveTouch_1_PM.c **** *
  90:Generated_Source\PSoC5/ResistiveTouch_1_PM.c **** * Parameters:
  91:Generated_Source\PSoC5/ResistiveTouch_1_PM.c **** *  None
  92:Generated_Source\PSoC5/ResistiveTouch_1_PM.c **** *
  93:Generated_Source\PSoC5/ResistiveTouch_1_PM.c **** * Return:
  94:Generated_Source\PSoC5/ResistiveTouch_1_PM.c **** *  None
  95:Generated_Source\PSoC5/ResistiveTouch_1_PM.c **** *
  96:Generated_Source\PSoC5/ResistiveTouch_1_PM.c **** *******************************************************************************/
  97:Generated_Source\PSoC5/ResistiveTouch_1_PM.c **** void ResistiveTouch_1_Wakeup(void)  
  98:Generated_Source\PSoC5/ResistiveTouch_1_PM.c **** {
 104              		.loc 1 98 0
 105              		.cfi_startproc
 106              		@ args = 0, pretend = 0, frame = 0
 107              		@ frame_needed = 1, uses_anonymous_args = 0
 108 0000 80B5     		push	{r7, lr}
 109              		.cfi_def_cfa_offset 8
 110              		.cfi_offset 7, -8
 111              		.cfi_offset 14, -4
 112 0002 00AF     		add	r7, sp, #0
 113              		.cfi_def_cfa_register 7
  99:Generated_Source\PSoC5/ResistiveTouch_1_PM.c ****     ResistiveTouch_1_ADC_Wakeup();
 114              		.loc 1 99 0
 115 0004 FFF7FEFF 		bl	ResistiveTouch_1_ADC_Wakeup
 100:Generated_Source\PSoC5/ResistiveTouch_1_PM.c **** }
 116              		.loc 1 100 0
 117 0008 80BD     		pop	{r7, pc}
 118              		.cfi_endproc
 119              	.LFE3:
 120              		.size	ResistiveTouch_1_Wakeup, .-ResistiveTouch_1_Wakeup
 121 000a 00BF     		.text
 122              	.Letext0:
 123              		.section	.debug_info,"",%progbits
 124              	.Ldebug_info0:
 125 0000 C8000000 		.4byte	0xc8
 126 0004 0400     		.2byte	0x4
 127 0006 00000000 		.4byte	.Ldebug_abbrev0
 128 000a 04       		.byte	0x4
ARM GAS  C:\Users\KJA\AppData\Local\Temp\cc1ngSx3.s 			page 5


 129 000b 01       		.uleb128 0x1
 130 000c 9B000000 		.4byte	.LASF17
 131 0010 01       		.byte	0x1
 132 0011 67010000 		.4byte	.LASF18
 133 0015 A4010000 		.4byte	.LASF19
 134 0019 00000000 		.4byte	.Ldebug_ranges0+0
 135 001d 00000000 		.4byte	0
 136 0021 00000000 		.4byte	.Ldebug_line0
 137 0025 02       		.uleb128 0x2
 138 0026 01       		.byte	0x1
 139 0027 06       		.byte	0x6
 140 0028 5B010000 		.4byte	.LASF0
 141 002c 02       		.uleb128 0x2
 142 002d 01       		.byte	0x1
 143 002e 08       		.byte	0x8
 144 002f 63000000 		.4byte	.LASF1
 145 0033 02       		.uleb128 0x2
 146 0034 02       		.byte	0x2
 147 0035 05       		.byte	0x5
 148 0036 9A010000 		.4byte	.LASF2
 149 003a 02       		.uleb128 0x2
 150 003b 02       		.byte	0x2
 151 003c 07       		.byte	0x7
 152 003d 48010000 		.4byte	.LASF3
 153 0041 02       		.uleb128 0x2
 154 0042 04       		.byte	0x4
 155 0043 05       		.byte	0x5
 156 0044 92000000 		.4byte	.LASF4
 157 0048 02       		.uleb128 0x2
 158 0049 04       		.byte	0x4
 159 004a 07       		.byte	0x7
 160 004b 3A000000 		.4byte	.LASF5
 161 004f 02       		.uleb128 0x2
 162 0050 08       		.byte	0x8
 163 0051 05       		.byte	0x5
 164 0052 00000000 		.4byte	.LASF6
 165 0056 02       		.uleb128 0x2
 166 0057 08       		.byte	0x8
 167 0058 07       		.byte	0x7
 168 0059 4C000000 		.4byte	.LASF7
 169 005d 03       		.uleb128 0x3
 170 005e 04       		.byte	0x4
 171 005f 05       		.byte	0x5
 172 0060 696E7400 		.ascii	"int\000"
 173 0064 02       		.uleb128 0x2
 174 0065 04       		.byte	0x4
 175 0066 07       		.byte	0x7
 176 0067 0E000000 		.4byte	.LASF8
 177 006b 02       		.uleb128 0x2
 178 006c 04       		.byte	0x4
 179 006d 04       		.byte	0x4
 180 006e 94010000 		.4byte	.LASF9
 181 0072 02       		.uleb128 0x2
 182 0073 08       		.byte	0x8
 183 0074 04       		.byte	0x4
 184 0075 41010000 		.4byte	.LASF10
 185 0079 02       		.uleb128 0x2
ARM GAS  C:\Users\KJA\AppData\Local\Temp\cc1ngSx3.s 			page 6


 186 007a 01       		.byte	0x1
 187 007b 08       		.byte	0x8
 188 007c 71000000 		.4byte	.LASF11
 189 0080 02       		.uleb128 0x2
 190 0081 04       		.byte	0x4
 191 0082 07       		.byte	0x7
 192 0083 DF010000 		.4byte	.LASF12
 193 0087 04       		.uleb128 0x4
 194 0088 76000000 		.4byte	.LASF13
 195 008c 01       		.byte	0x1
 196 008d 23       		.byte	0x23
 197 008e 00000000 		.4byte	.LFB0
 198 0092 0A000000 		.4byte	.LFE0-.LFB0
 199 0096 01       		.uleb128 0x1
 200 0097 9C       		.byte	0x9c
 201 0098 04       		.uleb128 0x4
 202 0099 1B000000 		.4byte	.LASF14
 203 009d 01       		.byte	0x1
 204 009e 38       		.byte	0x38
 205 009f 00000000 		.4byte	.LFB1
 206 00a3 0A000000 		.4byte	.LFE1-.LFB1
 207 00a7 01       		.uleb128 0x1
 208 00a8 9C       		.byte	0x9c
 209 00a9 04       		.uleb128 0x4
 210 00aa E8010000 		.4byte	.LASF15
 211 00ae 01       		.byte	0x1
 212 00af 4C       		.byte	0x4c
 213 00b0 00000000 		.4byte	.LFB2
 214 00b4 0E000000 		.4byte	.LFE2-.LFB2
 215 00b8 01       		.uleb128 0x1
 216 00b9 9C       		.byte	0x9c
 217 00ba 04       		.uleb128 0x4
 218 00bb 29010000 		.4byte	.LASF16
 219 00bf 01       		.byte	0x1
 220 00c0 61       		.byte	0x61
 221 00c1 00000000 		.4byte	.LFB3
 222 00c5 0A000000 		.4byte	.LFE3-.LFB3
 223 00c9 01       		.uleb128 0x1
 224 00ca 9C       		.byte	0x9c
 225 00cb 00       		.byte	0
 226              		.section	.debug_abbrev,"",%progbits
 227              	.Ldebug_abbrev0:
 228 0000 01       		.uleb128 0x1
 229 0001 11       		.uleb128 0x11
 230 0002 01       		.byte	0x1
 231 0003 25       		.uleb128 0x25
 232 0004 0E       		.uleb128 0xe
 233 0005 13       		.uleb128 0x13
 234 0006 0B       		.uleb128 0xb
 235 0007 03       		.uleb128 0x3
 236 0008 0E       		.uleb128 0xe
 237 0009 1B       		.uleb128 0x1b
 238 000a 0E       		.uleb128 0xe
 239 000b 55       		.uleb128 0x55
 240 000c 17       		.uleb128 0x17
 241 000d 11       		.uleb128 0x11
 242 000e 01       		.uleb128 0x1
ARM GAS  C:\Users\KJA\AppData\Local\Temp\cc1ngSx3.s 			page 7


 243 000f 10       		.uleb128 0x10
 244 0010 17       		.uleb128 0x17
 245 0011 00       		.byte	0
 246 0012 00       		.byte	0
 247 0013 02       		.uleb128 0x2
 248 0014 24       		.uleb128 0x24
 249 0015 00       		.byte	0
 250 0016 0B       		.uleb128 0xb
 251 0017 0B       		.uleb128 0xb
 252 0018 3E       		.uleb128 0x3e
 253 0019 0B       		.uleb128 0xb
 254 001a 03       		.uleb128 0x3
 255 001b 0E       		.uleb128 0xe
 256 001c 00       		.byte	0
 257 001d 00       		.byte	0
 258 001e 03       		.uleb128 0x3
 259 001f 24       		.uleb128 0x24
 260 0020 00       		.byte	0
 261 0021 0B       		.uleb128 0xb
 262 0022 0B       		.uleb128 0xb
 263 0023 3E       		.uleb128 0x3e
 264 0024 0B       		.uleb128 0xb
 265 0025 03       		.uleb128 0x3
 266 0026 08       		.uleb128 0x8
 267 0027 00       		.byte	0
 268 0028 00       		.byte	0
 269 0029 04       		.uleb128 0x4
 270 002a 2E       		.uleb128 0x2e
 271 002b 00       		.byte	0
 272 002c 3F       		.uleb128 0x3f
 273 002d 19       		.uleb128 0x19
 274 002e 03       		.uleb128 0x3
 275 002f 0E       		.uleb128 0xe
 276 0030 3A       		.uleb128 0x3a
 277 0031 0B       		.uleb128 0xb
 278 0032 3B       		.uleb128 0x3b
 279 0033 0B       		.uleb128 0xb
 280 0034 27       		.uleb128 0x27
 281 0035 19       		.uleb128 0x19
 282 0036 11       		.uleb128 0x11
 283 0037 01       		.uleb128 0x1
 284 0038 12       		.uleb128 0x12
 285 0039 06       		.uleb128 0x6
 286 003a 40       		.uleb128 0x40
 287 003b 18       		.uleb128 0x18
 288 003c 9642     		.uleb128 0x2116
 289 003e 19       		.uleb128 0x19
 290 003f 00       		.byte	0
 291 0040 00       		.byte	0
 292 0041 00       		.byte	0
 293              		.section	.debug_aranges,"",%progbits
 294 0000 34000000 		.4byte	0x34
 295 0004 0200     		.2byte	0x2
 296 0006 00000000 		.4byte	.Ldebug_info0
 297 000a 04       		.byte	0x4
 298 000b 00       		.byte	0
 299 000c 0000     		.2byte	0
ARM GAS  C:\Users\KJA\AppData\Local\Temp\cc1ngSx3.s 			page 8


 300 000e 0000     		.2byte	0
 301 0010 00000000 		.4byte	.LFB0
 302 0014 0A000000 		.4byte	.LFE0-.LFB0
 303 0018 00000000 		.4byte	.LFB1
 304 001c 0A000000 		.4byte	.LFE1-.LFB1
 305 0020 00000000 		.4byte	.LFB2
 306 0024 0E000000 		.4byte	.LFE2-.LFB2
 307 0028 00000000 		.4byte	.LFB3
 308 002c 0A000000 		.4byte	.LFE3-.LFB3
 309 0030 00000000 		.4byte	0
 310 0034 00000000 		.4byte	0
 311              		.section	.debug_ranges,"",%progbits
 312              	.Ldebug_ranges0:
 313 0000 00000000 		.4byte	.LFB0
 314 0004 0A000000 		.4byte	.LFE0
 315 0008 00000000 		.4byte	.LFB1
 316 000c 0A000000 		.4byte	.LFE1
 317 0010 00000000 		.4byte	.LFB2
 318 0014 0E000000 		.4byte	.LFE2
 319 0018 00000000 		.4byte	.LFB3
 320 001c 0A000000 		.4byte	.LFE3
 321 0020 00000000 		.4byte	0
 322 0024 00000000 		.4byte	0
 323              		.section	.debug_line,"",%progbits
 324              	.Ldebug_line0:
 325 0000 90000000 		.section	.debug_str,"MS",%progbits,1
 325      02004300 
 325      00000201 
 325      FB0E0D00 
 325      01010101 
 326              	.LASF6:
 327 0000 6C6F6E67 		.ascii	"long long int\000"
 327      206C6F6E 
 327      6720696E 
 327      7400
 328              	.LASF8:
 329 000e 756E7369 		.ascii	"unsigned int\000"
 329      676E6564 
 329      20696E74 
 329      00
 330              	.LASF14:
 331 001b 52657369 		.ascii	"ResistiveTouch_1_RestoreConfig\000"
 331      73746976 
 331      65546F75 
 331      63685F31 
 331      5F526573 
 332              	.LASF5:
 333 003a 6C6F6E67 		.ascii	"long unsigned int\000"
 333      20756E73 
 333      69676E65 
 333      6420696E 
 333      7400
 334              	.LASF7:
 335 004c 6C6F6E67 		.ascii	"long long unsigned int\000"
 335      206C6F6E 
 335      6720756E 
 335      7369676E 
ARM GAS  C:\Users\KJA\AppData\Local\Temp\cc1ngSx3.s 			page 9


 335      65642069 
 336              	.LASF1:
 337 0063 756E7369 		.ascii	"unsigned char\000"
 337      676E6564 
 337      20636861 
 337      7200
 338              	.LASF11:
 339 0071 63686172 		.ascii	"char\000"
 339      00
 340              	.LASF13:
 341 0076 52657369 		.ascii	"ResistiveTouch_1_SaveConfig\000"
 341      73746976 
 341      65546F75 
 341      63685F31 
 341      5F536176 
 342              	.LASF4:
 343 0092 6C6F6E67 		.ascii	"long int\000"
 343      20696E74 
 343      00
 344              	.LASF17:
 345 009b 474E5520 		.ascii	"GNU C 4.9.3 20150303 (release) [ARM/embedded-4_9-br"
 345      4320342E 
 345      392E3320 
 345      32303135 
 345      30333033 
 346 00ce 616E6368 		.ascii	"anch revision 221220] -mcpu=cortex-m3 -mthumb -g -O"
 346      20726576 
 346      6973696F 
 346      6E203232 
 346      31323230 
 347 0101 30202D66 		.ascii	"0 -ffunction-sections -ffat-lto-objects\000"
 347      66756E63 
 347      74696F6E 
 347      2D736563 
 347      74696F6E 
 348              	.LASF16:
 349 0129 52657369 		.ascii	"ResistiveTouch_1_Wakeup\000"
 349      73746976 
 349      65546F75 
 349      63685F31 
 349      5F57616B 
 350              	.LASF10:
 351 0141 646F7562 		.ascii	"double\000"
 351      6C6500
 352              	.LASF3:
 353 0148 73686F72 		.ascii	"short unsigned int\000"
 353      7420756E 
 353      7369676E 
 353      65642069 
 353      6E7400
 354              	.LASF0:
 355 015b 7369676E 		.ascii	"signed char\000"
 355      65642063 
 355      68617200 
 356              	.LASF18:
 357 0167 47656E65 		.ascii	"Generated_Source\\PSoC5\\ResistiveTouch_1_PM.c\000"
 357      72617465 
ARM GAS  C:\Users\KJA\AppData\Local\Temp\cc1ngSx3.s 			page 10


 357      645F536F 
 357      75726365 
 357      5C50536F 
 358              	.LASF9:
 359 0194 666C6F61 		.ascii	"float\000"
 359      7400
 360              	.LASF2:
 361 019a 73686F72 		.ascii	"short int\000"
 361      7420696E 
 361      7400
 362              	.LASF19:
 363 01a4 443A5C57 		.ascii	"D:\\Workspace\\PSoC_Creator\\Active_Load\\Active_Lo"
 363      6F726B73 
 363      70616365 
 363      5C50536F 
 363      435F4372 
 364 01d3 61645F76 		.ascii	"ad_v9.cydsn\000"
 364      392E6379 
 364      64736E00 
 365              	.LASF12:
 366 01df 73697A65 		.ascii	"sizetype\000"
 366      74797065 
 366      00
 367              	.LASF15:
 368 01e8 52657369 		.ascii	"ResistiveTouch_1_Sleep\000"
 368      73746976 
 368      65546F75 
 368      63685F31 
 368      5F536C65 
 369              		.ident	"GCC: (GNU Tools for ARM Embedded Processors) 4.9.3 20150303 (release) [ARM/embedded-4_9-br
