ARM GAS  C:\Users\Shiguruy\AppData\Local\Temp\ccnHWqLS.s 			page 1


   1              		.syntax unified
   2              		.cpu cortex-m3
   3              		.fpu softvfp
   4              		.eabi_attribute 20, 1
   5              		.eabi_attribute 21, 1
   6              		.eabi_attribute 23, 3
   7              		.eabi_attribute 24, 1
   8              		.eabi_attribute 25, 1
   9              		.eabi_attribute 26, 1
  10              		.eabi_attribute 30, 6
  11              		.eabi_attribute 34, 1
  12              		.eabi_attribute 18, 4
  13              		.thumb
  14              		.file	"Timer_1_PM.c"
  15              		.text
  16              	.Ltext0:
  17              		.cfi_sections	.debug_frame
  18              		.bss
  19              		.align	2
  20              	Timer_1_backup:
  21 0000 00       		.space	1
  22 0001 000000   		.section	.text.Timer_1_SaveConfig,"ax",%progbits
  23              		.align	2
  24              		.global	Timer_1_SaveConfig
  25              		.thumb
  26              		.thumb_func
  27              		.type	Timer_1_SaveConfig, %function
  28              	Timer_1_SaveConfig:
  29              	.LFB0:
  30              		.file 1 ".\\Generated_Source\\PSoC5\\Timer_1_PM.c"
   1:.\Generated_Source\PSoC5/Timer_1_PM.c **** /*******************************************************************************
   2:.\Generated_Source\PSoC5/Timer_1_PM.c **** * File Name: Timer_1_PM.c
   3:.\Generated_Source\PSoC5/Timer_1_PM.c **** * Version 2.70
   4:.\Generated_Source\PSoC5/Timer_1_PM.c **** *
   5:.\Generated_Source\PSoC5/Timer_1_PM.c **** *  Description:
   6:.\Generated_Source\PSoC5/Timer_1_PM.c **** *     This file provides the power management source code to API for the
   7:.\Generated_Source\PSoC5/Timer_1_PM.c **** *     Timer.
   8:.\Generated_Source\PSoC5/Timer_1_PM.c **** *
   9:.\Generated_Source\PSoC5/Timer_1_PM.c **** *   Note:
  10:.\Generated_Source\PSoC5/Timer_1_PM.c **** *     None
  11:.\Generated_Source\PSoC5/Timer_1_PM.c **** *
  12:.\Generated_Source\PSoC5/Timer_1_PM.c **** *******************************************************************************
  13:.\Generated_Source\PSoC5/Timer_1_PM.c **** * Copyright 2008-2014, Cypress Semiconductor Corporation.  All rights reserved.
  14:.\Generated_Source\PSoC5/Timer_1_PM.c **** * You may use this file only in accordance with the license, terms, conditions,
  15:.\Generated_Source\PSoC5/Timer_1_PM.c **** * disclaimers, and limitations in the end user license agreement accompanying
  16:.\Generated_Source\PSoC5/Timer_1_PM.c **** * the software package with which this file was provided.
  17:.\Generated_Source\PSoC5/Timer_1_PM.c **** ********************************************************************************/
  18:.\Generated_Source\PSoC5/Timer_1_PM.c **** 
  19:.\Generated_Source\PSoC5/Timer_1_PM.c **** #include "Timer_1.h"
  20:.\Generated_Source\PSoC5/Timer_1_PM.c **** 
  21:.\Generated_Source\PSoC5/Timer_1_PM.c **** static Timer_1_backupStruct Timer_1_backup;
  22:.\Generated_Source\PSoC5/Timer_1_PM.c **** 
  23:.\Generated_Source\PSoC5/Timer_1_PM.c **** 
  24:.\Generated_Source\PSoC5/Timer_1_PM.c **** /*******************************************************************************
  25:.\Generated_Source\PSoC5/Timer_1_PM.c **** * Function Name: Timer_1_SaveConfig
  26:.\Generated_Source\PSoC5/Timer_1_PM.c **** ********************************************************************************
  27:.\Generated_Source\PSoC5/Timer_1_PM.c **** *
ARM GAS  C:\Users\Shiguruy\AppData\Local\Temp\ccnHWqLS.s 			page 2


  28:.\Generated_Source\PSoC5/Timer_1_PM.c **** * Summary:
  29:.\Generated_Source\PSoC5/Timer_1_PM.c **** *     Save the current user configuration
  30:.\Generated_Source\PSoC5/Timer_1_PM.c **** *
  31:.\Generated_Source\PSoC5/Timer_1_PM.c **** * Parameters:
  32:.\Generated_Source\PSoC5/Timer_1_PM.c **** *  void
  33:.\Generated_Source\PSoC5/Timer_1_PM.c **** *
  34:.\Generated_Source\PSoC5/Timer_1_PM.c **** * Return:
  35:.\Generated_Source\PSoC5/Timer_1_PM.c **** *  void
  36:.\Generated_Source\PSoC5/Timer_1_PM.c **** *
  37:.\Generated_Source\PSoC5/Timer_1_PM.c **** * Global variables:
  38:.\Generated_Source\PSoC5/Timer_1_PM.c **** *  Timer_1_backup:  Variables of this global structure are modified to
  39:.\Generated_Source\PSoC5/Timer_1_PM.c **** *  store the values of non retention configuration registers when Sleep() API is
  40:.\Generated_Source\PSoC5/Timer_1_PM.c **** *  called.
  41:.\Generated_Source\PSoC5/Timer_1_PM.c **** *
  42:.\Generated_Source\PSoC5/Timer_1_PM.c **** *******************************************************************************/
  43:.\Generated_Source\PSoC5/Timer_1_PM.c **** void Timer_1_SaveConfig(void) 
  44:.\Generated_Source\PSoC5/Timer_1_PM.c **** {
  31              		.loc 1 44 0
  32              		.cfi_startproc
  33              		@ args = 0, pretend = 0, frame = 0
  34              		@ frame_needed = 1, uses_anonymous_args = 0
  35              		@ link register save eliminated.
  36 0000 80B4     		push	{r7}
  37              		.cfi_def_cfa_offset 4
  38              		.cfi_offset 7, -4
  39 0002 00AF     		add	r7, sp, #0
  40              		.cfi_def_cfa_register 7
  45:.\Generated_Source\PSoC5/Timer_1_PM.c ****     #if (!Timer_1_UsingFixedFunction)
  46:.\Generated_Source\PSoC5/Timer_1_PM.c ****         Timer_1_backup.TimerUdb = Timer_1_ReadCounter();
  47:.\Generated_Source\PSoC5/Timer_1_PM.c ****         Timer_1_backup.InterruptMaskValue = Timer_1_STATUS_MASK;
  48:.\Generated_Source\PSoC5/Timer_1_PM.c ****         #if (Timer_1_UsingHWCaptureCounter)
  49:.\Generated_Source\PSoC5/Timer_1_PM.c ****             Timer_1_backup.TimerCaptureCounter = Timer_1_ReadCaptureCount();
  50:.\Generated_Source\PSoC5/Timer_1_PM.c ****         #endif /* Back Up capture counter register  */
  51:.\Generated_Source\PSoC5/Timer_1_PM.c **** 
  52:.\Generated_Source\PSoC5/Timer_1_PM.c ****         #if(!Timer_1_UDB_CONTROL_REG_REMOVED)
  53:.\Generated_Source\PSoC5/Timer_1_PM.c ****             Timer_1_backup.TimerControlRegister = Timer_1_ReadControlRegister();
  54:.\Generated_Source\PSoC5/Timer_1_PM.c ****         #endif /* Backup the enable state of the Timer component */
  55:.\Generated_Source\PSoC5/Timer_1_PM.c ****     #endif /* Backup non retention registers in UDB implementation. All fixed function registers ar
  56:.\Generated_Source\PSoC5/Timer_1_PM.c **** }
  41              		.loc 1 56 0
  42 0004 BD46     		mov	sp, r7
  43              		.cfi_def_cfa_register 13
  44              		@ sp needed
  45 0006 5DF8047B 		ldr	r7, [sp], #4
  46              		.cfi_restore 7
  47              		.cfi_def_cfa_offset 0
  48 000a 7047     		bx	lr
  49              		.cfi_endproc
  50              	.LFE0:
  51              		.size	Timer_1_SaveConfig, .-Timer_1_SaveConfig
  52              		.section	.text.Timer_1_RestoreConfig,"ax",%progbits
  53              		.align	2
  54              		.global	Timer_1_RestoreConfig
  55              		.thumb
  56              		.thumb_func
  57              		.type	Timer_1_RestoreConfig, %function
  58              	Timer_1_RestoreConfig:
ARM GAS  C:\Users\Shiguruy\AppData\Local\Temp\ccnHWqLS.s 			page 3


  59              	.LFB1:
  57:.\Generated_Source\PSoC5/Timer_1_PM.c **** 
  58:.\Generated_Source\PSoC5/Timer_1_PM.c **** 
  59:.\Generated_Source\PSoC5/Timer_1_PM.c **** /*******************************************************************************
  60:.\Generated_Source\PSoC5/Timer_1_PM.c **** * Function Name: Timer_1_RestoreConfig
  61:.\Generated_Source\PSoC5/Timer_1_PM.c **** ********************************************************************************
  62:.\Generated_Source\PSoC5/Timer_1_PM.c **** *
  63:.\Generated_Source\PSoC5/Timer_1_PM.c **** * Summary:
  64:.\Generated_Source\PSoC5/Timer_1_PM.c **** *  Restores the current user configuration.
  65:.\Generated_Source\PSoC5/Timer_1_PM.c **** *
  66:.\Generated_Source\PSoC5/Timer_1_PM.c **** * Parameters:
  67:.\Generated_Source\PSoC5/Timer_1_PM.c **** *  void
  68:.\Generated_Source\PSoC5/Timer_1_PM.c **** *
  69:.\Generated_Source\PSoC5/Timer_1_PM.c **** * Return:
  70:.\Generated_Source\PSoC5/Timer_1_PM.c **** *  void
  71:.\Generated_Source\PSoC5/Timer_1_PM.c **** *
  72:.\Generated_Source\PSoC5/Timer_1_PM.c **** * Global variables:
  73:.\Generated_Source\PSoC5/Timer_1_PM.c **** *  Timer_1_backup:  Variables of this global structure are used to
  74:.\Generated_Source\PSoC5/Timer_1_PM.c **** *  restore the values of non retention registers on wakeup from sleep mode.
  75:.\Generated_Source\PSoC5/Timer_1_PM.c **** *
  76:.\Generated_Source\PSoC5/Timer_1_PM.c **** *******************************************************************************/
  77:.\Generated_Source\PSoC5/Timer_1_PM.c **** void Timer_1_RestoreConfig(void) 
  78:.\Generated_Source\PSoC5/Timer_1_PM.c **** {   
  60              		.loc 1 78 0
  61              		.cfi_startproc
  62              		@ args = 0, pretend = 0, frame = 0
  63              		@ frame_needed = 1, uses_anonymous_args = 0
  64              		@ link register save eliminated.
  65 0000 80B4     		push	{r7}
  66              		.cfi_def_cfa_offset 4
  67              		.cfi_offset 7, -4
  68 0002 00AF     		add	r7, sp, #0
  69              		.cfi_def_cfa_register 7
  79:.\Generated_Source\PSoC5/Timer_1_PM.c ****     #if (!Timer_1_UsingFixedFunction)
  80:.\Generated_Source\PSoC5/Timer_1_PM.c **** 
  81:.\Generated_Source\PSoC5/Timer_1_PM.c ****         Timer_1_WriteCounter(Timer_1_backup.TimerUdb);
  82:.\Generated_Source\PSoC5/Timer_1_PM.c ****         Timer_1_STATUS_MASK =Timer_1_backup.InterruptMaskValue;
  83:.\Generated_Source\PSoC5/Timer_1_PM.c ****         #if (Timer_1_UsingHWCaptureCounter)
  84:.\Generated_Source\PSoC5/Timer_1_PM.c ****             Timer_1_SetCaptureCount(Timer_1_backup.TimerCaptureCounter);
  85:.\Generated_Source\PSoC5/Timer_1_PM.c ****         #endif /* Restore Capture counter register*/
  86:.\Generated_Source\PSoC5/Timer_1_PM.c **** 
  87:.\Generated_Source\PSoC5/Timer_1_PM.c ****         #if(!Timer_1_UDB_CONTROL_REG_REMOVED)
  88:.\Generated_Source\PSoC5/Timer_1_PM.c ****             Timer_1_WriteControlRegister(Timer_1_backup.TimerControlRegister);
  89:.\Generated_Source\PSoC5/Timer_1_PM.c ****         #endif /* Restore the enable state of the Timer component */
  90:.\Generated_Source\PSoC5/Timer_1_PM.c ****     #endif /* Restore non retention registers in the UDB implementation only */
  91:.\Generated_Source\PSoC5/Timer_1_PM.c **** }
  70              		.loc 1 91 0
  71 0004 BD46     		mov	sp, r7
  72              		.cfi_def_cfa_register 13
  73              		@ sp needed
  74 0006 5DF8047B 		ldr	r7, [sp], #4
  75              		.cfi_restore 7
  76              		.cfi_def_cfa_offset 0
  77 000a 7047     		bx	lr
  78              		.cfi_endproc
  79              	.LFE1:
  80              		.size	Timer_1_RestoreConfig, .-Timer_1_RestoreConfig
ARM GAS  C:\Users\Shiguruy\AppData\Local\Temp\ccnHWqLS.s 			page 4


  81              		.section	.text.Timer_1_Sleep,"ax",%progbits
  82              		.align	2
  83              		.global	Timer_1_Sleep
  84              		.thumb
  85              		.thumb_func
  86              		.type	Timer_1_Sleep, %function
  87              	Timer_1_Sleep:
  88              	.LFB2:
  92:.\Generated_Source\PSoC5/Timer_1_PM.c **** 
  93:.\Generated_Source\PSoC5/Timer_1_PM.c **** 
  94:.\Generated_Source\PSoC5/Timer_1_PM.c **** /*******************************************************************************
  95:.\Generated_Source\PSoC5/Timer_1_PM.c **** * Function Name: Timer_1_Sleep
  96:.\Generated_Source\PSoC5/Timer_1_PM.c **** ********************************************************************************
  97:.\Generated_Source\PSoC5/Timer_1_PM.c **** *
  98:.\Generated_Source\PSoC5/Timer_1_PM.c **** * Summary:
  99:.\Generated_Source\PSoC5/Timer_1_PM.c **** *     Stop and Save the user configuration
 100:.\Generated_Source\PSoC5/Timer_1_PM.c **** *
 101:.\Generated_Source\PSoC5/Timer_1_PM.c **** * Parameters:
 102:.\Generated_Source\PSoC5/Timer_1_PM.c **** *  void
 103:.\Generated_Source\PSoC5/Timer_1_PM.c **** *
 104:.\Generated_Source\PSoC5/Timer_1_PM.c **** * Return:
 105:.\Generated_Source\PSoC5/Timer_1_PM.c **** *  void
 106:.\Generated_Source\PSoC5/Timer_1_PM.c **** *
 107:.\Generated_Source\PSoC5/Timer_1_PM.c **** * Global variables:
 108:.\Generated_Source\PSoC5/Timer_1_PM.c **** *  Timer_1_backup.TimerEnableState:  Is modified depending on the
 109:.\Generated_Source\PSoC5/Timer_1_PM.c **** *  enable state of the block before entering sleep mode.
 110:.\Generated_Source\PSoC5/Timer_1_PM.c **** *
 111:.\Generated_Source\PSoC5/Timer_1_PM.c **** *******************************************************************************/
 112:.\Generated_Source\PSoC5/Timer_1_PM.c **** void Timer_1_Sleep(void) 
 113:.\Generated_Source\PSoC5/Timer_1_PM.c **** {
  89              		.loc 1 113 0
  90              		.cfi_startproc
  91              		@ args = 0, pretend = 0, frame = 0
  92              		@ frame_needed = 1, uses_anonymous_args = 0
  93 0000 80B5     		push	{r7, lr}
  94              		.cfi_def_cfa_offset 8
  95              		.cfi_offset 7, -8
  96              		.cfi_offset 14, -4
  97 0002 00AF     		add	r7, sp, #0
  98              		.cfi_def_cfa_register 7
 114:.\Generated_Source\PSoC5/Timer_1_PM.c ****     #if(!Timer_1_UDB_CONTROL_REG_REMOVED)
 115:.\Generated_Source\PSoC5/Timer_1_PM.c ****         /* Save Counter's enable state */
 116:.\Generated_Source\PSoC5/Timer_1_PM.c ****         if(Timer_1_CTRL_ENABLE == (Timer_1_CONTROL & Timer_1_CTRL_ENABLE))
  99              		.loc 1 116 0
 100 0004 094B     		ldr	r3, .L6
 101 0006 1B78     		ldrb	r3, [r3]
 102 0008 DBB2     		uxtb	r3, r3
 103 000a 03F00103 		and	r3, r3, #1
 104 000e 002B     		cmp	r3, #0
 105 0010 03D0     		beq	.L4
 117:.\Generated_Source\PSoC5/Timer_1_PM.c ****         {
 118:.\Generated_Source\PSoC5/Timer_1_PM.c ****             /* Timer is enabled */
 119:.\Generated_Source\PSoC5/Timer_1_PM.c ****             Timer_1_backup.TimerEnableState = 1u;
 106              		.loc 1 119 0
 107 0012 074B     		ldr	r3, .L6+4
 108 0014 0122     		movs	r2, #1
 109 0016 1A70     		strb	r2, [r3]
ARM GAS  C:\Users\Shiguruy\AppData\Local\Temp\ccnHWqLS.s 			page 5


 110 0018 02E0     		b	.L5
 111              	.L4:
 120:.\Generated_Source\PSoC5/Timer_1_PM.c ****         }
 121:.\Generated_Source\PSoC5/Timer_1_PM.c ****         else
 122:.\Generated_Source\PSoC5/Timer_1_PM.c ****         {
 123:.\Generated_Source\PSoC5/Timer_1_PM.c ****             /* Timer is disabled */
 124:.\Generated_Source\PSoC5/Timer_1_PM.c ****             Timer_1_backup.TimerEnableState = 0u;
 112              		.loc 1 124 0
 113 001a 054B     		ldr	r3, .L6+4
 114 001c 0022     		movs	r2, #0
 115 001e 1A70     		strb	r2, [r3]
 116              	.L5:
 125:.\Generated_Source\PSoC5/Timer_1_PM.c ****         }
 126:.\Generated_Source\PSoC5/Timer_1_PM.c ****     #endif /* Back up enable state from the Timer control register */
 127:.\Generated_Source\PSoC5/Timer_1_PM.c ****     Timer_1_Stop();
 117              		.loc 1 127 0
 118 0020 FFF7FEFF 		bl	Timer_1_Stop
 128:.\Generated_Source\PSoC5/Timer_1_PM.c ****     Timer_1_SaveConfig();
 119              		.loc 1 128 0
 120 0024 FFF7FEFF 		bl	Timer_1_SaveConfig
 129:.\Generated_Source\PSoC5/Timer_1_PM.c **** }
 121              		.loc 1 129 0
 122 0028 80BD     		pop	{r7, pc}
 123              	.L7:
 124 002a 00BF     		.align	2
 125              	.L6:
 126 002c 004F0040 		.word	1073762048
 127 0030 00000000 		.word	Timer_1_backup
 128              		.cfi_endproc
 129              	.LFE2:
 130              		.size	Timer_1_Sleep, .-Timer_1_Sleep
 131              		.section	.text.Timer_1_Wakeup,"ax",%progbits
 132              		.align	2
 133              		.global	Timer_1_Wakeup
 134              		.thumb
 135              		.thumb_func
 136              		.type	Timer_1_Wakeup, %function
 137              	Timer_1_Wakeup:
 138              	.LFB3:
 130:.\Generated_Source\PSoC5/Timer_1_PM.c **** 
 131:.\Generated_Source\PSoC5/Timer_1_PM.c **** 
 132:.\Generated_Source\PSoC5/Timer_1_PM.c **** /*******************************************************************************
 133:.\Generated_Source\PSoC5/Timer_1_PM.c **** * Function Name: Timer_1_Wakeup
 134:.\Generated_Source\PSoC5/Timer_1_PM.c **** ********************************************************************************
 135:.\Generated_Source\PSoC5/Timer_1_PM.c **** *
 136:.\Generated_Source\PSoC5/Timer_1_PM.c **** * Summary:
 137:.\Generated_Source\PSoC5/Timer_1_PM.c **** *  Restores and enables the user configuration
 138:.\Generated_Source\PSoC5/Timer_1_PM.c **** *
 139:.\Generated_Source\PSoC5/Timer_1_PM.c **** * Parameters:
 140:.\Generated_Source\PSoC5/Timer_1_PM.c **** *  void
 141:.\Generated_Source\PSoC5/Timer_1_PM.c **** *
 142:.\Generated_Source\PSoC5/Timer_1_PM.c **** * Return:
 143:.\Generated_Source\PSoC5/Timer_1_PM.c **** *  void
 144:.\Generated_Source\PSoC5/Timer_1_PM.c **** *
 145:.\Generated_Source\PSoC5/Timer_1_PM.c **** * Global variables:
 146:.\Generated_Source\PSoC5/Timer_1_PM.c **** *  Timer_1_backup.enableState:  Is used to restore the enable state of
 147:.\Generated_Source\PSoC5/Timer_1_PM.c **** *  block on wakeup from sleep mode.
ARM GAS  C:\Users\Shiguruy\AppData\Local\Temp\ccnHWqLS.s 			page 6


 148:.\Generated_Source\PSoC5/Timer_1_PM.c **** *
 149:.\Generated_Source\PSoC5/Timer_1_PM.c **** *******************************************************************************/
 150:.\Generated_Source\PSoC5/Timer_1_PM.c **** void Timer_1_Wakeup(void) 
 151:.\Generated_Source\PSoC5/Timer_1_PM.c **** {
 139              		.loc 1 151 0
 140              		.cfi_startproc
 141              		@ args = 0, pretend = 0, frame = 0
 142              		@ frame_needed = 1, uses_anonymous_args = 0
 143 0000 80B5     		push	{r7, lr}
 144              		.cfi_def_cfa_offset 8
 145              		.cfi_offset 7, -8
 146              		.cfi_offset 14, -4
 147 0002 00AF     		add	r7, sp, #0
 148              		.cfi_def_cfa_register 7
 152:.\Generated_Source\PSoC5/Timer_1_PM.c ****     Timer_1_RestoreConfig();
 149              		.loc 1 152 0
 150 0004 FFF7FEFF 		bl	Timer_1_RestoreConfig
 153:.\Generated_Source\PSoC5/Timer_1_PM.c ****     #if(!Timer_1_UDB_CONTROL_REG_REMOVED)
 154:.\Generated_Source\PSoC5/Timer_1_PM.c ****         if(Timer_1_backup.TimerEnableState == 1u)
 151              		.loc 1 154 0
 152 0008 034B     		ldr	r3, .L10
 153 000a 1B78     		ldrb	r3, [r3]	@ zero_extendqisi2
 154 000c 012B     		cmp	r3, #1
 155 000e 01D1     		bne	.L8
 155:.\Generated_Source\PSoC5/Timer_1_PM.c ****         {     /* Enable Timer's operation */
 156:.\Generated_Source\PSoC5/Timer_1_PM.c ****                 Timer_1_Enable();
 156              		.loc 1 156 0
 157 0010 FFF7FEFF 		bl	Timer_1_Enable
 158              	.L8:
 157:.\Generated_Source\PSoC5/Timer_1_PM.c ****         } /* Do nothing if Timer was disabled before */
 158:.\Generated_Source\PSoC5/Timer_1_PM.c ****     #endif /* Remove this code section if Control register is removed */
 159:.\Generated_Source\PSoC5/Timer_1_PM.c **** }
 159              		.loc 1 159 0
 160 0014 80BD     		pop	{r7, pc}
 161              	.L11:
 162 0016 00BF     		.align	2
 163              	.L10:
 164 0018 00000000 		.word	Timer_1_backup
 165              		.cfi_endproc
 166              	.LFE3:
 167              		.size	Timer_1_Wakeup, .-Timer_1_Wakeup
 168              		.text
 169              	.Letext0:
 170              		.file 2 ".\\Generated_Source\\PSoC5\\cytypes.h"
 171              		.file 3 ".\\Generated_Source\\PSoC5\\Timer_1.h"
 172              		.section	.debug_info,"",%progbits
 173              	.Ldebug_info0:
 174 0000 15010000 		.4byte	0x115
 175 0004 0400     		.2byte	0x4
 176 0006 00000000 		.4byte	.Ldebug_abbrev0
 177 000a 04       		.byte	0x4
 178 000b 01       		.uleb128 0x1
 179 000c F8000000 		.4byte	.LASF20
 180 0010 01       		.byte	0x1
 181 0011 BA010000 		.4byte	.LASF21
 182 0015 A0000000 		.4byte	.LASF22
 183 0019 00000000 		.4byte	.Ldebug_ranges0+0
ARM GAS  C:\Users\Shiguruy\AppData\Local\Temp\ccnHWqLS.s 			page 7


 184 001d 00000000 		.4byte	0
 185 0021 00000000 		.4byte	.Ldebug_line0
 186 0025 02       		.uleb128 0x2
 187 0026 01       		.byte	0x1
 188 0027 06       		.byte	0x6
 189 0028 A0010000 		.4byte	.LASF0
 190 002c 02       		.uleb128 0x2
 191 002d 01       		.byte	0x1
 192 002e 08       		.byte	0x8
 193 002f AC010000 		.4byte	.LASF1
 194 0033 02       		.uleb128 0x2
 195 0034 02       		.byte	0x2
 196 0035 05       		.byte	0x5
 197 0036 FC010000 		.4byte	.LASF2
 198 003a 02       		.uleb128 0x2
 199 003b 02       		.byte	0x2
 200 003c 07       		.byte	0x7
 201 003d 8D010000 		.4byte	.LASF3
 202 0041 02       		.uleb128 0x2
 203 0042 04       		.byte	0x4
 204 0043 05       		.byte	0x5
 205 0044 EF000000 		.4byte	.LASF4
 206 0048 02       		.uleb128 0x2
 207 0049 04       		.byte	0x4
 208 004a 07       		.byte	0x7
 209 004b 53000000 		.4byte	.LASF5
 210 004f 02       		.uleb128 0x2
 211 0050 08       		.byte	0x8
 212 0051 05       		.byte	0x5
 213 0052 00000000 		.4byte	.LASF6
 214 0056 02       		.uleb128 0x2
 215 0057 08       		.byte	0x8
 216 0058 07       		.byte	0x7
 217 0059 65000000 		.4byte	.LASF7
 218 005d 03       		.uleb128 0x3
 219 005e 04       		.byte	0x4
 220 005f 05       		.byte	0x5
 221 0060 696E7400 		.ascii	"int\000"
 222 0064 02       		.uleb128 0x2
 223 0065 04       		.byte	0x4
 224 0066 07       		.byte	0x7
 225 0067 0E000000 		.4byte	.LASF8
 226 006b 04       		.uleb128 0x4
 227 006c 4D000000 		.4byte	.LASF12
 228 0070 02       		.byte	0x2
 229 0071 C2       		.byte	0xc2
 230 0072 2C000000 		.4byte	0x2c
 231 0076 02       		.uleb128 0x2
 232 0077 04       		.byte	0x4
 233 0078 04       		.byte	0x4
 234 0079 E0010000 		.4byte	.LASF9
 235 007d 02       		.uleb128 0x2
 236 007e 08       		.byte	0x8
 237 007f 04       		.byte	0x4
 238 0080 86010000 		.4byte	.LASF10
 239 0084 02       		.uleb128 0x2
 240 0085 01       		.byte	0x1
ARM GAS  C:\Users\Shiguruy\AppData\Local\Temp\ccnHWqLS.s 			page 8


 241 0086 08       		.byte	0x8
 242 0087 EA000000 		.4byte	.LASF11
 243 008b 05       		.uleb128 0x5
 244 008c 06020000 		.4byte	.LASF13
 245 0090 02       		.byte	0x2
 246 0091 6C01     		.2byte	0x16c
 247 0093 97000000 		.4byte	0x97
 248 0097 06       		.uleb128 0x6
 249 0098 6B000000 		.4byte	0x6b
 250 009c 02       		.uleb128 0x2
 251 009d 04       		.byte	0x4
 252 009e 07       		.byte	0x7
 253 009f 0B020000 		.4byte	.LASF14
 254 00a3 07       		.uleb128 0x7
 255 00a4 01       		.byte	0x1
 256 00a5 03       		.byte	0x3
 257 00a6 43       		.byte	0x43
 258 00a7 B8000000 		.4byte	0xb8
 259 00ab 08       		.uleb128 0x8
 260 00ac 7C000000 		.4byte	.LASF23
 261 00b0 03       		.byte	0x3
 262 00b1 45       		.byte	0x45
 263 00b2 6B000000 		.4byte	0x6b
 264 00b6 00       		.byte	0
 265 00b7 00       		.byte	0
 266 00b8 04       		.uleb128 0x4
 267 00b9 1B000000 		.4byte	.LASF15
 268 00bd 03       		.byte	0x3
 269 00be 53       		.byte	0x53
 270 00bf A3000000 		.4byte	0xa3
 271 00c3 09       		.uleb128 0x9
 272 00c4 8D000000 		.4byte	.LASF16
 273 00c8 01       		.byte	0x1
 274 00c9 2B       		.byte	0x2b
 275 00ca 00000000 		.4byte	.LFB0
 276 00ce 0C000000 		.4byte	.LFE0-.LFB0
 277 00d2 01       		.uleb128 0x1
 278 00d3 9C       		.byte	0x9c
 279 00d4 09       		.uleb128 0x9
 280 00d5 E6010000 		.4byte	.LASF17
 281 00d9 01       		.byte	0x1
 282 00da 4D       		.byte	0x4d
 283 00db 00000000 		.4byte	.LFB1
 284 00df 0C000000 		.4byte	.LFE1-.LFB1
 285 00e3 01       		.uleb128 0x1
 286 00e4 9C       		.byte	0x9c
 287 00e5 0A       		.uleb128 0xa
 288 00e6 30000000 		.4byte	.LASF18
 289 00ea 01       		.byte	0x1
 290 00eb 70       		.byte	0x70
 291 00ec 00000000 		.4byte	.LFB2
 292 00f0 34000000 		.4byte	.LFE2-.LFB2
 293 00f4 01       		.uleb128 0x1
 294 00f5 9C       		.byte	0x9c
 295 00f6 0A       		.uleb128 0xa
 296 00f7 DB000000 		.4byte	.LASF19
 297 00fb 01       		.byte	0x1
ARM GAS  C:\Users\Shiguruy\AppData\Local\Temp\ccnHWqLS.s 			page 9


 298 00fc 96       		.byte	0x96
 299 00fd 00000000 		.4byte	.LFB3
 300 0101 1C000000 		.4byte	.LFE3-.LFB3
 301 0105 01       		.uleb128 0x1
 302 0106 9C       		.byte	0x9c
 303 0107 0B       		.uleb128 0xb
 304 0108 3E000000 		.4byte	.LASF24
 305 010c 01       		.byte	0x1
 306 010d 15       		.byte	0x15
 307 010e B8000000 		.4byte	0xb8
 308 0112 05       		.uleb128 0x5
 309 0113 03       		.byte	0x3
 310 0114 00000000 		.4byte	Timer_1_backup
 311 0118 00       		.byte	0
 312              		.section	.debug_abbrev,"",%progbits
 313              	.Ldebug_abbrev0:
 314 0000 01       		.uleb128 0x1
 315 0001 11       		.uleb128 0x11
 316 0002 01       		.byte	0x1
 317 0003 25       		.uleb128 0x25
 318 0004 0E       		.uleb128 0xe
 319 0005 13       		.uleb128 0x13
 320 0006 0B       		.uleb128 0xb
 321 0007 03       		.uleb128 0x3
 322 0008 0E       		.uleb128 0xe
 323 0009 1B       		.uleb128 0x1b
 324 000a 0E       		.uleb128 0xe
 325 000b 55       		.uleb128 0x55
 326 000c 17       		.uleb128 0x17
 327 000d 11       		.uleb128 0x11
 328 000e 01       		.uleb128 0x1
 329 000f 10       		.uleb128 0x10
 330 0010 17       		.uleb128 0x17
 331 0011 00       		.byte	0
 332 0012 00       		.byte	0
 333 0013 02       		.uleb128 0x2
 334 0014 24       		.uleb128 0x24
 335 0015 00       		.byte	0
 336 0016 0B       		.uleb128 0xb
 337 0017 0B       		.uleb128 0xb
 338 0018 3E       		.uleb128 0x3e
 339 0019 0B       		.uleb128 0xb
 340 001a 03       		.uleb128 0x3
 341 001b 0E       		.uleb128 0xe
 342 001c 00       		.byte	0
 343 001d 00       		.byte	0
 344 001e 03       		.uleb128 0x3
 345 001f 24       		.uleb128 0x24
 346 0020 00       		.byte	0
 347 0021 0B       		.uleb128 0xb
 348 0022 0B       		.uleb128 0xb
 349 0023 3E       		.uleb128 0x3e
 350 0024 0B       		.uleb128 0xb
 351 0025 03       		.uleb128 0x3
 352 0026 08       		.uleb128 0x8
 353 0027 00       		.byte	0
 354 0028 00       		.byte	0
ARM GAS  C:\Users\Shiguruy\AppData\Local\Temp\ccnHWqLS.s 			page 10


 355 0029 04       		.uleb128 0x4
 356 002a 16       		.uleb128 0x16
 357 002b 00       		.byte	0
 358 002c 03       		.uleb128 0x3
 359 002d 0E       		.uleb128 0xe
 360 002e 3A       		.uleb128 0x3a
 361 002f 0B       		.uleb128 0xb
 362 0030 3B       		.uleb128 0x3b
 363 0031 0B       		.uleb128 0xb
 364 0032 49       		.uleb128 0x49
 365 0033 13       		.uleb128 0x13
 366 0034 00       		.byte	0
 367 0035 00       		.byte	0
 368 0036 05       		.uleb128 0x5
 369 0037 16       		.uleb128 0x16
 370 0038 00       		.byte	0
 371 0039 03       		.uleb128 0x3
 372 003a 0E       		.uleb128 0xe
 373 003b 3A       		.uleb128 0x3a
 374 003c 0B       		.uleb128 0xb
 375 003d 3B       		.uleb128 0x3b
 376 003e 05       		.uleb128 0x5
 377 003f 49       		.uleb128 0x49
 378 0040 13       		.uleb128 0x13
 379 0041 00       		.byte	0
 380 0042 00       		.byte	0
 381 0043 06       		.uleb128 0x6
 382 0044 35       		.uleb128 0x35
 383 0045 00       		.byte	0
 384 0046 49       		.uleb128 0x49
 385 0047 13       		.uleb128 0x13
 386 0048 00       		.byte	0
 387 0049 00       		.byte	0
 388 004a 07       		.uleb128 0x7
 389 004b 13       		.uleb128 0x13
 390 004c 01       		.byte	0x1
 391 004d 0B       		.uleb128 0xb
 392 004e 0B       		.uleb128 0xb
 393 004f 3A       		.uleb128 0x3a
 394 0050 0B       		.uleb128 0xb
 395 0051 3B       		.uleb128 0x3b
 396 0052 0B       		.uleb128 0xb
 397 0053 01       		.uleb128 0x1
 398 0054 13       		.uleb128 0x13
 399 0055 00       		.byte	0
 400 0056 00       		.byte	0
 401 0057 08       		.uleb128 0x8
 402 0058 0D       		.uleb128 0xd
 403 0059 00       		.byte	0
 404 005a 03       		.uleb128 0x3
 405 005b 0E       		.uleb128 0xe
 406 005c 3A       		.uleb128 0x3a
 407 005d 0B       		.uleb128 0xb
 408 005e 3B       		.uleb128 0x3b
 409 005f 0B       		.uleb128 0xb
 410 0060 49       		.uleb128 0x49
 411 0061 13       		.uleb128 0x13
ARM GAS  C:\Users\Shiguruy\AppData\Local\Temp\ccnHWqLS.s 			page 11


 412 0062 38       		.uleb128 0x38
 413 0063 0B       		.uleb128 0xb
 414 0064 00       		.byte	0
 415 0065 00       		.byte	0
 416 0066 09       		.uleb128 0x9
 417 0067 2E       		.uleb128 0x2e
 418 0068 00       		.byte	0
 419 0069 3F       		.uleb128 0x3f
 420 006a 19       		.uleb128 0x19
 421 006b 03       		.uleb128 0x3
 422 006c 0E       		.uleb128 0xe
 423 006d 3A       		.uleb128 0x3a
 424 006e 0B       		.uleb128 0xb
 425 006f 3B       		.uleb128 0x3b
 426 0070 0B       		.uleb128 0xb
 427 0071 27       		.uleb128 0x27
 428 0072 19       		.uleb128 0x19
 429 0073 11       		.uleb128 0x11
 430 0074 01       		.uleb128 0x1
 431 0075 12       		.uleb128 0x12
 432 0076 06       		.uleb128 0x6
 433 0077 40       		.uleb128 0x40
 434 0078 18       		.uleb128 0x18
 435 0079 9742     		.uleb128 0x2117
 436 007b 19       		.uleb128 0x19
 437 007c 00       		.byte	0
 438 007d 00       		.byte	0
 439 007e 0A       		.uleb128 0xa
 440 007f 2E       		.uleb128 0x2e
 441 0080 00       		.byte	0
 442 0081 3F       		.uleb128 0x3f
 443 0082 19       		.uleb128 0x19
 444 0083 03       		.uleb128 0x3
 445 0084 0E       		.uleb128 0xe
 446 0085 3A       		.uleb128 0x3a
 447 0086 0B       		.uleb128 0xb
 448 0087 3B       		.uleb128 0x3b
 449 0088 0B       		.uleb128 0xb
 450 0089 27       		.uleb128 0x27
 451 008a 19       		.uleb128 0x19
 452 008b 11       		.uleb128 0x11
 453 008c 01       		.uleb128 0x1
 454 008d 12       		.uleb128 0x12
 455 008e 06       		.uleb128 0x6
 456 008f 40       		.uleb128 0x40
 457 0090 18       		.uleb128 0x18
 458 0091 9642     		.uleb128 0x2116
 459 0093 19       		.uleb128 0x19
 460 0094 00       		.byte	0
 461 0095 00       		.byte	0
 462 0096 0B       		.uleb128 0xb
 463 0097 34       		.uleb128 0x34
 464 0098 00       		.byte	0
 465 0099 03       		.uleb128 0x3
 466 009a 0E       		.uleb128 0xe
 467 009b 3A       		.uleb128 0x3a
 468 009c 0B       		.uleb128 0xb
ARM GAS  C:\Users\Shiguruy\AppData\Local\Temp\ccnHWqLS.s 			page 12


 469 009d 3B       		.uleb128 0x3b
 470 009e 0B       		.uleb128 0xb
 471 009f 49       		.uleb128 0x49
 472 00a0 13       		.uleb128 0x13
 473 00a1 02       		.uleb128 0x2
 474 00a2 18       		.uleb128 0x18
 475 00a3 00       		.byte	0
 476 00a4 00       		.byte	0
 477 00a5 00       		.byte	0
 478              		.section	.debug_aranges,"",%progbits
 479 0000 34000000 		.4byte	0x34
 480 0004 0200     		.2byte	0x2
 481 0006 00000000 		.4byte	.Ldebug_info0
 482 000a 04       		.byte	0x4
 483 000b 00       		.byte	0
 484 000c 0000     		.2byte	0
 485 000e 0000     		.2byte	0
 486 0010 00000000 		.4byte	.LFB0
 487 0014 0C000000 		.4byte	.LFE0-.LFB0
 488 0018 00000000 		.4byte	.LFB1
 489 001c 0C000000 		.4byte	.LFE1-.LFB1
 490 0020 00000000 		.4byte	.LFB2
 491 0024 34000000 		.4byte	.LFE2-.LFB2
 492 0028 00000000 		.4byte	.LFB3
 493 002c 1C000000 		.4byte	.LFE3-.LFB3
 494 0030 00000000 		.4byte	0
 495 0034 00000000 		.4byte	0
 496              		.section	.debug_ranges,"",%progbits
 497              	.Ldebug_ranges0:
 498 0000 00000000 		.4byte	.LFB0
 499 0004 0C000000 		.4byte	.LFE0
 500 0008 00000000 		.4byte	.LFB1
 501 000c 0C000000 		.4byte	.LFE1
 502 0010 00000000 		.4byte	.LFB2
 503 0014 34000000 		.4byte	.LFE2
 504 0018 00000000 		.4byte	.LFB3
 505 001c 1C000000 		.4byte	.LFE3
 506 0020 00000000 		.4byte	0
 507 0024 00000000 		.4byte	0
 508              		.section	.debug_line,"",%progbits
 509              	.Ldebug_line0:
 510 0000 AB000000 		.section	.debug_str,"MS",%progbits,1
 510      02005600 
 510      00000201 
 510      FB0E0D00 
 510      01010101 
 511              	.LASF6:
 512 0000 6C6F6E67 		.ascii	"long long int\000"
 512      206C6F6E 
 512      6720696E 
 512      7400
 513              	.LASF8:
 514 000e 756E7369 		.ascii	"unsigned int\000"
 514      676E6564 
 514      20696E74 
 514      00
 515              	.LASF15:
ARM GAS  C:\Users\Shiguruy\AppData\Local\Temp\ccnHWqLS.s 			page 13


 516 001b 54696D65 		.ascii	"Timer_1_backupStruct\000"
 516      725F315F 
 516      6261636B 
 516      75705374 
 516      72756374 
 517              	.LASF18:
 518 0030 54696D65 		.ascii	"Timer_1_Sleep\000"
 518      725F315F 
 518      536C6565 
 518      7000
 519              	.LASF24:
 520 003e 54696D65 		.ascii	"Timer_1_backup\000"
 520      725F315F 
 520      6261636B 
 520      757000
 521              	.LASF12:
 522 004d 75696E74 		.ascii	"uint8\000"
 522      3800
 523              	.LASF5:
 524 0053 6C6F6E67 		.ascii	"long unsigned int\000"
 524      20756E73 
 524      69676E65 
 524      6420696E 
 524      7400
 525              	.LASF7:
 526 0065 6C6F6E67 		.ascii	"long long unsigned int\000"
 526      206C6F6E 
 526      6720756E 
 526      7369676E 
 526      65642069 
 527              	.LASF23:
 528 007c 54696D65 		.ascii	"TimerEnableState\000"
 528      72456E61 
 528      626C6553 
 528      74617465 
 528      00
 529              	.LASF16:
 530 008d 54696D65 		.ascii	"Timer_1_SaveConfig\000"
 530      725F315F 
 530      53617665 
 530      436F6E66 
 530      696700
 531              	.LASF22:
 532 00a0 433A5C57 		.ascii	"C:\\Workspace\\PSoC_Creator\\Active_Load\\Active_Lo"
 532      6F726B73 
 532      70616365 
 532      5C50536F 
 532      435F4372 
 533 00cf 61645F76 		.ascii	"ad_v3.cydsn\000"
 533      332E6379 
 533      64736E00 
 534              	.LASF19:
 535 00db 54696D65 		.ascii	"Timer_1_Wakeup\000"
 535      725F315F 
 535      57616B65 
 535      757000
 536              	.LASF11:
ARM GAS  C:\Users\Shiguruy\AppData\Local\Temp\ccnHWqLS.s 			page 14


 537 00ea 63686172 		.ascii	"char\000"
 537      00
 538              	.LASF4:
 539 00ef 6C6F6E67 		.ascii	"long int\000"
 539      20696E74 
 539      00
 540              	.LASF20:
 541 00f8 474E5520 		.ascii	"GNU C 4.9.3 20150303 (release) [ARM/embedded-4_9-br"
 541      4320342E 
 541      392E3320 
 541      32303135 
 541      30333033 
 542 012b 616E6368 		.ascii	"anch revision 221220] -mcpu=cortex-m3 -mthumb -g -O"
 542      20726576 
 542      6973696F 
 542      6E203232 
 542      31323230 
 543 015e 30202D66 		.ascii	"0 -ffunction-sections -ffat-lto-objects\000"
 543      66756E63 
 543      74696F6E 
 543      2D736563 
 543      74696F6E 
 544              	.LASF10:
 545 0186 646F7562 		.ascii	"double\000"
 545      6C6500
 546              	.LASF3:
 547 018d 73686F72 		.ascii	"short unsigned int\000"
 547      7420756E 
 547      7369676E 
 547      65642069 
 547      6E7400
 548              	.LASF0:
 549 01a0 7369676E 		.ascii	"signed char\000"
 549      65642063 
 549      68617200 
 550              	.LASF1:
 551 01ac 756E7369 		.ascii	"unsigned char\000"
 551      676E6564 
 551      20636861 
 551      7200
 552              	.LASF21:
 553 01ba 2E5C4765 		.ascii	".\\Generated_Source\\PSoC5\\Timer_1_PM.c\000"
 553      6E657261 
 553      7465645F 
 553      536F7572 
 553      63655C50 
 554              	.LASF9:
 555 01e0 666C6F61 		.ascii	"float\000"
 555      7400
 556              	.LASF17:
 557 01e6 54696D65 		.ascii	"Timer_1_RestoreConfig\000"
 557      725F315F 
 557      52657374 
 557      6F726543 
 557      6F6E6669 
 558              	.LASF2:
 559 01fc 73686F72 		.ascii	"short int\000"
ARM GAS  C:\Users\Shiguruy\AppData\Local\Temp\ccnHWqLS.s 			page 15


 559      7420696E 
 559      7400
 560              	.LASF13:
 561 0206 72656738 		.ascii	"reg8\000"
 561      00
 562              	.LASF14:
 563 020b 73697A65 		.ascii	"sizetype\000"
 563      74797065 
 563      00
 564              		.ident	"GCC: (GNU Tools for ARM Embedded Processors) 4.9.3 20150303 (release) [ARM/embedded-4_9-br
