ARM GAS  C:\Users\KJA\AppData\Local\Temp\ccEnUChu.s 			page 1


   1              		.syntax unified
   2              		.cpu cortex-m3
   3              		.fpu softvfp
   4              		.eabi_attribute 20, 1
   5              		.eabi_attribute 21, 1
   6              		.eabi_attribute 23, 3
   7              		.eabi_attribute 24, 1
   8              		.eabi_attribute 25, 1
   9              		.eabi_attribute 26, 1
  10              		.eabi_attribute 30, 6
  11              		.eabi_attribute 34, 1
  12              		.eabi_attribute 18, 4
  13              		.thumb
  14              		.file	"u8g_pb16v2.c"
  15              		.text
  16              	.Ltext0:
  17              		.cfi_sections	.debug_frame
  18              		.section	.text.u8g_pb16v2_Clear,"ax",%progbits
  19              		.align	2
  20              		.global	u8g_pb16v2_Clear
  21              		.thumb
  22              		.thumb_func
  23              		.type	u8g_pb16v2_Clear, %function
  24              	u8g_pb16v2_Clear:
  25              	.LFB0:
  26              		.file 1 "u8glib_arm_v1.18.1\\src\\u8g_pb16v2.c"
   1:u8glib_arm_v1.18.1\src/u8g_pb16v2.c **** /*
   2:u8glib_arm_v1.18.1\src/u8g_pb16v2.c **** 
   3:u8glib_arm_v1.18.1\src/u8g_pb16v2.c ****   u8g_pb16v2.c
   4:u8glib_arm_v1.18.1\src/u8g_pb16v2.c ****   
   5:u8glib_arm_v1.18.1\src/u8g_pb16v2.c ****   16 bit height 2 bit per pixel page buffer
   6:u8glib_arm_v1.18.1\src/u8g_pb16v2.c ****   byte has vertical orientation
   7:u8glib_arm_v1.18.1\src/u8g_pb16v2.c **** 
   8:u8glib_arm_v1.18.1\src/u8g_pb16v2.c ****   Universal 8bit Graphics Library
   9:u8glib_arm_v1.18.1\src/u8g_pb16v2.c ****   
  10:u8glib_arm_v1.18.1\src/u8g_pb16v2.c ****   Copyright (c) 2012, olikraus@gmail.com
  11:u8glib_arm_v1.18.1\src/u8g_pb16v2.c ****   All rights reserved.
  12:u8glib_arm_v1.18.1\src/u8g_pb16v2.c **** 
  13:u8glib_arm_v1.18.1\src/u8g_pb16v2.c ****   Redistribution and use in source and binary forms, with or without modification, 
  14:u8glib_arm_v1.18.1\src/u8g_pb16v2.c ****   are permitted provided that the following conditions are met:
  15:u8glib_arm_v1.18.1\src/u8g_pb16v2.c **** 
  16:u8glib_arm_v1.18.1\src/u8g_pb16v2.c ****   * Redistributions of source code must retain the above copyright notice, this list 
  17:u8glib_arm_v1.18.1\src/u8g_pb16v2.c ****     of conditions and the following disclaimer.
  18:u8glib_arm_v1.18.1\src/u8g_pb16v2.c ****     
  19:u8glib_arm_v1.18.1\src/u8g_pb16v2.c ****   * Redistributions in binary form must reproduce the above copyright notice, this 
  20:u8glib_arm_v1.18.1\src/u8g_pb16v2.c ****     list of conditions and the following disclaimer in the documentation and/or other 
  21:u8glib_arm_v1.18.1\src/u8g_pb16v2.c ****     materials provided with the distribution.
  22:u8glib_arm_v1.18.1\src/u8g_pb16v2.c **** 
  23:u8glib_arm_v1.18.1\src/u8g_pb16v2.c ****   THIS SOFTWARE IS PROVIDED BY THE COPYRIGHT HOLDERS AND 
  24:u8glib_arm_v1.18.1\src/u8g_pb16v2.c ****   CONTRIBUTORS "AS IS" AND ANY EXPRESS OR IMPLIED WARRANTIES, 
  25:u8glib_arm_v1.18.1\src/u8g_pb16v2.c ****   INCLUDING, BUT NOT LIMITED TO, THE IMPLIED WARRANTIES OF 
  26:u8glib_arm_v1.18.1\src/u8g_pb16v2.c ****   MERCHANTABILITY AND FITNESS FOR A PARTICULAR PURPOSE ARE 
  27:u8glib_arm_v1.18.1\src/u8g_pb16v2.c ****   DISCLAIMED. IN NO EVENT SHALL THE COPYRIGHT HOLDER OR 
  28:u8glib_arm_v1.18.1\src/u8g_pb16v2.c ****   CONTRIBUTORS BE LIABLE FOR ANY DIRECT, INDIRECT, INCIDENTAL, 
  29:u8glib_arm_v1.18.1\src/u8g_pb16v2.c ****   SPECIAL, EXEMPLARY, OR CONSEQUENTIAL DAMAGES (INCLUDING, BUT 
  30:u8glib_arm_v1.18.1\src/u8g_pb16v2.c ****   NOT LIMITED TO, PROCUREMENT OF SUBSTITUTE GOODS OR SERVICES; 
  31:u8glib_arm_v1.18.1\src/u8g_pb16v2.c ****   LOSS OF USE, DATA, OR PROFITS; OR BUSINESS INTERRUPTION) HOWEVER 
ARM GAS  C:\Users\KJA\AppData\Local\Temp\ccEnUChu.s 			page 2


  32:u8glib_arm_v1.18.1\src/u8g_pb16v2.c ****   CAUSED AND ON ANY THEORY OF LIABILITY, WHETHER IN CONTRACT, 
  33:u8glib_arm_v1.18.1\src/u8g_pb16v2.c ****   STRICT LIABILITY, OR TORT (INCLUDING NEGLIGENCE OR OTHERWISE) 
  34:u8glib_arm_v1.18.1\src/u8g_pb16v2.c ****   ARISING IN ANY WAY OUT OF THE USE OF THIS SOFTWARE, EVEN IF 
  35:u8glib_arm_v1.18.1\src/u8g_pb16v2.c ****   ADVISED OF THE POSSIBILITY OF SUCH DAMAGE.  
  36:u8glib_arm_v1.18.1\src/u8g_pb16v2.c ****   
  37:u8glib_arm_v1.18.1\src/u8g_pb16v2.c **** 
  38:u8glib_arm_v1.18.1\src/u8g_pb16v2.c **** */
  39:u8glib_arm_v1.18.1\src/u8g_pb16v2.c **** 
  40:u8glib_arm_v1.18.1\src/u8g_pb16v2.c **** #include "u8g.h"
  41:u8glib_arm_v1.18.1\src/u8g_pb16v2.c **** #include <string.h>
  42:u8glib_arm_v1.18.1\src/u8g_pb16v2.c **** 
  43:u8glib_arm_v1.18.1\src/u8g_pb16v2.c **** 
  44:u8glib_arm_v1.18.1\src/u8g_pb16v2.c **** void u8g_pb16v2_Clear(u8g_pb_t *b)
  45:u8glib_arm_v1.18.1\src/u8g_pb16v2.c **** {
  27              		.loc 1 45 0
  28              		.cfi_startproc
  29              		@ args = 0, pretend = 0, frame = 16
  30              		@ frame_needed = 1, uses_anonymous_args = 0
  31              		@ link register save eliminated.
  32 0000 80B4     		push	{r7}
  33              		.cfi_def_cfa_offset 4
  34              		.cfi_offset 7, -4
  35 0002 85B0     		sub	sp, sp, #20
  36              		.cfi_def_cfa_offset 24
  37 0004 00AF     		add	r7, sp, #0
  38              		.cfi_def_cfa_register 7
  39 0006 7860     		str	r0, [r7, #4]
  46:u8glib_arm_v1.18.1\src/u8g_pb16v2.c ****   uint8_t *ptr = (uint8_t *)b->buf;
  40              		.loc 1 46 0
  41 0008 7B68     		ldr	r3, [r7, #4]
  42 000a 9B68     		ldr	r3, [r3, #8]
  43 000c FB60     		str	r3, [r7, #12]
  47:u8glib_arm_v1.18.1\src/u8g_pb16v2.c ****   uint8_t *end_ptr = ptr;
  44              		.loc 1 47 0
  45 000e FB68     		ldr	r3, [r7, #12]
  46 0010 BB60     		str	r3, [r7, #8]
  48:u8glib_arm_v1.18.1\src/u8g_pb16v2.c ****   
  49:u8glib_arm_v1.18.1\src/u8g_pb16v2.c ****   /* two bits per pixel, 16 bits height --> 8 pixel --> 4 pixel per byte */
  50:u8glib_arm_v1.18.1\src/u8g_pb16v2.c ****   end_ptr += b->width;
  47              		.loc 1 50 0
  48 0012 7B68     		ldr	r3, [r7, #4]
  49 0014 5B79     		ldrb	r3, [r3, #5]	@ zero_extendqisi2
  50 0016 1A46     		mov	r2, r3
  51 0018 BB68     		ldr	r3, [r7, #8]
  52 001a 1344     		add	r3, r3, r2
  53 001c BB60     		str	r3, [r7, #8]
  51:u8glib_arm_v1.18.1\src/u8g_pb16v2.c ****   end_ptr += b->width;
  54              		.loc 1 51 0
  55 001e 7B68     		ldr	r3, [r7, #4]
  56 0020 5B79     		ldrb	r3, [r3, #5]	@ zero_extendqisi2
  57 0022 1A46     		mov	r2, r3
  58 0024 BB68     		ldr	r3, [r7, #8]
  59 0026 1344     		add	r3, r3, r2
  60 0028 BB60     		str	r3, [r7, #8]
  61              	.L2:
  52:u8glib_arm_v1.18.1\src/u8g_pb16v2.c ****   
  53:u8glib_arm_v1.18.1\src/u8g_pb16v2.c ****   do
ARM GAS  C:\Users\KJA\AppData\Local\Temp\ccEnUChu.s 			page 3


  54:u8glib_arm_v1.18.1\src/u8g_pb16v2.c ****   {
  55:u8glib_arm_v1.18.1\src/u8g_pb16v2.c ****     *ptr++ = 0;
  62              		.loc 1 55 0 discriminator 1
  63 002a FB68     		ldr	r3, [r7, #12]
  64 002c 5A1C     		adds	r2, r3, #1
  65 002e FA60     		str	r2, [r7, #12]
  66 0030 0022     		movs	r2, #0
  67 0032 1A70     		strb	r2, [r3]
  56:u8glib_arm_v1.18.1\src/u8g_pb16v2.c ****   } while( ptr != end_ptr );
  68              		.loc 1 56 0 discriminator 1
  69 0034 FA68     		ldr	r2, [r7, #12]
  70 0036 BB68     		ldr	r3, [r7, #8]
  71 0038 9A42     		cmp	r2, r3
  72 003a F6D1     		bne	.L2
  57:u8glib_arm_v1.18.1\src/u8g_pb16v2.c **** }
  73              		.loc 1 57 0
  74 003c 1437     		adds	r7, r7, #20
  75              		.cfi_def_cfa_offset 4
  76 003e BD46     		mov	sp, r7
  77              		.cfi_def_cfa_register 13
  78              		@ sp needed
  79 0040 5DF8047B 		ldr	r7, [sp], #4
  80              		.cfi_restore 7
  81              		.cfi_def_cfa_offset 0
  82 0044 7047     		bx	lr
  83              		.cfi_endproc
  84              	.LFE0:
  85              		.size	u8g_pb16v2_Clear, .-u8g_pb16v2_Clear
  86 0046 00BF     		.section	.text.u8g_pb16v2Init,"ax",%progbits
  87              		.align	2
  88              		.global	u8g_pb16v2Init
  89              		.thumb
  90              		.thumb_func
  91              		.type	u8g_pb16v2Init, %function
  92              	u8g_pb16v2Init:
  93              	.LFB1:
  58:u8glib_arm_v1.18.1\src/u8g_pb16v2.c **** 
  59:u8glib_arm_v1.18.1\src/u8g_pb16v2.c **** void u8g_pb16v2Init(u8g_pb_t *b, void *buf, u8g_uint_t width)
  60:u8glib_arm_v1.18.1\src/u8g_pb16v2.c **** {
  94              		.loc 1 60 0
  95              		.cfi_startproc
  96              		@ args = 0, pretend = 0, frame = 16
  97              		@ frame_needed = 1, uses_anonymous_args = 0
  98 0000 80B5     		push	{r7, lr}
  99              		.cfi_def_cfa_offset 8
 100              		.cfi_offset 7, -8
 101              		.cfi_offset 14, -4
 102 0002 84B0     		sub	sp, sp, #16
 103              		.cfi_def_cfa_offset 24
 104 0004 00AF     		add	r7, sp, #0
 105              		.cfi_def_cfa_register 7
 106 0006 F860     		str	r0, [r7, #12]
 107 0008 B960     		str	r1, [r7, #8]
 108 000a 1346     		mov	r3, r2
 109 000c FB71     		strb	r3, [r7, #7]
  61:u8glib_arm_v1.18.1\src/u8g_pb16v2.c ****   b->buf = buf;
 110              		.loc 1 61 0
ARM GAS  C:\Users\KJA\AppData\Local\Temp\ccEnUChu.s 			page 4


 111 000e FB68     		ldr	r3, [r7, #12]
 112 0010 BA68     		ldr	r2, [r7, #8]
 113 0012 9A60     		str	r2, [r3, #8]
  62:u8glib_arm_v1.18.1\src/u8g_pb16v2.c ****   b->width = width;
 114              		.loc 1 62 0
 115 0014 FB68     		ldr	r3, [r7, #12]
 116 0016 FA79     		ldrb	r2, [r7, #7]
 117 0018 5A71     		strb	r2, [r3, #5]
  63:u8glib_arm_v1.18.1\src/u8g_pb16v2.c ****   u8g_pb16v2_Clear(b);
 118              		.loc 1 63 0
 119 001a F868     		ldr	r0, [r7, #12]
 120 001c FFF7FEFF 		bl	u8g_pb16v2_Clear
  64:u8glib_arm_v1.18.1\src/u8g_pb16v2.c **** }
 121              		.loc 1 64 0
 122 0020 1037     		adds	r7, r7, #16
 123              		.cfi_def_cfa_offset 8
 124 0022 BD46     		mov	sp, r7
 125              		.cfi_def_cfa_register 13
 126              		@ sp needed
 127 0024 80BD     		pop	{r7, pc}
 128              		.cfi_endproc
 129              	.LFE1:
 130              		.size	u8g_pb16v2Init, .-u8g_pb16v2Init
 131 0026 00BF     		.section	.text.u8g_pb16v2_set_pixel,"ax",%progbits
 132              		.align	2
 133              		.global	u8g_pb16v2_set_pixel
 134              		.thumb
 135              		.thumb_func
 136              		.type	u8g_pb16v2_set_pixel, %function
 137              	u8g_pb16v2_set_pixel:
 138              	.LFB2:
  65:u8glib_arm_v1.18.1\src/u8g_pb16v2.c **** 
  66:u8glib_arm_v1.18.1\src/u8g_pb16v2.c **** void u8g_pb16v2_set_pixel(u8g_pb_t *b, u8g_uint_t x, u8g_uint_t y, uint8_t color_index)
  67:u8glib_arm_v1.18.1\src/u8g_pb16v2.c **** {
 139              		.loc 1 67 0
 140              		.cfi_startproc
 141              		@ args = 0, pretend = 0, frame = 16
 142              		@ frame_needed = 1, uses_anonymous_args = 0
 143              		@ link register save eliminated.
 144 0000 90B4     		push	{r4, r7}
 145              		.cfi_def_cfa_offset 8
 146              		.cfi_offset 4, -8
 147              		.cfi_offset 7, -4
 148 0002 84B0     		sub	sp, sp, #16
 149              		.cfi_def_cfa_offset 24
 150 0004 00AF     		add	r7, sp, #0
 151              		.cfi_def_cfa_register 7
 152 0006 7860     		str	r0, [r7, #4]
 153 0008 0846     		mov	r0, r1
 154 000a 1146     		mov	r1, r2
 155 000c 1A46     		mov	r2, r3
 156 000e 0346     		mov	r3, r0
 157 0010 FB70     		strb	r3, [r7, #3]
 158 0012 0B46     		mov	r3, r1
 159 0014 BB70     		strb	r3, [r7, #2]
 160 0016 1346     		mov	r3, r2
 161 0018 7B70     		strb	r3, [r7, #1]
ARM GAS  C:\Users\KJA\AppData\Local\Temp\ccEnUChu.s 			page 5


  68:u8glib_arm_v1.18.1\src/u8g_pb16v2.c ****   register uint8_t mask;
  69:u8glib_arm_v1.18.1\src/u8g_pb16v2.c ****   uint8_t *ptr = b->buf;
 162              		.loc 1 69 0
 163 001a 7B68     		ldr	r3, [r7, #4]
 164 001c 9B68     		ldr	r3, [r3, #8]
 165 001e FB60     		str	r3, [r7, #12]
  70:u8glib_arm_v1.18.1\src/u8g_pb16v2.c ****   y -= b->p.page_y0;
 166              		.loc 1 70 0
 167 0020 7B68     		ldr	r3, [r7, #4]
 168 0022 9B78     		ldrb	r3, [r3, #2]	@ zero_extendqisi2
 169 0024 BA78     		ldrb	r2, [r7, #2]
 170 0026 D31A     		subs	r3, r2, r3
 171 0028 BB70     		strb	r3, [r7, #2]
  71:u8glib_arm_v1.18.1\src/u8g_pb16v2.c ****   if ( y >= 4 )
 172              		.loc 1 71 0
 173 002a BB78     		ldrb	r3, [r7, #2]	@ zero_extendqisi2
 174 002c 032B     		cmp	r3, #3
 175 002e 05D9     		bls	.L5
  72:u8glib_arm_v1.18.1\src/u8g_pb16v2.c ****   {
  73:u8glib_arm_v1.18.1\src/u8g_pb16v2.c ****     ptr += b->width;
 176              		.loc 1 73 0
 177 0030 7B68     		ldr	r3, [r7, #4]
 178 0032 5B79     		ldrb	r3, [r3, #5]	@ zero_extendqisi2
 179 0034 1A46     		mov	r2, r3
 180 0036 FB68     		ldr	r3, [r7, #12]
 181 0038 1344     		add	r3, r3, r2
 182 003a FB60     		str	r3, [r7, #12]
 183              	.L5:
  74:u8glib_arm_v1.18.1\src/u8g_pb16v2.c ****   }
  75:u8glib_arm_v1.18.1\src/u8g_pb16v2.c ****   mask = 0x03;
 184              		.loc 1 75 0
 185 003c 0324     		movs	r4, #3
  76:u8glib_arm_v1.18.1\src/u8g_pb16v2.c ****   y &= 0x03;
 186              		.loc 1 76 0
 187 003e BB78     		ldrb	r3, [r7, #2]
 188 0040 03F00303 		and	r3, r3, #3
 189 0044 BB70     		strb	r3, [r7, #2]
  77:u8glib_arm_v1.18.1\src/u8g_pb16v2.c ****   y <<= 1;
 190              		.loc 1 77 0
 191 0046 BB78     		ldrb	r3, [r7, #2]
 192 0048 5B00     		lsls	r3, r3, #1
 193 004a BB70     		strb	r3, [r7, #2]
  78:u8glib_arm_v1.18.1\src/u8g_pb16v2.c ****   mask <<= y;
 194              		.loc 1 78 0
 195 004c 2246     		mov	r2, r4
 196 004e BB78     		ldrb	r3, [r7, #2]	@ zero_extendqisi2
 197 0050 02FA03F3 		lsl	r3, r2, r3
 198 0054 DCB2     		uxtb	r4, r3
  79:u8glib_arm_v1.18.1\src/u8g_pb16v2.c ****   mask ^=0xff;
 199              		.loc 1 79 0
 200 0056 E343     		mvns	r3, r4
 201 0058 DCB2     		uxtb	r4, r3
  80:u8glib_arm_v1.18.1\src/u8g_pb16v2.c ****   color_index &= 3;
 202              		.loc 1 80 0
 203 005a 7B78     		ldrb	r3, [r7, #1]
 204 005c 03F00303 		and	r3, r3, #3
 205 0060 7B70     		strb	r3, [r7, #1]
ARM GAS  C:\Users\KJA\AppData\Local\Temp\ccEnUChu.s 			page 6


  81:u8glib_arm_v1.18.1\src/u8g_pb16v2.c ****   color_index <<= y;
 206              		.loc 1 81 0
 207 0062 7A78     		ldrb	r2, [r7, #1]	@ zero_extendqisi2
 208 0064 BB78     		ldrb	r3, [r7, #2]	@ zero_extendqisi2
 209 0066 02FA03F3 		lsl	r3, r2, r3
 210 006a 7B70     		strb	r3, [r7, #1]
  82:u8glib_arm_v1.18.1\src/u8g_pb16v2.c ****   ptr += x;
 211              		.loc 1 82 0
 212 006c FB78     		ldrb	r3, [r7, #3]	@ zero_extendqisi2
 213 006e FA68     		ldr	r2, [r7, #12]
 214 0070 1344     		add	r3, r3, r2
 215 0072 FB60     		str	r3, [r7, #12]
  83:u8glib_arm_v1.18.1\src/u8g_pb16v2.c ****   *ptr &= mask;
 216              		.loc 1 83 0
 217 0074 FB68     		ldr	r3, [r7, #12]
 218 0076 1B78     		ldrb	r3, [r3]	@ zero_extendqisi2
 219 0078 2340     		ands	r3, r3, r4
 220 007a DAB2     		uxtb	r2, r3
 221 007c FB68     		ldr	r3, [r7, #12]
 222 007e 1A70     		strb	r2, [r3]
  84:u8glib_arm_v1.18.1\src/u8g_pb16v2.c ****   *ptr |= color_index;
 223              		.loc 1 84 0
 224 0080 FB68     		ldr	r3, [r7, #12]
 225 0082 1A78     		ldrb	r2, [r3]	@ zero_extendqisi2
 226 0084 7B78     		ldrb	r3, [r7, #1]
 227 0086 1343     		orrs	r3, r3, r2
 228 0088 DAB2     		uxtb	r2, r3
 229 008a FB68     		ldr	r3, [r7, #12]
 230 008c 1A70     		strb	r2, [r3]
  85:u8glib_arm_v1.18.1\src/u8g_pb16v2.c **** }
 231              		.loc 1 85 0
 232 008e 1037     		adds	r7, r7, #16
 233              		.cfi_def_cfa_offset 8
 234 0090 BD46     		mov	sp, r7
 235              		.cfi_def_cfa_register 13
 236              		@ sp needed
 237 0092 90BC     		pop	{r4, r7}
 238              		.cfi_restore 7
 239              		.cfi_restore 4
 240              		.cfi_def_cfa_offset 0
 241 0094 7047     		bx	lr
 242              		.cfi_endproc
 243              	.LFE2:
 244              		.size	u8g_pb16v2_set_pixel, .-u8g_pb16v2_set_pixel
 245 0096 00BF     		.section	.text.u8g_pb16v2_SetPixel,"ax",%progbits
 246              		.align	2
 247              		.global	u8g_pb16v2_SetPixel
 248              		.thumb
 249              		.thumb_func
 250              		.type	u8g_pb16v2_SetPixel, %function
 251              	u8g_pb16v2_SetPixel:
 252              	.LFB3:
  86:u8glib_arm_v1.18.1\src/u8g_pb16v2.c **** 
  87:u8glib_arm_v1.18.1\src/u8g_pb16v2.c **** 
  88:u8glib_arm_v1.18.1\src/u8g_pb16v2.c **** void u8g_pb16v2_SetPixel(u8g_pb_t *b, const u8g_dev_arg_pixel_t * const arg_pixel)
  89:u8glib_arm_v1.18.1\src/u8g_pb16v2.c **** {
 253              		.loc 1 89 0
ARM GAS  C:\Users\KJA\AppData\Local\Temp\ccEnUChu.s 			page 7


 254              		.cfi_startproc
 255              		@ args = 0, pretend = 0, frame = 8
 256              		@ frame_needed = 1, uses_anonymous_args = 0
 257 0000 80B5     		push	{r7, lr}
 258              		.cfi_def_cfa_offset 8
 259              		.cfi_offset 7, -8
 260              		.cfi_offset 14, -4
 261 0002 82B0     		sub	sp, sp, #8
 262              		.cfi_def_cfa_offset 16
 263 0004 00AF     		add	r7, sp, #0
 264              		.cfi_def_cfa_register 7
 265 0006 7860     		str	r0, [r7, #4]
 266 0008 3960     		str	r1, [r7]
  90:u8glib_arm_v1.18.1\src/u8g_pb16v2.c ****   if ( arg_pixel->y < b->p.page_y0 )
 267              		.loc 1 90 0
 268 000a 3B68     		ldr	r3, [r7]
 269 000c 5A78     		ldrb	r2, [r3, #1]	@ zero_extendqisi2
 270 000e 7B68     		ldr	r3, [r7, #4]
 271 0010 9B78     		ldrb	r3, [r3, #2]	@ zero_extendqisi2
 272 0012 9A42     		cmp	r2, r3
 273 0014 00D2     		bcs	.L7
  91:u8glib_arm_v1.18.1\src/u8g_pb16v2.c ****     return;
 274              		.loc 1 91 0
 275 0016 16E0     		b	.L6
 276              	.L7:
  92:u8glib_arm_v1.18.1\src/u8g_pb16v2.c ****   if ( arg_pixel->y > b->p.page_y1 )
 277              		.loc 1 92 0
 278 0018 3B68     		ldr	r3, [r7]
 279 001a 5A78     		ldrb	r2, [r3, #1]	@ zero_extendqisi2
 280 001c 7B68     		ldr	r3, [r7, #4]
 281 001e DB78     		ldrb	r3, [r3, #3]	@ zero_extendqisi2
 282 0020 9A42     		cmp	r2, r3
 283 0022 00D9     		bls	.L9
  93:u8glib_arm_v1.18.1\src/u8g_pb16v2.c ****     return;
 284              		.loc 1 93 0 discriminator 2
 285 0024 0FE0     		b	.L6
 286              	.L9:
  94:u8glib_arm_v1.18.1\src/u8g_pb16v2.c ****   if ( arg_pixel->x >= b->width )
 287              		.loc 1 94 0
 288 0026 3B68     		ldr	r3, [r7]
 289 0028 1A78     		ldrb	r2, [r3]	@ zero_extendqisi2
 290 002a 7B68     		ldr	r3, [r7, #4]
 291 002c 5B79     		ldrb	r3, [r3, #5]	@ zero_extendqisi2
 292 002e 9A42     		cmp	r2, r3
 293 0030 00D3     		bcc	.L10
  95:u8glib_arm_v1.18.1\src/u8g_pb16v2.c ****     return;
 294              		.loc 1 95 0 discriminator 3
 295 0032 08E0     		b	.L6
 296              	.L10:
  96:u8glib_arm_v1.18.1\src/u8g_pb16v2.c ****   u8g_pb16v2_set_pixel(b, arg_pixel->x, arg_pixel->y, arg_pixel->color);
 297              		.loc 1 96 0
 298 0034 3B68     		ldr	r3, [r7]
 299 0036 1978     		ldrb	r1, [r3]	@ zero_extendqisi2
 300 0038 3B68     		ldr	r3, [r7]
 301 003a 5A78     		ldrb	r2, [r3, #1]	@ zero_extendqisi2
 302 003c 3B68     		ldr	r3, [r7]
 303 003e 1B79     		ldrb	r3, [r3, #4]	@ zero_extendqisi2
ARM GAS  C:\Users\KJA\AppData\Local\Temp\ccEnUChu.s 			page 8


 304 0040 7868     		ldr	r0, [r7, #4]
 305 0042 FFF7FEFF 		bl	u8g_pb16v2_set_pixel
 306              	.L6:
  97:u8glib_arm_v1.18.1\src/u8g_pb16v2.c **** }
 307              		.loc 1 97 0
 308 0046 0837     		adds	r7, r7, #8
 309              		.cfi_def_cfa_offset 8
 310 0048 BD46     		mov	sp, r7
 311              		.cfi_def_cfa_register 13
 312              		@ sp needed
 313 004a 80BD     		pop	{r7, pc}
 314              		.cfi_endproc
 315              	.LFE3:
 316              		.size	u8g_pb16v2_SetPixel, .-u8g_pb16v2_SetPixel
 317              		.section	.text.u8g_pb16v2_Set8PixelStd,"ax",%progbits
 318              		.align	2
 319              		.global	u8g_pb16v2_Set8PixelStd
 320              		.thumb
 321              		.thumb_func
 322              		.type	u8g_pb16v2_Set8PixelStd, %function
 323              	u8g_pb16v2_Set8PixelStd:
 324              	.LFB4:
  98:u8glib_arm_v1.18.1\src/u8g_pb16v2.c **** 
  99:u8glib_arm_v1.18.1\src/u8g_pb16v2.c **** 
 100:u8glib_arm_v1.18.1\src/u8g_pb16v2.c **** void u8g_pb16v2_Set8PixelStd(u8g_pb_t *b, u8g_dev_arg_pixel_t *arg_pixel)
 101:u8glib_arm_v1.18.1\src/u8g_pb16v2.c **** {
 325              		.loc 1 101 0
 326              		.cfi_startproc
 327              		@ args = 0, pretend = 0, frame = 8
 328              		@ frame_needed = 1, uses_anonymous_args = 0
 329 0000 90B5     		push	{r4, r7, lr}
 330              		.cfi_def_cfa_offset 12
 331              		.cfi_offset 4, -12
 332              		.cfi_offset 7, -8
 333              		.cfi_offset 14, -4
 334 0002 83B0     		sub	sp, sp, #12
 335              		.cfi_def_cfa_offset 24
 336 0004 00AF     		add	r7, sp, #0
 337              		.cfi_def_cfa_register 7
 338 0006 7860     		str	r0, [r7, #4]
 339 0008 3960     		str	r1, [r7]
 102:u8glib_arm_v1.18.1\src/u8g_pb16v2.c ****   register uint8_t pixel = arg_pixel->pixel;
 340              		.loc 1 102 0
 341 000a 3B68     		ldr	r3, [r7]
 342 000c 9C78     		ldrb	r4, [r3, #2]	@ zero_extendqisi2
 343              	.L19:
 103:u8glib_arm_v1.18.1\src/u8g_pb16v2.c ****   do
 104:u8glib_arm_v1.18.1\src/u8g_pb16v2.c ****   {
 105:u8glib_arm_v1.18.1\src/u8g_pb16v2.c ****     if ( pixel & 128 )
 344              		.loc 1 105 0
 345 000e E3B2     		uxtb	r3, r4
 346 0010 5BB2     		sxtb	r3, r3
 347 0012 002B     		cmp	r3, #0
 348 0014 03DA     		bge	.L12
 106:u8glib_arm_v1.18.1\src/u8g_pb16v2.c ****     {
 107:u8glib_arm_v1.18.1\src/u8g_pb16v2.c ****       u8g_pb16v2_SetPixel(b, arg_pixel);
 349              		.loc 1 107 0
ARM GAS  C:\Users\KJA\AppData\Local\Temp\ccEnUChu.s 			page 9


 350 0016 7868     		ldr	r0, [r7, #4]
 351 0018 3968     		ldr	r1, [r7]
 352 001a FFF7FEFF 		bl	u8g_pb16v2_SetPixel
 353              	.L12:
 108:u8glib_arm_v1.18.1\src/u8g_pb16v2.c ****     }
 109:u8glib_arm_v1.18.1\src/u8g_pb16v2.c ****     switch( arg_pixel->dir )
 354              		.loc 1 109 0
 355 001e 3B68     		ldr	r3, [r7]
 356 0020 DB78     		ldrb	r3, [r3, #3]	@ zero_extendqisi2
 357 0022 032B     		cmp	r3, #3
 358 0024 26D8     		bhi	.L13
 359 0026 01A2     		adr	r2, .L15
 360 0028 52F823F0 		ldr	pc, [r2, r3, lsl #2]
 361              		.p2align 2
 362              	.L15:
 363 002c 3D000000 		.word	.L14+1
 364 0030 4B000000 		.word	.L16+1
 365 0034 59000000 		.word	.L17+1
 366 0038 67000000 		.word	.L18+1
 367              		.p2align 1
 368              	.L14:
 110:u8glib_arm_v1.18.1\src/u8g_pb16v2.c ****     {
 111:u8glib_arm_v1.18.1\src/u8g_pb16v2.c ****       case 0: arg_pixel->x++; break;
 369              		.loc 1 111 0
 370 003c 3B68     		ldr	r3, [r7]
 371 003e 1B78     		ldrb	r3, [r3]	@ zero_extendqisi2
 372 0040 0133     		adds	r3, r3, #1
 373 0042 DAB2     		uxtb	r2, r3
 374 0044 3B68     		ldr	r3, [r7]
 375 0046 1A70     		strb	r2, [r3]
 376 0048 14E0     		b	.L13
 377              	.L16:
 112:u8glib_arm_v1.18.1\src/u8g_pb16v2.c ****       case 1: arg_pixel->y++; break;
 378              		.loc 1 112 0
 379 004a 3B68     		ldr	r3, [r7]
 380 004c 5B78     		ldrb	r3, [r3, #1]	@ zero_extendqisi2
 381 004e 0133     		adds	r3, r3, #1
 382 0050 DAB2     		uxtb	r2, r3
 383 0052 3B68     		ldr	r3, [r7]
 384 0054 5A70     		strb	r2, [r3, #1]
 385 0056 0DE0     		b	.L13
 386              	.L17:
 113:u8glib_arm_v1.18.1\src/u8g_pb16v2.c ****       case 2: arg_pixel->x--; break;
 387              		.loc 1 113 0
 388 0058 3B68     		ldr	r3, [r7]
 389 005a 1B78     		ldrb	r3, [r3]	@ zero_extendqisi2
 390 005c 013B     		subs	r3, r3, #1
 391 005e DAB2     		uxtb	r2, r3
 392 0060 3B68     		ldr	r3, [r7]
 393 0062 1A70     		strb	r2, [r3]
 394 0064 06E0     		b	.L13
 395              	.L18:
 114:u8glib_arm_v1.18.1\src/u8g_pb16v2.c ****       case 3: arg_pixel->y--; break;
 396              		.loc 1 114 0
 397 0066 3B68     		ldr	r3, [r7]
 398 0068 5B78     		ldrb	r3, [r3, #1]	@ zero_extendqisi2
 399 006a 013B     		subs	r3, r3, #1
ARM GAS  C:\Users\KJA\AppData\Local\Temp\ccEnUChu.s 			page 10


 400 006c DAB2     		uxtb	r2, r3
 401 006e 3B68     		ldr	r3, [r7]
 402 0070 5A70     		strb	r2, [r3, #1]
 403 0072 00BF     		nop
 404              	.L13:
 115:u8glib_arm_v1.18.1\src/u8g_pb16v2.c ****     }
 116:u8glib_arm_v1.18.1\src/u8g_pb16v2.c ****     pixel <<= 1;
 405              		.loc 1 116 0
 406 0074 6300     		lsls	r3, r4, #1
 407 0076 DCB2     		uxtb	r4, r3
 117:u8glib_arm_v1.18.1\src/u8g_pb16v2.c ****   } while( pixel != 0  );
 408              		.loc 1 117 0
 409 0078 002C     		cmp	r4, #0
 410 007a C8D1     		bne	.L19
 118:u8glib_arm_v1.18.1\src/u8g_pb16v2.c **** }
 411              		.loc 1 118 0
 412 007c 0C37     		adds	r7, r7, #12
 413              		.cfi_def_cfa_offset 12
 414 007e BD46     		mov	sp, r7
 415              		.cfi_def_cfa_register 13
 416              		@ sp needed
 417 0080 90BD     		pop	{r4, r7, pc}
 418              		.cfi_endproc
 419              	.LFE4:
 420              		.size	u8g_pb16v2_Set8PixelStd, .-u8g_pb16v2_Set8PixelStd
 421 0082 00BF     		.section	.text.u8g_dev_pb16v2_base_fn,"ax",%progbits
 422              		.align	2
 423              		.global	u8g_dev_pb16v2_base_fn
 424              		.thumb
 425              		.thumb_func
 426              		.type	u8g_dev_pb16v2_base_fn, %function
 427              	u8g_dev_pb16v2_base_fn:
 428              	.LFB5:
 119:u8glib_arm_v1.18.1\src/u8g_pb16v2.c **** 
 120:u8glib_arm_v1.18.1\src/u8g_pb16v2.c **** 
 121:u8glib_arm_v1.18.1\src/u8g_pb16v2.c **** 
 122:u8glib_arm_v1.18.1\src/u8g_pb16v2.c **** uint8_t u8g_dev_pb16v2_base_fn(u8g_t *u8g, u8g_dev_t *dev, uint8_t msg, void *arg)
 123:u8glib_arm_v1.18.1\src/u8g_pb16v2.c **** {
 429              		.loc 1 123 0
 430              		.cfi_startproc
 431              		@ args = 0, pretend = 0, frame = 24
 432              		@ frame_needed = 1, uses_anonymous_args = 0
 433 0000 80B5     		push	{r7, lr}
 434              		.cfi_def_cfa_offset 8
 435              		.cfi_offset 7, -8
 436              		.cfi_offset 14, -4
 437 0002 86B0     		sub	sp, sp, #24
 438              		.cfi_def_cfa_offset 32
 439 0004 00AF     		add	r7, sp, #0
 440              		.cfi_def_cfa_register 7
 441 0006 F860     		str	r0, [r7, #12]
 442 0008 B960     		str	r1, [r7, #8]
 443 000a 3B60     		str	r3, [r7]
 444 000c 1346     		mov	r3, r2
 445 000e FB71     		strb	r3, [r7, #7]
 124:u8glib_arm_v1.18.1\src/u8g_pb16v2.c ****   u8g_pb_t *pb = (u8g_pb_t *)(dev->dev_mem);
 446              		.loc 1 124 0
ARM GAS  C:\Users\KJA\AppData\Local\Temp\ccEnUChu.s 			page 11


 447 0010 BB68     		ldr	r3, [r7, #8]
 448 0012 5B68     		ldr	r3, [r3, #4]
 449 0014 7B61     		str	r3, [r7, #20]
 125:u8glib_arm_v1.18.1\src/u8g_pb16v2.c ****   switch(msg)
 450              		.loc 1 125 0
 451 0016 FB79     		ldrb	r3, [r7, #7]	@ zero_extendqisi2
 452 0018 0A3B     		subs	r3, r3, #10
 453 001a 3E2B     		cmp	r3, #62
 454 001c 00F2BA80 		bhi	.L21
 455 0020 01A2     		adr	r2, .L23
 456 0022 52F823F0 		ldr	pc, [r2, r3, lsl #2]
 457 0026 00BF     		.p2align 2
 458              	.L23:
 459 0028 95010000 		.word	.L21+1
 460 002c 95010000 		.word	.L21+1
 461 0030 95010000 		.word	.L21+1
 462 0034 95010000 		.word	.L21+1
 463 0038 95010000 		.word	.L21+1
 464 003c 95010000 		.word	.L21+1
 465 0040 95010000 		.word	.L21+1
 466 0044 95010000 		.word	.L21+1
 467 0048 95010000 		.word	.L21+1
 468 004c 95010000 		.word	.L21+1
 469 0050 49010000 		.word	.L25+1
 470 0054 59010000 		.word	.L26+1
 471 0058 95010000 		.word	.L21+1
 472 005c 73010000 		.word	.L27+1
 473 0060 95010000 		.word	.L21+1
 474 0064 95010000 		.word	.L21+1
 475 0068 95010000 		.word	.L21+1
 476 006c 95010000 		.word	.L21+1
 477 0070 95010000 		.word	.L21+1
 478 0074 95010000 		.word	.L21+1
 479 0078 95010000 		.word	.L21+1
 480 007c 95010000 		.word	.L21+1
 481 0080 95010000 		.word	.L21+1
 482 0084 95010000 		.word	.L21+1
 483 0088 95010000 		.word	.L21+1
 484 008c 95010000 		.word	.L21+1
 485 0090 95010000 		.word	.L21+1
 486 0094 95010000 		.word	.L21+1
 487 0098 95010000 		.word	.L21+1
 488 009c 95010000 		.word	.L21+1
 489 00a0 95010000 		.word	.L21+1
 490 00a4 95010000 		.word	.L21+1
 491 00a8 95010000 		.word	.L21+1
 492 00ac 95010000 		.word	.L21+1
 493 00b0 95010000 		.word	.L21+1
 494 00b4 95010000 		.word	.L21+1
 495 00b8 95010000 		.word	.L21+1
 496 00bc 95010000 		.word	.L21+1
 497 00c0 95010000 		.word	.L21+1
 498 00c4 95010000 		.word	.L21+1
 499 00c8 3F010000 		.word	.L28+1
 500 00cc 95010000 		.word	.L21+1
 501 00d0 95010000 		.word	.L21+1
 502 00d4 95010000 		.word	.L21+1
ARM GAS  C:\Users\KJA\AppData\Local\Temp\ccEnUChu.s 			page 12


 503 00d8 95010000 		.word	.L21+1
 504 00dc 95010000 		.word	.L21+1
 505 00e0 95010000 		.word	.L21+1
 506 00e4 95010000 		.word	.L21+1
 507 00e8 95010000 		.word	.L21+1
 508 00ec 25010000 		.word	.L29+1
 509 00f0 95010000 		.word	.L21+1
 510 00f4 95010000 		.word	.L21+1
 511 00f8 95010000 		.word	.L21+1
 512 00fc 95010000 		.word	.L21+1
 513 0100 95010000 		.word	.L21+1
 514 0104 95010000 		.word	.L21+1
 515 0108 95010000 		.word	.L21+1
 516 010c 95010000 		.word	.L21+1
 517 0110 95010000 		.word	.L21+1
 518 0114 95010000 		.word	.L21+1
 519 0118 7D010000 		.word	.L32+1
 520 011c 87010000 		.word	.L33+1
 521 0120 91010000 		.word	.L34+1
 522              		.p2align 1
 523              	.L29:
 126:u8glib_arm_v1.18.1\src/u8g_pb16v2.c ****   {
 127:u8glib_arm_v1.18.1\src/u8g_pb16v2.c ****     case U8G_DEV_MSG_SET_8PIXEL:
 128:u8glib_arm_v1.18.1\src/u8g_pb16v2.c ****       if ( u8g_pb_Is8PixelVisible(pb, (u8g_dev_arg_pixel_t *)arg) )
 524              		.loc 1 128 0
 525 0124 7869     		ldr	r0, [r7, #20]
 526 0126 3968     		ldr	r1, [r7]
 527 0128 FFF7FEFF 		bl	u8g_pb_Is8PixelVisible
 528 012c 0346     		mov	r3, r0
 529 012e 002B     		cmp	r3, #0
 530 0130 04D0     		beq	.L35
 129:u8glib_arm_v1.18.1\src/u8g_pb16v2.c ****       {
 130:u8glib_arm_v1.18.1\src/u8g_pb16v2.c ****         u8g_pb16v2_Set8PixelStd(pb, (u8g_dev_arg_pixel_t *)arg);
 531              		.loc 1 130 0
 532 0132 7869     		ldr	r0, [r7, #20]
 533 0134 3968     		ldr	r1, [r7]
 534 0136 FFF7FEFF 		bl	u8g_pb16v2_Set8PixelStd
 131:u8glib_arm_v1.18.1\src/u8g_pb16v2.c ****       }
 132:u8glib_arm_v1.18.1\src/u8g_pb16v2.c ****       break;
 535              		.loc 1 132 0
 536 013a 2BE0     		b	.L21
 537              	.L35:
 538 013c 2AE0     		b	.L21
 539              	.L28:
 133:u8glib_arm_v1.18.1\src/u8g_pb16v2.c ****     case U8G_DEV_MSG_SET_PIXEL:
 134:u8glib_arm_v1.18.1\src/u8g_pb16v2.c ****       u8g_pb16v2_SetPixel(pb, (u8g_dev_arg_pixel_t *)arg);
 540              		.loc 1 134 0
 541 013e 7869     		ldr	r0, [r7, #20]
 542 0140 3968     		ldr	r1, [r7]
 543 0142 FFF7FEFF 		bl	u8g_pb16v2_SetPixel
 135:u8glib_arm_v1.18.1\src/u8g_pb16v2.c ****       break;
 544              		.loc 1 135 0
 545 0146 25E0     		b	.L21
 546              	.L25:
 136:u8glib_arm_v1.18.1\src/u8g_pb16v2.c ****     case U8G_DEV_MSG_INIT:
 137:u8glib_arm_v1.18.1\src/u8g_pb16v2.c ****       break;
 138:u8glib_arm_v1.18.1\src/u8g_pb16v2.c ****     case U8G_DEV_MSG_STOP:
ARM GAS  C:\Users\KJA\AppData\Local\Temp\ccEnUChu.s 			page 13


 139:u8glib_arm_v1.18.1\src/u8g_pb16v2.c ****       break;
 140:u8glib_arm_v1.18.1\src/u8g_pb16v2.c ****     case U8G_DEV_MSG_PAGE_FIRST:
 141:u8glib_arm_v1.18.1\src/u8g_pb16v2.c ****       u8g_pb16v2_Clear(pb);
 547              		.loc 1 141 0
 548 0148 7869     		ldr	r0, [r7, #20]
 549 014a FFF7FEFF 		bl	u8g_pb16v2_Clear
 142:u8glib_arm_v1.18.1\src/u8g_pb16v2.c ****       u8g_page_First(&(pb->p));
 550              		.loc 1 142 0
 551 014e 7B69     		ldr	r3, [r7, #20]
 552 0150 1846     		mov	r0, r3
 553 0152 FFF7FEFF 		bl	u8g_page_First
 143:u8glib_arm_v1.18.1\src/u8g_pb16v2.c ****       break;
 554              		.loc 1 143 0
 555 0156 1DE0     		b	.L21
 556              	.L26:
 144:u8glib_arm_v1.18.1\src/u8g_pb16v2.c ****     case U8G_DEV_MSG_PAGE_NEXT:
 145:u8glib_arm_v1.18.1\src/u8g_pb16v2.c ****       if ( u8g_page_Next(&(pb->p)) == 0 )
 557              		.loc 1 145 0
 558 0158 7B69     		ldr	r3, [r7, #20]
 559 015a 1846     		mov	r0, r3
 560 015c FFF7FEFF 		bl	u8g_page_Next
 561 0160 0346     		mov	r3, r0
 562 0162 002B     		cmp	r3, #0
 563 0164 01D1     		bne	.L36
 146:u8glib_arm_v1.18.1\src/u8g_pb16v2.c ****         return 0;
 564              		.loc 1 146 0
 565 0166 0023     		movs	r3, #0
 566 0168 15E0     		b	.L37
 567              	.L36:
 147:u8glib_arm_v1.18.1\src/u8g_pb16v2.c ****       u8g_pb16v2_Clear(pb);
 568              		.loc 1 147 0
 569 016a 7869     		ldr	r0, [r7, #20]
 570 016c FFF7FEFF 		bl	u8g_pb16v2_Clear
 148:u8glib_arm_v1.18.1\src/u8g_pb16v2.c ****       break;
 571              		.loc 1 148 0
 572 0170 10E0     		b	.L21
 573              	.L27:
 149:u8glib_arm_v1.18.1\src/u8g_pb16v2.c **** #ifdef U8G_DEV_MSG_IS_BBX_INTERSECTION
 150:u8glib_arm_v1.18.1\src/u8g_pb16v2.c ****     case U8G_DEV_MSG_IS_BBX_INTERSECTION:
 151:u8glib_arm_v1.18.1\src/u8g_pb16v2.c ****       return u8g_pb_IsIntersection(pb, (u8g_dev_arg_bbx_t *)arg);
 152:u8glib_arm_v1.18.1\src/u8g_pb16v2.c **** #endif
 153:u8glib_arm_v1.18.1\src/u8g_pb16v2.c ****     case U8G_DEV_MSG_GET_PAGE_BOX:
 154:u8glib_arm_v1.18.1\src/u8g_pb16v2.c ****       u8g_pb_GetPageBox(pb, (u8g_box_t *)arg);
 574              		.loc 1 154 0
 575 0172 7869     		ldr	r0, [r7, #20]
 576 0174 3968     		ldr	r1, [r7]
 577 0176 FFF7FEFF 		bl	u8g_pb_GetPageBox
 155:u8glib_arm_v1.18.1\src/u8g_pb16v2.c ****       break;
 578              		.loc 1 155 0
 579 017a 0BE0     		b	.L21
 580              	.L32:
 156:u8glib_arm_v1.18.1\src/u8g_pb16v2.c ****     case U8G_DEV_MSG_GET_WIDTH:
 157:u8glib_arm_v1.18.1\src/u8g_pb16v2.c ****       *((u8g_uint_t *)arg) = pb->width;
 581              		.loc 1 157 0
 582 017c 7B69     		ldr	r3, [r7, #20]
 583 017e 5A79     		ldrb	r2, [r3, #5]	@ zero_extendqisi2
 584 0180 3B68     		ldr	r3, [r7]
ARM GAS  C:\Users\KJA\AppData\Local\Temp\ccEnUChu.s 			page 14


 585 0182 1A70     		strb	r2, [r3]
 158:u8glib_arm_v1.18.1\src/u8g_pb16v2.c ****       break;
 586              		.loc 1 158 0
 587 0184 06E0     		b	.L21
 588              	.L33:
 159:u8glib_arm_v1.18.1\src/u8g_pb16v2.c ****     case U8G_DEV_MSG_GET_HEIGHT:
 160:u8glib_arm_v1.18.1\src/u8g_pb16v2.c ****       *((u8g_uint_t *)arg) = pb->p.total_height;
 589              		.loc 1 160 0
 590 0186 7B69     		ldr	r3, [r7, #20]
 591 0188 5A78     		ldrb	r2, [r3, #1]	@ zero_extendqisi2
 592 018a 3B68     		ldr	r3, [r7]
 593 018c 1A70     		strb	r2, [r3]
 161:u8glib_arm_v1.18.1\src/u8g_pb16v2.c ****       break;
 594              		.loc 1 161 0
 595 018e 01E0     		b	.L21
 596              	.L34:
 162:u8glib_arm_v1.18.1\src/u8g_pb16v2.c ****     case U8G_DEV_MSG_SET_COLOR_ENTRY:
 163:u8glib_arm_v1.18.1\src/u8g_pb16v2.c ****       break;
 164:u8glib_arm_v1.18.1\src/u8g_pb16v2.c ****     case U8G_DEV_MSG_SET_XY_CB:
 165:u8glib_arm_v1.18.1\src/u8g_pb16v2.c ****       break;
 166:u8glib_arm_v1.18.1\src/u8g_pb16v2.c ****     case U8G_DEV_MSG_GET_MODE:
 167:u8glib_arm_v1.18.1\src/u8g_pb16v2.c ****       return U8G_MODE_GRAY2BIT;
 597              		.loc 1 167 0
 598 0190 0223     		movs	r3, #2
 599 0192 00E0     		b	.L37
 600              	.L21:
 168:u8glib_arm_v1.18.1\src/u8g_pb16v2.c ****   }
 169:u8glib_arm_v1.18.1\src/u8g_pb16v2.c ****   return 1;
 601              		.loc 1 169 0
 602 0194 0123     		movs	r3, #1
 603              	.L37:
 170:u8glib_arm_v1.18.1\src/u8g_pb16v2.c **** }
 604              		.loc 1 170 0
 605 0196 1846     		mov	r0, r3
 606 0198 1837     		adds	r7, r7, #24
 607              		.cfi_def_cfa_offset 8
 608 019a BD46     		mov	sp, r7
 609              		.cfi_def_cfa_register 13
 610              		@ sp needed
 611 019c 80BD     		pop	{r7, pc}
 612              		.cfi_endproc
 613              	.LFE5:
 614              		.size	u8g_dev_pb16v2_base_fn, .-u8g_dev_pb16v2_base_fn
 615 019e 00BF     		.text
 616              	.Letext0:
 617              		.file 2 "c:\\program files (x86)\\cypress\\psoc creator\\4.0\\psoc creator\\import\\gnu\\arm\\4.9.
 618              		.file 3 "c:\\program files (x86)\\cypress\\psoc creator\\4.0\\psoc creator\\import\\gnu\\arm\\4.9.
 619              		.file 4 "u8glib_arm_v1.18.1\\src\\u8g.h"
 620              		.section	.debug_info,"",%progbits
 621              	.Ldebug_info0:
 622 0000 4D060000 		.4byte	0x64d
 623 0004 0400     		.2byte	0x4
 624 0006 00000000 		.4byte	.Ldebug_abbrev0
 625 000a 04       		.byte	0x4
 626 000b 01       		.uleb128 0x1
 627 000c 37020000 		.4byte	.LASF80
 628 0010 01       		.byte	0x1
ARM GAS  C:\Users\KJA\AppData\Local\Temp\ccEnUChu.s 			page 15


 629 0011 42040000 		.4byte	.LASF81
 630 0015 97010000 		.4byte	.LASF82
 631 0019 00000000 		.4byte	.Ldebug_ranges0+0
 632 001d 00000000 		.4byte	0
 633 0021 00000000 		.4byte	.Ldebug_line0
 634 0025 02       		.uleb128 0x2
 635 0026 04       		.byte	0x4
 636 0027 05       		.byte	0x5
 637 0028 696E7400 		.ascii	"int\000"
 638 002c 03       		.uleb128 0x3
 639 002d 04       		.byte	0x4
 640 002e 07       		.byte	0x7
 641 002f 5D010000 		.4byte	.LASF0
 642 0033 04       		.uleb128 0x4
 643 0034 50000000 		.4byte	.LASF2
 644 0038 02       		.byte	0x2
 645 0039 1B       		.byte	0x1b
 646 003a 3E000000 		.4byte	0x3e
 647 003e 03       		.uleb128 0x3
 648 003f 01       		.byte	0x1
 649 0040 06       		.byte	0x6
 650 0041 74000000 		.4byte	.LASF1
 651 0045 04       		.uleb128 0x4
 652 0046 15000000 		.4byte	.LASF3
 653 004a 02       		.byte	0x2
 654 004b 1D       		.byte	0x1d
 655 004c 50000000 		.4byte	0x50
 656 0050 03       		.uleb128 0x3
 657 0051 01       		.byte	0x1
 658 0052 08       		.byte	0x8
 659 0053 24030000 		.4byte	.LASF4
 660 0057 03       		.uleb128 0x3
 661 0058 02       		.byte	0x2
 662 0059 05       		.byte	0x5
 663 005a 47030000 		.4byte	.LASF5
 664 005e 03       		.uleb128 0x3
 665 005f 02       		.byte	0x2
 666 0060 07       		.byte	0x7
 667 0061 B1030000 		.4byte	.LASF6
 668 0065 03       		.uleb128 0x3
 669 0066 04       		.byte	0x4
 670 0067 05       		.byte	0x5
 671 0068 A4000000 		.4byte	.LASF7
 672 006c 03       		.uleb128 0x3
 673 006d 04       		.byte	0x4
 674 006e 07       		.byte	0x7
 675 006f 7A010000 		.4byte	.LASF8
 676 0073 03       		.uleb128 0x3
 677 0074 08       		.byte	0x8
 678 0075 05       		.byte	0x5
 679 0076 66000000 		.4byte	.LASF9
 680 007a 03       		.uleb128 0x3
 681 007b 08       		.byte	0x8
 682 007c 07       		.byte	0x7
 683 007d 33000000 		.4byte	.LASF10
 684 0081 04       		.uleb128 0x4
 685 0082 D0030000 		.4byte	.LASF11
ARM GAS  C:\Users\KJA\AppData\Local\Temp\ccEnUChu.s 			page 16


 686 0086 03       		.byte	0x3
 687 0087 14       		.byte	0x14
 688 0088 33000000 		.4byte	0x33
 689 008c 04       		.uleb128 0x4
 690 008d 6F040000 		.4byte	.LASF12
 691 0091 03       		.byte	0x3
 692 0092 15       		.byte	0x15
 693 0093 45000000 		.4byte	0x45
 694 0097 04       		.uleb128 0x4
 695 0098 C5020000 		.4byte	.LASF13
 696 009c 04       		.byte	0x4
 697 009d 80       		.byte	0x80
 698 009e 8C000000 		.4byte	0x8c
 699 00a2 04       		.uleb128 0x4
 700 00a3 D3000000 		.4byte	.LASF14
 701 00a7 04       		.byte	0x4
 702 00a8 A0       		.byte	0xa0
 703 00a9 AD000000 		.4byte	0xad
 704 00ad 05       		.uleb128 0x5
 705 00ae CC000000 		.4byte	.LASF41
 706 00b2 3C       		.byte	0x3c
 707 00b3 04       		.byte	0x4
 708 00b4 4B04     		.2byte	0x44b
 709 00b6 0D020000 		.4byte	0x20d
 710 00ba 06       		.uleb128 0x6
 711 00bb 91010000 		.4byte	.LASF15
 712 00bf 04       		.byte	0x4
 713 00c0 4D04     		.2byte	0x44d
 714 00c2 02030000 		.4byte	0x302
 715 00c6 00       		.byte	0
 716 00c7 06       		.uleb128 0x6
 717 00c8 A0040000 		.4byte	.LASF16
 718 00cc 04       		.byte	0x4
 719 00cd 4E04     		.2byte	0x44e
 720 00cf 02030000 		.4byte	0x302
 721 00d3 01       		.byte	0x1
 722 00d4 07       		.uleb128 0x7
 723 00d5 64657600 		.ascii	"dev\000"
 724 00d9 04       		.byte	0x4
 725 00da 5104     		.2byte	0x451
 726 00dc 42030000 		.4byte	0x342
 727 00e0 04       		.byte	0x4
 728 00e1 06       		.uleb128 0x6
 729 00e2 1B040000 		.4byte	.LASF17
 730 00e6 04       		.byte	0x4
 731 00e7 5204     		.2byte	0x452
 732 00e9 6E040000 		.4byte	0x46e
 733 00ed 08       		.byte	0x8
 734 00ee 06       		.uleb128 0x6
 735 00ef 68030000 		.4byte	.LASF18
 736 00f3 04       		.byte	0x4
 737 00f4 5304     		.2byte	0x453
 738 00f6 6E040000 		.4byte	0x46e
 739 00fa 0C       		.byte	0xc
 740 00fb 06       		.uleb128 0x6
 741 00fc 6A010000 		.4byte	.LASF19
 742 0100 04       		.byte	0x4
ARM GAS  C:\Users\KJA\AppData\Local\Temp\ccEnUChu.s 			page 17


 743 0101 5404     		.2byte	0x454
 744 0103 8C000000 		.4byte	0x8c
 745 0107 10       		.byte	0x10
 746 0108 06       		.uleb128 0x6
 747 0109 EC000000 		.4byte	.LASF20
 748 010d 04       		.byte	0x4
 749 010e 5404     		.2byte	0x454
 750 0110 8C000000 		.4byte	0x8c
 751 0114 11       		.byte	0x11
 752 0115 06       		.uleb128 0x6
 753 0116 8A000000 		.4byte	.LASF21
 754 011a 04       		.byte	0x4
 755 011b 5504     		.2byte	0x455
 756 011d 8C000000 		.4byte	0x8c
 757 0121 12       		.byte	0x12
 758 0122 06       		.uleb128 0x6
 759 0123 9F030000 		.4byte	.LASF22
 760 0127 04       		.byte	0x4
 761 0128 5604     		.2byte	0x456
 762 012a 8C000000 		.4byte	0x8c
 763 012e 13       		.byte	0x13
 764 012f 06       		.uleb128 0x6
 765 0130 8B030000 		.4byte	.LASF23
 766 0134 04       		.byte	0x4
 767 0135 5704     		.2byte	0x457
 768 0137 02030000 		.4byte	0x302
 769 013b 14       		.byte	0x14
 770 013c 06       		.uleb128 0x6
 771 013d 2E020000 		.4byte	.LASF24
 772 0141 04       		.byte	0x4
 773 0142 5804     		.2byte	0x458
 774 0144 02030000 		.4byte	0x302
 775 0148 15       		.byte	0x15
 776 0149 06       		.uleb128 0x6
 777 014a 9A000000 		.4byte	.LASF25
 778 014e 04       		.byte	0x4
 779 014f 5904     		.2byte	0x459
 780 0151 13040000 		.4byte	0x413
 781 0155 18       		.byte	0x18
 782 0156 06       		.uleb128 0x6
 783 0157 32030000 		.4byte	.LASF26
 784 015b 04       		.byte	0x4
 785 015c 5B04     		.2byte	0x45b
 786 015e 81000000 		.4byte	0x81
 787 0162 1C       		.byte	0x1c
 788 0163 06       		.uleb128 0x6
 789 0164 7B030000 		.4byte	.LASF27
 790 0168 04       		.byte	0x4
 791 0169 5C04     		.2byte	0x45c
 792 016b 81000000 		.4byte	0x81
 793 016f 1D       		.byte	0x1d
 794 0170 06       		.uleb128 0x6
 795 0171 83030000 		.4byte	.LASF28
 796 0175 04       		.byte	0x4
 797 0176 5D04     		.2byte	0x45d
 798 0178 81000000 		.4byte	0x81
 799 017c 1E       		.byte	0x1e
ARM GAS  C:\Users\KJA\AppData\Local\Temp\ccEnUChu.s 			page 18


 800 017d 06       		.uleb128 0x6
 801 017e C4030000 		.4byte	.LASF29
 802 0182 04       		.byte	0x4
 803 0183 5E04     		.2byte	0x45e
 804 0185 8C000000 		.4byte	0x8c
 805 0189 1F       		.byte	0x1f
 806 018a 06       		.uleb128 0x6
 807 018b 0B020000 		.4byte	.LASF30
 808 018f 04       		.byte	0x4
 809 0190 5F04     		.2byte	0x45f
 810 0192 8C000000 		.4byte	0x8c
 811 0196 20       		.byte	0x20
 812 0197 06       		.uleb128 0x6
 813 0198 3E010000 		.4byte	.LASF31
 814 019c 04       		.byte	0x4
 815 019d 6104     		.2byte	0x461
 816 019f 30040000 		.4byte	0x430
 817 01a3 24       		.byte	0x24
 818 01a4 06       		.uleb128 0x6
 819 01a5 FA010000 		.4byte	.LASF32
 820 01a9 04       		.byte	0x4
 821 01aa 6204     		.2byte	0x462
 822 01ac 8C000000 		.4byte	0x8c
 823 01b0 28       		.byte	0x28
 824 01b1 06       		.uleb128 0x6
 825 01b2 4D010000 		.4byte	.LASF33
 826 01b6 04       		.byte	0x4
 827 01b7 6304     		.2byte	0x463
 828 01b9 81000000 		.4byte	0x81
 829 01bd 29       		.byte	0x29
 830 01be 06       		.uleb128 0x6
 831 01bf 0F010000 		.4byte	.LASF34
 832 01c3 04       		.byte	0x4
 833 01c4 6404     		.2byte	0x464
 834 01c6 81000000 		.4byte	0x81
 835 01ca 2A       		.byte	0x2a
 836 01cb 06       		.uleb128 0x6
 837 01cc 87040000 		.4byte	.LASF35
 838 01d0 04       		.byte	0x4
 839 01d1 6504     		.2byte	0x465
 840 01d3 8C000000 		.4byte	0x8c
 841 01d7 2B       		.byte	0x2b
 842 01d8 06       		.uleb128 0x6
 843 01d9 ED010000 		.4byte	.LASF36
 844 01dd 04       		.byte	0x4
 845 01de 6604     		.2byte	0x466
 846 01e0 8C000000 		.4byte	0x8c
 847 01e4 2C       		.byte	0x2c
 848 01e5 06       		.uleb128 0x6
 849 01e6 FC000000 		.4byte	.LASF37
 850 01ea 04       		.byte	0x4
 851 01eb 6804     		.2byte	0x468
 852 01ed 49020000 		.4byte	0x249
 853 01f1 2D       		.byte	0x2d
 854 01f2 06       		.uleb128 0x6
 855 01f3 1F000000 		.4byte	.LASF38
 856 01f7 04       		.byte	0x4
ARM GAS  C:\Users\KJA\AppData\Local\Temp\ccEnUChu.s 			page 19


 857 01f8 6F04     		.2byte	0x46f
 858 01fa 51040000 		.4byte	0x451
 859 01fe 34       		.byte	0x34
 860 01ff 06       		.uleb128 0x6
 861 0200 21020000 		.4byte	.LASF39
 862 0204 04       		.byte	0x4
 863 0205 7104     		.2byte	0x471
 864 0207 B9020000 		.4byte	0x2b9
 865 020b 38       		.byte	0x38
 866 020c 00       		.byte	0
 867 020d 04       		.uleb128 0x4
 868 020e 80000000 		.4byte	.LASF40
 869 0212 04       		.byte	0x4
 870 0213 A1       		.byte	0xa1
 871 0214 18020000 		.4byte	0x218
 872 0218 08       		.uleb128 0x8
 873 0219 51030000 		.4byte	.LASF42
 874 021d 0C       		.byte	0xc
 875 021e 04       		.byte	0x4
 876 021f CF       		.byte	0xcf
 877 0220 49020000 		.4byte	0x249
 878 0224 09       		.uleb128 0x9
 879 0225 FA020000 		.4byte	.LASF43
 880 0229 04       		.byte	0x4
 881 022a D1       		.byte	0xd1
 882 022b 0D030000 		.4byte	0x30d
 883 022f 00       		.byte	0
 884 0230 09       		.uleb128 0x9
 885 0231 E4020000 		.4byte	.LASF44
 886 0235 04       		.byte	0x4
 887 0236 D2       		.byte	0xd2
 888 0237 48030000 		.4byte	0x348
 889 023b 04       		.byte	0x4
 890 023c 09       		.uleb128 0x9
 891 023d 74030000 		.4byte	.LASF45
 892 0241 04       		.byte	0x4
 893 0242 D3       		.byte	0xd3
 894 0243 4A030000 		.4byte	0x34a
 895 0247 08       		.byte	0x8
 896 0248 00       		.byte	0
 897 0249 04       		.uleb128 0x4
 898 024a 10030000 		.4byte	.LASF46
 899 024e 04       		.byte	0x4
 900 024f A3       		.byte	0xa3
 901 0250 54020000 		.4byte	0x254
 902 0254 05       		.uleb128 0x5
 903 0255 00000000 		.4byte	.LASF47
 904 0259 07       		.byte	0x7
 905 025a 04       		.byte	0x4
 906 025b 1D02     		.2byte	0x21d
 907 025d B9020000 		.4byte	0x2b9
 908 0261 07       		.uleb128 0x7
 909 0262 7800     		.ascii	"x\000"
 910 0264 04       		.byte	0x4
 911 0265 1F02     		.2byte	0x21f
 912 0267 02030000 		.4byte	0x302
 913 026b 00       		.byte	0
ARM GAS  C:\Users\KJA\AppData\Local\Temp\ccEnUChu.s 			page 20


 914 026c 07       		.uleb128 0x7
 915 026d 7900     		.ascii	"y\000"
 916 026f 04       		.byte	0x4
 917 0270 1F02     		.2byte	0x21f
 918 0272 02030000 		.4byte	0x302
 919 0276 01       		.byte	0x1
 920 0277 06       		.uleb128 0x6
 921 0278 4A000000 		.4byte	.LASF48
 922 027c 04       		.byte	0x4
 923 027d 2002     		.2byte	0x220
 924 027f 8C000000 		.4byte	0x8c
 925 0283 02       		.byte	0x2
 926 0284 07       		.uleb128 0x7
 927 0285 64697200 		.ascii	"dir\000"
 928 0289 04       		.byte	0x4
 929 028a 2102     		.2byte	0x221
 930 028c 8C000000 		.4byte	0x8c
 931 0290 03       		.byte	0x3
 932 0291 06       		.uleb128 0x6
 933 0292 94030000 		.4byte	.LASF49
 934 0296 04       		.byte	0x4
 935 0297 2202     		.2byte	0x222
 936 0299 8C000000 		.4byte	0x8c
 937 029d 04       		.byte	0x4
 938 029e 06       		.uleb128 0x6
 939 029f 66040000 		.4byte	.LASF50
 940 02a3 04       		.byte	0x4
 941 02a4 2302     		.2byte	0x223
 942 02a6 8C000000 		.4byte	0x8c
 943 02aa 05       		.byte	0x5
 944 02ab 06       		.uleb128 0x6
 945 02ac D5020000 		.4byte	.LASF51
 946 02b0 04       		.byte	0x4
 947 02b1 2402     		.2byte	0x224
 948 02b3 8C000000 		.4byte	0x8c
 949 02b7 06       		.byte	0x6
 950 02b8 00       		.byte	0
 951 02b9 04       		.uleb128 0x4
 952 02ba D2010000 		.4byte	.LASF52
 953 02be 04       		.byte	0x4
 954 02bf A5       		.byte	0xa5
 955 02c0 C4020000 		.4byte	0x2c4
 956 02c4 05       		.uleb128 0x5
 957 02c5 A7040000 		.4byte	.LASF53
 958 02c9 04       		.byte	0x4
 959 02ca 04       		.byte	0x4
 960 02cb 3102     		.2byte	0x231
 961 02cd 02030000 		.4byte	0x302
 962 02d1 07       		.uleb128 0x7
 963 02d2 783000   		.ascii	"x0\000"
 964 02d5 04       		.byte	0x4
 965 02d6 3302     		.2byte	0x233
 966 02d8 02030000 		.4byte	0x302
 967 02dc 00       		.byte	0
 968 02dd 07       		.uleb128 0x7
 969 02de 793000   		.ascii	"y0\000"
 970 02e1 04       		.byte	0x4
ARM GAS  C:\Users\KJA\AppData\Local\Temp\ccEnUChu.s 			page 21


 971 02e2 3302     		.2byte	0x233
 972 02e4 02030000 		.4byte	0x302
 973 02e8 01       		.byte	0x1
 974 02e9 07       		.uleb128 0x7
 975 02ea 783100   		.ascii	"x1\000"
 976 02ed 04       		.byte	0x4
 977 02ee 3302     		.2byte	0x233
 978 02f0 02030000 		.4byte	0x302
 979 02f4 02       		.byte	0x2
 980 02f5 07       		.uleb128 0x7
 981 02f6 793100   		.ascii	"y1\000"
 982 02f9 04       		.byte	0x4
 983 02fa 3302     		.2byte	0x233
 984 02fc 02030000 		.4byte	0x302
 985 0300 03       		.byte	0x3
 986 0301 00       		.byte	0
 987 0302 04       		.uleb128 0x4
 988 0303 E1000000 		.4byte	.LASF54
 989 0307 04       		.byte	0x4
 990 0308 AF       		.byte	0xaf
 991 0309 8C000000 		.4byte	0x8c
 992 030d 04       		.uleb128 0x4
 993 030e 20040000 		.4byte	.LASF55
 994 0312 04       		.byte	0x4
 995 0313 C7       		.byte	0xc7
 996 0314 18030000 		.4byte	0x318
 997 0318 0A       		.uleb128 0xa
 998 0319 04       		.byte	0x4
 999 031a 1E030000 		.4byte	0x31e
 1000 031e 0B       		.uleb128 0xb
 1001 031f 8C000000 		.4byte	0x8c
 1002 0323 3C030000 		.4byte	0x33c
 1003 0327 0C       		.uleb128 0xc
 1004 0328 3C030000 		.4byte	0x33c
 1005 032c 0C       		.uleb128 0xc
 1006 032d 42030000 		.4byte	0x342
 1007 0331 0C       		.uleb128 0xc
 1008 0332 8C000000 		.4byte	0x8c
 1009 0336 0C       		.uleb128 0xc
 1010 0337 48030000 		.4byte	0x348
 1011 033b 00       		.byte	0
 1012 033c 0A       		.uleb128 0xa
 1013 033d 04       		.byte	0x4
 1014 033e A2000000 		.4byte	0xa2
 1015 0342 0A       		.uleb128 0xa
 1016 0343 04       		.byte	0x4
 1017 0344 0D020000 		.4byte	0x20d
 1018 0348 0D       		.uleb128 0xd
 1019 0349 04       		.byte	0x4
 1020 034a 04       		.uleb128 0x4
 1021 034b EC020000 		.4byte	.LASF56
 1022 034f 04       		.byte	0x4
 1023 0350 CA       		.byte	0xca
 1024 0351 55030000 		.4byte	0x355
 1025 0355 0A       		.uleb128 0xa
 1026 0356 04       		.byte	0x4
 1027 0357 5B030000 		.4byte	0x35b
ARM GAS  C:\Users\KJA\AppData\Local\Temp\ccEnUChu.s 			page 22


 1028 035b 0B       		.uleb128 0xb
 1029 035c 8C000000 		.4byte	0x8c
 1030 0360 79030000 		.4byte	0x379
 1031 0364 0C       		.uleb128 0xc
 1032 0365 3C030000 		.4byte	0x33c
 1033 0369 0C       		.uleb128 0xc
 1034 036a 8C000000 		.4byte	0x8c
 1035 036e 0C       		.uleb128 0xc
 1036 036f 8C000000 		.4byte	0x8c
 1037 0373 0C       		.uleb128 0xc
 1038 0374 48030000 		.4byte	0x348
 1039 0378 00       		.byte	0
 1040 0379 05       		.uleb128 0x5
 1041 037a AD000000 		.4byte	.LASF57
 1042 037e 05       		.byte	0x5
 1043 037f 04       		.byte	0x4
 1044 0380 9E03     		.2byte	0x39e
 1045 0382 C8030000 		.4byte	0x3c8
 1046 0386 06       		.uleb128 0x6
 1047 0387 5C030000 		.4byte	.LASF58
 1048 038b 04       		.byte	0x4
 1049 038c A003     		.2byte	0x3a0
 1050 038e 02030000 		.4byte	0x302
 1051 0392 00       		.byte	0
 1052 0393 06       		.uleb128 0x6
 1053 0394 A4030000 		.4byte	.LASF59
 1054 0398 04       		.byte	0x4
 1055 0399 A103     		.2byte	0x3a1
 1056 039b 02030000 		.4byte	0x302
 1057 039f 01       		.byte	0x1
 1058 03a0 06       		.uleb128 0x6
 1059 03a1 77040000 		.4byte	.LASF60
 1060 03a5 04       		.byte	0x4
 1061 03a6 A203     		.2byte	0x3a2
 1062 03a8 02030000 		.4byte	0x302
 1063 03ac 02       		.byte	0x2
 1064 03ad 06       		.uleb128 0x6
 1065 03ae 7F040000 		.4byte	.LASF61
 1066 03b2 04       		.byte	0x4
 1067 03b3 A303     		.2byte	0x3a3
 1068 03b5 02030000 		.4byte	0x302
 1069 03b9 03       		.byte	0x3
 1070 03ba 06       		.uleb128 0x6
 1071 03bb 8C010000 		.4byte	.LASF62
 1072 03bf 04       		.byte	0x4
 1073 03c0 A403     		.2byte	0x3a4
 1074 03c2 8C000000 		.4byte	0x8c
 1075 03c6 04       		.byte	0x4
 1076 03c7 00       		.byte	0
 1077 03c8 0E       		.uleb128 0xe
 1078 03c9 28000000 		.4byte	.LASF63
 1079 03cd 04       		.byte	0x4
 1080 03ce A603     		.2byte	0x3a6
 1081 03d0 79030000 		.4byte	0x379
 1082 03d4 05       		.uleb128 0x5
 1083 03d5 DA020000 		.4byte	.LASF64
 1084 03d9 0C       		.byte	0xc
ARM GAS  C:\Users\KJA\AppData\Local\Temp\ccEnUChu.s 			page 23


 1085 03da 04       		.byte	0x4
 1086 03db AF03     		.2byte	0x3af
 1087 03dd 07040000 		.4byte	0x407
 1088 03e1 07       		.uleb128 0x7
 1089 03e2 7000     		.ascii	"p\000"
 1090 03e4 04       		.byte	0x4
 1091 03e5 B103     		.2byte	0x3b1
 1092 03e7 C8030000 		.4byte	0x3c8
 1093 03eb 00       		.byte	0
 1094 03ec 06       		.uleb128 0x6
 1095 03ed 91010000 		.4byte	.LASF15
 1096 03f1 04       		.byte	0x4
 1097 03f2 B203     		.2byte	0x3b2
 1098 03f4 02030000 		.4byte	0x302
 1099 03f8 05       		.byte	0x5
 1100 03f9 07       		.uleb128 0x7
 1101 03fa 62756600 		.ascii	"buf\000"
 1102 03fe 04       		.byte	0x4
 1103 03ff B303     		.2byte	0x3b3
 1104 0401 48030000 		.4byte	0x348
 1105 0405 08       		.byte	0x8
 1106 0406 00       		.byte	0
 1107 0407 0E       		.uleb128 0xe
 1108 0408 06010000 		.4byte	.LASF65
 1109 040c 04       		.byte	0x4
 1110 040d B503     		.2byte	0x3b5
 1111 040f D4030000 		.4byte	0x3d4
 1112 0413 0E       		.uleb128 0xe
 1113 0414 B9000000 		.4byte	.LASF66
 1114 0418 04       		.byte	0x4
 1115 0419 0D04     		.2byte	0x40d
 1116 041b 1F040000 		.4byte	0x41f
 1117 041f 0A       		.uleb128 0xa
 1118 0420 04       		.byte	0x4
 1119 0421 25040000 		.4byte	0x425
 1120 0425 0F       		.uleb128 0xf
 1121 0426 30040000 		.4byte	0x430
 1122 042a 0C       		.uleb128 0xc
 1123 042b 3C030000 		.4byte	0x33c
 1124 042f 00       		.byte	0
 1125 0430 0E       		.uleb128 0xe
 1126 0431 20010000 		.4byte	.LASF67
 1127 0435 04       		.byte	0x4
 1128 0436 1004     		.2byte	0x410
 1129 0438 3C040000 		.4byte	0x43c
 1130 043c 0A       		.uleb128 0xa
 1131 043d 04       		.byte	0x4
 1132 043e 42040000 		.4byte	0x442
 1133 0442 0B       		.uleb128 0xb
 1134 0443 02030000 		.4byte	0x302
 1135 0447 51040000 		.4byte	0x451
 1136 044b 0C       		.uleb128 0xc
 1137 044c 3C030000 		.4byte	0x33c
 1138 0450 00       		.byte	0
 1139 0451 0E       		.uleb128 0xe
 1140 0452 59000000 		.4byte	.LASF68
 1141 0456 04       		.byte	0x4
ARM GAS  C:\Users\KJA\AppData\Local\Temp\ccEnUChu.s 			page 24


 1142 0457 1304     		.2byte	0x413
 1143 0459 5D040000 		.4byte	0x45d
 1144 045d 0A       		.uleb128 0xa
 1145 045e 04       		.byte	0x4
 1146 045f 63040000 		.4byte	0x463
 1147 0463 0F       		.uleb128 0xf
 1148 0464 6E040000 		.4byte	0x46e
 1149 0468 0C       		.uleb128 0xc
 1150 0469 8C000000 		.4byte	0x8c
 1151 046d 00       		.byte	0
 1152 046e 0A       		.uleb128 0xa
 1153 046f 04       		.byte	0x4
 1154 0470 74040000 		.4byte	0x474
 1155 0474 10       		.uleb128 0x10
 1156 0475 97000000 		.4byte	0x97
 1157 0479 03       		.uleb128 0x3
 1158 047a 04       		.byte	0x4
 1159 047b 07       		.byte	0x7
 1160 047c 18020000 		.4byte	.LASF69
 1161 0480 03       		.uleb128 0x3
 1162 0481 01       		.byte	0x1
 1163 0482 08       		.byte	0x8
 1164 0483 9A030000 		.4byte	.LASF70
 1165 0487 11       		.uleb128 0x11
 1166 0488 DC010000 		.4byte	.LASF72
 1167 048c 01       		.byte	0x1
 1168 048d 2C       		.byte	0x2c
 1169 048e 00000000 		.4byte	.LFB0
 1170 0492 46000000 		.4byte	.LFE0-.LFB0
 1171 0496 01       		.uleb128 0x1
 1172 0497 9C       		.byte	0x9c
 1173 0498 C5040000 		.4byte	0x4c5
 1174 049c 12       		.uleb128 0x12
 1175 049d 6200     		.ascii	"b\000"
 1176 049f 01       		.byte	0x1
 1177 04a0 2C       		.byte	0x2c
 1178 04a1 C5040000 		.4byte	0x4c5
 1179 04a5 02       		.uleb128 0x2
 1180 04a6 91       		.byte	0x91
 1181 04a7 6C       		.sleb128 -20
 1182 04a8 13       		.uleb128 0x13
 1183 04a9 70747200 		.ascii	"ptr\000"
 1184 04ad 01       		.byte	0x1
 1185 04ae 2E       		.byte	0x2e
 1186 04af CB040000 		.4byte	0x4cb
 1187 04b3 02       		.uleb128 0x2
 1188 04b4 91       		.byte	0x91
 1189 04b5 74       		.sleb128 -12
 1190 04b6 14       		.uleb128 0x14
 1191 04b7 D9000000 		.4byte	.LASF71
 1192 04bb 01       		.byte	0x1
 1193 04bc 2F       		.byte	0x2f
 1194 04bd CB040000 		.4byte	0x4cb
 1195 04c1 02       		.uleb128 0x2
 1196 04c2 91       		.byte	0x91
 1197 04c3 70       		.sleb128 -16
 1198 04c4 00       		.byte	0
ARM GAS  C:\Users\KJA\AppData\Local\Temp\ccEnUChu.s 			page 25


 1199 04c5 0A       		.uleb128 0xa
 1200 04c6 04       		.byte	0x4
 1201 04c7 07040000 		.4byte	0x407
 1202 04cb 0A       		.uleb128 0xa
 1203 04cc 04       		.byte	0x4
 1204 04cd 8C000000 		.4byte	0x8c
 1205 04d1 15       		.uleb128 0x15
 1206 04d2 01030000 		.4byte	.LASF73
 1207 04d6 01       		.byte	0x1
 1208 04d7 3B       		.byte	0x3b
 1209 04d8 00000000 		.4byte	.LFB1
 1210 04dc 26000000 		.4byte	.LFE1-.LFB1
 1211 04e0 01       		.uleb128 0x1
 1212 04e1 9C       		.byte	0x9c
 1213 04e2 0F050000 		.4byte	0x50f
 1214 04e6 12       		.uleb128 0x12
 1215 04e7 6200     		.ascii	"b\000"
 1216 04e9 01       		.byte	0x1
 1217 04ea 3B       		.byte	0x3b
 1218 04eb C5040000 		.4byte	0x4c5
 1219 04ef 02       		.uleb128 0x2
 1220 04f0 91       		.byte	0x91
 1221 04f1 74       		.sleb128 -12
 1222 04f2 12       		.uleb128 0x12
 1223 04f3 62756600 		.ascii	"buf\000"
 1224 04f7 01       		.byte	0x1
 1225 04f8 3B       		.byte	0x3b
 1226 04f9 48030000 		.4byte	0x348
 1227 04fd 02       		.uleb128 0x2
 1228 04fe 91       		.byte	0x91
 1229 04ff 70       		.sleb128 -16
 1230 0500 16       		.uleb128 0x16
 1231 0501 91010000 		.4byte	.LASF15
 1232 0505 01       		.byte	0x1
 1233 0506 3B       		.byte	0x3b
 1234 0507 02030000 		.4byte	0x302
 1235 050b 02       		.uleb128 0x2
 1236 050c 91       		.byte	0x91
 1237 050d 6F       		.sleb128 -17
 1238 050e 00       		.byte	0
 1239 050f 11       		.uleb128 0x11
 1240 0510 EF030000 		.4byte	.LASF74
 1241 0514 01       		.byte	0x1
 1242 0515 42       		.byte	0x42
 1243 0516 00000000 		.4byte	.LFB2
 1244 051a 96000000 		.4byte	.LFE2-.LFB2
 1245 051e 01       		.uleb128 0x1
 1246 051f 9C       		.byte	0x9c
 1247 0520 72050000 		.4byte	0x572
 1248 0524 12       		.uleb128 0x12
 1249 0525 6200     		.ascii	"b\000"
 1250 0527 01       		.byte	0x1
 1251 0528 42       		.byte	0x42
 1252 0529 C5040000 		.4byte	0x4c5
 1253 052d 02       		.uleb128 0x2
 1254 052e 91       		.byte	0x91
 1255 052f 6C       		.sleb128 -20
ARM GAS  C:\Users\KJA\AppData\Local\Temp\ccEnUChu.s 			page 26


 1256 0530 12       		.uleb128 0x12
 1257 0531 7800     		.ascii	"x\000"
 1258 0533 01       		.byte	0x1
 1259 0534 42       		.byte	0x42
 1260 0535 02030000 		.4byte	0x302
 1261 0539 02       		.uleb128 0x2
 1262 053a 91       		.byte	0x91
 1263 053b 6B       		.sleb128 -21
 1264 053c 12       		.uleb128 0x12
 1265 053d 7900     		.ascii	"y\000"
 1266 053f 01       		.byte	0x1
 1267 0540 42       		.byte	0x42
 1268 0541 02030000 		.4byte	0x302
 1269 0545 02       		.uleb128 0x2
 1270 0546 91       		.byte	0x91
 1271 0547 6A       		.sleb128 -22
 1272 0548 16       		.uleb128 0x16
 1273 0549 3B030000 		.4byte	.LASF75
 1274 054d 01       		.byte	0x1
 1275 054e 42       		.byte	0x42
 1276 054f 8C000000 		.4byte	0x8c
 1277 0553 02       		.uleb128 0x2
 1278 0554 91       		.byte	0x91
 1279 0555 69       		.sleb128 -23
 1280 0556 14       		.uleb128 0x14
 1281 0557 39010000 		.4byte	.LASF76
 1282 055b 01       		.byte	0x1
 1283 055c 44       		.byte	0x44
 1284 055d 8C000000 		.4byte	0x8c
 1285 0561 01       		.uleb128 0x1
 1286 0562 54       		.byte	0x54
 1287 0563 13       		.uleb128 0x13
 1288 0564 70747200 		.ascii	"ptr\000"
 1289 0568 01       		.byte	0x1
 1290 0569 45       		.byte	0x45
 1291 056a CB040000 		.4byte	0x4cb
 1292 056e 02       		.uleb128 0x2
 1293 056f 91       		.byte	0x91
 1294 0570 74       		.sleb128 -12
 1295 0571 00       		.byte	0
 1296 0572 15       		.uleb128 0x15
 1297 0573 2E040000 		.4byte	.LASF77
 1298 0577 01       		.byte	0x1
 1299 0578 58       		.byte	0x58
 1300 0579 00000000 		.4byte	.LFB3
 1301 057d 4C000000 		.4byte	.LFE3-.LFB3
 1302 0581 01       		.uleb128 0x1
 1303 0582 9C       		.byte	0x9c
 1304 0583 A2050000 		.4byte	0x5a2
 1305 0587 12       		.uleb128 0x12
 1306 0588 6200     		.ascii	"b\000"
 1307 058a 01       		.byte	0x1
 1308 058b 58       		.byte	0x58
 1309 058c C5040000 		.4byte	0x4c5
 1310 0590 02       		.uleb128 0x2
 1311 0591 91       		.byte	0x91
 1312 0592 74       		.sleb128 -12
ARM GAS  C:\Users\KJA\AppData\Local\Temp\ccEnUChu.s 			page 27


 1313 0593 16       		.uleb128 0x16
 1314 0594 FC000000 		.4byte	.LASF37
 1315 0598 01       		.byte	0x1
 1316 0599 58       		.byte	0x58
 1317 059a A2050000 		.4byte	0x5a2
 1318 059e 02       		.uleb128 0x2
 1319 059f 91       		.byte	0x91
 1320 05a0 70       		.sleb128 -16
 1321 05a1 00       		.byte	0
 1322 05a2 10       		.uleb128 0x10
 1323 05a3 A7050000 		.4byte	0x5a7
 1324 05a7 0A       		.uleb128 0xa
 1325 05a8 04       		.byte	0x4
 1326 05a9 AD050000 		.4byte	0x5ad
 1327 05ad 10       		.uleb128 0x10
 1328 05ae 49020000 		.4byte	0x249
 1329 05b2 15       		.uleb128 0x15
 1330 05b3 D7030000 		.4byte	.LASF78
 1331 05b7 01       		.byte	0x1
 1332 05b8 64       		.byte	0x64
 1333 05b9 00000000 		.4byte	.LFB4
 1334 05bd 82000000 		.4byte	.LFE4-.LFB4
 1335 05c1 01       		.uleb128 0x1
 1336 05c2 9C       		.byte	0x9c
 1337 05c3 EF050000 		.4byte	0x5ef
 1338 05c7 12       		.uleb128 0x12
 1339 05c8 6200     		.ascii	"b\000"
 1340 05ca 01       		.byte	0x1
 1341 05cb 64       		.byte	0x64
 1342 05cc C5040000 		.4byte	0x4c5
 1343 05d0 02       		.uleb128 0x2
 1344 05d1 91       		.byte	0x91
 1345 05d2 6C       		.sleb128 -20
 1346 05d3 16       		.uleb128 0x16
 1347 05d4 FC000000 		.4byte	.LASF37
 1348 05d8 01       		.byte	0x1
 1349 05d9 64       		.byte	0x64
 1350 05da EF050000 		.4byte	0x5ef
 1351 05de 02       		.uleb128 0x2
 1352 05df 91       		.byte	0x91
 1353 05e0 68       		.sleb128 -24
 1354 05e1 14       		.uleb128 0x14
 1355 05e2 4A000000 		.4byte	.LASF48
 1356 05e6 01       		.byte	0x1
 1357 05e7 66       		.byte	0x66
 1358 05e8 8C000000 		.4byte	0x8c
 1359 05ec 01       		.uleb128 0x1
 1360 05ed 54       		.byte	0x54
 1361 05ee 00       		.byte	0
 1362 05ef 0A       		.uleb128 0xa
 1363 05f0 04       		.byte	0x4
 1364 05f1 49020000 		.4byte	0x249
 1365 05f5 17       		.uleb128 0x17
 1366 05f6 04040000 		.4byte	.LASF79
 1367 05fa 01       		.byte	0x1
 1368 05fb 7A       		.byte	0x7a
 1369 05fc 8C000000 		.4byte	0x8c
ARM GAS  C:\Users\KJA\AppData\Local\Temp\ccEnUChu.s 			page 28


 1370 0600 00000000 		.4byte	.LFB5
 1371 0604 9E010000 		.4byte	.LFE5-.LFB5
 1372 0608 01       		.uleb128 0x1
 1373 0609 9C       		.byte	0x9c
 1374 060a 12       		.uleb128 0x12
 1375 060b 75386700 		.ascii	"u8g\000"
 1376 060f 01       		.byte	0x1
 1377 0610 7A       		.byte	0x7a
 1378 0611 3C030000 		.4byte	0x33c
 1379 0615 02       		.uleb128 0x2
 1380 0616 91       		.byte	0x91
 1381 0617 6C       		.sleb128 -20
 1382 0618 12       		.uleb128 0x12
 1383 0619 64657600 		.ascii	"dev\000"
 1384 061d 01       		.byte	0x1
 1385 061e 7A       		.byte	0x7a
 1386 061f 42030000 		.4byte	0x342
 1387 0623 02       		.uleb128 0x2
 1388 0624 91       		.byte	0x91
 1389 0625 68       		.sleb128 -24
 1390 0626 12       		.uleb128 0x12
 1391 0627 6D736700 		.ascii	"msg\000"
 1392 062b 01       		.byte	0x1
 1393 062c 7A       		.byte	0x7a
 1394 062d 8C000000 		.4byte	0x8c
 1395 0631 02       		.uleb128 0x2
 1396 0632 91       		.byte	0x91
 1397 0633 67       		.sleb128 -25
 1398 0634 12       		.uleb128 0x12
 1399 0635 61726700 		.ascii	"arg\000"
 1400 0639 01       		.byte	0x1
 1401 063a 7A       		.byte	0x7a
 1402 063b 48030000 		.4byte	0x348
 1403 063f 02       		.uleb128 0x2
 1404 0640 91       		.byte	0x91
 1405 0641 60       		.sleb128 -32
 1406 0642 13       		.uleb128 0x13
 1407 0643 706200   		.ascii	"pb\000"
 1408 0646 01       		.byte	0x1
 1409 0647 7C       		.byte	0x7c
 1410 0648 C5040000 		.4byte	0x4c5
 1411 064c 02       		.uleb128 0x2
 1412 064d 91       		.byte	0x91
 1413 064e 74       		.sleb128 -12
 1414 064f 00       		.byte	0
 1415 0650 00       		.byte	0
 1416              		.section	.debug_abbrev,"",%progbits
 1417              	.Ldebug_abbrev0:
 1418 0000 01       		.uleb128 0x1
 1419 0001 11       		.uleb128 0x11
 1420 0002 01       		.byte	0x1
 1421 0003 25       		.uleb128 0x25
 1422 0004 0E       		.uleb128 0xe
 1423 0005 13       		.uleb128 0x13
 1424 0006 0B       		.uleb128 0xb
 1425 0007 03       		.uleb128 0x3
 1426 0008 0E       		.uleb128 0xe
ARM GAS  C:\Users\KJA\AppData\Local\Temp\ccEnUChu.s 			page 29


 1427 0009 1B       		.uleb128 0x1b
 1428 000a 0E       		.uleb128 0xe
 1429 000b 55       		.uleb128 0x55
 1430 000c 17       		.uleb128 0x17
 1431 000d 11       		.uleb128 0x11
 1432 000e 01       		.uleb128 0x1
 1433 000f 10       		.uleb128 0x10
 1434 0010 17       		.uleb128 0x17
 1435 0011 00       		.byte	0
 1436 0012 00       		.byte	0
 1437 0013 02       		.uleb128 0x2
 1438 0014 24       		.uleb128 0x24
 1439 0015 00       		.byte	0
 1440 0016 0B       		.uleb128 0xb
 1441 0017 0B       		.uleb128 0xb
 1442 0018 3E       		.uleb128 0x3e
 1443 0019 0B       		.uleb128 0xb
 1444 001a 03       		.uleb128 0x3
 1445 001b 08       		.uleb128 0x8
 1446 001c 00       		.byte	0
 1447 001d 00       		.byte	0
 1448 001e 03       		.uleb128 0x3
 1449 001f 24       		.uleb128 0x24
 1450 0020 00       		.byte	0
 1451 0021 0B       		.uleb128 0xb
 1452 0022 0B       		.uleb128 0xb
 1453 0023 3E       		.uleb128 0x3e
 1454 0024 0B       		.uleb128 0xb
 1455 0025 03       		.uleb128 0x3
 1456 0026 0E       		.uleb128 0xe
 1457 0027 00       		.byte	0
 1458 0028 00       		.byte	0
 1459 0029 04       		.uleb128 0x4
 1460 002a 16       		.uleb128 0x16
 1461 002b 00       		.byte	0
 1462 002c 03       		.uleb128 0x3
 1463 002d 0E       		.uleb128 0xe
 1464 002e 3A       		.uleb128 0x3a
 1465 002f 0B       		.uleb128 0xb
 1466 0030 3B       		.uleb128 0x3b
 1467 0031 0B       		.uleb128 0xb
 1468 0032 49       		.uleb128 0x49
 1469 0033 13       		.uleb128 0x13
 1470 0034 00       		.byte	0
 1471 0035 00       		.byte	0
 1472 0036 05       		.uleb128 0x5
 1473 0037 13       		.uleb128 0x13
 1474 0038 01       		.byte	0x1
 1475 0039 03       		.uleb128 0x3
 1476 003a 0E       		.uleb128 0xe
 1477 003b 0B       		.uleb128 0xb
 1478 003c 0B       		.uleb128 0xb
 1479 003d 3A       		.uleb128 0x3a
 1480 003e 0B       		.uleb128 0xb
 1481 003f 3B       		.uleb128 0x3b
 1482 0040 05       		.uleb128 0x5
 1483 0041 01       		.uleb128 0x1
ARM GAS  C:\Users\KJA\AppData\Local\Temp\ccEnUChu.s 			page 30


 1484 0042 13       		.uleb128 0x13
 1485 0043 00       		.byte	0
 1486 0044 00       		.byte	0
 1487 0045 06       		.uleb128 0x6
 1488 0046 0D       		.uleb128 0xd
 1489 0047 00       		.byte	0
 1490 0048 03       		.uleb128 0x3
 1491 0049 0E       		.uleb128 0xe
 1492 004a 3A       		.uleb128 0x3a
 1493 004b 0B       		.uleb128 0xb
 1494 004c 3B       		.uleb128 0x3b
 1495 004d 05       		.uleb128 0x5
 1496 004e 49       		.uleb128 0x49
 1497 004f 13       		.uleb128 0x13
 1498 0050 38       		.uleb128 0x38
 1499 0051 0B       		.uleb128 0xb
 1500 0052 00       		.byte	0
 1501 0053 00       		.byte	0
 1502 0054 07       		.uleb128 0x7
 1503 0055 0D       		.uleb128 0xd
 1504 0056 00       		.byte	0
 1505 0057 03       		.uleb128 0x3
 1506 0058 08       		.uleb128 0x8
 1507 0059 3A       		.uleb128 0x3a
 1508 005a 0B       		.uleb128 0xb
 1509 005b 3B       		.uleb128 0x3b
 1510 005c 05       		.uleb128 0x5
 1511 005d 49       		.uleb128 0x49
 1512 005e 13       		.uleb128 0x13
 1513 005f 38       		.uleb128 0x38
 1514 0060 0B       		.uleb128 0xb
 1515 0061 00       		.byte	0
 1516 0062 00       		.byte	0
 1517 0063 08       		.uleb128 0x8
 1518 0064 13       		.uleb128 0x13
 1519 0065 01       		.byte	0x1
 1520 0066 03       		.uleb128 0x3
 1521 0067 0E       		.uleb128 0xe
 1522 0068 0B       		.uleb128 0xb
 1523 0069 0B       		.uleb128 0xb
 1524 006a 3A       		.uleb128 0x3a
 1525 006b 0B       		.uleb128 0xb
 1526 006c 3B       		.uleb128 0x3b
 1527 006d 0B       		.uleb128 0xb
 1528 006e 01       		.uleb128 0x1
 1529 006f 13       		.uleb128 0x13
 1530 0070 00       		.byte	0
 1531 0071 00       		.byte	0
 1532 0072 09       		.uleb128 0x9
 1533 0073 0D       		.uleb128 0xd
 1534 0074 00       		.byte	0
 1535 0075 03       		.uleb128 0x3
 1536 0076 0E       		.uleb128 0xe
 1537 0077 3A       		.uleb128 0x3a
 1538 0078 0B       		.uleb128 0xb
 1539 0079 3B       		.uleb128 0x3b
 1540 007a 0B       		.uleb128 0xb
ARM GAS  C:\Users\KJA\AppData\Local\Temp\ccEnUChu.s 			page 31


 1541 007b 49       		.uleb128 0x49
 1542 007c 13       		.uleb128 0x13
 1543 007d 38       		.uleb128 0x38
 1544 007e 0B       		.uleb128 0xb
 1545 007f 00       		.byte	0
 1546 0080 00       		.byte	0
 1547 0081 0A       		.uleb128 0xa
 1548 0082 0F       		.uleb128 0xf
 1549 0083 00       		.byte	0
 1550 0084 0B       		.uleb128 0xb
 1551 0085 0B       		.uleb128 0xb
 1552 0086 49       		.uleb128 0x49
 1553 0087 13       		.uleb128 0x13
 1554 0088 00       		.byte	0
 1555 0089 00       		.byte	0
 1556 008a 0B       		.uleb128 0xb
 1557 008b 15       		.uleb128 0x15
 1558 008c 01       		.byte	0x1
 1559 008d 27       		.uleb128 0x27
 1560 008e 19       		.uleb128 0x19
 1561 008f 49       		.uleb128 0x49
 1562 0090 13       		.uleb128 0x13
 1563 0091 01       		.uleb128 0x1
 1564 0092 13       		.uleb128 0x13
 1565 0093 00       		.byte	0
 1566 0094 00       		.byte	0
 1567 0095 0C       		.uleb128 0xc
 1568 0096 05       		.uleb128 0x5
 1569 0097 00       		.byte	0
 1570 0098 49       		.uleb128 0x49
 1571 0099 13       		.uleb128 0x13
 1572 009a 00       		.byte	0
 1573 009b 00       		.byte	0
 1574 009c 0D       		.uleb128 0xd
 1575 009d 0F       		.uleb128 0xf
 1576 009e 00       		.byte	0
 1577 009f 0B       		.uleb128 0xb
 1578 00a0 0B       		.uleb128 0xb
 1579 00a1 00       		.byte	0
 1580 00a2 00       		.byte	0
 1581 00a3 0E       		.uleb128 0xe
 1582 00a4 16       		.uleb128 0x16
 1583 00a5 00       		.byte	0
 1584 00a6 03       		.uleb128 0x3
 1585 00a7 0E       		.uleb128 0xe
 1586 00a8 3A       		.uleb128 0x3a
 1587 00a9 0B       		.uleb128 0xb
 1588 00aa 3B       		.uleb128 0x3b
 1589 00ab 05       		.uleb128 0x5
 1590 00ac 49       		.uleb128 0x49
 1591 00ad 13       		.uleb128 0x13
 1592 00ae 00       		.byte	0
 1593 00af 00       		.byte	0
 1594 00b0 0F       		.uleb128 0xf
 1595 00b1 15       		.uleb128 0x15
 1596 00b2 01       		.byte	0x1
 1597 00b3 27       		.uleb128 0x27
ARM GAS  C:\Users\KJA\AppData\Local\Temp\ccEnUChu.s 			page 32


 1598 00b4 19       		.uleb128 0x19
 1599 00b5 01       		.uleb128 0x1
 1600 00b6 13       		.uleb128 0x13
 1601 00b7 00       		.byte	0
 1602 00b8 00       		.byte	0
 1603 00b9 10       		.uleb128 0x10
 1604 00ba 26       		.uleb128 0x26
 1605 00bb 00       		.byte	0
 1606 00bc 49       		.uleb128 0x49
 1607 00bd 13       		.uleb128 0x13
 1608 00be 00       		.byte	0
 1609 00bf 00       		.byte	0
 1610 00c0 11       		.uleb128 0x11
 1611 00c1 2E       		.uleb128 0x2e
 1612 00c2 01       		.byte	0x1
 1613 00c3 3F       		.uleb128 0x3f
 1614 00c4 19       		.uleb128 0x19
 1615 00c5 03       		.uleb128 0x3
 1616 00c6 0E       		.uleb128 0xe
 1617 00c7 3A       		.uleb128 0x3a
 1618 00c8 0B       		.uleb128 0xb
 1619 00c9 3B       		.uleb128 0x3b
 1620 00ca 0B       		.uleb128 0xb
 1621 00cb 27       		.uleb128 0x27
 1622 00cc 19       		.uleb128 0x19
 1623 00cd 11       		.uleb128 0x11
 1624 00ce 01       		.uleb128 0x1
 1625 00cf 12       		.uleb128 0x12
 1626 00d0 06       		.uleb128 0x6
 1627 00d1 40       		.uleb128 0x40
 1628 00d2 18       		.uleb128 0x18
 1629 00d3 9742     		.uleb128 0x2117
 1630 00d5 19       		.uleb128 0x19
 1631 00d6 01       		.uleb128 0x1
 1632 00d7 13       		.uleb128 0x13
 1633 00d8 00       		.byte	0
 1634 00d9 00       		.byte	0
 1635 00da 12       		.uleb128 0x12
 1636 00db 05       		.uleb128 0x5
 1637 00dc 00       		.byte	0
 1638 00dd 03       		.uleb128 0x3
 1639 00de 08       		.uleb128 0x8
 1640 00df 3A       		.uleb128 0x3a
 1641 00e0 0B       		.uleb128 0xb
 1642 00e1 3B       		.uleb128 0x3b
 1643 00e2 0B       		.uleb128 0xb
 1644 00e3 49       		.uleb128 0x49
 1645 00e4 13       		.uleb128 0x13
 1646 00e5 02       		.uleb128 0x2
 1647 00e6 18       		.uleb128 0x18
 1648 00e7 00       		.byte	0
 1649 00e8 00       		.byte	0
 1650 00e9 13       		.uleb128 0x13
 1651 00ea 34       		.uleb128 0x34
 1652 00eb 00       		.byte	0
 1653 00ec 03       		.uleb128 0x3
 1654 00ed 08       		.uleb128 0x8
ARM GAS  C:\Users\KJA\AppData\Local\Temp\ccEnUChu.s 			page 33


 1655 00ee 3A       		.uleb128 0x3a
 1656 00ef 0B       		.uleb128 0xb
 1657 00f0 3B       		.uleb128 0x3b
 1658 00f1 0B       		.uleb128 0xb
 1659 00f2 49       		.uleb128 0x49
 1660 00f3 13       		.uleb128 0x13
 1661 00f4 02       		.uleb128 0x2
 1662 00f5 18       		.uleb128 0x18
 1663 00f6 00       		.byte	0
 1664 00f7 00       		.byte	0
 1665 00f8 14       		.uleb128 0x14
 1666 00f9 34       		.uleb128 0x34
 1667 00fa 00       		.byte	0
 1668 00fb 03       		.uleb128 0x3
 1669 00fc 0E       		.uleb128 0xe
 1670 00fd 3A       		.uleb128 0x3a
 1671 00fe 0B       		.uleb128 0xb
 1672 00ff 3B       		.uleb128 0x3b
 1673 0100 0B       		.uleb128 0xb
 1674 0101 49       		.uleb128 0x49
 1675 0102 13       		.uleb128 0x13
 1676 0103 02       		.uleb128 0x2
 1677 0104 18       		.uleb128 0x18
 1678 0105 00       		.byte	0
 1679 0106 00       		.byte	0
 1680 0107 15       		.uleb128 0x15
 1681 0108 2E       		.uleb128 0x2e
 1682 0109 01       		.byte	0x1
 1683 010a 3F       		.uleb128 0x3f
 1684 010b 19       		.uleb128 0x19
 1685 010c 03       		.uleb128 0x3
 1686 010d 0E       		.uleb128 0xe
 1687 010e 3A       		.uleb128 0x3a
 1688 010f 0B       		.uleb128 0xb
 1689 0110 3B       		.uleb128 0x3b
 1690 0111 0B       		.uleb128 0xb
 1691 0112 27       		.uleb128 0x27
 1692 0113 19       		.uleb128 0x19
 1693 0114 11       		.uleb128 0x11
 1694 0115 01       		.uleb128 0x1
 1695 0116 12       		.uleb128 0x12
 1696 0117 06       		.uleb128 0x6
 1697 0118 40       		.uleb128 0x40
 1698 0119 18       		.uleb128 0x18
 1699 011a 9642     		.uleb128 0x2116
 1700 011c 19       		.uleb128 0x19
 1701 011d 01       		.uleb128 0x1
 1702 011e 13       		.uleb128 0x13
 1703 011f 00       		.byte	0
 1704 0120 00       		.byte	0
 1705 0121 16       		.uleb128 0x16
 1706 0122 05       		.uleb128 0x5
 1707 0123 00       		.byte	0
 1708 0124 03       		.uleb128 0x3
 1709 0125 0E       		.uleb128 0xe
 1710 0126 3A       		.uleb128 0x3a
 1711 0127 0B       		.uleb128 0xb
ARM GAS  C:\Users\KJA\AppData\Local\Temp\ccEnUChu.s 			page 34


 1712 0128 3B       		.uleb128 0x3b
 1713 0129 0B       		.uleb128 0xb
 1714 012a 49       		.uleb128 0x49
 1715 012b 13       		.uleb128 0x13
 1716 012c 02       		.uleb128 0x2
 1717 012d 18       		.uleb128 0x18
 1718 012e 00       		.byte	0
 1719 012f 00       		.byte	0
 1720 0130 17       		.uleb128 0x17
 1721 0131 2E       		.uleb128 0x2e
 1722 0132 01       		.byte	0x1
 1723 0133 3F       		.uleb128 0x3f
 1724 0134 19       		.uleb128 0x19
 1725 0135 03       		.uleb128 0x3
 1726 0136 0E       		.uleb128 0xe
 1727 0137 3A       		.uleb128 0x3a
 1728 0138 0B       		.uleb128 0xb
 1729 0139 3B       		.uleb128 0x3b
 1730 013a 0B       		.uleb128 0xb
 1731 013b 27       		.uleb128 0x27
 1732 013c 19       		.uleb128 0x19
 1733 013d 49       		.uleb128 0x49
 1734 013e 13       		.uleb128 0x13
 1735 013f 11       		.uleb128 0x11
 1736 0140 01       		.uleb128 0x1
 1737 0141 12       		.uleb128 0x12
 1738 0142 06       		.uleb128 0x6
 1739 0143 40       		.uleb128 0x40
 1740 0144 18       		.uleb128 0x18
 1741 0145 9642     		.uleb128 0x2116
 1742 0147 19       		.uleb128 0x19
 1743 0148 00       		.byte	0
 1744 0149 00       		.byte	0
 1745 014a 00       		.byte	0
 1746              		.section	.debug_aranges,"",%progbits
 1747 0000 44000000 		.4byte	0x44
 1748 0004 0200     		.2byte	0x2
 1749 0006 00000000 		.4byte	.Ldebug_info0
 1750 000a 04       		.byte	0x4
 1751 000b 00       		.byte	0
 1752 000c 0000     		.2byte	0
 1753 000e 0000     		.2byte	0
 1754 0010 00000000 		.4byte	.LFB0
 1755 0014 46000000 		.4byte	.LFE0-.LFB0
 1756 0018 00000000 		.4byte	.LFB1
 1757 001c 26000000 		.4byte	.LFE1-.LFB1
 1758 0020 00000000 		.4byte	.LFB2
 1759 0024 96000000 		.4byte	.LFE2-.LFB2
 1760 0028 00000000 		.4byte	.LFB3
 1761 002c 4C000000 		.4byte	.LFE3-.LFB3
 1762 0030 00000000 		.4byte	.LFB4
 1763 0034 82000000 		.4byte	.LFE4-.LFB4
 1764 0038 00000000 		.4byte	.LFB5
 1765 003c 9E010000 		.4byte	.LFE5-.LFB5
 1766 0040 00000000 		.4byte	0
 1767 0044 00000000 		.4byte	0
 1768              		.section	.debug_ranges,"",%progbits
ARM GAS  C:\Users\KJA\AppData\Local\Temp\ccEnUChu.s 			page 35


 1769              	.Ldebug_ranges0:
 1770 0000 00000000 		.4byte	.LFB0
 1771 0004 46000000 		.4byte	.LFE0
 1772 0008 00000000 		.4byte	.LFB1
 1773 000c 26000000 		.4byte	.LFE1
 1774 0010 00000000 		.4byte	.LFB2
 1775 0014 96000000 		.4byte	.LFE2
 1776 0018 00000000 		.4byte	.LFB3
 1777 001c 4C000000 		.4byte	.LFE3
 1778 0020 00000000 		.4byte	.LFB4
 1779 0024 82000000 		.4byte	.LFE4
 1780 0028 00000000 		.4byte	.LFB5
 1781 002c 9E010000 		.4byte	.LFE5
 1782 0030 00000000 		.4byte	0
 1783 0034 00000000 		.4byte	0
 1784              		.section	.debug_line,"",%progbits
 1785              	.Ldebug_line0:
 1786 0000 F6010000 		.section	.debug_str,"MS",%progbits,1
 1786      02003B01 
 1786      00000201 
 1786      FB0E0D00 
 1786      01010101 
 1787              	.LASF47:
 1788 0000 5F753867 		.ascii	"_u8g_dev_arg_pixel_t\000"
 1788      5F646576 
 1788      5F617267 
 1788      5F706978 
 1788      656C5F74 
 1789              	.LASF3:
 1790 0015 5F5F7569 		.ascii	"__uint8_t\000"
 1790      6E74385F 
 1790      7400
 1791              	.LASF38:
 1792 001f 73746174 		.ascii	"state_cb\000"
 1792      655F6362 
 1792      00
 1793              	.LASF63:
 1794 0028 7538675F 		.ascii	"u8g_page_t\000"
 1794      70616765 
 1794      5F7400
 1795              	.LASF10:
 1796 0033 6C6F6E67 		.ascii	"long long unsigned int\000"
 1796      206C6F6E 
 1796      6720756E 
 1796      7369676E 
 1796      65642069 
 1797              	.LASF48:
 1798 004a 70697865 		.ascii	"pixel\000"
 1798      6C00
 1799              	.LASF2:
 1800 0050 5F5F696E 		.ascii	"__int8_t\000"
 1800      74385F74 
 1800      00
 1801              	.LASF68:
 1802 0059 7538675F 		.ascii	"u8g_state_cb\000"
 1802      73746174 
 1802      655F6362 
ARM GAS  C:\Users\KJA\AppData\Local\Temp\ccEnUChu.s 			page 36


 1802      00
 1803              	.LASF9:
 1804 0066 6C6F6E67 		.ascii	"long long int\000"
 1804      206C6F6E 
 1804      6720696E 
 1804      7400
 1805              	.LASF1:
 1806 0074 7369676E 		.ascii	"signed char\000"
 1806      65642063 
 1806      68617200 
 1807              	.LASF40:
 1808 0080 7538675F 		.ascii	"u8g_dev_t\000"
 1808      6465765F 
 1808      7400
 1809              	.LASF21:
 1810 008a 63757273 		.ascii	"cursor_encoding\000"
 1810      6F725F65 
 1810      6E636F64 
 1810      696E6700 
 1811              	.LASF25:
 1812 009a 63757273 		.ascii	"cursor_fn\000"
 1812      6F725F66 
 1812      6E00
 1813              	.LASF7:
 1814 00a4 6C6F6E67 		.ascii	"long int\000"
 1814      20696E74 
 1814      00
 1815              	.LASF57:
 1816 00ad 5F753867 		.ascii	"_u8g_page_t\000"
 1816      5F706167 
 1816      655F7400 
 1817              	.LASF66:
 1818 00b9 7538675F 		.ascii	"u8g_draw_cursor_fn\000"
 1818      64726177 
 1818      5F637572 
 1818      736F725F 
 1818      666E00
 1819              	.LASF41:
 1820 00cc 5F753867 		.ascii	"_u8g_t\000"
 1820      5F7400
 1821              	.LASF14:
 1822 00d3 7538675F 		.ascii	"u8g_t\000"
 1822      7400
 1823              	.LASF71:
 1824 00d9 656E645F 		.ascii	"end_ptr\000"
 1824      70747200 
 1825              	.LASF54:
 1826 00e1 7538675F 		.ascii	"u8g_uint_t\000"
 1826      75696E74 
 1826      5F7400
 1827              	.LASF20:
 1828 00ec 63757273 		.ascii	"cursor_bg_color\000"
 1828      6F725F62 
 1828      675F636F 
 1828      6C6F7200 
 1829              	.LASF37:
 1830 00fc 6172675F 		.ascii	"arg_pixel\000"
ARM GAS  C:\Users\KJA\AppData\Local\Temp\ccEnUChu.s 			page 37


 1830      70697865 
 1830      6C00
 1831              	.LASF65:
 1832 0106 7538675F 		.ascii	"u8g_pb_t\000"
 1832      70625F74 
 1832      00
 1833              	.LASF34:
 1834 010f 666F6E74 		.ascii	"font_ref_descent\000"
 1834      5F726566 
 1834      5F646573 
 1834      63656E74 
 1834      00
 1835              	.LASF67:
 1836 0120 7538675F 		.ascii	"u8g_font_calc_vref_fnptr\000"
 1836      666F6E74 
 1836      5F63616C 
 1836      635F7672 
 1836      65665F66 
 1837              	.LASF76:
 1838 0139 6D61736B 		.ascii	"mask\000"
 1838      00
 1839              	.LASF31:
 1840 013e 666F6E74 		.ascii	"font_calc_vref\000"
 1840      5F63616C 
 1840      635F7672 
 1840      656600
 1841              	.LASF33:
 1842 014d 666F6E74 		.ascii	"font_ref_ascent\000"
 1842      5F726566 
 1842      5F617363 
 1842      656E7400 
 1843              	.LASF0:
 1844 015d 756E7369 		.ascii	"unsigned int\000"
 1844      676E6564 
 1844      20696E74 
 1844      00
 1845              	.LASF19:
 1846 016a 63757273 		.ascii	"cursor_fg_color\000"
 1846      6F725F66 
 1846      675F636F 
 1846      6C6F7200 
 1847              	.LASF8:
 1848 017a 6C6F6E67 		.ascii	"long unsigned int\000"
 1848      20756E73 
 1848      69676E65 
 1848      6420696E 
 1848      7400
 1849              	.LASF62:
 1850 018c 70616765 		.ascii	"page\000"
 1850      00
 1851              	.LASF15:
 1852 0191 77696474 		.ascii	"width\000"
 1852      6800
 1853              	.LASF82:
 1854 0197 443A5C57 		.ascii	"D:\\Workspace\\PSoC_Creator\\Active_Load\\Active_Lo"
 1854      6F726B73 
 1854      70616365 
ARM GAS  C:\Users\KJA\AppData\Local\Temp\ccEnUChu.s 			page 38


 1854      5C50536F 
 1854      435F4372 
 1855 01c6 61645F76 		.ascii	"ad_v9.cydsn\000"
 1855      392E6379 
 1855      64736E00 
 1856              	.LASF52:
 1857 01d2 7538675F 		.ascii	"u8g_box_t\000"
 1857      626F785F 
 1857      7400
 1858              	.LASF72:
 1859 01dc 7538675F 		.ascii	"u8g_pb16v2_Clear\000"
 1859      70623136 
 1859      76325F43 
 1859      6C656172 
 1859      00
 1860              	.LASF36:
 1861 01ed 6C696E65 		.ascii	"line_spacing\000"
 1861      5F737061 
 1861      63696E67 
 1861      00
 1862              	.LASF32:
 1863 01fa 666F6E74 		.ascii	"font_height_mode\000"
 1863      5F686569 
 1863      6768745F 
 1863      6D6F6465 
 1863      00
 1864              	.LASF30:
 1865 020b 676C7970 		.ascii	"glyph_height\000"
 1865      685F6865 
 1865      69676874 
 1865      00
 1866              	.LASF69:
 1867 0218 73697A65 		.ascii	"sizetype\000"
 1867      74797065 
 1867      00
 1868              	.LASF39:
 1869 0221 63757272 		.ascii	"current_page\000"
 1869      656E745F 
 1869      70616765 
 1869      00
 1870              	.LASF24:
 1871 022e 63757273 		.ascii	"cursor_y\000"
 1871      6F725F79 
 1871      00
 1872              	.LASF80:
 1873 0237 474E5520 		.ascii	"GNU C 4.9.3 20150303 (release) [ARM/embedded-4_9-br"
 1873      4320342E 
 1873      392E3320 
 1873      32303135 
 1873      30333033 
 1874 026a 616E6368 		.ascii	"anch revision 221220] -mcpu=cortex-m3 -mthumb -g -O"
 1874      20726576 
 1874      6973696F 
 1874      6E203232 
 1874      31323230 
 1875 029d 30202D66 		.ascii	"0 -ffunction-sections -ffat-lto-objects\000"
 1875      66756E63 
ARM GAS  C:\Users\KJA\AppData\Local\Temp\ccEnUChu.s 			page 39


 1875      74696F6E 
 1875      2D736563 
 1875      74696F6E 
 1876              	.LASF13:
 1877 02c5 7538675F 		.ascii	"u8g_pgm_uint8_t\000"
 1877      70676D5F 
 1877      75696E74 
 1877      385F7400 
 1878              	.LASF51:
 1879 02d5 626C7565 		.ascii	"blue\000"
 1879      00
 1880              	.LASF64:
 1881 02da 5F753867 		.ascii	"_u8g_pb_t\000"
 1881      5F70625F 
 1881      7400
 1882              	.LASF44:
 1883 02e4 6465765F 		.ascii	"dev_mem\000"
 1883      6D656D00 
 1884              	.LASF56:
 1885 02ec 7538675F 		.ascii	"u8g_com_fnptr\000"
 1885      636F6D5F 
 1885      666E7074 
 1885      7200
 1886              	.LASF43:
 1887 02fa 6465765F 		.ascii	"dev_fn\000"
 1887      666E00
 1888              	.LASF73:
 1889 0301 7538675F 		.ascii	"u8g_pb16v2Init\000"
 1889      70623136 
 1889      7632496E 
 1889      697400
 1890              	.LASF46:
 1891 0310 7538675F 		.ascii	"u8g_dev_arg_pixel_t\000"
 1891      6465765F 
 1891      6172675F 
 1891      70697865 
 1891      6C5F7400 
 1892              	.LASF4:
 1893 0324 756E7369 		.ascii	"unsigned char\000"
 1893      676E6564 
 1893      20636861 
 1893      7200
 1894              	.LASF26:
 1895 0332 676C7970 		.ascii	"glyph_dx\000"
 1895      685F6478 
 1895      00
 1896              	.LASF75:
 1897 033b 636F6C6F 		.ascii	"color_index\000"
 1897      725F696E 
 1897      64657800 
 1898              	.LASF5:
 1899 0347 73686F72 		.ascii	"short int\000"
 1899      7420696E 
 1899      7400
 1900              	.LASF42:
 1901 0351 5F753867 		.ascii	"_u8g_dev_t\000"
 1901      5F646576 
ARM GAS  C:\Users\KJA\AppData\Local\Temp\ccEnUChu.s 			page 40


 1901      5F7400
 1902              	.LASF58:
 1903 035c 70616765 		.ascii	"page_height\000"
 1903      5F686569 
 1903      67687400 
 1904              	.LASF18:
 1905 0368 63757273 		.ascii	"cursor_font\000"
 1905      6F725F66 
 1905      6F6E7400 
 1906              	.LASF45:
 1907 0374 636F6D5F 		.ascii	"com_fn\000"
 1907      666E00
 1908              	.LASF27:
 1909 037b 676C7970 		.ascii	"glyph_x\000"
 1909      685F7800 
 1910              	.LASF28:
 1911 0383 676C7970 		.ascii	"glyph_y\000"
 1911      685F7900 
 1912              	.LASF23:
 1913 038b 63757273 		.ascii	"cursor_x\000"
 1913      6F725F78 
 1913      00
 1914              	.LASF49:
 1915 0394 636F6C6F 		.ascii	"color\000"
 1915      7200
 1916              	.LASF70:
 1917 039a 63686172 		.ascii	"char\000"
 1917      00
 1918              	.LASF22:
 1919 039f 6D6F6465 		.ascii	"mode\000"
 1919      00
 1920              	.LASF59:
 1921 03a4 746F7461 		.ascii	"total_height\000"
 1921      6C5F6865 
 1921      69676874 
 1921      00
 1922              	.LASF6:
 1923 03b1 73686F72 		.ascii	"short unsigned int\000"
 1923      7420756E 
 1923      7369676E 
 1923      65642069 
 1923      6E7400
 1924              	.LASF29:
 1925 03c4 676C7970 		.ascii	"glyph_width\000"
 1925      685F7769 
 1925      64746800 
 1926              	.LASF11:
 1927 03d0 696E7438 		.ascii	"int8_t\000"
 1927      5F7400
 1928              	.LASF78:
 1929 03d7 7538675F 		.ascii	"u8g_pb16v2_Set8PixelStd\000"
 1929      70623136 
 1929      76325F53 
 1929      65743850 
 1929      6978656C 
 1930              	.LASF74:
 1931 03ef 7538675F 		.ascii	"u8g_pb16v2_set_pixel\000"
ARM GAS  C:\Users\KJA\AppData\Local\Temp\ccEnUChu.s 			page 41


 1931      70623136 
 1931      76325F73 
 1931      65745F70 
 1931      6978656C 
 1932              	.LASF79:
 1933 0404 7538675F 		.ascii	"u8g_dev_pb16v2_base_fn\000"
 1933      6465765F 
 1933      70623136 
 1933      76325F62 
 1933      6173655F 
 1934              	.LASF17:
 1935 041b 666F6E74 		.ascii	"font\000"
 1935      00
 1936              	.LASF55:
 1937 0420 7538675F 		.ascii	"u8g_dev_fnptr\000"
 1937      6465765F 
 1937      666E7074 
 1937      7200
 1938              	.LASF77:
 1939 042e 7538675F 		.ascii	"u8g_pb16v2_SetPixel\000"
 1939      70623136 
 1939      76325F53 
 1939      65745069 
 1939      78656C00 
 1940              	.LASF81:
 1941 0442 7538676C 		.ascii	"u8glib_arm_v1.18.1\\src\\u8g_pb16v2.c\000"
 1941      69625F61 
 1941      726D5F76 
 1941      312E3138 
 1941      2E315C73 
 1942              	.LASF50:
 1943 0466 68695F63 		.ascii	"hi_color\000"
 1943      6F6C6F72 
 1943      00
 1944              	.LASF12:
 1945 046f 75696E74 		.ascii	"uint8_t\000"
 1945      385F7400 
 1946              	.LASF60:
 1947 0477 70616765 		.ascii	"page_y0\000"
 1947      5F793000 
 1948              	.LASF61:
 1949 047f 70616765 		.ascii	"page_y1\000"
 1949      5F793100 
 1950              	.LASF35:
 1951 0487 666F6E74 		.ascii	"font_line_spacing_factor\000"
 1951      5F6C696E 
 1951      655F7370 
 1951      6163696E 
 1951      675F6661 
 1952              	.LASF16:
 1953 04a0 68656967 		.ascii	"height\000"
 1953      687400
 1954              	.LASF53:
 1955 04a7 5F753867 		.ascii	"_u8g_box_t\000"
 1955      5F626F78 
 1955      5F7400
 1956              		.ident	"GCC: (GNU Tools for ARM Embedded Processors) 4.9.3 20150303 (release) [ARM/embedded-4_9-br
ARM GAS  C:\Users\KJA\AppData\Local\Temp\ccEnUChu.s 			page 42


