ARM GAS  C:\Users\KJA\AppData\Local\Temp\ccVcYP3H.s 			page 1


   1              		.syntax unified
   2              		.cpu cortex-m3
   3              		.fpu softvfp
   4              		.eabi_attribute 20, 1
   5              		.eabi_attribute 21, 1
   6              		.eabi_attribute 23, 3
   7              		.eabi_attribute 24, 1
   8              		.eabi_attribute 25, 1
   9              		.eabi_attribute 26, 1
  10              		.eabi_attribute 30, 6
  11              		.eabi_attribute 34, 1
  12              		.eabi_attribute 18, 4
  13              		.thumb
  14              		.file	"u8g_pb8h2.c"
  15              		.text
  16              	.Ltext0:
  17              		.cfi_sections	.debug_frame
  18              		.section	.text.u8g_pb8h2_Init,"ax",%progbits
  19              		.align	2
  20              		.global	u8g_pb8h2_Init
  21              		.thumb
  22              		.thumb_func
  23              		.type	u8g_pb8h2_Init, %function
  24              	u8g_pb8h2_Init:
  25              	.LFB0:
  26              		.file 1 "u8glib_arm_v1.18.1\\src\\u8g_pb8h2.c"
   1:u8glib_arm_v1.18.1\src/u8g_pb8h2.c **** /*
   2:u8glib_arm_v1.18.1\src/u8g_pb8h2.c **** 
   3:u8glib_arm_v1.18.1\src/u8g_pb8h2.c ****   u8g_pb8h2.c
   4:u8glib_arm_v1.18.1\src/u8g_pb8h2.c ****   
   5:u8glib_arm_v1.18.1\src/u8g_pb8h2.c ****   8bit height 2 bit per pixel page buffer
   6:u8glib_arm_v1.18.1\src/u8g_pb8h2.c ****   byte has horizontal orientation
   7:u8glib_arm_v1.18.1\src/u8g_pb8h2.c **** 
   8:u8glib_arm_v1.18.1\src/u8g_pb8h2.c ****   Universal 8bit Graphics Library
   9:u8glib_arm_v1.18.1\src/u8g_pb8h2.c ****   
  10:u8glib_arm_v1.18.1\src/u8g_pb8h2.c ****   Copyright (c) 2011, olikraus@gmail.com
  11:u8glib_arm_v1.18.1\src/u8g_pb8h2.c ****   All rights reserved.
  12:u8glib_arm_v1.18.1\src/u8g_pb8h2.c **** 
  13:u8glib_arm_v1.18.1\src/u8g_pb8h2.c ****   Redistribution and use in source and binary forms, with or without modification, 
  14:u8glib_arm_v1.18.1\src/u8g_pb8h2.c ****   are permitted provided that the following conditions are met:
  15:u8glib_arm_v1.18.1\src/u8g_pb8h2.c **** 
  16:u8glib_arm_v1.18.1\src/u8g_pb8h2.c ****   * Redistributions of source code must retain the above copyright notice, this list 
  17:u8glib_arm_v1.18.1\src/u8g_pb8h2.c ****     of conditions and the following disclaimer.
  18:u8glib_arm_v1.18.1\src/u8g_pb8h2.c ****     
  19:u8glib_arm_v1.18.1\src/u8g_pb8h2.c ****   * Redistributions in binary form must reproduce the above copyright notice, this 
  20:u8glib_arm_v1.18.1\src/u8g_pb8h2.c ****     list of conditions and the following disclaimer in the documentation and/or other 
  21:u8glib_arm_v1.18.1\src/u8g_pb8h2.c ****     materials provided with the distribution.
  22:u8glib_arm_v1.18.1\src/u8g_pb8h2.c **** 
  23:u8glib_arm_v1.18.1\src/u8g_pb8h2.c ****   THIS SOFTWARE IS PROVIDED BY THE COPYRIGHT HOLDERS AND 
  24:u8glib_arm_v1.18.1\src/u8g_pb8h2.c ****   CONTRIBUTORS "AS IS" AND ANY EXPRESS OR IMPLIED WARRANTIES, 
  25:u8glib_arm_v1.18.1\src/u8g_pb8h2.c ****   INCLUDING, BUT NOT LIMITED TO, THE IMPLIED WARRANTIES OF 
  26:u8glib_arm_v1.18.1\src/u8g_pb8h2.c ****   MERCHANTABILITY AND FITNESS FOR A PARTICULAR PURPOSE ARE 
  27:u8glib_arm_v1.18.1\src/u8g_pb8h2.c ****   DISCLAIMED. IN NO EVENT SHALL THE COPYRIGHT HOLDER OR 
  28:u8glib_arm_v1.18.1\src/u8g_pb8h2.c ****   CONTRIBUTORS BE LIABLE FOR ANY DIRECT, INDIRECT, INCIDENTAL, 
  29:u8glib_arm_v1.18.1\src/u8g_pb8h2.c ****   SPECIAL, EXEMPLARY, OR CONSEQUENTIAL DAMAGES (INCLUDING, BUT 
  30:u8glib_arm_v1.18.1\src/u8g_pb8h2.c ****   NOT LIMITED TO, PROCUREMENT OF SUBSTITUTE GOODS OR SERVICES; 
  31:u8glib_arm_v1.18.1\src/u8g_pb8h2.c ****   LOSS OF USE, DATA, OR PROFITS; OR BUSINESS INTERRUPTION) HOWEVER 
ARM GAS  C:\Users\KJA\AppData\Local\Temp\ccVcYP3H.s 			page 2


  32:u8glib_arm_v1.18.1\src/u8g_pb8h2.c ****   CAUSED AND ON ANY THEORY OF LIABILITY, WHETHER IN CONTRACT, 
  33:u8glib_arm_v1.18.1\src/u8g_pb8h2.c ****   STRICT LIABILITY, OR TORT (INCLUDING NEGLIGENCE OR OTHERWISE) 
  34:u8glib_arm_v1.18.1\src/u8g_pb8h2.c ****   ARISING IN ANY WAY OUT OF THE USE OF THIS SOFTWARE, EVEN IF 
  35:u8glib_arm_v1.18.1\src/u8g_pb8h2.c ****   ADVISED OF THE POSSIBILITY OF SUCH DAMAGE.  
  36:u8glib_arm_v1.18.1\src/u8g_pb8h2.c ****   
  37:u8glib_arm_v1.18.1\src/u8g_pb8h2.c **** 
  38:u8glib_arm_v1.18.1\src/u8g_pb8h2.c **** */
  39:u8glib_arm_v1.18.1\src/u8g_pb8h2.c **** 
  40:u8glib_arm_v1.18.1\src/u8g_pb8h2.c **** #include "u8g.h"
  41:u8glib_arm_v1.18.1\src/u8g_pb8h2.c **** #include <string.h>
  42:u8glib_arm_v1.18.1\src/u8g_pb8h2.c **** 
  43:u8glib_arm_v1.18.1\src/u8g_pb8h2.c **** void u8g_pb8h2_Init(u8g_pb_t *b, void *buf, u8g_uint_t width)
  44:u8glib_arm_v1.18.1\src/u8g_pb8h2.c **** {
  27              		.loc 1 44 0
  28              		.cfi_startproc
  29              		@ args = 0, pretend = 0, frame = 16
  30              		@ frame_needed = 1, uses_anonymous_args = 0
  31 0000 80B5     		push	{r7, lr}
  32              		.cfi_def_cfa_offset 8
  33              		.cfi_offset 7, -8
  34              		.cfi_offset 14, -4
  35 0002 84B0     		sub	sp, sp, #16
  36              		.cfi_def_cfa_offset 24
  37 0004 00AF     		add	r7, sp, #0
  38              		.cfi_def_cfa_register 7
  39 0006 F860     		str	r0, [r7, #12]
  40 0008 B960     		str	r1, [r7, #8]
  41 000a 1346     		mov	r3, r2
  42 000c FB71     		strb	r3, [r7, #7]
  45:u8glib_arm_v1.18.1\src/u8g_pb8h2.c ****   b->buf = buf;
  43              		.loc 1 45 0
  44 000e FB68     		ldr	r3, [r7, #12]
  45 0010 BA68     		ldr	r2, [r7, #8]
  46 0012 9A60     		str	r2, [r3, #8]
  46:u8glib_arm_v1.18.1\src/u8g_pb8h2.c ****   b->width = width;
  47              		.loc 1 46 0
  48 0014 FB68     		ldr	r3, [r7, #12]
  49 0016 FA79     		ldrb	r2, [r7, #7]
  50 0018 5A71     		strb	r2, [r3, #5]
  47:u8glib_arm_v1.18.1\src/u8g_pb8h2.c ****   u8g_pb_Clear(b);
  51              		.loc 1 47 0
  52 001a F868     		ldr	r0, [r7, #12]
  53 001c FFF7FEFF 		bl	u8g_pb_Clear
  48:u8glib_arm_v1.18.1\src/u8g_pb8h2.c **** }
  54              		.loc 1 48 0
  55 0020 1037     		adds	r7, r7, #16
  56              		.cfi_def_cfa_offset 8
  57 0022 BD46     		mov	sp, r7
  58              		.cfi_def_cfa_register 13
  59              		@ sp needed
  60 0024 80BD     		pop	{r7, pc}
  61              		.cfi_endproc
  62              	.LFE0:
  63              		.size	u8g_pb8h2_Init, .-u8g_pb8h2_Init
  64              		.section	.text.u8g_pb8h2_set_pixel,"ax",%progbits
  65              		.align	2
  66              		.thumb
ARM GAS  C:\Users\KJA\AppData\Local\Temp\ccVcYP3H.s 			page 3


  67              		.thumb_func
  68              		.type	u8g_pb8h2_set_pixel, %function
  69              	u8g_pb8h2_set_pixel:
  70              	.LFB1:
  49:u8glib_arm_v1.18.1\src/u8g_pb8h2.c **** 
  50:u8glib_arm_v1.18.1\src/u8g_pb8h2.c **** static void u8g_pb8h2_set_pixel(u8g_pb_t *b, u8g_uint_t x, u8g_uint_t y, uint8_t color_index) U8G_N
  51:u8glib_arm_v1.18.1\src/u8g_pb8h2.c **** static void u8g_pb8h2_set_pixel(u8g_pb_t *b, u8g_uint_t x, u8g_uint_t y, uint8_t color_index)
  52:u8glib_arm_v1.18.1\src/u8g_pb8h2.c **** {
  71              		.loc 1 52 0
  72              		.cfi_startproc
  73              		@ args = 0, pretend = 0, frame = 16
  74              		@ frame_needed = 1, uses_anonymous_args = 0
  75              		@ link register save eliminated.
  76 0000 B0B4     		push	{r4, r5, r7}
  77              		.cfi_def_cfa_offset 12
  78              		.cfi_offset 4, -12
  79              		.cfi_offset 5, -8
  80              		.cfi_offset 7, -4
  81 0002 85B0     		sub	sp, sp, #20
  82              		.cfi_def_cfa_offset 32
  83 0004 00AF     		add	r7, sp, #0
  84              		.cfi_def_cfa_register 7
  85 0006 7860     		str	r0, [r7, #4]
  86 0008 0846     		mov	r0, r1
  87 000a 1146     		mov	r1, r2
  88 000c 1A46     		mov	r2, r3
  89 000e 0346     		mov	r3, r0
  90 0010 FB70     		strb	r3, [r7, #3]
  91 0012 0B46     		mov	r3, r1
  92 0014 BB70     		strb	r3, [r7, #2]
  93 0016 1346     		mov	r3, r2
  94 0018 7B70     		strb	r3, [r7, #1]
  53:u8glib_arm_v1.18.1\src/u8g_pb8h2.c ****   register uint8_t mask;
  54:u8glib_arm_v1.18.1\src/u8g_pb8h2.c ****   register uint16_t tmp;
  55:u8glib_arm_v1.18.1\src/u8g_pb8h2.c ****   
  56:u8glib_arm_v1.18.1\src/u8g_pb8h2.c ****   uint8_t *ptr = b->buf;
  95              		.loc 1 56 0
  96 001a 7B68     		ldr	r3, [r7, #4]
  97 001c 9B68     		ldr	r3, [r3, #8]
  98 001e FB60     		str	r3, [r7, #12]
  57:u8glib_arm_v1.18.1\src/u8g_pb8h2.c ****   
  58:u8glib_arm_v1.18.1\src/u8g_pb8h2.c ****   y -= b->p.page_y0;
  99              		.loc 1 58 0
 100 0020 7B68     		ldr	r3, [r7, #4]
 101 0022 9B78     		ldrb	r3, [r3, #2]	@ zero_extendqisi2
 102 0024 BA78     		ldrb	r2, [r7, #2]
 103 0026 D31A     		subs	r3, r2, r3
 104 0028 BB70     		strb	r3, [r7, #2]
  59:u8glib_arm_v1.18.1\src/u8g_pb8h2.c ****   
  60:u8glib_arm_v1.18.1\src/u8g_pb8h2.c ****   tmp = b->width;
 105              		.loc 1 60 0
 106 002a 7B68     		ldr	r3, [r7, #4]
 107 002c 5B79     		ldrb	r3, [r3, #5]	@ zero_extendqisi2
 108 002e 9CB2     		uxth	r4, r3
  61:u8glib_arm_v1.18.1\src/u8g_pb8h2.c ****   tmp >>= 2;
 109              		.loc 1 61 0
 110 0030 A308     		lsrs	r3, r4, #2
ARM GAS  C:\Users\KJA\AppData\Local\Temp\ccVcYP3H.s 			page 4


 111 0032 9CB2     		uxth	r4, r3
  62:u8glib_arm_v1.18.1\src/u8g_pb8h2.c ****   tmp *= (uint8_t)y;
 112              		.loc 1 62 0
 113 0034 BB78     		ldrb	r3, [r7, #2]	@ zero_extendqisi2
 114 0036 9BB2     		uxth	r3, r3
 115 0038 04FB03F3 		mul	r3, r4, r3
 116 003c 9CB2     		uxth	r4, r3
  63:u8glib_arm_v1.18.1\src/u8g_pb8h2.c ****   ptr += tmp;
 117              		.loc 1 63 0
 118 003e 2246     		mov	r2, r4
 119 0040 FB68     		ldr	r3, [r7, #12]
 120 0042 1344     		add	r3, r3, r2
 121 0044 FB60     		str	r3, [r7, #12]
  64:u8glib_arm_v1.18.1\src/u8g_pb8h2.c ****   
  65:u8glib_arm_v1.18.1\src/u8g_pb8h2.c ****   tmp = x;
 122              		.loc 1 65 0
 123 0046 FB78     		ldrb	r3, [r7, #3]	@ zero_extendqisi2
 124 0048 9CB2     		uxth	r4, r3
  66:u8glib_arm_v1.18.1\src/u8g_pb8h2.c ****   tmp >>= 2;
 125              		.loc 1 66 0
 126 004a A308     		lsrs	r3, r4, #2
 127 004c 9CB2     		uxth	r4, r3
  67:u8glib_arm_v1.18.1\src/u8g_pb8h2.c ****   ptr += tmp;
 128              		.loc 1 67 0
 129 004e 2246     		mov	r2, r4
 130 0050 FB68     		ldr	r3, [r7, #12]
 131 0052 1344     		add	r3, r3, r2
 132 0054 FB60     		str	r3, [r7, #12]
  68:u8glib_arm_v1.18.1\src/u8g_pb8h2.c ****   
  69:u8glib_arm_v1.18.1\src/u8g_pb8h2.c ****   tmp = x;
 133              		.loc 1 69 0
 134 0056 FB78     		ldrb	r3, [r7, #3]	@ zero_extendqisi2
 135 0058 9CB2     		uxth	r4, r3
  70:u8glib_arm_v1.18.1\src/u8g_pb8h2.c ****   tmp &= 3;
 136              		.loc 1 70 0
 137 005a 04F00303 		and	r3, r4, #3
 138 005e 9CB2     		uxth	r4, r3
  71:u8glib_arm_v1.18.1\src/u8g_pb8h2.c ****   tmp <<= 1;
 139              		.loc 1 71 0
 140 0060 6300     		lsls	r3, r4, #1
 141 0062 9CB2     		uxth	r4, r3
  72:u8glib_arm_v1.18.1\src/u8g_pb8h2.c ****   mask = 3;
 142              		.loc 1 72 0
 143 0064 0325     		movs	r5, #3
  73:u8glib_arm_v1.18.1\src/u8g_pb8h2.c ****   mask <<= tmp;
 144              		.loc 1 73 0
 145 0066 2A46     		mov	r2, r5
 146 0068 2346     		mov	r3, r4
 147 006a 02FA03F3 		lsl	r3, r2, r3
 148 006e DDB2     		uxtb	r5, r3
  74:u8glib_arm_v1.18.1\src/u8g_pb8h2.c ****   mask = ~mask;
 149              		.loc 1 74 0
 150 0070 EB43     		mvns	r3, r5
 151 0072 DDB2     		uxtb	r5, r3
  75:u8glib_arm_v1.18.1\src/u8g_pb8h2.c ****   color_index &= 3;
 152              		.loc 1 75 0
 153 0074 7B78     		ldrb	r3, [r7, #1]
ARM GAS  C:\Users\KJA\AppData\Local\Temp\ccVcYP3H.s 			page 5


 154 0076 03F00303 		and	r3, r3, #3
 155 007a 7B70     		strb	r3, [r7, #1]
  76:u8glib_arm_v1.18.1\src/u8g_pb8h2.c ****   color_index <<= tmp;
 156              		.loc 1 76 0
 157 007c 7B78     		ldrb	r3, [r7, #1]	@ zero_extendqisi2
 158 007e 2246     		mov	r2, r4
 159 0080 9340     		lsls	r3, r3, r2
 160 0082 7B70     		strb	r3, [r7, #1]
  77:u8glib_arm_v1.18.1\src/u8g_pb8h2.c ****     
  78:u8glib_arm_v1.18.1\src/u8g_pb8h2.c ****   *ptr &= mask;
 161              		.loc 1 78 0
 162 0084 FB68     		ldr	r3, [r7, #12]
 163 0086 1B78     		ldrb	r3, [r3]	@ zero_extendqisi2
 164 0088 2B40     		ands	r3, r3, r5
 165 008a DAB2     		uxtb	r2, r3
 166 008c FB68     		ldr	r3, [r7, #12]
 167 008e 1A70     		strb	r2, [r3]
  79:u8glib_arm_v1.18.1\src/u8g_pb8h2.c ****   *ptr |= color_index;
 168              		.loc 1 79 0
 169 0090 FB68     		ldr	r3, [r7, #12]
 170 0092 1A78     		ldrb	r2, [r3]	@ zero_extendqisi2
 171 0094 7B78     		ldrb	r3, [r7, #1]
 172 0096 1343     		orrs	r3, r3, r2
 173 0098 DAB2     		uxtb	r2, r3
 174 009a FB68     		ldr	r3, [r7, #12]
 175 009c 1A70     		strb	r2, [r3]
  80:u8glib_arm_v1.18.1\src/u8g_pb8h2.c **** }
 176              		.loc 1 80 0
 177 009e 1437     		adds	r7, r7, #20
 178              		.cfi_def_cfa_offset 12
 179 00a0 BD46     		mov	sp, r7
 180              		.cfi_def_cfa_register 13
 181              		@ sp needed
 182 00a2 B0BC     		pop	{r4, r5, r7}
 183              		.cfi_restore 7
 184              		.cfi_restore 5
 185              		.cfi_restore 4
 186              		.cfi_def_cfa_offset 0
 187 00a4 7047     		bx	lr
 188              		.cfi_endproc
 189              	.LFE1:
 190              		.size	u8g_pb8h2_set_pixel, .-u8g_pb8h2_set_pixel
 191 00a6 00BF     		.section	.text.u8g_pb8h2_SetPixel,"ax",%progbits
 192              		.align	2
 193              		.global	u8g_pb8h2_SetPixel
 194              		.thumb
 195              		.thumb_func
 196              		.type	u8g_pb8h2_SetPixel, %function
 197              	u8g_pb8h2_SetPixel:
 198              	.LFB2:
  81:u8glib_arm_v1.18.1\src/u8g_pb8h2.c **** 
  82:u8glib_arm_v1.18.1\src/u8g_pb8h2.c **** 
  83:u8glib_arm_v1.18.1\src/u8g_pb8h2.c **** void u8g_pb8h2_SetPixel(u8g_pb_t *b, const u8g_dev_arg_pixel_t * const arg_pixel)
  84:u8glib_arm_v1.18.1\src/u8g_pb8h2.c **** {
 199              		.loc 1 84 0
 200              		.cfi_startproc
 201              		@ args = 0, pretend = 0, frame = 8
ARM GAS  C:\Users\KJA\AppData\Local\Temp\ccVcYP3H.s 			page 6


 202              		@ frame_needed = 1, uses_anonymous_args = 0
 203 0000 80B5     		push	{r7, lr}
 204              		.cfi_def_cfa_offset 8
 205              		.cfi_offset 7, -8
 206              		.cfi_offset 14, -4
 207 0002 82B0     		sub	sp, sp, #8
 208              		.cfi_def_cfa_offset 16
 209 0004 00AF     		add	r7, sp, #0
 210              		.cfi_def_cfa_register 7
 211 0006 7860     		str	r0, [r7, #4]
 212 0008 3960     		str	r1, [r7]
  85:u8glib_arm_v1.18.1\src/u8g_pb8h2.c ****   if ( arg_pixel->y < b->p.page_y0 )
 213              		.loc 1 85 0
 214 000a 3B68     		ldr	r3, [r7]
 215 000c 5A78     		ldrb	r2, [r3, #1]	@ zero_extendqisi2
 216 000e 7B68     		ldr	r3, [r7, #4]
 217 0010 9B78     		ldrb	r3, [r3, #2]	@ zero_extendqisi2
 218 0012 9A42     		cmp	r2, r3
 219 0014 00D2     		bcs	.L4
  86:u8glib_arm_v1.18.1\src/u8g_pb8h2.c ****     return;
 220              		.loc 1 86 0
 221 0016 16E0     		b	.L3
 222              	.L4:
  87:u8glib_arm_v1.18.1\src/u8g_pb8h2.c ****   if ( arg_pixel->y > b->p.page_y1 )
 223              		.loc 1 87 0
 224 0018 3B68     		ldr	r3, [r7]
 225 001a 5A78     		ldrb	r2, [r3, #1]	@ zero_extendqisi2
 226 001c 7B68     		ldr	r3, [r7, #4]
 227 001e DB78     		ldrb	r3, [r3, #3]	@ zero_extendqisi2
 228 0020 9A42     		cmp	r2, r3
 229 0022 00D9     		bls	.L6
  88:u8glib_arm_v1.18.1\src/u8g_pb8h2.c ****     return;
 230              		.loc 1 88 0 discriminator 2
 231 0024 0FE0     		b	.L3
 232              	.L6:
  89:u8glib_arm_v1.18.1\src/u8g_pb8h2.c ****   if ( arg_pixel->x >= b->width )
 233              		.loc 1 89 0
 234 0026 3B68     		ldr	r3, [r7]
 235 0028 1A78     		ldrb	r2, [r3]	@ zero_extendqisi2
 236 002a 7B68     		ldr	r3, [r7, #4]
 237 002c 5B79     		ldrb	r3, [r3, #5]	@ zero_extendqisi2
 238 002e 9A42     		cmp	r2, r3
 239 0030 00D3     		bcc	.L7
  90:u8glib_arm_v1.18.1\src/u8g_pb8h2.c ****     return;
 240              		.loc 1 90 0 discriminator 3
 241 0032 08E0     		b	.L3
 242              	.L7:
  91:u8glib_arm_v1.18.1\src/u8g_pb8h2.c ****   u8g_pb8h2_set_pixel(b, arg_pixel->x, arg_pixel->y, arg_pixel->color);
 243              		.loc 1 91 0
 244 0034 3B68     		ldr	r3, [r7]
 245 0036 1978     		ldrb	r1, [r3]	@ zero_extendqisi2
 246 0038 3B68     		ldr	r3, [r7]
 247 003a 5A78     		ldrb	r2, [r3, #1]	@ zero_extendqisi2
 248 003c 3B68     		ldr	r3, [r7]
 249 003e 1B79     		ldrb	r3, [r3, #4]	@ zero_extendqisi2
 250 0040 7868     		ldr	r0, [r7, #4]
 251 0042 FFF7FEFF 		bl	u8g_pb8h2_set_pixel
ARM GAS  C:\Users\KJA\AppData\Local\Temp\ccVcYP3H.s 			page 7


 252              	.L3:
  92:u8glib_arm_v1.18.1\src/u8g_pb8h2.c **** }
 253              		.loc 1 92 0
 254 0046 0837     		adds	r7, r7, #8
 255              		.cfi_def_cfa_offset 8
 256 0048 BD46     		mov	sp, r7
 257              		.cfi_def_cfa_register 13
 258              		@ sp needed
 259 004a 80BD     		pop	{r7, pc}
 260              		.cfi_endproc
 261              	.LFE2:
 262              		.size	u8g_pb8h2_SetPixel, .-u8g_pb8h2_SetPixel
 263              		.section	.text.u8g_pb8h2_Set8PixelStd,"ax",%progbits
 264              		.align	2
 265              		.global	u8g_pb8h2_Set8PixelStd
 266              		.thumb
 267              		.thumb_func
 268              		.type	u8g_pb8h2_Set8PixelStd, %function
 269              	u8g_pb8h2_Set8PixelStd:
 270              	.LFB3:
  93:u8glib_arm_v1.18.1\src/u8g_pb8h2.c **** 
  94:u8glib_arm_v1.18.1\src/u8g_pb8h2.c **** 
  95:u8glib_arm_v1.18.1\src/u8g_pb8h2.c **** void u8g_pb8h2_Set8PixelStd(u8g_pb_t *b, u8g_dev_arg_pixel_t *arg_pixel)
  96:u8glib_arm_v1.18.1\src/u8g_pb8h2.c **** {
 271              		.loc 1 96 0
 272              		.cfi_startproc
 273              		@ args = 0, pretend = 0, frame = 8
 274              		@ frame_needed = 1, uses_anonymous_args = 0
 275 0000 90B5     		push	{r4, r7, lr}
 276              		.cfi_def_cfa_offset 12
 277              		.cfi_offset 4, -12
 278              		.cfi_offset 7, -8
 279              		.cfi_offset 14, -4
 280 0002 83B0     		sub	sp, sp, #12
 281              		.cfi_def_cfa_offset 24
 282 0004 00AF     		add	r7, sp, #0
 283              		.cfi_def_cfa_register 7
 284 0006 7860     		str	r0, [r7, #4]
 285 0008 3960     		str	r1, [r7]
  97:u8glib_arm_v1.18.1\src/u8g_pb8h2.c ****   register uint8_t pixel = arg_pixel->pixel;
 286              		.loc 1 97 0
 287 000a 3B68     		ldr	r3, [r7]
 288 000c 9C78     		ldrb	r4, [r3, #2]	@ zero_extendqisi2
 289              	.L16:
  98:u8glib_arm_v1.18.1\src/u8g_pb8h2.c ****   do
  99:u8glib_arm_v1.18.1\src/u8g_pb8h2.c ****   {
 100:u8glib_arm_v1.18.1\src/u8g_pb8h2.c ****     if ( pixel & 128 )
 290              		.loc 1 100 0
 291 000e E3B2     		uxtb	r3, r4
 292 0010 5BB2     		sxtb	r3, r3
 293 0012 002B     		cmp	r3, #0
 294 0014 03DA     		bge	.L9
 101:u8glib_arm_v1.18.1\src/u8g_pb8h2.c ****     {
 102:u8glib_arm_v1.18.1\src/u8g_pb8h2.c ****       u8g_pb8h2_SetPixel(b, arg_pixel);
 295              		.loc 1 102 0
 296 0016 7868     		ldr	r0, [r7, #4]
 297 0018 3968     		ldr	r1, [r7]
ARM GAS  C:\Users\KJA\AppData\Local\Temp\ccVcYP3H.s 			page 8


 298 001a FFF7FEFF 		bl	u8g_pb8h2_SetPixel
 299              	.L9:
 103:u8glib_arm_v1.18.1\src/u8g_pb8h2.c ****     }
 104:u8glib_arm_v1.18.1\src/u8g_pb8h2.c ****     switch( arg_pixel->dir )
 300              		.loc 1 104 0
 301 001e 3B68     		ldr	r3, [r7]
 302 0020 DB78     		ldrb	r3, [r3, #3]	@ zero_extendqisi2
 303 0022 032B     		cmp	r3, #3
 304 0024 26D8     		bhi	.L10
 305 0026 01A2     		adr	r2, .L12
 306 0028 52F823F0 		ldr	pc, [r2, r3, lsl #2]
 307              		.p2align 2
 308              	.L12:
 309 002c 3D000000 		.word	.L11+1
 310 0030 4B000000 		.word	.L13+1
 311 0034 59000000 		.word	.L14+1
 312 0038 67000000 		.word	.L15+1
 313              		.p2align 1
 314              	.L11:
 105:u8glib_arm_v1.18.1\src/u8g_pb8h2.c ****     {
 106:u8glib_arm_v1.18.1\src/u8g_pb8h2.c ****       case 0: arg_pixel->x++; break;
 315              		.loc 1 106 0
 316 003c 3B68     		ldr	r3, [r7]
 317 003e 1B78     		ldrb	r3, [r3]	@ zero_extendqisi2
 318 0040 0133     		adds	r3, r3, #1
 319 0042 DAB2     		uxtb	r2, r3
 320 0044 3B68     		ldr	r3, [r7]
 321 0046 1A70     		strb	r2, [r3]
 322 0048 14E0     		b	.L10
 323              	.L13:
 107:u8glib_arm_v1.18.1\src/u8g_pb8h2.c ****       case 1: arg_pixel->y++; break;
 324              		.loc 1 107 0
 325 004a 3B68     		ldr	r3, [r7]
 326 004c 5B78     		ldrb	r3, [r3, #1]	@ zero_extendqisi2
 327 004e 0133     		adds	r3, r3, #1
 328 0050 DAB2     		uxtb	r2, r3
 329 0052 3B68     		ldr	r3, [r7]
 330 0054 5A70     		strb	r2, [r3, #1]
 331 0056 0DE0     		b	.L10
 332              	.L14:
 108:u8glib_arm_v1.18.1\src/u8g_pb8h2.c ****       case 2: arg_pixel->x--; break;
 333              		.loc 1 108 0
 334 0058 3B68     		ldr	r3, [r7]
 335 005a 1B78     		ldrb	r3, [r3]	@ zero_extendqisi2
 336 005c 013B     		subs	r3, r3, #1
 337 005e DAB2     		uxtb	r2, r3
 338 0060 3B68     		ldr	r3, [r7]
 339 0062 1A70     		strb	r2, [r3]
 340 0064 06E0     		b	.L10
 341              	.L15:
 109:u8glib_arm_v1.18.1\src/u8g_pb8h2.c ****       case 3: arg_pixel->y--; break;
 342              		.loc 1 109 0
 343 0066 3B68     		ldr	r3, [r7]
 344 0068 5B78     		ldrb	r3, [r3, #1]	@ zero_extendqisi2
 345 006a 013B     		subs	r3, r3, #1
 346 006c DAB2     		uxtb	r2, r3
 347 006e 3B68     		ldr	r3, [r7]
ARM GAS  C:\Users\KJA\AppData\Local\Temp\ccVcYP3H.s 			page 9


 348 0070 5A70     		strb	r2, [r3, #1]
 349 0072 00BF     		nop
 350              	.L10:
 110:u8glib_arm_v1.18.1\src/u8g_pb8h2.c ****     }
 111:u8glib_arm_v1.18.1\src/u8g_pb8h2.c ****     pixel <<= 1;
 351              		.loc 1 111 0
 352 0074 6300     		lsls	r3, r4, #1
 353 0076 DCB2     		uxtb	r4, r3
 112:u8glib_arm_v1.18.1\src/u8g_pb8h2.c ****   } while( pixel != 0  );
 354              		.loc 1 112 0
 355 0078 002C     		cmp	r4, #0
 356 007a C8D1     		bne	.L16
 113:u8glib_arm_v1.18.1\src/u8g_pb8h2.c **** }
 357              		.loc 1 113 0
 358 007c 0C37     		adds	r7, r7, #12
 359              		.cfi_def_cfa_offset 12
 360 007e BD46     		mov	sp, r7
 361              		.cfi_def_cfa_register 13
 362              		@ sp needed
 363 0080 90BD     		pop	{r4, r7, pc}
 364              		.cfi_endproc
 365              	.LFE3:
 366              		.size	u8g_pb8h2_Set8PixelStd, .-u8g_pb8h2_Set8PixelStd
 367 0082 00BF     		.section	.text.u8g_dev_pb8h2_base_fn,"ax",%progbits
 368              		.align	2
 369              		.global	u8g_dev_pb8h2_base_fn
 370              		.thumb
 371              		.thumb_func
 372              		.type	u8g_dev_pb8h2_base_fn, %function
 373              	u8g_dev_pb8h2_base_fn:
 374              	.LFB4:
 114:u8glib_arm_v1.18.1\src/u8g_pb8h2.c **** 
 115:u8glib_arm_v1.18.1\src/u8g_pb8h2.c **** 
 116:u8glib_arm_v1.18.1\src/u8g_pb8h2.c **** 
 117:u8glib_arm_v1.18.1\src/u8g_pb8h2.c **** uint8_t u8g_dev_pb8h2_base_fn(u8g_t *u8g, u8g_dev_t *dev, uint8_t msg, void *arg)
 118:u8glib_arm_v1.18.1\src/u8g_pb8h2.c **** {
 375              		.loc 1 118 0
 376              		.cfi_startproc
 377              		@ args = 0, pretend = 0, frame = 24
 378              		@ frame_needed = 1, uses_anonymous_args = 0
 379 0000 80B5     		push	{r7, lr}
 380              		.cfi_def_cfa_offset 8
 381              		.cfi_offset 7, -8
 382              		.cfi_offset 14, -4
 383 0002 86B0     		sub	sp, sp, #24
 384              		.cfi_def_cfa_offset 32
 385 0004 00AF     		add	r7, sp, #0
 386              		.cfi_def_cfa_register 7
 387 0006 F860     		str	r0, [r7, #12]
 388 0008 B960     		str	r1, [r7, #8]
 389 000a 3B60     		str	r3, [r7]
 390 000c 1346     		mov	r3, r2
 391 000e FB71     		strb	r3, [r7, #7]
 119:u8glib_arm_v1.18.1\src/u8g_pb8h2.c ****   u8g_pb_t *pb = (u8g_pb_t *)(dev->dev_mem);
 392              		.loc 1 119 0
 393 0010 BB68     		ldr	r3, [r7, #8]
 394 0012 5B68     		ldr	r3, [r3, #4]
ARM GAS  C:\Users\KJA\AppData\Local\Temp\ccVcYP3H.s 			page 10


 395 0014 7B61     		str	r3, [r7, #20]
 120:u8glib_arm_v1.18.1\src/u8g_pb8h2.c ****   switch(msg)
 396              		.loc 1 120 0
 397 0016 FB79     		ldrb	r3, [r7, #7]	@ zero_extendqisi2
 398 0018 0A3B     		subs	r3, r3, #10
 399 001a 3E2B     		cmp	r3, #62
 400 001c 00F2BA80 		bhi	.L18
 401 0020 01A2     		adr	r2, .L20
 402 0022 52F823F0 		ldr	pc, [r2, r3, lsl #2]
 403 0026 00BF     		.p2align 2
 404              	.L20:
 405 0028 95010000 		.word	.L18+1
 406 002c 95010000 		.word	.L18+1
 407 0030 95010000 		.word	.L18+1
 408 0034 95010000 		.word	.L18+1
 409 0038 95010000 		.word	.L18+1
 410 003c 95010000 		.word	.L18+1
 411 0040 95010000 		.word	.L18+1
 412 0044 95010000 		.word	.L18+1
 413 0048 95010000 		.word	.L18+1
 414 004c 95010000 		.word	.L18+1
 415 0050 49010000 		.word	.L22+1
 416 0054 59010000 		.word	.L23+1
 417 0058 95010000 		.word	.L18+1
 418 005c 73010000 		.word	.L24+1
 419 0060 95010000 		.word	.L18+1
 420 0064 95010000 		.word	.L18+1
 421 0068 95010000 		.word	.L18+1
 422 006c 95010000 		.word	.L18+1
 423 0070 95010000 		.word	.L18+1
 424 0074 95010000 		.word	.L18+1
 425 0078 95010000 		.word	.L18+1
 426 007c 95010000 		.word	.L18+1
 427 0080 95010000 		.word	.L18+1
 428 0084 95010000 		.word	.L18+1
 429 0088 95010000 		.word	.L18+1
 430 008c 95010000 		.word	.L18+1
 431 0090 95010000 		.word	.L18+1
 432 0094 95010000 		.word	.L18+1
 433 0098 95010000 		.word	.L18+1
 434 009c 95010000 		.word	.L18+1
 435 00a0 95010000 		.word	.L18+1
 436 00a4 95010000 		.word	.L18+1
 437 00a8 95010000 		.word	.L18+1
 438 00ac 95010000 		.word	.L18+1
 439 00b0 95010000 		.word	.L18+1
 440 00b4 95010000 		.word	.L18+1
 441 00b8 95010000 		.word	.L18+1
 442 00bc 95010000 		.word	.L18+1
 443 00c0 95010000 		.word	.L18+1
 444 00c4 95010000 		.word	.L18+1
 445 00c8 3F010000 		.word	.L25+1
 446 00cc 95010000 		.word	.L18+1
 447 00d0 95010000 		.word	.L18+1
 448 00d4 95010000 		.word	.L18+1
 449 00d8 95010000 		.word	.L18+1
 450 00dc 95010000 		.word	.L18+1
ARM GAS  C:\Users\KJA\AppData\Local\Temp\ccVcYP3H.s 			page 11


 451 00e0 95010000 		.word	.L18+1
 452 00e4 95010000 		.word	.L18+1
 453 00e8 95010000 		.word	.L18+1
 454 00ec 25010000 		.word	.L26+1
 455 00f0 95010000 		.word	.L18+1
 456 00f4 95010000 		.word	.L18+1
 457 00f8 95010000 		.word	.L18+1
 458 00fc 95010000 		.word	.L18+1
 459 0100 95010000 		.word	.L18+1
 460 0104 95010000 		.word	.L18+1
 461 0108 95010000 		.word	.L18+1
 462 010c 95010000 		.word	.L18+1
 463 0110 95010000 		.word	.L18+1
 464 0114 95010000 		.word	.L18+1
 465 0118 7D010000 		.word	.L29+1
 466 011c 87010000 		.word	.L30+1
 467 0120 91010000 		.word	.L31+1
 468              		.p2align 1
 469              	.L26:
 121:u8glib_arm_v1.18.1\src/u8g_pb8h2.c ****   {
 122:u8glib_arm_v1.18.1\src/u8g_pb8h2.c ****     case U8G_DEV_MSG_SET_8PIXEL:
 123:u8glib_arm_v1.18.1\src/u8g_pb8h2.c ****       if ( u8g_pb_Is8PixelVisible(pb, (u8g_dev_arg_pixel_t *)arg) )
 470              		.loc 1 123 0
 471 0124 7869     		ldr	r0, [r7, #20]
 472 0126 3968     		ldr	r1, [r7]
 473 0128 FFF7FEFF 		bl	u8g_pb_Is8PixelVisible
 474 012c 0346     		mov	r3, r0
 475 012e 002B     		cmp	r3, #0
 476 0130 04D0     		beq	.L32
 124:u8glib_arm_v1.18.1\src/u8g_pb8h2.c ****       {
 125:u8glib_arm_v1.18.1\src/u8g_pb8h2.c ****         u8g_pb8h2_Set8PixelStd(pb, (u8g_dev_arg_pixel_t *)arg);
 477              		.loc 1 125 0
 478 0132 7869     		ldr	r0, [r7, #20]
 479 0134 3968     		ldr	r1, [r7]
 480 0136 FFF7FEFF 		bl	u8g_pb8h2_Set8PixelStd
 126:u8glib_arm_v1.18.1\src/u8g_pb8h2.c ****       }
 127:u8glib_arm_v1.18.1\src/u8g_pb8h2.c ****       break;
 481              		.loc 1 127 0
 482 013a 2BE0     		b	.L18
 483              	.L32:
 484 013c 2AE0     		b	.L18
 485              	.L25:
 128:u8glib_arm_v1.18.1\src/u8g_pb8h2.c ****     case U8G_DEV_MSG_SET_PIXEL:
 129:u8glib_arm_v1.18.1\src/u8g_pb8h2.c ****       u8g_pb8h2_SetPixel(pb, (u8g_dev_arg_pixel_t *)arg);
 486              		.loc 1 129 0
 487 013e 7869     		ldr	r0, [r7, #20]
 488 0140 3968     		ldr	r1, [r7]
 489 0142 FFF7FEFF 		bl	u8g_pb8h2_SetPixel
 130:u8glib_arm_v1.18.1\src/u8g_pb8h2.c ****       break;
 490              		.loc 1 130 0
 491 0146 25E0     		b	.L18
 492              	.L22:
 131:u8glib_arm_v1.18.1\src/u8g_pb8h2.c ****     case U8G_DEV_MSG_INIT:
 132:u8glib_arm_v1.18.1\src/u8g_pb8h2.c ****       break;
 133:u8glib_arm_v1.18.1\src/u8g_pb8h2.c ****     case U8G_DEV_MSG_STOP:
 134:u8glib_arm_v1.18.1\src/u8g_pb8h2.c ****       break;
 135:u8glib_arm_v1.18.1\src/u8g_pb8h2.c ****     case U8G_DEV_MSG_PAGE_FIRST:
ARM GAS  C:\Users\KJA\AppData\Local\Temp\ccVcYP3H.s 			page 12


 136:u8glib_arm_v1.18.1\src/u8g_pb8h2.c ****       u8g_pb_Clear(pb);
 493              		.loc 1 136 0
 494 0148 7869     		ldr	r0, [r7, #20]
 495 014a FFF7FEFF 		bl	u8g_pb_Clear
 137:u8glib_arm_v1.18.1\src/u8g_pb8h2.c ****       u8g_page_First(&(pb->p));
 496              		.loc 1 137 0
 497 014e 7B69     		ldr	r3, [r7, #20]
 498 0150 1846     		mov	r0, r3
 499 0152 FFF7FEFF 		bl	u8g_page_First
 138:u8glib_arm_v1.18.1\src/u8g_pb8h2.c ****       break;
 500              		.loc 1 138 0
 501 0156 1DE0     		b	.L18
 502              	.L23:
 139:u8glib_arm_v1.18.1\src/u8g_pb8h2.c ****     case U8G_DEV_MSG_PAGE_NEXT:
 140:u8glib_arm_v1.18.1\src/u8g_pb8h2.c ****       if ( u8g_page_Next(&(pb->p)) == 0 )
 503              		.loc 1 140 0
 504 0158 7B69     		ldr	r3, [r7, #20]
 505 015a 1846     		mov	r0, r3
 506 015c FFF7FEFF 		bl	u8g_page_Next
 507 0160 0346     		mov	r3, r0
 508 0162 002B     		cmp	r3, #0
 509 0164 01D1     		bne	.L33
 141:u8glib_arm_v1.18.1\src/u8g_pb8h2.c ****         return 0;
 510              		.loc 1 141 0
 511 0166 0023     		movs	r3, #0
 512 0168 15E0     		b	.L34
 513              	.L33:
 142:u8glib_arm_v1.18.1\src/u8g_pb8h2.c ****       u8g_pb_Clear(pb);
 514              		.loc 1 142 0
 515 016a 7869     		ldr	r0, [r7, #20]
 516 016c FFF7FEFF 		bl	u8g_pb_Clear
 143:u8glib_arm_v1.18.1\src/u8g_pb8h2.c ****       break;
 517              		.loc 1 143 0
 518 0170 10E0     		b	.L18
 519              	.L24:
 144:u8glib_arm_v1.18.1\src/u8g_pb8h2.c **** #ifdef U8G_DEV_MSG_IS_BBX_INTERSECTION
 145:u8glib_arm_v1.18.1\src/u8g_pb8h2.c ****     case U8G_DEV_MSG_IS_BBX_INTERSECTION:
 146:u8glib_arm_v1.18.1\src/u8g_pb8h2.c ****       return u8g_pb_IsIntersection(pb, (u8g_dev_arg_bbx_t *)arg);
 147:u8glib_arm_v1.18.1\src/u8g_pb8h2.c **** #endif
 148:u8glib_arm_v1.18.1\src/u8g_pb8h2.c ****     case U8G_DEV_MSG_GET_PAGE_BOX:
 149:u8glib_arm_v1.18.1\src/u8g_pb8h2.c ****       u8g_pb_GetPageBox(pb, (u8g_box_t *)arg);
 520              		.loc 1 149 0
 521 0172 7869     		ldr	r0, [r7, #20]
 522 0174 3968     		ldr	r1, [r7]
 523 0176 FFF7FEFF 		bl	u8g_pb_GetPageBox
 150:u8glib_arm_v1.18.1\src/u8g_pb8h2.c ****       break;
 524              		.loc 1 150 0
 525 017a 0BE0     		b	.L18
 526              	.L29:
 151:u8glib_arm_v1.18.1\src/u8g_pb8h2.c ****     case U8G_DEV_MSG_GET_WIDTH:
 152:u8glib_arm_v1.18.1\src/u8g_pb8h2.c ****       *((u8g_uint_t *)arg) = pb->width;
 527              		.loc 1 152 0
 528 017c 7B69     		ldr	r3, [r7, #20]
 529 017e 5A79     		ldrb	r2, [r3, #5]	@ zero_extendqisi2
 530 0180 3B68     		ldr	r3, [r7]
 531 0182 1A70     		strb	r2, [r3]
 153:u8glib_arm_v1.18.1\src/u8g_pb8h2.c ****       break;
ARM GAS  C:\Users\KJA\AppData\Local\Temp\ccVcYP3H.s 			page 13


 532              		.loc 1 153 0
 533 0184 06E0     		b	.L18
 534              	.L30:
 154:u8glib_arm_v1.18.1\src/u8g_pb8h2.c ****     case U8G_DEV_MSG_GET_HEIGHT:
 155:u8glib_arm_v1.18.1\src/u8g_pb8h2.c ****       *((u8g_uint_t *)arg) = pb->p.total_height;
 535              		.loc 1 155 0
 536 0186 7B69     		ldr	r3, [r7, #20]
 537 0188 5A78     		ldrb	r2, [r3, #1]	@ zero_extendqisi2
 538 018a 3B68     		ldr	r3, [r7]
 539 018c 1A70     		strb	r2, [r3]
 156:u8glib_arm_v1.18.1\src/u8g_pb8h2.c ****       break;
 540              		.loc 1 156 0
 541 018e 01E0     		b	.L18
 542              	.L31:
 157:u8glib_arm_v1.18.1\src/u8g_pb8h2.c ****     case U8G_DEV_MSG_SET_COLOR_ENTRY:
 158:u8glib_arm_v1.18.1\src/u8g_pb8h2.c ****       break;
 159:u8glib_arm_v1.18.1\src/u8g_pb8h2.c ****     case U8G_DEV_MSG_SET_XY_CB:
 160:u8glib_arm_v1.18.1\src/u8g_pb8h2.c ****       break;
 161:u8glib_arm_v1.18.1\src/u8g_pb8h2.c ****     case U8G_DEV_MSG_GET_MODE:
 162:u8glib_arm_v1.18.1\src/u8g_pb8h2.c ****       return U8G_MODE_GRAY2BIT;
 543              		.loc 1 162 0
 544 0190 0223     		movs	r3, #2
 545 0192 00E0     		b	.L34
 546              	.L18:
 163:u8glib_arm_v1.18.1\src/u8g_pb8h2.c ****   }
 164:u8glib_arm_v1.18.1\src/u8g_pb8h2.c ****   return 1;
 547              		.loc 1 164 0
 548 0194 0123     		movs	r3, #1
 549              	.L34:
 165:u8glib_arm_v1.18.1\src/u8g_pb8h2.c **** }
 550              		.loc 1 165 0
 551 0196 1846     		mov	r0, r3
 552 0198 1837     		adds	r7, r7, #24
 553              		.cfi_def_cfa_offset 8
 554 019a BD46     		mov	sp, r7
 555              		.cfi_def_cfa_register 13
 556              		@ sp needed
 557 019c 80BD     		pop	{r7, pc}
 558              		.cfi_endproc
 559              	.LFE4:
 560              		.size	u8g_dev_pb8h2_base_fn, .-u8g_dev_pb8h2_base_fn
 561 019e 00BF     		.text
 562              	.Letext0:
 563              		.file 2 "c:\\program files (x86)\\cypress\\psoc creator\\4.0\\psoc creator\\import\\gnu\\arm\\4.9.
 564              		.file 3 "c:\\program files (x86)\\cypress\\psoc creator\\4.0\\psoc creator\\import\\gnu\\arm\\4.9.
 565              		.file 4 "u8glib_arm_v1.18.1\\src\\u8g.h"
 566              		.section	.debug_info,"",%progbits
 567              	.Ldebug_info0:
 568 0000 32060000 		.4byte	0x632
 569 0004 0400     		.2byte	0x4
 570 0006 00000000 		.4byte	.Ldebug_abbrev0
 571 000a 04       		.byte	0x4
 572 000b 01       		.uleb128 0x1
 573 000c 4A020000 		.4byte	.LASF79
 574 0010 01       		.byte	0x1
 575 0011 BA030000 		.4byte	.LASF80
 576 0015 A7010000 		.4byte	.LASF81
ARM GAS  C:\Users\KJA\AppData\Local\Temp\ccVcYP3H.s 			page 14


 577 0019 00000000 		.4byte	.Ldebug_ranges0+0
 578 001d 00000000 		.4byte	0
 579 0021 00000000 		.4byte	.Ldebug_line0
 580 0025 02       		.uleb128 0x2
 581 0026 04       		.byte	0x4
 582 0027 05       		.byte	0x5
 583 0028 696E7400 		.ascii	"int\000"
 584 002c 03       		.uleb128 0x3
 585 002d 04       		.byte	0x4
 586 002e 07       		.byte	0x7
 587 002f 6D010000 		.4byte	.LASF0
 588 0033 04       		.uleb128 0x4
 589 0034 5F000000 		.4byte	.LASF2
 590 0038 02       		.byte	0x2
 591 0039 1B       		.byte	0x1b
 592 003a 3E000000 		.4byte	0x3e
 593 003e 03       		.uleb128 0x3
 594 003f 01       		.byte	0x1
 595 0040 06       		.byte	0x6
 596 0041 83000000 		.4byte	.LASF1
 597 0045 04       		.uleb128 0x4
 598 0046 15000000 		.4byte	.LASF3
 599 004a 02       		.byte	0x2
 600 004b 1D       		.byte	0x1d
 601 004c 50000000 		.4byte	0x50
 602 0050 03       		.uleb128 0x3
 603 0051 01       		.byte	0x1
 604 0052 08       		.byte	0x8
 605 0053 3F030000 		.4byte	.LASF4
 606 0057 03       		.uleb128 0x3
 607 0058 02       		.byte	0x2
 608 0059 05       		.byte	0x5
 609 005a 62030000 		.4byte	.LASF5
 610 005e 04       		.uleb128 0x4
 611 005f E2030000 		.4byte	.LASF6
 612 0063 02       		.byte	0x2
 613 0064 2B       		.byte	0x2b
 614 0065 69000000 		.4byte	0x69
 615 0069 03       		.uleb128 0x3
 616 006a 02       		.byte	0x2
 617 006b 07       		.byte	0x7
 618 006c 10040000 		.4byte	.LASF7
 619 0070 03       		.uleb128 0x3
 620 0071 04       		.byte	0x4
 621 0072 05       		.byte	0x5
 622 0073 B3000000 		.4byte	.LASF8
 623 0077 03       		.uleb128 0x3
 624 0078 04       		.byte	0x4
 625 0079 07       		.byte	0x7
 626 007a 8A010000 		.4byte	.LASF9
 627 007e 03       		.uleb128 0x3
 628 007f 08       		.byte	0x8
 629 0080 05       		.byte	0x5
 630 0081 75000000 		.4byte	.LASF10
 631 0085 03       		.uleb128 0x3
 632 0086 08       		.byte	0x8
 633 0087 07       		.byte	0x7
ARM GAS  C:\Users\KJA\AppData\Local\Temp\ccVcYP3H.s 			page 15


 634 0088 33000000 		.4byte	.LASF11
 635 008c 04       		.uleb128 0x4
 636 008d 2F040000 		.4byte	.LASF12
 637 0091 03       		.byte	0x3
 638 0092 14       		.byte	0x14
 639 0093 33000000 		.4byte	0x33
 640 0097 04       		.uleb128 0x4
 641 0098 52040000 		.4byte	.LASF13
 642 009c 03       		.byte	0x3
 643 009d 15       		.byte	0x15
 644 009e 45000000 		.4byte	0x45
 645 00a2 04       		.uleb128 0x4
 646 00a3 E8000000 		.4byte	.LASF14
 647 00a7 03       		.byte	0x3
 648 00a8 21       		.byte	0x21
 649 00a9 5E000000 		.4byte	0x5e
 650 00ad 04       		.uleb128 0x4
 651 00ae D8020000 		.4byte	.LASF15
 652 00b2 04       		.byte	0x4
 653 00b3 80       		.byte	0x80
 654 00b4 97000000 		.4byte	0x97
 655 00b8 04       		.uleb128 0x4
 656 00b9 E2000000 		.4byte	.LASF16
 657 00bd 04       		.byte	0x4
 658 00be A0       		.byte	0xa0
 659 00bf C3000000 		.4byte	0xc3
 660 00c3 05       		.uleb128 0x5
 661 00c4 DB000000 		.4byte	.LASF43
 662 00c8 3C       		.byte	0x3c
 663 00c9 04       		.byte	0x4
 664 00ca 4B04     		.2byte	0x44b
 665 00cc 23020000 		.4byte	0x223
 666 00d0 06       		.uleb128 0x6
 667 00d1 A1010000 		.4byte	.LASF17
 668 00d5 04       		.byte	0x4
 669 00d6 4D04     		.2byte	0x44d
 670 00d8 18030000 		.4byte	0x318
 671 00dc 00       		.byte	0
 672 00dd 06       		.uleb128 0x6
 673 00de 83040000 		.4byte	.LASF18
 674 00e2 04       		.byte	0x4
 675 00e3 4E04     		.2byte	0x44e
 676 00e5 18030000 		.4byte	0x318
 677 00e9 01       		.byte	0x1
 678 00ea 07       		.uleb128 0x7
 679 00eb 64657600 		.ascii	"dev\000"
 680 00ef 04       		.byte	0x4
 681 00f0 5104     		.2byte	0x451
 682 00f2 58030000 		.4byte	0x358
 683 00f6 04       		.byte	0x4
 684 00f7 06       		.uleb128 0x6
 685 00f8 36040000 		.4byte	.LASF19
 686 00fc 04       		.byte	0x4
 687 00fd 5204     		.2byte	0x452
 688 00ff 84040000 		.4byte	0x484
 689 0103 08       		.byte	0x8
 690 0104 06       		.uleb128 0x6
ARM GAS  C:\Users\KJA\AppData\Local\Temp\ccVcYP3H.s 			page 16


 691 0105 83030000 		.4byte	.LASF20
 692 0109 04       		.byte	0x4
 693 010a 5304     		.2byte	0x453
 694 010c 84040000 		.4byte	0x484
 695 0110 0C       		.byte	0xc
 696 0111 06       		.uleb128 0x6
 697 0112 7A010000 		.4byte	.LASF21
 698 0116 04       		.byte	0x4
 699 0117 5404     		.2byte	0x454
 700 0119 97000000 		.4byte	0x97
 701 011d 10       		.byte	0x10
 702 011e 06       		.uleb128 0x6
 703 011f FC000000 		.4byte	.LASF22
 704 0123 04       		.byte	0x4
 705 0124 5404     		.2byte	0x454
 706 0126 97000000 		.4byte	0x97
 707 012a 11       		.byte	0x11
 708 012b 06       		.uleb128 0x6
 709 012c 99000000 		.4byte	.LASF23
 710 0130 04       		.byte	0x4
 711 0131 5504     		.2byte	0x455
 712 0133 97000000 		.4byte	0x97
 713 0137 12       		.byte	0x12
 714 0138 06       		.uleb128 0x6
 715 0139 DD030000 		.4byte	.LASF24
 716 013d 04       		.byte	0x4
 717 013e 5604     		.2byte	0x456
 718 0140 97000000 		.4byte	0x97
 719 0144 13       		.byte	0x13
 720 0145 06       		.uleb128 0x6
 721 0146 A6030000 		.4byte	.LASF25
 722 014a 04       		.byte	0x4
 723 014b 5704     		.2byte	0x457
 724 014d 18030000 		.4byte	0x318
 725 0151 14       		.byte	0x14
 726 0152 06       		.uleb128 0x6
 727 0153 41020000 		.4byte	.LASF26
 728 0157 04       		.byte	0x4
 729 0158 5804     		.2byte	0x458
 730 015a 18030000 		.4byte	0x318
 731 015e 15       		.byte	0x15
 732 015f 06       		.uleb128 0x6
 733 0160 A9000000 		.4byte	.LASF27
 734 0164 04       		.byte	0x4
 735 0165 5904     		.2byte	0x459
 736 0167 29040000 		.4byte	0x429
 737 016b 18       		.byte	0x18
 738 016c 06       		.uleb128 0x6
 739 016d 4D030000 		.4byte	.LASF28
 740 0171 04       		.byte	0x4
 741 0172 5B04     		.2byte	0x45b
 742 0174 8C000000 		.4byte	0x8c
 743 0178 1C       		.byte	0x1c
 744 0179 06       		.uleb128 0x6
 745 017a 96030000 		.4byte	.LASF29
 746 017e 04       		.byte	0x4
 747 017f 5C04     		.2byte	0x45c
ARM GAS  C:\Users\KJA\AppData\Local\Temp\ccVcYP3H.s 			page 17


 748 0181 8C000000 		.4byte	0x8c
 749 0185 1D       		.byte	0x1d
 750 0186 06       		.uleb128 0x6
 751 0187 9E030000 		.4byte	.LASF30
 752 018b 04       		.byte	0x4
 753 018c 5D04     		.2byte	0x45d
 754 018e 8C000000 		.4byte	0x8c
 755 0192 1E       		.byte	0x1e
 756 0193 06       		.uleb128 0x6
 757 0194 23040000 		.4byte	.LASF31
 758 0198 04       		.byte	0x4
 759 0199 5E04     		.2byte	0x45e
 760 019b 97000000 		.4byte	0x97
 761 019f 1F       		.byte	0x1f
 762 01a0 06       		.uleb128 0x6
 763 01a1 0A020000 		.4byte	.LASF32
 764 01a5 04       		.byte	0x4
 765 01a6 5F04     		.2byte	0x45f
 766 01a8 97000000 		.4byte	0x97
 767 01ac 20       		.byte	0x20
 768 01ad 06       		.uleb128 0x6
 769 01ae 4E010000 		.4byte	.LASF33
 770 01b2 04       		.byte	0x4
 771 01b3 6104     		.2byte	0x461
 772 01b5 46040000 		.4byte	0x446
 773 01b9 24       		.byte	0x24
 774 01ba 06       		.uleb128 0x6
 775 01bb F9010000 		.4byte	.LASF34
 776 01bf 04       		.byte	0x4
 777 01c0 6204     		.2byte	0x462
 778 01c2 97000000 		.4byte	0x97
 779 01c6 28       		.byte	0x28
 780 01c7 06       		.uleb128 0x6
 781 01c8 5D010000 		.4byte	.LASF35
 782 01cc 04       		.byte	0x4
 783 01cd 6304     		.2byte	0x463
 784 01cf 8C000000 		.4byte	0x8c
 785 01d3 29       		.byte	0x29
 786 01d4 06       		.uleb128 0x6
 787 01d5 1F010000 		.4byte	.LASF36
 788 01d9 04       		.byte	0x4
 789 01da 6404     		.2byte	0x464
 790 01dc 8C000000 		.4byte	0x8c
 791 01e0 2A       		.byte	0x2a
 792 01e1 06       		.uleb128 0x6
 793 01e2 6A040000 		.4byte	.LASF37
 794 01e6 04       		.byte	0x4
 795 01e7 6504     		.2byte	0x465
 796 01e9 97000000 		.4byte	0x97
 797 01ed 2B       		.byte	0x2b
 798 01ee 06       		.uleb128 0x6
 799 01ef EC010000 		.4byte	.LASF38
 800 01f3 04       		.byte	0x4
 801 01f4 6604     		.2byte	0x466
 802 01f6 97000000 		.4byte	0x97
 803 01fa 2C       		.byte	0x2c
 804 01fb 06       		.uleb128 0x6
ARM GAS  C:\Users\KJA\AppData\Local\Temp\ccVcYP3H.s 			page 18


 805 01fc 0C010000 		.4byte	.LASF39
 806 0200 04       		.byte	0x4
 807 0201 6804     		.2byte	0x468
 808 0203 5F020000 		.4byte	0x25f
 809 0207 2D       		.byte	0x2d
 810 0208 06       		.uleb128 0x6
 811 0209 1F000000 		.4byte	.LASF40
 812 020d 04       		.byte	0x4
 813 020e 6F04     		.2byte	0x46f
 814 0210 67040000 		.4byte	0x467
 815 0214 34       		.byte	0x34
 816 0215 06       		.uleb128 0x6
 817 0216 20020000 		.4byte	.LASF41
 818 021a 04       		.byte	0x4
 819 021b 7104     		.2byte	0x471
 820 021d CF020000 		.4byte	0x2cf
 821 0221 38       		.byte	0x38
 822 0222 00       		.byte	0
 823 0223 04       		.uleb128 0x4
 824 0224 8F000000 		.4byte	.LASF42
 825 0228 04       		.byte	0x4
 826 0229 A1       		.byte	0xa1
 827 022a 2E020000 		.4byte	0x22e
 828 022e 08       		.uleb128 0x8
 829 022f 6C030000 		.4byte	.LASF44
 830 0233 0C       		.byte	0xc
 831 0234 04       		.byte	0x4
 832 0235 CF       		.byte	0xcf
 833 0236 5F020000 		.4byte	0x25f
 834 023a 09       		.uleb128 0x9
 835 023b 24030000 		.4byte	.LASF45
 836 023f 04       		.byte	0x4
 837 0240 D1       		.byte	0xd1
 838 0241 23030000 		.4byte	0x323
 839 0245 00       		.byte	0
 840 0246 09       		.uleb128 0x9
 841 0247 0E030000 		.4byte	.LASF46
 842 024b 04       		.byte	0x4
 843 024c D2       		.byte	0xd2
 844 024d 5E030000 		.4byte	0x35e
 845 0251 04       		.byte	0x4
 846 0252 09       		.uleb128 0x9
 847 0253 8F030000 		.4byte	.LASF47
 848 0257 04       		.byte	0x4
 849 0258 D3       		.byte	0xd3
 850 0259 60030000 		.4byte	0x360
 851 025d 08       		.byte	0x8
 852 025e 00       		.byte	0
 853 025f 04       		.uleb128 0x4
 854 0260 2B030000 		.4byte	.LASF48
 855 0264 04       		.byte	0x4
 856 0265 A3       		.byte	0xa3
 857 0266 6A020000 		.4byte	0x26a
 858 026a 05       		.uleb128 0x5
 859 026b 00000000 		.4byte	.LASF49
 860 026f 07       		.byte	0x7
 861 0270 04       		.byte	0x4
ARM GAS  C:\Users\KJA\AppData\Local\Temp\ccVcYP3H.s 			page 19


 862 0271 1D02     		.2byte	0x21d
 863 0273 CF020000 		.4byte	0x2cf
 864 0277 07       		.uleb128 0x7
 865 0278 7800     		.ascii	"x\000"
 866 027a 04       		.byte	0x4
 867 027b 1F02     		.2byte	0x21f
 868 027d 18030000 		.4byte	0x318
 869 0281 00       		.byte	0
 870 0282 07       		.uleb128 0x7
 871 0283 7900     		.ascii	"y\000"
 872 0285 04       		.byte	0x4
 873 0286 1F02     		.2byte	0x21f
 874 0288 18030000 		.4byte	0x318
 875 028c 01       		.byte	0x1
 876 028d 06       		.uleb128 0x6
 877 028e 4A000000 		.4byte	.LASF50
 878 0292 04       		.byte	0x4
 879 0293 2002     		.2byte	0x220
 880 0295 97000000 		.4byte	0x97
 881 0299 02       		.byte	0x2
 882 029a 07       		.uleb128 0x7
 883 029b 64697200 		.ascii	"dir\000"
 884 029f 04       		.byte	0x4
 885 02a0 2102     		.2byte	0x221
 886 02a2 97000000 		.4byte	0x97
 887 02a6 03       		.byte	0x3
 888 02a7 06       		.uleb128 0x6
 889 02a8 AF030000 		.4byte	.LASF51
 890 02ac 04       		.byte	0x4
 891 02ad 2202     		.2byte	0x222
 892 02af 97000000 		.4byte	0x97
 893 02b3 04       		.byte	0x4
 894 02b4 06       		.uleb128 0x6
 895 02b5 49040000 		.4byte	.LASF52
 896 02b9 04       		.byte	0x4
 897 02ba 2302     		.2byte	0x223
 898 02bc 97000000 		.4byte	0x97
 899 02c0 05       		.byte	0x5
 900 02c1 06       		.uleb128 0x6
 901 02c2 E8020000 		.4byte	.LASF53
 902 02c6 04       		.byte	0x4
 903 02c7 2402     		.2byte	0x224
 904 02c9 97000000 		.4byte	0x97
 905 02cd 06       		.byte	0x6
 906 02ce 00       		.byte	0
 907 02cf 04       		.uleb128 0x4
 908 02d0 E2010000 		.4byte	.LASF54
 909 02d4 04       		.byte	0x4
 910 02d5 A5       		.byte	0xa5
 911 02d6 DA020000 		.4byte	0x2da
 912 02da 05       		.uleb128 0x5
 913 02db 8A040000 		.4byte	.LASF55
 914 02df 04       		.byte	0x4
 915 02e0 04       		.byte	0x4
 916 02e1 3102     		.2byte	0x231
 917 02e3 18030000 		.4byte	0x318
 918 02e7 07       		.uleb128 0x7
ARM GAS  C:\Users\KJA\AppData\Local\Temp\ccVcYP3H.s 			page 20


 919 02e8 783000   		.ascii	"x0\000"
 920 02eb 04       		.byte	0x4
 921 02ec 3302     		.2byte	0x233
 922 02ee 18030000 		.4byte	0x318
 923 02f2 00       		.byte	0
 924 02f3 07       		.uleb128 0x7
 925 02f4 793000   		.ascii	"y0\000"
 926 02f7 04       		.byte	0x4
 927 02f8 3302     		.2byte	0x233
 928 02fa 18030000 		.4byte	0x318
 929 02fe 01       		.byte	0x1
 930 02ff 07       		.uleb128 0x7
 931 0300 783100   		.ascii	"x1\000"
 932 0303 04       		.byte	0x4
 933 0304 3302     		.2byte	0x233
 934 0306 18030000 		.4byte	0x318
 935 030a 02       		.byte	0x2
 936 030b 07       		.uleb128 0x7
 937 030c 793100   		.ascii	"y1\000"
 938 030f 04       		.byte	0x4
 939 0310 3302     		.2byte	0x233
 940 0312 18030000 		.4byte	0x318
 941 0316 03       		.byte	0x3
 942 0317 00       		.byte	0
 943 0318 04       		.uleb128 0x4
 944 0319 F1000000 		.4byte	.LASF56
 945 031d 04       		.byte	0x4
 946 031e AF       		.byte	0xaf
 947 031f 97000000 		.4byte	0x97
 948 0323 04       		.uleb128 0x4
 949 0324 3B040000 		.4byte	.LASF57
 950 0328 04       		.byte	0x4
 951 0329 C7       		.byte	0xc7
 952 032a 2E030000 		.4byte	0x32e
 953 032e 0A       		.uleb128 0xa
 954 032f 04       		.byte	0x4
 955 0330 34030000 		.4byte	0x334
 956 0334 0B       		.uleb128 0xb
 957 0335 97000000 		.4byte	0x97
 958 0339 52030000 		.4byte	0x352
 959 033d 0C       		.uleb128 0xc
 960 033e 52030000 		.4byte	0x352
 961 0342 0C       		.uleb128 0xc
 962 0343 58030000 		.4byte	0x358
 963 0347 0C       		.uleb128 0xc
 964 0348 97000000 		.4byte	0x97
 965 034c 0C       		.uleb128 0xc
 966 034d 5E030000 		.4byte	0x35e
 967 0351 00       		.byte	0
 968 0352 0A       		.uleb128 0xa
 969 0353 04       		.byte	0x4
 970 0354 B8000000 		.4byte	0xb8
 971 0358 0A       		.uleb128 0xa
 972 0359 04       		.byte	0x4
 973 035a 23020000 		.4byte	0x223
 974 035e 0D       		.uleb128 0xd
 975 035f 04       		.byte	0x4
ARM GAS  C:\Users\KJA\AppData\Local\Temp\ccVcYP3H.s 			page 21


 976 0360 04       		.uleb128 0x4
 977 0361 16030000 		.4byte	.LASF58
 978 0365 04       		.byte	0x4
 979 0366 CA       		.byte	0xca
 980 0367 6B030000 		.4byte	0x36b
 981 036b 0A       		.uleb128 0xa
 982 036c 04       		.byte	0x4
 983 036d 71030000 		.4byte	0x371
 984 0371 0B       		.uleb128 0xb
 985 0372 97000000 		.4byte	0x97
 986 0376 8F030000 		.4byte	0x38f
 987 037a 0C       		.uleb128 0xc
 988 037b 52030000 		.4byte	0x352
 989 037f 0C       		.uleb128 0xc
 990 0380 97000000 		.4byte	0x97
 991 0384 0C       		.uleb128 0xc
 992 0385 97000000 		.4byte	0x97
 993 0389 0C       		.uleb128 0xc
 994 038a 5E030000 		.4byte	0x35e
 995 038e 00       		.byte	0
 996 038f 05       		.uleb128 0x5
 997 0390 BC000000 		.4byte	.LASF59
 998 0394 05       		.byte	0x5
 999 0395 04       		.byte	0x4
 1000 0396 9E03     		.2byte	0x39e
 1001 0398 DE030000 		.4byte	0x3de
 1002 039c 06       		.uleb128 0x6
 1003 039d 77030000 		.4byte	.LASF60
 1004 03a1 04       		.byte	0x4
 1005 03a2 A003     		.2byte	0x3a0
 1006 03a4 18030000 		.4byte	0x318
 1007 03a8 00       		.byte	0
 1008 03a9 06       		.uleb128 0x6
 1009 03aa 03040000 		.4byte	.LASF61
 1010 03ae 04       		.byte	0x4
 1011 03af A103     		.2byte	0x3a1
 1012 03b1 18030000 		.4byte	0x318
 1013 03b5 01       		.byte	0x1
 1014 03b6 06       		.uleb128 0x6
 1015 03b7 5A040000 		.4byte	.LASF62
 1016 03bb 04       		.byte	0x4
 1017 03bc A203     		.2byte	0x3a2
 1018 03be 18030000 		.4byte	0x318
 1019 03c2 02       		.byte	0x2
 1020 03c3 06       		.uleb128 0x6
 1021 03c4 62040000 		.4byte	.LASF63
 1022 03c8 04       		.byte	0x4
 1023 03c9 A303     		.2byte	0x3a3
 1024 03cb 18030000 		.4byte	0x318
 1025 03cf 03       		.byte	0x3
 1026 03d0 06       		.uleb128 0x6
 1027 03d1 9C010000 		.4byte	.LASF64
 1028 03d5 04       		.byte	0x4
 1029 03d6 A403     		.2byte	0x3a4
 1030 03d8 97000000 		.4byte	0x97
 1031 03dc 04       		.byte	0x4
 1032 03dd 00       		.byte	0
ARM GAS  C:\Users\KJA\AppData\Local\Temp\ccVcYP3H.s 			page 22


 1033 03de 0E       		.uleb128 0xe
 1034 03df 28000000 		.4byte	.LASF65
 1035 03e3 04       		.byte	0x4
 1036 03e4 A603     		.2byte	0x3a6
 1037 03e6 8F030000 		.4byte	0x38f
 1038 03ea 05       		.uleb128 0x5
 1039 03eb ED020000 		.4byte	.LASF66
 1040 03ef 0C       		.byte	0xc
 1041 03f0 04       		.byte	0x4
 1042 03f1 AF03     		.2byte	0x3af
 1043 03f3 1D040000 		.4byte	0x41d
 1044 03f7 07       		.uleb128 0x7
 1045 03f8 7000     		.ascii	"p\000"
 1046 03fa 04       		.byte	0x4
 1047 03fb B103     		.2byte	0x3b1
 1048 03fd DE030000 		.4byte	0x3de
 1049 0401 00       		.byte	0
 1050 0402 06       		.uleb128 0x6
 1051 0403 A1010000 		.4byte	.LASF17
 1052 0407 04       		.byte	0x4
 1053 0408 B203     		.2byte	0x3b2
 1054 040a 18030000 		.4byte	0x318
 1055 040e 05       		.byte	0x5
 1056 040f 07       		.uleb128 0x7
 1057 0410 62756600 		.ascii	"buf\000"
 1058 0414 04       		.byte	0x4
 1059 0415 B303     		.2byte	0x3b3
 1060 0417 5E030000 		.4byte	0x35e
 1061 041b 08       		.byte	0x8
 1062 041c 00       		.byte	0
 1063 041d 0E       		.uleb128 0xe
 1064 041e 16010000 		.4byte	.LASF67
 1065 0422 04       		.byte	0x4
 1066 0423 B503     		.2byte	0x3b5
 1067 0425 EA030000 		.4byte	0x3ea
 1068 0429 0E       		.uleb128 0xe
 1069 042a C8000000 		.4byte	.LASF68
 1070 042e 04       		.byte	0x4
 1071 042f 0D04     		.2byte	0x40d
 1072 0431 35040000 		.4byte	0x435
 1073 0435 0A       		.uleb128 0xa
 1074 0436 04       		.byte	0x4
 1075 0437 3B040000 		.4byte	0x43b
 1076 043b 0F       		.uleb128 0xf
 1077 043c 46040000 		.4byte	0x446
 1078 0440 0C       		.uleb128 0xc
 1079 0441 52030000 		.4byte	0x352
 1080 0445 00       		.byte	0
 1081 0446 0E       		.uleb128 0xe
 1082 0447 30010000 		.4byte	.LASF69
 1083 044b 04       		.byte	0x4
 1084 044c 1004     		.2byte	0x410
 1085 044e 52040000 		.4byte	0x452
 1086 0452 0A       		.uleb128 0xa
 1087 0453 04       		.byte	0x4
 1088 0454 58040000 		.4byte	0x458
 1089 0458 0B       		.uleb128 0xb
ARM GAS  C:\Users\KJA\AppData\Local\Temp\ccVcYP3H.s 			page 23


 1090 0459 18030000 		.4byte	0x318
 1091 045d 67040000 		.4byte	0x467
 1092 0461 0C       		.uleb128 0xc
 1093 0462 52030000 		.4byte	0x352
 1094 0466 00       		.byte	0
 1095 0467 0E       		.uleb128 0xe
 1096 0468 68000000 		.4byte	.LASF70
 1097 046c 04       		.byte	0x4
 1098 046d 1304     		.2byte	0x413
 1099 046f 73040000 		.4byte	0x473
 1100 0473 0A       		.uleb128 0xa
 1101 0474 04       		.byte	0x4
 1102 0475 79040000 		.4byte	0x479
 1103 0479 0F       		.uleb128 0xf
 1104 047a 84040000 		.4byte	0x484
 1105 047e 0C       		.uleb128 0xc
 1106 047f 97000000 		.4byte	0x97
 1107 0483 00       		.byte	0
 1108 0484 0A       		.uleb128 0xa
 1109 0485 04       		.byte	0x4
 1110 0486 8A040000 		.4byte	0x48a
 1111 048a 10       		.uleb128 0x10
 1112 048b AD000000 		.4byte	0xad
 1113 048f 03       		.uleb128 0x3
 1114 0490 04       		.byte	0x4
 1115 0491 07       		.byte	0x7
 1116 0492 17020000 		.4byte	.LASF71
 1117 0496 03       		.uleb128 0x3
 1118 0497 01       		.byte	0x1
 1119 0498 08       		.byte	0x8
 1120 0499 B5030000 		.4byte	.LASF72
 1121 049d 11       		.uleb128 0x11
 1122 049e 50000000 		.4byte	.LASF75
 1123 04a2 01       		.byte	0x1
 1124 04a3 2B       		.byte	0x2b
 1125 04a4 00000000 		.4byte	.LFB0
 1126 04a8 26000000 		.4byte	.LFE0-.LFB0
 1127 04ac 01       		.uleb128 0x1
 1128 04ad 9C       		.byte	0x9c
 1129 04ae DB040000 		.4byte	0x4db
 1130 04b2 12       		.uleb128 0x12
 1131 04b3 6200     		.ascii	"b\000"
 1132 04b5 01       		.byte	0x1
 1133 04b6 2B       		.byte	0x2b
 1134 04b7 DB040000 		.4byte	0x4db
 1135 04bb 02       		.uleb128 0x2
 1136 04bc 91       		.byte	0x91
 1137 04bd 74       		.sleb128 -12
 1138 04be 12       		.uleb128 0x12
 1139 04bf 62756600 		.ascii	"buf\000"
 1140 04c3 01       		.byte	0x1
 1141 04c4 2B       		.byte	0x2b
 1142 04c5 5E030000 		.4byte	0x35e
 1143 04c9 02       		.uleb128 0x2
 1144 04ca 91       		.byte	0x91
 1145 04cb 70       		.sleb128 -16
 1146 04cc 13       		.uleb128 0x13
ARM GAS  C:\Users\KJA\AppData\Local\Temp\ccVcYP3H.s 			page 24


 1147 04cd A1010000 		.4byte	.LASF17
 1148 04d1 01       		.byte	0x1
 1149 04d2 2B       		.byte	0x2b
 1150 04d3 18030000 		.4byte	0x318
 1151 04d7 02       		.uleb128 0x2
 1152 04d8 91       		.byte	0x91
 1153 04d9 6F       		.sleb128 -17
 1154 04da 00       		.byte	0
 1155 04db 0A       		.uleb128 0xa
 1156 04dc 04       		.byte	0x4
 1157 04dd 1D040000 		.4byte	0x41d
 1158 04e1 14       		.uleb128 0x14
 1159 04e2 2D020000 		.4byte	.LASF82
 1160 04e6 01       		.byte	0x1
 1161 04e7 33       		.byte	0x33
 1162 04e8 00000000 		.4byte	.LFB1
 1163 04ec A6000000 		.4byte	.LFE1-.LFB1
 1164 04f0 01       		.uleb128 0x1
 1165 04f1 9C       		.byte	0x9c
 1166 04f2 51050000 		.4byte	0x551
 1167 04f6 12       		.uleb128 0x12
 1168 04f7 6200     		.ascii	"b\000"
 1169 04f9 01       		.byte	0x1
 1170 04fa 33       		.byte	0x33
 1171 04fb DB040000 		.4byte	0x4db
 1172 04ff 02       		.uleb128 0x2
 1173 0500 91       		.byte	0x91
 1174 0501 64       		.sleb128 -28
 1175 0502 12       		.uleb128 0x12
 1176 0503 7800     		.ascii	"x\000"
 1177 0505 01       		.byte	0x1
 1178 0506 33       		.byte	0x33
 1179 0507 18030000 		.4byte	0x318
 1180 050b 02       		.uleb128 0x2
 1181 050c 91       		.byte	0x91
 1182 050d 63       		.sleb128 -29
 1183 050e 12       		.uleb128 0x12
 1184 050f 7900     		.ascii	"y\000"
 1185 0511 01       		.byte	0x1
 1186 0512 33       		.byte	0x33
 1187 0513 18030000 		.4byte	0x318
 1188 0517 02       		.uleb128 0x2
 1189 0518 91       		.byte	0x91
 1190 0519 62       		.sleb128 -30
 1191 051a 13       		.uleb128 0x13
 1192 051b 56030000 		.4byte	.LASF73
 1193 051f 01       		.byte	0x1
 1194 0520 33       		.byte	0x33
 1195 0521 97000000 		.4byte	0x97
 1196 0525 02       		.uleb128 0x2
 1197 0526 91       		.byte	0x91
 1198 0527 61       		.sleb128 -31
 1199 0528 15       		.uleb128 0x15
 1200 0529 49010000 		.4byte	.LASF74
 1201 052d 01       		.byte	0x1
 1202 052e 35       		.byte	0x35
 1203 052f 97000000 		.4byte	0x97
ARM GAS  C:\Users\KJA\AppData\Local\Temp\ccVcYP3H.s 			page 25


 1204 0533 01       		.uleb128 0x1
 1205 0534 55       		.byte	0x55
 1206 0535 16       		.uleb128 0x16
 1207 0536 746D7000 		.ascii	"tmp\000"
 1208 053a 01       		.byte	0x1
 1209 053b 36       		.byte	0x36
 1210 053c A2000000 		.4byte	0xa2
 1211 0540 01       		.uleb128 0x1
 1212 0541 54       		.byte	0x54
 1213 0542 16       		.uleb128 0x16
 1214 0543 70747200 		.ascii	"ptr\000"
 1215 0547 01       		.byte	0x1
 1216 0548 38       		.byte	0x38
 1217 0549 51050000 		.4byte	0x551
 1218 054d 02       		.uleb128 0x2
 1219 054e 91       		.byte	0x91
 1220 054f 6C       		.sleb128 -20
 1221 0550 00       		.byte	0
 1222 0551 0A       		.uleb128 0xa
 1223 0552 04       		.byte	0x4
 1224 0553 97000000 		.4byte	0x97
 1225 0557 11       		.uleb128 0x11
 1226 0558 95040000 		.4byte	.LASF76
 1227 055c 01       		.byte	0x1
 1228 055d 53       		.byte	0x53
 1229 055e 00000000 		.4byte	.LFB2
 1230 0562 4C000000 		.4byte	.LFE2-.LFB2
 1231 0566 01       		.uleb128 0x1
 1232 0567 9C       		.byte	0x9c
 1233 0568 87050000 		.4byte	0x587
 1234 056c 12       		.uleb128 0x12
 1235 056d 6200     		.ascii	"b\000"
 1236 056f 01       		.byte	0x1
 1237 0570 53       		.byte	0x53
 1238 0571 DB040000 		.4byte	0x4db
 1239 0575 02       		.uleb128 0x2
 1240 0576 91       		.byte	0x91
 1241 0577 74       		.sleb128 -12
 1242 0578 13       		.uleb128 0x13
 1243 0579 0C010000 		.4byte	.LASF39
 1244 057d 01       		.byte	0x1
 1245 057e 53       		.byte	0x53
 1246 057f 87050000 		.4byte	0x587
 1247 0583 02       		.uleb128 0x2
 1248 0584 91       		.byte	0x91
 1249 0585 70       		.sleb128 -16
 1250 0586 00       		.byte	0
 1251 0587 10       		.uleb128 0x10
 1252 0588 8C050000 		.4byte	0x58c
 1253 058c 0A       		.uleb128 0xa
 1254 058d 04       		.byte	0x4
 1255 058e 92050000 		.4byte	0x592
 1256 0592 10       		.uleb128 0x10
 1257 0593 5F020000 		.4byte	0x25f
 1258 0597 11       		.uleb128 0x11
 1259 0598 F7020000 		.4byte	.LASF77
 1260 059c 01       		.byte	0x1
ARM GAS  C:\Users\KJA\AppData\Local\Temp\ccVcYP3H.s 			page 26


 1261 059d 5F       		.byte	0x5f
 1262 059e 00000000 		.4byte	.LFB3
 1263 05a2 82000000 		.4byte	.LFE3-.LFB3
 1264 05a6 01       		.uleb128 0x1
 1265 05a7 9C       		.byte	0x9c
 1266 05a8 D4050000 		.4byte	0x5d4
 1267 05ac 12       		.uleb128 0x12
 1268 05ad 6200     		.ascii	"b\000"
 1269 05af 01       		.byte	0x1
 1270 05b0 5F       		.byte	0x5f
 1271 05b1 DB040000 		.4byte	0x4db
 1272 05b5 02       		.uleb128 0x2
 1273 05b6 91       		.byte	0x91
 1274 05b7 6C       		.sleb128 -20
 1275 05b8 13       		.uleb128 0x13
 1276 05b9 0C010000 		.4byte	.LASF39
 1277 05bd 01       		.byte	0x1
 1278 05be 5F       		.byte	0x5f
 1279 05bf D4050000 		.4byte	0x5d4
 1280 05c3 02       		.uleb128 0x2
 1281 05c4 91       		.byte	0x91
 1282 05c5 68       		.sleb128 -24
 1283 05c6 15       		.uleb128 0x15
 1284 05c7 4A000000 		.4byte	.LASF50
 1285 05cb 01       		.byte	0x1
 1286 05cc 61       		.byte	0x61
 1287 05cd 97000000 		.4byte	0x97
 1288 05d1 01       		.uleb128 0x1
 1289 05d2 54       		.byte	0x54
 1290 05d3 00       		.byte	0
 1291 05d4 0A       		.uleb128 0xa
 1292 05d5 04       		.byte	0x4
 1293 05d6 5F020000 		.4byte	0x25f
 1294 05da 17       		.uleb128 0x17
 1295 05db ED030000 		.4byte	.LASF78
 1296 05df 01       		.byte	0x1
 1297 05e0 75       		.byte	0x75
 1298 05e1 97000000 		.4byte	0x97
 1299 05e5 00000000 		.4byte	.LFB4
 1300 05e9 9E010000 		.4byte	.LFE4-.LFB4
 1301 05ed 01       		.uleb128 0x1
 1302 05ee 9C       		.byte	0x9c
 1303 05ef 12       		.uleb128 0x12
 1304 05f0 75386700 		.ascii	"u8g\000"
 1305 05f4 01       		.byte	0x1
 1306 05f5 75       		.byte	0x75
 1307 05f6 52030000 		.4byte	0x352
 1308 05fa 02       		.uleb128 0x2
 1309 05fb 91       		.byte	0x91
 1310 05fc 6C       		.sleb128 -20
 1311 05fd 12       		.uleb128 0x12
 1312 05fe 64657600 		.ascii	"dev\000"
 1313 0602 01       		.byte	0x1
 1314 0603 75       		.byte	0x75
 1315 0604 58030000 		.4byte	0x358
 1316 0608 02       		.uleb128 0x2
 1317 0609 91       		.byte	0x91
ARM GAS  C:\Users\KJA\AppData\Local\Temp\ccVcYP3H.s 			page 27


 1318 060a 68       		.sleb128 -24
 1319 060b 12       		.uleb128 0x12
 1320 060c 6D736700 		.ascii	"msg\000"
 1321 0610 01       		.byte	0x1
 1322 0611 75       		.byte	0x75
 1323 0612 97000000 		.4byte	0x97
 1324 0616 02       		.uleb128 0x2
 1325 0617 91       		.byte	0x91
 1326 0618 67       		.sleb128 -25
 1327 0619 12       		.uleb128 0x12
 1328 061a 61726700 		.ascii	"arg\000"
 1329 061e 01       		.byte	0x1
 1330 061f 75       		.byte	0x75
 1331 0620 5E030000 		.4byte	0x35e
 1332 0624 02       		.uleb128 0x2
 1333 0625 91       		.byte	0x91
 1334 0626 60       		.sleb128 -32
 1335 0627 16       		.uleb128 0x16
 1336 0628 706200   		.ascii	"pb\000"
 1337 062b 01       		.byte	0x1
 1338 062c 77       		.byte	0x77
 1339 062d DB040000 		.4byte	0x4db
 1340 0631 02       		.uleb128 0x2
 1341 0632 91       		.byte	0x91
 1342 0633 74       		.sleb128 -12
 1343 0634 00       		.byte	0
 1344 0635 00       		.byte	0
 1345              		.section	.debug_abbrev,"",%progbits
 1346              	.Ldebug_abbrev0:
 1347 0000 01       		.uleb128 0x1
 1348 0001 11       		.uleb128 0x11
 1349 0002 01       		.byte	0x1
 1350 0003 25       		.uleb128 0x25
 1351 0004 0E       		.uleb128 0xe
 1352 0005 13       		.uleb128 0x13
 1353 0006 0B       		.uleb128 0xb
 1354 0007 03       		.uleb128 0x3
 1355 0008 0E       		.uleb128 0xe
 1356 0009 1B       		.uleb128 0x1b
 1357 000a 0E       		.uleb128 0xe
 1358 000b 55       		.uleb128 0x55
 1359 000c 17       		.uleb128 0x17
 1360 000d 11       		.uleb128 0x11
 1361 000e 01       		.uleb128 0x1
 1362 000f 10       		.uleb128 0x10
 1363 0010 17       		.uleb128 0x17
 1364 0011 00       		.byte	0
 1365 0012 00       		.byte	0
 1366 0013 02       		.uleb128 0x2
 1367 0014 24       		.uleb128 0x24
 1368 0015 00       		.byte	0
 1369 0016 0B       		.uleb128 0xb
 1370 0017 0B       		.uleb128 0xb
 1371 0018 3E       		.uleb128 0x3e
 1372 0019 0B       		.uleb128 0xb
 1373 001a 03       		.uleb128 0x3
 1374 001b 08       		.uleb128 0x8
ARM GAS  C:\Users\KJA\AppData\Local\Temp\ccVcYP3H.s 			page 28


 1375 001c 00       		.byte	0
 1376 001d 00       		.byte	0
 1377 001e 03       		.uleb128 0x3
 1378 001f 24       		.uleb128 0x24
 1379 0020 00       		.byte	0
 1380 0021 0B       		.uleb128 0xb
 1381 0022 0B       		.uleb128 0xb
 1382 0023 3E       		.uleb128 0x3e
 1383 0024 0B       		.uleb128 0xb
 1384 0025 03       		.uleb128 0x3
 1385 0026 0E       		.uleb128 0xe
 1386 0027 00       		.byte	0
 1387 0028 00       		.byte	0
 1388 0029 04       		.uleb128 0x4
 1389 002a 16       		.uleb128 0x16
 1390 002b 00       		.byte	0
 1391 002c 03       		.uleb128 0x3
 1392 002d 0E       		.uleb128 0xe
 1393 002e 3A       		.uleb128 0x3a
 1394 002f 0B       		.uleb128 0xb
 1395 0030 3B       		.uleb128 0x3b
 1396 0031 0B       		.uleb128 0xb
 1397 0032 49       		.uleb128 0x49
 1398 0033 13       		.uleb128 0x13
 1399 0034 00       		.byte	0
 1400 0035 00       		.byte	0
 1401 0036 05       		.uleb128 0x5
 1402 0037 13       		.uleb128 0x13
 1403 0038 01       		.byte	0x1
 1404 0039 03       		.uleb128 0x3
 1405 003a 0E       		.uleb128 0xe
 1406 003b 0B       		.uleb128 0xb
 1407 003c 0B       		.uleb128 0xb
 1408 003d 3A       		.uleb128 0x3a
 1409 003e 0B       		.uleb128 0xb
 1410 003f 3B       		.uleb128 0x3b
 1411 0040 05       		.uleb128 0x5
 1412 0041 01       		.uleb128 0x1
 1413 0042 13       		.uleb128 0x13
 1414 0043 00       		.byte	0
 1415 0044 00       		.byte	0
 1416 0045 06       		.uleb128 0x6
 1417 0046 0D       		.uleb128 0xd
 1418 0047 00       		.byte	0
 1419 0048 03       		.uleb128 0x3
 1420 0049 0E       		.uleb128 0xe
 1421 004a 3A       		.uleb128 0x3a
 1422 004b 0B       		.uleb128 0xb
 1423 004c 3B       		.uleb128 0x3b
 1424 004d 05       		.uleb128 0x5
 1425 004e 49       		.uleb128 0x49
 1426 004f 13       		.uleb128 0x13
 1427 0050 38       		.uleb128 0x38
 1428 0051 0B       		.uleb128 0xb
 1429 0052 00       		.byte	0
 1430 0053 00       		.byte	0
 1431 0054 07       		.uleb128 0x7
ARM GAS  C:\Users\KJA\AppData\Local\Temp\ccVcYP3H.s 			page 29


 1432 0055 0D       		.uleb128 0xd
 1433 0056 00       		.byte	0
 1434 0057 03       		.uleb128 0x3
 1435 0058 08       		.uleb128 0x8
 1436 0059 3A       		.uleb128 0x3a
 1437 005a 0B       		.uleb128 0xb
 1438 005b 3B       		.uleb128 0x3b
 1439 005c 05       		.uleb128 0x5
 1440 005d 49       		.uleb128 0x49
 1441 005e 13       		.uleb128 0x13
 1442 005f 38       		.uleb128 0x38
 1443 0060 0B       		.uleb128 0xb
 1444 0061 00       		.byte	0
 1445 0062 00       		.byte	0
 1446 0063 08       		.uleb128 0x8
 1447 0064 13       		.uleb128 0x13
 1448 0065 01       		.byte	0x1
 1449 0066 03       		.uleb128 0x3
 1450 0067 0E       		.uleb128 0xe
 1451 0068 0B       		.uleb128 0xb
 1452 0069 0B       		.uleb128 0xb
 1453 006a 3A       		.uleb128 0x3a
 1454 006b 0B       		.uleb128 0xb
 1455 006c 3B       		.uleb128 0x3b
 1456 006d 0B       		.uleb128 0xb
 1457 006e 01       		.uleb128 0x1
 1458 006f 13       		.uleb128 0x13
 1459 0070 00       		.byte	0
 1460 0071 00       		.byte	0
 1461 0072 09       		.uleb128 0x9
 1462 0073 0D       		.uleb128 0xd
 1463 0074 00       		.byte	0
 1464 0075 03       		.uleb128 0x3
 1465 0076 0E       		.uleb128 0xe
 1466 0077 3A       		.uleb128 0x3a
 1467 0078 0B       		.uleb128 0xb
 1468 0079 3B       		.uleb128 0x3b
 1469 007a 0B       		.uleb128 0xb
 1470 007b 49       		.uleb128 0x49
 1471 007c 13       		.uleb128 0x13
 1472 007d 38       		.uleb128 0x38
 1473 007e 0B       		.uleb128 0xb
 1474 007f 00       		.byte	0
 1475 0080 00       		.byte	0
 1476 0081 0A       		.uleb128 0xa
 1477 0082 0F       		.uleb128 0xf
 1478 0083 00       		.byte	0
 1479 0084 0B       		.uleb128 0xb
 1480 0085 0B       		.uleb128 0xb
 1481 0086 49       		.uleb128 0x49
 1482 0087 13       		.uleb128 0x13
 1483 0088 00       		.byte	0
 1484 0089 00       		.byte	0
 1485 008a 0B       		.uleb128 0xb
 1486 008b 15       		.uleb128 0x15
 1487 008c 01       		.byte	0x1
 1488 008d 27       		.uleb128 0x27
ARM GAS  C:\Users\KJA\AppData\Local\Temp\ccVcYP3H.s 			page 30


 1489 008e 19       		.uleb128 0x19
 1490 008f 49       		.uleb128 0x49
 1491 0090 13       		.uleb128 0x13
 1492 0091 01       		.uleb128 0x1
 1493 0092 13       		.uleb128 0x13
 1494 0093 00       		.byte	0
 1495 0094 00       		.byte	0
 1496 0095 0C       		.uleb128 0xc
 1497 0096 05       		.uleb128 0x5
 1498 0097 00       		.byte	0
 1499 0098 49       		.uleb128 0x49
 1500 0099 13       		.uleb128 0x13
 1501 009a 00       		.byte	0
 1502 009b 00       		.byte	0
 1503 009c 0D       		.uleb128 0xd
 1504 009d 0F       		.uleb128 0xf
 1505 009e 00       		.byte	0
 1506 009f 0B       		.uleb128 0xb
 1507 00a0 0B       		.uleb128 0xb
 1508 00a1 00       		.byte	0
 1509 00a2 00       		.byte	0
 1510 00a3 0E       		.uleb128 0xe
 1511 00a4 16       		.uleb128 0x16
 1512 00a5 00       		.byte	0
 1513 00a6 03       		.uleb128 0x3
 1514 00a7 0E       		.uleb128 0xe
 1515 00a8 3A       		.uleb128 0x3a
 1516 00a9 0B       		.uleb128 0xb
 1517 00aa 3B       		.uleb128 0x3b
 1518 00ab 05       		.uleb128 0x5
 1519 00ac 49       		.uleb128 0x49
 1520 00ad 13       		.uleb128 0x13
 1521 00ae 00       		.byte	0
 1522 00af 00       		.byte	0
 1523 00b0 0F       		.uleb128 0xf
 1524 00b1 15       		.uleb128 0x15
 1525 00b2 01       		.byte	0x1
 1526 00b3 27       		.uleb128 0x27
 1527 00b4 19       		.uleb128 0x19
 1528 00b5 01       		.uleb128 0x1
 1529 00b6 13       		.uleb128 0x13
 1530 00b7 00       		.byte	0
 1531 00b8 00       		.byte	0
 1532 00b9 10       		.uleb128 0x10
 1533 00ba 26       		.uleb128 0x26
 1534 00bb 00       		.byte	0
 1535 00bc 49       		.uleb128 0x49
 1536 00bd 13       		.uleb128 0x13
 1537 00be 00       		.byte	0
 1538 00bf 00       		.byte	0
 1539 00c0 11       		.uleb128 0x11
 1540 00c1 2E       		.uleb128 0x2e
 1541 00c2 01       		.byte	0x1
 1542 00c3 3F       		.uleb128 0x3f
 1543 00c4 19       		.uleb128 0x19
 1544 00c5 03       		.uleb128 0x3
 1545 00c6 0E       		.uleb128 0xe
ARM GAS  C:\Users\KJA\AppData\Local\Temp\ccVcYP3H.s 			page 31


 1546 00c7 3A       		.uleb128 0x3a
 1547 00c8 0B       		.uleb128 0xb
 1548 00c9 3B       		.uleb128 0x3b
 1549 00ca 0B       		.uleb128 0xb
 1550 00cb 27       		.uleb128 0x27
 1551 00cc 19       		.uleb128 0x19
 1552 00cd 11       		.uleb128 0x11
 1553 00ce 01       		.uleb128 0x1
 1554 00cf 12       		.uleb128 0x12
 1555 00d0 06       		.uleb128 0x6
 1556 00d1 40       		.uleb128 0x40
 1557 00d2 18       		.uleb128 0x18
 1558 00d3 9642     		.uleb128 0x2116
 1559 00d5 19       		.uleb128 0x19
 1560 00d6 01       		.uleb128 0x1
 1561 00d7 13       		.uleb128 0x13
 1562 00d8 00       		.byte	0
 1563 00d9 00       		.byte	0
 1564 00da 12       		.uleb128 0x12
 1565 00db 05       		.uleb128 0x5
 1566 00dc 00       		.byte	0
 1567 00dd 03       		.uleb128 0x3
 1568 00de 08       		.uleb128 0x8
 1569 00df 3A       		.uleb128 0x3a
 1570 00e0 0B       		.uleb128 0xb
 1571 00e1 3B       		.uleb128 0x3b
 1572 00e2 0B       		.uleb128 0xb
 1573 00e3 49       		.uleb128 0x49
 1574 00e4 13       		.uleb128 0x13
 1575 00e5 02       		.uleb128 0x2
 1576 00e6 18       		.uleb128 0x18
 1577 00e7 00       		.byte	0
 1578 00e8 00       		.byte	0
 1579 00e9 13       		.uleb128 0x13
 1580 00ea 05       		.uleb128 0x5
 1581 00eb 00       		.byte	0
 1582 00ec 03       		.uleb128 0x3
 1583 00ed 0E       		.uleb128 0xe
 1584 00ee 3A       		.uleb128 0x3a
 1585 00ef 0B       		.uleb128 0xb
 1586 00f0 3B       		.uleb128 0x3b
 1587 00f1 0B       		.uleb128 0xb
 1588 00f2 49       		.uleb128 0x49
 1589 00f3 13       		.uleb128 0x13
 1590 00f4 02       		.uleb128 0x2
 1591 00f5 18       		.uleb128 0x18
 1592 00f6 00       		.byte	0
 1593 00f7 00       		.byte	0
 1594 00f8 14       		.uleb128 0x14
 1595 00f9 2E       		.uleb128 0x2e
 1596 00fa 01       		.byte	0x1
 1597 00fb 03       		.uleb128 0x3
 1598 00fc 0E       		.uleb128 0xe
 1599 00fd 3A       		.uleb128 0x3a
 1600 00fe 0B       		.uleb128 0xb
 1601 00ff 3B       		.uleb128 0x3b
 1602 0100 0B       		.uleb128 0xb
ARM GAS  C:\Users\KJA\AppData\Local\Temp\ccVcYP3H.s 			page 32


 1603 0101 27       		.uleb128 0x27
 1604 0102 19       		.uleb128 0x19
 1605 0103 11       		.uleb128 0x11
 1606 0104 01       		.uleb128 0x1
 1607 0105 12       		.uleb128 0x12
 1608 0106 06       		.uleb128 0x6
 1609 0107 40       		.uleb128 0x40
 1610 0108 18       		.uleb128 0x18
 1611 0109 9742     		.uleb128 0x2117
 1612 010b 19       		.uleb128 0x19
 1613 010c 01       		.uleb128 0x1
 1614 010d 13       		.uleb128 0x13
 1615 010e 00       		.byte	0
 1616 010f 00       		.byte	0
 1617 0110 15       		.uleb128 0x15
 1618 0111 34       		.uleb128 0x34
 1619 0112 00       		.byte	0
 1620 0113 03       		.uleb128 0x3
 1621 0114 0E       		.uleb128 0xe
 1622 0115 3A       		.uleb128 0x3a
 1623 0116 0B       		.uleb128 0xb
 1624 0117 3B       		.uleb128 0x3b
 1625 0118 0B       		.uleb128 0xb
 1626 0119 49       		.uleb128 0x49
 1627 011a 13       		.uleb128 0x13
 1628 011b 02       		.uleb128 0x2
 1629 011c 18       		.uleb128 0x18
 1630 011d 00       		.byte	0
 1631 011e 00       		.byte	0
 1632 011f 16       		.uleb128 0x16
 1633 0120 34       		.uleb128 0x34
 1634 0121 00       		.byte	0
 1635 0122 03       		.uleb128 0x3
 1636 0123 08       		.uleb128 0x8
 1637 0124 3A       		.uleb128 0x3a
 1638 0125 0B       		.uleb128 0xb
 1639 0126 3B       		.uleb128 0x3b
 1640 0127 0B       		.uleb128 0xb
 1641 0128 49       		.uleb128 0x49
 1642 0129 13       		.uleb128 0x13
 1643 012a 02       		.uleb128 0x2
 1644 012b 18       		.uleb128 0x18
 1645 012c 00       		.byte	0
 1646 012d 00       		.byte	0
 1647 012e 17       		.uleb128 0x17
 1648 012f 2E       		.uleb128 0x2e
 1649 0130 01       		.byte	0x1
 1650 0131 3F       		.uleb128 0x3f
 1651 0132 19       		.uleb128 0x19
 1652 0133 03       		.uleb128 0x3
 1653 0134 0E       		.uleb128 0xe
 1654 0135 3A       		.uleb128 0x3a
 1655 0136 0B       		.uleb128 0xb
 1656 0137 3B       		.uleb128 0x3b
 1657 0138 0B       		.uleb128 0xb
 1658 0139 27       		.uleb128 0x27
 1659 013a 19       		.uleb128 0x19
ARM GAS  C:\Users\KJA\AppData\Local\Temp\ccVcYP3H.s 			page 33


 1660 013b 49       		.uleb128 0x49
 1661 013c 13       		.uleb128 0x13
 1662 013d 11       		.uleb128 0x11
 1663 013e 01       		.uleb128 0x1
 1664 013f 12       		.uleb128 0x12
 1665 0140 06       		.uleb128 0x6
 1666 0141 40       		.uleb128 0x40
 1667 0142 18       		.uleb128 0x18
 1668 0143 9642     		.uleb128 0x2116
 1669 0145 19       		.uleb128 0x19
 1670 0146 00       		.byte	0
 1671 0147 00       		.byte	0
 1672 0148 00       		.byte	0
 1673              		.section	.debug_aranges,"",%progbits
 1674 0000 3C000000 		.4byte	0x3c
 1675 0004 0200     		.2byte	0x2
 1676 0006 00000000 		.4byte	.Ldebug_info0
 1677 000a 04       		.byte	0x4
 1678 000b 00       		.byte	0
 1679 000c 0000     		.2byte	0
 1680 000e 0000     		.2byte	0
 1681 0010 00000000 		.4byte	.LFB0
 1682 0014 26000000 		.4byte	.LFE0-.LFB0
 1683 0018 00000000 		.4byte	.LFB1
 1684 001c A6000000 		.4byte	.LFE1-.LFB1
 1685 0020 00000000 		.4byte	.LFB2
 1686 0024 4C000000 		.4byte	.LFE2-.LFB2
 1687 0028 00000000 		.4byte	.LFB3
 1688 002c 82000000 		.4byte	.LFE3-.LFB3
 1689 0030 00000000 		.4byte	.LFB4
 1690 0034 9E010000 		.4byte	.LFE4-.LFB4
 1691 0038 00000000 		.4byte	0
 1692 003c 00000000 		.4byte	0
 1693              		.section	.debug_ranges,"",%progbits
 1694              	.Ldebug_ranges0:
 1695 0000 00000000 		.4byte	.LFB0
 1696 0004 26000000 		.4byte	.LFE0
 1697 0008 00000000 		.4byte	.LFB1
 1698 000c A6000000 		.4byte	.LFE1
 1699 0010 00000000 		.4byte	.LFB2
 1700 0014 4C000000 		.4byte	.LFE2
 1701 0018 00000000 		.4byte	.LFB3
 1702 001c 82000000 		.4byte	.LFE3
 1703 0020 00000000 		.4byte	.LFB4
 1704 0024 9E010000 		.4byte	.LFE4
 1705 0028 00000000 		.4byte	0
 1706 002c 00000000 		.4byte	0
 1707              		.section	.debug_line,"",%progbits
 1708              	.Ldebug_line0:
 1709 0000 DB010000 		.section	.debug_str,"MS",%progbits,1
 1709      02003A01 
 1709      00000201 
 1709      FB0E0D00 
 1709      01010101 
 1710              	.LASF49:
 1711 0000 5F753867 		.ascii	"_u8g_dev_arg_pixel_t\000"
 1711      5F646576 
ARM GAS  C:\Users\KJA\AppData\Local\Temp\ccVcYP3H.s 			page 34


 1711      5F617267 
 1711      5F706978 
 1711      656C5F74 
 1712              	.LASF3:
 1713 0015 5F5F7569 		.ascii	"__uint8_t\000"
 1713      6E74385F 
 1713      7400
 1714              	.LASF40:
 1715 001f 73746174 		.ascii	"state_cb\000"
 1715      655F6362 
 1715      00
 1716              	.LASF65:
 1717 0028 7538675F 		.ascii	"u8g_page_t\000"
 1717      70616765 
 1717      5F7400
 1718              	.LASF11:
 1719 0033 6C6F6E67 		.ascii	"long long unsigned int\000"
 1719      206C6F6E 
 1719      6720756E 
 1719      7369676E 
 1719      65642069 
 1720              	.LASF50:
 1721 004a 70697865 		.ascii	"pixel\000"
 1721      6C00
 1722              	.LASF75:
 1723 0050 7538675F 		.ascii	"u8g_pb8h2_Init\000"
 1723      70623868 
 1723      325F496E 
 1723      697400
 1724              	.LASF2:
 1725 005f 5F5F696E 		.ascii	"__int8_t\000"
 1725      74385F74 
 1725      00
 1726              	.LASF70:
 1727 0068 7538675F 		.ascii	"u8g_state_cb\000"
 1727      73746174 
 1727      655F6362 
 1727      00
 1728              	.LASF10:
 1729 0075 6C6F6E67 		.ascii	"long long int\000"
 1729      206C6F6E 
 1729      6720696E 
 1729      7400
 1730              	.LASF1:
 1731 0083 7369676E 		.ascii	"signed char\000"
 1731      65642063 
 1731      68617200 
 1732              	.LASF42:
 1733 008f 7538675F 		.ascii	"u8g_dev_t\000"
 1733      6465765F 
 1733      7400
 1734              	.LASF23:
 1735 0099 63757273 		.ascii	"cursor_encoding\000"
 1735      6F725F65 
 1735      6E636F64 
 1735      696E6700 
 1736              	.LASF27:
ARM GAS  C:\Users\KJA\AppData\Local\Temp\ccVcYP3H.s 			page 35


 1737 00a9 63757273 		.ascii	"cursor_fn\000"
 1737      6F725F66 
 1737      6E00
 1738              	.LASF8:
 1739 00b3 6C6F6E67 		.ascii	"long int\000"
 1739      20696E74 
 1739      00
 1740              	.LASF59:
 1741 00bc 5F753867 		.ascii	"_u8g_page_t\000"
 1741      5F706167 
 1741      655F7400 
 1742              	.LASF68:
 1743 00c8 7538675F 		.ascii	"u8g_draw_cursor_fn\000"
 1743      64726177 
 1743      5F637572 
 1743      736F725F 
 1743      666E00
 1744              	.LASF43:
 1745 00db 5F753867 		.ascii	"_u8g_t\000"
 1745      5F7400
 1746              	.LASF16:
 1747 00e2 7538675F 		.ascii	"u8g_t\000"
 1747      7400
 1748              	.LASF14:
 1749 00e8 75696E74 		.ascii	"uint16_t\000"
 1749      31365F74 
 1749      00
 1750              	.LASF56:
 1751 00f1 7538675F 		.ascii	"u8g_uint_t\000"
 1751      75696E74 
 1751      5F7400
 1752              	.LASF22:
 1753 00fc 63757273 		.ascii	"cursor_bg_color\000"
 1753      6F725F62 
 1753      675F636F 
 1753      6C6F7200 
 1754              	.LASF39:
 1755 010c 6172675F 		.ascii	"arg_pixel\000"
 1755      70697865 
 1755      6C00
 1756              	.LASF67:
 1757 0116 7538675F 		.ascii	"u8g_pb_t\000"
 1757      70625F74 
 1757      00
 1758              	.LASF36:
 1759 011f 666F6E74 		.ascii	"font_ref_descent\000"
 1759      5F726566 
 1759      5F646573 
 1759      63656E74 
 1759      00
 1760              	.LASF69:
 1761 0130 7538675F 		.ascii	"u8g_font_calc_vref_fnptr\000"
 1761      666F6E74 
 1761      5F63616C 
 1761      635F7672 
 1761      65665F66 
 1762              	.LASF74:
ARM GAS  C:\Users\KJA\AppData\Local\Temp\ccVcYP3H.s 			page 36


 1763 0149 6D61736B 		.ascii	"mask\000"
 1763      00
 1764              	.LASF33:
 1765 014e 666F6E74 		.ascii	"font_calc_vref\000"
 1765      5F63616C 
 1765      635F7672 
 1765      656600
 1766              	.LASF35:
 1767 015d 666F6E74 		.ascii	"font_ref_ascent\000"
 1767      5F726566 
 1767      5F617363 
 1767      656E7400 
 1768              	.LASF0:
 1769 016d 756E7369 		.ascii	"unsigned int\000"
 1769      676E6564 
 1769      20696E74 
 1769      00
 1770              	.LASF21:
 1771 017a 63757273 		.ascii	"cursor_fg_color\000"
 1771      6F725F66 
 1771      675F636F 
 1771      6C6F7200 
 1772              	.LASF9:
 1773 018a 6C6F6E67 		.ascii	"long unsigned int\000"
 1773      20756E73 
 1773      69676E65 
 1773      6420696E 
 1773      7400
 1774              	.LASF64:
 1775 019c 70616765 		.ascii	"page\000"
 1775      00
 1776              	.LASF17:
 1777 01a1 77696474 		.ascii	"width\000"
 1777      6800
 1778              	.LASF81:
 1779 01a7 443A5C57 		.ascii	"D:\\Workspace\\PSoC_Creator\\Active_Load\\Active_Lo"
 1779      6F726B73 
 1779      70616365 
 1779      5C50536F 
 1779      435F4372 
 1780 01d6 61645F76 		.ascii	"ad_v9.cydsn\000"
 1780      392E6379 
 1780      64736E00 
 1781              	.LASF54:
 1782 01e2 7538675F 		.ascii	"u8g_box_t\000"
 1782      626F785F 
 1782      7400
 1783              	.LASF38:
 1784 01ec 6C696E65 		.ascii	"line_spacing\000"
 1784      5F737061 
 1784      63696E67 
 1784      00
 1785              	.LASF34:
 1786 01f9 666F6E74 		.ascii	"font_height_mode\000"
 1786      5F686569 
 1786      6768745F 
 1786      6D6F6465 
ARM GAS  C:\Users\KJA\AppData\Local\Temp\ccVcYP3H.s 			page 37


 1786      00
 1787              	.LASF32:
 1788 020a 676C7970 		.ascii	"glyph_height\000"
 1788      685F6865 
 1788      69676874 
 1788      00
 1789              	.LASF71:
 1790 0217 73697A65 		.ascii	"sizetype\000"
 1790      74797065 
 1790      00
 1791              	.LASF41:
 1792 0220 63757272 		.ascii	"current_page\000"
 1792      656E745F 
 1792      70616765 
 1792      00
 1793              	.LASF82:
 1794 022d 7538675F 		.ascii	"u8g_pb8h2_set_pixel\000"
 1794      70623868 
 1794      325F7365 
 1794      745F7069 
 1794      78656C00 
 1795              	.LASF26:
 1796 0241 63757273 		.ascii	"cursor_y\000"
 1796      6F725F79 
 1796      00
 1797              	.LASF79:
 1798 024a 474E5520 		.ascii	"GNU C 4.9.3 20150303 (release) [ARM/embedded-4_9-br"
 1798      4320342E 
 1798      392E3320 
 1798      32303135 
 1798      30333033 
 1799 027d 616E6368 		.ascii	"anch revision 221220] -mcpu=cortex-m3 -mthumb -g -O"
 1799      20726576 
 1799      6973696F 
 1799      6E203232 
 1799      31323230 
 1800 02b0 30202D66 		.ascii	"0 -ffunction-sections -ffat-lto-objects\000"
 1800      66756E63 
 1800      74696F6E 
 1800      2D736563 
 1800      74696F6E 
 1801              	.LASF15:
 1802 02d8 7538675F 		.ascii	"u8g_pgm_uint8_t\000"
 1802      70676D5F 
 1802      75696E74 
 1802      385F7400 
 1803              	.LASF53:
 1804 02e8 626C7565 		.ascii	"blue\000"
 1804      00
 1805              	.LASF66:
 1806 02ed 5F753867 		.ascii	"_u8g_pb_t\000"
 1806      5F70625F 
 1806      7400
 1807              	.LASF77:
 1808 02f7 7538675F 		.ascii	"u8g_pb8h2_Set8PixelStd\000"
 1808      70623868 
 1808      325F5365 
ARM GAS  C:\Users\KJA\AppData\Local\Temp\ccVcYP3H.s 			page 38


 1808      74385069 
 1808      78656C53 
 1809              	.LASF46:
 1810 030e 6465765F 		.ascii	"dev_mem\000"
 1810      6D656D00 
 1811              	.LASF58:
 1812 0316 7538675F 		.ascii	"u8g_com_fnptr\000"
 1812      636F6D5F 
 1812      666E7074 
 1812      7200
 1813              	.LASF45:
 1814 0324 6465765F 		.ascii	"dev_fn\000"
 1814      666E00
 1815              	.LASF48:
 1816 032b 7538675F 		.ascii	"u8g_dev_arg_pixel_t\000"
 1816      6465765F 
 1816      6172675F 
 1816      70697865 
 1816      6C5F7400 
 1817              	.LASF4:
 1818 033f 756E7369 		.ascii	"unsigned char\000"
 1818      676E6564 
 1818      20636861 
 1818      7200
 1819              	.LASF28:
 1820 034d 676C7970 		.ascii	"glyph_dx\000"
 1820      685F6478 
 1820      00
 1821              	.LASF73:
 1822 0356 636F6C6F 		.ascii	"color_index\000"
 1822      725F696E 
 1822      64657800 
 1823              	.LASF5:
 1824 0362 73686F72 		.ascii	"short int\000"
 1824      7420696E 
 1824      7400
 1825              	.LASF44:
 1826 036c 5F753867 		.ascii	"_u8g_dev_t\000"
 1826      5F646576 
 1826      5F7400
 1827              	.LASF60:
 1828 0377 70616765 		.ascii	"page_height\000"
 1828      5F686569 
 1828      67687400 
 1829              	.LASF20:
 1830 0383 63757273 		.ascii	"cursor_font\000"
 1830      6F725F66 
 1830      6F6E7400 
 1831              	.LASF47:
 1832 038f 636F6D5F 		.ascii	"com_fn\000"
 1832      666E00
 1833              	.LASF29:
 1834 0396 676C7970 		.ascii	"glyph_x\000"
 1834      685F7800 
 1835              	.LASF30:
 1836 039e 676C7970 		.ascii	"glyph_y\000"
 1836      685F7900 
ARM GAS  C:\Users\KJA\AppData\Local\Temp\ccVcYP3H.s 			page 39


 1837              	.LASF25:
 1838 03a6 63757273 		.ascii	"cursor_x\000"
 1838      6F725F78 
 1838      00
 1839              	.LASF51:
 1840 03af 636F6C6F 		.ascii	"color\000"
 1840      7200
 1841              	.LASF72:
 1842 03b5 63686172 		.ascii	"char\000"
 1842      00
 1843              	.LASF80:
 1844 03ba 7538676C 		.ascii	"u8glib_arm_v1.18.1\\src\\u8g_pb8h2.c\000"
 1844      69625F61 
 1844      726D5F76 
 1844      312E3138 
 1844      2E315C73 
 1845              	.LASF24:
 1846 03dd 6D6F6465 		.ascii	"mode\000"
 1846      00
 1847              	.LASF6:
 1848 03e2 5F5F7569 		.ascii	"__uint16_t\000"
 1848      6E743136 
 1848      5F7400
 1849              	.LASF78:
 1850 03ed 7538675F 		.ascii	"u8g_dev_pb8h2_base_fn\000"
 1850      6465765F 
 1850      70623868 
 1850      325F6261 
 1850      73655F66 
 1851              	.LASF61:
 1852 0403 746F7461 		.ascii	"total_height\000"
 1852      6C5F6865 
 1852      69676874 
 1852      00
 1853              	.LASF7:
 1854 0410 73686F72 		.ascii	"short unsigned int\000"
 1854      7420756E 
 1854      7369676E 
 1854      65642069 
 1854      6E7400
 1855              	.LASF31:
 1856 0423 676C7970 		.ascii	"glyph_width\000"
 1856      685F7769 
 1856      64746800 
 1857              	.LASF12:
 1858 042f 696E7438 		.ascii	"int8_t\000"
 1858      5F7400
 1859              	.LASF19:
 1860 0436 666F6E74 		.ascii	"font\000"
 1860      00
 1861              	.LASF57:
 1862 043b 7538675F 		.ascii	"u8g_dev_fnptr\000"
 1862      6465765F 
 1862      666E7074 
 1862      7200
 1863              	.LASF52:
 1864 0449 68695F63 		.ascii	"hi_color\000"
ARM GAS  C:\Users\KJA\AppData\Local\Temp\ccVcYP3H.s 			page 40


 1864      6F6C6F72 
 1864      00
 1865              	.LASF13:
 1866 0452 75696E74 		.ascii	"uint8_t\000"
 1866      385F7400 
 1867              	.LASF62:
 1868 045a 70616765 		.ascii	"page_y0\000"
 1868      5F793000 
 1869              	.LASF63:
 1870 0462 70616765 		.ascii	"page_y1\000"
 1870      5F793100 
 1871              	.LASF37:
 1872 046a 666F6E74 		.ascii	"font_line_spacing_factor\000"
 1872      5F6C696E 
 1872      655F7370 
 1872      6163696E 
 1872      675F6661 
 1873              	.LASF18:
 1874 0483 68656967 		.ascii	"height\000"
 1874      687400
 1875              	.LASF55:
 1876 048a 5F753867 		.ascii	"_u8g_box_t\000"
 1876      5F626F78 
 1876      5F7400
 1877              	.LASF76:
 1878 0495 7538675F 		.ascii	"u8g_pb8h2_SetPixel\000"
 1878      70623868 
 1878      325F5365 
 1878      74506978 
 1878      656C00
 1879              		.ident	"GCC: (GNU Tools for ARM Embedded Processors) 4.9.3 20150303 (release) [ARM/embedded-4_9-br
