ARM GAS  C:\Users\KJA\AppData\Local\Temp\cc0haJWi.s 			page 1


   1              		.syntax unified
   2              		.cpu cortex-m3
   3              		.fpu softvfp
   4              		.eabi_attribute 20, 1
   5              		.eabi_attribute 21, 1
   6              		.eabi_attribute 23, 3
   7              		.eabi_attribute 24, 1
   8              		.eabi_attribute 25, 1
   9              		.eabi_attribute 26, 1
  10              		.eabi_attribute 30, 6
  11              		.eabi_attribute 34, 1
  12              		.eabi_attribute 18, 4
  13              		.thumb
  14              		.file	"u8g_com_null.c"
  15              		.text
  16              	.Ltext0:
  17              		.cfi_sections	.debug_frame
  18              		.section	.text.u8g_com_null_fn,"ax",%progbits
  19              		.align	2
  20              		.global	u8g_com_null_fn
  21              		.thumb
  22              		.thumb_func
  23              		.type	u8g_com_null_fn, %function
  24              	u8g_com_null_fn:
  25              	.LFB0:
  26              		.file 1 "u8glib_arm_v1.18.1\\src\\u8g_com_null.c"
   1:u8glib_arm_v1.18.1\src/u8g_com_null.c **** /*
   2:u8glib_arm_v1.18.1\src/u8g_com_null.c **** 
   3:u8glib_arm_v1.18.1\src/u8g_com_null.c ****   u8g_com_null.c
   4:u8glib_arm_v1.18.1\src/u8g_com_null.c ****  
   5:u8glib_arm_v1.18.1\src/u8g_com_null.c ****   communication null device
   6:u8glib_arm_v1.18.1\src/u8g_com_null.c **** 
   7:u8glib_arm_v1.18.1\src/u8g_com_null.c ****   Universal 8bit Graphics Library
   8:u8glib_arm_v1.18.1\src/u8g_com_null.c ****  
   9:u8glib_arm_v1.18.1\src/u8g_com_null.c ****   Copyright (c) 2011, olikraus@gmail.com
  10:u8glib_arm_v1.18.1\src/u8g_com_null.c ****   All rights reserved.
  11:u8glib_arm_v1.18.1\src/u8g_com_null.c **** 
  12:u8glib_arm_v1.18.1\src/u8g_com_null.c ****   Redistribution and use in source and binary forms, with or without modification,
  13:u8glib_arm_v1.18.1\src/u8g_com_null.c ****   are permitted provided that the following conditions are met:
  14:u8glib_arm_v1.18.1\src/u8g_com_null.c **** 
  15:u8glib_arm_v1.18.1\src/u8g_com_null.c ****   * Redistributions of source code must retain the above copyright notice, this list
  16:u8glib_arm_v1.18.1\src/u8g_com_null.c ****     of conditions and the following disclaimer.
  17:u8glib_arm_v1.18.1\src/u8g_com_null.c ****    
  18:u8glib_arm_v1.18.1\src/u8g_com_null.c ****   * Redistributions in binary form must reproduce the above copyright notice, this
  19:u8glib_arm_v1.18.1\src/u8g_com_null.c ****     list of conditions and the following disclaimer in the documentation and/or other
  20:u8glib_arm_v1.18.1\src/u8g_com_null.c ****     materials provided with the distribution.
  21:u8glib_arm_v1.18.1\src/u8g_com_null.c **** 
  22:u8glib_arm_v1.18.1\src/u8g_com_null.c ****   THIS SOFTWARE IS PROVIDED BY THE COPYRIGHT HOLDERS AND
  23:u8glib_arm_v1.18.1\src/u8g_com_null.c ****   CONTRIBUTORS "AS IS" AND ANY EXPRESS OR IMPLIED WARRANTIES,
  24:u8glib_arm_v1.18.1\src/u8g_com_null.c ****   INCLUDING, BUT NOT LIMITED TO, THE IMPLIED WARRANTIES OF
  25:u8glib_arm_v1.18.1\src/u8g_com_null.c ****   MERCHANTABILITY AND FITNESS FOR A PARTICULAR PURPOSE ARE
  26:u8glib_arm_v1.18.1\src/u8g_com_null.c ****   DISCLAIMED. IN NO EVENT SHALL THE COPYRIGHT HOLDER OR
  27:u8glib_arm_v1.18.1\src/u8g_com_null.c ****   CONTRIBUTORS BE LIABLE FOR ANY DIRECT, INDIRECT, INCIDENTAL,
  28:u8glib_arm_v1.18.1\src/u8g_com_null.c ****   SPECIAL, EXEMPLARY, OR CONSEQUENTIAL DAMAGES (INCLUDING, BUT
  29:u8glib_arm_v1.18.1\src/u8g_com_null.c ****   NOT LIMITED TO, PROCUREMENT OF SUBSTITUTE GOODS OR SERVICES;
  30:u8glib_arm_v1.18.1\src/u8g_com_null.c ****   LOSS OF USE, DATA, OR PROFITS; OR BUSINESS INTERRUPTION) HOWEVER
  31:u8glib_arm_v1.18.1\src/u8g_com_null.c ****   CAUSED AND ON ANY THEORY OF LIABILITY, WHETHER IN CONTRACT,
ARM GAS  C:\Users\KJA\AppData\Local\Temp\cc0haJWi.s 			page 2


  32:u8glib_arm_v1.18.1\src/u8g_com_null.c ****   STRICT LIABILITY, OR TORT (INCLUDING NEGLIGENCE OR OTHERWISE)
  33:u8glib_arm_v1.18.1\src/u8g_com_null.c ****   ARISING IN ANY WAY OUT OF THE USE OF THIS SOFTWARE, EVEN IF
  34:u8glib_arm_v1.18.1\src/u8g_com_null.c ****   ADVISED OF THE POSSIBILITY OF SUCH DAMAGE.  
  35:u8glib_arm_v1.18.1\src/u8g_com_null.c ****  
  36:u8glib_arm_v1.18.1\src/u8g_com_null.c ****  
  37:u8glib_arm_v1.18.1\src/u8g_com_null.c **** */
  38:u8glib_arm_v1.18.1\src/u8g_com_null.c **** 
  39:u8glib_arm_v1.18.1\src/u8g_com_null.c **** #include "u8g.h"
  40:u8glib_arm_v1.18.1\src/u8g_com_null.c **** 
  41:u8glib_arm_v1.18.1\src/u8g_com_null.c **** uint8_t u8g_com_null_fn(u8g_t *u8g, uint8_t msg, uint8_t arg_val, void *arg_ptr)
  42:u8glib_arm_v1.18.1\src/u8g_com_null.c **** {
  27              		.loc 1 42 0
  28              		.cfi_startproc
  29              		@ args = 0, pretend = 0, frame = 16
  30              		@ frame_needed = 1, uses_anonymous_args = 0
  31              		@ link register save eliminated.
  32 0000 80B4     		push	{r7}
  33              		.cfi_def_cfa_offset 4
  34              		.cfi_offset 7, -4
  35 0002 85B0     		sub	sp, sp, #20
  36              		.cfi_def_cfa_offset 24
  37 0004 00AF     		add	r7, sp, #0
  38              		.cfi_def_cfa_register 7
  39 0006 F860     		str	r0, [r7, #12]
  40 0008 7B60     		str	r3, [r7, #4]
  41 000a 0B46     		mov	r3, r1
  42 000c FB72     		strb	r3, [r7, #11]
  43 000e 1346     		mov	r3, r2
  44 0010 BB72     		strb	r3, [r7, #10]
  43:u8glib_arm_v1.18.1\src/u8g_com_null.c ****   switch(msg)
  45              		.loc 1 43 0
  46 0012 FB7A     		ldrb	r3, [r7, #11]	@ zero_extendqisi2
  47 0014 062B     		cmp	r3, #6
  48 0016 11D8     		bhi	.L2
  49 0018 01A2     		adr	r2, .L4
  50 001a 52F823F0 		ldr	pc, [r2, r3, lsl #2]
  51 001e 00BF     		.p2align 2
  52              	.L4:
  53 0020 3D000000 		.word	.L2+1
  54 0024 3D000000 		.word	.L2+1
  55 0028 3D000000 		.word	.L2+1
  56 002c 3D000000 		.word	.L2+1
  57 0030 3D000000 		.word	.L2+1
  58 0034 3D000000 		.word	.L2+1
  59 0038 3D000000 		.word	.L2+1
  60              		.p2align 1
  61              	.L2:
  44:u8glib_arm_v1.18.1\src/u8g_com_null.c ****   {
  45:u8glib_arm_v1.18.1\src/u8g_com_null.c ****     case U8G_COM_MSG_INIT:
  46:u8glib_arm_v1.18.1\src/u8g_com_null.c ****       break;
  47:u8glib_arm_v1.18.1\src/u8g_com_null.c ****     case U8G_COM_MSG_STOP:
  48:u8glib_arm_v1.18.1\src/u8g_com_null.c ****       break;
  49:u8glib_arm_v1.18.1\src/u8g_com_null.c **** 
  50:u8glib_arm_v1.18.1\src/u8g_com_null.c ****    
  51:u8glib_arm_v1.18.1\src/u8g_com_null.c ****     case U8G_COM_MSG_CHIP_SELECT:
  52:u8glib_arm_v1.18.1\src/u8g_com_null.c ****       /* arg_val contains the chip number, which should be enabled */
  53:u8glib_arm_v1.18.1\src/u8g_com_null.c ****       break;
ARM GAS  C:\Users\KJA\AppData\Local\Temp\cc0haJWi.s 			page 3


  54:u8glib_arm_v1.18.1\src/u8g_com_null.c **** 
  55:u8glib_arm_v1.18.1\src/u8g_com_null.c **** 
  56:u8glib_arm_v1.18.1\src/u8g_com_null.c ****     case U8G_COM_MSG_WRITE_BYTE:
  57:u8glib_arm_v1.18.1\src/u8g_com_null.c ****       break;
  58:u8glib_arm_v1.18.1\src/u8g_com_null.c ****     case U8G_COM_MSG_WRITE_SEQ:
  59:u8glib_arm_v1.18.1\src/u8g_com_null.c ****       break;
  60:u8glib_arm_v1.18.1\src/u8g_com_null.c ****   }
  61:u8glib_arm_v1.18.1\src/u8g_com_null.c ****   return 1;
  62              		.loc 1 61 0
  63 003c 0123     		movs	r3, #1
  62:u8glib_arm_v1.18.1\src/u8g_com_null.c **** }
  64              		.loc 1 62 0
  65 003e 1846     		mov	r0, r3
  66 0040 1437     		adds	r7, r7, #20
  67              		.cfi_def_cfa_offset 4
  68 0042 BD46     		mov	sp, r7
  69              		.cfi_def_cfa_register 13
  70              		@ sp needed
  71 0044 5DF8047B 		ldr	r7, [sp], #4
  72              		.cfi_restore 7
  73              		.cfi_def_cfa_offset 0
  74 0048 7047     		bx	lr
  75              		.cfi_endproc
  76              	.LFE0:
  77              		.size	u8g_com_null_fn, .-u8g_com_null_fn
  78 004a 00BF     		.text
  79              	.Letext0:
  80              		.file 2 "c:\\program files (x86)\\cypress\\psoc creator\\4.0\\psoc creator\\import\\gnu\\arm\\4.9.
  81              		.file 3 "c:\\program files (x86)\\cypress\\psoc creator\\4.0\\psoc creator\\import\\gnu\\arm\\4.9.
  82              		.file 4 "u8glib_arm_v1.18.1\\src\\u8g.h"
  83              		.section	.debug_info,"",%progbits
  84              	.Ldebug_info0:
  85 0000 31040000 		.4byte	0x431
  86 0004 0400     		.2byte	0x4
  87 0006 00000000 		.4byte	.Ldebug_abbrev0
  88 000a 04       		.byte	0x4
  89 000b 01       		.uleb128 0x1
  90 000c 52010000 		.4byte	.LASF63
  91 0010 01       		.byte	0x1
  92 0011 2B000000 		.4byte	.LASF64
  93 0015 8D030000 		.4byte	.LASF65
  94 0019 00000000 		.4byte	.Ldebug_ranges0+0
  95 001d 00000000 		.4byte	0
  96 0021 00000000 		.4byte	.Ldebug_line0
  97 0025 02       		.uleb128 0x2
  98 0026 04       		.byte	0x4
  99 0027 05       		.byte	0x5
 100 0028 696E7400 		.ascii	"int\000"
 101 002c 03       		.uleb128 0x3
 102 002d 04       		.byte	0x4
 103 002e 07       		.byte	0x7
 104 002f A5020000 		.4byte	.LASF0
 105 0033 04       		.uleb128 0x4
 106 0034 DA020000 		.4byte	.LASF2
 107 0038 02       		.byte	0x2
 108 0039 1B       		.byte	0x1b
 109 003a 3E000000 		.4byte	0x3e
ARM GAS  C:\Users\KJA\AppData\Local\Temp\cc0haJWi.s 			page 4


 110 003e 03       		.uleb128 0x3
 111 003f 01       		.byte	0x1
 112 0040 06       		.byte	0x6
 113 0041 7B020000 		.4byte	.LASF1
 114 0045 04       		.uleb128 0x4
 115 0046 0A020000 		.4byte	.LASF3
 116 004a 02       		.byte	0x2
 117 004b 1D       		.byte	0x1d
 118 004c 50000000 		.4byte	0x50
 119 0050 03       		.uleb128 0x3
 120 0051 01       		.byte	0x1
 121 0052 08       		.byte	0x8
 122 0053 56020000 		.4byte	.LASF4
 123 0057 03       		.uleb128 0x3
 124 0058 02       		.byte	0x2
 125 0059 05       		.byte	0x5
 126 005a 56000000 		.4byte	.LASF5
 127 005e 03       		.uleb128 0x3
 128 005f 02       		.byte	0x2
 129 0060 07       		.byte	0x7
 130 0061 C7020000 		.4byte	.LASF6
 131 0065 03       		.uleb128 0x3
 132 0066 04       		.byte	0x4
 133 0067 05       		.byte	0x5
 134 0068 EE020000 		.4byte	.LASF7
 135 006c 03       		.uleb128 0x3
 136 006d 04       		.byte	0x4
 137 006e 07       		.byte	0x7
 138 006f 13030000 		.4byte	.LASF8
 139 0073 03       		.uleb128 0x3
 140 0074 08       		.byte	0x8
 141 0075 05       		.byte	0x5
 142 0076 37010000 		.4byte	.LASF9
 143 007a 03       		.uleb128 0x3
 144 007b 08       		.byte	0x8
 145 007c 07       		.byte	0x7
 146 007d 87020000 		.4byte	.LASF10
 147 0081 04       		.uleb128 0x4
 148 0082 24000000 		.4byte	.LASF11
 149 0086 03       		.byte	0x3
 150 0087 14       		.byte	0x14
 151 0088 33000000 		.4byte	0x33
 152 008c 04       		.uleb128 0x4
 153 008d EA000000 		.4byte	.LASF12
 154 0091 03       		.byte	0x3
 155 0092 15       		.byte	0x15
 156 0093 45000000 		.4byte	0x45
 157 0097 04       		.uleb128 0x4
 158 0098 06000000 		.4byte	.LASF13
 159 009c 04       		.byte	0x4
 160 009d 80       		.byte	0x80
 161 009e 8C000000 		.4byte	0x8c
 162 00a2 04       		.uleb128 0x4
 163 00a3 00000000 		.4byte	.LASF14
 164 00a7 04       		.byte	0x4
 165 00a8 A0       		.byte	0xa0
 166 00a9 AD000000 		.4byte	0xad
ARM GAS  C:\Users\KJA\AppData\Local\Temp\cc0haJWi.s 			page 5


 167 00ad 05       		.uleb128 0x5
 168 00ae 73000000 		.4byte	.LASF41
 169 00b2 3C       		.byte	0x3c
 170 00b3 04       		.byte	0x4
 171 00b4 4B04     		.2byte	0x44b
 172 00b6 0D020000 		.4byte	0x20d
 173 00ba 06       		.uleb128 0x6
 174 00bb 13010000 		.4byte	.LASF15
 175 00bf 04       		.byte	0x4
 176 00c0 4D04     		.2byte	0x44d
 177 00c2 02030000 		.4byte	0x302
 178 00c6 00       		.byte	0
 179 00c7 06       		.uleb128 0x6
 180 00c8 9E020000 		.4byte	.LASF16
 181 00cc 04       		.byte	0x4
 182 00cd 4E04     		.2byte	0x44e
 183 00cf 02030000 		.4byte	0x302
 184 00d3 01       		.byte	0x1
 185 00d4 07       		.uleb128 0x7
 186 00d5 64657600 		.ascii	"dev\000"
 187 00d9 04       		.byte	0x4
 188 00da 5104     		.2byte	0x451
 189 00dc 42030000 		.4byte	0x342
 190 00e0 04       		.byte	0x4
 191 00e1 06       		.uleb128 0x6
 192 00e2 51000000 		.4byte	.LASF17
 193 00e6 04       		.byte	0x4
 194 00e7 5204     		.2byte	0x452
 195 00e9 D4030000 		.4byte	0x3d4
 196 00ed 08       		.byte	0x8
 197 00ee 06       		.uleb128 0x6
 198 00ef 61030000 		.4byte	.LASF18
 199 00f3 04       		.byte	0x4
 200 00f4 5304     		.2byte	0x453
 201 00f6 D4030000 		.4byte	0x3d4
 202 00fa 0C       		.byte	0xc
 203 00fb 06       		.uleb128 0x6
 204 00fc AE000000 		.4byte	.LASF19
 205 0100 04       		.byte	0x4
 206 0101 5404     		.2byte	0x454
 207 0103 8C000000 		.4byte	0x8c
 208 0107 10       		.byte	0x10
 209 0108 06       		.uleb128 0x6
 210 0109 03010000 		.4byte	.LASF20
 211 010d 04       		.byte	0x4
 212 010e 5404     		.2byte	0x454
 213 0110 8C000000 		.4byte	0x8c
 214 0114 11       		.byte	0x11
 215 0115 06       		.uleb128 0x6
 216 0116 46020000 		.4byte	.LASF21
 217 011a 04       		.byte	0x4
 218 011b 5504     		.2byte	0x455
 219 011d 8C000000 		.4byte	0x8c
 220 0121 12       		.byte	0x12
 221 0122 06       		.uleb128 0x6
 222 0123 F7020000 		.4byte	.LASF22
 223 0127 04       		.byte	0x4
ARM GAS  C:\Users\KJA\AppData\Local\Temp\cc0haJWi.s 			page 6


 224 0128 5604     		.2byte	0x456
 225 012a 8C000000 		.4byte	0x8c
 226 012e 13       		.byte	0x13
 227 012f 06       		.uleb128 0x6
 228 0130 7A000000 		.4byte	.LASF23
 229 0134 04       		.byte	0x4
 230 0135 5704     		.2byte	0x457
 231 0137 02030000 		.4byte	0x302
 232 013b 14       		.byte	0x14
 233 013c 06       		.uleb128 0x6
 234 013d 83000000 		.4byte	.LASF24
 235 0141 04       		.byte	0x4
 236 0142 5804     		.2byte	0x458
 237 0144 02030000 		.4byte	0x302
 238 0148 15       		.byte	0x15
 239 0149 06       		.uleb128 0x6
 240 014a B2020000 		.4byte	.LASF25
 241 014e 04       		.byte	0x4
 242 014f 5904     		.2byte	0x459
 243 0151 79030000 		.4byte	0x379
 244 0155 18       		.byte	0x18
 245 0156 06       		.uleb128 0x6
 246 0157 F2000000 		.4byte	.LASF26
 247 015b 04       		.byte	0x4
 248 015c 5B04     		.2byte	0x45b
 249 015e 81000000 		.4byte	0x81
 250 0162 1C       		.byte	0x1c
 251 0163 06       		.uleb128 0x6
 252 0164 14020000 		.4byte	.LASF27
 253 0168 04       		.byte	0x4
 254 0169 5C04     		.2byte	0x45c
 255 016b 81000000 		.4byte	0x81
 256 016f 1D       		.byte	0x1d
 257 0170 06       		.uleb128 0x6
 258 0171 1C020000 		.4byte	.LASF28
 259 0175 04       		.byte	0x4
 260 0176 5D04     		.2byte	0x45d
 261 0178 81000000 		.4byte	0x81
 262 017c 1E       		.byte	0x1e
 263 017d 06       		.uleb128 0x6
 264 017e C8030000 		.4byte	.LASF29
 265 0182 04       		.byte	0x4
 266 0183 5E04     		.2byte	0x45e
 267 0185 8C000000 		.4byte	0x8c
 268 0189 1F       		.byte	0x1f
 269 018a 06       		.uleb128 0x6
 270 018b 64020000 		.4byte	.LASF30
 271 018f 04       		.byte	0x4
 272 0190 5F04     		.2byte	0x45f
 273 0192 8C000000 		.4byte	0x8c
 274 0196 20       		.byte	0x20
 275 0197 06       		.uleb128 0x6
 276 0198 6D030000 		.4byte	.LASF31
 277 019c 04       		.byte	0x4
 278 019d 6104     		.2byte	0x461
 279 019f 96030000 		.4byte	0x396
 280 01a3 24       		.byte	0x24
ARM GAS  C:\Users\KJA\AppData\Local\Temp\cc0haJWi.s 			page 7


 281 01a4 06       		.uleb128 0x6
 282 01a5 7C030000 		.4byte	.LASF32
 283 01a9 04       		.byte	0x4
 284 01aa 6204     		.2byte	0x462
 285 01ac 8C000000 		.4byte	0x8c
 286 01b0 28       		.byte	0x28
 287 01b1 06       		.uleb128 0x6
 288 01b2 DA000000 		.4byte	.LASF33
 289 01b6 04       		.byte	0x4
 290 01b7 6304     		.2byte	0x463
 291 01b9 81000000 		.4byte	0x81
 292 01bd 29       		.byte	0x29
 293 01be 06       		.uleb128 0x6
 294 01bf 25030000 		.4byte	.LASF34
 295 01c3 04       		.byte	0x4
 296 01c4 6404     		.2byte	0x464
 297 01c6 81000000 		.4byte	0x81
 298 01ca 2A       		.byte	0x2a
 299 01cb 06       		.uleb128 0x6
 300 01cc 36030000 		.4byte	.LASF35
 301 01d0 04       		.byte	0x4
 302 01d1 6504     		.2byte	0x465
 303 01d3 8C000000 		.4byte	0x8c
 304 01d7 2B       		.byte	0x2b
 305 01d8 06       		.uleb128 0x6
 306 01d9 CD000000 		.4byte	.LASF36
 307 01dd 04       		.byte	0x4
 308 01de 6604     		.2byte	0x466
 309 01e0 8C000000 		.4byte	0x8c
 310 01e4 2C       		.byte	0x2c
 311 01e5 06       		.uleb128 0x6
 312 01e6 71020000 		.4byte	.LASF37
 313 01ea 04       		.byte	0x4
 314 01eb 6804     		.2byte	0x468
 315 01ed 49020000 		.4byte	0x249
 316 01f1 2D       		.byte	0x2d
 317 01f2 06       		.uleb128 0x6
 318 01f3 8C000000 		.4byte	.LASF38
 319 01f7 04       		.byte	0x4
 320 01f8 6F04     		.2byte	0x46f
 321 01fa B7030000 		.4byte	0x3b7
 322 01fe 34       		.byte	0x34
 323 01ff 06       		.uleb128 0x6
 324 0200 45010000 		.4byte	.LASF39
 325 0204 04       		.byte	0x4
 326 0205 7104     		.2byte	0x471
 327 0207 B9020000 		.4byte	0x2b9
 328 020b 38       		.byte	0x38
 329 020c 00       		.byte	0
 330 020d 04       		.uleb128 0x4
 331 020e BE000000 		.4byte	.LASF40
 332 0212 04       		.byte	0x4
 333 0213 A1       		.byte	0xa1
 334 0214 18020000 		.4byte	0x218
 335 0218 08       		.uleb128 0x8
 336 0219 D4030000 		.4byte	.LASF42
 337 021d 0C       		.byte	0xc
ARM GAS  C:\Users\KJA\AppData\Local\Temp\cc0haJWi.s 			page 8


 338 021e 04       		.byte	0x4
 339 021f CF       		.byte	0xcf
 340 0220 49020000 		.4byte	0x249
 341 0224 09       		.uleb128 0x9
 342 0225 0C030000 		.4byte	.LASF43
 343 0229 04       		.byte	0x4
 344 022a D1       		.byte	0xd1
 345 022b 0D030000 		.4byte	0x30d
 346 022f 00       		.byte	0
 347 0230 09       		.uleb128 0x9
 348 0231 59030000 		.4byte	.LASF44
 349 0235 04       		.byte	0x4
 350 0236 D2       		.byte	0xd2
 351 0237 48030000 		.4byte	0x348
 352 023b 04       		.byte	0x4
 353 023c 09       		.uleb128 0x9
 354 023d DF030000 		.4byte	.LASF45
 355 0241 04       		.byte	0x4
 356 0242 D3       		.byte	0xd3
 357 0243 4A030000 		.4byte	0x34a
 358 0247 08       		.byte	0x8
 359 0248 00       		.byte	0
 360 0249 04       		.uleb128 0x4
 361 024a 32020000 		.4byte	.LASF46
 362 024e 04       		.byte	0x4
 363 024f A3       		.byte	0xa3
 364 0250 54020000 		.4byte	0x254
 365 0254 05       		.uleb128 0x5
 366 0255 22010000 		.4byte	.LASF47
 367 0259 07       		.byte	0x7
 368 025a 04       		.byte	0x4
 369 025b 1D02     		.2byte	0x21d
 370 025d B9020000 		.4byte	0x2b9
 371 0261 07       		.uleb128 0x7
 372 0262 7800     		.ascii	"x\000"
 373 0264 04       		.byte	0x4
 374 0265 1F02     		.2byte	0x21f
 375 0267 02030000 		.4byte	0x302
 376 026b 00       		.byte	0
 377 026c 07       		.uleb128 0x7
 378 026d 7900     		.ascii	"y\000"
 379 026f 04       		.byte	0x4
 380 0270 1F02     		.2byte	0x21f
 381 0272 02030000 		.4byte	0x302
 382 0276 01       		.byte	0x1
 383 0277 06       		.uleb128 0x6
 384 0278 16000000 		.4byte	.LASF48
 385 027c 04       		.byte	0x4
 386 027d 2002     		.2byte	0x220
 387 027f 8C000000 		.4byte	0x8c
 388 0283 02       		.byte	0x2
 389 0284 07       		.uleb128 0x7
 390 0285 64697200 		.ascii	"dir\000"
 391 0289 04       		.byte	0x4
 392 028a 2102     		.2byte	0x221
 393 028c 8C000000 		.4byte	0x8c
 394 0290 03       		.byte	0x3
ARM GAS  C:\Users\KJA\AppData\Local\Temp\cc0haJWi.s 			page 9


 395 0291 06       		.uleb128 0x6
 396 0292 60000000 		.4byte	.LASF49
 397 0296 04       		.byte	0x4
 398 0297 2202     		.2byte	0x222
 399 0299 8C000000 		.4byte	0x8c
 400 029d 04       		.byte	0x4
 401 029e 06       		.uleb128 0x6
 402 029f 19010000 		.4byte	.LASF50
 403 02a3 04       		.byte	0x4
 404 02a4 2302     		.2byte	0x223
 405 02a6 8C000000 		.4byte	0x8c
 406 02aa 05       		.byte	0x5
 407 02ab 06       		.uleb128 0x6
 408 02ac C8000000 		.4byte	.LASF51
 409 02b0 04       		.byte	0x4
 410 02b1 2402     		.2byte	0x224
 411 02b3 8C000000 		.4byte	0x8c
 412 02b7 06       		.byte	0x6
 413 02b8 00       		.byte	0
 414 02b9 04       		.uleb128 0x4
 415 02ba 4F030000 		.4byte	.LASF52
 416 02be 04       		.byte	0x4
 417 02bf A5       		.byte	0xa5
 418 02c0 C4020000 		.4byte	0x2c4
 419 02c4 05       		.uleb128 0x5
 420 02c5 E3020000 		.4byte	.LASF53
 421 02c9 04       		.byte	0x4
 422 02ca 04       		.byte	0x4
 423 02cb 3102     		.2byte	0x231
 424 02cd 02030000 		.4byte	0x302
 425 02d1 07       		.uleb128 0x7
 426 02d2 783000   		.ascii	"x0\000"
 427 02d5 04       		.byte	0x4
 428 02d6 3302     		.2byte	0x233
 429 02d8 02030000 		.4byte	0x302
 430 02dc 00       		.byte	0
 431 02dd 07       		.uleb128 0x7
 432 02de 793000   		.ascii	"y0\000"
 433 02e1 04       		.byte	0x4
 434 02e2 3302     		.2byte	0x233
 435 02e4 02030000 		.4byte	0x302
 436 02e8 01       		.byte	0x1
 437 02e9 07       		.uleb128 0x7
 438 02ea 783100   		.ascii	"x1\000"
 439 02ed 04       		.byte	0x4
 440 02ee 3302     		.2byte	0x233
 441 02f0 02030000 		.4byte	0x302
 442 02f4 02       		.byte	0x2
 443 02f5 07       		.uleb128 0x7
 444 02f6 793100   		.ascii	"y1\000"
 445 02f9 04       		.byte	0x4
 446 02fa 3302     		.2byte	0x233
 447 02fc 02030000 		.4byte	0x302
 448 0300 03       		.byte	0x3
 449 0301 00       		.byte	0
 450 0302 04       		.uleb128 0x4
 451 0303 BC020000 		.4byte	.LASF54
ARM GAS  C:\Users\KJA\AppData\Local\Temp\cc0haJWi.s 			page 10


 452 0307 04       		.byte	0x4
 453 0308 AF       		.byte	0xaf
 454 0309 8C000000 		.4byte	0x8c
 455 030d 04       		.uleb128 0x4
 456 030e FC010000 		.4byte	.LASF55
 457 0312 04       		.byte	0x4
 458 0313 C7       		.byte	0xc7
 459 0314 18030000 		.4byte	0x318
 460 0318 0A       		.uleb128 0xa
 461 0319 04       		.byte	0x4
 462 031a 1E030000 		.4byte	0x31e
 463 031e 0B       		.uleb128 0xb
 464 031f 8C000000 		.4byte	0x8c
 465 0323 3C030000 		.4byte	0x33c
 466 0327 0C       		.uleb128 0xc
 467 0328 3C030000 		.4byte	0x33c
 468 032c 0C       		.uleb128 0xc
 469 032d 42030000 		.4byte	0x342
 470 0331 0C       		.uleb128 0xc
 471 0332 8C000000 		.4byte	0x8c
 472 0336 0C       		.uleb128 0xc
 473 0337 48030000 		.4byte	0x348
 474 033b 00       		.byte	0
 475 033c 0A       		.uleb128 0xa
 476 033d 04       		.byte	0x4
 477 033e A2000000 		.4byte	0xa2
 478 0342 0A       		.uleb128 0xa
 479 0343 04       		.byte	0x4
 480 0344 0D020000 		.4byte	0x20d
 481 0348 0D       		.uleb128 0xd
 482 0349 04       		.byte	0x4
 483 034a 04       		.uleb128 0x4
 484 034b 24020000 		.4byte	.LASF56
 485 034f 04       		.byte	0x4
 486 0350 CA       		.byte	0xca
 487 0351 55030000 		.4byte	0x355
 488 0355 0A       		.uleb128 0xa
 489 0356 04       		.byte	0x4
 490 0357 5B030000 		.4byte	0x35b
 491 035b 0B       		.uleb128 0xb
 492 035c 8C000000 		.4byte	0x8c
 493 0360 79030000 		.4byte	0x379
 494 0364 0C       		.uleb128 0xc
 495 0365 3C030000 		.4byte	0x33c
 496 0369 0C       		.uleb128 0xc
 497 036a 8C000000 		.4byte	0x8c
 498 036e 0C       		.uleb128 0xc
 499 036f 8C000000 		.4byte	0x8c
 500 0373 0C       		.uleb128 0xc
 501 0374 48030000 		.4byte	0x348
 502 0378 00       		.byte	0
 503 0379 0E       		.uleb128 0xe
 504 037a E0010000 		.4byte	.LASF57
 505 037e 04       		.byte	0x4
 506 037f 0D04     		.2byte	0x40d
 507 0381 85030000 		.4byte	0x385
 508 0385 0A       		.uleb128 0xa
ARM GAS  C:\Users\KJA\AppData\Local\Temp\cc0haJWi.s 			page 11


 509 0386 04       		.byte	0x4
 510 0387 8B030000 		.4byte	0x38b
 511 038b 0F       		.uleb128 0xf
 512 038c 96030000 		.4byte	0x396
 513 0390 0C       		.uleb128 0xc
 514 0391 3C030000 		.4byte	0x33c
 515 0395 00       		.byte	0
 516 0396 0E       		.uleb128 0xe
 517 0397 95000000 		.4byte	.LASF58
 518 039b 04       		.byte	0x4
 519 039c 1004     		.2byte	0x410
 520 039e A2030000 		.4byte	0x3a2
 521 03a2 0A       		.uleb128 0xa
 522 03a3 04       		.byte	0x4
 523 03a4 A8030000 		.4byte	0x3a8
 524 03a8 0B       		.uleb128 0xb
 525 03a9 02030000 		.4byte	0x302
 526 03ad B7030000 		.4byte	0x3b7
 527 03b1 0C       		.uleb128 0xc
 528 03b2 3C030000 		.4byte	0x33c
 529 03b6 00       		.byte	0
 530 03b7 0E       		.uleb128 0xe
 531 03b8 66000000 		.4byte	.LASF59
 532 03bc 04       		.byte	0x4
 533 03bd 1304     		.2byte	0x413
 534 03bf C3030000 		.4byte	0x3c3
 535 03c3 0A       		.uleb128 0xa
 536 03c4 04       		.byte	0x4
 537 03c5 C9030000 		.4byte	0x3c9
 538 03c9 0F       		.uleb128 0xf
 539 03ca D4030000 		.4byte	0x3d4
 540 03ce 0C       		.uleb128 0xc
 541 03cf 8C000000 		.4byte	0x8c
 542 03d3 00       		.byte	0
 543 03d4 0A       		.uleb128 0xa
 544 03d5 04       		.byte	0x4
 545 03d6 DA030000 		.4byte	0x3da
 546 03da 10       		.uleb128 0x10
 547 03db 97000000 		.4byte	0x97
 548 03df 03       		.uleb128 0x3
 549 03e0 04       		.byte	0x4
 550 03e1 07       		.byte	0x7
 551 03e2 F3010000 		.4byte	.LASF60
 552 03e6 11       		.uleb128 0x11
 553 03e7 FC020000 		.4byte	.LASF66
 554 03eb 01       		.byte	0x1
 555 03ec 29       		.byte	0x29
 556 03ed 8C000000 		.4byte	0x8c
 557 03f1 00000000 		.4byte	.LFB0
 558 03f5 4A000000 		.4byte	.LFE0-.LFB0
 559 03f9 01       		.uleb128 0x1
 560 03fa 9C       		.byte	0x9c
 561 03fb 12       		.uleb128 0x12
 562 03fc 75386700 		.ascii	"u8g\000"
 563 0400 01       		.byte	0x1
 564 0401 29       		.byte	0x29
 565 0402 3C030000 		.4byte	0x33c
ARM GAS  C:\Users\KJA\AppData\Local\Temp\cc0haJWi.s 			page 12


 566 0406 02       		.uleb128 0x2
 567 0407 91       		.byte	0x91
 568 0408 74       		.sleb128 -12
 569 0409 12       		.uleb128 0x12
 570 040a 6D736700 		.ascii	"msg\000"
 571 040e 01       		.byte	0x1
 572 040f 29       		.byte	0x29
 573 0410 8C000000 		.4byte	0x8c
 574 0414 02       		.uleb128 0x2
 575 0415 91       		.byte	0x91
 576 0416 73       		.sleb128 -13
 577 0417 13       		.uleb128 0x13
 578 0418 FB000000 		.4byte	.LASF61
 579 041c 01       		.byte	0x1
 580 041d 29       		.byte	0x29
 581 041e 8C000000 		.4byte	0x8c
 582 0422 02       		.uleb128 0x2
 583 0423 91       		.byte	0x91
 584 0424 72       		.sleb128 -14
 585 0425 13       		.uleb128 0x13
 586 0426 1C000000 		.4byte	.LASF62
 587 042a 01       		.byte	0x1
 588 042b 29       		.byte	0x29
 589 042c 48030000 		.4byte	0x348
 590 0430 02       		.uleb128 0x2
 591 0431 91       		.byte	0x91
 592 0432 6C       		.sleb128 -20
 593 0433 00       		.byte	0
 594 0434 00       		.byte	0
 595              		.section	.debug_abbrev,"",%progbits
 596              	.Ldebug_abbrev0:
 597 0000 01       		.uleb128 0x1
 598 0001 11       		.uleb128 0x11
 599 0002 01       		.byte	0x1
 600 0003 25       		.uleb128 0x25
 601 0004 0E       		.uleb128 0xe
 602 0005 13       		.uleb128 0x13
 603 0006 0B       		.uleb128 0xb
 604 0007 03       		.uleb128 0x3
 605 0008 0E       		.uleb128 0xe
 606 0009 1B       		.uleb128 0x1b
 607 000a 0E       		.uleb128 0xe
 608 000b 55       		.uleb128 0x55
 609 000c 17       		.uleb128 0x17
 610 000d 11       		.uleb128 0x11
 611 000e 01       		.uleb128 0x1
 612 000f 10       		.uleb128 0x10
 613 0010 17       		.uleb128 0x17
 614 0011 00       		.byte	0
 615 0012 00       		.byte	0
 616 0013 02       		.uleb128 0x2
 617 0014 24       		.uleb128 0x24
 618 0015 00       		.byte	0
 619 0016 0B       		.uleb128 0xb
 620 0017 0B       		.uleb128 0xb
 621 0018 3E       		.uleb128 0x3e
 622 0019 0B       		.uleb128 0xb
ARM GAS  C:\Users\KJA\AppData\Local\Temp\cc0haJWi.s 			page 13


 623 001a 03       		.uleb128 0x3
 624 001b 08       		.uleb128 0x8
 625 001c 00       		.byte	0
 626 001d 00       		.byte	0
 627 001e 03       		.uleb128 0x3
 628 001f 24       		.uleb128 0x24
 629 0020 00       		.byte	0
 630 0021 0B       		.uleb128 0xb
 631 0022 0B       		.uleb128 0xb
 632 0023 3E       		.uleb128 0x3e
 633 0024 0B       		.uleb128 0xb
 634 0025 03       		.uleb128 0x3
 635 0026 0E       		.uleb128 0xe
 636 0027 00       		.byte	0
 637 0028 00       		.byte	0
 638 0029 04       		.uleb128 0x4
 639 002a 16       		.uleb128 0x16
 640 002b 00       		.byte	0
 641 002c 03       		.uleb128 0x3
 642 002d 0E       		.uleb128 0xe
 643 002e 3A       		.uleb128 0x3a
 644 002f 0B       		.uleb128 0xb
 645 0030 3B       		.uleb128 0x3b
 646 0031 0B       		.uleb128 0xb
 647 0032 49       		.uleb128 0x49
 648 0033 13       		.uleb128 0x13
 649 0034 00       		.byte	0
 650 0035 00       		.byte	0
 651 0036 05       		.uleb128 0x5
 652 0037 13       		.uleb128 0x13
 653 0038 01       		.byte	0x1
 654 0039 03       		.uleb128 0x3
 655 003a 0E       		.uleb128 0xe
 656 003b 0B       		.uleb128 0xb
 657 003c 0B       		.uleb128 0xb
 658 003d 3A       		.uleb128 0x3a
 659 003e 0B       		.uleb128 0xb
 660 003f 3B       		.uleb128 0x3b
 661 0040 05       		.uleb128 0x5
 662 0041 01       		.uleb128 0x1
 663 0042 13       		.uleb128 0x13
 664 0043 00       		.byte	0
 665 0044 00       		.byte	0
 666 0045 06       		.uleb128 0x6
 667 0046 0D       		.uleb128 0xd
 668 0047 00       		.byte	0
 669 0048 03       		.uleb128 0x3
 670 0049 0E       		.uleb128 0xe
 671 004a 3A       		.uleb128 0x3a
 672 004b 0B       		.uleb128 0xb
 673 004c 3B       		.uleb128 0x3b
 674 004d 05       		.uleb128 0x5
 675 004e 49       		.uleb128 0x49
 676 004f 13       		.uleb128 0x13
 677 0050 38       		.uleb128 0x38
 678 0051 0B       		.uleb128 0xb
 679 0052 00       		.byte	0
ARM GAS  C:\Users\KJA\AppData\Local\Temp\cc0haJWi.s 			page 14


 680 0053 00       		.byte	0
 681 0054 07       		.uleb128 0x7
 682 0055 0D       		.uleb128 0xd
 683 0056 00       		.byte	0
 684 0057 03       		.uleb128 0x3
 685 0058 08       		.uleb128 0x8
 686 0059 3A       		.uleb128 0x3a
 687 005a 0B       		.uleb128 0xb
 688 005b 3B       		.uleb128 0x3b
 689 005c 05       		.uleb128 0x5
 690 005d 49       		.uleb128 0x49
 691 005e 13       		.uleb128 0x13
 692 005f 38       		.uleb128 0x38
 693 0060 0B       		.uleb128 0xb
 694 0061 00       		.byte	0
 695 0062 00       		.byte	0
 696 0063 08       		.uleb128 0x8
 697 0064 13       		.uleb128 0x13
 698 0065 01       		.byte	0x1
 699 0066 03       		.uleb128 0x3
 700 0067 0E       		.uleb128 0xe
 701 0068 0B       		.uleb128 0xb
 702 0069 0B       		.uleb128 0xb
 703 006a 3A       		.uleb128 0x3a
 704 006b 0B       		.uleb128 0xb
 705 006c 3B       		.uleb128 0x3b
 706 006d 0B       		.uleb128 0xb
 707 006e 01       		.uleb128 0x1
 708 006f 13       		.uleb128 0x13
 709 0070 00       		.byte	0
 710 0071 00       		.byte	0
 711 0072 09       		.uleb128 0x9
 712 0073 0D       		.uleb128 0xd
 713 0074 00       		.byte	0
 714 0075 03       		.uleb128 0x3
 715 0076 0E       		.uleb128 0xe
 716 0077 3A       		.uleb128 0x3a
 717 0078 0B       		.uleb128 0xb
 718 0079 3B       		.uleb128 0x3b
 719 007a 0B       		.uleb128 0xb
 720 007b 49       		.uleb128 0x49
 721 007c 13       		.uleb128 0x13
 722 007d 38       		.uleb128 0x38
 723 007e 0B       		.uleb128 0xb
 724 007f 00       		.byte	0
 725 0080 00       		.byte	0
 726 0081 0A       		.uleb128 0xa
 727 0082 0F       		.uleb128 0xf
 728 0083 00       		.byte	0
 729 0084 0B       		.uleb128 0xb
 730 0085 0B       		.uleb128 0xb
 731 0086 49       		.uleb128 0x49
 732 0087 13       		.uleb128 0x13
 733 0088 00       		.byte	0
 734 0089 00       		.byte	0
 735 008a 0B       		.uleb128 0xb
 736 008b 15       		.uleb128 0x15
ARM GAS  C:\Users\KJA\AppData\Local\Temp\cc0haJWi.s 			page 15


 737 008c 01       		.byte	0x1
 738 008d 27       		.uleb128 0x27
 739 008e 19       		.uleb128 0x19
 740 008f 49       		.uleb128 0x49
 741 0090 13       		.uleb128 0x13
 742 0091 01       		.uleb128 0x1
 743 0092 13       		.uleb128 0x13
 744 0093 00       		.byte	0
 745 0094 00       		.byte	0
 746 0095 0C       		.uleb128 0xc
 747 0096 05       		.uleb128 0x5
 748 0097 00       		.byte	0
 749 0098 49       		.uleb128 0x49
 750 0099 13       		.uleb128 0x13
 751 009a 00       		.byte	0
 752 009b 00       		.byte	0
 753 009c 0D       		.uleb128 0xd
 754 009d 0F       		.uleb128 0xf
 755 009e 00       		.byte	0
 756 009f 0B       		.uleb128 0xb
 757 00a0 0B       		.uleb128 0xb
 758 00a1 00       		.byte	0
 759 00a2 00       		.byte	0
 760 00a3 0E       		.uleb128 0xe
 761 00a4 16       		.uleb128 0x16
 762 00a5 00       		.byte	0
 763 00a6 03       		.uleb128 0x3
 764 00a7 0E       		.uleb128 0xe
 765 00a8 3A       		.uleb128 0x3a
 766 00a9 0B       		.uleb128 0xb
 767 00aa 3B       		.uleb128 0x3b
 768 00ab 05       		.uleb128 0x5
 769 00ac 49       		.uleb128 0x49
 770 00ad 13       		.uleb128 0x13
 771 00ae 00       		.byte	0
 772 00af 00       		.byte	0
 773 00b0 0F       		.uleb128 0xf
 774 00b1 15       		.uleb128 0x15
 775 00b2 01       		.byte	0x1
 776 00b3 27       		.uleb128 0x27
 777 00b4 19       		.uleb128 0x19
 778 00b5 01       		.uleb128 0x1
 779 00b6 13       		.uleb128 0x13
 780 00b7 00       		.byte	0
 781 00b8 00       		.byte	0
 782 00b9 10       		.uleb128 0x10
 783 00ba 26       		.uleb128 0x26
 784 00bb 00       		.byte	0
 785 00bc 49       		.uleb128 0x49
 786 00bd 13       		.uleb128 0x13
 787 00be 00       		.byte	0
 788 00bf 00       		.byte	0
 789 00c0 11       		.uleb128 0x11
 790 00c1 2E       		.uleb128 0x2e
 791 00c2 01       		.byte	0x1
 792 00c3 3F       		.uleb128 0x3f
 793 00c4 19       		.uleb128 0x19
ARM GAS  C:\Users\KJA\AppData\Local\Temp\cc0haJWi.s 			page 16


 794 00c5 03       		.uleb128 0x3
 795 00c6 0E       		.uleb128 0xe
 796 00c7 3A       		.uleb128 0x3a
 797 00c8 0B       		.uleb128 0xb
 798 00c9 3B       		.uleb128 0x3b
 799 00ca 0B       		.uleb128 0xb
 800 00cb 27       		.uleb128 0x27
 801 00cc 19       		.uleb128 0x19
 802 00cd 49       		.uleb128 0x49
 803 00ce 13       		.uleb128 0x13
 804 00cf 11       		.uleb128 0x11
 805 00d0 01       		.uleb128 0x1
 806 00d1 12       		.uleb128 0x12
 807 00d2 06       		.uleb128 0x6
 808 00d3 40       		.uleb128 0x40
 809 00d4 18       		.uleb128 0x18
 810 00d5 9742     		.uleb128 0x2117
 811 00d7 19       		.uleb128 0x19
 812 00d8 00       		.byte	0
 813 00d9 00       		.byte	0
 814 00da 12       		.uleb128 0x12
 815 00db 05       		.uleb128 0x5
 816 00dc 00       		.byte	0
 817 00dd 03       		.uleb128 0x3
 818 00de 08       		.uleb128 0x8
 819 00df 3A       		.uleb128 0x3a
 820 00e0 0B       		.uleb128 0xb
 821 00e1 3B       		.uleb128 0x3b
 822 00e2 0B       		.uleb128 0xb
 823 00e3 49       		.uleb128 0x49
 824 00e4 13       		.uleb128 0x13
 825 00e5 02       		.uleb128 0x2
 826 00e6 18       		.uleb128 0x18
 827 00e7 00       		.byte	0
 828 00e8 00       		.byte	0
 829 00e9 13       		.uleb128 0x13
 830 00ea 05       		.uleb128 0x5
 831 00eb 00       		.byte	0
 832 00ec 03       		.uleb128 0x3
 833 00ed 0E       		.uleb128 0xe
 834 00ee 3A       		.uleb128 0x3a
 835 00ef 0B       		.uleb128 0xb
 836 00f0 3B       		.uleb128 0x3b
 837 00f1 0B       		.uleb128 0xb
 838 00f2 49       		.uleb128 0x49
 839 00f3 13       		.uleb128 0x13
 840 00f4 02       		.uleb128 0x2
 841 00f5 18       		.uleb128 0x18
 842 00f6 00       		.byte	0
 843 00f7 00       		.byte	0
 844 00f8 00       		.byte	0
 845              		.section	.debug_aranges,"",%progbits
 846 0000 1C000000 		.4byte	0x1c
 847 0004 0200     		.2byte	0x2
 848 0006 00000000 		.4byte	.Ldebug_info0
 849 000a 04       		.byte	0x4
 850 000b 00       		.byte	0
ARM GAS  C:\Users\KJA\AppData\Local\Temp\cc0haJWi.s 			page 17


 851 000c 0000     		.2byte	0
 852 000e 0000     		.2byte	0
 853 0010 00000000 		.4byte	.LFB0
 854 0014 4A000000 		.4byte	.LFE0-.LFB0
 855 0018 00000000 		.4byte	0
 856 001c 00000000 		.4byte	0
 857              		.section	.debug_ranges,"",%progbits
 858              	.Ldebug_ranges0:
 859 0000 00000000 		.4byte	.LFB0
 860 0004 4A000000 		.4byte	.LFE0
 861 0008 00000000 		.4byte	0
 862 000c 00000000 		.4byte	0
 863              		.section	.debug_line,"",%progbits
 864              	.Ldebug_line0:
 865 0000 58010000 		.section	.debug_str,"MS",%progbits,1
 865      02003D01 
 865      00000201 
 865      FB0E0D00 
 865      01010101 
 866              	.LASF14:
 867 0000 7538675F 		.ascii	"u8g_t\000"
 867      7400
 868              	.LASF13:
 869 0006 7538675F 		.ascii	"u8g_pgm_uint8_t\000"
 869      70676D5F 
 869      75696E74 
 869      385F7400 
 870              	.LASF48:
 871 0016 70697865 		.ascii	"pixel\000"
 871      6C00
 872              	.LASF62:
 873 001c 6172675F 		.ascii	"arg_ptr\000"
 873      70747200 
 874              	.LASF11:
 875 0024 696E7438 		.ascii	"int8_t\000"
 875      5F7400
 876              	.LASF64:
 877 002b 7538676C 		.ascii	"u8glib_arm_v1.18.1\\src\\u8g_com_null.c\000"
 877      69625F61 
 877      726D5F76 
 877      312E3138 
 877      2E315C73 
 878              	.LASF17:
 879 0051 666F6E74 		.ascii	"font\000"
 879      00
 880              	.LASF5:
 881 0056 73686F72 		.ascii	"short int\000"
 881      7420696E 
 881      7400
 882              	.LASF49:
 883 0060 636F6C6F 		.ascii	"color\000"
 883      7200
 884              	.LASF59:
 885 0066 7538675F 		.ascii	"u8g_state_cb\000"
 885      73746174 
 885      655F6362 
 885      00
ARM GAS  C:\Users\KJA\AppData\Local\Temp\cc0haJWi.s 			page 18


 886              	.LASF41:
 887 0073 5F753867 		.ascii	"_u8g_t\000"
 887      5F7400
 888              	.LASF23:
 889 007a 63757273 		.ascii	"cursor_x\000"
 889      6F725F78 
 889      00
 890              	.LASF24:
 891 0083 63757273 		.ascii	"cursor_y\000"
 891      6F725F79 
 891      00
 892              	.LASF38:
 893 008c 73746174 		.ascii	"state_cb\000"
 893      655F6362 
 893      00
 894              	.LASF58:
 895 0095 7538675F 		.ascii	"u8g_font_calc_vref_fnptr\000"
 895      666F6E74 
 895      5F63616C 
 895      635F7672 
 895      65665F66 
 896              	.LASF19:
 897 00ae 63757273 		.ascii	"cursor_fg_color\000"
 897      6F725F66 
 897      675F636F 
 897      6C6F7200 
 898              	.LASF40:
 899 00be 7538675F 		.ascii	"u8g_dev_t\000"
 899      6465765F 
 899      7400
 900              	.LASF51:
 901 00c8 626C7565 		.ascii	"blue\000"
 901      00
 902              	.LASF36:
 903 00cd 6C696E65 		.ascii	"line_spacing\000"
 903      5F737061 
 903      63696E67 
 903      00
 904              	.LASF33:
 905 00da 666F6E74 		.ascii	"font_ref_ascent\000"
 905      5F726566 
 905      5F617363 
 905      656E7400 
 906              	.LASF12:
 907 00ea 75696E74 		.ascii	"uint8_t\000"
 907      385F7400 
 908              	.LASF26:
 909 00f2 676C7970 		.ascii	"glyph_dx\000"
 909      685F6478 
 909      00
 910              	.LASF61:
 911 00fb 6172675F 		.ascii	"arg_val\000"
 911      76616C00 
 912              	.LASF20:
 913 0103 63757273 		.ascii	"cursor_bg_color\000"
 913      6F725F62 
 913      675F636F 
ARM GAS  C:\Users\KJA\AppData\Local\Temp\cc0haJWi.s 			page 19


 913      6C6F7200 
 914              	.LASF15:
 915 0113 77696474 		.ascii	"width\000"
 915      6800
 916              	.LASF50:
 917 0119 68695F63 		.ascii	"hi_color\000"
 917      6F6C6F72 
 917      00
 918              	.LASF47:
 919 0122 5F753867 		.ascii	"_u8g_dev_arg_pixel_t\000"
 919      5F646576 
 919      5F617267 
 919      5F706978 
 919      656C5F74 
 920              	.LASF9:
 921 0137 6C6F6E67 		.ascii	"long long int\000"
 921      206C6F6E 
 921      6720696E 
 921      7400
 922              	.LASF39:
 923 0145 63757272 		.ascii	"current_page\000"
 923      656E745F 
 923      70616765 
 923      00
 924              	.LASF63:
 925 0152 474E5520 		.ascii	"GNU C 4.9.3 20150303 (release) [ARM/embedded-4_9-br"
 925      4320342E 
 925      392E3320 
 925      32303135 
 925      30333033 
 926 0185 616E6368 		.ascii	"anch revision 221220] -mcpu=cortex-m3 -mthumb -g -O"
 926      20726576 
 926      6973696F 
 926      6E203232 
 926      31323230 
 927 01b8 30202D66 		.ascii	"0 -ffunction-sections -ffat-lto-objects\000"
 927      66756E63 
 927      74696F6E 
 927      2D736563 
 927      74696F6E 
 928              	.LASF57:
 929 01e0 7538675F 		.ascii	"u8g_draw_cursor_fn\000"
 929      64726177 
 929      5F637572 
 929      736F725F 
 929      666E00
 930              	.LASF60:
 931 01f3 73697A65 		.ascii	"sizetype\000"
 931      74797065 
 931      00
 932              	.LASF55:
 933 01fc 7538675F 		.ascii	"u8g_dev_fnptr\000"
 933      6465765F 
 933      666E7074 
 933      7200
 934              	.LASF3:
 935 020a 5F5F7569 		.ascii	"__uint8_t\000"
ARM GAS  C:\Users\KJA\AppData\Local\Temp\cc0haJWi.s 			page 20


 935      6E74385F 
 935      7400
 936              	.LASF27:
 937 0214 676C7970 		.ascii	"glyph_x\000"
 937      685F7800 
 938              	.LASF28:
 939 021c 676C7970 		.ascii	"glyph_y\000"
 939      685F7900 
 940              	.LASF56:
 941 0224 7538675F 		.ascii	"u8g_com_fnptr\000"
 941      636F6D5F 
 941      666E7074 
 941      7200
 942              	.LASF46:
 943 0232 7538675F 		.ascii	"u8g_dev_arg_pixel_t\000"
 943      6465765F 
 943      6172675F 
 943      70697865 
 943      6C5F7400 
 944              	.LASF21:
 945 0246 63757273 		.ascii	"cursor_encoding\000"
 945      6F725F65 
 945      6E636F64 
 945      696E6700 
 946              	.LASF4:
 947 0256 756E7369 		.ascii	"unsigned char\000"
 947      676E6564 
 947      20636861 
 947      7200
 948              	.LASF30:
 949 0264 676C7970 		.ascii	"glyph_height\000"
 949      685F6865 
 949      69676874 
 949      00
 950              	.LASF37:
 951 0271 6172675F 		.ascii	"arg_pixel\000"
 951      70697865 
 951      6C00
 952              	.LASF1:
 953 027b 7369676E 		.ascii	"signed char\000"
 953      65642063 
 953      68617200 
 954              	.LASF10:
 955 0287 6C6F6E67 		.ascii	"long long unsigned int\000"
 955      206C6F6E 
 955      6720756E 
 955      7369676E 
 955      65642069 
 956              	.LASF16:
 957 029e 68656967 		.ascii	"height\000"
 957      687400
 958              	.LASF0:
 959 02a5 756E7369 		.ascii	"unsigned int\000"
 959      676E6564 
 959      20696E74 
 959      00
 960              	.LASF25:
ARM GAS  C:\Users\KJA\AppData\Local\Temp\cc0haJWi.s 			page 21


 961 02b2 63757273 		.ascii	"cursor_fn\000"
 961      6F725F66 
 961      6E00
 962              	.LASF54:
 963 02bc 7538675F 		.ascii	"u8g_uint_t\000"
 963      75696E74 
 963      5F7400
 964              	.LASF6:
 965 02c7 73686F72 		.ascii	"short unsigned int\000"
 965      7420756E 
 965      7369676E 
 965      65642069 
 965      6E7400
 966              	.LASF2:
 967 02da 5F5F696E 		.ascii	"__int8_t\000"
 967      74385F74 
 967      00
 968              	.LASF53:
 969 02e3 5F753867 		.ascii	"_u8g_box_t\000"
 969      5F626F78 
 969      5F7400
 970              	.LASF7:
 971 02ee 6C6F6E67 		.ascii	"long int\000"
 971      20696E74 
 971      00
 972              	.LASF22:
 973 02f7 6D6F6465 		.ascii	"mode\000"
 973      00
 974              	.LASF66:
 975 02fc 7538675F 		.ascii	"u8g_com_null_fn\000"
 975      636F6D5F 
 975      6E756C6C 
 975      5F666E00 
 976              	.LASF43:
 977 030c 6465765F 		.ascii	"dev_fn\000"
 977      666E00
 978              	.LASF8:
 979 0313 6C6F6E67 		.ascii	"long unsigned int\000"
 979      20756E73 
 979      69676E65 
 979      6420696E 
 979      7400
 980              	.LASF34:
 981 0325 666F6E74 		.ascii	"font_ref_descent\000"
 981      5F726566 
 981      5F646573 
 981      63656E74 
 981      00
 982              	.LASF35:
 983 0336 666F6E74 		.ascii	"font_line_spacing_factor\000"
 983      5F6C696E 
 983      655F7370 
 983      6163696E 
 983      675F6661 
 984              	.LASF52:
 985 034f 7538675F 		.ascii	"u8g_box_t\000"
 985      626F785F 
ARM GAS  C:\Users\KJA\AppData\Local\Temp\cc0haJWi.s 			page 22


 985      7400
 986              	.LASF44:
 987 0359 6465765F 		.ascii	"dev_mem\000"
 987      6D656D00 
 988              	.LASF18:
 989 0361 63757273 		.ascii	"cursor_font\000"
 989      6F725F66 
 989      6F6E7400 
 990              	.LASF31:
 991 036d 666F6E74 		.ascii	"font_calc_vref\000"
 991      5F63616C 
 991      635F7672 
 991      656600
 992              	.LASF32:
 993 037c 666F6E74 		.ascii	"font_height_mode\000"
 993      5F686569 
 993      6768745F 
 993      6D6F6465 
 993      00
 994              	.LASF65:
 995 038d 443A5C57 		.ascii	"D:\\Workspace\\PSoC_Creator\\Active_Load\\Active_Lo"
 995      6F726B73 
 995      70616365 
 995      5C50536F 
 995      435F4372 
 996 03bc 61645F76 		.ascii	"ad_v9.cydsn\000"
 996      392E6379 
 996      64736E00 
 997              	.LASF29:
 998 03c8 676C7970 		.ascii	"glyph_width\000"
 998      685F7769 
 998      64746800 
 999              	.LASF42:
 1000 03d4 5F753867 		.ascii	"_u8g_dev_t\000"
 1000      5F646576 
 1000      5F7400
 1001              	.LASF45:
 1002 03df 636F6D5F 		.ascii	"com_fn\000"
 1002      666E00
 1003              		.ident	"GCC: (GNU Tools for ARM Embedded Processors) 4.9.3 20150303 (release) [ARM/embedded-4_9-br
