ARM GAS  C:\Users\KJA\AppData\Local\Temp\ccu7RU4q.s 			page 1


   1              		.syntax unified
   2              		.cpu cortex-m3
   3              		.fpu softvfp
   4              		.eabi_attribute 20, 1
   5              		.eabi_attribute 21, 1
   6              		.eabi_attribute 23, 3
   7              		.eabi_attribute 24, 1
   8              		.eabi_attribute 25, 1
   9              		.eabi_attribute 26, 1
  10              		.eabi_attribute 30, 6
  11              		.eabi_attribute 34, 1
  12              		.eabi_attribute 18, 4
  13              		.thumb
  14              		.file	"u8g_com_raspberrypi_ssd_i2c.c"
  15              		.text
  16              	.Ltext0:
  17              		.cfi_sections	.debug_frame
  18              	.Letext0:
  19              		.section	.debug_info,"",%progbits
  20              	.Ldebug_info0:
  21 0000 67000000 		.4byte	0x67
  22 0004 0400     		.2byte	0x4
  23 0006 00000000 		.4byte	.Ldebug_abbrev0
  24 000a 04       		.byte	0x4
  25 000b 01       		.uleb128 0x1
  26 000c 5F000000 		.4byte	.LASF10
  27 0010 01       		.byte	0x1
  28 0011 0D010000 		.4byte	.LASF11
  29 0015 42010000 		.4byte	.LASF12
  30 0019 00000000 		.4byte	.Ldebug_line0
  31 001d 02       		.uleb128 0x2
  32 001e 04       		.byte	0x4
  33 001f 05       		.byte	0x5
  34 0020 696E7400 		.ascii	"int\000"
  35 0024 03       		.uleb128 0x3
  36 0025 04       		.byte	0x4
  37 0026 07       		.byte	0x7
  38 0027 00000000 		.4byte	.LASF0
  39 002b 03       		.uleb128 0x3
  40 002c 01       		.byte	0x1
  41 002d 06       		.byte	0x6
  42 002e 1F000000 		.4byte	.LASF1
  43 0032 03       		.uleb128 0x3
  44 0033 01       		.byte	0x1
  45 0034 08       		.byte	0x8
  46 0035 ED000000 		.4byte	.LASF2
  47 0039 03       		.uleb128 0x3
  48 003a 02       		.byte	0x2
  49 003b 05       		.byte	0x5
  50 003c 3E000000 		.4byte	.LASF3
  51 0040 03       		.uleb128 0x3
  52 0041 02       		.byte	0x2
  53 0042 07       		.byte	0x7
  54 0043 2B000000 		.4byte	.LASF4
  55 0047 03       		.uleb128 0x3
  56 0048 04       		.byte	0x4
  57 0049 05       		.byte	0x5
ARM GAS  C:\Users\KJA\AppData\Local\Temp\ccu7RU4q.s 			page 2


  58 004a FB000000 		.4byte	.LASF5
  59 004e 03       		.uleb128 0x3
  60 004f 04       		.byte	0x4
  61 0050 07       		.byte	0x7
  62 0051 0D000000 		.4byte	.LASF6
  63 0055 03       		.uleb128 0x3
  64 0056 08       		.byte	0x8
  65 0057 05       		.byte	0x5
  66 0058 7D010000 		.4byte	.LASF7
  67 005c 03       		.uleb128 0x3
  68 005d 08       		.byte	0x8
  69 005e 07       		.byte	0x7
  70 005f 48000000 		.4byte	.LASF8
  71 0063 03       		.uleb128 0x3
  72 0064 04       		.byte	0x4
  73 0065 07       		.byte	0x7
  74 0066 04010000 		.4byte	.LASF9
  75 006a 00       		.byte	0
  76              		.section	.debug_abbrev,"",%progbits
  77              	.Ldebug_abbrev0:
  78 0000 01       		.uleb128 0x1
  79 0001 11       		.uleb128 0x11
  80 0002 01       		.byte	0x1
  81 0003 25       		.uleb128 0x25
  82 0004 0E       		.uleb128 0xe
  83 0005 13       		.uleb128 0x13
  84 0006 0B       		.uleb128 0xb
  85 0007 03       		.uleb128 0x3
  86 0008 0E       		.uleb128 0xe
  87 0009 1B       		.uleb128 0x1b
  88 000a 0E       		.uleb128 0xe
  89 000b 10       		.uleb128 0x10
  90 000c 17       		.uleb128 0x17
  91 000d 00       		.byte	0
  92 000e 00       		.byte	0
  93 000f 02       		.uleb128 0x2
  94 0010 24       		.uleb128 0x24
  95 0011 00       		.byte	0
  96 0012 0B       		.uleb128 0xb
  97 0013 0B       		.uleb128 0xb
  98 0014 3E       		.uleb128 0x3e
  99 0015 0B       		.uleb128 0xb
 100 0016 03       		.uleb128 0x3
 101 0017 08       		.uleb128 0x8
 102 0018 00       		.byte	0
 103 0019 00       		.byte	0
 104 001a 03       		.uleb128 0x3
 105 001b 24       		.uleb128 0x24
 106 001c 00       		.byte	0
 107 001d 0B       		.uleb128 0xb
 108 001e 0B       		.uleb128 0xb
 109 001f 3E       		.uleb128 0x3e
 110 0020 0B       		.uleb128 0xb
 111 0021 03       		.uleb128 0x3
 112 0022 0E       		.uleb128 0xe
 113 0023 00       		.byte	0
 114 0024 00       		.byte	0
ARM GAS  C:\Users\KJA\AppData\Local\Temp\ccu7RU4q.s 			page 3


 115 0025 00       		.byte	0
 116              		.section	.debug_aranges,"",%progbits
 117 0000 14000000 		.4byte	0x14
 118 0004 0200     		.2byte	0x2
 119 0006 00000000 		.4byte	.Ldebug_info0
 120 000a 04       		.byte	0x4
 121 000b 00       		.byte	0
 122 000c 0000     		.2byte	0
 123 000e 0000     		.2byte	0
 124 0010 00000000 		.4byte	0
 125 0014 00000000 		.4byte	0
 126              		.section	.debug_line,"",%progbits
 127              	.Ldebug_line0:
 128 0000 19000000 		.section	.debug_str,"MS",%progbits,1
 128      02001300 
 128      00000201 
 128      FB0E0D00 
 128      01010101 
 129              	.LASF0:
 130 0000 756E7369 		.ascii	"unsigned int\000"
 130      676E6564 
 130      20696E74 
 130      00
 131              	.LASF6:
 132 000d 6C6F6E67 		.ascii	"long unsigned int\000"
 132      20756E73 
 132      69676E65 
 132      6420696E 
 132      7400
 133              	.LASF1:
 134 001f 7369676E 		.ascii	"signed char\000"
 134      65642063 
 134      68617200 
 135              	.LASF4:
 136 002b 73686F72 		.ascii	"short unsigned int\000"
 136      7420756E 
 136      7369676E 
 136      65642069 
 136      6E7400
 137              	.LASF3:
 138 003e 73686F72 		.ascii	"short int\000"
 138      7420696E 
 138      7400
 139              	.LASF8:
 140 0048 6C6F6E67 		.ascii	"long long unsigned int\000"
 140      206C6F6E 
 140      6720756E 
 140      7369676E 
 140      65642069 
 141              	.LASF10:
 142 005f 474E5520 		.ascii	"GNU C 4.9.3 20150303 (release) [ARM/embedded-4_9-br"
 142      4320342E 
 142      392E3320 
 142      32303135 
 142      30333033 
 143 0092 616E6368 		.ascii	"anch revision 221220] -mcpu=cortex-m3 -mthumb -g -O"
 143      20726576 
ARM GAS  C:\Users\KJA\AppData\Local\Temp\ccu7RU4q.s 			page 4


 143      6973696F 
 143      6E203232 
 143      31323230 
 144 00c5 30202D66 		.ascii	"0 -ffunction-sections -ffat-lto-objects\000"
 144      66756E63 
 144      74696F6E 
 144      2D736563 
 144      74696F6E 
 145              	.LASF2:
 146 00ed 756E7369 		.ascii	"unsigned char\000"
 146      676E6564 
 146      20636861 
 146      7200
 147              	.LASF5:
 148 00fb 6C6F6E67 		.ascii	"long int\000"
 148      20696E74 
 148      00
 149              	.LASF9:
 150 0104 73697A65 		.ascii	"sizetype\000"
 150      74797065 
 150      00
 151              	.LASF11:
 152 010d 7538676C 		.ascii	"u8glib_arm_v1.18.1\\src\\u8g_com_raspberrypi_ssd_i2"
 152      69625F61 
 152      726D5F76 
 152      312E3138 
 152      2E315C73 
 153 013e 632E6300 		.ascii	"c.c\000"
 154              	.LASF12:
 155 0142 443A5C57 		.ascii	"D:\\Workspace\\PSoC_Creator\\Active_Load\\Active_Lo"
 155      6F726B73 
 155      70616365 
 155      5C50536F 
 155      435F4372 
 156 0171 61645F76 		.ascii	"ad_v9.cydsn\000"
 156      392E6379 
 156      64736E00 
 157              	.LASF7:
 158 017d 6C6F6E67 		.ascii	"long long int\000"
 158      206C6F6E 
 158      6720696E 
 158      7400
 159              		.ident	"GCC: (GNU Tools for ARM Embedded Processors) 4.9.3 20150303 (release) [ARM/embedded-4_9-br
