ARM GAS  C:\Users\KJA\AppData\Local\Temp\ccfd97c4.s 			page 1


   1              		.syntax unified
   2              		.cpu cortex-m3
   3              		.fpu softvfp
   4              		.eabi_attribute 20, 1
   5              		.eabi_attribute 21, 1
   6              		.eabi_attribute 23, 3
   7              		.eabi_attribute 24, 1
   8              		.eabi_attribute 25, 1
   9              		.eabi_attribute 26, 1
  10              		.eabi_attribute 30, 6
  11              		.eabi_attribute 34, 1
  12              		.eabi_attribute 18, 4
  13              		.thumb
  14              		.file	"u8g_pb8v2.c"
  15              		.text
  16              	.Ltext0:
  17              		.cfi_sections	.debug_frame
  18              		.section	.text.u8g_pb8v2_Init,"ax",%progbits
  19              		.align	2
  20              		.global	u8g_pb8v2_Init
  21              		.thumb
  22              		.thumb_func
  23              		.type	u8g_pb8v2_Init, %function
  24              	u8g_pb8v2_Init:
  25              	.LFB0:
  26              		.file 1 "u8glib_arm_v1.18.1\\src\\u8g_pb8v2.c"
   1:u8glib_arm_v1.18.1\src/u8g_pb8v2.c **** /*
   2:u8glib_arm_v1.18.1\src/u8g_pb8v2.c **** 
   3:u8glib_arm_v1.18.1\src/u8g_pb8v2.c ****   u8g_pb8v2.c
   4:u8glib_arm_v1.18.1\src/u8g_pb8v2.c ****   
   5:u8glib_arm_v1.18.1\src/u8g_pb8v2.c ****   8bit height 2 bit per pixel page buffer
   6:u8glib_arm_v1.18.1\src/u8g_pb8v2.c ****   byte has vertical orientation
   7:u8glib_arm_v1.18.1\src/u8g_pb8v2.c **** 
   8:u8glib_arm_v1.18.1\src/u8g_pb8v2.c ****   Universal 8bit Graphics Library
   9:u8glib_arm_v1.18.1\src/u8g_pb8v2.c ****   
  10:u8glib_arm_v1.18.1\src/u8g_pb8v2.c ****   Copyright (c) 2011, olikraus@gmail.com
  11:u8glib_arm_v1.18.1\src/u8g_pb8v2.c ****   All rights reserved.
  12:u8glib_arm_v1.18.1\src/u8g_pb8v2.c **** 
  13:u8glib_arm_v1.18.1\src/u8g_pb8v2.c ****   Redistribution and use in source and binary forms, with or without modification, 
  14:u8glib_arm_v1.18.1\src/u8g_pb8v2.c ****   are permitted provided that the following conditions are met:
  15:u8glib_arm_v1.18.1\src/u8g_pb8v2.c **** 
  16:u8glib_arm_v1.18.1\src/u8g_pb8v2.c ****   * Redistributions of source code must retain the above copyright notice, this list 
  17:u8glib_arm_v1.18.1\src/u8g_pb8v2.c ****     of conditions and the following disclaimer.
  18:u8glib_arm_v1.18.1\src/u8g_pb8v2.c ****     
  19:u8glib_arm_v1.18.1\src/u8g_pb8v2.c ****   * Redistributions in binary form must reproduce the above copyright notice, this 
  20:u8glib_arm_v1.18.1\src/u8g_pb8v2.c ****     list of conditions and the following disclaimer in the documentation and/or other 
  21:u8glib_arm_v1.18.1\src/u8g_pb8v2.c ****     materials provided with the distribution.
  22:u8glib_arm_v1.18.1\src/u8g_pb8v2.c **** 
  23:u8glib_arm_v1.18.1\src/u8g_pb8v2.c ****   THIS SOFTWARE IS PROVIDED BY THE COPYRIGHT HOLDERS AND 
  24:u8glib_arm_v1.18.1\src/u8g_pb8v2.c ****   CONTRIBUTORS "AS IS" AND ANY EXPRESS OR IMPLIED WARRANTIES, 
  25:u8glib_arm_v1.18.1\src/u8g_pb8v2.c ****   INCLUDING, BUT NOT LIMITED TO, THE IMPLIED WARRANTIES OF 
  26:u8glib_arm_v1.18.1\src/u8g_pb8v2.c ****   MERCHANTABILITY AND FITNESS FOR A PARTICULAR PURPOSE ARE 
  27:u8glib_arm_v1.18.1\src/u8g_pb8v2.c ****   DISCLAIMED. IN NO EVENT SHALL THE COPYRIGHT HOLDER OR 
  28:u8glib_arm_v1.18.1\src/u8g_pb8v2.c ****   CONTRIBUTORS BE LIABLE FOR ANY DIRECT, INDIRECT, INCIDENTAL, 
  29:u8glib_arm_v1.18.1\src/u8g_pb8v2.c ****   SPECIAL, EXEMPLARY, OR CONSEQUENTIAL DAMAGES (INCLUDING, BUT 
  30:u8glib_arm_v1.18.1\src/u8g_pb8v2.c ****   NOT LIMITED TO, PROCUREMENT OF SUBSTITUTE GOODS OR SERVICES; 
  31:u8glib_arm_v1.18.1\src/u8g_pb8v2.c ****   LOSS OF USE, DATA, OR PROFITS; OR BUSINESS INTERRUPTION) HOWEVER 
ARM GAS  C:\Users\KJA\AppData\Local\Temp\ccfd97c4.s 			page 2


  32:u8glib_arm_v1.18.1\src/u8g_pb8v2.c ****   CAUSED AND ON ANY THEORY OF LIABILITY, WHETHER IN CONTRACT, 
  33:u8glib_arm_v1.18.1\src/u8g_pb8v2.c ****   STRICT LIABILITY, OR TORT (INCLUDING NEGLIGENCE OR OTHERWISE) 
  34:u8glib_arm_v1.18.1\src/u8g_pb8v2.c ****   ARISING IN ANY WAY OUT OF THE USE OF THIS SOFTWARE, EVEN IF 
  35:u8glib_arm_v1.18.1\src/u8g_pb8v2.c ****   ADVISED OF THE POSSIBILITY OF SUCH DAMAGE.  
  36:u8glib_arm_v1.18.1\src/u8g_pb8v2.c ****   
  37:u8glib_arm_v1.18.1\src/u8g_pb8v2.c **** 
  38:u8glib_arm_v1.18.1\src/u8g_pb8v2.c **** */
  39:u8glib_arm_v1.18.1\src/u8g_pb8v2.c **** 
  40:u8glib_arm_v1.18.1\src/u8g_pb8v2.c **** #include "u8g.h"
  41:u8glib_arm_v1.18.1\src/u8g_pb8v2.c **** #include <string.h>
  42:u8glib_arm_v1.18.1\src/u8g_pb8v2.c **** 
  43:u8glib_arm_v1.18.1\src/u8g_pb8v2.c **** void u8g_pb8v2_Init(u8g_pb_t *b, void *buf, u8g_uint_t width)
  44:u8glib_arm_v1.18.1\src/u8g_pb8v2.c **** {
  27              		.loc 1 44 0
  28              		.cfi_startproc
  29              		@ args = 0, pretend = 0, frame = 16
  30              		@ frame_needed = 1, uses_anonymous_args = 0
  31 0000 80B5     		push	{r7, lr}
  32              		.cfi_def_cfa_offset 8
  33              		.cfi_offset 7, -8
  34              		.cfi_offset 14, -4
  35 0002 84B0     		sub	sp, sp, #16
  36              		.cfi_def_cfa_offset 24
  37 0004 00AF     		add	r7, sp, #0
  38              		.cfi_def_cfa_register 7
  39 0006 F860     		str	r0, [r7, #12]
  40 0008 B960     		str	r1, [r7, #8]
  41 000a 1346     		mov	r3, r2
  42 000c FB71     		strb	r3, [r7, #7]
  45:u8glib_arm_v1.18.1\src/u8g_pb8v2.c ****   b->buf = buf;
  43              		.loc 1 45 0
  44 000e FB68     		ldr	r3, [r7, #12]
  45 0010 BA68     		ldr	r2, [r7, #8]
  46 0012 9A60     		str	r2, [r3, #8]
  46:u8glib_arm_v1.18.1\src/u8g_pb8v2.c ****   b->width = width;
  47              		.loc 1 46 0
  48 0014 FB68     		ldr	r3, [r7, #12]
  49 0016 FA79     		ldrb	r2, [r7, #7]
  50 0018 5A71     		strb	r2, [r3, #5]
  47:u8glib_arm_v1.18.1\src/u8g_pb8v2.c ****   u8g_pb_Clear(b);
  51              		.loc 1 47 0
  52 001a F868     		ldr	r0, [r7, #12]
  53 001c FFF7FEFF 		bl	u8g_pb_Clear
  48:u8glib_arm_v1.18.1\src/u8g_pb8v2.c **** }
  54              		.loc 1 48 0
  55 0020 1037     		adds	r7, r7, #16
  56              		.cfi_def_cfa_offset 8
  57 0022 BD46     		mov	sp, r7
  58              		.cfi_def_cfa_register 13
  59              		@ sp needed
  60 0024 80BD     		pop	{r7, pc}
  61              		.cfi_endproc
  62              	.LFE0:
  63              		.size	u8g_pb8v2_Init, .-u8g_pb8v2_Init
  64              		.section	.text.u8g_pb8v2_set_pixel,"ax",%progbits
  65              		.align	2
  66              		.global	u8g_pb8v2_set_pixel
ARM GAS  C:\Users\KJA\AppData\Local\Temp\ccfd97c4.s 			page 3


  67              		.thumb
  68              		.thumb_func
  69              		.type	u8g_pb8v2_set_pixel, %function
  70              	u8g_pb8v2_set_pixel:
  71              	.LFB1:
  49:u8glib_arm_v1.18.1\src/u8g_pb8v2.c **** 
  50:u8glib_arm_v1.18.1\src/u8g_pb8v2.c **** void u8g_pb8v2_set_pixel(u8g_pb_t *b, u8g_uint_t x, u8g_uint_t y, uint8_t color_index)
  51:u8glib_arm_v1.18.1\src/u8g_pb8v2.c **** {
  72              		.loc 1 51 0
  73              		.cfi_startproc
  74              		@ args = 0, pretend = 0, frame = 16
  75              		@ frame_needed = 1, uses_anonymous_args = 0
  76              		@ link register save eliminated.
  77 0000 90B4     		push	{r4, r7}
  78              		.cfi_def_cfa_offset 8
  79              		.cfi_offset 4, -8
  80              		.cfi_offset 7, -4
  81 0002 84B0     		sub	sp, sp, #16
  82              		.cfi_def_cfa_offset 24
  83 0004 00AF     		add	r7, sp, #0
  84              		.cfi_def_cfa_register 7
  85 0006 7860     		str	r0, [r7, #4]
  86 0008 0846     		mov	r0, r1
  87 000a 1146     		mov	r1, r2
  88 000c 1A46     		mov	r2, r3
  89 000e 0346     		mov	r3, r0
  90 0010 FB70     		strb	r3, [r7, #3]
  91 0012 0B46     		mov	r3, r1
  92 0014 BB70     		strb	r3, [r7, #2]
  93 0016 1346     		mov	r3, r2
  94 0018 7B70     		strb	r3, [r7, #1]
  52:u8glib_arm_v1.18.1\src/u8g_pb8v2.c ****   register uint8_t mask;
  53:u8glib_arm_v1.18.1\src/u8g_pb8v2.c ****   uint8_t *ptr = b->buf;
  95              		.loc 1 53 0
  96 001a 7B68     		ldr	r3, [r7, #4]
  97 001c 9B68     		ldr	r3, [r3, #8]
  98 001e FB60     		str	r3, [r7, #12]
  54:u8glib_arm_v1.18.1\src/u8g_pb8v2.c ****   y -= b->p.page_y0;
  99              		.loc 1 54 0
 100 0020 7B68     		ldr	r3, [r7, #4]
 101 0022 9B78     		ldrb	r3, [r3, #2]	@ zero_extendqisi2
 102 0024 BA78     		ldrb	r2, [r7, #2]
 103 0026 D31A     		subs	r3, r2, r3
 104 0028 BB70     		strb	r3, [r7, #2]
  55:u8glib_arm_v1.18.1\src/u8g_pb8v2.c ****   mask = 0x03;
 105              		.loc 1 55 0
 106 002a 0324     		movs	r4, #3
  56:u8glib_arm_v1.18.1\src/u8g_pb8v2.c ****   y &= 0x03;
 107              		.loc 1 56 0
 108 002c BB78     		ldrb	r3, [r7, #2]
 109 002e 03F00303 		and	r3, r3, #3
 110 0032 BB70     		strb	r3, [r7, #2]
  57:u8glib_arm_v1.18.1\src/u8g_pb8v2.c ****   y <<= 1;
 111              		.loc 1 57 0
 112 0034 BB78     		ldrb	r3, [r7, #2]
 113 0036 5B00     		lsls	r3, r3, #1
 114 0038 BB70     		strb	r3, [r7, #2]
ARM GAS  C:\Users\KJA\AppData\Local\Temp\ccfd97c4.s 			page 4


  58:u8glib_arm_v1.18.1\src/u8g_pb8v2.c ****   mask <<= y;
 115              		.loc 1 58 0
 116 003a 2246     		mov	r2, r4
 117 003c BB78     		ldrb	r3, [r7, #2]	@ zero_extendqisi2
 118 003e 02FA03F3 		lsl	r3, r2, r3
 119 0042 DCB2     		uxtb	r4, r3
  59:u8glib_arm_v1.18.1\src/u8g_pb8v2.c ****   mask ^=0xff;
 120              		.loc 1 59 0
 121 0044 E343     		mvns	r3, r4
 122 0046 DCB2     		uxtb	r4, r3
  60:u8glib_arm_v1.18.1\src/u8g_pb8v2.c ****   color_index &= 3;
 123              		.loc 1 60 0
 124 0048 7B78     		ldrb	r3, [r7, #1]
 125 004a 03F00303 		and	r3, r3, #3
 126 004e 7B70     		strb	r3, [r7, #1]
  61:u8glib_arm_v1.18.1\src/u8g_pb8v2.c ****   color_index <<= y;
 127              		.loc 1 61 0
 128 0050 7A78     		ldrb	r2, [r7, #1]	@ zero_extendqisi2
 129 0052 BB78     		ldrb	r3, [r7, #2]	@ zero_extendqisi2
 130 0054 02FA03F3 		lsl	r3, r2, r3
 131 0058 7B70     		strb	r3, [r7, #1]
  62:u8glib_arm_v1.18.1\src/u8g_pb8v2.c ****   ptr += x;
 132              		.loc 1 62 0
 133 005a FB78     		ldrb	r3, [r7, #3]	@ zero_extendqisi2
 134 005c FA68     		ldr	r2, [r7, #12]
 135 005e 1344     		add	r3, r3, r2
 136 0060 FB60     		str	r3, [r7, #12]
  63:u8glib_arm_v1.18.1\src/u8g_pb8v2.c ****   *ptr &= mask;
 137              		.loc 1 63 0
 138 0062 FB68     		ldr	r3, [r7, #12]
 139 0064 1B78     		ldrb	r3, [r3]	@ zero_extendqisi2
 140 0066 2340     		ands	r3, r3, r4
 141 0068 DAB2     		uxtb	r2, r3
 142 006a FB68     		ldr	r3, [r7, #12]
 143 006c 1A70     		strb	r2, [r3]
  64:u8glib_arm_v1.18.1\src/u8g_pb8v2.c ****   *ptr |= color_index;
 144              		.loc 1 64 0
 145 006e FB68     		ldr	r3, [r7, #12]
 146 0070 1A78     		ldrb	r2, [r3]	@ zero_extendqisi2
 147 0072 7B78     		ldrb	r3, [r7, #1]
 148 0074 1343     		orrs	r3, r3, r2
 149 0076 DAB2     		uxtb	r2, r3
 150 0078 FB68     		ldr	r3, [r7, #12]
 151 007a 1A70     		strb	r2, [r3]
  65:u8glib_arm_v1.18.1\src/u8g_pb8v2.c **** }
 152              		.loc 1 65 0
 153 007c 1037     		adds	r7, r7, #16
 154              		.cfi_def_cfa_offset 8
 155 007e BD46     		mov	sp, r7
 156              		.cfi_def_cfa_register 13
 157              		@ sp needed
 158 0080 90BC     		pop	{r4, r7}
 159              		.cfi_restore 7
 160              		.cfi_restore 4
 161              		.cfi_def_cfa_offset 0
 162 0082 7047     		bx	lr
 163              		.cfi_endproc
ARM GAS  C:\Users\KJA\AppData\Local\Temp\ccfd97c4.s 			page 5


 164              	.LFE1:
 165              		.size	u8g_pb8v2_set_pixel, .-u8g_pb8v2_set_pixel
 166              		.section	.text.u8g_pb8v2_SetPixel,"ax",%progbits
 167              		.align	2
 168              		.global	u8g_pb8v2_SetPixel
 169              		.thumb
 170              		.thumb_func
 171              		.type	u8g_pb8v2_SetPixel, %function
 172              	u8g_pb8v2_SetPixel:
 173              	.LFB2:
  66:u8glib_arm_v1.18.1\src/u8g_pb8v2.c **** 
  67:u8glib_arm_v1.18.1\src/u8g_pb8v2.c **** 
  68:u8glib_arm_v1.18.1\src/u8g_pb8v2.c **** void u8g_pb8v2_SetPixel(u8g_pb_t *b, const u8g_dev_arg_pixel_t * const arg_pixel)
  69:u8glib_arm_v1.18.1\src/u8g_pb8v2.c **** {
 174              		.loc 1 69 0
 175              		.cfi_startproc
 176              		@ args = 0, pretend = 0, frame = 8
 177              		@ frame_needed = 1, uses_anonymous_args = 0
 178 0000 80B5     		push	{r7, lr}
 179              		.cfi_def_cfa_offset 8
 180              		.cfi_offset 7, -8
 181              		.cfi_offset 14, -4
 182 0002 82B0     		sub	sp, sp, #8
 183              		.cfi_def_cfa_offset 16
 184 0004 00AF     		add	r7, sp, #0
 185              		.cfi_def_cfa_register 7
 186 0006 7860     		str	r0, [r7, #4]
 187 0008 3960     		str	r1, [r7]
  70:u8glib_arm_v1.18.1\src/u8g_pb8v2.c ****   if ( arg_pixel->y < b->p.page_y0 )
 188              		.loc 1 70 0
 189 000a 3B68     		ldr	r3, [r7]
 190 000c 5A78     		ldrb	r2, [r3, #1]	@ zero_extendqisi2
 191 000e 7B68     		ldr	r3, [r7, #4]
 192 0010 9B78     		ldrb	r3, [r3, #2]	@ zero_extendqisi2
 193 0012 9A42     		cmp	r2, r3
 194 0014 00D2     		bcs	.L4
  71:u8glib_arm_v1.18.1\src/u8g_pb8v2.c ****     return;
 195              		.loc 1 71 0
 196 0016 16E0     		b	.L3
 197              	.L4:
  72:u8glib_arm_v1.18.1\src/u8g_pb8v2.c ****   if ( arg_pixel->y > b->p.page_y1 )
 198              		.loc 1 72 0
 199 0018 3B68     		ldr	r3, [r7]
 200 001a 5A78     		ldrb	r2, [r3, #1]	@ zero_extendqisi2
 201 001c 7B68     		ldr	r3, [r7, #4]
 202 001e DB78     		ldrb	r3, [r3, #3]	@ zero_extendqisi2
 203 0020 9A42     		cmp	r2, r3
 204 0022 00D9     		bls	.L6
  73:u8glib_arm_v1.18.1\src/u8g_pb8v2.c ****     return;
 205              		.loc 1 73 0 discriminator 2
 206 0024 0FE0     		b	.L3
 207              	.L6:
  74:u8glib_arm_v1.18.1\src/u8g_pb8v2.c ****   if ( arg_pixel->x >= b->width )
 208              		.loc 1 74 0
 209 0026 3B68     		ldr	r3, [r7]
 210 0028 1A78     		ldrb	r2, [r3]	@ zero_extendqisi2
 211 002a 7B68     		ldr	r3, [r7, #4]
ARM GAS  C:\Users\KJA\AppData\Local\Temp\ccfd97c4.s 			page 6


 212 002c 5B79     		ldrb	r3, [r3, #5]	@ zero_extendqisi2
 213 002e 9A42     		cmp	r2, r3
 214 0030 00D3     		bcc	.L7
  75:u8glib_arm_v1.18.1\src/u8g_pb8v2.c ****     return;
 215              		.loc 1 75 0 discriminator 3
 216 0032 08E0     		b	.L3
 217              	.L7:
  76:u8glib_arm_v1.18.1\src/u8g_pb8v2.c ****   u8g_pb8v2_set_pixel(b, arg_pixel->x, arg_pixel->y, arg_pixel->color);
 218              		.loc 1 76 0
 219 0034 3B68     		ldr	r3, [r7]
 220 0036 1978     		ldrb	r1, [r3]	@ zero_extendqisi2
 221 0038 3B68     		ldr	r3, [r7]
 222 003a 5A78     		ldrb	r2, [r3, #1]	@ zero_extendqisi2
 223 003c 3B68     		ldr	r3, [r7]
 224 003e 1B79     		ldrb	r3, [r3, #4]	@ zero_extendqisi2
 225 0040 7868     		ldr	r0, [r7, #4]
 226 0042 FFF7FEFF 		bl	u8g_pb8v2_set_pixel
 227              	.L3:
  77:u8glib_arm_v1.18.1\src/u8g_pb8v2.c **** }
 228              		.loc 1 77 0
 229 0046 0837     		adds	r7, r7, #8
 230              		.cfi_def_cfa_offset 8
 231 0048 BD46     		mov	sp, r7
 232              		.cfi_def_cfa_register 13
 233              		@ sp needed
 234 004a 80BD     		pop	{r7, pc}
 235              		.cfi_endproc
 236              	.LFE2:
 237              		.size	u8g_pb8v2_SetPixel, .-u8g_pb8v2_SetPixel
 238              		.section	.text.u8g_pb8v2_Set8PixelStd,"ax",%progbits
 239              		.align	2
 240              		.global	u8g_pb8v2_Set8PixelStd
 241              		.thumb
 242              		.thumb_func
 243              		.type	u8g_pb8v2_Set8PixelStd, %function
 244              	u8g_pb8v2_Set8PixelStd:
 245              	.LFB3:
  78:u8glib_arm_v1.18.1\src/u8g_pb8v2.c **** 
  79:u8glib_arm_v1.18.1\src/u8g_pb8v2.c **** 
  80:u8glib_arm_v1.18.1\src/u8g_pb8v2.c **** void u8g_pb8v2_Set8PixelStd(u8g_pb_t *b, u8g_dev_arg_pixel_t *arg_pixel)
  81:u8glib_arm_v1.18.1\src/u8g_pb8v2.c **** {
 246              		.loc 1 81 0
 247              		.cfi_startproc
 248              		@ args = 0, pretend = 0, frame = 8
 249              		@ frame_needed = 1, uses_anonymous_args = 0
 250 0000 90B5     		push	{r4, r7, lr}
 251              		.cfi_def_cfa_offset 12
 252              		.cfi_offset 4, -12
 253              		.cfi_offset 7, -8
 254              		.cfi_offset 14, -4
 255 0002 83B0     		sub	sp, sp, #12
 256              		.cfi_def_cfa_offset 24
 257 0004 00AF     		add	r7, sp, #0
 258              		.cfi_def_cfa_register 7
 259 0006 7860     		str	r0, [r7, #4]
 260 0008 3960     		str	r1, [r7]
  82:u8glib_arm_v1.18.1\src/u8g_pb8v2.c ****   register uint8_t pixel = arg_pixel->pixel;
ARM GAS  C:\Users\KJA\AppData\Local\Temp\ccfd97c4.s 			page 7


 261              		.loc 1 82 0
 262 000a 3B68     		ldr	r3, [r7]
 263 000c 9C78     		ldrb	r4, [r3, #2]	@ zero_extendqisi2
 264              	.L16:
  83:u8glib_arm_v1.18.1\src/u8g_pb8v2.c ****   do
  84:u8glib_arm_v1.18.1\src/u8g_pb8v2.c ****   {
  85:u8glib_arm_v1.18.1\src/u8g_pb8v2.c ****     if ( pixel & 128 )
 265              		.loc 1 85 0
 266 000e E3B2     		uxtb	r3, r4
 267 0010 5BB2     		sxtb	r3, r3
 268 0012 002B     		cmp	r3, #0
 269 0014 03DA     		bge	.L9
  86:u8glib_arm_v1.18.1\src/u8g_pb8v2.c ****     {
  87:u8glib_arm_v1.18.1\src/u8g_pb8v2.c ****       u8g_pb8v2_SetPixel(b, arg_pixel);
 270              		.loc 1 87 0
 271 0016 7868     		ldr	r0, [r7, #4]
 272 0018 3968     		ldr	r1, [r7]
 273 001a FFF7FEFF 		bl	u8g_pb8v2_SetPixel
 274              	.L9:
  88:u8glib_arm_v1.18.1\src/u8g_pb8v2.c ****     }
  89:u8glib_arm_v1.18.1\src/u8g_pb8v2.c ****     switch( arg_pixel->dir )
 275              		.loc 1 89 0
 276 001e 3B68     		ldr	r3, [r7]
 277 0020 DB78     		ldrb	r3, [r3, #3]	@ zero_extendqisi2
 278 0022 032B     		cmp	r3, #3
 279 0024 26D8     		bhi	.L10
 280 0026 01A2     		adr	r2, .L12
 281 0028 52F823F0 		ldr	pc, [r2, r3, lsl #2]
 282              		.p2align 2
 283              	.L12:
 284 002c 3D000000 		.word	.L11+1
 285 0030 4B000000 		.word	.L13+1
 286 0034 59000000 		.word	.L14+1
 287 0038 67000000 		.word	.L15+1
 288              		.p2align 1
 289              	.L11:
  90:u8glib_arm_v1.18.1\src/u8g_pb8v2.c ****     {
  91:u8glib_arm_v1.18.1\src/u8g_pb8v2.c ****       case 0: arg_pixel->x++; break;
 290              		.loc 1 91 0
 291 003c 3B68     		ldr	r3, [r7]
 292 003e 1B78     		ldrb	r3, [r3]	@ zero_extendqisi2
 293 0040 0133     		adds	r3, r3, #1
 294 0042 DAB2     		uxtb	r2, r3
 295 0044 3B68     		ldr	r3, [r7]
 296 0046 1A70     		strb	r2, [r3]
 297 0048 14E0     		b	.L10
 298              	.L13:
  92:u8glib_arm_v1.18.1\src/u8g_pb8v2.c ****       case 1: arg_pixel->y++; break;
 299              		.loc 1 92 0
 300 004a 3B68     		ldr	r3, [r7]
 301 004c 5B78     		ldrb	r3, [r3, #1]	@ zero_extendqisi2
 302 004e 0133     		adds	r3, r3, #1
 303 0050 DAB2     		uxtb	r2, r3
 304 0052 3B68     		ldr	r3, [r7]
 305 0054 5A70     		strb	r2, [r3, #1]
 306 0056 0DE0     		b	.L10
 307              	.L14:
ARM GAS  C:\Users\KJA\AppData\Local\Temp\ccfd97c4.s 			page 8


  93:u8glib_arm_v1.18.1\src/u8g_pb8v2.c ****       case 2: arg_pixel->x--; break;
 308              		.loc 1 93 0
 309 0058 3B68     		ldr	r3, [r7]
 310 005a 1B78     		ldrb	r3, [r3]	@ zero_extendqisi2
 311 005c 013B     		subs	r3, r3, #1
 312 005e DAB2     		uxtb	r2, r3
 313 0060 3B68     		ldr	r3, [r7]
 314 0062 1A70     		strb	r2, [r3]
 315 0064 06E0     		b	.L10
 316              	.L15:
  94:u8glib_arm_v1.18.1\src/u8g_pb8v2.c ****       case 3: arg_pixel->y--; break;
 317              		.loc 1 94 0
 318 0066 3B68     		ldr	r3, [r7]
 319 0068 5B78     		ldrb	r3, [r3, #1]	@ zero_extendqisi2
 320 006a 013B     		subs	r3, r3, #1
 321 006c DAB2     		uxtb	r2, r3
 322 006e 3B68     		ldr	r3, [r7]
 323 0070 5A70     		strb	r2, [r3, #1]
 324 0072 00BF     		nop
 325              	.L10:
  95:u8glib_arm_v1.18.1\src/u8g_pb8v2.c ****     }
  96:u8glib_arm_v1.18.1\src/u8g_pb8v2.c ****     pixel <<= 1;
 326              		.loc 1 96 0
 327 0074 6300     		lsls	r3, r4, #1
 328 0076 DCB2     		uxtb	r4, r3
  97:u8glib_arm_v1.18.1\src/u8g_pb8v2.c ****   } while( pixel != 0  );
 329              		.loc 1 97 0
 330 0078 002C     		cmp	r4, #0
 331 007a C8D1     		bne	.L16
  98:u8glib_arm_v1.18.1\src/u8g_pb8v2.c **** 
  99:u8glib_arm_v1.18.1\src/u8g_pb8v2.c **** }
 332              		.loc 1 99 0
 333 007c 0C37     		adds	r7, r7, #12
 334              		.cfi_def_cfa_offset 12
 335 007e BD46     		mov	sp, r7
 336              		.cfi_def_cfa_register 13
 337              		@ sp needed
 338 0080 90BD     		pop	{r4, r7, pc}
 339              		.cfi_endproc
 340              	.LFE3:
 341              		.size	u8g_pb8v2_Set8PixelStd, .-u8g_pb8v2_Set8PixelStd
 342 0082 00BF     		.section	.text.u8g_dev_pb8v2_base_fn,"ax",%progbits
 343              		.align	2
 344              		.global	u8g_dev_pb8v2_base_fn
 345              		.thumb
 346              		.thumb_func
 347              		.type	u8g_dev_pb8v2_base_fn, %function
 348              	u8g_dev_pb8v2_base_fn:
 349              	.LFB4:
 100:u8glib_arm_v1.18.1\src/u8g_pb8v2.c **** 
 101:u8glib_arm_v1.18.1\src/u8g_pb8v2.c **** 
 102:u8glib_arm_v1.18.1\src/u8g_pb8v2.c **** 
 103:u8glib_arm_v1.18.1\src/u8g_pb8v2.c **** uint8_t u8g_dev_pb8v2_base_fn(u8g_t *u8g, u8g_dev_t *dev, uint8_t msg, void *arg)
 104:u8glib_arm_v1.18.1\src/u8g_pb8v2.c **** {
 350              		.loc 1 104 0
 351              		.cfi_startproc
 352              		@ args = 0, pretend = 0, frame = 24
ARM GAS  C:\Users\KJA\AppData\Local\Temp\ccfd97c4.s 			page 9


 353              		@ frame_needed = 1, uses_anonymous_args = 0
 354 0000 80B5     		push	{r7, lr}
 355              		.cfi_def_cfa_offset 8
 356              		.cfi_offset 7, -8
 357              		.cfi_offset 14, -4
 358 0002 86B0     		sub	sp, sp, #24
 359              		.cfi_def_cfa_offset 32
 360 0004 00AF     		add	r7, sp, #0
 361              		.cfi_def_cfa_register 7
 362 0006 F860     		str	r0, [r7, #12]
 363 0008 B960     		str	r1, [r7, #8]
 364 000a 3B60     		str	r3, [r7]
 365 000c 1346     		mov	r3, r2
 366 000e FB71     		strb	r3, [r7, #7]
 105:u8glib_arm_v1.18.1\src/u8g_pb8v2.c ****   u8g_pb_t *pb = (u8g_pb_t *)(dev->dev_mem);
 367              		.loc 1 105 0
 368 0010 BB68     		ldr	r3, [r7, #8]
 369 0012 5B68     		ldr	r3, [r3, #4]
 370 0014 7B61     		str	r3, [r7, #20]
 106:u8glib_arm_v1.18.1\src/u8g_pb8v2.c ****   switch(msg)
 371              		.loc 1 106 0
 372 0016 FB79     		ldrb	r3, [r7, #7]	@ zero_extendqisi2
 373 0018 0A3B     		subs	r3, r3, #10
 374 001a 3E2B     		cmp	r3, #62
 375 001c 00F2BA80 		bhi	.L18
 376 0020 01A2     		adr	r2, .L20
 377 0022 52F823F0 		ldr	pc, [r2, r3, lsl #2]
 378 0026 00BF     		.p2align 2
 379              	.L20:
 380 0028 95010000 		.word	.L18+1
 381 002c 95010000 		.word	.L18+1
 382 0030 95010000 		.word	.L18+1
 383 0034 95010000 		.word	.L18+1
 384 0038 95010000 		.word	.L18+1
 385 003c 95010000 		.word	.L18+1
 386 0040 95010000 		.word	.L18+1
 387 0044 95010000 		.word	.L18+1
 388 0048 95010000 		.word	.L18+1
 389 004c 95010000 		.word	.L18+1
 390 0050 49010000 		.word	.L22+1
 391 0054 59010000 		.word	.L23+1
 392 0058 95010000 		.word	.L18+1
 393 005c 73010000 		.word	.L24+1
 394 0060 95010000 		.word	.L18+1
 395 0064 95010000 		.word	.L18+1
 396 0068 95010000 		.word	.L18+1
 397 006c 95010000 		.word	.L18+1
 398 0070 95010000 		.word	.L18+1
 399 0074 95010000 		.word	.L18+1
 400 0078 95010000 		.word	.L18+1
 401 007c 95010000 		.word	.L18+1
 402 0080 95010000 		.word	.L18+1
 403 0084 95010000 		.word	.L18+1
 404 0088 95010000 		.word	.L18+1
 405 008c 95010000 		.word	.L18+1
 406 0090 95010000 		.word	.L18+1
 407 0094 95010000 		.word	.L18+1
ARM GAS  C:\Users\KJA\AppData\Local\Temp\ccfd97c4.s 			page 10


 408 0098 95010000 		.word	.L18+1
 409 009c 95010000 		.word	.L18+1
 410 00a0 95010000 		.word	.L18+1
 411 00a4 95010000 		.word	.L18+1
 412 00a8 95010000 		.word	.L18+1
 413 00ac 95010000 		.word	.L18+1
 414 00b0 95010000 		.word	.L18+1
 415 00b4 95010000 		.word	.L18+1
 416 00b8 95010000 		.word	.L18+1
 417 00bc 95010000 		.word	.L18+1
 418 00c0 95010000 		.word	.L18+1
 419 00c4 95010000 		.word	.L18+1
 420 00c8 3F010000 		.word	.L25+1
 421 00cc 95010000 		.word	.L18+1
 422 00d0 95010000 		.word	.L18+1
 423 00d4 95010000 		.word	.L18+1
 424 00d8 95010000 		.word	.L18+1
 425 00dc 95010000 		.word	.L18+1
 426 00e0 95010000 		.word	.L18+1
 427 00e4 95010000 		.word	.L18+1
 428 00e8 95010000 		.word	.L18+1
 429 00ec 25010000 		.word	.L26+1
 430 00f0 95010000 		.word	.L18+1
 431 00f4 95010000 		.word	.L18+1
 432 00f8 95010000 		.word	.L18+1
 433 00fc 95010000 		.word	.L18+1
 434 0100 95010000 		.word	.L18+1
 435 0104 95010000 		.word	.L18+1
 436 0108 95010000 		.word	.L18+1
 437 010c 95010000 		.word	.L18+1
 438 0110 95010000 		.word	.L18+1
 439 0114 95010000 		.word	.L18+1
 440 0118 7D010000 		.word	.L29+1
 441 011c 87010000 		.word	.L30+1
 442 0120 91010000 		.word	.L31+1
 443              		.p2align 1
 444              	.L26:
 107:u8glib_arm_v1.18.1\src/u8g_pb8v2.c ****   {
 108:u8glib_arm_v1.18.1\src/u8g_pb8v2.c ****     case U8G_DEV_MSG_SET_8PIXEL:
 109:u8glib_arm_v1.18.1\src/u8g_pb8v2.c ****       if ( u8g_pb_Is8PixelVisible(pb, (u8g_dev_arg_pixel_t *)arg) )
 445              		.loc 1 109 0
 446 0124 7869     		ldr	r0, [r7, #20]
 447 0126 3968     		ldr	r1, [r7]
 448 0128 FFF7FEFF 		bl	u8g_pb_Is8PixelVisible
 449 012c 0346     		mov	r3, r0
 450 012e 002B     		cmp	r3, #0
 451 0130 04D0     		beq	.L32
 110:u8glib_arm_v1.18.1\src/u8g_pb8v2.c ****       {
 111:u8glib_arm_v1.18.1\src/u8g_pb8v2.c ****         u8g_pb8v2_Set8PixelStd(pb, (u8g_dev_arg_pixel_t *)arg);
 452              		.loc 1 111 0
 453 0132 7869     		ldr	r0, [r7, #20]
 454 0134 3968     		ldr	r1, [r7]
 455 0136 FFF7FEFF 		bl	u8g_pb8v2_Set8PixelStd
 112:u8glib_arm_v1.18.1\src/u8g_pb8v2.c ****       }
 113:u8glib_arm_v1.18.1\src/u8g_pb8v2.c ****       break;
 456              		.loc 1 113 0
 457 013a 2BE0     		b	.L18
ARM GAS  C:\Users\KJA\AppData\Local\Temp\ccfd97c4.s 			page 11


 458              	.L32:
 459 013c 2AE0     		b	.L18
 460              	.L25:
 114:u8glib_arm_v1.18.1\src/u8g_pb8v2.c ****     case U8G_DEV_MSG_SET_PIXEL:
 115:u8glib_arm_v1.18.1\src/u8g_pb8v2.c ****       u8g_pb8v2_SetPixel(pb, (u8g_dev_arg_pixel_t *)arg);
 461              		.loc 1 115 0
 462 013e 7869     		ldr	r0, [r7, #20]
 463 0140 3968     		ldr	r1, [r7]
 464 0142 FFF7FEFF 		bl	u8g_pb8v2_SetPixel
 116:u8glib_arm_v1.18.1\src/u8g_pb8v2.c ****       break;
 465              		.loc 1 116 0
 466 0146 25E0     		b	.L18
 467              	.L22:
 117:u8glib_arm_v1.18.1\src/u8g_pb8v2.c ****     case U8G_DEV_MSG_INIT:
 118:u8glib_arm_v1.18.1\src/u8g_pb8v2.c ****       break;
 119:u8glib_arm_v1.18.1\src/u8g_pb8v2.c ****     case U8G_DEV_MSG_STOP:
 120:u8glib_arm_v1.18.1\src/u8g_pb8v2.c ****       break;
 121:u8glib_arm_v1.18.1\src/u8g_pb8v2.c ****     case U8G_DEV_MSG_PAGE_FIRST:
 122:u8glib_arm_v1.18.1\src/u8g_pb8v2.c ****       u8g_pb_Clear(pb);
 468              		.loc 1 122 0
 469 0148 7869     		ldr	r0, [r7, #20]
 470 014a FFF7FEFF 		bl	u8g_pb_Clear
 123:u8glib_arm_v1.18.1\src/u8g_pb8v2.c ****       u8g_page_First(&(pb->p));
 471              		.loc 1 123 0
 472 014e 7B69     		ldr	r3, [r7, #20]
 473 0150 1846     		mov	r0, r3
 474 0152 FFF7FEFF 		bl	u8g_page_First
 124:u8glib_arm_v1.18.1\src/u8g_pb8v2.c ****       break;
 475              		.loc 1 124 0
 476 0156 1DE0     		b	.L18
 477              	.L23:
 125:u8glib_arm_v1.18.1\src/u8g_pb8v2.c ****     case U8G_DEV_MSG_PAGE_NEXT:
 126:u8glib_arm_v1.18.1\src/u8g_pb8v2.c ****       if ( u8g_page_Next(&(pb->p)) == 0 )
 478              		.loc 1 126 0
 479 0158 7B69     		ldr	r3, [r7, #20]
 480 015a 1846     		mov	r0, r3
 481 015c FFF7FEFF 		bl	u8g_page_Next
 482 0160 0346     		mov	r3, r0
 483 0162 002B     		cmp	r3, #0
 484 0164 01D1     		bne	.L33
 127:u8glib_arm_v1.18.1\src/u8g_pb8v2.c ****         return 0;
 485              		.loc 1 127 0
 486 0166 0023     		movs	r3, #0
 487 0168 15E0     		b	.L34
 488              	.L33:
 128:u8glib_arm_v1.18.1\src/u8g_pb8v2.c ****       u8g_pb_Clear(pb);
 489              		.loc 1 128 0
 490 016a 7869     		ldr	r0, [r7, #20]
 491 016c FFF7FEFF 		bl	u8g_pb_Clear
 129:u8glib_arm_v1.18.1\src/u8g_pb8v2.c ****       break;
 492              		.loc 1 129 0
 493 0170 10E0     		b	.L18
 494              	.L24:
 130:u8glib_arm_v1.18.1\src/u8g_pb8v2.c **** #ifdef U8G_DEV_MSG_IS_BBX_INTERSECTION
 131:u8glib_arm_v1.18.1\src/u8g_pb8v2.c ****     case U8G_DEV_MSG_IS_BBX_INTERSECTION:
 132:u8glib_arm_v1.18.1\src/u8g_pb8v2.c ****       return u8g_pb_IsIntersection(pb, (u8g_dev_arg_bbx_t *)arg);
 133:u8glib_arm_v1.18.1\src/u8g_pb8v2.c **** #endif
ARM GAS  C:\Users\KJA\AppData\Local\Temp\ccfd97c4.s 			page 12


 134:u8glib_arm_v1.18.1\src/u8g_pb8v2.c ****     case U8G_DEV_MSG_GET_PAGE_BOX:
 135:u8glib_arm_v1.18.1\src/u8g_pb8v2.c ****       u8g_pb_GetPageBox(pb, (u8g_box_t *)arg);
 495              		.loc 1 135 0
 496 0172 7869     		ldr	r0, [r7, #20]
 497 0174 3968     		ldr	r1, [r7]
 498 0176 FFF7FEFF 		bl	u8g_pb_GetPageBox
 136:u8glib_arm_v1.18.1\src/u8g_pb8v2.c ****       break;
 499              		.loc 1 136 0
 500 017a 0BE0     		b	.L18
 501              	.L29:
 137:u8glib_arm_v1.18.1\src/u8g_pb8v2.c ****     case U8G_DEV_MSG_GET_WIDTH:
 138:u8glib_arm_v1.18.1\src/u8g_pb8v2.c ****       *((u8g_uint_t *)arg) = pb->width;
 502              		.loc 1 138 0
 503 017c 7B69     		ldr	r3, [r7, #20]
 504 017e 5A79     		ldrb	r2, [r3, #5]	@ zero_extendqisi2
 505 0180 3B68     		ldr	r3, [r7]
 506 0182 1A70     		strb	r2, [r3]
 139:u8glib_arm_v1.18.1\src/u8g_pb8v2.c ****       break;
 507              		.loc 1 139 0
 508 0184 06E0     		b	.L18
 509              	.L30:
 140:u8glib_arm_v1.18.1\src/u8g_pb8v2.c ****     case U8G_DEV_MSG_GET_HEIGHT:
 141:u8glib_arm_v1.18.1\src/u8g_pb8v2.c ****       *((u8g_uint_t *)arg) = pb->p.total_height;
 510              		.loc 1 141 0
 511 0186 7B69     		ldr	r3, [r7, #20]
 512 0188 5A78     		ldrb	r2, [r3, #1]	@ zero_extendqisi2
 513 018a 3B68     		ldr	r3, [r7]
 514 018c 1A70     		strb	r2, [r3]
 142:u8glib_arm_v1.18.1\src/u8g_pb8v2.c ****       break;
 515              		.loc 1 142 0
 516 018e 01E0     		b	.L18
 517              	.L31:
 143:u8glib_arm_v1.18.1\src/u8g_pb8v2.c ****     case U8G_DEV_MSG_SET_COLOR_ENTRY:
 144:u8glib_arm_v1.18.1\src/u8g_pb8v2.c ****       break;
 145:u8glib_arm_v1.18.1\src/u8g_pb8v2.c ****     case U8G_DEV_MSG_SET_XY_CB:
 146:u8glib_arm_v1.18.1\src/u8g_pb8v2.c ****       break;
 147:u8glib_arm_v1.18.1\src/u8g_pb8v2.c ****     case U8G_DEV_MSG_GET_MODE:
 148:u8glib_arm_v1.18.1\src/u8g_pb8v2.c ****       return U8G_MODE_GRAY2BIT;
 518              		.loc 1 148 0
 519 0190 0223     		movs	r3, #2
 520 0192 00E0     		b	.L34
 521              	.L18:
 149:u8glib_arm_v1.18.1\src/u8g_pb8v2.c ****   }
 150:u8glib_arm_v1.18.1\src/u8g_pb8v2.c ****   return 1;
 522              		.loc 1 150 0
 523 0194 0123     		movs	r3, #1
 524              	.L34:
 151:u8glib_arm_v1.18.1\src/u8g_pb8v2.c **** }
 525              		.loc 1 151 0
 526 0196 1846     		mov	r0, r3
 527 0198 1837     		adds	r7, r7, #24
 528              		.cfi_def_cfa_offset 8
 529 019a BD46     		mov	sp, r7
 530              		.cfi_def_cfa_register 13
 531              		@ sp needed
 532 019c 80BD     		pop	{r7, pc}
 533              		.cfi_endproc
ARM GAS  C:\Users\KJA\AppData\Local\Temp\ccfd97c4.s 			page 13


 534              	.LFE4:
 535              		.size	u8g_dev_pb8v2_base_fn, .-u8g_dev_pb8v2_base_fn
 536 019e 00BF     		.text
 537              	.Letext0:
 538              		.file 2 "c:\\program files (x86)\\cypress\\psoc creator\\4.0\\psoc creator\\import\\gnu\\arm\\4.9.
 539              		.file 3 "c:\\program files (x86)\\cypress\\psoc creator\\4.0\\psoc creator\\import\\gnu\\arm\\4.9.
 540              		.file 4 "u8glib_arm_v1.18.1\\src\\u8g.h"
 541              		.section	.debug_info,"",%progbits
 542              	.Ldebug_info0:
 543 0000 0F060000 		.4byte	0x60f
 544 0004 0400     		.2byte	0x4
 545 0006 00000000 		.4byte	.Ldebug_abbrev0
 546 000a 04       		.byte	0x4
 547 000b 01       		.uleb128 0x1
 548 000c 7F020000 		.4byte	.LASF78
 549 0010 01       		.byte	0x1
 550 0011 E0000000 		.4byte	.LASF79
 551 0015 D6010000 		.4byte	.LASF80
 552 0019 00000000 		.4byte	.Ldebug_ranges0+0
 553 001d 00000000 		.4byte	0
 554 0021 00000000 		.4byte	.Ldebug_line0
 555 0025 02       		.uleb128 0x2
 556 0026 04       		.byte	0x4
 557 0027 05       		.byte	0x5
 558 0028 696E7400 		.ascii	"int\000"
 559 002c 03       		.uleb128 0x3
 560 002d 04       		.byte	0x4
 561 002e 07       		.byte	0x7
 562 002f 85010000 		.4byte	.LASF0
 563 0033 04       		.uleb128 0x4
 564 0034 64000000 		.4byte	.LASF2
 565 0038 02       		.byte	0x2
 566 0039 1B       		.byte	0x1b
 567 003a 3E000000 		.4byte	0x3e
 568 003e 03       		.uleb128 0x3
 569 003f 01       		.byte	0x1
 570 0040 06       		.byte	0x6
 571 0041 88000000 		.4byte	.LASF1
 572 0045 04       		.uleb128 0x4
 573 0046 29000000 		.4byte	.LASF3
 574 004a 02       		.byte	0x2
 575 004b 1D       		.byte	0x1d
 576 004c 50000000 		.4byte	0x50
 577 0050 03       		.uleb128 0x3
 578 0051 01       		.byte	0x1
 579 0052 08       		.byte	0x8
 580 0053 82030000 		.4byte	.LASF4
 581 0057 03       		.uleb128 0x3
 582 0058 02       		.byte	0x2
 583 0059 05       		.byte	0x5
 584 005a A5030000 		.4byte	.LASF5
 585 005e 03       		.uleb128 0x3
 586 005f 02       		.byte	0x2
 587 0060 07       		.byte	0x7
 588 0061 0F040000 		.4byte	.LASF6
 589 0065 03       		.uleb128 0x3
 590 0066 04       		.byte	0x4
ARM GAS  C:\Users\KJA\AppData\Local\Temp\ccfd97c4.s 			page 14


 591 0067 05       		.byte	0x5
 592 0068 B8000000 		.4byte	.LASF7
 593 006c 03       		.uleb128 0x3
 594 006d 04       		.byte	0x4
 595 006e 07       		.byte	0x7
 596 006f A2010000 		.4byte	.LASF8
 597 0073 03       		.uleb128 0x3
 598 0074 08       		.byte	0x8
 599 0075 05       		.byte	0x5
 600 0076 7A000000 		.4byte	.LASF9
 601 007a 03       		.uleb128 0x3
 602 007b 08       		.byte	0x8
 603 007c 07       		.byte	0x7
 604 007d 47000000 		.4byte	.LASF10
 605 0081 04       		.uleb128 0x4
 606 0082 2E040000 		.4byte	.LASF11
 607 0086 03       		.byte	0x3
 608 0087 14       		.byte	0x14
 609 0088 33000000 		.4byte	0x33
 610 008c 04       		.uleb128 0x4
 611 008d 51040000 		.4byte	.LASF12
 612 0091 03       		.byte	0x3
 613 0092 15       		.byte	0x15
 614 0093 45000000 		.4byte	0x45
 615 0097 04       		.uleb128 0x4
 616 0098 0D030000 		.4byte	.LASF13
 617 009c 04       		.byte	0x4
 618 009d 80       		.byte	0x80
 619 009e 8C000000 		.4byte	0x8c
 620 00a2 04       		.uleb128 0x4
 621 00a3 03010000 		.4byte	.LASF14
 622 00a7 04       		.byte	0x4
 623 00a8 A0       		.byte	0xa0
 624 00a9 AD000000 		.4byte	0xad
 625 00ad 05       		.uleb128 0x5
 626 00ae 62020000 		.4byte	.LASF41
 627 00b2 3C       		.byte	0x3c
 628 00b3 04       		.byte	0x4
 629 00b4 4B04     		.2byte	0x44b
 630 00b6 0D020000 		.4byte	0x20d
 631 00ba 06       		.uleb128 0x6
 632 00bb D0010000 		.4byte	.LASF15
 633 00bf 04       		.byte	0x4
 634 00c0 4D04     		.2byte	0x44d
 635 00c2 02030000 		.4byte	0x302
 636 00c6 00       		.byte	0
 637 00c7 06       		.uleb128 0x6
 638 00c8 82040000 		.4byte	.LASF16
 639 00cc 04       		.byte	0x4
 640 00cd 4E04     		.2byte	0x44e
 641 00cf 02030000 		.4byte	0x302
 642 00d3 01       		.byte	0x1
 643 00d4 07       		.uleb128 0x7
 644 00d5 64657600 		.ascii	"dev\000"
 645 00d9 04       		.byte	0x4
 646 00da 5104     		.2byte	0x451
 647 00dc 42030000 		.4byte	0x342
ARM GAS  C:\Users\KJA\AppData\Local\Temp\ccfd97c4.s 			page 15


 648 00e0 04       		.byte	0x4
 649 00e1 06       		.uleb128 0x6
 650 00e2 35040000 		.4byte	.LASF17
 651 00e6 04       		.byte	0x4
 652 00e7 5204     		.2byte	0x452
 653 00e9 6E040000 		.4byte	0x46e
 654 00ed 08       		.byte	0x8
 655 00ee 06       		.uleb128 0x6
 656 00ef C6030000 		.4byte	.LASF18
 657 00f3 04       		.byte	0x4
 658 00f4 5304     		.2byte	0x453
 659 00f6 6E040000 		.4byte	0x46e
 660 00fa 0C       		.byte	0xc
 661 00fb 06       		.uleb128 0x6
 662 00fc 92010000 		.4byte	.LASF19
 663 0100 04       		.byte	0x4
 664 0101 5404     		.2byte	0x454
 665 0103 8C000000 		.4byte	0x8c
 666 0107 10       		.byte	0x10
 667 0108 06       		.uleb128 0x6
 668 0109 14010000 		.4byte	.LASF20
 669 010d 04       		.byte	0x4
 670 010e 5404     		.2byte	0x454
 671 0110 8C000000 		.4byte	0x8c
 672 0114 11       		.byte	0x11
 673 0115 06       		.uleb128 0x6
 674 0116 9E000000 		.4byte	.LASF21
 675 011a 04       		.byte	0x4
 676 011b 5504     		.2byte	0x455
 677 011d 8C000000 		.4byte	0x8c
 678 0121 12       		.byte	0x12
 679 0122 06       		.uleb128 0x6
 680 0123 FD030000 		.4byte	.LASF22
 681 0127 04       		.byte	0x4
 682 0128 5604     		.2byte	0x456
 683 012a 8C000000 		.4byte	0x8c
 684 012e 13       		.byte	0x13
 685 012f 06       		.uleb128 0x6
 686 0130 E9030000 		.4byte	.LASF23
 687 0134 04       		.byte	0x4
 688 0135 5704     		.2byte	0x457
 689 0137 02030000 		.4byte	0x302
 690 013b 14       		.byte	0x14
 691 013c 06       		.uleb128 0x6
 692 013d 76020000 		.4byte	.LASF24
 693 0141 04       		.byte	0x4
 694 0142 5804     		.2byte	0x458
 695 0144 02030000 		.4byte	0x302
 696 0148 15       		.byte	0x15
 697 0149 06       		.uleb128 0x6
 698 014a AE000000 		.4byte	.LASF25
 699 014e 04       		.byte	0x4
 700 014f 5904     		.2byte	0x459
 701 0151 13040000 		.4byte	0x413
 702 0155 18       		.byte	0x18
 703 0156 06       		.uleb128 0x6
 704 0157 90030000 		.4byte	.LASF26
ARM GAS  C:\Users\KJA\AppData\Local\Temp\ccfd97c4.s 			page 16


 705 015b 04       		.byte	0x4
 706 015c 5B04     		.2byte	0x45b
 707 015e 81000000 		.4byte	0x81
 708 0162 1C       		.byte	0x1c
 709 0163 06       		.uleb128 0x6
 710 0164 D9030000 		.4byte	.LASF27
 711 0168 04       		.byte	0x4
 712 0169 5C04     		.2byte	0x45c
 713 016b 81000000 		.4byte	0x81
 714 016f 1D       		.byte	0x1d
 715 0170 06       		.uleb128 0x6
 716 0171 E1030000 		.4byte	.LASF28
 717 0175 04       		.byte	0x4
 718 0176 5D04     		.2byte	0x45d
 719 0178 81000000 		.4byte	0x81
 720 017c 1E       		.byte	0x1e
 721 017d 06       		.uleb128 0x6
 722 017e 22040000 		.4byte	.LASF29
 723 0182 04       		.byte	0x4
 724 0183 5E04     		.2byte	0x45e
 725 0185 8C000000 		.4byte	0x8c
 726 0189 1F       		.byte	0x1f
 727 018a 06       		.uleb128 0x6
 728 018b 4C020000 		.4byte	.LASF30
 729 018f 04       		.byte	0x4
 730 0190 5F04     		.2byte	0x45f
 731 0192 8C000000 		.4byte	0x8c
 732 0196 20       		.byte	0x20
 733 0197 06       		.uleb128 0x6
 734 0198 66010000 		.4byte	.LASF31
 735 019c 04       		.byte	0x4
 736 019d 6104     		.2byte	0x461
 737 019f 30040000 		.4byte	0x430
 738 01a3 24       		.byte	0x24
 739 01a4 06       		.uleb128 0x6
 740 01a5 3B020000 		.4byte	.LASF32
 741 01a9 04       		.byte	0x4
 742 01aa 6204     		.2byte	0x462
 743 01ac 8C000000 		.4byte	0x8c
 744 01b0 28       		.byte	0x28
 745 01b1 06       		.uleb128 0x6
 746 01b2 75010000 		.4byte	.LASF33
 747 01b6 04       		.byte	0x4
 748 01b7 6304     		.2byte	0x463
 749 01b9 81000000 		.4byte	0x81
 750 01bd 29       		.byte	0x29
 751 01be 06       		.uleb128 0x6
 752 01bf 37010000 		.4byte	.LASF34
 753 01c3 04       		.byte	0x4
 754 01c4 6404     		.2byte	0x464
 755 01c6 81000000 		.4byte	0x81
 756 01ca 2A       		.byte	0x2a
 757 01cb 06       		.uleb128 0x6
 758 01cc 69040000 		.4byte	.LASF35
 759 01d0 04       		.byte	0x4
 760 01d1 6504     		.2byte	0x465
 761 01d3 8C000000 		.4byte	0x8c
ARM GAS  C:\Users\KJA\AppData\Local\Temp\ccfd97c4.s 			page 17


 762 01d7 2B       		.byte	0x2b
 763 01d8 06       		.uleb128 0x6
 764 01d9 1B020000 		.4byte	.LASF36
 765 01dd 04       		.byte	0x4
 766 01de 6604     		.2byte	0x466
 767 01e0 8C000000 		.4byte	0x8c
 768 01e4 2C       		.byte	0x2c
 769 01e5 06       		.uleb128 0x6
 770 01e6 24010000 		.4byte	.LASF37
 771 01ea 04       		.byte	0x4
 772 01eb 6804     		.2byte	0x468
 773 01ed 49020000 		.4byte	0x249
 774 01f1 2D       		.byte	0x2d
 775 01f2 06       		.uleb128 0x6
 776 01f3 33000000 		.4byte	.LASF38
 777 01f7 04       		.byte	0x4
 778 01f8 6F04     		.2byte	0x46f
 779 01fa 51040000 		.4byte	0x451
 780 01fe 34       		.byte	0x34
 781 01ff 06       		.uleb128 0x6
 782 0200 69020000 		.4byte	.LASF39
 783 0204 04       		.byte	0x4
 784 0205 7104     		.2byte	0x471
 785 0207 B9020000 		.4byte	0x2b9
 786 020b 38       		.byte	0x38
 787 020c 00       		.byte	0
 788 020d 04       		.uleb128 0x4
 789 020e 94000000 		.4byte	.LASF40
 790 0212 04       		.byte	0x4
 791 0213 A1       		.byte	0xa1
 792 0214 18020000 		.4byte	0x218
 793 0218 08       		.uleb128 0x8
 794 0219 AF030000 		.4byte	.LASF42
 795 021d 0C       		.byte	0xc
 796 021e 04       		.byte	0x4
 797 021f CF       		.byte	0xcf
 798 0220 49020000 		.4byte	0x249
 799 0224 09       		.uleb128 0x9
 800 0225 42030000 		.4byte	.LASF43
 801 0229 04       		.byte	0x4
 802 022a D1       		.byte	0xd1
 803 022b 0D030000 		.4byte	0x30d
 804 022f 00       		.byte	0
 805 0230 09       		.uleb128 0x9
 806 0231 2C030000 		.4byte	.LASF44
 807 0235 04       		.byte	0x4
 808 0236 D2       		.byte	0xd2
 809 0237 48030000 		.4byte	0x348
 810 023b 04       		.byte	0x4
 811 023c 09       		.uleb128 0x9
 812 023d D2030000 		.4byte	.LASF45
 813 0241 04       		.byte	0x4
 814 0242 D3       		.byte	0xd3
 815 0243 4A030000 		.4byte	0x34a
 816 0247 08       		.byte	0x8
 817 0248 00       		.byte	0
 818 0249 04       		.uleb128 0x4
ARM GAS  C:\Users\KJA\AppData\Local\Temp\ccfd97c4.s 			page 18


 819 024a 58030000 		.4byte	.LASF46
 820 024e 04       		.byte	0x4
 821 024f A3       		.byte	0xa3
 822 0250 54020000 		.4byte	0x254
 823 0254 05       		.uleb128 0x5
 824 0255 00000000 		.4byte	.LASF47
 825 0259 07       		.byte	0x7
 826 025a 04       		.byte	0x4
 827 025b 1D02     		.2byte	0x21d
 828 025d B9020000 		.4byte	0x2b9
 829 0261 07       		.uleb128 0x7
 830 0262 7800     		.ascii	"x\000"
 831 0264 04       		.byte	0x4
 832 0265 1F02     		.2byte	0x21f
 833 0267 02030000 		.4byte	0x302
 834 026b 00       		.byte	0
 835 026c 07       		.uleb128 0x7
 836 026d 7900     		.ascii	"y\000"
 837 026f 04       		.byte	0x4
 838 0270 1F02     		.2byte	0x21f
 839 0272 02030000 		.4byte	0x302
 840 0276 01       		.byte	0x1
 841 0277 06       		.uleb128 0x6
 842 0278 5E000000 		.4byte	.LASF48
 843 027c 04       		.byte	0x4
 844 027d 2002     		.2byte	0x220
 845 027f 8C000000 		.4byte	0x8c
 846 0283 02       		.byte	0x2
 847 0284 07       		.uleb128 0x7
 848 0285 64697200 		.ascii	"dir\000"
 849 0289 04       		.byte	0x4
 850 028a 2102     		.2byte	0x221
 851 028c 8C000000 		.4byte	0x8c
 852 0290 03       		.byte	0x3
 853 0291 06       		.uleb128 0x6
 854 0292 F2030000 		.4byte	.LASF49
 855 0296 04       		.byte	0x4
 856 0297 2202     		.2byte	0x222
 857 0299 8C000000 		.4byte	0x8c
 858 029d 04       		.byte	0x4
 859 029e 06       		.uleb128 0x6
 860 029f 48040000 		.4byte	.LASF50
 861 02a3 04       		.byte	0x4
 862 02a4 2302     		.2byte	0x223
 863 02a6 8C000000 		.4byte	0x8c
 864 02aa 05       		.byte	0x5
 865 02ab 06       		.uleb128 0x6
 866 02ac 1D030000 		.4byte	.LASF51
 867 02b0 04       		.byte	0x4
 868 02b1 2402     		.2byte	0x224
 869 02b3 8C000000 		.4byte	0x8c
 870 02b7 06       		.byte	0x6
 871 02b8 00       		.byte	0
 872 02b9 04       		.uleb128 0x4
 873 02ba 11020000 		.4byte	.LASF52
 874 02be 04       		.byte	0x4
 875 02bf A5       		.byte	0xa5
ARM GAS  C:\Users\KJA\AppData\Local\Temp\ccfd97c4.s 			page 19


 876 02c0 C4020000 		.4byte	0x2c4
 877 02c4 05       		.uleb128 0x5
 878 02c5 89040000 		.4byte	.LASF53
 879 02c9 04       		.byte	0x4
 880 02ca 04       		.byte	0x4
 881 02cb 3102     		.2byte	0x231
 882 02cd 02030000 		.4byte	0x302
 883 02d1 07       		.uleb128 0x7
 884 02d2 783000   		.ascii	"x0\000"
 885 02d5 04       		.byte	0x4
 886 02d6 3302     		.2byte	0x233
 887 02d8 02030000 		.4byte	0x302
 888 02dc 00       		.byte	0
 889 02dd 07       		.uleb128 0x7
 890 02de 793000   		.ascii	"y0\000"
 891 02e1 04       		.byte	0x4
 892 02e2 3302     		.2byte	0x233
 893 02e4 02030000 		.4byte	0x302
 894 02e8 01       		.byte	0x1
 895 02e9 07       		.uleb128 0x7
 896 02ea 783100   		.ascii	"x1\000"
 897 02ed 04       		.byte	0x4
 898 02ee 3302     		.2byte	0x233
 899 02f0 02030000 		.4byte	0x302
 900 02f4 02       		.byte	0x2
 901 02f5 07       		.uleb128 0x7
 902 02f6 793100   		.ascii	"y1\000"
 903 02f9 04       		.byte	0x4
 904 02fa 3302     		.2byte	0x233
 905 02fc 02030000 		.4byte	0x302
 906 0300 03       		.byte	0x3
 907 0301 00       		.byte	0
 908 0302 04       		.uleb128 0x4
 909 0303 09010000 		.4byte	.LASF54
 910 0307 04       		.byte	0x4
 911 0308 AF       		.byte	0xaf
 912 0309 8C000000 		.4byte	0x8c
 913 030d 04       		.uleb128 0x4
 914 030e 3A040000 		.4byte	.LASF55
 915 0312 04       		.byte	0x4
 916 0313 C7       		.byte	0xc7
 917 0314 18030000 		.4byte	0x318
 918 0318 0A       		.uleb128 0xa
 919 0319 04       		.byte	0x4
 920 031a 1E030000 		.4byte	0x31e
 921 031e 0B       		.uleb128 0xb
 922 031f 8C000000 		.4byte	0x8c
 923 0323 3C030000 		.4byte	0x33c
 924 0327 0C       		.uleb128 0xc
 925 0328 3C030000 		.4byte	0x33c
 926 032c 0C       		.uleb128 0xc
 927 032d 42030000 		.4byte	0x342
 928 0331 0C       		.uleb128 0xc
 929 0332 8C000000 		.4byte	0x8c
 930 0336 0C       		.uleb128 0xc
 931 0337 48030000 		.4byte	0x348
 932 033b 00       		.byte	0
ARM GAS  C:\Users\KJA\AppData\Local\Temp\ccfd97c4.s 			page 20


 933 033c 0A       		.uleb128 0xa
 934 033d 04       		.byte	0x4
 935 033e A2000000 		.4byte	0xa2
 936 0342 0A       		.uleb128 0xa
 937 0343 04       		.byte	0x4
 938 0344 0D020000 		.4byte	0x20d
 939 0348 0D       		.uleb128 0xd
 940 0349 04       		.byte	0x4
 941 034a 04       		.uleb128 0x4
 942 034b 34030000 		.4byte	.LASF56
 943 034f 04       		.byte	0x4
 944 0350 CA       		.byte	0xca
 945 0351 55030000 		.4byte	0x355
 946 0355 0A       		.uleb128 0xa
 947 0356 04       		.byte	0x4
 948 0357 5B030000 		.4byte	0x35b
 949 035b 0B       		.uleb128 0xb
 950 035c 8C000000 		.4byte	0x8c
 951 0360 79030000 		.4byte	0x379
 952 0364 0C       		.uleb128 0xc
 953 0365 3C030000 		.4byte	0x33c
 954 0369 0C       		.uleb128 0xc
 955 036a 8C000000 		.4byte	0x8c
 956 036e 0C       		.uleb128 0xc
 957 036f 8C000000 		.4byte	0x8c
 958 0373 0C       		.uleb128 0xc
 959 0374 48030000 		.4byte	0x348
 960 0378 00       		.byte	0
 961 0379 05       		.uleb128 0x5
 962 037a C1000000 		.4byte	.LASF57
 963 037e 05       		.byte	0x5
 964 037f 04       		.byte	0x4
 965 0380 9E03     		.2byte	0x39e
 966 0382 C8030000 		.4byte	0x3c8
 967 0386 06       		.uleb128 0x6
 968 0387 BA030000 		.4byte	.LASF58
 969 038b 04       		.byte	0x4
 970 038c A003     		.2byte	0x3a0
 971 038e 02030000 		.4byte	0x302
 972 0392 00       		.byte	0
 973 0393 06       		.uleb128 0x6
 974 0394 02040000 		.4byte	.LASF59
 975 0398 04       		.byte	0x4
 976 0399 A103     		.2byte	0x3a1
 977 039b 02030000 		.4byte	0x302
 978 039f 01       		.byte	0x1
 979 03a0 06       		.uleb128 0x6
 980 03a1 59040000 		.4byte	.LASF60
 981 03a5 04       		.byte	0x4
 982 03a6 A203     		.2byte	0x3a2
 983 03a8 02030000 		.4byte	0x302
 984 03ac 02       		.byte	0x2
 985 03ad 06       		.uleb128 0x6
 986 03ae 61040000 		.4byte	.LASF61
 987 03b2 04       		.byte	0x4
 988 03b3 A303     		.2byte	0x3a3
 989 03b5 02030000 		.4byte	0x302
ARM GAS  C:\Users\KJA\AppData\Local\Temp\ccfd97c4.s 			page 21


 990 03b9 03       		.byte	0x3
 991 03ba 06       		.uleb128 0x6
 992 03bb B4010000 		.4byte	.LASF62
 993 03bf 04       		.byte	0x4
 994 03c0 A403     		.2byte	0x3a4
 995 03c2 8C000000 		.4byte	0x8c
 996 03c6 04       		.byte	0x4
 997 03c7 00       		.byte	0
 998 03c8 0E       		.uleb128 0xe
 999 03c9 3C000000 		.4byte	.LASF63
 1000 03cd 04       		.byte	0x4
 1001 03ce A603     		.2byte	0x3a6
 1002 03d0 79030000 		.4byte	0x379
 1003 03d4 05       		.uleb128 0x5
 1004 03d5 22030000 		.4byte	.LASF64
 1005 03d9 0C       		.byte	0xc
 1006 03da 04       		.byte	0x4
 1007 03db AF03     		.2byte	0x3af
 1008 03dd 07040000 		.4byte	0x407
 1009 03e1 07       		.uleb128 0x7
 1010 03e2 7000     		.ascii	"p\000"
 1011 03e4 04       		.byte	0x4
 1012 03e5 B103     		.2byte	0x3b1
 1013 03e7 C8030000 		.4byte	0x3c8
 1014 03eb 00       		.byte	0
 1015 03ec 06       		.uleb128 0x6
 1016 03ed D0010000 		.4byte	.LASF15
 1017 03f1 04       		.byte	0x4
 1018 03f2 B203     		.2byte	0x3b2
 1019 03f4 02030000 		.4byte	0x302
 1020 03f8 05       		.byte	0x5
 1021 03f9 07       		.uleb128 0x7
 1022 03fa 62756600 		.ascii	"buf\000"
 1023 03fe 04       		.byte	0x4
 1024 03ff B303     		.2byte	0x3b3
 1025 0401 48030000 		.4byte	0x348
 1026 0405 08       		.byte	0x8
 1027 0406 00       		.byte	0
 1028 0407 0E       		.uleb128 0xe
 1029 0408 2E010000 		.4byte	.LASF65
 1030 040c 04       		.byte	0x4
 1031 040d B503     		.2byte	0x3b5
 1032 040f D4030000 		.4byte	0x3d4
 1033 0413 0E       		.uleb128 0xe
 1034 0414 CD000000 		.4byte	.LASF66
 1035 0418 04       		.byte	0x4
 1036 0419 0D04     		.2byte	0x40d
 1037 041b 1F040000 		.4byte	0x41f
 1038 041f 0A       		.uleb128 0xa
 1039 0420 04       		.byte	0x4
 1040 0421 25040000 		.4byte	0x425
 1041 0425 0F       		.uleb128 0xf
 1042 0426 30040000 		.4byte	0x430
 1043 042a 0C       		.uleb128 0xc
 1044 042b 3C030000 		.4byte	0x33c
 1045 042f 00       		.byte	0
 1046 0430 0E       		.uleb128 0xe
ARM GAS  C:\Users\KJA\AppData\Local\Temp\ccfd97c4.s 			page 22


 1047 0431 48010000 		.4byte	.LASF67
 1048 0435 04       		.byte	0x4
 1049 0436 1004     		.2byte	0x410
 1050 0438 3C040000 		.4byte	0x43c
 1051 043c 0A       		.uleb128 0xa
 1052 043d 04       		.byte	0x4
 1053 043e 42040000 		.4byte	0x442
 1054 0442 0B       		.uleb128 0xb
 1055 0443 02030000 		.4byte	0x302
 1056 0447 51040000 		.4byte	0x451
 1057 044b 0C       		.uleb128 0xc
 1058 044c 3C030000 		.4byte	0x33c
 1059 0450 00       		.byte	0
 1060 0451 0E       		.uleb128 0xe
 1061 0452 6D000000 		.4byte	.LASF68
 1062 0456 04       		.byte	0x4
 1063 0457 1304     		.2byte	0x413
 1064 0459 5D040000 		.4byte	0x45d
 1065 045d 0A       		.uleb128 0xa
 1066 045e 04       		.byte	0x4
 1067 045f 63040000 		.4byte	0x463
 1068 0463 0F       		.uleb128 0xf
 1069 0464 6E040000 		.4byte	0x46e
 1070 0468 0C       		.uleb128 0xc
 1071 0469 8C000000 		.4byte	0x8c
 1072 046d 00       		.byte	0
 1073 046e 0A       		.uleb128 0xa
 1074 046f 04       		.byte	0x4
 1075 0470 74040000 		.4byte	0x474
 1076 0474 10       		.uleb128 0x10
 1077 0475 97000000 		.4byte	0x97
 1078 0479 03       		.uleb128 0x3
 1079 047a 04       		.byte	0x4
 1080 047b 07       		.byte	0x7
 1081 047c 59020000 		.4byte	.LASF69
 1082 0480 03       		.uleb128 0x3
 1083 0481 01       		.byte	0x1
 1084 0482 08       		.byte	0x8
 1085 0483 F8030000 		.4byte	.LASF70
 1086 0487 11       		.uleb128 0x11
 1087 0488 49030000 		.4byte	.LASF71
 1088 048c 01       		.byte	0x1
 1089 048d 2B       		.byte	0x2b
 1090 048e 00000000 		.4byte	.LFB0
 1091 0492 26000000 		.4byte	.LFE0-.LFB0
 1092 0496 01       		.uleb128 0x1
 1093 0497 9C       		.byte	0x9c
 1094 0498 C5040000 		.4byte	0x4c5
 1095 049c 12       		.uleb128 0x12
 1096 049d 6200     		.ascii	"b\000"
 1097 049f 01       		.byte	0x1
 1098 04a0 2B       		.byte	0x2b
 1099 04a1 C5040000 		.4byte	0x4c5
 1100 04a5 02       		.uleb128 0x2
 1101 04a6 91       		.byte	0x91
 1102 04a7 74       		.sleb128 -12
 1103 04a8 12       		.uleb128 0x12
ARM GAS  C:\Users\KJA\AppData\Local\Temp\ccfd97c4.s 			page 23


 1104 04a9 62756600 		.ascii	"buf\000"
 1105 04ad 01       		.byte	0x1
 1106 04ae 2B       		.byte	0x2b
 1107 04af 48030000 		.4byte	0x348
 1108 04b3 02       		.uleb128 0x2
 1109 04b4 91       		.byte	0x91
 1110 04b5 70       		.sleb128 -16
 1111 04b6 13       		.uleb128 0x13
 1112 04b7 D0010000 		.4byte	.LASF15
 1113 04bb 01       		.byte	0x1
 1114 04bc 2B       		.byte	0x2b
 1115 04bd 02030000 		.4byte	0x302
 1116 04c1 02       		.uleb128 0x2
 1117 04c2 91       		.byte	0x91
 1118 04c3 6F       		.sleb128 -17
 1119 04c4 00       		.byte	0
 1120 04c5 0A       		.uleb128 0xa
 1121 04c6 04       		.byte	0x4
 1122 04c7 07040000 		.4byte	0x407
 1123 04cb 14       		.uleb128 0x14
 1124 04cc 15000000 		.4byte	.LASF72
 1125 04d0 01       		.byte	0x1
 1126 04d1 32       		.byte	0x32
 1127 04d2 00000000 		.4byte	.LFB1
 1128 04d6 84000000 		.4byte	.LFE1-.LFB1
 1129 04da 01       		.uleb128 0x1
 1130 04db 9C       		.byte	0x9c
 1131 04dc 2E050000 		.4byte	0x52e
 1132 04e0 12       		.uleb128 0x12
 1133 04e1 6200     		.ascii	"b\000"
 1134 04e3 01       		.byte	0x1
 1135 04e4 32       		.byte	0x32
 1136 04e5 C5040000 		.4byte	0x4c5
 1137 04e9 02       		.uleb128 0x2
 1138 04ea 91       		.byte	0x91
 1139 04eb 6C       		.sleb128 -20
 1140 04ec 12       		.uleb128 0x12
 1141 04ed 7800     		.ascii	"x\000"
 1142 04ef 01       		.byte	0x1
 1143 04f0 32       		.byte	0x32
 1144 04f1 02030000 		.4byte	0x302
 1145 04f5 02       		.uleb128 0x2
 1146 04f6 91       		.byte	0x91
 1147 04f7 6B       		.sleb128 -21
 1148 04f8 12       		.uleb128 0x12
 1149 04f9 7900     		.ascii	"y\000"
 1150 04fb 01       		.byte	0x1
 1151 04fc 32       		.byte	0x32
 1152 04fd 02030000 		.4byte	0x302
 1153 0501 02       		.uleb128 0x2
 1154 0502 91       		.byte	0x91
 1155 0503 6A       		.sleb128 -22
 1156 0504 13       		.uleb128 0x13
 1157 0505 99030000 		.4byte	.LASF73
 1158 0509 01       		.byte	0x1
 1159 050a 32       		.byte	0x32
 1160 050b 8C000000 		.4byte	0x8c
ARM GAS  C:\Users\KJA\AppData\Local\Temp\ccfd97c4.s 			page 24


 1161 050f 02       		.uleb128 0x2
 1162 0510 91       		.byte	0x91
 1163 0511 69       		.sleb128 -23
 1164 0512 15       		.uleb128 0x15
 1165 0513 61010000 		.4byte	.LASF74
 1166 0517 01       		.byte	0x1
 1167 0518 34       		.byte	0x34
 1168 0519 8C000000 		.4byte	0x8c
 1169 051d 01       		.uleb128 0x1
 1170 051e 54       		.byte	0x54
 1171 051f 16       		.uleb128 0x16
 1172 0520 70747200 		.ascii	"ptr\000"
 1173 0524 01       		.byte	0x1
 1174 0525 35       		.byte	0x35
 1175 0526 2E050000 		.4byte	0x52e
 1176 052a 02       		.uleb128 0x2
 1177 052b 91       		.byte	0x91
 1178 052c 74       		.sleb128 -12
 1179 052d 00       		.byte	0
 1180 052e 0A       		.uleb128 0xa
 1181 052f 04       		.byte	0x4
 1182 0530 8C000000 		.4byte	0x8c
 1183 0534 11       		.uleb128 0x11
 1184 0535 28020000 		.4byte	.LASF75
 1185 0539 01       		.byte	0x1
 1186 053a 44       		.byte	0x44
 1187 053b 00000000 		.4byte	.LFB2
 1188 053f 4C000000 		.4byte	.LFE2-.LFB2
 1189 0543 01       		.uleb128 0x1
 1190 0544 9C       		.byte	0x9c
 1191 0545 64050000 		.4byte	0x564
 1192 0549 12       		.uleb128 0x12
 1193 054a 6200     		.ascii	"b\000"
 1194 054c 01       		.byte	0x1
 1195 054d 44       		.byte	0x44
 1196 054e C5040000 		.4byte	0x4c5
 1197 0552 02       		.uleb128 0x2
 1198 0553 91       		.byte	0x91
 1199 0554 74       		.sleb128 -12
 1200 0555 13       		.uleb128 0x13
 1201 0556 24010000 		.4byte	.LASF37
 1202 055a 01       		.byte	0x1
 1203 055b 44       		.byte	0x44
 1204 055c 64050000 		.4byte	0x564
 1205 0560 02       		.uleb128 0x2
 1206 0561 91       		.byte	0x91
 1207 0562 70       		.sleb128 -16
 1208 0563 00       		.byte	0
 1209 0564 10       		.uleb128 0x10
 1210 0565 69050000 		.4byte	0x569
 1211 0569 0A       		.uleb128 0xa
 1212 056a 04       		.byte	0x4
 1213 056b 6F050000 		.4byte	0x56f
 1214 056f 10       		.uleb128 0x10
 1215 0570 49020000 		.4byte	0x249
 1216 0574 11       		.uleb128 0x11
 1217 0575 B9010000 		.4byte	.LASF76
ARM GAS  C:\Users\KJA\AppData\Local\Temp\ccfd97c4.s 			page 25


 1218 0579 01       		.byte	0x1
 1219 057a 50       		.byte	0x50
 1220 057b 00000000 		.4byte	.LFB3
 1221 057f 82000000 		.4byte	.LFE3-.LFB3
 1222 0583 01       		.uleb128 0x1
 1223 0584 9C       		.byte	0x9c
 1224 0585 B1050000 		.4byte	0x5b1
 1225 0589 12       		.uleb128 0x12
 1226 058a 6200     		.ascii	"b\000"
 1227 058c 01       		.byte	0x1
 1228 058d 50       		.byte	0x50
 1229 058e C5040000 		.4byte	0x4c5
 1230 0592 02       		.uleb128 0x2
 1231 0593 91       		.byte	0x91
 1232 0594 6C       		.sleb128 -20
 1233 0595 13       		.uleb128 0x13
 1234 0596 24010000 		.4byte	.LASF37
 1235 059a 01       		.byte	0x1
 1236 059b 50       		.byte	0x50
 1237 059c B1050000 		.4byte	0x5b1
 1238 05a0 02       		.uleb128 0x2
 1239 05a1 91       		.byte	0x91
 1240 05a2 68       		.sleb128 -24
 1241 05a3 15       		.uleb128 0x15
 1242 05a4 5E000000 		.4byte	.LASF48
 1243 05a8 01       		.byte	0x1
 1244 05a9 52       		.byte	0x52
 1245 05aa 8C000000 		.4byte	0x8c
 1246 05ae 01       		.uleb128 0x1
 1247 05af 54       		.byte	0x54
 1248 05b0 00       		.byte	0
 1249 05b1 0A       		.uleb128 0xa
 1250 05b2 04       		.byte	0x4
 1251 05b3 49020000 		.4byte	0x249
 1252 05b7 17       		.uleb128 0x17
 1253 05b8 6C030000 		.4byte	.LASF77
 1254 05bc 01       		.byte	0x1
 1255 05bd 67       		.byte	0x67
 1256 05be 8C000000 		.4byte	0x8c
 1257 05c2 00000000 		.4byte	.LFB4
 1258 05c6 9E010000 		.4byte	.LFE4-.LFB4
 1259 05ca 01       		.uleb128 0x1
 1260 05cb 9C       		.byte	0x9c
 1261 05cc 12       		.uleb128 0x12
 1262 05cd 75386700 		.ascii	"u8g\000"
 1263 05d1 01       		.byte	0x1
 1264 05d2 67       		.byte	0x67
 1265 05d3 3C030000 		.4byte	0x33c
 1266 05d7 02       		.uleb128 0x2
 1267 05d8 91       		.byte	0x91
 1268 05d9 6C       		.sleb128 -20
 1269 05da 12       		.uleb128 0x12
 1270 05db 64657600 		.ascii	"dev\000"
 1271 05df 01       		.byte	0x1
 1272 05e0 67       		.byte	0x67
 1273 05e1 42030000 		.4byte	0x342
 1274 05e5 02       		.uleb128 0x2
ARM GAS  C:\Users\KJA\AppData\Local\Temp\ccfd97c4.s 			page 26


 1275 05e6 91       		.byte	0x91
 1276 05e7 68       		.sleb128 -24
 1277 05e8 12       		.uleb128 0x12
 1278 05e9 6D736700 		.ascii	"msg\000"
 1279 05ed 01       		.byte	0x1
 1280 05ee 67       		.byte	0x67
 1281 05ef 8C000000 		.4byte	0x8c
 1282 05f3 02       		.uleb128 0x2
 1283 05f4 91       		.byte	0x91
 1284 05f5 67       		.sleb128 -25
 1285 05f6 12       		.uleb128 0x12
 1286 05f7 61726700 		.ascii	"arg\000"
 1287 05fb 01       		.byte	0x1
 1288 05fc 67       		.byte	0x67
 1289 05fd 48030000 		.4byte	0x348
 1290 0601 02       		.uleb128 0x2
 1291 0602 91       		.byte	0x91
 1292 0603 60       		.sleb128 -32
 1293 0604 16       		.uleb128 0x16
 1294 0605 706200   		.ascii	"pb\000"
 1295 0608 01       		.byte	0x1
 1296 0609 69       		.byte	0x69
 1297 060a C5040000 		.4byte	0x4c5
 1298 060e 02       		.uleb128 0x2
 1299 060f 91       		.byte	0x91
 1300 0610 74       		.sleb128 -12
 1301 0611 00       		.byte	0
 1302 0612 00       		.byte	0
 1303              		.section	.debug_abbrev,"",%progbits
 1304              	.Ldebug_abbrev0:
 1305 0000 01       		.uleb128 0x1
 1306 0001 11       		.uleb128 0x11
 1307 0002 01       		.byte	0x1
 1308 0003 25       		.uleb128 0x25
 1309 0004 0E       		.uleb128 0xe
 1310 0005 13       		.uleb128 0x13
 1311 0006 0B       		.uleb128 0xb
 1312 0007 03       		.uleb128 0x3
 1313 0008 0E       		.uleb128 0xe
 1314 0009 1B       		.uleb128 0x1b
 1315 000a 0E       		.uleb128 0xe
 1316 000b 55       		.uleb128 0x55
 1317 000c 17       		.uleb128 0x17
 1318 000d 11       		.uleb128 0x11
 1319 000e 01       		.uleb128 0x1
 1320 000f 10       		.uleb128 0x10
 1321 0010 17       		.uleb128 0x17
 1322 0011 00       		.byte	0
 1323 0012 00       		.byte	0
 1324 0013 02       		.uleb128 0x2
 1325 0014 24       		.uleb128 0x24
 1326 0015 00       		.byte	0
 1327 0016 0B       		.uleb128 0xb
 1328 0017 0B       		.uleb128 0xb
 1329 0018 3E       		.uleb128 0x3e
 1330 0019 0B       		.uleb128 0xb
 1331 001a 03       		.uleb128 0x3
ARM GAS  C:\Users\KJA\AppData\Local\Temp\ccfd97c4.s 			page 27


 1332 001b 08       		.uleb128 0x8
 1333 001c 00       		.byte	0
 1334 001d 00       		.byte	0
 1335 001e 03       		.uleb128 0x3
 1336 001f 24       		.uleb128 0x24
 1337 0020 00       		.byte	0
 1338 0021 0B       		.uleb128 0xb
 1339 0022 0B       		.uleb128 0xb
 1340 0023 3E       		.uleb128 0x3e
 1341 0024 0B       		.uleb128 0xb
 1342 0025 03       		.uleb128 0x3
 1343 0026 0E       		.uleb128 0xe
 1344 0027 00       		.byte	0
 1345 0028 00       		.byte	0
 1346 0029 04       		.uleb128 0x4
 1347 002a 16       		.uleb128 0x16
 1348 002b 00       		.byte	0
 1349 002c 03       		.uleb128 0x3
 1350 002d 0E       		.uleb128 0xe
 1351 002e 3A       		.uleb128 0x3a
 1352 002f 0B       		.uleb128 0xb
 1353 0030 3B       		.uleb128 0x3b
 1354 0031 0B       		.uleb128 0xb
 1355 0032 49       		.uleb128 0x49
 1356 0033 13       		.uleb128 0x13
 1357 0034 00       		.byte	0
 1358 0035 00       		.byte	0
 1359 0036 05       		.uleb128 0x5
 1360 0037 13       		.uleb128 0x13
 1361 0038 01       		.byte	0x1
 1362 0039 03       		.uleb128 0x3
 1363 003a 0E       		.uleb128 0xe
 1364 003b 0B       		.uleb128 0xb
 1365 003c 0B       		.uleb128 0xb
 1366 003d 3A       		.uleb128 0x3a
 1367 003e 0B       		.uleb128 0xb
 1368 003f 3B       		.uleb128 0x3b
 1369 0040 05       		.uleb128 0x5
 1370 0041 01       		.uleb128 0x1
 1371 0042 13       		.uleb128 0x13
 1372 0043 00       		.byte	0
 1373 0044 00       		.byte	0
 1374 0045 06       		.uleb128 0x6
 1375 0046 0D       		.uleb128 0xd
 1376 0047 00       		.byte	0
 1377 0048 03       		.uleb128 0x3
 1378 0049 0E       		.uleb128 0xe
 1379 004a 3A       		.uleb128 0x3a
 1380 004b 0B       		.uleb128 0xb
 1381 004c 3B       		.uleb128 0x3b
 1382 004d 05       		.uleb128 0x5
 1383 004e 49       		.uleb128 0x49
 1384 004f 13       		.uleb128 0x13
 1385 0050 38       		.uleb128 0x38
 1386 0051 0B       		.uleb128 0xb
 1387 0052 00       		.byte	0
 1388 0053 00       		.byte	0
ARM GAS  C:\Users\KJA\AppData\Local\Temp\ccfd97c4.s 			page 28


 1389 0054 07       		.uleb128 0x7
 1390 0055 0D       		.uleb128 0xd
 1391 0056 00       		.byte	0
 1392 0057 03       		.uleb128 0x3
 1393 0058 08       		.uleb128 0x8
 1394 0059 3A       		.uleb128 0x3a
 1395 005a 0B       		.uleb128 0xb
 1396 005b 3B       		.uleb128 0x3b
 1397 005c 05       		.uleb128 0x5
 1398 005d 49       		.uleb128 0x49
 1399 005e 13       		.uleb128 0x13
 1400 005f 38       		.uleb128 0x38
 1401 0060 0B       		.uleb128 0xb
 1402 0061 00       		.byte	0
 1403 0062 00       		.byte	0
 1404 0063 08       		.uleb128 0x8
 1405 0064 13       		.uleb128 0x13
 1406 0065 01       		.byte	0x1
 1407 0066 03       		.uleb128 0x3
 1408 0067 0E       		.uleb128 0xe
 1409 0068 0B       		.uleb128 0xb
 1410 0069 0B       		.uleb128 0xb
 1411 006a 3A       		.uleb128 0x3a
 1412 006b 0B       		.uleb128 0xb
 1413 006c 3B       		.uleb128 0x3b
 1414 006d 0B       		.uleb128 0xb
 1415 006e 01       		.uleb128 0x1
 1416 006f 13       		.uleb128 0x13
 1417 0070 00       		.byte	0
 1418 0071 00       		.byte	0
 1419 0072 09       		.uleb128 0x9
 1420 0073 0D       		.uleb128 0xd
 1421 0074 00       		.byte	0
 1422 0075 03       		.uleb128 0x3
 1423 0076 0E       		.uleb128 0xe
 1424 0077 3A       		.uleb128 0x3a
 1425 0078 0B       		.uleb128 0xb
 1426 0079 3B       		.uleb128 0x3b
 1427 007a 0B       		.uleb128 0xb
 1428 007b 49       		.uleb128 0x49
 1429 007c 13       		.uleb128 0x13
 1430 007d 38       		.uleb128 0x38
 1431 007e 0B       		.uleb128 0xb
 1432 007f 00       		.byte	0
 1433 0080 00       		.byte	0
 1434 0081 0A       		.uleb128 0xa
 1435 0082 0F       		.uleb128 0xf
 1436 0083 00       		.byte	0
 1437 0084 0B       		.uleb128 0xb
 1438 0085 0B       		.uleb128 0xb
 1439 0086 49       		.uleb128 0x49
 1440 0087 13       		.uleb128 0x13
 1441 0088 00       		.byte	0
 1442 0089 00       		.byte	0
 1443 008a 0B       		.uleb128 0xb
 1444 008b 15       		.uleb128 0x15
 1445 008c 01       		.byte	0x1
ARM GAS  C:\Users\KJA\AppData\Local\Temp\ccfd97c4.s 			page 29


 1446 008d 27       		.uleb128 0x27
 1447 008e 19       		.uleb128 0x19
 1448 008f 49       		.uleb128 0x49
 1449 0090 13       		.uleb128 0x13
 1450 0091 01       		.uleb128 0x1
 1451 0092 13       		.uleb128 0x13
 1452 0093 00       		.byte	0
 1453 0094 00       		.byte	0
 1454 0095 0C       		.uleb128 0xc
 1455 0096 05       		.uleb128 0x5
 1456 0097 00       		.byte	0
 1457 0098 49       		.uleb128 0x49
 1458 0099 13       		.uleb128 0x13
 1459 009a 00       		.byte	0
 1460 009b 00       		.byte	0
 1461 009c 0D       		.uleb128 0xd
 1462 009d 0F       		.uleb128 0xf
 1463 009e 00       		.byte	0
 1464 009f 0B       		.uleb128 0xb
 1465 00a0 0B       		.uleb128 0xb
 1466 00a1 00       		.byte	0
 1467 00a2 00       		.byte	0
 1468 00a3 0E       		.uleb128 0xe
 1469 00a4 16       		.uleb128 0x16
 1470 00a5 00       		.byte	0
 1471 00a6 03       		.uleb128 0x3
 1472 00a7 0E       		.uleb128 0xe
 1473 00a8 3A       		.uleb128 0x3a
 1474 00a9 0B       		.uleb128 0xb
 1475 00aa 3B       		.uleb128 0x3b
 1476 00ab 05       		.uleb128 0x5
 1477 00ac 49       		.uleb128 0x49
 1478 00ad 13       		.uleb128 0x13
 1479 00ae 00       		.byte	0
 1480 00af 00       		.byte	0
 1481 00b0 0F       		.uleb128 0xf
 1482 00b1 15       		.uleb128 0x15
 1483 00b2 01       		.byte	0x1
 1484 00b3 27       		.uleb128 0x27
 1485 00b4 19       		.uleb128 0x19
 1486 00b5 01       		.uleb128 0x1
 1487 00b6 13       		.uleb128 0x13
 1488 00b7 00       		.byte	0
 1489 00b8 00       		.byte	0
 1490 00b9 10       		.uleb128 0x10
 1491 00ba 26       		.uleb128 0x26
 1492 00bb 00       		.byte	0
 1493 00bc 49       		.uleb128 0x49
 1494 00bd 13       		.uleb128 0x13
 1495 00be 00       		.byte	0
 1496 00bf 00       		.byte	0
 1497 00c0 11       		.uleb128 0x11
 1498 00c1 2E       		.uleb128 0x2e
 1499 00c2 01       		.byte	0x1
 1500 00c3 3F       		.uleb128 0x3f
 1501 00c4 19       		.uleb128 0x19
 1502 00c5 03       		.uleb128 0x3
ARM GAS  C:\Users\KJA\AppData\Local\Temp\ccfd97c4.s 			page 30


 1503 00c6 0E       		.uleb128 0xe
 1504 00c7 3A       		.uleb128 0x3a
 1505 00c8 0B       		.uleb128 0xb
 1506 00c9 3B       		.uleb128 0x3b
 1507 00ca 0B       		.uleb128 0xb
 1508 00cb 27       		.uleb128 0x27
 1509 00cc 19       		.uleb128 0x19
 1510 00cd 11       		.uleb128 0x11
 1511 00ce 01       		.uleb128 0x1
 1512 00cf 12       		.uleb128 0x12
 1513 00d0 06       		.uleb128 0x6
 1514 00d1 40       		.uleb128 0x40
 1515 00d2 18       		.uleb128 0x18
 1516 00d3 9642     		.uleb128 0x2116
 1517 00d5 19       		.uleb128 0x19
 1518 00d6 01       		.uleb128 0x1
 1519 00d7 13       		.uleb128 0x13
 1520 00d8 00       		.byte	0
 1521 00d9 00       		.byte	0
 1522 00da 12       		.uleb128 0x12
 1523 00db 05       		.uleb128 0x5
 1524 00dc 00       		.byte	0
 1525 00dd 03       		.uleb128 0x3
 1526 00de 08       		.uleb128 0x8
 1527 00df 3A       		.uleb128 0x3a
 1528 00e0 0B       		.uleb128 0xb
 1529 00e1 3B       		.uleb128 0x3b
 1530 00e2 0B       		.uleb128 0xb
 1531 00e3 49       		.uleb128 0x49
 1532 00e4 13       		.uleb128 0x13
 1533 00e5 02       		.uleb128 0x2
 1534 00e6 18       		.uleb128 0x18
 1535 00e7 00       		.byte	0
 1536 00e8 00       		.byte	0
 1537 00e9 13       		.uleb128 0x13
 1538 00ea 05       		.uleb128 0x5
 1539 00eb 00       		.byte	0
 1540 00ec 03       		.uleb128 0x3
 1541 00ed 0E       		.uleb128 0xe
 1542 00ee 3A       		.uleb128 0x3a
 1543 00ef 0B       		.uleb128 0xb
 1544 00f0 3B       		.uleb128 0x3b
 1545 00f1 0B       		.uleb128 0xb
 1546 00f2 49       		.uleb128 0x49
 1547 00f3 13       		.uleb128 0x13
 1548 00f4 02       		.uleb128 0x2
 1549 00f5 18       		.uleb128 0x18
 1550 00f6 00       		.byte	0
 1551 00f7 00       		.byte	0
 1552 00f8 14       		.uleb128 0x14
 1553 00f9 2E       		.uleb128 0x2e
 1554 00fa 01       		.byte	0x1
 1555 00fb 3F       		.uleb128 0x3f
 1556 00fc 19       		.uleb128 0x19
 1557 00fd 03       		.uleb128 0x3
 1558 00fe 0E       		.uleb128 0xe
 1559 00ff 3A       		.uleb128 0x3a
ARM GAS  C:\Users\KJA\AppData\Local\Temp\ccfd97c4.s 			page 31


 1560 0100 0B       		.uleb128 0xb
 1561 0101 3B       		.uleb128 0x3b
 1562 0102 0B       		.uleb128 0xb
 1563 0103 27       		.uleb128 0x27
 1564 0104 19       		.uleb128 0x19
 1565 0105 11       		.uleb128 0x11
 1566 0106 01       		.uleb128 0x1
 1567 0107 12       		.uleb128 0x12
 1568 0108 06       		.uleb128 0x6
 1569 0109 40       		.uleb128 0x40
 1570 010a 18       		.uleb128 0x18
 1571 010b 9742     		.uleb128 0x2117
 1572 010d 19       		.uleb128 0x19
 1573 010e 01       		.uleb128 0x1
 1574 010f 13       		.uleb128 0x13
 1575 0110 00       		.byte	0
 1576 0111 00       		.byte	0
 1577 0112 15       		.uleb128 0x15
 1578 0113 34       		.uleb128 0x34
 1579 0114 00       		.byte	0
 1580 0115 03       		.uleb128 0x3
 1581 0116 0E       		.uleb128 0xe
 1582 0117 3A       		.uleb128 0x3a
 1583 0118 0B       		.uleb128 0xb
 1584 0119 3B       		.uleb128 0x3b
 1585 011a 0B       		.uleb128 0xb
 1586 011b 49       		.uleb128 0x49
 1587 011c 13       		.uleb128 0x13
 1588 011d 02       		.uleb128 0x2
 1589 011e 18       		.uleb128 0x18
 1590 011f 00       		.byte	0
 1591 0120 00       		.byte	0
 1592 0121 16       		.uleb128 0x16
 1593 0122 34       		.uleb128 0x34
 1594 0123 00       		.byte	0
 1595 0124 03       		.uleb128 0x3
 1596 0125 08       		.uleb128 0x8
 1597 0126 3A       		.uleb128 0x3a
 1598 0127 0B       		.uleb128 0xb
 1599 0128 3B       		.uleb128 0x3b
 1600 0129 0B       		.uleb128 0xb
 1601 012a 49       		.uleb128 0x49
 1602 012b 13       		.uleb128 0x13
 1603 012c 02       		.uleb128 0x2
 1604 012d 18       		.uleb128 0x18
 1605 012e 00       		.byte	0
 1606 012f 00       		.byte	0
 1607 0130 17       		.uleb128 0x17
 1608 0131 2E       		.uleb128 0x2e
 1609 0132 01       		.byte	0x1
 1610 0133 3F       		.uleb128 0x3f
 1611 0134 19       		.uleb128 0x19
 1612 0135 03       		.uleb128 0x3
 1613 0136 0E       		.uleb128 0xe
 1614 0137 3A       		.uleb128 0x3a
 1615 0138 0B       		.uleb128 0xb
 1616 0139 3B       		.uleb128 0x3b
ARM GAS  C:\Users\KJA\AppData\Local\Temp\ccfd97c4.s 			page 32


 1617 013a 0B       		.uleb128 0xb
 1618 013b 27       		.uleb128 0x27
 1619 013c 19       		.uleb128 0x19
 1620 013d 49       		.uleb128 0x49
 1621 013e 13       		.uleb128 0x13
 1622 013f 11       		.uleb128 0x11
 1623 0140 01       		.uleb128 0x1
 1624 0141 12       		.uleb128 0x12
 1625 0142 06       		.uleb128 0x6
 1626 0143 40       		.uleb128 0x40
 1627 0144 18       		.uleb128 0x18
 1628 0145 9642     		.uleb128 0x2116
 1629 0147 19       		.uleb128 0x19
 1630 0148 00       		.byte	0
 1631 0149 00       		.byte	0
 1632 014a 00       		.byte	0
 1633              		.section	.debug_aranges,"",%progbits
 1634 0000 3C000000 		.4byte	0x3c
 1635 0004 0200     		.2byte	0x2
 1636 0006 00000000 		.4byte	.Ldebug_info0
 1637 000a 04       		.byte	0x4
 1638 000b 00       		.byte	0
 1639 000c 0000     		.2byte	0
 1640 000e 0000     		.2byte	0
 1641 0010 00000000 		.4byte	.LFB0
 1642 0014 26000000 		.4byte	.LFE0-.LFB0
 1643 0018 00000000 		.4byte	.LFB1
 1644 001c 84000000 		.4byte	.LFE1-.LFB1
 1645 0020 00000000 		.4byte	.LFB2
 1646 0024 4C000000 		.4byte	.LFE2-.LFB2
 1647 0028 00000000 		.4byte	.LFB3
 1648 002c 82000000 		.4byte	.LFE3-.LFB3
 1649 0030 00000000 		.4byte	.LFB4
 1650 0034 9E010000 		.4byte	.LFE4-.LFB4
 1651 0038 00000000 		.4byte	0
 1652 003c 00000000 		.4byte	0
 1653              		.section	.debug_ranges,"",%progbits
 1654              	.Ldebug_ranges0:
 1655 0000 00000000 		.4byte	.LFB0
 1656 0004 26000000 		.4byte	.LFE0
 1657 0008 00000000 		.4byte	.LFB1
 1658 000c 84000000 		.4byte	.LFE1
 1659 0010 00000000 		.4byte	.LFB2
 1660 0014 4C000000 		.4byte	.LFE2
 1661 0018 00000000 		.4byte	.LFB3
 1662 001c 82000000 		.4byte	.LFE3
 1663 0020 00000000 		.4byte	.LFB4
 1664 0024 9E010000 		.4byte	.LFE4
 1665 0028 00000000 		.4byte	0
 1666 002c 00000000 		.4byte	0
 1667              		.section	.debug_line,"",%progbits
 1668              	.Ldebug_line0:
 1669 0000 D4010000 		.section	.debug_str,"MS",%progbits,1
 1669      02003A01 
 1669      00000201 
 1669      FB0E0D00 
 1669      01010101 
ARM GAS  C:\Users\KJA\AppData\Local\Temp\ccfd97c4.s 			page 33


 1670              	.LASF47:
 1671 0000 5F753867 		.ascii	"_u8g_dev_arg_pixel_t\000"
 1671      5F646576 
 1671      5F617267 
 1671      5F706978 
 1671      656C5F74 
 1672              	.LASF72:
 1673 0015 7538675F 		.ascii	"u8g_pb8v2_set_pixel\000"
 1673      70623876 
 1673      325F7365 
 1673      745F7069 
 1673      78656C00 
 1674              	.LASF3:
 1675 0029 5F5F7569 		.ascii	"__uint8_t\000"
 1675      6E74385F 
 1675      7400
 1676              	.LASF38:
 1677 0033 73746174 		.ascii	"state_cb\000"
 1677      655F6362 
 1677      00
 1678              	.LASF63:
 1679 003c 7538675F 		.ascii	"u8g_page_t\000"
 1679      70616765 
 1679      5F7400
 1680              	.LASF10:
 1681 0047 6C6F6E67 		.ascii	"long long unsigned int\000"
 1681      206C6F6E 
 1681      6720756E 
 1681      7369676E 
 1681      65642069 
 1682              	.LASF48:
 1683 005e 70697865 		.ascii	"pixel\000"
 1683      6C00
 1684              	.LASF2:
 1685 0064 5F5F696E 		.ascii	"__int8_t\000"
 1685      74385F74 
 1685      00
 1686              	.LASF68:
 1687 006d 7538675F 		.ascii	"u8g_state_cb\000"
 1687      73746174 
 1687      655F6362 
 1687      00
 1688              	.LASF9:
 1689 007a 6C6F6E67 		.ascii	"long long int\000"
 1689      206C6F6E 
 1689      6720696E 
 1689      7400
 1690              	.LASF1:
 1691 0088 7369676E 		.ascii	"signed char\000"
 1691      65642063 
 1691      68617200 
 1692              	.LASF40:
 1693 0094 7538675F 		.ascii	"u8g_dev_t\000"
 1693      6465765F 
 1693      7400
 1694              	.LASF21:
 1695 009e 63757273 		.ascii	"cursor_encoding\000"
ARM GAS  C:\Users\KJA\AppData\Local\Temp\ccfd97c4.s 			page 34


 1695      6F725F65 
 1695      6E636F64 
 1695      696E6700 
 1696              	.LASF25:
 1697 00ae 63757273 		.ascii	"cursor_fn\000"
 1697      6F725F66 
 1697      6E00
 1698              	.LASF7:
 1699 00b8 6C6F6E67 		.ascii	"long int\000"
 1699      20696E74 
 1699      00
 1700              	.LASF57:
 1701 00c1 5F753867 		.ascii	"_u8g_page_t\000"
 1701      5F706167 
 1701      655F7400 
 1702              	.LASF66:
 1703 00cd 7538675F 		.ascii	"u8g_draw_cursor_fn\000"
 1703      64726177 
 1703      5F637572 
 1703      736F725F 
 1703      666E00
 1704              	.LASF79:
 1705 00e0 7538676C 		.ascii	"u8glib_arm_v1.18.1\\src\\u8g_pb8v2.c\000"
 1705      69625F61 
 1705      726D5F76 
 1705      312E3138 
 1705      2E315C73 
 1706              	.LASF14:
 1707 0103 7538675F 		.ascii	"u8g_t\000"
 1707      7400
 1708              	.LASF54:
 1709 0109 7538675F 		.ascii	"u8g_uint_t\000"
 1709      75696E74 
 1709      5F7400
 1710              	.LASF20:
 1711 0114 63757273 		.ascii	"cursor_bg_color\000"
 1711      6F725F62 
 1711      675F636F 
 1711      6C6F7200 
 1712              	.LASF37:
 1713 0124 6172675F 		.ascii	"arg_pixel\000"
 1713      70697865 
 1713      6C00
 1714              	.LASF65:
 1715 012e 7538675F 		.ascii	"u8g_pb_t\000"
 1715      70625F74 
 1715      00
 1716              	.LASF34:
 1717 0137 666F6E74 		.ascii	"font_ref_descent\000"
 1717      5F726566 
 1717      5F646573 
 1717      63656E74 
 1717      00
 1718              	.LASF67:
 1719 0148 7538675F 		.ascii	"u8g_font_calc_vref_fnptr\000"
 1719      666F6E74 
 1719      5F63616C 
ARM GAS  C:\Users\KJA\AppData\Local\Temp\ccfd97c4.s 			page 35


 1719      635F7672 
 1719      65665F66 
 1720              	.LASF74:
 1721 0161 6D61736B 		.ascii	"mask\000"
 1721      00
 1722              	.LASF31:
 1723 0166 666F6E74 		.ascii	"font_calc_vref\000"
 1723      5F63616C 
 1723      635F7672 
 1723      656600
 1724              	.LASF33:
 1725 0175 666F6E74 		.ascii	"font_ref_ascent\000"
 1725      5F726566 
 1725      5F617363 
 1725      656E7400 
 1726              	.LASF0:
 1727 0185 756E7369 		.ascii	"unsigned int\000"
 1727      676E6564 
 1727      20696E74 
 1727      00
 1728              	.LASF19:
 1729 0192 63757273 		.ascii	"cursor_fg_color\000"
 1729      6F725F66 
 1729      675F636F 
 1729      6C6F7200 
 1730              	.LASF8:
 1731 01a2 6C6F6E67 		.ascii	"long unsigned int\000"
 1731      20756E73 
 1731      69676E65 
 1731      6420696E 
 1731      7400
 1732              	.LASF62:
 1733 01b4 70616765 		.ascii	"page\000"
 1733      00
 1734              	.LASF76:
 1735 01b9 7538675F 		.ascii	"u8g_pb8v2_Set8PixelStd\000"
 1735      70623876 
 1735      325F5365 
 1735      74385069 
 1735      78656C53 
 1736              	.LASF15:
 1737 01d0 77696474 		.ascii	"width\000"
 1737      6800
 1738              	.LASF80:
 1739 01d6 443A5C57 		.ascii	"D:\\Workspace\\PSoC_Creator\\Active_Load\\Active_Lo"
 1739      6F726B73 
 1739      70616365 
 1739      5C50536F 
 1739      435F4372 
 1740 0205 61645F76 		.ascii	"ad_v9.cydsn\000"
 1740      392E6379 
 1740      64736E00 
 1741              	.LASF52:
 1742 0211 7538675F 		.ascii	"u8g_box_t\000"
 1742      626F785F 
 1742      7400
 1743              	.LASF36:
ARM GAS  C:\Users\KJA\AppData\Local\Temp\ccfd97c4.s 			page 36


 1744 021b 6C696E65 		.ascii	"line_spacing\000"
 1744      5F737061 
 1744      63696E67 
 1744      00
 1745              	.LASF75:
 1746 0228 7538675F 		.ascii	"u8g_pb8v2_SetPixel\000"
 1746      70623876 
 1746      325F5365 
 1746      74506978 
 1746      656C00
 1747              	.LASF32:
 1748 023b 666F6E74 		.ascii	"font_height_mode\000"
 1748      5F686569 
 1748      6768745F 
 1748      6D6F6465 
 1748      00
 1749              	.LASF30:
 1750 024c 676C7970 		.ascii	"glyph_height\000"
 1750      685F6865 
 1750      69676874 
 1750      00
 1751              	.LASF69:
 1752 0259 73697A65 		.ascii	"sizetype\000"
 1752      74797065 
 1752      00
 1753              	.LASF41:
 1754 0262 5F753867 		.ascii	"_u8g_t\000"
 1754      5F7400
 1755              	.LASF39:
 1756 0269 63757272 		.ascii	"current_page\000"
 1756      656E745F 
 1756      70616765 
 1756      00
 1757              	.LASF24:
 1758 0276 63757273 		.ascii	"cursor_y\000"
 1758      6F725F79 
 1758      00
 1759              	.LASF78:
 1760 027f 474E5520 		.ascii	"GNU C 4.9.3 20150303 (release) [ARM/embedded-4_9-br"
 1760      4320342E 
 1760      392E3320 
 1760      32303135 
 1760      30333033 
 1761 02b2 616E6368 		.ascii	"anch revision 221220] -mcpu=cortex-m3 -mthumb -g -O"
 1761      20726576 
 1761      6973696F 
 1761      6E203232 
 1761      31323230 
 1762 02e5 30202D66 		.ascii	"0 -ffunction-sections -ffat-lto-objects\000"
 1762      66756E63 
 1762      74696F6E 
 1762      2D736563 
 1762      74696F6E 
 1763              	.LASF13:
 1764 030d 7538675F 		.ascii	"u8g_pgm_uint8_t\000"
 1764      70676D5F 
 1764      75696E74 
ARM GAS  C:\Users\KJA\AppData\Local\Temp\ccfd97c4.s 			page 37


 1764      385F7400 
 1765              	.LASF51:
 1766 031d 626C7565 		.ascii	"blue\000"
 1766      00
 1767              	.LASF64:
 1768 0322 5F753867 		.ascii	"_u8g_pb_t\000"
 1768      5F70625F 
 1768      7400
 1769              	.LASF44:
 1770 032c 6465765F 		.ascii	"dev_mem\000"
 1770      6D656D00 
 1771              	.LASF56:
 1772 0334 7538675F 		.ascii	"u8g_com_fnptr\000"
 1772      636F6D5F 
 1772      666E7074 
 1772      7200
 1773              	.LASF43:
 1774 0342 6465765F 		.ascii	"dev_fn\000"
 1774      666E00
 1775              	.LASF71:
 1776 0349 7538675F 		.ascii	"u8g_pb8v2_Init\000"
 1776      70623876 
 1776      325F496E 
 1776      697400
 1777              	.LASF46:
 1778 0358 7538675F 		.ascii	"u8g_dev_arg_pixel_t\000"
 1778      6465765F 
 1778      6172675F 
 1778      70697865 
 1778      6C5F7400 
 1779              	.LASF77:
 1780 036c 7538675F 		.ascii	"u8g_dev_pb8v2_base_fn\000"
 1780      6465765F 
 1780      70623876 
 1780      325F6261 
 1780      73655F66 
 1781              	.LASF4:
 1782 0382 756E7369 		.ascii	"unsigned char\000"
 1782      676E6564 
 1782      20636861 
 1782      7200
 1783              	.LASF26:
 1784 0390 676C7970 		.ascii	"glyph_dx\000"
 1784      685F6478 
 1784      00
 1785              	.LASF73:
 1786 0399 636F6C6F 		.ascii	"color_index\000"
 1786      725F696E 
 1786      64657800 
 1787              	.LASF5:
 1788 03a5 73686F72 		.ascii	"short int\000"
 1788      7420696E 
 1788      7400
 1789              	.LASF42:
 1790 03af 5F753867 		.ascii	"_u8g_dev_t\000"
 1790      5F646576 
 1790      5F7400
ARM GAS  C:\Users\KJA\AppData\Local\Temp\ccfd97c4.s 			page 38


 1791              	.LASF58:
 1792 03ba 70616765 		.ascii	"page_height\000"
 1792      5F686569 
 1792      67687400 
 1793              	.LASF18:
 1794 03c6 63757273 		.ascii	"cursor_font\000"
 1794      6F725F66 
 1794      6F6E7400 
 1795              	.LASF45:
 1796 03d2 636F6D5F 		.ascii	"com_fn\000"
 1796      666E00
 1797              	.LASF27:
 1798 03d9 676C7970 		.ascii	"glyph_x\000"
 1798      685F7800 
 1799              	.LASF28:
 1800 03e1 676C7970 		.ascii	"glyph_y\000"
 1800      685F7900 
 1801              	.LASF23:
 1802 03e9 63757273 		.ascii	"cursor_x\000"
 1802      6F725F78 
 1802      00
 1803              	.LASF49:
 1804 03f2 636F6C6F 		.ascii	"color\000"
 1804      7200
 1805              	.LASF70:
 1806 03f8 63686172 		.ascii	"char\000"
 1806      00
 1807              	.LASF22:
 1808 03fd 6D6F6465 		.ascii	"mode\000"
 1808      00
 1809              	.LASF59:
 1810 0402 746F7461 		.ascii	"total_height\000"
 1810      6C5F6865 
 1810      69676874 
 1810      00
 1811              	.LASF6:
 1812 040f 73686F72 		.ascii	"short unsigned int\000"
 1812      7420756E 
 1812      7369676E 
 1812      65642069 
 1812      6E7400
 1813              	.LASF29:
 1814 0422 676C7970 		.ascii	"glyph_width\000"
 1814      685F7769 
 1814      64746800 
 1815              	.LASF11:
 1816 042e 696E7438 		.ascii	"int8_t\000"
 1816      5F7400
 1817              	.LASF17:
 1818 0435 666F6E74 		.ascii	"font\000"
 1818      00
 1819              	.LASF55:
 1820 043a 7538675F 		.ascii	"u8g_dev_fnptr\000"
 1820      6465765F 
 1820      666E7074 
 1820      7200
 1821              	.LASF50:
ARM GAS  C:\Users\KJA\AppData\Local\Temp\ccfd97c4.s 			page 39


 1822 0448 68695F63 		.ascii	"hi_color\000"
 1822      6F6C6F72 
 1822      00
 1823              	.LASF12:
 1824 0451 75696E74 		.ascii	"uint8_t\000"
 1824      385F7400 
 1825              	.LASF60:
 1826 0459 70616765 		.ascii	"page_y0\000"
 1826      5F793000 
 1827              	.LASF61:
 1828 0461 70616765 		.ascii	"page_y1\000"
 1828      5F793100 
 1829              	.LASF35:
 1830 0469 666F6E74 		.ascii	"font_line_spacing_factor\000"
 1830      5F6C696E 
 1830      655F7370 
 1830      6163696E 
 1830      675F6661 
 1831              	.LASF16:
 1832 0482 68656967 		.ascii	"height\000"
 1832      687400
 1833              	.LASF53:
 1834 0489 5F753867 		.ascii	"_u8g_box_t\000"
 1834      5F626F78 
 1834      5F7400
 1835              		.ident	"GCC: (GNU Tools for ARM Embedded Processors) 4.9.3 20150303 (release) [ARM/embedded-4_9-br
