ARM GAS  C:\Users\KJA\AppData\Local\Temp\ccT7L1YA.s 			page 1


   1              		.syntax unified
   2              		.cpu cortex-m3
   3              		.fpu softvfp
   4              		.eabi_attribute 20, 1
   5              		.eabi_attribute 21, 1
   6              		.eabi_attribute 23, 3
   7              		.eabi_attribute 24, 1
   8              		.eabi_attribute 25, 1
   9              		.eabi_attribute 26, 1
  10              		.eabi_attribute 30, 6
  11              		.eabi_attribute 34, 1
  12              		.eabi_attribute 18, 4
  13              		.thumb
  14              		.file	"u8g_pb8h1f.c"
  15              		.text
  16              	.Ltext0:
  17              		.cfi_sections	.debug_frame
  18              		.section	.text.u8g_pb8h1f_Init,"ax",%progbits
  19              		.align	2
  20              		.global	u8g_pb8h1f_Init
  21              		.thumb
  22              		.thumb_func
  23              		.type	u8g_pb8h1f_Init, %function
  24              	u8g_pb8h1f_Init:
  25              	.LFB0:
  26              		.file 1 "u8glib_arm_v1.18.1\\src\\u8g_pb8h1f.c"
   1:u8glib_arm_v1.18.1\src/u8g_pb8h1f.c **** /*
   2:u8glib_arm_v1.18.1\src/u8g_pb8h1f.c **** 
   3:u8glib_arm_v1.18.1\src/u8g_pb8h1f.c ****   u8g_pb8h1f.c
   4:u8glib_arm_v1.18.1\src/u8g_pb8h1f.c ****   
   5:u8glib_arm_v1.18.1\src/u8g_pb8h1f.c ****   8bit height monochrom (1 bit) page buffer
   6:u8glib_arm_v1.18.1\src/u8g_pb8h1f.c ****   byte has horizontal orientation, same as u8g_pb8h1, but byte is flipped 
   7:u8glib_arm_v1.18.1\src/u8g_pb8h1f.c **** 
   8:u8glib_arm_v1.18.1\src/u8g_pb8h1f.c ****   Universal 8bit Graphics Library
   9:u8glib_arm_v1.18.1\src/u8g_pb8h1f.c ****   
  10:u8glib_arm_v1.18.1\src/u8g_pb8h1f.c ****   Copyright (c) 2011, olikraus@gmail.com
  11:u8glib_arm_v1.18.1\src/u8g_pb8h1f.c ****   All rights reserved.
  12:u8glib_arm_v1.18.1\src/u8g_pb8h1f.c **** 
  13:u8glib_arm_v1.18.1\src/u8g_pb8h1f.c ****   Redistribution and use in source and binary forms, with or without modification, 
  14:u8glib_arm_v1.18.1\src/u8g_pb8h1f.c ****   are permitted provided that the following conditions are met:
  15:u8glib_arm_v1.18.1\src/u8g_pb8h1f.c **** 
  16:u8glib_arm_v1.18.1\src/u8g_pb8h1f.c ****   * Redistributions of source code must retain the above copyright notice, this list 
  17:u8glib_arm_v1.18.1\src/u8g_pb8h1f.c ****     of conditions and the following disclaimer.
  18:u8glib_arm_v1.18.1\src/u8g_pb8h1f.c ****     
  19:u8glib_arm_v1.18.1\src/u8g_pb8h1f.c ****   * Redistributions in binary form must reproduce the above copyright notice, this 
  20:u8glib_arm_v1.18.1\src/u8g_pb8h1f.c ****     list of conditions and the following disclaimer in the documentation and/or other 
  21:u8glib_arm_v1.18.1\src/u8g_pb8h1f.c ****     materials provided with the distribution.
  22:u8glib_arm_v1.18.1\src/u8g_pb8h1f.c **** 
  23:u8glib_arm_v1.18.1\src/u8g_pb8h1f.c ****   THIS SOFTWARE IS PROVIDED BY THE COPYRIGHT HOLDERS AND 
  24:u8glib_arm_v1.18.1\src/u8g_pb8h1f.c ****   CONTRIBUTORS "AS IS" AND ANY EXPRESS OR IMPLIED WARRANTIES, 
  25:u8glib_arm_v1.18.1\src/u8g_pb8h1f.c ****   INCLUDING, BUT NOT LIMITED TO, THE IMPLIED WARRANTIES OF 
  26:u8glib_arm_v1.18.1\src/u8g_pb8h1f.c ****   MERCHANTABILITY AND FITNESS FOR A PARTICULAR PURPOSE ARE 
  27:u8glib_arm_v1.18.1\src/u8g_pb8h1f.c ****   DISCLAIMED. IN NO EVENT SHALL THE COPYRIGHT HOLDER OR 
  28:u8glib_arm_v1.18.1\src/u8g_pb8h1f.c ****   CONTRIBUTORS BE LIABLE FOR ANY DIRECT, INDIRECT, INCIDENTAL, 
  29:u8glib_arm_v1.18.1\src/u8g_pb8h1f.c ****   SPECIAL, EXEMPLARY, OR CONSEQUENTIAL DAMAGES (INCLUDING, BUT 
  30:u8glib_arm_v1.18.1\src/u8g_pb8h1f.c ****   NOT LIMITED TO, PROCUREMENT OF SUBSTITUTE GOODS OR SERVICES; 
  31:u8glib_arm_v1.18.1\src/u8g_pb8h1f.c ****   LOSS OF USE, DATA, OR PROFITS; OR BUSINESS INTERRUPTION) HOWEVER 
ARM GAS  C:\Users\KJA\AppData\Local\Temp\ccT7L1YA.s 			page 2


  32:u8glib_arm_v1.18.1\src/u8g_pb8h1f.c ****   CAUSED AND ON ANY THEORY OF LIABILITY, WHETHER IN CONTRACT, 
  33:u8glib_arm_v1.18.1\src/u8g_pb8h1f.c ****   STRICT LIABILITY, OR TORT (INCLUDING NEGLIGENCE OR OTHERWISE) 
  34:u8glib_arm_v1.18.1\src/u8g_pb8h1f.c ****   ARISING IN ANY WAY OUT OF THE USE OF THIS SOFTWARE, EVEN IF 
  35:u8glib_arm_v1.18.1\src/u8g_pb8h1f.c ****   ADVISED OF THE POSSIBILITY OF SUCH DAMAGE.  
  36:u8glib_arm_v1.18.1\src/u8g_pb8h1f.c **** 
  37:u8glib_arm_v1.18.1\src/u8g_pb8h1f.c **** 
  38:u8glib_arm_v1.18.1\src/u8g_pb8h1f.c ****   total buffer size is limited to 256 bytes because of the calculation inside the set pixel procedu
  39:u8glib_arm_v1.18.1\src/u8g_pb8h1f.c **** 
  40:u8glib_arm_v1.18.1\src/u8g_pb8h1f.c **** 
  41:u8glib_arm_v1.18.1\src/u8g_pb8h1f.c **** */
  42:u8glib_arm_v1.18.1\src/u8g_pb8h1f.c **** 
  43:u8glib_arm_v1.18.1\src/u8g_pb8h1f.c **** #include "u8g.h"
  44:u8glib_arm_v1.18.1\src/u8g_pb8h1f.c **** #include <string.h>
  45:u8glib_arm_v1.18.1\src/u8g_pb8h1f.c **** 
  46:u8glib_arm_v1.18.1\src/u8g_pb8h1f.c **** 
  47:u8glib_arm_v1.18.1\src/u8g_pb8h1f.c **** void u8g_pb8h1f_Init(u8g_pb_t *b, void *buf, u8g_uint_t width) U8G_NOINLINE;
  48:u8glib_arm_v1.18.1\src/u8g_pb8h1f.c **** void u8g_pb8h1f_set_pixel(u8g_pb_t *b, u8g_uint_t x, u8g_uint_t y, uint8_t color_index) U8G_NOINLIN
  49:u8glib_arm_v1.18.1\src/u8g_pb8h1f.c **** void u8g_pb8h1f_SetPixel(u8g_pb_t *b, const u8g_dev_arg_pixel_t * const arg_pixel) U8G_NOINLINE ;
  50:u8glib_arm_v1.18.1\src/u8g_pb8h1f.c **** void u8g_pb8h1f_Set8PixelStd(u8g_pb_t *b, u8g_dev_arg_pixel_t *arg_pixel) U8G_NOINLINE;
  51:u8glib_arm_v1.18.1\src/u8g_pb8h1f.c **** uint8_t u8g_dev_pb8h1f_base_fn(u8g_t *u8g, u8g_dev_t *dev, uint8_t msg, void *arg);
  52:u8glib_arm_v1.18.1\src/u8g_pb8h1f.c **** 
  53:u8glib_arm_v1.18.1\src/u8g_pb8h1f.c **** 
  54:u8glib_arm_v1.18.1\src/u8g_pb8h1f.c **** void u8g_pb8h1f_Init(u8g_pb_t *b, void *buf, u8g_uint_t width)
  55:u8glib_arm_v1.18.1\src/u8g_pb8h1f.c **** {
  27              		.loc 1 55 0
  28              		.cfi_startproc
  29              		@ args = 0, pretend = 0, frame = 16
  30              		@ frame_needed = 1, uses_anonymous_args = 0
  31 0000 80B5     		push	{r7, lr}
  32              		.cfi_def_cfa_offset 8
  33              		.cfi_offset 7, -8
  34              		.cfi_offset 14, -4
  35 0002 84B0     		sub	sp, sp, #16
  36              		.cfi_def_cfa_offset 24
  37 0004 00AF     		add	r7, sp, #0
  38              		.cfi_def_cfa_register 7
  39 0006 F860     		str	r0, [r7, #12]
  40 0008 B960     		str	r1, [r7, #8]
  41 000a 1346     		mov	r3, r2
  42 000c FB71     		strb	r3, [r7, #7]
  56:u8glib_arm_v1.18.1\src/u8g_pb8h1f.c ****   b->buf = buf;
  43              		.loc 1 56 0
  44 000e FB68     		ldr	r3, [r7, #12]
  45 0010 BA68     		ldr	r2, [r7, #8]
  46 0012 9A60     		str	r2, [r3, #8]
  57:u8glib_arm_v1.18.1\src/u8g_pb8h1f.c ****   b->width = width;
  47              		.loc 1 57 0
  48 0014 FB68     		ldr	r3, [r7, #12]
  49 0016 FA79     		ldrb	r2, [r7, #7]
  50 0018 5A71     		strb	r2, [r3, #5]
  58:u8glib_arm_v1.18.1\src/u8g_pb8h1f.c ****   u8g_pb_Clear(b);
  51              		.loc 1 58 0
  52 001a F868     		ldr	r0, [r7, #12]
  53 001c FFF7FEFF 		bl	u8g_pb_Clear
  59:u8glib_arm_v1.18.1\src/u8g_pb8h1f.c **** }
  54              		.loc 1 59 0
  55 0020 1037     		adds	r7, r7, #16
ARM GAS  C:\Users\KJA\AppData\Local\Temp\ccT7L1YA.s 			page 3


  56              		.cfi_def_cfa_offset 8
  57 0022 BD46     		mov	sp, r7
  58              		.cfi_def_cfa_register 13
  59              		@ sp needed
  60 0024 80BD     		pop	{r7, pc}
  61              		.cfi_endproc
  62              	.LFE0:
  63              		.size	u8g_pb8h1f_Init, .-u8g_pb8h1f_Init
  64              		.section	.text.u8g_pb8h1f_set_pixel,"ax",%progbits
  65              		.align	2
  66              		.global	u8g_pb8h1f_set_pixel
  67              		.thumb
  68              		.thumb_func
  69              		.type	u8g_pb8h1f_set_pixel, %function
  70              	u8g_pb8h1f_set_pixel:
  71              	.LFB1:
  60:u8glib_arm_v1.18.1\src/u8g_pb8h1f.c **** 
  61:u8glib_arm_v1.18.1\src/u8g_pb8h1f.c **** /* limitation: total buffer must not exceed 256 bytes, 20 nov 2012: extended to >256 bytes */
  62:u8glib_arm_v1.18.1\src/u8g_pb8h1f.c **** void u8g_pb8h1f_set_pixel(u8g_pb_t *b, u8g_uint_t x, u8g_uint_t y, uint8_t color_index)
  63:u8glib_arm_v1.18.1\src/u8g_pb8h1f.c **** {
  72              		.loc 1 63 0
  73              		.cfi_startproc
  74              		@ args = 0, pretend = 0, frame = 16
  75              		@ frame_needed = 1, uses_anonymous_args = 0
  76              		@ link register save eliminated.
  77 0000 90B4     		push	{r4, r7}
  78              		.cfi_def_cfa_offset 8
  79              		.cfi_offset 4, -8
  80              		.cfi_offset 7, -4
  81 0002 84B0     		sub	sp, sp, #16
  82              		.cfi_def_cfa_offset 24
  83 0004 00AF     		add	r7, sp, #0
  84              		.cfi_def_cfa_register 7
  85 0006 7860     		str	r0, [r7, #4]
  86 0008 0846     		mov	r0, r1
  87 000a 1146     		mov	r1, r2
  88 000c 1A46     		mov	r2, r3
  89 000e 0346     		mov	r3, r0
  90 0010 FB70     		strb	r3, [r7, #3]
  91 0012 0B46     		mov	r3, r1
  92 0014 BB70     		strb	r3, [r7, #2]
  93 0016 1346     		mov	r3, r2
  94 0018 7B70     		strb	r3, [r7, #1]
  64:u8glib_arm_v1.18.1\src/u8g_pb8h1f.c ****   /*register uint8_t mask, tmp;*/
  65:u8glib_arm_v1.18.1\src/u8g_pb8h1f.c ****   register uint8_t mask; 
  66:u8glib_arm_v1.18.1\src/u8g_pb8h1f.c ****   register u8g_uint_t tmp;
  67:u8glib_arm_v1.18.1\src/u8g_pb8h1f.c ****   uint8_t *ptr = b->buf;
  95              		.loc 1 67 0
  96 001a 7B68     		ldr	r3, [r7, #4]
  97 001c 9B68     		ldr	r3, [r3, #8]
  98 001e FB60     		str	r3, [r7, #12]
  68:u8glib_arm_v1.18.1\src/u8g_pb8h1f.c ****   
  69:u8glib_arm_v1.18.1\src/u8g_pb8h1f.c ****   y -= b->p.page_y0;
  99              		.loc 1 69 0
 100 0020 7B68     		ldr	r3, [r7, #4]
 101 0022 9B78     		ldrb	r3, [r3, #2]	@ zero_extendqisi2
 102 0024 BA78     		ldrb	r2, [r7, #2]
ARM GAS  C:\Users\KJA\AppData\Local\Temp\ccT7L1YA.s 			page 4


 103 0026 D31A     		subs	r3, r2, r3
 104 0028 BB70     		strb	r3, [r7, #2]
  70:u8glib_arm_v1.18.1\src/u8g_pb8h1f.c ****   tmp = b->width >> 3;
 105              		.loc 1 70 0
 106 002a 7B68     		ldr	r3, [r7, #4]
 107 002c 5B79     		ldrb	r3, [r3, #5]	@ zero_extendqisi2
 108 002e DB08     		lsrs	r3, r3, #3
 109 0030 DCB2     		uxtb	r4, r3
  71:u8glib_arm_v1.18.1\src/u8g_pb8h1f.c ****   tmp *= (uint8_t)y;
 110              		.loc 1 71 0
 111 0032 BB78     		ldrb	r3, [r7, #2]
 112 0034 03FB04F3 		mul	r3, r3, r4
 113 0038 DCB2     		uxtb	r4, r3
  72:u8glib_arm_v1.18.1\src/u8g_pb8h1f.c ****   ptr += tmp;
 114              		.loc 1 72 0
 115 003a 2246     		mov	r2, r4
 116 003c FB68     		ldr	r3, [r7, #12]
 117 003e 1344     		add	r3, r3, r2
 118 0040 FB60     		str	r3, [r7, #12]
  73:u8glib_arm_v1.18.1\src/u8g_pb8h1f.c ****   
  74:u8glib_arm_v1.18.1\src/u8g_pb8h1f.c ****   mask = 1;
 119              		.loc 1 74 0
 120 0042 0124     		movs	r4, #1
  75:u8glib_arm_v1.18.1\src/u8g_pb8h1f.c ****   mask <<= x & 7;
 121              		.loc 1 75 0
 122 0044 2246     		mov	r2, r4
 123 0046 FB78     		ldrb	r3, [r7, #3]	@ zero_extendqisi2
 124 0048 03F00703 		and	r3, r3, #7
 125 004c 02FA03F3 		lsl	r3, r2, r3
 126 0050 DCB2     		uxtb	r4, r3
  76:u8glib_arm_v1.18.1\src/u8g_pb8h1f.c ****   x >>= 3;
 127              		.loc 1 76 0
 128 0052 FB78     		ldrb	r3, [r7, #3]	@ zero_extendqisi2
 129 0054 DB08     		lsrs	r3, r3, #3
 130 0056 FB70     		strb	r3, [r7, #3]
  77:u8glib_arm_v1.18.1\src/u8g_pb8h1f.c ****   ptr += x;
 131              		.loc 1 77 0
 132 0058 FB78     		ldrb	r3, [r7, #3]	@ zero_extendqisi2
 133 005a FA68     		ldr	r2, [r7, #12]
 134 005c 1344     		add	r3, r3, r2
 135 005e FB60     		str	r3, [r7, #12]
  78:u8glib_arm_v1.18.1\src/u8g_pb8h1f.c ****   if ( color_index )
 136              		.loc 1 78 0
 137 0060 7B78     		ldrb	r3, [r7, #1]	@ zero_extendqisi2
 138 0062 002B     		cmp	r3, #0
 139 0064 06D0     		beq	.L3
  79:u8glib_arm_v1.18.1\src/u8g_pb8h1f.c ****   {
  80:u8glib_arm_v1.18.1\src/u8g_pb8h1f.c ****     *ptr |= mask;
 140              		.loc 1 80 0
 141 0066 FB68     		ldr	r3, [r7, #12]
 142 0068 1B78     		ldrb	r3, [r3]	@ zero_extendqisi2
 143 006a 2343     		orrs	r3, r3, r4
 144 006c DAB2     		uxtb	r2, r3
 145 006e FB68     		ldr	r3, [r7, #12]
 146 0070 1A70     		strb	r2, [r3]
 147 0072 07E0     		b	.L2
 148              	.L3:
ARM GAS  C:\Users\KJA\AppData\Local\Temp\ccT7L1YA.s 			page 5


  81:u8glib_arm_v1.18.1\src/u8g_pb8h1f.c ****   }
  82:u8glib_arm_v1.18.1\src/u8g_pb8h1f.c ****   else
  83:u8glib_arm_v1.18.1\src/u8g_pb8h1f.c ****   {
  84:u8glib_arm_v1.18.1\src/u8g_pb8h1f.c ****     mask ^=0xff;
 149              		.loc 1 84 0
 150 0074 E343     		mvns	r3, r4
 151 0076 DCB2     		uxtb	r4, r3
  85:u8glib_arm_v1.18.1\src/u8g_pb8h1f.c ****     *ptr &= mask;
 152              		.loc 1 85 0
 153 0078 FB68     		ldr	r3, [r7, #12]
 154 007a 1B78     		ldrb	r3, [r3]	@ zero_extendqisi2
 155 007c 2340     		ands	r3, r3, r4
 156 007e DAB2     		uxtb	r2, r3
 157 0080 FB68     		ldr	r3, [r7, #12]
 158 0082 1A70     		strb	r2, [r3]
 159              	.L2:
  86:u8glib_arm_v1.18.1\src/u8g_pb8h1f.c ****   }
  87:u8glib_arm_v1.18.1\src/u8g_pb8h1f.c **** }
 160              		.loc 1 87 0
 161 0084 1037     		adds	r7, r7, #16
 162              		.cfi_def_cfa_offset 8
 163 0086 BD46     		mov	sp, r7
 164              		.cfi_def_cfa_register 13
 165              		@ sp needed
 166 0088 90BC     		pop	{r4, r7}
 167              		.cfi_restore 7
 168              		.cfi_restore 4
 169              		.cfi_def_cfa_offset 0
 170 008a 7047     		bx	lr
 171              		.cfi_endproc
 172              	.LFE1:
 173              		.size	u8g_pb8h1f_set_pixel, .-u8g_pb8h1f_set_pixel
 174              		.section	.text.u8g_pb8h1f_SetPixel,"ax",%progbits
 175              		.align	2
 176              		.global	u8g_pb8h1f_SetPixel
 177              		.thumb
 178              		.thumb_func
 179              		.type	u8g_pb8h1f_SetPixel, %function
 180              	u8g_pb8h1f_SetPixel:
 181              	.LFB2:
  88:u8glib_arm_v1.18.1\src/u8g_pb8h1f.c **** 
  89:u8glib_arm_v1.18.1\src/u8g_pb8h1f.c **** 
  90:u8glib_arm_v1.18.1\src/u8g_pb8h1f.c **** void u8g_pb8h1f_SetPixel(u8g_pb_t *b, const u8g_dev_arg_pixel_t * const arg_pixel)
  91:u8glib_arm_v1.18.1\src/u8g_pb8h1f.c **** {
 182              		.loc 1 91 0
 183              		.cfi_startproc
 184              		@ args = 0, pretend = 0, frame = 8
 185              		@ frame_needed = 1, uses_anonymous_args = 0
 186 0000 80B5     		push	{r7, lr}
 187              		.cfi_def_cfa_offset 8
 188              		.cfi_offset 7, -8
 189              		.cfi_offset 14, -4
 190 0002 82B0     		sub	sp, sp, #8
 191              		.cfi_def_cfa_offset 16
 192 0004 00AF     		add	r7, sp, #0
 193              		.cfi_def_cfa_register 7
 194 0006 7860     		str	r0, [r7, #4]
ARM GAS  C:\Users\KJA\AppData\Local\Temp\ccT7L1YA.s 			page 6


 195 0008 3960     		str	r1, [r7]
  92:u8glib_arm_v1.18.1\src/u8g_pb8h1f.c ****   if ( arg_pixel->y < b->p.page_y0 )
 196              		.loc 1 92 0
 197 000a 3B68     		ldr	r3, [r7]
 198 000c 5A78     		ldrb	r2, [r3, #1]	@ zero_extendqisi2
 199 000e 7B68     		ldr	r3, [r7, #4]
 200 0010 9B78     		ldrb	r3, [r3, #2]	@ zero_extendqisi2
 201 0012 9A42     		cmp	r2, r3
 202 0014 00D2     		bcs	.L6
  93:u8glib_arm_v1.18.1\src/u8g_pb8h1f.c ****     return;
 203              		.loc 1 93 0
 204 0016 16E0     		b	.L5
 205              	.L6:
  94:u8glib_arm_v1.18.1\src/u8g_pb8h1f.c ****   if ( arg_pixel->y > b->p.page_y1 )
 206              		.loc 1 94 0
 207 0018 3B68     		ldr	r3, [r7]
 208 001a 5A78     		ldrb	r2, [r3, #1]	@ zero_extendqisi2
 209 001c 7B68     		ldr	r3, [r7, #4]
 210 001e DB78     		ldrb	r3, [r3, #3]	@ zero_extendqisi2
 211 0020 9A42     		cmp	r2, r3
 212 0022 00D9     		bls	.L8
  95:u8glib_arm_v1.18.1\src/u8g_pb8h1f.c ****     return;
 213              		.loc 1 95 0 discriminator 2
 214 0024 0FE0     		b	.L5
 215              	.L8:
  96:u8glib_arm_v1.18.1\src/u8g_pb8h1f.c ****   if ( arg_pixel->x >= b->width )
 216              		.loc 1 96 0
 217 0026 3B68     		ldr	r3, [r7]
 218 0028 1A78     		ldrb	r2, [r3]	@ zero_extendqisi2
 219 002a 7B68     		ldr	r3, [r7, #4]
 220 002c 5B79     		ldrb	r3, [r3, #5]	@ zero_extendqisi2
 221 002e 9A42     		cmp	r2, r3
 222 0030 00D3     		bcc	.L9
  97:u8glib_arm_v1.18.1\src/u8g_pb8h1f.c ****     return;
 223              		.loc 1 97 0 discriminator 3
 224 0032 08E0     		b	.L5
 225              	.L9:
  98:u8glib_arm_v1.18.1\src/u8g_pb8h1f.c ****   u8g_pb8h1f_set_pixel(b, arg_pixel->x, arg_pixel->y, arg_pixel->color);
 226              		.loc 1 98 0
 227 0034 3B68     		ldr	r3, [r7]
 228 0036 1978     		ldrb	r1, [r3]	@ zero_extendqisi2
 229 0038 3B68     		ldr	r3, [r7]
 230 003a 5A78     		ldrb	r2, [r3, #1]	@ zero_extendqisi2
 231 003c 3B68     		ldr	r3, [r7]
 232 003e 1B79     		ldrb	r3, [r3, #4]	@ zero_extendqisi2
 233 0040 7868     		ldr	r0, [r7, #4]
 234 0042 FFF7FEFF 		bl	u8g_pb8h1f_set_pixel
 235              	.L5:
  99:u8glib_arm_v1.18.1\src/u8g_pb8h1f.c **** }
 236              		.loc 1 99 0
 237 0046 0837     		adds	r7, r7, #8
 238              		.cfi_def_cfa_offset 8
 239 0048 BD46     		mov	sp, r7
 240              		.cfi_def_cfa_register 13
 241              		@ sp needed
 242 004a 80BD     		pop	{r7, pc}
 243              		.cfi_endproc
ARM GAS  C:\Users\KJA\AppData\Local\Temp\ccT7L1YA.s 			page 7


 244              	.LFE2:
 245              		.size	u8g_pb8h1f_SetPixel, .-u8g_pb8h1f_SetPixel
 246              		.section	.text.u8g_pb8h1f_Set8PixelStd,"ax",%progbits
 247              		.align	2
 248              		.global	u8g_pb8h1f_Set8PixelStd
 249              		.thumb
 250              		.thumb_func
 251              		.type	u8g_pb8h1f_Set8PixelStd, %function
 252              	u8g_pb8h1f_Set8PixelStd:
 253              	.LFB3:
 100:u8glib_arm_v1.18.1\src/u8g_pb8h1f.c **** 
 101:u8glib_arm_v1.18.1\src/u8g_pb8h1f.c **** void u8g_pb8h1f_Set8PixelStd(u8g_pb_t *b, u8g_dev_arg_pixel_t *arg_pixel)
 102:u8glib_arm_v1.18.1\src/u8g_pb8h1f.c **** {
 254              		.loc 1 102 0
 255              		.cfi_startproc
 256              		@ args = 0, pretend = 0, frame = 8
 257              		@ frame_needed = 1, uses_anonymous_args = 0
 258 0000 90B5     		push	{r4, r7, lr}
 259              		.cfi_def_cfa_offset 12
 260              		.cfi_offset 4, -12
 261              		.cfi_offset 7, -8
 262              		.cfi_offset 14, -4
 263 0002 83B0     		sub	sp, sp, #12
 264              		.cfi_def_cfa_offset 24
 265 0004 00AF     		add	r7, sp, #0
 266              		.cfi_def_cfa_register 7
 267 0006 7860     		str	r0, [r7, #4]
 268 0008 3960     		str	r1, [r7]
 103:u8glib_arm_v1.18.1\src/u8g_pb8h1f.c ****   register uint8_t pixel = arg_pixel->pixel;
 269              		.loc 1 103 0
 270 000a 3B68     		ldr	r3, [r7]
 271 000c 9C78     		ldrb	r4, [r3, #2]	@ zero_extendqisi2
 272              	.L18:
 104:u8glib_arm_v1.18.1\src/u8g_pb8h1f.c ****   do
 105:u8glib_arm_v1.18.1\src/u8g_pb8h1f.c ****   {
 106:u8glib_arm_v1.18.1\src/u8g_pb8h1f.c ****     if ( pixel & 128 )
 273              		.loc 1 106 0
 274 000e E3B2     		uxtb	r3, r4
 275 0010 5BB2     		sxtb	r3, r3
 276 0012 002B     		cmp	r3, #0
 277 0014 03DA     		bge	.L11
 107:u8glib_arm_v1.18.1\src/u8g_pb8h1f.c ****     {
 108:u8glib_arm_v1.18.1\src/u8g_pb8h1f.c ****       u8g_pb8h1f_SetPixel(b, arg_pixel);
 278              		.loc 1 108 0
 279 0016 7868     		ldr	r0, [r7, #4]
 280 0018 3968     		ldr	r1, [r7]
 281 001a FFF7FEFF 		bl	u8g_pb8h1f_SetPixel
 282              	.L11:
 109:u8glib_arm_v1.18.1\src/u8g_pb8h1f.c ****     }
 110:u8glib_arm_v1.18.1\src/u8g_pb8h1f.c ****     switch( arg_pixel->dir )
 283              		.loc 1 110 0
 284 001e 3B68     		ldr	r3, [r7]
 285 0020 DB78     		ldrb	r3, [r3, #3]	@ zero_extendqisi2
 286 0022 032B     		cmp	r3, #3
 287 0024 26D8     		bhi	.L12
 288 0026 01A2     		adr	r2, .L14
 289 0028 52F823F0 		ldr	pc, [r2, r3, lsl #2]
ARM GAS  C:\Users\KJA\AppData\Local\Temp\ccT7L1YA.s 			page 8


 290              		.p2align 2
 291              	.L14:
 292 002c 3D000000 		.word	.L13+1
 293 0030 4B000000 		.word	.L15+1
 294 0034 59000000 		.word	.L16+1
 295 0038 67000000 		.word	.L17+1
 296              		.p2align 1
 297              	.L13:
 111:u8glib_arm_v1.18.1\src/u8g_pb8h1f.c ****     {
 112:u8glib_arm_v1.18.1\src/u8g_pb8h1f.c ****       case 0: arg_pixel->x++; break;
 298              		.loc 1 112 0
 299 003c 3B68     		ldr	r3, [r7]
 300 003e 1B78     		ldrb	r3, [r3]	@ zero_extendqisi2
 301 0040 0133     		adds	r3, r3, #1
 302 0042 DAB2     		uxtb	r2, r3
 303 0044 3B68     		ldr	r3, [r7]
 304 0046 1A70     		strb	r2, [r3]
 305 0048 14E0     		b	.L12
 306              	.L15:
 113:u8glib_arm_v1.18.1\src/u8g_pb8h1f.c ****       case 1: arg_pixel->y++; break;
 307              		.loc 1 113 0
 308 004a 3B68     		ldr	r3, [r7]
 309 004c 5B78     		ldrb	r3, [r3, #1]	@ zero_extendqisi2
 310 004e 0133     		adds	r3, r3, #1
 311 0050 DAB2     		uxtb	r2, r3
 312 0052 3B68     		ldr	r3, [r7]
 313 0054 5A70     		strb	r2, [r3, #1]
 314 0056 0DE0     		b	.L12
 315              	.L16:
 114:u8glib_arm_v1.18.1\src/u8g_pb8h1f.c ****       case 2: arg_pixel->x--; break;
 316              		.loc 1 114 0
 317 0058 3B68     		ldr	r3, [r7]
 318 005a 1B78     		ldrb	r3, [r3]	@ zero_extendqisi2
 319 005c 013B     		subs	r3, r3, #1
 320 005e DAB2     		uxtb	r2, r3
 321 0060 3B68     		ldr	r3, [r7]
 322 0062 1A70     		strb	r2, [r3]
 323 0064 06E0     		b	.L12
 324              	.L17:
 115:u8glib_arm_v1.18.1\src/u8g_pb8h1f.c ****       case 3: arg_pixel->y--; break;
 325              		.loc 1 115 0
 326 0066 3B68     		ldr	r3, [r7]
 327 0068 5B78     		ldrb	r3, [r3, #1]	@ zero_extendqisi2
 328 006a 013B     		subs	r3, r3, #1
 329 006c DAB2     		uxtb	r2, r3
 330 006e 3B68     		ldr	r3, [r7]
 331 0070 5A70     		strb	r2, [r3, #1]
 332 0072 00BF     		nop
 333              	.L12:
 116:u8glib_arm_v1.18.1\src/u8g_pb8h1f.c ****     }
 117:u8glib_arm_v1.18.1\src/u8g_pb8h1f.c ****     pixel <<= 1;
 334              		.loc 1 117 0
 335 0074 6300     		lsls	r3, r4, #1
 336 0076 DCB2     		uxtb	r4, r3
 118:u8glib_arm_v1.18.1\src/u8g_pb8h1f.c ****   } while( pixel != 0  );
 337              		.loc 1 118 0
 338 0078 002C     		cmp	r4, #0
ARM GAS  C:\Users\KJA\AppData\Local\Temp\ccT7L1YA.s 			page 9


 339 007a C8D1     		bne	.L18
 119:u8glib_arm_v1.18.1\src/u8g_pb8h1f.c **** }
 340              		.loc 1 119 0
 341 007c 0C37     		adds	r7, r7, #12
 342              		.cfi_def_cfa_offset 12
 343 007e BD46     		mov	sp, r7
 344              		.cfi_def_cfa_register 13
 345              		@ sp needed
 346 0080 90BD     		pop	{r4, r7, pc}
 347              		.cfi_endproc
 348              	.LFE3:
 349              		.size	u8g_pb8h1f_Set8PixelStd, .-u8g_pb8h1f_Set8PixelStd
 350 0082 00BF     		.section	.text.u8g_pb8h1f_Set8PixelOpt2,"ax",%progbits
 351              		.align	2
 352              		.global	u8g_pb8h1f_Set8PixelOpt2
 353              		.thumb
 354              		.thumb_func
 355              		.type	u8g_pb8h1f_Set8PixelOpt2, %function
 356              	u8g_pb8h1f_Set8PixelOpt2:
 357              	.LFB4:
 120:u8glib_arm_v1.18.1\src/u8g_pb8h1f.c **** 
 121:u8glib_arm_v1.18.1\src/u8g_pb8h1f.c **** void u8g_pb8h1f_Set8PixelOpt2(u8g_pb_t *b, u8g_dev_arg_pixel_t *arg_pixel)
 122:u8glib_arm_v1.18.1\src/u8g_pb8h1f.c **** {
 358              		.loc 1 122 0
 359              		.cfi_startproc
 360              		@ args = 0, pretend = 0, frame = 16
 361              		@ frame_needed = 1, uses_anonymous_args = 0
 362 0000 90B5     		push	{r4, r7, lr}
 363              		.cfi_def_cfa_offset 12
 364              		.cfi_offset 4, -12
 365              		.cfi_offset 7, -8
 366              		.cfi_offset 14, -4
 367 0002 85B0     		sub	sp, sp, #20
 368              		.cfi_def_cfa_offset 32
 369 0004 00AF     		add	r7, sp, #0
 370              		.cfi_def_cfa_register 7
 371 0006 7860     		str	r0, [r7, #4]
 372 0008 3960     		str	r1, [r7]
 123:u8glib_arm_v1.18.1\src/u8g_pb8h1f.c ****   register uint8_t pixel = arg_pixel->pixel;
 373              		.loc 1 123 0
 374 000a 3B68     		ldr	r3, [r7]
 375 000c 9C78     		ldrb	r4, [r3, #2]	@ zero_extendqisi2
 124:u8glib_arm_v1.18.1\src/u8g_pb8h1f.c ****   u8g_uint_t dx = 0;
 376              		.loc 1 124 0
 377 000e 0023     		movs	r3, #0
 378 0010 FB73     		strb	r3, [r7, #15]
 125:u8glib_arm_v1.18.1\src/u8g_pb8h1f.c ****   u8g_uint_t dy = 0;
 379              		.loc 1 125 0
 380 0012 0023     		movs	r3, #0
 381 0014 BB73     		strb	r3, [r7, #14]
 126:u8glib_arm_v1.18.1\src/u8g_pb8h1f.c ****   
 127:u8glib_arm_v1.18.1\src/u8g_pb8h1f.c ****   switch( arg_pixel->dir )
 382              		.loc 1 127 0
 383 0016 3B68     		ldr	r3, [r7]
 384 0018 DB78     		ldrb	r3, [r3, #3]	@ zero_extendqisi2
 385 001a 032B     		cmp	r3, #3
 386 001c 1AD8     		bhi	.L20
ARM GAS  C:\Users\KJA\AppData\Local\Temp\ccT7L1YA.s 			page 10


 387 001e 01A2     		adr	r2, .L22
 388 0020 52F823F0 		ldr	pc, [r2, r3, lsl #2]
 389              		.p2align 2
 390              	.L22:
 391 0024 35000000 		.word	.L21+1
 392 0028 3D000000 		.word	.L23+1
 393 002c 45000000 		.word	.L24+1
 394 0030 4D000000 		.word	.L25+1
 395              		.p2align 1
 396              	.L21:
 128:u8glib_arm_v1.18.1\src/u8g_pb8h1f.c ****   {
 129:u8glib_arm_v1.18.1\src/u8g_pb8h1f.c ****     case 0: dx++; break;
 397              		.loc 1 129 0
 398 0034 FB7B     		ldrb	r3, [r7, #15]	@ zero_extendqisi2
 399 0036 0133     		adds	r3, r3, #1
 400 0038 FB73     		strb	r3, [r7, #15]
 401 003a 0BE0     		b	.L20
 402              	.L23:
 130:u8glib_arm_v1.18.1\src/u8g_pb8h1f.c ****     case 1: dy++; break;
 403              		.loc 1 130 0
 404 003c BB7B     		ldrb	r3, [r7, #14]	@ zero_extendqisi2
 405 003e 0133     		adds	r3, r3, #1
 406 0040 BB73     		strb	r3, [r7, #14]
 407 0042 07E0     		b	.L20
 408              	.L24:
 131:u8glib_arm_v1.18.1\src/u8g_pb8h1f.c ****     case 2: dx--; break;
 409              		.loc 1 131 0
 410 0044 FB7B     		ldrb	r3, [r7, #15]	@ zero_extendqisi2
 411 0046 013B     		subs	r3, r3, #1
 412 0048 FB73     		strb	r3, [r7, #15]
 413 004a 03E0     		b	.L20
 414              	.L25:
 132:u8glib_arm_v1.18.1\src/u8g_pb8h1f.c ****     case 3: dy--; break;
 415              		.loc 1 132 0
 416 004c BB7B     		ldrb	r3, [r7, #14]	@ zero_extendqisi2
 417 004e 013B     		subs	r3, r3, #1
 418 0050 BB73     		strb	r3, [r7, #14]
 419 0052 00BF     		nop
 420              	.L20:
 133:u8glib_arm_v1.18.1\src/u8g_pb8h1f.c ****   }
 134:u8glib_arm_v1.18.1\src/u8g_pb8h1f.c ****   
 135:u8glib_arm_v1.18.1\src/u8g_pb8h1f.c ****   do
 136:u8glib_arm_v1.18.1\src/u8g_pb8h1f.c ****   {
 137:u8glib_arm_v1.18.1\src/u8g_pb8h1f.c ****     if ( pixel & 128 )
 421              		.loc 1 137 0
 422 0054 E3B2     		uxtb	r3, r4
 423 0056 5BB2     		sxtb	r3, r3
 424 0058 002B     		cmp	r3, #0
 425 005a 03DA     		bge	.L26
 138:u8glib_arm_v1.18.1\src/u8g_pb8h1f.c ****       u8g_pb8h1f_SetPixel(b, arg_pixel);
 426              		.loc 1 138 0
 427 005c 7868     		ldr	r0, [r7, #4]
 428 005e 3968     		ldr	r1, [r7]
 429 0060 FFF7FEFF 		bl	u8g_pb8h1f_SetPixel
 430              	.L26:
 139:u8glib_arm_v1.18.1\src/u8g_pb8h1f.c ****     arg_pixel->x += dx;
 431              		.loc 1 139 0
ARM GAS  C:\Users\KJA\AppData\Local\Temp\ccT7L1YA.s 			page 11


 432 0064 3B68     		ldr	r3, [r7]
 433 0066 1A78     		ldrb	r2, [r3]	@ zero_extendqisi2
 434 0068 FB7B     		ldrb	r3, [r7, #15]
 435 006a 1344     		add	r3, r3, r2
 436 006c DAB2     		uxtb	r2, r3
 437 006e 3B68     		ldr	r3, [r7]
 438 0070 1A70     		strb	r2, [r3]
 140:u8glib_arm_v1.18.1\src/u8g_pb8h1f.c ****     arg_pixel->y += dy;
 439              		.loc 1 140 0
 440 0072 3B68     		ldr	r3, [r7]
 441 0074 5A78     		ldrb	r2, [r3, #1]	@ zero_extendqisi2
 442 0076 BB7B     		ldrb	r3, [r7, #14]
 443 0078 1344     		add	r3, r3, r2
 444 007a DAB2     		uxtb	r2, r3
 445 007c 3B68     		ldr	r3, [r7]
 446 007e 5A70     		strb	r2, [r3, #1]
 141:u8glib_arm_v1.18.1\src/u8g_pb8h1f.c ****     pixel <<= 1;
 447              		.loc 1 141 0
 448 0080 6300     		lsls	r3, r4, #1
 449 0082 DCB2     		uxtb	r4, r3
 142:u8glib_arm_v1.18.1\src/u8g_pb8h1f.c ****   } while( pixel != 0  );  
 450              		.loc 1 142 0
 451 0084 002C     		cmp	r4, #0
 452 0086 E5D1     		bne	.L20
 143:u8glib_arm_v1.18.1\src/u8g_pb8h1f.c **** }
 453              		.loc 1 143 0
 454 0088 1437     		adds	r7, r7, #20
 455              		.cfi_def_cfa_offset 12
 456 008a BD46     		mov	sp, r7
 457              		.cfi_def_cfa_register 13
 458              		@ sp needed
 459 008c 90BD     		pop	{r4, r7, pc}
 460              		.cfi_endproc
 461              	.LFE4:
 462              		.size	u8g_pb8h1f_Set8PixelOpt2, .-u8g_pb8h1f_Set8PixelOpt2
 463 008e 00BF     		.section	.text.u8g_dev_pb8h1f_base_fn,"ax",%progbits
 464              		.align	2
 465              		.global	u8g_dev_pb8h1f_base_fn
 466              		.thumb
 467              		.thumb_func
 468              		.type	u8g_dev_pb8h1f_base_fn, %function
 469              	u8g_dev_pb8h1f_base_fn:
 470              	.LFB5:
 144:u8glib_arm_v1.18.1\src/u8g_pb8h1f.c **** 
 145:u8glib_arm_v1.18.1\src/u8g_pb8h1f.c **** 
 146:u8glib_arm_v1.18.1\src/u8g_pb8h1f.c **** uint8_t u8g_dev_pb8h1f_base_fn(u8g_t *u8g, u8g_dev_t *dev, uint8_t msg, void *arg)
 147:u8glib_arm_v1.18.1\src/u8g_pb8h1f.c **** {
 471              		.loc 1 147 0
 472              		.cfi_startproc
 473              		@ args = 0, pretend = 0, frame = 24
 474              		@ frame_needed = 1, uses_anonymous_args = 0
 475 0000 80B5     		push	{r7, lr}
 476              		.cfi_def_cfa_offset 8
 477              		.cfi_offset 7, -8
 478              		.cfi_offset 14, -4
 479 0002 86B0     		sub	sp, sp, #24
 480              		.cfi_def_cfa_offset 32
ARM GAS  C:\Users\KJA\AppData\Local\Temp\ccT7L1YA.s 			page 12


 481 0004 00AF     		add	r7, sp, #0
 482              		.cfi_def_cfa_register 7
 483 0006 F860     		str	r0, [r7, #12]
 484 0008 B960     		str	r1, [r7, #8]
 485 000a 3B60     		str	r3, [r7]
 486 000c 1346     		mov	r3, r2
 487 000e FB71     		strb	r3, [r7, #7]
 148:u8glib_arm_v1.18.1\src/u8g_pb8h1f.c ****   u8g_pb_t *pb = (u8g_pb_t *)(dev->dev_mem);
 488              		.loc 1 148 0
 489 0010 BB68     		ldr	r3, [r7, #8]
 490 0012 5B68     		ldr	r3, [r3, #4]
 491 0014 7B61     		str	r3, [r7, #20]
 149:u8glib_arm_v1.18.1\src/u8g_pb8h1f.c ****   switch(msg)
 492              		.loc 1 149 0
 493 0016 FB79     		ldrb	r3, [r7, #7]	@ zero_extendqisi2
 494 0018 0A3B     		subs	r3, r3, #10
 495 001a 3E2B     		cmp	r3, #62
 496 001c 00F2BA80 		bhi	.L28
 497 0020 01A2     		adr	r2, .L30
 498 0022 52F823F0 		ldr	pc, [r2, r3, lsl #2]
 499 0026 00BF     		.p2align 2
 500              	.L30:
 501 0028 95010000 		.word	.L28+1
 502 002c 95010000 		.word	.L28+1
 503 0030 95010000 		.word	.L28+1
 504 0034 95010000 		.word	.L28+1
 505 0038 95010000 		.word	.L28+1
 506 003c 95010000 		.word	.L28+1
 507 0040 95010000 		.word	.L28+1
 508 0044 95010000 		.word	.L28+1
 509 0048 95010000 		.word	.L28+1
 510 004c 95010000 		.word	.L28+1
 511 0050 49010000 		.word	.L32+1
 512 0054 59010000 		.word	.L33+1
 513 0058 95010000 		.word	.L28+1
 514 005c 73010000 		.word	.L34+1
 515 0060 95010000 		.word	.L28+1
 516 0064 95010000 		.word	.L28+1
 517 0068 95010000 		.word	.L28+1
 518 006c 95010000 		.word	.L28+1
 519 0070 95010000 		.word	.L28+1
 520 0074 95010000 		.word	.L28+1
 521 0078 95010000 		.word	.L28+1
 522 007c 95010000 		.word	.L28+1
 523 0080 95010000 		.word	.L28+1
 524 0084 95010000 		.word	.L28+1
 525 0088 95010000 		.word	.L28+1
 526 008c 95010000 		.word	.L28+1
 527 0090 95010000 		.word	.L28+1
 528 0094 95010000 		.word	.L28+1
 529 0098 95010000 		.word	.L28+1
 530 009c 95010000 		.word	.L28+1
 531 00a0 95010000 		.word	.L28+1
 532 00a4 95010000 		.word	.L28+1
 533 00a8 95010000 		.word	.L28+1
 534 00ac 95010000 		.word	.L28+1
 535 00b0 95010000 		.word	.L28+1
ARM GAS  C:\Users\KJA\AppData\Local\Temp\ccT7L1YA.s 			page 13


 536 00b4 95010000 		.word	.L28+1
 537 00b8 95010000 		.word	.L28+1
 538 00bc 95010000 		.word	.L28+1
 539 00c0 95010000 		.word	.L28+1
 540 00c4 95010000 		.word	.L28+1
 541 00c8 3F010000 		.word	.L35+1
 542 00cc 95010000 		.word	.L28+1
 543 00d0 95010000 		.word	.L28+1
 544 00d4 95010000 		.word	.L28+1
 545 00d8 95010000 		.word	.L28+1
 546 00dc 95010000 		.word	.L28+1
 547 00e0 95010000 		.word	.L28+1
 548 00e4 95010000 		.word	.L28+1
 549 00e8 95010000 		.word	.L28+1
 550 00ec 25010000 		.word	.L36+1
 551 00f0 95010000 		.word	.L28+1
 552 00f4 95010000 		.word	.L28+1
 553 00f8 95010000 		.word	.L28+1
 554 00fc 95010000 		.word	.L28+1
 555 0100 95010000 		.word	.L28+1
 556 0104 95010000 		.word	.L28+1
 557 0108 95010000 		.word	.L28+1
 558 010c 95010000 		.word	.L28+1
 559 0110 95010000 		.word	.L28+1
 560 0114 95010000 		.word	.L28+1
 561 0118 7D010000 		.word	.L39+1
 562 011c 87010000 		.word	.L40+1
 563 0120 91010000 		.word	.L41+1
 564              		.p2align 1
 565              	.L36:
 150:u8glib_arm_v1.18.1\src/u8g_pb8h1f.c ****   {
 151:u8glib_arm_v1.18.1\src/u8g_pb8h1f.c ****     case U8G_DEV_MSG_SET_8PIXEL:
 152:u8glib_arm_v1.18.1\src/u8g_pb8h1f.c ****       if ( u8g_pb_Is8PixelVisible(pb, (u8g_dev_arg_pixel_t *)arg) )
 566              		.loc 1 152 0
 567 0124 7869     		ldr	r0, [r7, #20]
 568 0126 3968     		ldr	r1, [r7]
 569 0128 FFF7FEFF 		bl	u8g_pb_Is8PixelVisible
 570 012c 0346     		mov	r3, r0
 571 012e 002B     		cmp	r3, #0
 572 0130 04D0     		beq	.L42
 153:u8glib_arm_v1.18.1\src/u8g_pb8h1f.c ****         u8g_pb8h1f_Set8PixelOpt2(pb, (u8g_dev_arg_pixel_t *)arg);
 573              		.loc 1 153 0
 574 0132 7869     		ldr	r0, [r7, #20]
 575 0134 3968     		ldr	r1, [r7]
 576 0136 FFF7FEFF 		bl	u8g_pb8h1f_Set8PixelOpt2
 154:u8glib_arm_v1.18.1\src/u8g_pb8h1f.c ****       break;
 577              		.loc 1 154 0
 578 013a 2BE0     		b	.L28
 579              	.L42:
 580 013c 2AE0     		b	.L28
 581              	.L35:
 155:u8glib_arm_v1.18.1\src/u8g_pb8h1f.c ****     case U8G_DEV_MSG_SET_PIXEL:
 156:u8glib_arm_v1.18.1\src/u8g_pb8h1f.c ****       u8g_pb8h1f_SetPixel(pb, (u8g_dev_arg_pixel_t *)arg);
 582              		.loc 1 156 0
 583 013e 7869     		ldr	r0, [r7, #20]
 584 0140 3968     		ldr	r1, [r7]
 585 0142 FFF7FEFF 		bl	u8g_pb8h1f_SetPixel
ARM GAS  C:\Users\KJA\AppData\Local\Temp\ccT7L1YA.s 			page 14


 157:u8glib_arm_v1.18.1\src/u8g_pb8h1f.c ****       break;
 586              		.loc 1 157 0
 587 0146 25E0     		b	.L28
 588              	.L32:
 158:u8glib_arm_v1.18.1\src/u8g_pb8h1f.c ****     case U8G_DEV_MSG_INIT:
 159:u8glib_arm_v1.18.1\src/u8g_pb8h1f.c ****       break;
 160:u8glib_arm_v1.18.1\src/u8g_pb8h1f.c ****     case U8G_DEV_MSG_STOP:
 161:u8glib_arm_v1.18.1\src/u8g_pb8h1f.c ****       break;
 162:u8glib_arm_v1.18.1\src/u8g_pb8h1f.c ****     case U8G_DEV_MSG_PAGE_FIRST:
 163:u8glib_arm_v1.18.1\src/u8g_pb8h1f.c ****       u8g_pb_Clear(pb);
 589              		.loc 1 163 0
 590 0148 7869     		ldr	r0, [r7, #20]
 591 014a FFF7FEFF 		bl	u8g_pb_Clear
 164:u8glib_arm_v1.18.1\src/u8g_pb8h1f.c ****       u8g_page_First(&(pb->p));
 592              		.loc 1 164 0
 593 014e 7B69     		ldr	r3, [r7, #20]
 594 0150 1846     		mov	r0, r3
 595 0152 FFF7FEFF 		bl	u8g_page_First
 165:u8glib_arm_v1.18.1\src/u8g_pb8h1f.c ****       break;
 596              		.loc 1 165 0
 597 0156 1DE0     		b	.L28
 598              	.L33:
 166:u8glib_arm_v1.18.1\src/u8g_pb8h1f.c ****     case U8G_DEV_MSG_PAGE_NEXT:
 167:u8glib_arm_v1.18.1\src/u8g_pb8h1f.c ****       if ( u8g_page_Next(&(pb->p)) == 0 )
 599              		.loc 1 167 0
 600 0158 7B69     		ldr	r3, [r7, #20]
 601 015a 1846     		mov	r0, r3
 602 015c FFF7FEFF 		bl	u8g_page_Next
 603 0160 0346     		mov	r3, r0
 604 0162 002B     		cmp	r3, #0
 605 0164 01D1     		bne	.L43
 168:u8glib_arm_v1.18.1\src/u8g_pb8h1f.c ****         return 0;
 606              		.loc 1 168 0
 607 0166 0023     		movs	r3, #0
 608 0168 15E0     		b	.L44
 609              	.L43:
 169:u8glib_arm_v1.18.1\src/u8g_pb8h1f.c ****       u8g_pb_Clear(pb);
 610              		.loc 1 169 0
 611 016a 7869     		ldr	r0, [r7, #20]
 612 016c FFF7FEFF 		bl	u8g_pb_Clear
 170:u8glib_arm_v1.18.1\src/u8g_pb8h1f.c ****       break;
 613              		.loc 1 170 0
 614 0170 10E0     		b	.L28
 615              	.L34:
 171:u8glib_arm_v1.18.1\src/u8g_pb8h1f.c **** #ifdef U8G_DEV_MSG_IS_BBX_INTERSECTION
 172:u8glib_arm_v1.18.1\src/u8g_pb8h1f.c ****     case U8G_DEV_MSG_IS_BBX_INTERSECTION:
 173:u8glib_arm_v1.18.1\src/u8g_pb8h1f.c ****       return u8g_pb_IsIntersection(pb, (u8g_dev_arg_bbx_t *)arg);
 174:u8glib_arm_v1.18.1\src/u8g_pb8h1f.c **** #endif
 175:u8glib_arm_v1.18.1\src/u8g_pb8h1f.c ****     case U8G_DEV_MSG_GET_PAGE_BOX:
 176:u8glib_arm_v1.18.1\src/u8g_pb8h1f.c ****       u8g_pb_GetPageBox(pb, (u8g_box_t *)arg);
 616              		.loc 1 176 0
 617 0172 7869     		ldr	r0, [r7, #20]
 618 0174 3968     		ldr	r1, [r7]
 619 0176 FFF7FEFF 		bl	u8g_pb_GetPageBox
 177:u8glib_arm_v1.18.1\src/u8g_pb8h1f.c ****       break;
 620              		.loc 1 177 0
 621 017a 0BE0     		b	.L28
ARM GAS  C:\Users\KJA\AppData\Local\Temp\ccT7L1YA.s 			page 15


 622              	.L39:
 178:u8glib_arm_v1.18.1\src/u8g_pb8h1f.c ****     case U8G_DEV_MSG_GET_WIDTH:
 179:u8glib_arm_v1.18.1\src/u8g_pb8h1f.c ****       *((u8g_uint_t *)arg) = pb->width;
 623              		.loc 1 179 0
 624 017c 7B69     		ldr	r3, [r7, #20]
 625 017e 5A79     		ldrb	r2, [r3, #5]	@ zero_extendqisi2
 626 0180 3B68     		ldr	r3, [r7]
 627 0182 1A70     		strb	r2, [r3]
 180:u8glib_arm_v1.18.1\src/u8g_pb8h1f.c ****       break;
 628              		.loc 1 180 0
 629 0184 06E0     		b	.L28
 630              	.L40:
 181:u8glib_arm_v1.18.1\src/u8g_pb8h1f.c ****     case U8G_DEV_MSG_GET_HEIGHT:
 182:u8glib_arm_v1.18.1\src/u8g_pb8h1f.c ****       *((u8g_uint_t *)arg) = pb->p.total_height;
 631              		.loc 1 182 0
 632 0186 7B69     		ldr	r3, [r7, #20]
 633 0188 5A78     		ldrb	r2, [r3, #1]	@ zero_extendqisi2
 634 018a 3B68     		ldr	r3, [r7]
 635 018c 1A70     		strb	r2, [r3]
 183:u8glib_arm_v1.18.1\src/u8g_pb8h1f.c ****       break;
 636              		.loc 1 183 0
 637 018e 01E0     		b	.L28
 638              	.L41:
 184:u8glib_arm_v1.18.1\src/u8g_pb8h1f.c ****     case U8G_DEV_MSG_SET_COLOR_ENTRY:
 185:u8glib_arm_v1.18.1\src/u8g_pb8h1f.c ****       break;
 186:u8glib_arm_v1.18.1\src/u8g_pb8h1f.c ****     case U8G_DEV_MSG_SET_XY_CB:
 187:u8glib_arm_v1.18.1\src/u8g_pb8h1f.c ****       break;
 188:u8glib_arm_v1.18.1\src/u8g_pb8h1f.c ****     case U8G_DEV_MSG_GET_MODE:
 189:u8glib_arm_v1.18.1\src/u8g_pb8h1f.c ****       return U8G_MODE_BW;
 639              		.loc 1 189 0
 640 0190 0123     		movs	r3, #1
 641 0192 00E0     		b	.L44
 642              	.L28:
 190:u8glib_arm_v1.18.1\src/u8g_pb8h1f.c ****   }
 191:u8glib_arm_v1.18.1\src/u8g_pb8h1f.c ****   return 1;
 643              		.loc 1 191 0
 644 0194 0123     		movs	r3, #1
 645              	.L44:
 192:u8glib_arm_v1.18.1\src/u8g_pb8h1f.c **** }
 646              		.loc 1 192 0
 647 0196 1846     		mov	r0, r3
 648 0198 1837     		adds	r7, r7, #24
 649              		.cfi_def_cfa_offset 8
 650 019a BD46     		mov	sp, r7
 651              		.cfi_def_cfa_register 13
 652              		@ sp needed
 653 019c 80BD     		pop	{r7, pc}
 654              		.cfi_endproc
 655              	.LFE5:
 656              		.size	u8g_dev_pb8h1f_base_fn, .-u8g_dev_pb8h1f_base_fn
 657 019e 00BF     		.text
 658              	.Letext0:
 659              		.file 2 "c:\\program files (x86)\\cypress\\psoc creator\\4.0\\psoc creator\\import\\gnu\\arm\\4.9.
 660              		.file 3 "c:\\program files (x86)\\cypress\\psoc creator\\4.0\\psoc creator\\import\\gnu\\arm\\4.9.
 661              		.file 4 "u8glib_arm_v1.18.1\\src\\u8g.h"
 662              		.section	.debug_info,"",%progbits
 663              	.Ldebug_info0:
ARM GAS  C:\Users\KJA\AppData\Local\Temp\ccT7L1YA.s 			page 16


 664 0000 73060000 		.4byte	0x673
 665 0004 0400     		.2byte	0x4
 666 0006 00000000 		.4byte	.Ldebug_abbrev0
 667 000a 04       		.byte	0x4
 668 000b 01       		.uleb128 0x1
 669 000c 9F020000 		.4byte	.LASF79
 670 0010 01       		.byte	0x1
 671 0011 8F040000 		.4byte	.LASF80
 672 0015 CF010000 		.4byte	.LASF81
 673 0019 00000000 		.4byte	.Ldebug_ranges0+0
 674 001d 00000000 		.4byte	0
 675 0021 00000000 		.4byte	.Ldebug_line0
 676 0025 02       		.uleb128 0x2
 677 0026 04       		.byte	0x4
 678 0027 05       		.byte	0x5
 679 0028 696E7400 		.ascii	"int\000"
 680 002c 03       		.uleb128 0x3
 681 002d 04       		.byte	0x4
 682 002e 07       		.byte	0x7
 683 002f 95010000 		.4byte	.LASF0
 684 0033 04       		.uleb128 0x4
 685 0034 69000000 		.4byte	.LASF2
 686 0038 02       		.byte	0x2
 687 0039 1B       		.byte	0x1b
 688 003a 3E000000 		.4byte	0x3e
 689 003e 03       		.uleb128 0x3
 690 003f 01       		.byte	0x1
 691 0040 06       		.byte	0x6
 692 0041 8D000000 		.4byte	.LASF1
 693 0045 04       		.uleb128 0x4
 694 0046 15000000 		.4byte	.LASF3
 695 004a 02       		.byte	0x2
 696 004b 1D       		.byte	0x1d
 697 004c 50000000 		.4byte	0x50
 698 0050 03       		.uleb128 0x3
 699 0051 01       		.byte	0x1
 700 0052 08       		.byte	0x8
 701 0053 7D030000 		.4byte	.LASF4
 702 0057 03       		.uleb128 0x3
 703 0058 02       		.byte	0x2
 704 0059 05       		.byte	0x5
 705 005a A0030000 		.4byte	.LASF5
 706 005e 03       		.uleb128 0x3
 707 005f 02       		.byte	0x2
 708 0060 07       		.byte	0x7
 709 0061 0A040000 		.4byte	.LASF6
 710 0065 03       		.uleb128 0x3
 711 0066 04       		.byte	0x4
 712 0067 05       		.byte	0x5
 713 0068 CD000000 		.4byte	.LASF7
 714 006c 03       		.uleb128 0x3
 715 006d 04       		.byte	0x4
 716 006e 07       		.byte	0x7
 717 006f B2010000 		.4byte	.LASF8
 718 0073 03       		.uleb128 0x3
 719 0074 08       		.byte	0x8
 720 0075 05       		.byte	0x5
ARM GAS  C:\Users\KJA\AppData\Local\Temp\ccT7L1YA.s 			page 17


 721 0076 7F000000 		.4byte	.LASF9
 722 007a 03       		.uleb128 0x3
 723 007b 08       		.byte	0x8
 724 007c 07       		.byte	0x7
 725 007d 33000000 		.4byte	.LASF10
 726 0081 04       		.uleb128 0x4
 727 0082 29040000 		.4byte	.LASF11
 728 0086 03       		.byte	0x3
 729 0087 14       		.byte	0x14
 730 0088 33000000 		.4byte	0x33
 731 008c 04       		.uleb128 0x4
 732 008d 4C040000 		.4byte	.LASF12
 733 0091 03       		.byte	0x3
 734 0092 15       		.byte	0x15
 735 0093 45000000 		.4byte	0x45
 736 0097 04       		.uleb128 0x4
 737 0098 2D030000 		.4byte	.LASF13
 738 009c 04       		.byte	0x4
 739 009d 80       		.byte	0x80
 740 009e 8C000000 		.4byte	0x8c
 741 00a2 04       		.uleb128 0x4
 742 00a3 13010000 		.4byte	.LASF14
 743 00a7 04       		.byte	0x4
 744 00a8 A0       		.byte	0xa0
 745 00a9 AD000000 		.4byte	0xad
 746 00ad 05       		.uleb128 0x5
 747 00ae 0C010000 		.4byte	.LASF41
 748 00b2 3C       		.byte	0x3c
 749 00b3 04       		.byte	0x4
 750 00b4 4B04     		.2byte	0x44b
 751 00b6 0D020000 		.4byte	0x20d
 752 00ba 06       		.uleb128 0x6
 753 00bb C9010000 		.4byte	.LASF15
 754 00bf 04       		.byte	0x4
 755 00c0 4D04     		.2byte	0x44d
 756 00c2 02030000 		.4byte	0x302
 757 00c6 00       		.byte	0
 758 00c7 06       		.uleb128 0x6
 759 00c8 7D040000 		.4byte	.LASF16
 760 00cc 04       		.byte	0x4
 761 00cd 4E04     		.2byte	0x44e
 762 00cf 02030000 		.4byte	0x302
 763 00d3 01       		.byte	0x1
 764 00d4 07       		.uleb128 0x7
 765 00d5 64657600 		.ascii	"dev\000"
 766 00d9 04       		.byte	0x4
 767 00da 5104     		.2byte	0x451
 768 00dc 42030000 		.4byte	0x342
 769 00e0 04       		.byte	0x4
 770 00e1 06       		.uleb128 0x6
 771 00e2 30040000 		.4byte	.LASF17
 772 00e6 04       		.byte	0x4
 773 00e7 5204     		.2byte	0x452
 774 00e9 6E040000 		.4byte	0x46e
 775 00ed 08       		.byte	0x8
 776 00ee 06       		.uleb128 0x6
 777 00ef C1030000 		.4byte	.LASF18
ARM GAS  C:\Users\KJA\AppData\Local\Temp\ccT7L1YA.s 			page 18


 778 00f3 04       		.byte	0x4
 779 00f4 5304     		.2byte	0x453
 780 00f6 6E040000 		.4byte	0x46e
 781 00fa 0C       		.byte	0xc
 782 00fb 06       		.uleb128 0x6
 783 00fc A2010000 		.4byte	.LASF19
 784 0100 04       		.byte	0x4
 785 0101 5404     		.2byte	0x454
 786 0103 8C000000 		.4byte	0x8c
 787 0107 10       		.byte	0x10
 788 0108 06       		.uleb128 0x6
 789 0109 24010000 		.4byte	.LASF20
 790 010d 04       		.byte	0x4
 791 010e 5404     		.2byte	0x454
 792 0110 8C000000 		.4byte	0x8c
 793 0114 11       		.byte	0x11
 794 0115 06       		.uleb128 0x6
 795 0116 A3000000 		.4byte	.LASF21
 796 011a 04       		.byte	0x4
 797 011b 5504     		.2byte	0x455
 798 011d 8C000000 		.4byte	0x8c
 799 0121 12       		.byte	0x12
 800 0122 06       		.uleb128 0x6
 801 0123 F8030000 		.4byte	.LASF22
 802 0127 04       		.byte	0x4
 803 0128 5604     		.2byte	0x456
 804 012a 8C000000 		.4byte	0x8c
 805 012e 13       		.byte	0x13
 806 012f 06       		.uleb128 0x6
 807 0130 E4030000 		.4byte	.LASF23
 808 0134 04       		.byte	0x4
 809 0135 5704     		.2byte	0x457
 810 0137 02030000 		.4byte	0x302
 811 013b 14       		.byte	0x14
 812 013c 06       		.uleb128 0x6
 813 013d 96020000 		.4byte	.LASF24
 814 0141 04       		.byte	0x4
 815 0142 5804     		.2byte	0x458
 816 0144 02030000 		.4byte	0x302
 817 0148 15       		.byte	0x15
 818 0149 06       		.uleb128 0x6
 819 014a C3000000 		.4byte	.LASF25
 820 014e 04       		.byte	0x4
 821 014f 5904     		.2byte	0x459
 822 0151 13040000 		.4byte	0x413
 823 0155 18       		.byte	0x18
 824 0156 06       		.uleb128 0x6
 825 0157 8B030000 		.4byte	.LASF26
 826 015b 04       		.byte	0x4
 827 015c 5B04     		.2byte	0x45b
 828 015e 81000000 		.4byte	0x81
 829 0162 1C       		.byte	0x1c
 830 0163 06       		.uleb128 0x6
 831 0164 D4030000 		.4byte	.LASF27
 832 0168 04       		.byte	0x4
 833 0169 5C04     		.2byte	0x45c
 834 016b 81000000 		.4byte	0x81
ARM GAS  C:\Users\KJA\AppData\Local\Temp\ccT7L1YA.s 			page 19


 835 016f 1D       		.byte	0x1d
 836 0170 06       		.uleb128 0x6
 837 0171 DC030000 		.4byte	.LASF28
 838 0175 04       		.byte	0x4
 839 0176 5D04     		.2byte	0x45d
 840 0178 81000000 		.4byte	0x81
 841 017c 1E       		.byte	0x1e
 842 017d 06       		.uleb128 0x6
 843 017e 1D040000 		.4byte	.LASF29
 844 0182 04       		.byte	0x4
 845 0183 5E04     		.2byte	0x45e
 846 0185 8C000000 		.4byte	0x8c
 847 0189 1F       		.byte	0x1f
 848 018a 06       		.uleb128 0x6
 849 018b 73020000 		.4byte	.LASF30
 850 018f 04       		.byte	0x4
 851 0190 5F04     		.2byte	0x45f
 852 0192 8C000000 		.4byte	0x8c
 853 0196 20       		.byte	0x20
 854 0197 06       		.uleb128 0x6
 855 0198 76010000 		.4byte	.LASF31
 856 019c 04       		.byte	0x4
 857 019d 6104     		.2byte	0x461
 858 019f 30040000 		.4byte	0x430
 859 01a3 24       		.byte	0x24
 860 01a4 06       		.uleb128 0x6
 861 01a5 4E020000 		.4byte	.LASF32
 862 01a9 04       		.byte	0x4
 863 01aa 6204     		.2byte	0x462
 864 01ac 8C000000 		.4byte	0x8c
 865 01b0 28       		.byte	0x28
 866 01b1 06       		.uleb128 0x6
 867 01b2 85010000 		.4byte	.LASF33
 868 01b6 04       		.byte	0x4
 869 01b7 6304     		.2byte	0x463
 870 01b9 81000000 		.4byte	0x81
 871 01bd 29       		.byte	0x29
 872 01be 06       		.uleb128 0x6
 873 01bf 47010000 		.4byte	.LASF34
 874 01c3 04       		.byte	0x4
 875 01c4 6404     		.2byte	0x464
 876 01c6 81000000 		.4byte	0x81
 877 01ca 2A       		.byte	0x2a
 878 01cb 06       		.uleb128 0x6
 879 01cc 64040000 		.4byte	.LASF35
 880 01d0 04       		.byte	0x4
 881 01d1 6504     		.2byte	0x465
 882 01d3 8C000000 		.4byte	0x8c
 883 01d7 2B       		.byte	0x2b
 884 01d8 06       		.uleb128 0x6
 885 01d9 2C020000 		.4byte	.LASF36
 886 01dd 04       		.byte	0x4
 887 01de 6604     		.2byte	0x466
 888 01e0 8C000000 		.4byte	0x8c
 889 01e4 2C       		.byte	0x2c
 890 01e5 06       		.uleb128 0x6
 891 01e6 34010000 		.4byte	.LASF37
ARM GAS  C:\Users\KJA\AppData\Local\Temp\ccT7L1YA.s 			page 20


 892 01ea 04       		.byte	0x4
 893 01eb 6804     		.2byte	0x468
 894 01ed 49020000 		.4byte	0x249
 895 01f1 2D       		.byte	0x2d
 896 01f2 06       		.uleb128 0x6
 897 01f3 1F000000 		.4byte	.LASF38
 898 01f7 04       		.byte	0x4
 899 01f8 6F04     		.2byte	0x46f
 900 01fa 51040000 		.4byte	0x451
 901 01fe 34       		.byte	0x34
 902 01ff 06       		.uleb128 0x6
 903 0200 89020000 		.4byte	.LASF39
 904 0204 04       		.byte	0x4
 905 0205 7104     		.2byte	0x471
 906 0207 B9020000 		.4byte	0x2b9
 907 020b 38       		.byte	0x38
 908 020c 00       		.byte	0
 909 020d 04       		.uleb128 0x4
 910 020e 99000000 		.4byte	.LASF40
 911 0212 04       		.byte	0x4
 912 0213 A1       		.byte	0xa1
 913 0214 18020000 		.4byte	0x218
 914 0218 08       		.uleb128 0x8
 915 0219 AA030000 		.4byte	.LASF42
 916 021d 0C       		.byte	0xc
 917 021e 04       		.byte	0x4
 918 021f CF       		.byte	0xcf
 919 0220 49020000 		.4byte	0x249
 920 0224 09       		.uleb128 0x9
 921 0225 62030000 		.4byte	.LASF43
 922 0229 04       		.byte	0x4
 923 022a D1       		.byte	0xd1
 924 022b 0D030000 		.4byte	0x30d
 925 022f 00       		.byte	0
 926 0230 09       		.uleb128 0x9
 927 0231 4C030000 		.4byte	.LASF44
 928 0235 04       		.byte	0x4
 929 0236 D2       		.byte	0xd2
 930 0237 48030000 		.4byte	0x348
 931 023b 04       		.byte	0x4
 932 023c 09       		.uleb128 0x9
 933 023d CD030000 		.4byte	.LASF45
 934 0241 04       		.byte	0x4
 935 0242 D3       		.byte	0xd3
 936 0243 4A030000 		.4byte	0x34a
 937 0247 08       		.byte	0x8
 938 0248 00       		.byte	0
 939 0249 04       		.uleb128 0x4
 940 024a 69030000 		.4byte	.LASF46
 941 024e 04       		.byte	0x4
 942 024f A3       		.byte	0xa3
 943 0250 54020000 		.4byte	0x254
 944 0254 05       		.uleb128 0x5
 945 0255 00000000 		.4byte	.LASF47
 946 0259 07       		.byte	0x7
 947 025a 04       		.byte	0x4
 948 025b 1D02     		.2byte	0x21d
ARM GAS  C:\Users\KJA\AppData\Local\Temp\ccT7L1YA.s 			page 21


 949 025d B9020000 		.4byte	0x2b9
 950 0261 07       		.uleb128 0x7
 951 0262 7800     		.ascii	"x\000"
 952 0264 04       		.byte	0x4
 953 0265 1F02     		.2byte	0x21f
 954 0267 02030000 		.4byte	0x302
 955 026b 00       		.byte	0
 956 026c 07       		.uleb128 0x7
 957 026d 7900     		.ascii	"y\000"
 958 026f 04       		.byte	0x4
 959 0270 1F02     		.2byte	0x21f
 960 0272 02030000 		.4byte	0x302
 961 0276 01       		.byte	0x1
 962 0277 06       		.uleb128 0x6
 963 0278 4A000000 		.4byte	.LASF48
 964 027c 04       		.byte	0x4
 965 027d 2002     		.2byte	0x220
 966 027f 8C000000 		.4byte	0x8c
 967 0283 02       		.byte	0x2
 968 0284 07       		.uleb128 0x7
 969 0285 64697200 		.ascii	"dir\000"
 970 0289 04       		.byte	0x4
 971 028a 2102     		.2byte	0x221
 972 028c 8C000000 		.4byte	0x8c
 973 0290 03       		.byte	0x3
 974 0291 06       		.uleb128 0x6
 975 0292 ED030000 		.4byte	.LASF49
 976 0296 04       		.byte	0x4
 977 0297 2202     		.2byte	0x222
 978 0299 8C000000 		.4byte	0x8c
 979 029d 04       		.byte	0x4
 980 029e 06       		.uleb128 0x6
 981 029f 43040000 		.4byte	.LASF50
 982 02a3 04       		.byte	0x4
 983 02a4 2302     		.2byte	0x223
 984 02a6 8C000000 		.4byte	0x8c
 985 02aa 05       		.byte	0x5
 986 02ab 06       		.uleb128 0x6
 987 02ac 3D030000 		.4byte	.LASF51
 988 02b0 04       		.byte	0x4
 989 02b1 2402     		.2byte	0x224
 990 02b3 8C000000 		.4byte	0x8c
 991 02b7 06       		.byte	0x6
 992 02b8 00       		.byte	0
 993 02b9 04       		.uleb128 0x4
 994 02ba 22020000 		.4byte	.LASF52
 995 02be 04       		.byte	0x4
 996 02bf A5       		.byte	0xa5
 997 02c0 C4020000 		.4byte	0x2c4
 998 02c4 05       		.uleb128 0x5
 999 02c5 84040000 		.4byte	.LASF53
 1000 02c9 04       		.byte	0x4
 1001 02ca 04       		.byte	0x4
 1002 02cb 3102     		.2byte	0x231
 1003 02cd 02030000 		.4byte	0x302
 1004 02d1 07       		.uleb128 0x7
 1005 02d2 783000   		.ascii	"x0\000"
ARM GAS  C:\Users\KJA\AppData\Local\Temp\ccT7L1YA.s 			page 22


 1006 02d5 04       		.byte	0x4
 1007 02d6 3302     		.2byte	0x233
 1008 02d8 02030000 		.4byte	0x302
 1009 02dc 00       		.byte	0
 1010 02dd 07       		.uleb128 0x7
 1011 02de 793000   		.ascii	"y0\000"
 1012 02e1 04       		.byte	0x4
 1013 02e2 3302     		.2byte	0x233
 1014 02e4 02030000 		.4byte	0x302
 1015 02e8 01       		.byte	0x1
 1016 02e9 07       		.uleb128 0x7
 1017 02ea 783100   		.ascii	"x1\000"
 1018 02ed 04       		.byte	0x4
 1019 02ee 3302     		.2byte	0x233
 1020 02f0 02030000 		.4byte	0x302
 1021 02f4 02       		.byte	0x2
 1022 02f5 07       		.uleb128 0x7
 1023 02f6 793100   		.ascii	"y1\000"
 1024 02f9 04       		.byte	0x4
 1025 02fa 3302     		.2byte	0x233
 1026 02fc 02030000 		.4byte	0x302
 1027 0300 03       		.byte	0x3
 1028 0301 00       		.byte	0
 1029 0302 04       		.uleb128 0x4
 1030 0303 19010000 		.4byte	.LASF54
 1031 0307 04       		.byte	0x4
 1032 0308 AF       		.byte	0xaf
 1033 0309 8C000000 		.4byte	0x8c
 1034 030d 04       		.uleb128 0x4
 1035 030e 35040000 		.4byte	.LASF55
 1036 0312 04       		.byte	0x4
 1037 0313 C7       		.byte	0xc7
 1038 0314 18030000 		.4byte	0x318
 1039 0318 0A       		.uleb128 0xa
 1040 0319 04       		.byte	0x4
 1041 031a 1E030000 		.4byte	0x31e
 1042 031e 0B       		.uleb128 0xb
 1043 031f 8C000000 		.4byte	0x8c
 1044 0323 3C030000 		.4byte	0x33c
 1045 0327 0C       		.uleb128 0xc
 1046 0328 3C030000 		.4byte	0x33c
 1047 032c 0C       		.uleb128 0xc
 1048 032d 42030000 		.4byte	0x342
 1049 0331 0C       		.uleb128 0xc
 1050 0332 8C000000 		.4byte	0x8c
 1051 0336 0C       		.uleb128 0xc
 1052 0337 48030000 		.4byte	0x348
 1053 033b 00       		.byte	0
 1054 033c 0A       		.uleb128 0xa
 1055 033d 04       		.byte	0x4
 1056 033e A2000000 		.4byte	0xa2
 1057 0342 0A       		.uleb128 0xa
 1058 0343 04       		.byte	0x4
 1059 0344 0D020000 		.4byte	0x20d
 1060 0348 0D       		.uleb128 0xd
 1061 0349 04       		.byte	0x4
 1062 034a 04       		.uleb128 0x4
ARM GAS  C:\Users\KJA\AppData\Local\Temp\ccT7L1YA.s 			page 23


 1063 034b 54030000 		.4byte	.LASF56
 1064 034f 04       		.byte	0x4
 1065 0350 CA       		.byte	0xca
 1066 0351 55030000 		.4byte	0x355
 1067 0355 0A       		.uleb128 0xa
 1068 0356 04       		.byte	0x4
 1069 0357 5B030000 		.4byte	0x35b
 1070 035b 0B       		.uleb128 0xb
 1071 035c 8C000000 		.4byte	0x8c
 1072 0360 79030000 		.4byte	0x379
 1073 0364 0C       		.uleb128 0xc
 1074 0365 3C030000 		.4byte	0x33c
 1075 0369 0C       		.uleb128 0xc
 1076 036a 8C000000 		.4byte	0x8c
 1077 036e 0C       		.uleb128 0xc
 1078 036f 8C000000 		.4byte	0x8c
 1079 0373 0C       		.uleb128 0xc
 1080 0374 48030000 		.4byte	0x348
 1081 0378 00       		.byte	0
 1082 0379 05       		.uleb128 0x5
 1083 037a D6000000 		.4byte	.LASF57
 1084 037e 05       		.byte	0x5
 1085 037f 04       		.byte	0x4
 1086 0380 9E03     		.2byte	0x39e
 1087 0382 C8030000 		.4byte	0x3c8
 1088 0386 06       		.uleb128 0x6
 1089 0387 B5030000 		.4byte	.LASF58
 1090 038b 04       		.byte	0x4
 1091 038c A003     		.2byte	0x3a0
 1092 038e 02030000 		.4byte	0x302
 1093 0392 00       		.byte	0
 1094 0393 06       		.uleb128 0x6
 1095 0394 FD030000 		.4byte	.LASF59
 1096 0398 04       		.byte	0x4
 1097 0399 A103     		.2byte	0x3a1
 1098 039b 02030000 		.4byte	0x302
 1099 039f 01       		.byte	0x1
 1100 03a0 06       		.uleb128 0x6
 1101 03a1 54040000 		.4byte	.LASF60
 1102 03a5 04       		.byte	0x4
 1103 03a6 A203     		.2byte	0x3a2
 1104 03a8 02030000 		.4byte	0x302
 1105 03ac 02       		.byte	0x2
 1106 03ad 06       		.uleb128 0x6
 1107 03ae 5C040000 		.4byte	.LASF61
 1108 03b2 04       		.byte	0x4
 1109 03b3 A303     		.2byte	0x3a3
 1110 03b5 02030000 		.4byte	0x302
 1111 03b9 03       		.byte	0x3
 1112 03ba 06       		.uleb128 0x6
 1113 03bb C4010000 		.4byte	.LASF62
 1114 03bf 04       		.byte	0x4
 1115 03c0 A403     		.2byte	0x3a4
 1116 03c2 8C000000 		.4byte	0x8c
 1117 03c6 04       		.byte	0x4
 1118 03c7 00       		.byte	0
 1119 03c8 0E       		.uleb128 0xe
ARM GAS  C:\Users\KJA\AppData\Local\Temp\ccT7L1YA.s 			page 24


 1120 03c9 28000000 		.4byte	.LASF63
 1121 03cd 04       		.byte	0x4
 1122 03ce A603     		.2byte	0x3a6
 1123 03d0 79030000 		.4byte	0x379
 1124 03d4 05       		.uleb128 0x5
 1125 03d5 42030000 		.4byte	.LASF64
 1126 03d9 0C       		.byte	0xc
 1127 03da 04       		.byte	0x4
 1128 03db AF03     		.2byte	0x3af
 1129 03dd 07040000 		.4byte	0x407
 1130 03e1 07       		.uleb128 0x7
 1131 03e2 7000     		.ascii	"p\000"
 1132 03e4 04       		.byte	0x4
 1133 03e5 B103     		.2byte	0x3b1
 1134 03e7 C8030000 		.4byte	0x3c8
 1135 03eb 00       		.byte	0
 1136 03ec 06       		.uleb128 0x6
 1137 03ed C9010000 		.4byte	.LASF15
 1138 03f1 04       		.byte	0x4
 1139 03f2 B203     		.2byte	0x3b2
 1140 03f4 02030000 		.4byte	0x302
 1141 03f8 05       		.byte	0x5
 1142 03f9 07       		.uleb128 0x7
 1143 03fa 62756600 		.ascii	"buf\000"
 1144 03fe 04       		.byte	0x4
 1145 03ff B303     		.2byte	0x3b3
 1146 0401 48030000 		.4byte	0x348
 1147 0405 08       		.byte	0x8
 1148 0406 00       		.byte	0
 1149 0407 0E       		.uleb128 0xe
 1150 0408 3E010000 		.4byte	.LASF65
 1151 040c 04       		.byte	0x4
 1152 040d B503     		.2byte	0x3b5
 1153 040f D4030000 		.4byte	0x3d4
 1154 0413 0E       		.uleb128 0xe
 1155 0414 F9000000 		.4byte	.LASF66
 1156 0418 04       		.byte	0x4
 1157 0419 0D04     		.2byte	0x40d
 1158 041b 1F040000 		.4byte	0x41f
 1159 041f 0A       		.uleb128 0xa
 1160 0420 04       		.byte	0x4
 1161 0421 25040000 		.4byte	0x425
 1162 0425 0F       		.uleb128 0xf
 1163 0426 30040000 		.4byte	0x430
 1164 042a 0C       		.uleb128 0xc
 1165 042b 3C030000 		.4byte	0x33c
 1166 042f 00       		.byte	0
 1167 0430 0E       		.uleb128 0xe
 1168 0431 58010000 		.4byte	.LASF67
 1169 0435 04       		.byte	0x4
 1170 0436 1004     		.2byte	0x410
 1171 0438 3C040000 		.4byte	0x43c
 1172 043c 0A       		.uleb128 0xa
 1173 043d 04       		.byte	0x4
 1174 043e 42040000 		.4byte	0x442
 1175 0442 0B       		.uleb128 0xb
 1176 0443 02030000 		.4byte	0x302
ARM GAS  C:\Users\KJA\AppData\Local\Temp\ccT7L1YA.s 			page 25


 1177 0447 51040000 		.4byte	0x451
 1178 044b 0C       		.uleb128 0xc
 1179 044c 3C030000 		.4byte	0x33c
 1180 0450 00       		.byte	0
 1181 0451 0E       		.uleb128 0xe
 1182 0452 72000000 		.4byte	.LASF68
 1183 0456 04       		.byte	0x4
 1184 0457 1304     		.2byte	0x413
 1185 0459 5D040000 		.4byte	0x45d
 1186 045d 0A       		.uleb128 0xa
 1187 045e 04       		.byte	0x4
 1188 045f 63040000 		.4byte	0x463
 1189 0463 0F       		.uleb128 0xf
 1190 0464 6E040000 		.4byte	0x46e
 1191 0468 0C       		.uleb128 0xc
 1192 0469 8C000000 		.4byte	0x8c
 1193 046d 00       		.byte	0
 1194 046e 0A       		.uleb128 0xa
 1195 046f 04       		.byte	0x4
 1196 0470 74040000 		.4byte	0x474
 1197 0474 10       		.uleb128 0x10
 1198 0475 97000000 		.4byte	0x97
 1199 0479 03       		.uleb128 0x3
 1200 047a 04       		.byte	0x4
 1201 047b 07       		.byte	0x7
 1202 047c 80020000 		.4byte	.LASF69
 1203 0480 03       		.uleb128 0x3
 1204 0481 01       		.byte	0x1
 1205 0482 08       		.byte	0x8
 1206 0483 F3030000 		.4byte	.LASF70
 1207 0487 11       		.uleb128 0x11
 1208 0488 B3000000 		.4byte	.LASF71
 1209 048c 01       		.byte	0x1
 1210 048d 36       		.byte	0x36
 1211 048e 00000000 		.4byte	.LFB0
 1212 0492 26000000 		.4byte	.LFE0-.LFB0
 1213 0496 01       		.uleb128 0x1
 1214 0497 9C       		.byte	0x9c
 1215 0498 C5040000 		.4byte	0x4c5
 1216 049c 12       		.uleb128 0x12
 1217 049d 6200     		.ascii	"b\000"
 1218 049f 01       		.byte	0x1
 1219 04a0 36       		.byte	0x36
 1220 04a1 C5040000 		.4byte	0x4c5
 1221 04a5 02       		.uleb128 0x2
 1222 04a6 91       		.byte	0x91
 1223 04a7 74       		.sleb128 -12
 1224 04a8 12       		.uleb128 0x12
 1225 04a9 62756600 		.ascii	"buf\000"
 1226 04ad 01       		.byte	0x1
 1227 04ae 36       		.byte	0x36
 1228 04af 48030000 		.4byte	0x348
 1229 04b3 02       		.uleb128 0x2
 1230 04b4 91       		.byte	0x91
 1231 04b5 70       		.sleb128 -16
 1232 04b6 13       		.uleb128 0x13
 1233 04b7 C9010000 		.4byte	.LASF15
ARM GAS  C:\Users\KJA\AppData\Local\Temp\ccT7L1YA.s 			page 26


 1234 04bb 01       		.byte	0x1
 1235 04bc 36       		.byte	0x36
 1236 04bd 02030000 		.4byte	0x302
 1237 04c1 02       		.uleb128 0x2
 1238 04c2 91       		.byte	0x91
 1239 04c3 6F       		.sleb128 -17
 1240 04c4 00       		.byte	0
 1241 04c5 0A       		.uleb128 0xa
 1242 04c6 04       		.byte	0x4
 1243 04c7 07040000 		.4byte	0x407
 1244 04cb 14       		.uleb128 0x14
 1245 04cc 39020000 		.4byte	.LASF72
 1246 04d0 01       		.byte	0x1
 1247 04d1 3E       		.byte	0x3e
 1248 04d2 00000000 		.4byte	.LFB1
 1249 04d6 8C000000 		.4byte	.LFE1-.LFB1
 1250 04da 01       		.uleb128 0x1
 1251 04db 9C       		.byte	0x9c
 1252 04dc 3B050000 		.4byte	0x53b
 1253 04e0 12       		.uleb128 0x12
 1254 04e1 6200     		.ascii	"b\000"
 1255 04e3 01       		.byte	0x1
 1256 04e4 3E       		.byte	0x3e
 1257 04e5 C5040000 		.4byte	0x4c5
 1258 04e9 02       		.uleb128 0x2
 1259 04ea 91       		.byte	0x91
 1260 04eb 6C       		.sleb128 -20
 1261 04ec 12       		.uleb128 0x12
 1262 04ed 7800     		.ascii	"x\000"
 1263 04ef 01       		.byte	0x1
 1264 04f0 3E       		.byte	0x3e
 1265 04f1 02030000 		.4byte	0x302
 1266 04f5 02       		.uleb128 0x2
 1267 04f6 91       		.byte	0x91
 1268 04f7 6B       		.sleb128 -21
 1269 04f8 12       		.uleb128 0x12
 1270 04f9 7900     		.ascii	"y\000"
 1271 04fb 01       		.byte	0x1
 1272 04fc 3E       		.byte	0x3e
 1273 04fd 02030000 		.4byte	0x302
 1274 0501 02       		.uleb128 0x2
 1275 0502 91       		.byte	0x91
 1276 0503 6A       		.sleb128 -22
 1277 0504 13       		.uleb128 0x13
 1278 0505 94030000 		.4byte	.LASF73
 1279 0509 01       		.byte	0x1
 1280 050a 3E       		.byte	0x3e
 1281 050b 8C000000 		.4byte	0x8c
 1282 050f 02       		.uleb128 0x2
 1283 0510 91       		.byte	0x91
 1284 0511 69       		.sleb128 -23
 1285 0512 15       		.uleb128 0x15
 1286 0513 71010000 		.4byte	.LASF74
 1287 0517 01       		.byte	0x1
 1288 0518 41       		.byte	0x41
 1289 0519 8C000000 		.4byte	0x8c
 1290 051d 01       		.uleb128 0x1
ARM GAS  C:\Users\KJA\AppData\Local\Temp\ccT7L1YA.s 			page 27


 1291 051e 54       		.byte	0x54
 1292 051f 16       		.uleb128 0x16
 1293 0520 746D7000 		.ascii	"tmp\000"
 1294 0524 01       		.byte	0x1
 1295 0525 42       		.byte	0x42
 1296 0526 02030000 		.4byte	0x302
 1297 052a 01       		.uleb128 0x1
 1298 052b 54       		.byte	0x54
 1299 052c 16       		.uleb128 0x16
 1300 052d 70747200 		.ascii	"ptr\000"
 1301 0531 01       		.byte	0x1
 1302 0532 43       		.byte	0x43
 1303 0533 3B050000 		.4byte	0x53b
 1304 0537 02       		.uleb128 0x2
 1305 0538 91       		.byte	0x91
 1306 0539 74       		.sleb128 -12
 1307 053a 00       		.byte	0
 1308 053b 0A       		.uleb128 0xa
 1309 053c 04       		.byte	0x4
 1310 053d 8C000000 		.4byte	0x8c
 1311 0541 11       		.uleb128 0x11
 1312 0542 5F020000 		.4byte	.LASF75
 1313 0546 01       		.byte	0x1
 1314 0547 5A       		.byte	0x5a
 1315 0548 00000000 		.4byte	.LFB2
 1316 054c 4C000000 		.4byte	.LFE2-.LFB2
 1317 0550 01       		.uleb128 0x1
 1318 0551 9C       		.byte	0x9c
 1319 0552 71050000 		.4byte	0x571
 1320 0556 12       		.uleb128 0x12
 1321 0557 6200     		.ascii	"b\000"
 1322 0559 01       		.byte	0x1
 1323 055a 5A       		.byte	0x5a
 1324 055b C5040000 		.4byte	0x4c5
 1325 055f 02       		.uleb128 0x2
 1326 0560 91       		.byte	0x91
 1327 0561 74       		.sleb128 -12
 1328 0562 13       		.uleb128 0x13
 1329 0563 34010000 		.4byte	.LASF37
 1330 0567 01       		.byte	0x1
 1331 0568 5A       		.byte	0x5a
 1332 0569 71050000 		.4byte	0x571
 1333 056d 02       		.uleb128 0x2
 1334 056e 91       		.byte	0x91
 1335 056f 70       		.sleb128 -16
 1336 0570 00       		.byte	0
 1337 0571 10       		.uleb128 0x10
 1338 0572 76050000 		.4byte	0x576
 1339 0576 0A       		.uleb128 0xa
 1340 0577 04       		.byte	0x4
 1341 0578 7C050000 		.4byte	0x57c
 1342 057c 10       		.uleb128 0x10
 1343 057d 49020000 		.4byte	0x249
 1344 0581 11       		.uleb128 0x11
 1345 0582 0A020000 		.4byte	.LASF76
 1346 0586 01       		.byte	0x1
 1347 0587 65       		.byte	0x65
ARM GAS  C:\Users\KJA\AppData\Local\Temp\ccT7L1YA.s 			page 28


 1348 0588 00000000 		.4byte	.LFB3
 1349 058c 82000000 		.4byte	.LFE3-.LFB3
 1350 0590 01       		.uleb128 0x1
 1351 0591 9C       		.byte	0x9c
 1352 0592 BE050000 		.4byte	0x5be
 1353 0596 12       		.uleb128 0x12
 1354 0597 6200     		.ascii	"b\000"
 1355 0599 01       		.byte	0x1
 1356 059a 65       		.byte	0x65
 1357 059b C5040000 		.4byte	0x4c5
 1358 059f 02       		.uleb128 0x2
 1359 05a0 91       		.byte	0x91
 1360 05a1 6C       		.sleb128 -20
 1361 05a2 13       		.uleb128 0x13
 1362 05a3 34010000 		.4byte	.LASF37
 1363 05a7 01       		.byte	0x1
 1364 05a8 65       		.byte	0x65
 1365 05a9 BE050000 		.4byte	0x5be
 1366 05ad 02       		.uleb128 0x2
 1367 05ae 91       		.byte	0x91
 1368 05af 68       		.sleb128 -24
 1369 05b0 15       		.uleb128 0x15
 1370 05b1 4A000000 		.4byte	.LASF48
 1371 05b5 01       		.byte	0x1
 1372 05b6 67       		.byte	0x67
 1373 05b7 8C000000 		.4byte	0x8c
 1374 05bb 01       		.uleb128 0x1
 1375 05bc 54       		.byte	0x54
 1376 05bd 00       		.byte	0
 1377 05be 0A       		.uleb128 0xa
 1378 05bf 04       		.byte	0x4
 1379 05c0 49020000 		.4byte	0x249
 1380 05c4 11       		.uleb128 0x11
 1381 05c5 50000000 		.4byte	.LASF77
 1382 05c9 01       		.byte	0x1
 1383 05ca 79       		.byte	0x79
 1384 05cb 00000000 		.4byte	.LFB4
 1385 05cf 8E000000 		.4byte	.LFE4-.LFB4
 1386 05d3 01       		.uleb128 0x1
 1387 05d4 9C       		.byte	0x9c
 1388 05d5 1B060000 		.4byte	0x61b
 1389 05d9 12       		.uleb128 0x12
 1390 05da 6200     		.ascii	"b\000"
 1391 05dc 01       		.byte	0x1
 1392 05dd 79       		.byte	0x79
 1393 05de C5040000 		.4byte	0x4c5
 1394 05e2 02       		.uleb128 0x2
 1395 05e3 91       		.byte	0x91
 1396 05e4 64       		.sleb128 -28
 1397 05e5 13       		.uleb128 0x13
 1398 05e6 34010000 		.4byte	.LASF37
 1399 05ea 01       		.byte	0x1
 1400 05eb 79       		.byte	0x79
 1401 05ec BE050000 		.4byte	0x5be
 1402 05f0 02       		.uleb128 0x2
 1403 05f1 91       		.byte	0x91
 1404 05f2 60       		.sleb128 -32
ARM GAS  C:\Users\KJA\AppData\Local\Temp\ccT7L1YA.s 			page 29


 1405 05f3 15       		.uleb128 0x15
 1406 05f4 4A000000 		.4byte	.LASF48
 1407 05f8 01       		.byte	0x1
 1408 05f9 7B       		.byte	0x7b
 1409 05fa 8C000000 		.4byte	0x8c
 1410 05fe 01       		.uleb128 0x1
 1411 05ff 54       		.byte	0x54
 1412 0600 16       		.uleb128 0x16
 1413 0601 647800   		.ascii	"dx\000"
 1414 0604 01       		.byte	0x1
 1415 0605 7C       		.byte	0x7c
 1416 0606 02030000 		.4byte	0x302
 1417 060a 02       		.uleb128 0x2
 1418 060b 91       		.byte	0x91
 1419 060c 6F       		.sleb128 -17
 1420 060d 16       		.uleb128 0x16
 1421 060e 647900   		.ascii	"dy\000"
 1422 0611 01       		.byte	0x1
 1423 0612 7D       		.byte	0x7d
 1424 0613 02030000 		.4byte	0x302
 1425 0617 02       		.uleb128 0x2
 1426 0618 91       		.byte	0x91
 1427 0619 6E       		.sleb128 -18
 1428 061a 00       		.byte	0
 1429 061b 17       		.uleb128 0x17
 1430 061c E2000000 		.4byte	.LASF78
 1431 0620 01       		.byte	0x1
 1432 0621 92       		.byte	0x92
 1433 0622 8C000000 		.4byte	0x8c
 1434 0626 00000000 		.4byte	.LFB5
 1435 062a 9E010000 		.4byte	.LFE5-.LFB5
 1436 062e 01       		.uleb128 0x1
 1437 062f 9C       		.byte	0x9c
 1438 0630 12       		.uleb128 0x12
 1439 0631 75386700 		.ascii	"u8g\000"
 1440 0635 01       		.byte	0x1
 1441 0636 92       		.byte	0x92
 1442 0637 3C030000 		.4byte	0x33c
 1443 063b 02       		.uleb128 0x2
 1444 063c 91       		.byte	0x91
 1445 063d 6C       		.sleb128 -20
 1446 063e 12       		.uleb128 0x12
 1447 063f 64657600 		.ascii	"dev\000"
 1448 0643 01       		.byte	0x1
 1449 0644 92       		.byte	0x92
 1450 0645 42030000 		.4byte	0x342
 1451 0649 02       		.uleb128 0x2
 1452 064a 91       		.byte	0x91
 1453 064b 68       		.sleb128 -24
 1454 064c 12       		.uleb128 0x12
 1455 064d 6D736700 		.ascii	"msg\000"
 1456 0651 01       		.byte	0x1
 1457 0652 92       		.byte	0x92
 1458 0653 8C000000 		.4byte	0x8c
 1459 0657 02       		.uleb128 0x2
 1460 0658 91       		.byte	0x91
 1461 0659 67       		.sleb128 -25
ARM GAS  C:\Users\KJA\AppData\Local\Temp\ccT7L1YA.s 			page 30


 1462 065a 12       		.uleb128 0x12
 1463 065b 61726700 		.ascii	"arg\000"
 1464 065f 01       		.byte	0x1
 1465 0660 92       		.byte	0x92
 1466 0661 48030000 		.4byte	0x348
 1467 0665 02       		.uleb128 0x2
 1468 0666 91       		.byte	0x91
 1469 0667 60       		.sleb128 -32
 1470 0668 16       		.uleb128 0x16
 1471 0669 706200   		.ascii	"pb\000"
 1472 066c 01       		.byte	0x1
 1473 066d 94       		.byte	0x94
 1474 066e C5040000 		.4byte	0x4c5
 1475 0672 02       		.uleb128 0x2
 1476 0673 91       		.byte	0x91
 1477 0674 74       		.sleb128 -12
 1478 0675 00       		.byte	0
 1479 0676 00       		.byte	0
 1480              		.section	.debug_abbrev,"",%progbits
 1481              	.Ldebug_abbrev0:
 1482 0000 01       		.uleb128 0x1
 1483 0001 11       		.uleb128 0x11
 1484 0002 01       		.byte	0x1
 1485 0003 25       		.uleb128 0x25
 1486 0004 0E       		.uleb128 0xe
 1487 0005 13       		.uleb128 0x13
 1488 0006 0B       		.uleb128 0xb
 1489 0007 03       		.uleb128 0x3
 1490 0008 0E       		.uleb128 0xe
 1491 0009 1B       		.uleb128 0x1b
 1492 000a 0E       		.uleb128 0xe
 1493 000b 55       		.uleb128 0x55
 1494 000c 17       		.uleb128 0x17
 1495 000d 11       		.uleb128 0x11
 1496 000e 01       		.uleb128 0x1
 1497 000f 10       		.uleb128 0x10
 1498 0010 17       		.uleb128 0x17
 1499 0011 00       		.byte	0
 1500 0012 00       		.byte	0
 1501 0013 02       		.uleb128 0x2
 1502 0014 24       		.uleb128 0x24
 1503 0015 00       		.byte	0
 1504 0016 0B       		.uleb128 0xb
 1505 0017 0B       		.uleb128 0xb
 1506 0018 3E       		.uleb128 0x3e
 1507 0019 0B       		.uleb128 0xb
 1508 001a 03       		.uleb128 0x3
 1509 001b 08       		.uleb128 0x8
 1510 001c 00       		.byte	0
 1511 001d 00       		.byte	0
 1512 001e 03       		.uleb128 0x3
 1513 001f 24       		.uleb128 0x24
 1514 0020 00       		.byte	0
 1515 0021 0B       		.uleb128 0xb
 1516 0022 0B       		.uleb128 0xb
 1517 0023 3E       		.uleb128 0x3e
 1518 0024 0B       		.uleb128 0xb
ARM GAS  C:\Users\KJA\AppData\Local\Temp\ccT7L1YA.s 			page 31


 1519 0025 03       		.uleb128 0x3
 1520 0026 0E       		.uleb128 0xe
 1521 0027 00       		.byte	0
 1522 0028 00       		.byte	0
 1523 0029 04       		.uleb128 0x4
 1524 002a 16       		.uleb128 0x16
 1525 002b 00       		.byte	0
 1526 002c 03       		.uleb128 0x3
 1527 002d 0E       		.uleb128 0xe
 1528 002e 3A       		.uleb128 0x3a
 1529 002f 0B       		.uleb128 0xb
 1530 0030 3B       		.uleb128 0x3b
 1531 0031 0B       		.uleb128 0xb
 1532 0032 49       		.uleb128 0x49
 1533 0033 13       		.uleb128 0x13
 1534 0034 00       		.byte	0
 1535 0035 00       		.byte	0
 1536 0036 05       		.uleb128 0x5
 1537 0037 13       		.uleb128 0x13
 1538 0038 01       		.byte	0x1
 1539 0039 03       		.uleb128 0x3
 1540 003a 0E       		.uleb128 0xe
 1541 003b 0B       		.uleb128 0xb
 1542 003c 0B       		.uleb128 0xb
 1543 003d 3A       		.uleb128 0x3a
 1544 003e 0B       		.uleb128 0xb
 1545 003f 3B       		.uleb128 0x3b
 1546 0040 05       		.uleb128 0x5
 1547 0041 01       		.uleb128 0x1
 1548 0042 13       		.uleb128 0x13
 1549 0043 00       		.byte	0
 1550 0044 00       		.byte	0
 1551 0045 06       		.uleb128 0x6
 1552 0046 0D       		.uleb128 0xd
 1553 0047 00       		.byte	0
 1554 0048 03       		.uleb128 0x3
 1555 0049 0E       		.uleb128 0xe
 1556 004a 3A       		.uleb128 0x3a
 1557 004b 0B       		.uleb128 0xb
 1558 004c 3B       		.uleb128 0x3b
 1559 004d 05       		.uleb128 0x5
 1560 004e 49       		.uleb128 0x49
 1561 004f 13       		.uleb128 0x13
 1562 0050 38       		.uleb128 0x38
 1563 0051 0B       		.uleb128 0xb
 1564 0052 00       		.byte	0
 1565 0053 00       		.byte	0
 1566 0054 07       		.uleb128 0x7
 1567 0055 0D       		.uleb128 0xd
 1568 0056 00       		.byte	0
 1569 0057 03       		.uleb128 0x3
 1570 0058 08       		.uleb128 0x8
 1571 0059 3A       		.uleb128 0x3a
 1572 005a 0B       		.uleb128 0xb
 1573 005b 3B       		.uleb128 0x3b
 1574 005c 05       		.uleb128 0x5
 1575 005d 49       		.uleb128 0x49
ARM GAS  C:\Users\KJA\AppData\Local\Temp\ccT7L1YA.s 			page 32


 1576 005e 13       		.uleb128 0x13
 1577 005f 38       		.uleb128 0x38
 1578 0060 0B       		.uleb128 0xb
 1579 0061 00       		.byte	0
 1580 0062 00       		.byte	0
 1581 0063 08       		.uleb128 0x8
 1582 0064 13       		.uleb128 0x13
 1583 0065 01       		.byte	0x1
 1584 0066 03       		.uleb128 0x3
 1585 0067 0E       		.uleb128 0xe
 1586 0068 0B       		.uleb128 0xb
 1587 0069 0B       		.uleb128 0xb
 1588 006a 3A       		.uleb128 0x3a
 1589 006b 0B       		.uleb128 0xb
 1590 006c 3B       		.uleb128 0x3b
 1591 006d 0B       		.uleb128 0xb
 1592 006e 01       		.uleb128 0x1
 1593 006f 13       		.uleb128 0x13
 1594 0070 00       		.byte	0
 1595 0071 00       		.byte	0
 1596 0072 09       		.uleb128 0x9
 1597 0073 0D       		.uleb128 0xd
 1598 0074 00       		.byte	0
 1599 0075 03       		.uleb128 0x3
 1600 0076 0E       		.uleb128 0xe
 1601 0077 3A       		.uleb128 0x3a
 1602 0078 0B       		.uleb128 0xb
 1603 0079 3B       		.uleb128 0x3b
 1604 007a 0B       		.uleb128 0xb
 1605 007b 49       		.uleb128 0x49
 1606 007c 13       		.uleb128 0x13
 1607 007d 38       		.uleb128 0x38
 1608 007e 0B       		.uleb128 0xb
 1609 007f 00       		.byte	0
 1610 0080 00       		.byte	0
 1611 0081 0A       		.uleb128 0xa
 1612 0082 0F       		.uleb128 0xf
 1613 0083 00       		.byte	0
 1614 0084 0B       		.uleb128 0xb
 1615 0085 0B       		.uleb128 0xb
 1616 0086 49       		.uleb128 0x49
 1617 0087 13       		.uleb128 0x13
 1618 0088 00       		.byte	0
 1619 0089 00       		.byte	0
 1620 008a 0B       		.uleb128 0xb
 1621 008b 15       		.uleb128 0x15
 1622 008c 01       		.byte	0x1
 1623 008d 27       		.uleb128 0x27
 1624 008e 19       		.uleb128 0x19
 1625 008f 49       		.uleb128 0x49
 1626 0090 13       		.uleb128 0x13
 1627 0091 01       		.uleb128 0x1
 1628 0092 13       		.uleb128 0x13
 1629 0093 00       		.byte	0
 1630 0094 00       		.byte	0
 1631 0095 0C       		.uleb128 0xc
 1632 0096 05       		.uleb128 0x5
ARM GAS  C:\Users\KJA\AppData\Local\Temp\ccT7L1YA.s 			page 33


 1633 0097 00       		.byte	0
 1634 0098 49       		.uleb128 0x49
 1635 0099 13       		.uleb128 0x13
 1636 009a 00       		.byte	0
 1637 009b 00       		.byte	0
 1638 009c 0D       		.uleb128 0xd
 1639 009d 0F       		.uleb128 0xf
 1640 009e 00       		.byte	0
 1641 009f 0B       		.uleb128 0xb
 1642 00a0 0B       		.uleb128 0xb
 1643 00a1 00       		.byte	0
 1644 00a2 00       		.byte	0
 1645 00a3 0E       		.uleb128 0xe
 1646 00a4 16       		.uleb128 0x16
 1647 00a5 00       		.byte	0
 1648 00a6 03       		.uleb128 0x3
 1649 00a7 0E       		.uleb128 0xe
 1650 00a8 3A       		.uleb128 0x3a
 1651 00a9 0B       		.uleb128 0xb
 1652 00aa 3B       		.uleb128 0x3b
 1653 00ab 05       		.uleb128 0x5
 1654 00ac 49       		.uleb128 0x49
 1655 00ad 13       		.uleb128 0x13
 1656 00ae 00       		.byte	0
 1657 00af 00       		.byte	0
 1658 00b0 0F       		.uleb128 0xf
 1659 00b1 15       		.uleb128 0x15
 1660 00b2 01       		.byte	0x1
 1661 00b3 27       		.uleb128 0x27
 1662 00b4 19       		.uleb128 0x19
 1663 00b5 01       		.uleb128 0x1
 1664 00b6 13       		.uleb128 0x13
 1665 00b7 00       		.byte	0
 1666 00b8 00       		.byte	0
 1667 00b9 10       		.uleb128 0x10
 1668 00ba 26       		.uleb128 0x26
 1669 00bb 00       		.byte	0
 1670 00bc 49       		.uleb128 0x49
 1671 00bd 13       		.uleb128 0x13
 1672 00be 00       		.byte	0
 1673 00bf 00       		.byte	0
 1674 00c0 11       		.uleb128 0x11
 1675 00c1 2E       		.uleb128 0x2e
 1676 00c2 01       		.byte	0x1
 1677 00c3 3F       		.uleb128 0x3f
 1678 00c4 19       		.uleb128 0x19
 1679 00c5 03       		.uleb128 0x3
 1680 00c6 0E       		.uleb128 0xe
 1681 00c7 3A       		.uleb128 0x3a
 1682 00c8 0B       		.uleb128 0xb
 1683 00c9 3B       		.uleb128 0x3b
 1684 00ca 0B       		.uleb128 0xb
 1685 00cb 27       		.uleb128 0x27
 1686 00cc 19       		.uleb128 0x19
 1687 00cd 11       		.uleb128 0x11
 1688 00ce 01       		.uleb128 0x1
 1689 00cf 12       		.uleb128 0x12
ARM GAS  C:\Users\KJA\AppData\Local\Temp\ccT7L1YA.s 			page 34


 1690 00d0 06       		.uleb128 0x6
 1691 00d1 40       		.uleb128 0x40
 1692 00d2 18       		.uleb128 0x18
 1693 00d3 9642     		.uleb128 0x2116
 1694 00d5 19       		.uleb128 0x19
 1695 00d6 01       		.uleb128 0x1
 1696 00d7 13       		.uleb128 0x13
 1697 00d8 00       		.byte	0
 1698 00d9 00       		.byte	0
 1699 00da 12       		.uleb128 0x12
 1700 00db 05       		.uleb128 0x5
 1701 00dc 00       		.byte	0
 1702 00dd 03       		.uleb128 0x3
 1703 00de 08       		.uleb128 0x8
 1704 00df 3A       		.uleb128 0x3a
 1705 00e0 0B       		.uleb128 0xb
 1706 00e1 3B       		.uleb128 0x3b
 1707 00e2 0B       		.uleb128 0xb
 1708 00e3 49       		.uleb128 0x49
 1709 00e4 13       		.uleb128 0x13
 1710 00e5 02       		.uleb128 0x2
 1711 00e6 18       		.uleb128 0x18
 1712 00e7 00       		.byte	0
 1713 00e8 00       		.byte	0
 1714 00e9 13       		.uleb128 0x13
 1715 00ea 05       		.uleb128 0x5
 1716 00eb 00       		.byte	0
 1717 00ec 03       		.uleb128 0x3
 1718 00ed 0E       		.uleb128 0xe
 1719 00ee 3A       		.uleb128 0x3a
 1720 00ef 0B       		.uleb128 0xb
 1721 00f0 3B       		.uleb128 0x3b
 1722 00f1 0B       		.uleb128 0xb
 1723 00f2 49       		.uleb128 0x49
 1724 00f3 13       		.uleb128 0x13
 1725 00f4 02       		.uleb128 0x2
 1726 00f5 18       		.uleb128 0x18
 1727 00f6 00       		.byte	0
 1728 00f7 00       		.byte	0
 1729 00f8 14       		.uleb128 0x14
 1730 00f9 2E       		.uleb128 0x2e
 1731 00fa 01       		.byte	0x1
 1732 00fb 3F       		.uleb128 0x3f
 1733 00fc 19       		.uleb128 0x19
 1734 00fd 03       		.uleb128 0x3
 1735 00fe 0E       		.uleb128 0xe
 1736 00ff 3A       		.uleb128 0x3a
 1737 0100 0B       		.uleb128 0xb
 1738 0101 3B       		.uleb128 0x3b
 1739 0102 0B       		.uleb128 0xb
 1740 0103 27       		.uleb128 0x27
 1741 0104 19       		.uleb128 0x19
 1742 0105 11       		.uleb128 0x11
 1743 0106 01       		.uleb128 0x1
 1744 0107 12       		.uleb128 0x12
 1745 0108 06       		.uleb128 0x6
 1746 0109 40       		.uleb128 0x40
ARM GAS  C:\Users\KJA\AppData\Local\Temp\ccT7L1YA.s 			page 35


 1747 010a 18       		.uleb128 0x18
 1748 010b 9742     		.uleb128 0x2117
 1749 010d 19       		.uleb128 0x19
 1750 010e 01       		.uleb128 0x1
 1751 010f 13       		.uleb128 0x13
 1752 0110 00       		.byte	0
 1753 0111 00       		.byte	0
 1754 0112 15       		.uleb128 0x15
 1755 0113 34       		.uleb128 0x34
 1756 0114 00       		.byte	0
 1757 0115 03       		.uleb128 0x3
 1758 0116 0E       		.uleb128 0xe
 1759 0117 3A       		.uleb128 0x3a
 1760 0118 0B       		.uleb128 0xb
 1761 0119 3B       		.uleb128 0x3b
 1762 011a 0B       		.uleb128 0xb
 1763 011b 49       		.uleb128 0x49
 1764 011c 13       		.uleb128 0x13
 1765 011d 02       		.uleb128 0x2
 1766 011e 18       		.uleb128 0x18
 1767 011f 00       		.byte	0
 1768 0120 00       		.byte	0
 1769 0121 16       		.uleb128 0x16
 1770 0122 34       		.uleb128 0x34
 1771 0123 00       		.byte	0
 1772 0124 03       		.uleb128 0x3
 1773 0125 08       		.uleb128 0x8
 1774 0126 3A       		.uleb128 0x3a
 1775 0127 0B       		.uleb128 0xb
 1776 0128 3B       		.uleb128 0x3b
 1777 0129 0B       		.uleb128 0xb
 1778 012a 49       		.uleb128 0x49
 1779 012b 13       		.uleb128 0x13
 1780 012c 02       		.uleb128 0x2
 1781 012d 18       		.uleb128 0x18
 1782 012e 00       		.byte	0
 1783 012f 00       		.byte	0
 1784 0130 17       		.uleb128 0x17
 1785 0131 2E       		.uleb128 0x2e
 1786 0132 01       		.byte	0x1
 1787 0133 3F       		.uleb128 0x3f
 1788 0134 19       		.uleb128 0x19
 1789 0135 03       		.uleb128 0x3
 1790 0136 0E       		.uleb128 0xe
 1791 0137 3A       		.uleb128 0x3a
 1792 0138 0B       		.uleb128 0xb
 1793 0139 3B       		.uleb128 0x3b
 1794 013a 0B       		.uleb128 0xb
 1795 013b 27       		.uleb128 0x27
 1796 013c 19       		.uleb128 0x19
 1797 013d 49       		.uleb128 0x49
 1798 013e 13       		.uleb128 0x13
 1799 013f 11       		.uleb128 0x11
 1800 0140 01       		.uleb128 0x1
 1801 0141 12       		.uleb128 0x12
 1802 0142 06       		.uleb128 0x6
 1803 0143 40       		.uleb128 0x40
ARM GAS  C:\Users\KJA\AppData\Local\Temp\ccT7L1YA.s 			page 36


 1804 0144 18       		.uleb128 0x18
 1805 0145 9642     		.uleb128 0x2116
 1806 0147 19       		.uleb128 0x19
 1807 0148 00       		.byte	0
 1808 0149 00       		.byte	0
 1809 014a 00       		.byte	0
 1810              		.section	.debug_aranges,"",%progbits
 1811 0000 44000000 		.4byte	0x44
 1812 0004 0200     		.2byte	0x2
 1813 0006 00000000 		.4byte	.Ldebug_info0
 1814 000a 04       		.byte	0x4
 1815 000b 00       		.byte	0
 1816 000c 0000     		.2byte	0
 1817 000e 0000     		.2byte	0
 1818 0010 00000000 		.4byte	.LFB0
 1819 0014 26000000 		.4byte	.LFE0-.LFB0
 1820 0018 00000000 		.4byte	.LFB1
 1821 001c 8C000000 		.4byte	.LFE1-.LFB1
 1822 0020 00000000 		.4byte	.LFB2
 1823 0024 4C000000 		.4byte	.LFE2-.LFB2
 1824 0028 00000000 		.4byte	.LFB3
 1825 002c 82000000 		.4byte	.LFE3-.LFB3
 1826 0030 00000000 		.4byte	.LFB4
 1827 0034 8E000000 		.4byte	.LFE4-.LFB4
 1828 0038 00000000 		.4byte	.LFB5
 1829 003c 9E010000 		.4byte	.LFE5-.LFB5
 1830 0040 00000000 		.4byte	0
 1831 0044 00000000 		.4byte	0
 1832              		.section	.debug_ranges,"",%progbits
 1833              	.Ldebug_ranges0:
 1834 0000 00000000 		.4byte	.LFB0
 1835 0004 26000000 		.4byte	.LFE0
 1836 0008 00000000 		.4byte	.LFB1
 1837 000c 8C000000 		.4byte	.LFE1
 1838 0010 00000000 		.4byte	.LFB2
 1839 0014 4C000000 		.4byte	.LFE2
 1840 0018 00000000 		.4byte	.LFB3
 1841 001c 82000000 		.4byte	.LFE3
 1842 0020 00000000 		.4byte	.LFB4
 1843 0024 8E000000 		.4byte	.LFE4
 1844 0028 00000000 		.4byte	.LFB5
 1845 002c 9E010000 		.4byte	.LFE5
 1846 0030 00000000 		.4byte	0
 1847 0034 00000000 		.4byte	0
 1848              		.section	.debug_line,"",%progbits
 1849              	.Ldebug_line0:
 1850 0000 F5010000 		.section	.debug_str,"MS",%progbits,1
 1850      02003B01 
 1850      00000201 
 1850      FB0E0D00 
 1850      01010101 
 1851              	.LASF47:
 1852 0000 5F753867 		.ascii	"_u8g_dev_arg_pixel_t\000"
 1852      5F646576 
 1852      5F617267 
 1852      5F706978 
 1852      656C5F74 
ARM GAS  C:\Users\KJA\AppData\Local\Temp\ccT7L1YA.s 			page 37


 1853              	.LASF3:
 1854 0015 5F5F7569 		.ascii	"__uint8_t\000"
 1854      6E74385F 
 1854      7400
 1855              	.LASF38:
 1856 001f 73746174 		.ascii	"state_cb\000"
 1856      655F6362 
 1856      00
 1857              	.LASF63:
 1858 0028 7538675F 		.ascii	"u8g_page_t\000"
 1858      70616765 
 1858      5F7400
 1859              	.LASF10:
 1860 0033 6C6F6E67 		.ascii	"long long unsigned int\000"
 1860      206C6F6E 
 1860      6720756E 
 1860      7369676E 
 1860      65642069 
 1861              	.LASF48:
 1862 004a 70697865 		.ascii	"pixel\000"
 1862      6C00
 1863              	.LASF77:
 1864 0050 7538675F 		.ascii	"u8g_pb8h1f_Set8PixelOpt2\000"
 1864      70623868 
 1864      31665F53 
 1864      65743850 
 1864      6978656C 
 1865              	.LASF2:
 1866 0069 5F5F696E 		.ascii	"__int8_t\000"
 1866      74385F74 
 1866      00
 1867              	.LASF68:
 1868 0072 7538675F 		.ascii	"u8g_state_cb\000"
 1868      73746174 
 1868      655F6362 
 1868      00
 1869              	.LASF9:
 1870 007f 6C6F6E67 		.ascii	"long long int\000"
 1870      206C6F6E 
 1870      6720696E 
 1870      7400
 1871              	.LASF1:
 1872 008d 7369676E 		.ascii	"signed char\000"
 1872      65642063 
 1872      68617200 
 1873              	.LASF40:
 1874 0099 7538675F 		.ascii	"u8g_dev_t\000"
 1874      6465765F 
 1874      7400
 1875              	.LASF21:
 1876 00a3 63757273 		.ascii	"cursor_encoding\000"
 1876      6F725F65 
 1876      6E636F64 
 1876      696E6700 
 1877              	.LASF71:
 1878 00b3 7538675F 		.ascii	"u8g_pb8h1f_Init\000"
 1878      70623868 
ARM GAS  C:\Users\KJA\AppData\Local\Temp\ccT7L1YA.s 			page 38


 1878      31665F49 
 1878      6E697400 
 1879              	.LASF25:
 1880 00c3 63757273 		.ascii	"cursor_fn\000"
 1880      6F725F66 
 1880      6E00
 1881              	.LASF7:
 1882 00cd 6C6F6E67 		.ascii	"long int\000"
 1882      20696E74 
 1882      00
 1883              	.LASF57:
 1884 00d6 5F753867 		.ascii	"_u8g_page_t\000"
 1884      5F706167 
 1884      655F7400 
 1885              	.LASF78:
 1886 00e2 7538675F 		.ascii	"u8g_dev_pb8h1f_base_fn\000"
 1886      6465765F 
 1886      70623868 
 1886      31665F62 
 1886      6173655F 
 1887              	.LASF66:
 1888 00f9 7538675F 		.ascii	"u8g_draw_cursor_fn\000"
 1888      64726177 
 1888      5F637572 
 1888      736F725F 
 1888      666E00
 1889              	.LASF41:
 1890 010c 5F753867 		.ascii	"_u8g_t\000"
 1890      5F7400
 1891              	.LASF14:
 1892 0113 7538675F 		.ascii	"u8g_t\000"
 1892      7400
 1893              	.LASF54:
 1894 0119 7538675F 		.ascii	"u8g_uint_t\000"
 1894      75696E74 
 1894      5F7400
 1895              	.LASF20:
 1896 0124 63757273 		.ascii	"cursor_bg_color\000"
 1896      6F725F62 
 1896      675F636F 
 1896      6C6F7200 
 1897              	.LASF37:
 1898 0134 6172675F 		.ascii	"arg_pixel\000"
 1898      70697865 
 1898      6C00
 1899              	.LASF65:
 1900 013e 7538675F 		.ascii	"u8g_pb_t\000"
 1900      70625F74 
 1900      00
 1901              	.LASF34:
 1902 0147 666F6E74 		.ascii	"font_ref_descent\000"
 1902      5F726566 
 1902      5F646573 
 1902      63656E74 
 1902      00
 1903              	.LASF67:
 1904 0158 7538675F 		.ascii	"u8g_font_calc_vref_fnptr\000"
ARM GAS  C:\Users\KJA\AppData\Local\Temp\ccT7L1YA.s 			page 39


 1904      666F6E74 
 1904      5F63616C 
 1904      635F7672 
 1904      65665F66 
 1905              	.LASF74:
 1906 0171 6D61736B 		.ascii	"mask\000"
 1906      00
 1907              	.LASF31:
 1908 0176 666F6E74 		.ascii	"font_calc_vref\000"
 1908      5F63616C 
 1908      635F7672 
 1908      656600
 1909              	.LASF33:
 1910 0185 666F6E74 		.ascii	"font_ref_ascent\000"
 1910      5F726566 
 1910      5F617363 
 1910      656E7400 
 1911              	.LASF0:
 1912 0195 756E7369 		.ascii	"unsigned int\000"
 1912      676E6564 
 1912      20696E74 
 1912      00
 1913              	.LASF19:
 1914 01a2 63757273 		.ascii	"cursor_fg_color\000"
 1914      6F725F66 
 1914      675F636F 
 1914      6C6F7200 
 1915              	.LASF8:
 1916 01b2 6C6F6E67 		.ascii	"long unsigned int\000"
 1916      20756E73 
 1916      69676E65 
 1916      6420696E 
 1916      7400
 1917              	.LASF62:
 1918 01c4 70616765 		.ascii	"page\000"
 1918      00
 1919              	.LASF15:
 1920 01c9 77696474 		.ascii	"width\000"
 1920      6800
 1921              	.LASF81:
 1922 01cf 443A5C57 		.ascii	"D:\\Workspace\\PSoC_Creator\\Active_Load\\Active_Lo"
 1922      6F726B73 
 1922      70616365 
 1922      5C50536F 
 1922      435F4372 
 1923 01fe 61645F76 		.ascii	"ad_v9.cydsn\000"
 1923      392E6379 
 1923      64736E00 
 1924              	.LASF76:
 1925 020a 7538675F 		.ascii	"u8g_pb8h1f_Set8PixelStd\000"
 1925      70623868 
 1925      31665F53 
 1925      65743850 
 1925      6978656C 
 1926              	.LASF52:
 1927 0222 7538675F 		.ascii	"u8g_box_t\000"
 1927      626F785F 
ARM GAS  C:\Users\KJA\AppData\Local\Temp\ccT7L1YA.s 			page 40


 1927      7400
 1928              	.LASF36:
 1929 022c 6C696E65 		.ascii	"line_spacing\000"
 1929      5F737061 
 1929      63696E67 
 1929      00
 1930              	.LASF72:
 1931 0239 7538675F 		.ascii	"u8g_pb8h1f_set_pixel\000"
 1931      70623868 
 1931      31665F73 
 1931      65745F70 
 1931      6978656C 
 1932              	.LASF32:
 1933 024e 666F6E74 		.ascii	"font_height_mode\000"
 1933      5F686569 
 1933      6768745F 
 1933      6D6F6465 
 1933      00
 1934              	.LASF75:
 1935 025f 7538675F 		.ascii	"u8g_pb8h1f_SetPixel\000"
 1935      70623868 
 1935      31665F53 
 1935      65745069 
 1935      78656C00 
 1936              	.LASF30:
 1937 0273 676C7970 		.ascii	"glyph_height\000"
 1937      685F6865 
 1937      69676874 
 1937      00
 1938              	.LASF69:
 1939 0280 73697A65 		.ascii	"sizetype\000"
 1939      74797065 
 1939      00
 1940              	.LASF39:
 1941 0289 63757272 		.ascii	"current_page\000"
 1941      656E745F 
 1941      70616765 
 1941      00
 1942              	.LASF24:
 1943 0296 63757273 		.ascii	"cursor_y\000"
 1943      6F725F79 
 1943      00
 1944              	.LASF79:
 1945 029f 474E5520 		.ascii	"GNU C 4.9.3 20150303 (release) [ARM/embedded-4_9-br"
 1945      4320342E 
 1945      392E3320 
 1945      32303135 
 1945      30333033 
 1946 02d2 616E6368 		.ascii	"anch revision 221220] -mcpu=cortex-m3 -mthumb -g -O"
 1946      20726576 
 1946      6973696F 
 1946      6E203232 
 1946      31323230 
 1947 0305 30202D66 		.ascii	"0 -ffunction-sections -ffat-lto-objects\000"
 1947      66756E63 
 1947      74696F6E 
 1947      2D736563 
ARM GAS  C:\Users\KJA\AppData\Local\Temp\ccT7L1YA.s 			page 41


 1947      74696F6E 
 1948              	.LASF13:
 1949 032d 7538675F 		.ascii	"u8g_pgm_uint8_t\000"
 1949      70676D5F 
 1949      75696E74 
 1949      385F7400 
 1950              	.LASF51:
 1951 033d 626C7565 		.ascii	"blue\000"
 1951      00
 1952              	.LASF64:
 1953 0342 5F753867 		.ascii	"_u8g_pb_t\000"
 1953      5F70625F 
 1953      7400
 1954              	.LASF44:
 1955 034c 6465765F 		.ascii	"dev_mem\000"
 1955      6D656D00 
 1956              	.LASF56:
 1957 0354 7538675F 		.ascii	"u8g_com_fnptr\000"
 1957      636F6D5F 
 1957      666E7074 
 1957      7200
 1958              	.LASF43:
 1959 0362 6465765F 		.ascii	"dev_fn\000"
 1959      666E00
 1960              	.LASF46:
 1961 0369 7538675F 		.ascii	"u8g_dev_arg_pixel_t\000"
 1961      6465765F 
 1961      6172675F 
 1961      70697865 
 1961      6C5F7400 
 1962              	.LASF4:
 1963 037d 756E7369 		.ascii	"unsigned char\000"
 1963      676E6564 
 1963      20636861 
 1963      7200
 1964              	.LASF26:
 1965 038b 676C7970 		.ascii	"glyph_dx\000"
 1965      685F6478 
 1965      00
 1966              	.LASF73:
 1967 0394 636F6C6F 		.ascii	"color_index\000"
 1967      725F696E 
 1967      64657800 
 1968              	.LASF5:
 1969 03a0 73686F72 		.ascii	"short int\000"
 1969      7420696E 
 1969      7400
 1970              	.LASF42:
 1971 03aa 5F753867 		.ascii	"_u8g_dev_t\000"
 1971      5F646576 
 1971      5F7400
 1972              	.LASF58:
 1973 03b5 70616765 		.ascii	"page_height\000"
 1973      5F686569 
 1973      67687400 
 1974              	.LASF18:
 1975 03c1 63757273 		.ascii	"cursor_font\000"
ARM GAS  C:\Users\KJA\AppData\Local\Temp\ccT7L1YA.s 			page 42


 1975      6F725F66 
 1975      6F6E7400 
 1976              	.LASF45:
 1977 03cd 636F6D5F 		.ascii	"com_fn\000"
 1977      666E00
 1978              	.LASF27:
 1979 03d4 676C7970 		.ascii	"glyph_x\000"
 1979      685F7800 
 1980              	.LASF28:
 1981 03dc 676C7970 		.ascii	"glyph_y\000"
 1981      685F7900 
 1982              	.LASF23:
 1983 03e4 63757273 		.ascii	"cursor_x\000"
 1983      6F725F78 
 1983      00
 1984              	.LASF49:
 1985 03ed 636F6C6F 		.ascii	"color\000"
 1985      7200
 1986              	.LASF70:
 1987 03f3 63686172 		.ascii	"char\000"
 1987      00
 1988              	.LASF22:
 1989 03f8 6D6F6465 		.ascii	"mode\000"
 1989      00
 1990              	.LASF59:
 1991 03fd 746F7461 		.ascii	"total_height\000"
 1991      6C5F6865 
 1991      69676874 
 1991      00
 1992              	.LASF6:
 1993 040a 73686F72 		.ascii	"short unsigned int\000"
 1993      7420756E 
 1993      7369676E 
 1993      65642069 
 1993      6E7400
 1994              	.LASF29:
 1995 041d 676C7970 		.ascii	"glyph_width\000"
 1995      685F7769 
 1995      64746800 
 1996              	.LASF11:
 1997 0429 696E7438 		.ascii	"int8_t\000"
 1997      5F7400
 1998              	.LASF17:
 1999 0430 666F6E74 		.ascii	"font\000"
 1999      00
 2000              	.LASF55:
 2001 0435 7538675F 		.ascii	"u8g_dev_fnptr\000"
 2001      6465765F 
 2001      666E7074 
 2001      7200
 2002              	.LASF50:
 2003 0443 68695F63 		.ascii	"hi_color\000"
 2003      6F6C6F72 
 2003      00
 2004              	.LASF12:
 2005 044c 75696E74 		.ascii	"uint8_t\000"
 2005      385F7400 
ARM GAS  C:\Users\KJA\AppData\Local\Temp\ccT7L1YA.s 			page 43


 2006              	.LASF60:
 2007 0454 70616765 		.ascii	"page_y0\000"
 2007      5F793000 
 2008              	.LASF61:
 2009 045c 70616765 		.ascii	"page_y1\000"
 2009      5F793100 
 2010              	.LASF35:
 2011 0464 666F6E74 		.ascii	"font_line_spacing_factor\000"
 2011      5F6C696E 
 2011      655F7370 
 2011      6163696E 
 2011      675F6661 
 2012              	.LASF16:
 2013 047d 68656967 		.ascii	"height\000"
 2013      687400
 2014              	.LASF53:
 2015 0484 5F753867 		.ascii	"_u8g_box_t\000"
 2015      5F626F78 
 2015      5F7400
 2016              	.LASF80:
 2017 048f 7538676C 		.ascii	"u8glib_arm_v1.18.1\\src\\u8g_pb8h1f.c\000"
 2017      69625F61 
 2017      726D5F76 
 2017      312E3138 
 2017      2E315C73 
 2018              		.ident	"GCC: (GNU Tools for ARM Embedded Processors) 4.9.3 20150303 (release) [ARM/embedded-4_9-br
