ARM GAS  C:\Users\KJA\AppData\Local\Temp\cccBXkfk.s 			page 1


   1              		.syntax unified
   2              		.cpu cortex-m3
   3              		.fpu softvfp
   4              		.eabi_attribute 20, 1
   5              		.eabi_attribute 21, 1
   6              		.eabi_attribute 23, 3
   7              		.eabi_attribute 24, 1
   8              		.eabi_attribute 25, 1
   9              		.eabi_attribute 26, 1
  10              		.eabi_attribute 30, 6
  11              		.eabi_attribute 34, 1
  12              		.eabi_attribute 18, 4
  13              		.thumb
  14              		.file	"u8g_pb16v1.c"
  15              		.text
  16              	.Ltext0:
  17              		.cfi_sections	.debug_frame
  18              		.section	.text.u8g_pb16v1_Clear,"ax",%progbits
  19              		.align	2
  20              		.global	u8g_pb16v1_Clear
  21              		.thumb
  22              		.thumb_func
  23              		.type	u8g_pb16v1_Clear, %function
  24              	u8g_pb16v1_Clear:
  25              	.LFB0:
  26              		.file 1 "u8glib_arm_v1.18.1\\src\\u8g_pb16v1.c"
   1:u8glib_arm_v1.18.1\src/u8g_pb16v1.c **** /*
   2:u8glib_arm_v1.18.1\src/u8g_pb16v1.c **** 
   3:u8glib_arm_v1.18.1\src/u8g_pb16v1.c ****   u8g_pb16v1.c
   4:u8glib_arm_v1.18.1\src/u8g_pb16v1.c ****   
   5:u8glib_arm_v1.18.1\src/u8g_pb16v1.c ****   16bit height monochrom (1 bit) page buffer
   6:u8glib_arm_v1.18.1\src/u8g_pb16v1.c ****   byte has vertical orientation
   7:u8glib_arm_v1.18.1\src/u8g_pb16v1.c **** 
   8:u8glib_arm_v1.18.1\src/u8g_pb16v1.c ****   Universal 8bit Graphics Library
   9:u8glib_arm_v1.18.1\src/u8g_pb16v1.c ****   
  10:u8glib_arm_v1.18.1\src/u8g_pb16v1.c ****   Copyright (c) 2011, olikraus@gmail.com
  11:u8glib_arm_v1.18.1\src/u8g_pb16v1.c ****   All rights reserved.
  12:u8glib_arm_v1.18.1\src/u8g_pb16v1.c **** 
  13:u8glib_arm_v1.18.1\src/u8g_pb16v1.c ****   Redistribution and use in source and binary forms, with or without modification, 
  14:u8glib_arm_v1.18.1\src/u8g_pb16v1.c ****   are permitted provided that the following conditions are met:
  15:u8glib_arm_v1.18.1\src/u8g_pb16v1.c **** 
  16:u8glib_arm_v1.18.1\src/u8g_pb16v1.c ****   * Redistributions of source code must retain the above copyright notice, this list 
  17:u8glib_arm_v1.18.1\src/u8g_pb16v1.c ****     of conditions and the following disclaimer.
  18:u8glib_arm_v1.18.1\src/u8g_pb16v1.c ****     
  19:u8glib_arm_v1.18.1\src/u8g_pb16v1.c ****   * Redistributions in binary form must reproduce the above copyright notice, this 
  20:u8glib_arm_v1.18.1\src/u8g_pb16v1.c ****     list of conditions and the following disclaimer in the documentation and/or other 
  21:u8glib_arm_v1.18.1\src/u8g_pb16v1.c ****     materials provided with the distribution.
  22:u8glib_arm_v1.18.1\src/u8g_pb16v1.c **** 
  23:u8glib_arm_v1.18.1\src/u8g_pb16v1.c ****   THIS SOFTWARE IS PROVIDED BY THE COPYRIGHT HOLDERS AND 
  24:u8glib_arm_v1.18.1\src/u8g_pb16v1.c ****   CONTRIBUTORS "AS IS" AND ANY EXPRESS OR IMPLIED WARRANTIES, 
  25:u8glib_arm_v1.18.1\src/u8g_pb16v1.c ****   INCLUDING, BUT NOT LIMITED TO, THE IMPLIED WARRANTIES OF 
  26:u8glib_arm_v1.18.1\src/u8g_pb16v1.c ****   MERCHANTABILITY AND FITNESS FOR A PARTICULAR PURPOSE ARE 
  27:u8glib_arm_v1.18.1\src/u8g_pb16v1.c ****   DISCLAIMED. IN NO EVENT SHALL THE COPYRIGHT HOLDER OR 
  28:u8glib_arm_v1.18.1\src/u8g_pb16v1.c ****   CONTRIBUTORS BE LIABLE FOR ANY DIRECT, INDIRECT, INCIDENTAL, 
  29:u8glib_arm_v1.18.1\src/u8g_pb16v1.c ****   SPECIAL, EXEMPLARY, OR CONSEQUENTIAL DAMAGES (INCLUDING, BUT 
  30:u8glib_arm_v1.18.1\src/u8g_pb16v1.c ****   NOT LIMITED TO, PROCUREMENT OF SUBSTITUTE GOODS OR SERVICES; 
  31:u8glib_arm_v1.18.1\src/u8g_pb16v1.c ****   LOSS OF USE, DATA, OR PROFITS; OR BUSINESS INTERRUPTION) HOWEVER 
ARM GAS  C:\Users\KJA\AppData\Local\Temp\cccBXkfk.s 			page 2


  32:u8glib_arm_v1.18.1\src/u8g_pb16v1.c ****   CAUSED AND ON ANY THEORY OF LIABILITY, WHETHER IN CONTRACT, 
  33:u8glib_arm_v1.18.1\src/u8g_pb16v1.c ****   STRICT LIABILITY, OR TORT (INCLUDING NEGLIGENCE OR OTHERWISE) 
  34:u8glib_arm_v1.18.1\src/u8g_pb16v1.c ****   ARISING IN ANY WAY OUT OF THE USE OF THIS SOFTWARE, EVEN IF 
  35:u8glib_arm_v1.18.1\src/u8g_pb16v1.c ****   ADVISED OF THE POSSIBILITY OF SUCH DAMAGE.  
  36:u8glib_arm_v1.18.1\src/u8g_pb16v1.c ****   
  37:u8glib_arm_v1.18.1\src/u8g_pb16v1.c **** 
  38:u8glib_arm_v1.18.1\src/u8g_pb16v1.c **** */
  39:u8glib_arm_v1.18.1\src/u8g_pb16v1.c **** 
  40:u8glib_arm_v1.18.1\src/u8g_pb16v1.c **** #include "u8g.h"
  41:u8glib_arm_v1.18.1\src/u8g_pb16v1.c **** #include <string.h>
  42:u8glib_arm_v1.18.1\src/u8g_pb16v1.c **** 
  43:u8glib_arm_v1.18.1\src/u8g_pb16v1.c **** 
  44:u8glib_arm_v1.18.1\src/u8g_pb16v1.c **** void u8g_pb16v1_Init(u8g_pb_t *b, void *buf, u8g_uint_t width) U8G_NOINLINE;
  45:u8glib_arm_v1.18.1\src/u8g_pb16v1.c **** void u8g_pb16v1_set_pixel(u8g_pb_t *b, u8g_uint_t x, u8g_uint_t y, uint8_t color_index) U8G_NOINLIN
  46:u8glib_arm_v1.18.1\src/u8g_pb16v1.c **** void u8g_pb16v1_SetPixel(u8g_pb_t *b, const u8g_dev_arg_pixel_t * const arg_pixel) U8G_NOINLINE ;
  47:u8glib_arm_v1.18.1\src/u8g_pb16v1.c **** void u8g_pb16v1_Set8PixelStd(u8g_pb_t *b, u8g_dev_arg_pixel_t *arg_pixel) U8G_NOINLINE;
  48:u8glib_arm_v1.18.1\src/u8g_pb16v1.c **** 
  49:u8glib_arm_v1.18.1\src/u8g_pb16v1.c **** 
  50:u8glib_arm_v1.18.1\src/u8g_pb16v1.c **** void u8g_pb16v1_Clear(u8g_pb_t *b)
  51:u8glib_arm_v1.18.1\src/u8g_pb16v1.c **** {
  27              		.loc 1 51 0
  28              		.cfi_startproc
  29              		@ args = 0, pretend = 0, frame = 16
  30              		@ frame_needed = 1, uses_anonymous_args = 0
  31              		@ link register save eliminated.
  32 0000 80B4     		push	{r7}
  33              		.cfi_def_cfa_offset 4
  34              		.cfi_offset 7, -4
  35 0002 85B0     		sub	sp, sp, #20
  36              		.cfi_def_cfa_offset 24
  37 0004 00AF     		add	r7, sp, #0
  38              		.cfi_def_cfa_register 7
  39 0006 7860     		str	r0, [r7, #4]
  52:u8glib_arm_v1.18.1\src/u8g_pb16v1.c ****   uint8_t *ptr = (uint8_t *)b->buf;
  40              		.loc 1 52 0
  41 0008 7B68     		ldr	r3, [r7, #4]
  42 000a 9B68     		ldr	r3, [r3, #8]
  43 000c FB60     		str	r3, [r7, #12]
  53:u8glib_arm_v1.18.1\src/u8g_pb16v1.c ****   uint8_t *end_ptr = ptr;
  44              		.loc 1 53 0
  45 000e FB68     		ldr	r3, [r7, #12]
  46 0010 BB60     		str	r3, [r7, #8]
  54:u8glib_arm_v1.18.1\src/u8g_pb16v1.c ****   end_ptr += b->width*2;
  47              		.loc 1 54 0
  48 0012 7B68     		ldr	r3, [r7, #4]
  49 0014 5B79     		ldrb	r3, [r3, #5]	@ zero_extendqisi2
  50 0016 5B00     		lsls	r3, r3, #1
  51 0018 1A46     		mov	r2, r3
  52 001a BB68     		ldr	r3, [r7, #8]
  53 001c 1344     		add	r3, r3, r2
  54 001e BB60     		str	r3, [r7, #8]
  55              	.L2:
  55:u8glib_arm_v1.18.1\src/u8g_pb16v1.c ****   do
  56:u8glib_arm_v1.18.1\src/u8g_pb16v1.c ****   {
  57:u8glib_arm_v1.18.1\src/u8g_pb16v1.c ****     *ptr++ = 0;
  56              		.loc 1 57 0 discriminator 1
  57 0020 FB68     		ldr	r3, [r7, #12]
ARM GAS  C:\Users\KJA\AppData\Local\Temp\cccBXkfk.s 			page 3


  58 0022 5A1C     		adds	r2, r3, #1
  59 0024 FA60     		str	r2, [r7, #12]
  60 0026 0022     		movs	r2, #0
  61 0028 1A70     		strb	r2, [r3]
  58:u8glib_arm_v1.18.1\src/u8g_pb16v1.c ****   } while( ptr != end_ptr );
  62              		.loc 1 58 0 discriminator 1
  63 002a FA68     		ldr	r2, [r7, #12]
  64 002c BB68     		ldr	r3, [r7, #8]
  65 002e 9A42     		cmp	r2, r3
  66 0030 F6D1     		bne	.L2
  59:u8glib_arm_v1.18.1\src/u8g_pb16v1.c **** }
  67              		.loc 1 59 0
  68 0032 1437     		adds	r7, r7, #20
  69              		.cfi_def_cfa_offset 4
  70 0034 BD46     		mov	sp, r7
  71              		.cfi_def_cfa_register 13
  72              		@ sp needed
  73 0036 5DF8047B 		ldr	r7, [sp], #4
  74              		.cfi_restore 7
  75              		.cfi_def_cfa_offset 0
  76 003a 7047     		bx	lr
  77              		.cfi_endproc
  78              	.LFE0:
  79              		.size	u8g_pb16v1_Clear, .-u8g_pb16v1_Clear
  80              		.section	.text.u8g_pb16v1_Init,"ax",%progbits
  81              		.align	2
  82              		.global	u8g_pb16v1_Init
  83              		.thumb
  84              		.thumb_func
  85              		.type	u8g_pb16v1_Init, %function
  86              	u8g_pb16v1_Init:
  87              	.LFB1:
  60:u8glib_arm_v1.18.1\src/u8g_pb16v1.c **** 
  61:u8glib_arm_v1.18.1\src/u8g_pb16v1.c **** /* Obsolete, usually set by the init of the structure */
  62:u8glib_arm_v1.18.1\src/u8g_pb16v1.c **** void u8g_pb16v1_Init(u8g_pb_t *b, void *buf, u8g_uint_t width)
  63:u8glib_arm_v1.18.1\src/u8g_pb16v1.c **** {
  88              		.loc 1 63 0
  89              		.cfi_startproc
  90              		@ args = 0, pretend = 0, frame = 16
  91              		@ frame_needed = 1, uses_anonymous_args = 0
  92 0000 80B5     		push	{r7, lr}
  93              		.cfi_def_cfa_offset 8
  94              		.cfi_offset 7, -8
  95              		.cfi_offset 14, -4
  96 0002 84B0     		sub	sp, sp, #16
  97              		.cfi_def_cfa_offset 24
  98 0004 00AF     		add	r7, sp, #0
  99              		.cfi_def_cfa_register 7
 100 0006 F860     		str	r0, [r7, #12]
 101 0008 B960     		str	r1, [r7, #8]
 102 000a 1346     		mov	r3, r2
 103 000c FB71     		strb	r3, [r7, #7]
  64:u8glib_arm_v1.18.1\src/u8g_pb16v1.c ****   b->buf = buf;
 104              		.loc 1 64 0
 105 000e FB68     		ldr	r3, [r7, #12]
 106 0010 BA68     		ldr	r2, [r7, #8]
 107 0012 9A60     		str	r2, [r3, #8]
ARM GAS  C:\Users\KJA\AppData\Local\Temp\cccBXkfk.s 			page 4


  65:u8glib_arm_v1.18.1\src/u8g_pb16v1.c ****   b->width = width;
 108              		.loc 1 65 0
 109 0014 FB68     		ldr	r3, [r7, #12]
 110 0016 FA79     		ldrb	r2, [r7, #7]
 111 0018 5A71     		strb	r2, [r3, #5]
  66:u8glib_arm_v1.18.1\src/u8g_pb16v1.c ****   u8g_pb16v1_Clear(b);
 112              		.loc 1 66 0
 113 001a F868     		ldr	r0, [r7, #12]
 114 001c FFF7FEFF 		bl	u8g_pb16v1_Clear
  67:u8glib_arm_v1.18.1\src/u8g_pb16v1.c **** }
 115              		.loc 1 67 0
 116 0020 1037     		adds	r7, r7, #16
 117              		.cfi_def_cfa_offset 8
 118 0022 BD46     		mov	sp, r7
 119              		.cfi_def_cfa_register 13
 120              		@ sp needed
 121 0024 80BD     		pop	{r7, pc}
 122              		.cfi_endproc
 123              	.LFE1:
 124              		.size	u8g_pb16v1_Init, .-u8g_pb16v1_Init
 125 0026 00BF     		.section	.text.u8g_pb16v1_set_pixel,"ax",%progbits
 126              		.align	2
 127              		.global	u8g_pb16v1_set_pixel
 128              		.thumb
 129              		.thumb_func
 130              		.type	u8g_pb16v1_set_pixel, %function
 131              	u8g_pb16v1_set_pixel:
 132              	.LFB2:
  68:u8glib_arm_v1.18.1\src/u8g_pb16v1.c **** 
  69:u8glib_arm_v1.18.1\src/u8g_pb16v1.c **** void u8g_pb16v1_set_pixel(u8g_pb_t *b, u8g_uint_t x, u8g_uint_t y, uint8_t color_index)
  70:u8glib_arm_v1.18.1\src/u8g_pb16v1.c **** {
 133              		.loc 1 70 0
 134              		.cfi_startproc
 135              		@ args = 0, pretend = 0, frame = 16
 136              		@ frame_needed = 1, uses_anonymous_args = 0
 137              		@ link register save eliminated.
 138 0000 90B4     		push	{r4, r7}
 139              		.cfi_def_cfa_offset 8
 140              		.cfi_offset 4, -8
 141              		.cfi_offset 7, -4
 142 0002 84B0     		sub	sp, sp, #16
 143              		.cfi_def_cfa_offset 24
 144 0004 00AF     		add	r7, sp, #0
 145              		.cfi_def_cfa_register 7
 146 0006 7860     		str	r0, [r7, #4]
 147 0008 0846     		mov	r0, r1
 148 000a 1146     		mov	r1, r2
 149 000c 1A46     		mov	r2, r3
 150 000e 0346     		mov	r3, r0
 151 0010 FB70     		strb	r3, [r7, #3]
 152 0012 0B46     		mov	r3, r1
 153 0014 BB70     		strb	r3, [r7, #2]
 154 0016 1346     		mov	r3, r2
 155 0018 7B70     		strb	r3, [r7, #1]
  71:u8glib_arm_v1.18.1\src/u8g_pb16v1.c ****   register uint8_t mask;
  72:u8glib_arm_v1.18.1\src/u8g_pb16v1.c ****   uint8_t *ptr = b->buf;
 156              		.loc 1 72 0
ARM GAS  C:\Users\KJA\AppData\Local\Temp\cccBXkfk.s 			page 5


 157 001a 7B68     		ldr	r3, [r7, #4]
 158 001c 9B68     		ldr	r3, [r3, #8]
 159 001e FB60     		str	r3, [r7, #12]
  73:u8glib_arm_v1.18.1\src/u8g_pb16v1.c ****   
  74:u8glib_arm_v1.18.1\src/u8g_pb16v1.c ****   y -= b->p.page_y0;
 160              		.loc 1 74 0
 161 0020 7B68     		ldr	r3, [r7, #4]
 162 0022 9B78     		ldrb	r3, [r3, #2]	@ zero_extendqisi2
 163 0024 BA78     		ldrb	r2, [r7, #2]
 164 0026 D31A     		subs	r3, r2, r3
 165 0028 BB70     		strb	r3, [r7, #2]
  75:u8glib_arm_v1.18.1\src/u8g_pb16v1.c ****   if ( y >= 8 )
 166              		.loc 1 75 0
 167 002a BB78     		ldrb	r3, [r7, #2]	@ zero_extendqisi2
 168 002c 072B     		cmp	r3, #7
 169 002e 09D9     		bls	.L5
  76:u8glib_arm_v1.18.1\src/u8g_pb16v1.c ****   {
  77:u8glib_arm_v1.18.1\src/u8g_pb16v1.c ****     ptr += b->width;
 170              		.loc 1 77 0
 171 0030 7B68     		ldr	r3, [r7, #4]
 172 0032 5B79     		ldrb	r3, [r3, #5]	@ zero_extendqisi2
 173 0034 1A46     		mov	r2, r3
 174 0036 FB68     		ldr	r3, [r7, #12]
 175 0038 1344     		add	r3, r3, r2
 176 003a FB60     		str	r3, [r7, #12]
  78:u8glib_arm_v1.18.1\src/u8g_pb16v1.c ****     y &= 0x07;
 177              		.loc 1 78 0
 178 003c BB78     		ldrb	r3, [r7, #2]
 179 003e 03F00703 		and	r3, r3, #7
 180 0042 BB70     		strb	r3, [r7, #2]
 181              	.L5:
  79:u8glib_arm_v1.18.1\src/u8g_pb16v1.c ****   }
  80:u8glib_arm_v1.18.1\src/u8g_pb16v1.c ****   mask = 1;
 182              		.loc 1 80 0
 183 0044 0124     		movs	r4, #1
  81:u8glib_arm_v1.18.1\src/u8g_pb16v1.c ****   mask <<= y;
 184              		.loc 1 81 0
 185 0046 2246     		mov	r2, r4
 186 0048 BB78     		ldrb	r3, [r7, #2]	@ zero_extendqisi2
 187 004a 02FA03F3 		lsl	r3, r2, r3
 188 004e DCB2     		uxtb	r4, r3
  82:u8glib_arm_v1.18.1\src/u8g_pb16v1.c ****   ptr += x;
 189              		.loc 1 82 0
 190 0050 FB78     		ldrb	r3, [r7, #3]	@ zero_extendqisi2
 191 0052 FA68     		ldr	r2, [r7, #12]
 192 0054 1344     		add	r3, r3, r2
 193 0056 FB60     		str	r3, [r7, #12]
  83:u8glib_arm_v1.18.1\src/u8g_pb16v1.c ****   if ( color_index )
 194              		.loc 1 83 0
 195 0058 7B78     		ldrb	r3, [r7, #1]	@ zero_extendqisi2
 196 005a 002B     		cmp	r3, #0
 197 005c 06D0     		beq	.L6
  84:u8glib_arm_v1.18.1\src/u8g_pb16v1.c ****   {
  85:u8glib_arm_v1.18.1\src/u8g_pb16v1.c ****     *ptr |= mask;
 198              		.loc 1 85 0
 199 005e FB68     		ldr	r3, [r7, #12]
 200 0060 1B78     		ldrb	r3, [r3]	@ zero_extendqisi2
ARM GAS  C:\Users\KJA\AppData\Local\Temp\cccBXkfk.s 			page 6


 201 0062 2343     		orrs	r3, r3, r4
 202 0064 DAB2     		uxtb	r2, r3
 203 0066 FB68     		ldr	r3, [r7, #12]
 204 0068 1A70     		strb	r2, [r3]
 205 006a 07E0     		b	.L4
 206              	.L6:
  86:u8glib_arm_v1.18.1\src/u8g_pb16v1.c ****   }
  87:u8glib_arm_v1.18.1\src/u8g_pb16v1.c ****   else
  88:u8glib_arm_v1.18.1\src/u8g_pb16v1.c ****   {
  89:u8glib_arm_v1.18.1\src/u8g_pb16v1.c ****     mask ^=0xff;
 207              		.loc 1 89 0
 208 006c E343     		mvns	r3, r4
 209 006e DCB2     		uxtb	r4, r3
  90:u8glib_arm_v1.18.1\src/u8g_pb16v1.c ****     *ptr &= mask;
 210              		.loc 1 90 0
 211 0070 FB68     		ldr	r3, [r7, #12]
 212 0072 1B78     		ldrb	r3, [r3]	@ zero_extendqisi2
 213 0074 2340     		ands	r3, r3, r4
 214 0076 DAB2     		uxtb	r2, r3
 215 0078 FB68     		ldr	r3, [r7, #12]
 216 007a 1A70     		strb	r2, [r3]
 217              	.L4:
  91:u8glib_arm_v1.18.1\src/u8g_pb16v1.c ****   }
  92:u8glib_arm_v1.18.1\src/u8g_pb16v1.c **** }
 218              		.loc 1 92 0
 219 007c 1037     		adds	r7, r7, #16
 220              		.cfi_def_cfa_offset 8
 221 007e BD46     		mov	sp, r7
 222              		.cfi_def_cfa_register 13
 223              		@ sp needed
 224 0080 90BC     		pop	{r4, r7}
 225              		.cfi_restore 7
 226              		.cfi_restore 4
 227              		.cfi_def_cfa_offset 0
 228 0082 7047     		bx	lr
 229              		.cfi_endproc
 230              	.LFE2:
 231              		.size	u8g_pb16v1_set_pixel, .-u8g_pb16v1_set_pixel
 232              		.section	.text.u8g_pb16v1_SetPixel,"ax",%progbits
 233              		.align	2
 234              		.global	u8g_pb16v1_SetPixel
 235              		.thumb
 236              		.thumb_func
 237              		.type	u8g_pb16v1_SetPixel, %function
 238              	u8g_pb16v1_SetPixel:
 239              	.LFB3:
  93:u8glib_arm_v1.18.1\src/u8g_pb16v1.c **** 
  94:u8glib_arm_v1.18.1\src/u8g_pb16v1.c **** 
  95:u8glib_arm_v1.18.1\src/u8g_pb16v1.c **** void u8g_pb16v1_SetPixel(u8g_pb_t *b, const u8g_dev_arg_pixel_t * const arg_pixel)
  96:u8glib_arm_v1.18.1\src/u8g_pb16v1.c **** {
 240              		.loc 1 96 0
 241              		.cfi_startproc
 242              		@ args = 0, pretend = 0, frame = 8
 243              		@ frame_needed = 1, uses_anonymous_args = 0
 244 0000 80B5     		push	{r7, lr}
 245              		.cfi_def_cfa_offset 8
 246              		.cfi_offset 7, -8
ARM GAS  C:\Users\KJA\AppData\Local\Temp\cccBXkfk.s 			page 7


 247              		.cfi_offset 14, -4
 248 0002 82B0     		sub	sp, sp, #8
 249              		.cfi_def_cfa_offset 16
 250 0004 00AF     		add	r7, sp, #0
 251              		.cfi_def_cfa_register 7
 252 0006 7860     		str	r0, [r7, #4]
 253 0008 3960     		str	r1, [r7]
  97:u8glib_arm_v1.18.1\src/u8g_pb16v1.c ****   if ( arg_pixel->y < b->p.page_y0 )
 254              		.loc 1 97 0
 255 000a 3B68     		ldr	r3, [r7]
 256 000c 5A78     		ldrb	r2, [r3, #1]	@ zero_extendqisi2
 257 000e 7B68     		ldr	r3, [r7, #4]
 258 0010 9B78     		ldrb	r3, [r3, #2]	@ zero_extendqisi2
 259 0012 9A42     		cmp	r2, r3
 260 0014 00D2     		bcs	.L9
  98:u8glib_arm_v1.18.1\src/u8g_pb16v1.c ****     return;
 261              		.loc 1 98 0
 262 0016 16E0     		b	.L8
 263              	.L9:
  99:u8glib_arm_v1.18.1\src/u8g_pb16v1.c ****   if ( arg_pixel->y > b->p.page_y1 )
 264              		.loc 1 99 0
 265 0018 3B68     		ldr	r3, [r7]
 266 001a 5A78     		ldrb	r2, [r3, #1]	@ zero_extendqisi2
 267 001c 7B68     		ldr	r3, [r7, #4]
 268 001e DB78     		ldrb	r3, [r3, #3]	@ zero_extendqisi2
 269 0020 9A42     		cmp	r2, r3
 270 0022 00D9     		bls	.L11
 100:u8glib_arm_v1.18.1\src/u8g_pb16v1.c ****     return;
 271              		.loc 1 100 0 discriminator 2
 272 0024 0FE0     		b	.L8
 273              	.L11:
 101:u8glib_arm_v1.18.1\src/u8g_pb16v1.c ****   if ( arg_pixel->x >= b->width )
 274              		.loc 1 101 0
 275 0026 3B68     		ldr	r3, [r7]
 276 0028 1A78     		ldrb	r2, [r3]	@ zero_extendqisi2
 277 002a 7B68     		ldr	r3, [r7, #4]
 278 002c 5B79     		ldrb	r3, [r3, #5]	@ zero_extendqisi2
 279 002e 9A42     		cmp	r2, r3
 280 0030 00D3     		bcc	.L12
 102:u8glib_arm_v1.18.1\src/u8g_pb16v1.c ****     return;
 281              		.loc 1 102 0 discriminator 3
 282 0032 08E0     		b	.L8
 283              	.L12:
 103:u8glib_arm_v1.18.1\src/u8g_pb16v1.c ****   u8g_pb16v1_set_pixel(b, arg_pixel->x, arg_pixel->y, arg_pixel->color);
 284              		.loc 1 103 0
 285 0034 3B68     		ldr	r3, [r7]
 286 0036 1978     		ldrb	r1, [r3]	@ zero_extendqisi2
 287 0038 3B68     		ldr	r3, [r7]
 288 003a 5A78     		ldrb	r2, [r3, #1]	@ zero_extendqisi2
 289 003c 3B68     		ldr	r3, [r7]
 290 003e 1B79     		ldrb	r3, [r3, #4]	@ zero_extendqisi2
 291 0040 7868     		ldr	r0, [r7, #4]
 292 0042 FFF7FEFF 		bl	u8g_pb16v1_set_pixel
 293              	.L8:
 104:u8glib_arm_v1.18.1\src/u8g_pb16v1.c **** }
 294              		.loc 1 104 0
 295 0046 0837     		adds	r7, r7, #8
ARM GAS  C:\Users\KJA\AppData\Local\Temp\cccBXkfk.s 			page 8


 296              		.cfi_def_cfa_offset 8
 297 0048 BD46     		mov	sp, r7
 298              		.cfi_def_cfa_register 13
 299              		@ sp needed
 300 004a 80BD     		pop	{r7, pc}
 301              		.cfi_endproc
 302              	.LFE3:
 303              		.size	u8g_pb16v1_SetPixel, .-u8g_pb16v1_SetPixel
 304              		.section	.text.u8g_pb16v1_Set8PixelStd,"ax",%progbits
 305              		.align	2
 306              		.global	u8g_pb16v1_Set8PixelStd
 307              		.thumb
 308              		.thumb_func
 309              		.type	u8g_pb16v1_Set8PixelStd, %function
 310              	u8g_pb16v1_Set8PixelStd:
 311              	.LFB4:
 105:u8glib_arm_v1.18.1\src/u8g_pb16v1.c **** 
 106:u8glib_arm_v1.18.1\src/u8g_pb16v1.c **** void u8g_pb16v1_Set8PixelStd(u8g_pb_t *b, u8g_dev_arg_pixel_t *arg_pixel)
 107:u8glib_arm_v1.18.1\src/u8g_pb16v1.c **** {
 312              		.loc 1 107 0
 313              		.cfi_startproc
 314              		@ args = 0, pretend = 0, frame = 8
 315              		@ frame_needed = 1, uses_anonymous_args = 0
 316 0000 90B5     		push	{r4, r7, lr}
 317              		.cfi_def_cfa_offset 12
 318              		.cfi_offset 4, -12
 319              		.cfi_offset 7, -8
 320              		.cfi_offset 14, -4
 321 0002 83B0     		sub	sp, sp, #12
 322              		.cfi_def_cfa_offset 24
 323 0004 00AF     		add	r7, sp, #0
 324              		.cfi_def_cfa_register 7
 325 0006 7860     		str	r0, [r7, #4]
 326 0008 3960     		str	r1, [r7]
 108:u8glib_arm_v1.18.1\src/u8g_pb16v1.c ****   register uint8_t pixel = arg_pixel->pixel;
 327              		.loc 1 108 0
 328 000a 3B68     		ldr	r3, [r7]
 329 000c 9C78     		ldrb	r4, [r3, #2]	@ zero_extendqisi2
 330              	.L21:
 109:u8glib_arm_v1.18.1\src/u8g_pb16v1.c ****   do
 110:u8glib_arm_v1.18.1\src/u8g_pb16v1.c ****   {
 111:u8glib_arm_v1.18.1\src/u8g_pb16v1.c ****     if ( pixel & 128 )
 331              		.loc 1 111 0
 332 000e E3B2     		uxtb	r3, r4
 333 0010 5BB2     		sxtb	r3, r3
 334 0012 002B     		cmp	r3, #0
 335 0014 03DA     		bge	.L14
 112:u8glib_arm_v1.18.1\src/u8g_pb16v1.c ****     {
 113:u8glib_arm_v1.18.1\src/u8g_pb16v1.c ****       u8g_pb16v1_SetPixel(b, arg_pixel);
 336              		.loc 1 113 0
 337 0016 7868     		ldr	r0, [r7, #4]
 338 0018 3968     		ldr	r1, [r7]
 339 001a FFF7FEFF 		bl	u8g_pb16v1_SetPixel
 340              	.L14:
 114:u8glib_arm_v1.18.1\src/u8g_pb16v1.c ****     }
 115:u8glib_arm_v1.18.1\src/u8g_pb16v1.c ****     switch( arg_pixel->dir )
 341              		.loc 1 115 0
ARM GAS  C:\Users\KJA\AppData\Local\Temp\cccBXkfk.s 			page 9


 342 001e 3B68     		ldr	r3, [r7]
 343 0020 DB78     		ldrb	r3, [r3, #3]	@ zero_extendqisi2
 344 0022 032B     		cmp	r3, #3
 345 0024 26D8     		bhi	.L15
 346 0026 01A2     		adr	r2, .L17
 347 0028 52F823F0 		ldr	pc, [r2, r3, lsl #2]
 348              		.p2align 2
 349              	.L17:
 350 002c 3D000000 		.word	.L16+1
 351 0030 4B000000 		.word	.L18+1
 352 0034 59000000 		.word	.L19+1
 353 0038 67000000 		.word	.L20+1
 354              		.p2align 1
 355              	.L16:
 116:u8glib_arm_v1.18.1\src/u8g_pb16v1.c ****     {
 117:u8glib_arm_v1.18.1\src/u8g_pb16v1.c ****       case 0: arg_pixel->x++; break;
 356              		.loc 1 117 0
 357 003c 3B68     		ldr	r3, [r7]
 358 003e 1B78     		ldrb	r3, [r3]	@ zero_extendqisi2
 359 0040 0133     		adds	r3, r3, #1
 360 0042 DAB2     		uxtb	r2, r3
 361 0044 3B68     		ldr	r3, [r7]
 362 0046 1A70     		strb	r2, [r3]
 363 0048 14E0     		b	.L15
 364              	.L18:
 118:u8glib_arm_v1.18.1\src/u8g_pb16v1.c ****       case 1: arg_pixel->y++; break;
 365              		.loc 1 118 0
 366 004a 3B68     		ldr	r3, [r7]
 367 004c 5B78     		ldrb	r3, [r3, #1]	@ zero_extendqisi2
 368 004e 0133     		adds	r3, r3, #1
 369 0050 DAB2     		uxtb	r2, r3
 370 0052 3B68     		ldr	r3, [r7]
 371 0054 5A70     		strb	r2, [r3, #1]
 372 0056 0DE0     		b	.L15
 373              	.L19:
 119:u8glib_arm_v1.18.1\src/u8g_pb16v1.c ****       case 2: arg_pixel->x--; break;
 374              		.loc 1 119 0
 375 0058 3B68     		ldr	r3, [r7]
 376 005a 1B78     		ldrb	r3, [r3]	@ zero_extendqisi2
 377 005c 013B     		subs	r3, r3, #1
 378 005e DAB2     		uxtb	r2, r3
 379 0060 3B68     		ldr	r3, [r7]
 380 0062 1A70     		strb	r2, [r3]
 381 0064 06E0     		b	.L15
 382              	.L20:
 120:u8glib_arm_v1.18.1\src/u8g_pb16v1.c ****       case 3: arg_pixel->y--; break;
 383              		.loc 1 120 0
 384 0066 3B68     		ldr	r3, [r7]
 385 0068 5B78     		ldrb	r3, [r3, #1]	@ zero_extendqisi2
 386 006a 013B     		subs	r3, r3, #1
 387 006c DAB2     		uxtb	r2, r3
 388 006e 3B68     		ldr	r3, [r7]
 389 0070 5A70     		strb	r2, [r3, #1]
 390 0072 00BF     		nop
 391              	.L15:
 121:u8glib_arm_v1.18.1\src/u8g_pb16v1.c ****     }
 122:u8glib_arm_v1.18.1\src/u8g_pb16v1.c ****     pixel <<= 1;
ARM GAS  C:\Users\KJA\AppData\Local\Temp\cccBXkfk.s 			page 10


 392              		.loc 1 122 0
 393 0074 6300     		lsls	r3, r4, #1
 394 0076 DCB2     		uxtb	r4, r3
 123:u8glib_arm_v1.18.1\src/u8g_pb16v1.c ****   } while( pixel != 0  );
 395              		.loc 1 123 0
 396 0078 002C     		cmp	r4, #0
 397 007a C8D1     		bne	.L21
 124:u8glib_arm_v1.18.1\src/u8g_pb16v1.c **** }
 398              		.loc 1 124 0
 399 007c 0C37     		adds	r7, r7, #12
 400              		.cfi_def_cfa_offset 12
 401 007e BD46     		mov	sp, r7
 402              		.cfi_def_cfa_register 13
 403              		@ sp needed
 404 0080 90BD     		pop	{r4, r7, pc}
 405              		.cfi_endproc
 406              	.LFE4:
 407              		.size	u8g_pb16v1_Set8PixelStd, .-u8g_pb16v1_Set8PixelStd
 408 0082 00BF     		.section	.text.u8g_pb16v1_Set8PixelOpt2,"ax",%progbits
 409              		.align	2
 410              		.global	u8g_pb16v1_Set8PixelOpt2
 411              		.thumb
 412              		.thumb_func
 413              		.type	u8g_pb16v1_Set8PixelOpt2, %function
 414              	u8g_pb16v1_Set8PixelOpt2:
 415              	.LFB5:
 125:u8glib_arm_v1.18.1\src/u8g_pb16v1.c **** 
 126:u8glib_arm_v1.18.1\src/u8g_pb16v1.c **** 
 127:u8glib_arm_v1.18.1\src/u8g_pb16v1.c **** void u8g_pb16v1_Set8PixelOpt2(u8g_pb_t *b, u8g_dev_arg_pixel_t *arg_pixel)
 128:u8glib_arm_v1.18.1\src/u8g_pb16v1.c **** {
 416              		.loc 1 128 0
 417              		.cfi_startproc
 418              		@ args = 0, pretend = 0, frame = 16
 419              		@ frame_needed = 1, uses_anonymous_args = 0
 420 0000 90B5     		push	{r4, r7, lr}
 421              		.cfi_def_cfa_offset 12
 422              		.cfi_offset 4, -12
 423              		.cfi_offset 7, -8
 424              		.cfi_offset 14, -4
 425 0002 85B0     		sub	sp, sp, #20
 426              		.cfi_def_cfa_offset 32
 427 0004 00AF     		add	r7, sp, #0
 428              		.cfi_def_cfa_register 7
 429 0006 7860     		str	r0, [r7, #4]
 430 0008 3960     		str	r1, [r7]
 129:u8glib_arm_v1.18.1\src/u8g_pb16v1.c ****   register uint8_t pixel = arg_pixel->pixel;
 431              		.loc 1 129 0
 432 000a 3B68     		ldr	r3, [r7]
 433 000c 9C78     		ldrb	r4, [r3, #2]	@ zero_extendqisi2
 130:u8glib_arm_v1.18.1\src/u8g_pb16v1.c ****   u8g_uint_t dx = 0;
 434              		.loc 1 130 0
 435 000e 0023     		movs	r3, #0
 436 0010 FB73     		strb	r3, [r7, #15]
 131:u8glib_arm_v1.18.1\src/u8g_pb16v1.c ****   u8g_uint_t dy = 0;
 437              		.loc 1 131 0
 438 0012 0023     		movs	r3, #0
 439 0014 BB73     		strb	r3, [r7, #14]
ARM GAS  C:\Users\KJA\AppData\Local\Temp\cccBXkfk.s 			page 11


 132:u8glib_arm_v1.18.1\src/u8g_pb16v1.c ****   
 133:u8glib_arm_v1.18.1\src/u8g_pb16v1.c ****   switch( arg_pixel->dir )
 440              		.loc 1 133 0
 441 0016 3B68     		ldr	r3, [r7]
 442 0018 DB78     		ldrb	r3, [r3, #3]	@ zero_extendqisi2
 443 001a 032B     		cmp	r3, #3
 444 001c 1AD8     		bhi	.L23
 445 001e 01A2     		adr	r2, .L25
 446 0020 52F823F0 		ldr	pc, [r2, r3, lsl #2]
 447              		.p2align 2
 448              	.L25:
 449 0024 35000000 		.word	.L24+1
 450 0028 3D000000 		.word	.L26+1
 451 002c 45000000 		.word	.L27+1
 452 0030 4D000000 		.word	.L28+1
 453              		.p2align 1
 454              	.L24:
 134:u8glib_arm_v1.18.1\src/u8g_pb16v1.c ****   {
 135:u8glib_arm_v1.18.1\src/u8g_pb16v1.c ****     case 0: dx++; break;
 455              		.loc 1 135 0
 456 0034 FB7B     		ldrb	r3, [r7, #15]	@ zero_extendqisi2
 457 0036 0133     		adds	r3, r3, #1
 458 0038 FB73     		strb	r3, [r7, #15]
 459 003a 0BE0     		b	.L23
 460              	.L26:
 136:u8glib_arm_v1.18.1\src/u8g_pb16v1.c ****     case 1: dy++; break;
 461              		.loc 1 136 0
 462 003c BB7B     		ldrb	r3, [r7, #14]	@ zero_extendqisi2
 463 003e 0133     		adds	r3, r3, #1
 464 0040 BB73     		strb	r3, [r7, #14]
 465 0042 07E0     		b	.L23
 466              	.L27:
 137:u8glib_arm_v1.18.1\src/u8g_pb16v1.c ****     case 2: dx--; break;
 467              		.loc 1 137 0
 468 0044 FB7B     		ldrb	r3, [r7, #15]	@ zero_extendqisi2
 469 0046 013B     		subs	r3, r3, #1
 470 0048 FB73     		strb	r3, [r7, #15]
 471 004a 03E0     		b	.L23
 472              	.L28:
 138:u8glib_arm_v1.18.1\src/u8g_pb16v1.c ****     case 3: dy--; break;
 473              		.loc 1 138 0
 474 004c BB7B     		ldrb	r3, [r7, #14]	@ zero_extendqisi2
 475 004e 013B     		subs	r3, r3, #1
 476 0050 BB73     		strb	r3, [r7, #14]
 477 0052 00BF     		nop
 478              	.L23:
 139:u8glib_arm_v1.18.1\src/u8g_pb16v1.c ****   }
 140:u8glib_arm_v1.18.1\src/u8g_pb16v1.c ****   
 141:u8glib_arm_v1.18.1\src/u8g_pb16v1.c ****   do
 142:u8glib_arm_v1.18.1\src/u8g_pb16v1.c ****   {
 143:u8glib_arm_v1.18.1\src/u8g_pb16v1.c ****     if ( pixel & 128 )
 479              		.loc 1 143 0
 480 0054 E3B2     		uxtb	r3, r4
 481 0056 5BB2     		sxtb	r3, r3
 482 0058 002B     		cmp	r3, #0
 483 005a 03DA     		bge	.L29
 144:u8glib_arm_v1.18.1\src/u8g_pb16v1.c ****       u8g_pb16v1_SetPixel(b, arg_pixel);
ARM GAS  C:\Users\KJA\AppData\Local\Temp\cccBXkfk.s 			page 12


 484              		.loc 1 144 0
 485 005c 7868     		ldr	r0, [r7, #4]
 486 005e 3968     		ldr	r1, [r7]
 487 0060 FFF7FEFF 		bl	u8g_pb16v1_SetPixel
 488              	.L29:
 145:u8glib_arm_v1.18.1\src/u8g_pb16v1.c ****     arg_pixel->x += dx;
 489              		.loc 1 145 0
 490 0064 3B68     		ldr	r3, [r7]
 491 0066 1A78     		ldrb	r2, [r3]	@ zero_extendqisi2
 492 0068 FB7B     		ldrb	r3, [r7, #15]
 493 006a 1344     		add	r3, r3, r2
 494 006c DAB2     		uxtb	r2, r3
 495 006e 3B68     		ldr	r3, [r7]
 496 0070 1A70     		strb	r2, [r3]
 146:u8glib_arm_v1.18.1\src/u8g_pb16v1.c ****     arg_pixel->y += dy;
 497              		.loc 1 146 0
 498 0072 3B68     		ldr	r3, [r7]
 499 0074 5A78     		ldrb	r2, [r3, #1]	@ zero_extendqisi2
 500 0076 BB7B     		ldrb	r3, [r7, #14]
 501 0078 1344     		add	r3, r3, r2
 502 007a DAB2     		uxtb	r2, r3
 503 007c 3B68     		ldr	r3, [r7]
 504 007e 5A70     		strb	r2, [r3, #1]
 147:u8glib_arm_v1.18.1\src/u8g_pb16v1.c ****     pixel <<= 1;
 505              		.loc 1 147 0
 506 0080 6300     		lsls	r3, r4, #1
 507 0082 DCB2     		uxtb	r4, r3
 148:u8glib_arm_v1.18.1\src/u8g_pb16v1.c ****   } while( pixel != 0  );
 508              		.loc 1 148 0
 509 0084 002C     		cmp	r4, #0
 510 0086 E5D1     		bne	.L23
 149:u8glib_arm_v1.18.1\src/u8g_pb16v1.c ****   
 150:u8glib_arm_v1.18.1\src/u8g_pb16v1.c **** }
 511              		.loc 1 150 0
 512 0088 1437     		adds	r7, r7, #20
 513              		.cfi_def_cfa_offset 12
 514 008a BD46     		mov	sp, r7
 515              		.cfi_def_cfa_register 13
 516              		@ sp needed
 517 008c 90BD     		pop	{r4, r7, pc}
 518              		.cfi_endproc
 519              	.LFE5:
 520              		.size	u8g_pb16v1_Set8PixelOpt2, .-u8g_pb16v1_Set8PixelOpt2
 521 008e 00BF     		.section	.text.u8g_dev_pb16v1_base_fn,"ax",%progbits
 522              		.align	2
 523              		.global	u8g_dev_pb16v1_base_fn
 524              		.thumb
 525              		.thumb_func
 526              		.type	u8g_dev_pb16v1_base_fn, %function
 527              	u8g_dev_pb16v1_base_fn:
 528              	.LFB6:
 151:u8glib_arm_v1.18.1\src/u8g_pb16v1.c **** 
 152:u8glib_arm_v1.18.1\src/u8g_pb16v1.c **** uint8_t u8g_dev_pb16v1_base_fn(u8g_t *u8g, u8g_dev_t *dev, uint8_t msg, void *arg)
 153:u8glib_arm_v1.18.1\src/u8g_pb16v1.c **** {
 529              		.loc 1 153 0
 530              		.cfi_startproc
 531              		@ args = 0, pretend = 0, frame = 24
ARM GAS  C:\Users\KJA\AppData\Local\Temp\cccBXkfk.s 			page 13


 532              		@ frame_needed = 1, uses_anonymous_args = 0
 533 0000 80B5     		push	{r7, lr}
 534              		.cfi_def_cfa_offset 8
 535              		.cfi_offset 7, -8
 536              		.cfi_offset 14, -4
 537 0002 86B0     		sub	sp, sp, #24
 538              		.cfi_def_cfa_offset 32
 539 0004 00AF     		add	r7, sp, #0
 540              		.cfi_def_cfa_register 7
 541 0006 F860     		str	r0, [r7, #12]
 542 0008 B960     		str	r1, [r7, #8]
 543 000a 3B60     		str	r3, [r7]
 544 000c 1346     		mov	r3, r2
 545 000e FB71     		strb	r3, [r7, #7]
 154:u8glib_arm_v1.18.1\src/u8g_pb16v1.c ****   u8g_pb_t *pb = (u8g_pb_t *)(dev->dev_mem);
 546              		.loc 1 154 0
 547 0010 BB68     		ldr	r3, [r7, #8]
 548 0012 5B68     		ldr	r3, [r3, #4]
 549 0014 7B61     		str	r3, [r7, #20]
 155:u8glib_arm_v1.18.1\src/u8g_pb16v1.c ****   switch(msg)
 550              		.loc 1 155 0
 551 0016 FB79     		ldrb	r3, [r7, #7]	@ zero_extendqisi2
 552 0018 0A3B     		subs	r3, r3, #10
 553 001a 3E2B     		cmp	r3, #62
 554 001c 00F2BA80 		bhi	.L31
 555 0020 01A2     		adr	r2, .L33
 556 0022 52F823F0 		ldr	pc, [r2, r3, lsl #2]
 557 0026 00BF     		.p2align 2
 558              	.L33:
 559 0028 95010000 		.word	.L31+1
 560 002c 95010000 		.word	.L31+1
 561 0030 95010000 		.word	.L31+1
 562 0034 95010000 		.word	.L31+1
 563 0038 95010000 		.word	.L31+1
 564 003c 95010000 		.word	.L31+1
 565 0040 95010000 		.word	.L31+1
 566 0044 95010000 		.word	.L31+1
 567 0048 95010000 		.word	.L31+1
 568 004c 95010000 		.word	.L31+1
 569 0050 49010000 		.word	.L35+1
 570 0054 59010000 		.word	.L36+1
 571 0058 95010000 		.word	.L31+1
 572 005c 73010000 		.word	.L37+1
 573 0060 95010000 		.word	.L31+1
 574 0064 95010000 		.word	.L31+1
 575 0068 95010000 		.word	.L31+1
 576 006c 95010000 		.word	.L31+1
 577 0070 95010000 		.word	.L31+1
 578 0074 95010000 		.word	.L31+1
 579 0078 95010000 		.word	.L31+1
 580 007c 95010000 		.word	.L31+1
 581 0080 95010000 		.word	.L31+1
 582 0084 95010000 		.word	.L31+1
 583 0088 95010000 		.word	.L31+1
 584 008c 95010000 		.word	.L31+1
 585 0090 95010000 		.word	.L31+1
 586 0094 95010000 		.word	.L31+1
ARM GAS  C:\Users\KJA\AppData\Local\Temp\cccBXkfk.s 			page 14


 587 0098 95010000 		.word	.L31+1
 588 009c 95010000 		.word	.L31+1
 589 00a0 95010000 		.word	.L31+1
 590 00a4 95010000 		.word	.L31+1
 591 00a8 95010000 		.word	.L31+1
 592 00ac 95010000 		.word	.L31+1
 593 00b0 95010000 		.word	.L31+1
 594 00b4 95010000 		.word	.L31+1
 595 00b8 95010000 		.word	.L31+1
 596 00bc 95010000 		.word	.L31+1
 597 00c0 95010000 		.word	.L31+1
 598 00c4 95010000 		.word	.L31+1
 599 00c8 3F010000 		.word	.L38+1
 600 00cc 95010000 		.word	.L31+1
 601 00d0 95010000 		.word	.L31+1
 602 00d4 95010000 		.word	.L31+1
 603 00d8 95010000 		.word	.L31+1
 604 00dc 95010000 		.word	.L31+1
 605 00e0 95010000 		.word	.L31+1
 606 00e4 95010000 		.word	.L31+1
 607 00e8 95010000 		.word	.L31+1
 608 00ec 25010000 		.word	.L39+1
 609 00f0 95010000 		.word	.L31+1
 610 00f4 95010000 		.word	.L31+1
 611 00f8 95010000 		.word	.L31+1
 612 00fc 95010000 		.word	.L31+1
 613 0100 95010000 		.word	.L31+1
 614 0104 95010000 		.word	.L31+1
 615 0108 95010000 		.word	.L31+1
 616 010c 95010000 		.word	.L31+1
 617 0110 95010000 		.word	.L31+1
 618 0114 95010000 		.word	.L31+1
 619 0118 7D010000 		.word	.L42+1
 620 011c 87010000 		.word	.L43+1
 621 0120 91010000 		.word	.L44+1
 622              		.p2align 1
 623              	.L39:
 156:u8glib_arm_v1.18.1\src/u8g_pb16v1.c ****   {
 157:u8glib_arm_v1.18.1\src/u8g_pb16v1.c ****     case U8G_DEV_MSG_SET_8PIXEL:
 158:u8glib_arm_v1.18.1\src/u8g_pb16v1.c ****       if ( u8g_pb_Is8PixelVisible(pb, (u8g_dev_arg_pixel_t *)arg) )
 624              		.loc 1 158 0
 625 0124 7869     		ldr	r0, [r7, #20]
 626 0126 3968     		ldr	r1, [r7]
 627 0128 FFF7FEFF 		bl	u8g_pb_Is8PixelVisible
 628 012c 0346     		mov	r3, r0
 629 012e 002B     		cmp	r3, #0
 630 0130 04D0     		beq	.L45
 159:u8glib_arm_v1.18.1\src/u8g_pb16v1.c ****         u8g_pb16v1_Set8PixelOpt2(pb, (u8g_dev_arg_pixel_t *)arg);
 631              		.loc 1 159 0
 632 0132 7869     		ldr	r0, [r7, #20]
 633 0134 3968     		ldr	r1, [r7]
 634 0136 FFF7FEFF 		bl	u8g_pb16v1_Set8PixelOpt2
 160:u8glib_arm_v1.18.1\src/u8g_pb16v1.c ****       break;
 635              		.loc 1 160 0
 636 013a 2BE0     		b	.L31
 637              	.L45:
 638 013c 2AE0     		b	.L31
ARM GAS  C:\Users\KJA\AppData\Local\Temp\cccBXkfk.s 			page 15


 639              	.L38:
 161:u8glib_arm_v1.18.1\src/u8g_pb16v1.c ****     case U8G_DEV_MSG_SET_PIXEL:
 162:u8glib_arm_v1.18.1\src/u8g_pb16v1.c ****         u8g_pb16v1_SetPixel(pb, (u8g_dev_arg_pixel_t *)arg);
 640              		.loc 1 162 0
 641 013e 7869     		ldr	r0, [r7, #20]
 642 0140 3968     		ldr	r1, [r7]
 643 0142 FFF7FEFF 		bl	u8g_pb16v1_SetPixel
 163:u8glib_arm_v1.18.1\src/u8g_pb16v1.c ****       break;
 644              		.loc 1 163 0
 645 0146 25E0     		b	.L31
 646              	.L35:
 164:u8glib_arm_v1.18.1\src/u8g_pb16v1.c ****     case U8G_DEV_MSG_INIT:
 165:u8glib_arm_v1.18.1\src/u8g_pb16v1.c ****       break;
 166:u8glib_arm_v1.18.1\src/u8g_pb16v1.c ****     case U8G_DEV_MSG_STOP:
 167:u8glib_arm_v1.18.1\src/u8g_pb16v1.c ****       break;
 168:u8glib_arm_v1.18.1\src/u8g_pb16v1.c ****     case U8G_DEV_MSG_PAGE_FIRST:
 169:u8glib_arm_v1.18.1\src/u8g_pb16v1.c ****       u8g_pb16v1_Clear(pb);
 647              		.loc 1 169 0
 648 0148 7869     		ldr	r0, [r7, #20]
 649 014a FFF7FEFF 		bl	u8g_pb16v1_Clear
 170:u8glib_arm_v1.18.1\src/u8g_pb16v1.c ****       u8g_page_First(&(pb->p));
 650              		.loc 1 170 0
 651 014e 7B69     		ldr	r3, [r7, #20]
 652 0150 1846     		mov	r0, r3
 653 0152 FFF7FEFF 		bl	u8g_page_First
 171:u8glib_arm_v1.18.1\src/u8g_pb16v1.c ****       break;
 654              		.loc 1 171 0
 655 0156 1DE0     		b	.L31
 656              	.L36:
 172:u8glib_arm_v1.18.1\src/u8g_pb16v1.c ****     case U8G_DEV_MSG_PAGE_NEXT:
 173:u8glib_arm_v1.18.1\src/u8g_pb16v1.c ****       if ( u8g_page_Next(&(pb->p)) == 0 )
 657              		.loc 1 173 0
 658 0158 7B69     		ldr	r3, [r7, #20]
 659 015a 1846     		mov	r0, r3
 660 015c FFF7FEFF 		bl	u8g_page_Next
 661 0160 0346     		mov	r3, r0
 662 0162 002B     		cmp	r3, #0
 663 0164 01D1     		bne	.L46
 174:u8glib_arm_v1.18.1\src/u8g_pb16v1.c ****         return 0;
 664              		.loc 1 174 0
 665 0166 0023     		movs	r3, #0
 666 0168 15E0     		b	.L47
 667              	.L46:
 175:u8glib_arm_v1.18.1\src/u8g_pb16v1.c ****       u8g_pb16v1_Clear(pb);
 668              		.loc 1 175 0
 669 016a 7869     		ldr	r0, [r7, #20]
 670 016c FFF7FEFF 		bl	u8g_pb16v1_Clear
 176:u8glib_arm_v1.18.1\src/u8g_pb16v1.c ****       break;
 671              		.loc 1 176 0
 672 0170 10E0     		b	.L31
 673              	.L37:
 177:u8glib_arm_v1.18.1\src/u8g_pb16v1.c **** #ifdef U8G_DEV_MSG_IS_BBX_INTERSECTION
 178:u8glib_arm_v1.18.1\src/u8g_pb16v1.c ****     case U8G_DEV_MSG_IS_BBX_INTERSECTION:
 179:u8glib_arm_v1.18.1\src/u8g_pb16v1.c ****       return u8g_pb_IsIntersection(pb, (u8g_dev_arg_bbx_t *)arg);
 180:u8glib_arm_v1.18.1\src/u8g_pb16v1.c **** #endif
 181:u8glib_arm_v1.18.1\src/u8g_pb16v1.c ****     case U8G_DEV_MSG_GET_PAGE_BOX:
 182:u8glib_arm_v1.18.1\src/u8g_pb16v1.c ****       u8g_pb_GetPageBox(pb, (u8g_box_t *)arg);
ARM GAS  C:\Users\KJA\AppData\Local\Temp\cccBXkfk.s 			page 16


 674              		.loc 1 182 0
 675 0172 7869     		ldr	r0, [r7, #20]
 676 0174 3968     		ldr	r1, [r7]
 677 0176 FFF7FEFF 		bl	u8g_pb_GetPageBox
 183:u8glib_arm_v1.18.1\src/u8g_pb16v1.c ****       break;
 678              		.loc 1 183 0
 679 017a 0BE0     		b	.L31
 680              	.L42:
 184:u8glib_arm_v1.18.1\src/u8g_pb16v1.c ****     case U8G_DEV_MSG_GET_WIDTH:
 185:u8glib_arm_v1.18.1\src/u8g_pb16v1.c ****       *((u8g_uint_t *)arg) = pb->width;
 681              		.loc 1 185 0
 682 017c 7B69     		ldr	r3, [r7, #20]
 683 017e 5A79     		ldrb	r2, [r3, #5]	@ zero_extendqisi2
 684 0180 3B68     		ldr	r3, [r7]
 685 0182 1A70     		strb	r2, [r3]
 186:u8glib_arm_v1.18.1\src/u8g_pb16v1.c ****       break;
 686              		.loc 1 186 0
 687 0184 06E0     		b	.L31
 688              	.L43:
 187:u8glib_arm_v1.18.1\src/u8g_pb16v1.c ****     case U8G_DEV_MSG_GET_HEIGHT:
 188:u8glib_arm_v1.18.1\src/u8g_pb16v1.c ****       *((u8g_uint_t *)arg) = pb->p.total_height;
 689              		.loc 1 188 0
 690 0186 7B69     		ldr	r3, [r7, #20]
 691 0188 5A78     		ldrb	r2, [r3, #1]	@ zero_extendqisi2
 692 018a 3B68     		ldr	r3, [r7]
 693 018c 1A70     		strb	r2, [r3]
 189:u8glib_arm_v1.18.1\src/u8g_pb16v1.c ****       break;
 694              		.loc 1 189 0
 695 018e 01E0     		b	.L31
 696              	.L44:
 190:u8glib_arm_v1.18.1\src/u8g_pb16v1.c ****     case U8G_DEV_MSG_SET_COLOR_ENTRY:
 191:u8glib_arm_v1.18.1\src/u8g_pb16v1.c ****       break;
 192:u8glib_arm_v1.18.1\src/u8g_pb16v1.c ****     case U8G_DEV_MSG_SET_XY_CB:
 193:u8glib_arm_v1.18.1\src/u8g_pb16v1.c ****       break;
 194:u8glib_arm_v1.18.1\src/u8g_pb16v1.c ****     case U8G_DEV_MSG_GET_MODE:
 195:u8glib_arm_v1.18.1\src/u8g_pb16v1.c ****       return U8G_MODE_BW;
 697              		.loc 1 195 0
 698 0190 0123     		movs	r3, #1
 699 0192 00E0     		b	.L47
 700              	.L31:
 196:u8glib_arm_v1.18.1\src/u8g_pb16v1.c ****   }
 197:u8glib_arm_v1.18.1\src/u8g_pb16v1.c ****   return 1;
 701              		.loc 1 197 0
 702 0194 0123     		movs	r3, #1
 703              	.L47:
 198:u8glib_arm_v1.18.1\src/u8g_pb16v1.c **** }
 704              		.loc 1 198 0
 705 0196 1846     		mov	r0, r3
 706 0198 1837     		adds	r7, r7, #24
 707              		.cfi_def_cfa_offset 8
 708 019a BD46     		mov	sp, r7
 709              		.cfi_def_cfa_register 13
 710              		@ sp needed
 711 019c 80BD     		pop	{r7, pc}
 712              		.cfi_endproc
 713              	.LFE6:
 714              		.size	u8g_dev_pb16v1_base_fn, .-u8g_dev_pb16v1_base_fn
ARM GAS  C:\Users\KJA\AppData\Local\Temp\cccBXkfk.s 			page 17


 715 019e 00BF     		.text
 716              	.Letext0:
 717              		.file 2 "c:\\program files (x86)\\cypress\\psoc creator\\4.0\\psoc creator\\import\\gnu\\arm\\4.9.
 718              		.file 3 "c:\\program files (x86)\\cypress\\psoc creator\\4.0\\psoc creator\\import\\gnu\\arm\\4.9.
 719              		.file 4 "u8glib_arm_v1.18.1\\src\\u8g.h"
 720              		.section	.debug_info,"",%progbits
 721              	.Ldebug_info0:
 722 0000 A4060000 		.4byte	0x6a4
 723 0004 0400     		.2byte	0x4
 724 0006 00000000 		.4byte	.Ldebug_abbrev0
 725 000a 04       		.byte	0x4
 726 000b 01       		.uleb128 0x1
 727 000c BB020000 		.4byte	.LASF81
 728 0010 01       		.byte	0x1
 729 0011 28000000 		.4byte	.LASF82
 730 0015 03020000 		.4byte	.LASF83
 731 0019 00000000 		.4byte	.Ldebug_ranges0+0
 732 001d 00000000 		.4byte	0
 733 0021 00000000 		.4byte	.Ldebug_line0
 734 0025 02       		.uleb128 0x2
 735 0026 04       		.byte	0x4
 736 0027 05       		.byte	0x5
 737 0028 696E7400 		.ascii	"int\000"
 738 002c 03       		.uleb128 0x3
 739 002d 04       		.byte	0x4
 740 002e 07       		.byte	0x7
 741 002f C9010000 		.4byte	.LASF0
 742 0033 04       		.uleb128 0x4
 743 0034 74000000 		.4byte	.LASF2
 744 0038 02       		.byte	0x2
 745 0039 1B       		.byte	0x1b
 746 003a 3E000000 		.4byte	0x3e
 747 003e 03       		.uleb128 0x3
 748 003f 01       		.byte	0x1
 749 0040 06       		.byte	0x6
 750 0041 98000000 		.4byte	.LASF1
 751 0045 04       		.uleb128 0x4
 752 0046 15000000 		.4byte	.LASF3
 753 004a 02       		.byte	0x2
 754 004b 1D       		.byte	0x1d
 755 004c 50000000 		.4byte	0x50
 756 0050 03       		.uleb128 0x3
 757 0051 01       		.byte	0x1
 758 0052 08       		.byte	0x8
 759 0053 99030000 		.4byte	.LASF4
 760 0057 03       		.uleb128 0x3
 761 0058 02       		.byte	0x2
 762 0059 05       		.byte	0x5
 763 005a BC030000 		.4byte	.LASF5
 764 005e 03       		.uleb128 0x3
 765 005f 02       		.byte	0x2
 766 0060 07       		.byte	0x7
 767 0061 26040000 		.4byte	.LASF6
 768 0065 03       		.uleb128 0x3
 769 0066 04       		.byte	0x4
 770 0067 05       		.byte	0x5
 771 0068 C8000000 		.4byte	.LASF7
ARM GAS  C:\Users\KJA\AppData\Local\Temp\cccBXkfk.s 			page 18


 772 006c 03       		.uleb128 0x3
 773 006d 04       		.byte	0x4
 774 006e 07       		.byte	0x7
 775 006f E6010000 		.4byte	.LASF8
 776 0073 03       		.uleb128 0x3
 777 0074 08       		.byte	0x8
 778 0075 05       		.byte	0x5
 779 0076 8A000000 		.4byte	.LASF9
 780 007a 03       		.uleb128 0x3
 781 007b 08       		.byte	0x8
 782 007c 07       		.byte	0x7
 783 007d 57000000 		.4byte	.LASF10
 784 0081 04       		.uleb128 0x4
 785 0082 45040000 		.4byte	.LASF11
 786 0086 03       		.byte	0x3
 787 0087 14       		.byte	0x14
 788 0088 33000000 		.4byte	0x33
 789 008c 04       		.uleb128 0x4
 790 008d 78040000 		.4byte	.LASF12
 791 0091 03       		.byte	0x3
 792 0092 15       		.byte	0x15
 793 0093 45000000 		.4byte	0x45
 794 0097 04       		.uleb128 0x4
 795 0098 49030000 		.4byte	.LASF13
 796 009c 04       		.byte	0x4
 797 009d 80       		.byte	0x80
 798 009e 8C000000 		.4byte	0x8c
 799 00a2 04       		.uleb128 0x4
 800 00a3 10010000 		.4byte	.LASF14
 801 00a7 04       		.byte	0x4
 802 00a8 A0       		.byte	0xa0
 803 00a9 AD000000 		.4byte	0xad
 804 00ad 05       		.uleb128 0x5
 805 00ae 09010000 		.4byte	.LASF41
 806 00b2 3C       		.byte	0x3c
 807 00b3 04       		.byte	0x4
 808 00b4 4B04     		.2byte	0x44b
 809 00b6 0D020000 		.4byte	0x20d
 810 00ba 06       		.uleb128 0x6
 811 00bb FD010000 		.4byte	.LASF15
 812 00bf 04       		.byte	0x4
 813 00c0 4D04     		.2byte	0x44d
 814 00c2 02030000 		.4byte	0x302
 815 00c6 00       		.byte	0
 816 00c7 06       		.uleb128 0x6
 817 00c8 BA040000 		.4byte	.LASF16
 818 00cc 04       		.byte	0x4
 819 00cd 4E04     		.2byte	0x44e
 820 00cf 02030000 		.4byte	0x302
 821 00d3 01       		.byte	0x1
 822 00d4 07       		.uleb128 0x7
 823 00d5 64657600 		.ascii	"dev\000"
 824 00d9 04       		.byte	0x4
 825 00da 5104     		.2byte	0x451
 826 00dc 42030000 		.4byte	0x342
 827 00e0 04       		.byte	0x4
 828 00e1 06       		.uleb128 0x6
ARM GAS  C:\Users\KJA\AppData\Local\Temp\cccBXkfk.s 			page 19


 829 00e2 4C040000 		.4byte	.LASF17
 830 00e6 04       		.byte	0x4
 831 00e7 5204     		.2byte	0x452
 832 00e9 6E040000 		.4byte	0x46e
 833 00ed 08       		.byte	0x8
 834 00ee 06       		.uleb128 0x6
 835 00ef DD030000 		.4byte	.LASF18
 836 00f3 04       		.byte	0x4
 837 00f4 5304     		.2byte	0x453
 838 00f6 6E040000 		.4byte	0x46e
 839 00fa 0C       		.byte	0xc
 840 00fb 06       		.uleb128 0x6
 841 00fc D6010000 		.4byte	.LASF19
 842 0100 04       		.byte	0x4
 843 0101 5404     		.2byte	0x454
 844 0103 8C000000 		.4byte	0x8c
 845 0107 10       		.byte	0x10
 846 0108 06       		.uleb128 0x6
 847 0109 29010000 		.4byte	.LASF20
 848 010d 04       		.byte	0x4
 849 010e 5404     		.2byte	0x454
 850 0110 8C000000 		.4byte	0x8c
 851 0114 11       		.byte	0x11
 852 0115 06       		.uleb128 0x6
 853 0116 AE000000 		.4byte	.LASF21
 854 011a 04       		.byte	0x4
 855 011b 5504     		.2byte	0x455
 856 011d 8C000000 		.4byte	0x8c
 857 0121 12       		.byte	0x12
 858 0122 06       		.uleb128 0x6
 859 0123 14040000 		.4byte	.LASF22
 860 0127 04       		.byte	0x4
 861 0128 5604     		.2byte	0x456
 862 012a 8C000000 		.4byte	0x8c
 863 012e 13       		.byte	0x13
 864 012f 06       		.uleb128 0x6
 865 0130 00040000 		.4byte	.LASF23
 866 0134 04       		.byte	0x4
 867 0135 5704     		.2byte	0x457
 868 0137 02030000 		.4byte	0x302
 869 013b 14       		.byte	0x14
 870 013c 06       		.uleb128 0x6
 871 013d B2020000 		.4byte	.LASF24
 872 0141 04       		.byte	0x4
 873 0142 5804     		.2byte	0x458
 874 0144 02030000 		.4byte	0x302
 875 0148 15       		.byte	0x15
 876 0149 06       		.uleb128 0x6
 877 014a BE000000 		.4byte	.LASF25
 878 014e 04       		.byte	0x4
 879 014f 5904     		.2byte	0x459
 880 0151 13040000 		.4byte	0x413
 881 0155 18       		.byte	0x18
 882 0156 06       		.uleb128 0x6
 883 0157 A7030000 		.4byte	.LASF26
 884 015b 04       		.byte	0x4
 885 015c 5B04     		.2byte	0x45b
ARM GAS  C:\Users\KJA\AppData\Local\Temp\cccBXkfk.s 			page 20


 886 015e 81000000 		.4byte	0x81
 887 0162 1C       		.byte	0x1c
 888 0163 06       		.uleb128 0x6
 889 0164 F0030000 		.4byte	.LASF27
 890 0168 04       		.byte	0x4
 891 0169 5C04     		.2byte	0x45c
 892 016b 81000000 		.4byte	0x81
 893 016f 1D       		.byte	0x1d
 894 0170 06       		.uleb128 0x6
 895 0171 F8030000 		.4byte	.LASF28
 896 0175 04       		.byte	0x4
 897 0176 5D04     		.2byte	0x45d
 898 0178 81000000 		.4byte	0x81
 899 017c 1E       		.byte	0x1e
 900 017d 06       		.uleb128 0x6
 901 017e 39040000 		.4byte	.LASF29
 902 0182 04       		.byte	0x4
 903 0183 5E04     		.2byte	0x45e
 904 0185 8C000000 		.4byte	0x8c
 905 0189 1F       		.byte	0x1f
 906 018a 06       		.uleb128 0x6
 907 018b 8F020000 		.4byte	.LASF30
 908 018f 04       		.byte	0x4
 909 0190 5F04     		.2byte	0x45f
 910 0192 8C000000 		.4byte	0x8c
 911 0196 20       		.byte	0x20
 912 0197 06       		.uleb128 0x6
 913 0198 7B010000 		.4byte	.LASF31
 914 019c 04       		.byte	0x4
 915 019d 6104     		.2byte	0x461
 916 019f 30040000 		.4byte	0x430
 917 01a3 24       		.byte	0x24
 918 01a4 06       		.uleb128 0x6
 919 01a5 7E020000 		.4byte	.LASF32
 920 01a9 04       		.byte	0x4
 921 01aa 6204     		.2byte	0x462
 922 01ac 8C000000 		.4byte	0x8c
 923 01b0 28       		.byte	0x28
 924 01b1 06       		.uleb128 0x6
 925 01b2 8A010000 		.4byte	.LASF33
 926 01b6 04       		.byte	0x4
 927 01b7 6304     		.2byte	0x463
 928 01b9 81000000 		.4byte	0x81
 929 01bd 29       		.byte	0x29
 930 01be 06       		.uleb128 0x6
 931 01bf 4C010000 		.4byte	.LASF34
 932 01c3 04       		.byte	0x4
 933 01c4 6404     		.2byte	0x464
 934 01c6 81000000 		.4byte	0x81
 935 01ca 2A       		.byte	0x2a
 936 01cb 06       		.uleb128 0x6
 937 01cc 90040000 		.4byte	.LASF35
 938 01d0 04       		.byte	0x4
 939 01d1 6504     		.2byte	0x465
 940 01d3 8C000000 		.4byte	0x8c
 941 01d7 2B       		.byte	0x2b
 942 01d8 06       		.uleb128 0x6
ARM GAS  C:\Users\KJA\AppData\Local\Temp\cccBXkfk.s 			page 21


 943 01d9 71020000 		.4byte	.LASF36
 944 01dd 04       		.byte	0x4
 945 01de 6604     		.2byte	0x466
 946 01e0 8C000000 		.4byte	0x8c
 947 01e4 2C       		.byte	0x2c
 948 01e5 06       		.uleb128 0x6
 949 01e6 39010000 		.4byte	.LASF37
 950 01ea 04       		.byte	0x4
 951 01eb 6804     		.2byte	0x468
 952 01ed 49020000 		.4byte	0x249
 953 01f1 2D       		.byte	0x2d
 954 01f2 06       		.uleb128 0x6
 955 01f3 1F000000 		.4byte	.LASF38
 956 01f7 04       		.byte	0x4
 957 01f8 6F04     		.2byte	0x46f
 958 01fa 51040000 		.4byte	0x451
 959 01fe 34       		.byte	0x34
 960 01ff 06       		.uleb128 0x6
 961 0200 A5020000 		.4byte	.LASF39
 962 0204 04       		.byte	0x4
 963 0205 7104     		.2byte	0x471
 964 0207 B9020000 		.4byte	0x2b9
 965 020b 38       		.byte	0x38
 966 020c 00       		.byte	0
 967 020d 04       		.uleb128 0x4
 968 020e A4000000 		.4byte	.LASF40
 969 0212 04       		.byte	0x4
 970 0213 A1       		.byte	0xa1
 971 0214 18020000 		.4byte	0x218
 972 0218 08       		.uleb128 0x8
 973 0219 C6030000 		.4byte	.LASF42
 974 021d 0C       		.byte	0xc
 975 021e 04       		.byte	0x4
 976 021f CF       		.byte	0xcf
 977 0220 49020000 		.4byte	0x249
 978 0224 09       		.uleb128 0x9
 979 0225 7E030000 		.4byte	.LASF43
 980 0229 04       		.byte	0x4
 981 022a D1       		.byte	0xd1
 982 022b 0D030000 		.4byte	0x30d
 983 022f 00       		.byte	0
 984 0230 09       		.uleb128 0x9
 985 0231 68030000 		.4byte	.LASF44
 986 0235 04       		.byte	0x4
 987 0236 D2       		.byte	0xd2
 988 0237 48030000 		.4byte	0x348
 989 023b 04       		.byte	0x4
 990 023c 09       		.uleb128 0x9
 991 023d E9030000 		.4byte	.LASF45
 992 0241 04       		.byte	0x4
 993 0242 D3       		.byte	0xd3
 994 0243 4A030000 		.4byte	0x34a
 995 0247 08       		.byte	0x8
 996 0248 00       		.byte	0
 997 0249 04       		.uleb128 0x4
 998 024a 85030000 		.4byte	.LASF46
 999 024e 04       		.byte	0x4
ARM GAS  C:\Users\KJA\AppData\Local\Temp\cccBXkfk.s 			page 22


 1000 024f A3       		.byte	0xa3
 1001 0250 54020000 		.4byte	0x254
 1002 0254 05       		.uleb128 0x5
 1003 0255 00000000 		.4byte	.LASF47
 1004 0259 07       		.byte	0x7
 1005 025a 04       		.byte	0x4
 1006 025b 1D02     		.2byte	0x21d
 1007 025d B9020000 		.4byte	0x2b9
 1008 0261 07       		.uleb128 0x7
 1009 0262 7800     		.ascii	"x\000"
 1010 0264 04       		.byte	0x4
 1011 0265 1F02     		.2byte	0x21f
 1012 0267 02030000 		.4byte	0x302
 1013 026b 00       		.byte	0
 1014 026c 07       		.uleb128 0x7
 1015 026d 7900     		.ascii	"y\000"
 1016 026f 04       		.byte	0x4
 1017 0270 1F02     		.2byte	0x21f
 1018 0272 02030000 		.4byte	0x302
 1019 0276 01       		.byte	0x1
 1020 0277 06       		.uleb128 0x6
 1021 0278 6E000000 		.4byte	.LASF48
 1022 027c 04       		.byte	0x4
 1023 027d 2002     		.2byte	0x220
 1024 027f 8C000000 		.4byte	0x8c
 1025 0283 02       		.byte	0x2
 1026 0284 07       		.uleb128 0x7
 1027 0285 64697200 		.ascii	"dir\000"
 1028 0289 04       		.byte	0x4
 1029 028a 2102     		.2byte	0x221
 1030 028c 8C000000 		.4byte	0x8c
 1031 0290 03       		.byte	0x3
 1032 0291 06       		.uleb128 0x6
 1033 0292 09040000 		.4byte	.LASF49
 1034 0296 04       		.byte	0x4
 1035 0297 2202     		.2byte	0x222
 1036 0299 8C000000 		.4byte	0x8c
 1037 029d 04       		.byte	0x4
 1038 029e 06       		.uleb128 0x6
 1039 029f 6F040000 		.4byte	.LASF50
 1040 02a3 04       		.byte	0x4
 1041 02a4 2302     		.2byte	0x223
 1042 02a6 8C000000 		.4byte	0x8c
 1043 02aa 05       		.byte	0x5
 1044 02ab 06       		.uleb128 0x6
 1045 02ac 59030000 		.4byte	.LASF51
 1046 02b0 04       		.byte	0x4
 1047 02b1 2402     		.2byte	0x224
 1048 02b3 8C000000 		.4byte	0x8c
 1049 02b7 06       		.byte	0x6
 1050 02b8 00       		.byte	0
 1051 02b9 04       		.uleb128 0x4
 1052 02ba 67020000 		.4byte	.LASF52
 1053 02be 04       		.byte	0x4
 1054 02bf A5       		.byte	0xa5
 1055 02c0 C4020000 		.4byte	0x2c4
 1056 02c4 05       		.uleb128 0x5
ARM GAS  C:\Users\KJA\AppData\Local\Temp\cccBXkfk.s 			page 23


 1057 02c5 C1040000 		.4byte	.LASF53
 1058 02c9 04       		.byte	0x4
 1059 02ca 04       		.byte	0x4
 1060 02cb 3102     		.2byte	0x231
 1061 02cd 02030000 		.4byte	0x302
 1062 02d1 07       		.uleb128 0x7
 1063 02d2 783000   		.ascii	"x0\000"
 1064 02d5 04       		.byte	0x4
 1065 02d6 3302     		.2byte	0x233
 1066 02d8 02030000 		.4byte	0x302
 1067 02dc 00       		.byte	0
 1068 02dd 07       		.uleb128 0x7
 1069 02de 793000   		.ascii	"y0\000"
 1070 02e1 04       		.byte	0x4
 1071 02e2 3302     		.2byte	0x233
 1072 02e4 02030000 		.4byte	0x302
 1073 02e8 01       		.byte	0x1
 1074 02e9 07       		.uleb128 0x7
 1075 02ea 783100   		.ascii	"x1\000"
 1076 02ed 04       		.byte	0x4
 1077 02ee 3302     		.2byte	0x233
 1078 02f0 02030000 		.4byte	0x302
 1079 02f4 02       		.byte	0x2
 1080 02f5 07       		.uleb128 0x7
 1081 02f6 793100   		.ascii	"y1\000"
 1082 02f9 04       		.byte	0x4
 1083 02fa 3302     		.2byte	0x233
 1084 02fc 02030000 		.4byte	0x302
 1085 0300 03       		.byte	0x3
 1086 0301 00       		.byte	0
 1087 0302 04       		.uleb128 0x4
 1088 0303 1E010000 		.4byte	.LASF54
 1089 0307 04       		.byte	0x4
 1090 0308 AF       		.byte	0xaf
 1091 0309 8C000000 		.4byte	0x8c
 1092 030d 04       		.uleb128 0x4
 1093 030e 61040000 		.4byte	.LASF55
 1094 0312 04       		.byte	0x4
 1095 0313 C7       		.byte	0xc7
 1096 0314 18030000 		.4byte	0x318
 1097 0318 0A       		.uleb128 0xa
 1098 0319 04       		.byte	0x4
 1099 031a 1E030000 		.4byte	0x31e
 1100 031e 0B       		.uleb128 0xb
 1101 031f 8C000000 		.4byte	0x8c
 1102 0323 3C030000 		.4byte	0x33c
 1103 0327 0C       		.uleb128 0xc
 1104 0328 3C030000 		.4byte	0x33c
 1105 032c 0C       		.uleb128 0xc
 1106 032d 42030000 		.4byte	0x342
 1107 0331 0C       		.uleb128 0xc
 1108 0332 8C000000 		.4byte	0x8c
 1109 0336 0C       		.uleb128 0xc
 1110 0337 48030000 		.4byte	0x348
 1111 033b 00       		.byte	0
 1112 033c 0A       		.uleb128 0xa
 1113 033d 04       		.byte	0x4
ARM GAS  C:\Users\KJA\AppData\Local\Temp\cccBXkfk.s 			page 24


 1114 033e A2000000 		.4byte	0xa2
 1115 0342 0A       		.uleb128 0xa
 1116 0343 04       		.byte	0x4
 1117 0344 0D020000 		.4byte	0x20d
 1118 0348 0D       		.uleb128 0xd
 1119 0349 04       		.byte	0x4
 1120 034a 04       		.uleb128 0x4
 1121 034b 70030000 		.4byte	.LASF56
 1122 034f 04       		.byte	0x4
 1123 0350 CA       		.byte	0xca
 1124 0351 55030000 		.4byte	0x355
 1125 0355 0A       		.uleb128 0xa
 1126 0356 04       		.byte	0x4
 1127 0357 5B030000 		.4byte	0x35b
 1128 035b 0B       		.uleb128 0xb
 1129 035c 8C000000 		.4byte	0x8c
 1130 0360 79030000 		.4byte	0x379
 1131 0364 0C       		.uleb128 0xc
 1132 0365 3C030000 		.4byte	0x33c
 1133 0369 0C       		.uleb128 0xc
 1134 036a 8C000000 		.4byte	0x8c
 1135 036e 0C       		.uleb128 0xc
 1136 036f 8C000000 		.4byte	0x8c
 1137 0373 0C       		.uleb128 0xc
 1138 0374 48030000 		.4byte	0x348
 1139 0378 00       		.byte	0
 1140 0379 05       		.uleb128 0x5
 1141 037a D1000000 		.4byte	.LASF57
 1142 037e 05       		.byte	0x5
 1143 037f 04       		.byte	0x4
 1144 0380 9E03     		.2byte	0x39e
 1145 0382 C8030000 		.4byte	0x3c8
 1146 0386 06       		.uleb128 0x6
 1147 0387 D1030000 		.4byte	.LASF58
 1148 038b 04       		.byte	0x4
 1149 038c A003     		.2byte	0x3a0
 1150 038e 02030000 		.4byte	0x302
 1151 0392 00       		.byte	0
 1152 0393 06       		.uleb128 0x6
 1153 0394 19040000 		.4byte	.LASF59
 1154 0398 04       		.byte	0x4
 1155 0399 A103     		.2byte	0x3a1
 1156 039b 02030000 		.4byte	0x302
 1157 039f 01       		.byte	0x1
 1158 03a0 06       		.uleb128 0x6
 1159 03a1 80040000 		.4byte	.LASF60
 1160 03a5 04       		.byte	0x4
 1161 03a6 A203     		.2byte	0x3a2
 1162 03a8 02030000 		.4byte	0x302
 1163 03ac 02       		.byte	0x2
 1164 03ad 06       		.uleb128 0x6
 1165 03ae 88040000 		.4byte	.LASF61
 1166 03b2 04       		.byte	0x4
 1167 03b3 A303     		.2byte	0x3a3
 1168 03b5 02030000 		.4byte	0x302
 1169 03b9 03       		.byte	0x3
 1170 03ba 06       		.uleb128 0x6
ARM GAS  C:\Users\KJA\AppData\Local\Temp\cccBXkfk.s 			page 25


 1171 03bb F8010000 		.4byte	.LASF62
 1172 03bf 04       		.byte	0x4
 1173 03c0 A403     		.2byte	0x3a4
 1174 03c2 8C000000 		.4byte	0x8c
 1175 03c6 04       		.byte	0x4
 1176 03c7 00       		.byte	0
 1177 03c8 0E       		.uleb128 0xe
 1178 03c9 4C000000 		.4byte	.LASF63
 1179 03cd 04       		.byte	0x4
 1180 03ce A603     		.2byte	0x3a6
 1181 03d0 79030000 		.4byte	0x379
 1182 03d4 05       		.uleb128 0x5
 1183 03d5 5E030000 		.4byte	.LASF64
 1184 03d9 0C       		.byte	0xc
 1185 03da 04       		.byte	0x4
 1186 03db AF03     		.2byte	0x3af
 1187 03dd 07040000 		.4byte	0x407
 1188 03e1 07       		.uleb128 0x7
 1189 03e2 7000     		.ascii	"p\000"
 1190 03e4 04       		.byte	0x4
 1191 03e5 B103     		.2byte	0x3b1
 1192 03e7 C8030000 		.4byte	0x3c8
 1193 03eb 00       		.byte	0
 1194 03ec 06       		.uleb128 0x6
 1195 03ed FD010000 		.4byte	.LASF15
 1196 03f1 04       		.byte	0x4
 1197 03f2 B203     		.2byte	0x3b2
 1198 03f4 02030000 		.4byte	0x302
 1199 03f8 05       		.byte	0x5
 1200 03f9 07       		.uleb128 0x7
 1201 03fa 62756600 		.ascii	"buf\000"
 1202 03fe 04       		.byte	0x4
 1203 03ff B303     		.2byte	0x3b3
 1204 0401 48030000 		.4byte	0x348
 1205 0405 08       		.byte	0x8
 1206 0406 00       		.byte	0
 1207 0407 0E       		.uleb128 0xe
 1208 0408 43010000 		.4byte	.LASF65
 1209 040c 04       		.byte	0x4
 1210 040d B503     		.2byte	0x3b5
 1211 040f D4030000 		.4byte	0x3d4
 1212 0413 0E       		.uleb128 0xe
 1213 0414 DD000000 		.4byte	.LASF66
 1214 0418 04       		.byte	0x4
 1215 0419 0D04     		.2byte	0x40d
 1216 041b 1F040000 		.4byte	0x41f
 1217 041f 0A       		.uleb128 0xa
 1218 0420 04       		.byte	0x4
 1219 0421 25040000 		.4byte	0x425
 1220 0425 0F       		.uleb128 0xf
 1221 0426 30040000 		.4byte	0x430
 1222 042a 0C       		.uleb128 0xc
 1223 042b 3C030000 		.4byte	0x33c
 1224 042f 00       		.byte	0
 1225 0430 0E       		.uleb128 0xe
 1226 0431 5D010000 		.4byte	.LASF67
 1227 0435 04       		.byte	0x4
ARM GAS  C:\Users\KJA\AppData\Local\Temp\cccBXkfk.s 			page 26


 1228 0436 1004     		.2byte	0x410
 1229 0438 3C040000 		.4byte	0x43c
 1230 043c 0A       		.uleb128 0xa
 1231 043d 04       		.byte	0x4
 1232 043e 42040000 		.4byte	0x442
 1233 0442 0B       		.uleb128 0xb
 1234 0443 02030000 		.4byte	0x302
 1235 0447 51040000 		.4byte	0x451
 1236 044b 0C       		.uleb128 0xc
 1237 044c 3C030000 		.4byte	0x33c
 1238 0450 00       		.byte	0
 1239 0451 0E       		.uleb128 0xe
 1240 0452 7D000000 		.4byte	.LASF68
 1241 0456 04       		.byte	0x4
 1242 0457 1304     		.2byte	0x413
 1243 0459 5D040000 		.4byte	0x45d
 1244 045d 0A       		.uleb128 0xa
 1245 045e 04       		.byte	0x4
 1246 045f 63040000 		.4byte	0x463
 1247 0463 0F       		.uleb128 0xf
 1248 0464 6E040000 		.4byte	0x46e
 1249 0468 0C       		.uleb128 0xc
 1250 0469 8C000000 		.4byte	0x8c
 1251 046d 00       		.byte	0
 1252 046e 0A       		.uleb128 0xa
 1253 046f 04       		.byte	0x4
 1254 0470 74040000 		.4byte	0x474
 1255 0474 10       		.uleb128 0x10
 1256 0475 97000000 		.4byte	0x97
 1257 0479 03       		.uleb128 0x3
 1258 047a 04       		.byte	0x4
 1259 047b 07       		.byte	0x7
 1260 047c 9C020000 		.4byte	.LASF69
 1261 0480 03       		.uleb128 0x3
 1262 0481 01       		.byte	0x1
 1263 0482 08       		.byte	0x8
 1264 0483 0F040000 		.4byte	.LASF70
 1265 0487 11       		.uleb128 0x11
 1266 0488 A9040000 		.4byte	.LASF72
 1267 048c 01       		.byte	0x1
 1268 048d 32       		.byte	0x32
 1269 048e 00000000 		.4byte	.LFB0
 1270 0492 3C000000 		.4byte	.LFE0-.LFB0
 1271 0496 01       		.uleb128 0x1
 1272 0497 9C       		.byte	0x9c
 1273 0498 C5040000 		.4byte	0x4c5
 1274 049c 12       		.uleb128 0x12
 1275 049d 6200     		.ascii	"b\000"
 1276 049f 01       		.byte	0x1
 1277 04a0 32       		.byte	0x32
 1278 04a1 C5040000 		.4byte	0x4c5
 1279 04a5 02       		.uleb128 0x2
 1280 04a6 91       		.byte	0x91
 1281 04a7 6C       		.sleb128 -20
 1282 04a8 13       		.uleb128 0x13
 1283 04a9 70747200 		.ascii	"ptr\000"
 1284 04ad 01       		.byte	0x1
ARM GAS  C:\Users\KJA\AppData\Local\Temp\cccBXkfk.s 			page 27


 1285 04ae 34       		.byte	0x34
 1286 04af CB040000 		.4byte	0x4cb
 1287 04b3 02       		.uleb128 0x2
 1288 04b4 91       		.byte	0x91
 1289 04b5 74       		.sleb128 -12
 1290 04b6 14       		.uleb128 0x14
 1291 04b7 16010000 		.4byte	.LASF71
 1292 04bb 01       		.byte	0x1
 1293 04bc 35       		.byte	0x35
 1294 04bd CB040000 		.4byte	0x4cb
 1295 04c1 02       		.uleb128 0x2
 1296 04c2 91       		.byte	0x91
 1297 04c3 70       		.sleb128 -16
 1298 04c4 00       		.byte	0
 1299 04c5 0A       		.uleb128 0xa
 1300 04c6 04       		.byte	0x4
 1301 04c7 07040000 		.4byte	0x407
 1302 04cb 0A       		.uleb128 0xa
 1303 04cc 04       		.byte	0x4
 1304 04cd 8C000000 		.4byte	0x8c
 1305 04d1 15       		.uleb128 0x15
 1306 04d2 51040000 		.4byte	.LASF73
 1307 04d6 01       		.byte	0x1
 1308 04d7 3E       		.byte	0x3e
 1309 04d8 00000000 		.4byte	.LFB1
 1310 04dc 26000000 		.4byte	.LFE1-.LFB1
 1311 04e0 01       		.uleb128 0x1
 1312 04e1 9C       		.byte	0x9c
 1313 04e2 0F050000 		.4byte	0x50f
 1314 04e6 12       		.uleb128 0x12
 1315 04e7 6200     		.ascii	"b\000"
 1316 04e9 01       		.byte	0x1
 1317 04ea 3E       		.byte	0x3e
 1318 04eb C5040000 		.4byte	0x4c5
 1319 04ef 02       		.uleb128 0x2
 1320 04f0 91       		.byte	0x91
 1321 04f1 74       		.sleb128 -12
 1322 04f2 12       		.uleb128 0x12
 1323 04f3 62756600 		.ascii	"buf\000"
 1324 04f7 01       		.byte	0x1
 1325 04f8 3E       		.byte	0x3e
 1326 04f9 48030000 		.4byte	0x348
 1327 04fd 02       		.uleb128 0x2
 1328 04fe 91       		.byte	0x91
 1329 04ff 70       		.sleb128 -16
 1330 0500 16       		.uleb128 0x16
 1331 0501 FD010000 		.4byte	.LASF15
 1332 0505 01       		.byte	0x1
 1333 0506 3E       		.byte	0x3e
 1334 0507 02030000 		.4byte	0x302
 1335 050b 02       		.uleb128 0x2
 1336 050c 91       		.byte	0x91
 1337 050d 6F       		.sleb128 -17
 1338 050e 00       		.byte	0
 1339 050f 11       		.uleb128 0x11
 1340 0510 3E020000 		.4byte	.LASF74
 1341 0514 01       		.byte	0x1
ARM GAS  C:\Users\KJA\AppData\Local\Temp\cccBXkfk.s 			page 28


 1342 0515 45       		.byte	0x45
 1343 0516 00000000 		.4byte	.LFB2
 1344 051a 84000000 		.4byte	.LFE2-.LFB2
 1345 051e 01       		.uleb128 0x1
 1346 051f 9C       		.byte	0x9c
 1347 0520 72050000 		.4byte	0x572
 1348 0524 12       		.uleb128 0x12
 1349 0525 6200     		.ascii	"b\000"
 1350 0527 01       		.byte	0x1
 1351 0528 45       		.byte	0x45
 1352 0529 C5040000 		.4byte	0x4c5
 1353 052d 02       		.uleb128 0x2
 1354 052e 91       		.byte	0x91
 1355 052f 6C       		.sleb128 -20
 1356 0530 12       		.uleb128 0x12
 1357 0531 7800     		.ascii	"x\000"
 1358 0533 01       		.byte	0x1
 1359 0534 45       		.byte	0x45
 1360 0535 02030000 		.4byte	0x302
 1361 0539 02       		.uleb128 0x2
 1362 053a 91       		.byte	0x91
 1363 053b 6B       		.sleb128 -21
 1364 053c 12       		.uleb128 0x12
 1365 053d 7900     		.ascii	"y\000"
 1366 053f 01       		.byte	0x1
 1367 0540 45       		.byte	0x45
 1368 0541 02030000 		.4byte	0x302
 1369 0545 02       		.uleb128 0x2
 1370 0546 91       		.byte	0x91
 1371 0547 6A       		.sleb128 -22
 1372 0548 16       		.uleb128 0x16
 1373 0549 B0030000 		.4byte	.LASF75
 1374 054d 01       		.byte	0x1
 1375 054e 45       		.byte	0x45
 1376 054f 8C000000 		.4byte	0x8c
 1377 0553 02       		.uleb128 0x2
 1378 0554 91       		.byte	0x91
 1379 0555 69       		.sleb128 -23
 1380 0556 14       		.uleb128 0x14
 1381 0557 76010000 		.4byte	.LASF76
 1382 055b 01       		.byte	0x1
 1383 055c 47       		.byte	0x47
 1384 055d 8C000000 		.4byte	0x8c
 1385 0561 01       		.uleb128 0x1
 1386 0562 54       		.byte	0x54
 1387 0563 13       		.uleb128 0x13
 1388 0564 70747200 		.ascii	"ptr\000"
 1389 0568 01       		.byte	0x1
 1390 0569 48       		.byte	0x48
 1391 056a CB040000 		.4byte	0x4cb
 1392 056e 02       		.uleb128 0x2
 1393 056f 91       		.byte	0x91
 1394 0570 74       		.sleb128 -12
 1395 0571 00       		.byte	0
 1396 0572 15       		.uleb128 0x15
 1397 0573 53020000 		.4byte	.LASF77
 1398 0577 01       		.byte	0x1
ARM GAS  C:\Users\KJA\AppData\Local\Temp\cccBXkfk.s 			page 29


 1399 0578 5F       		.byte	0x5f
 1400 0579 00000000 		.4byte	.LFB3
 1401 057d 4C000000 		.4byte	.LFE3-.LFB3
 1402 0581 01       		.uleb128 0x1
 1403 0582 9C       		.byte	0x9c
 1404 0583 A2050000 		.4byte	0x5a2
 1405 0587 12       		.uleb128 0x12
 1406 0588 6200     		.ascii	"b\000"
 1407 058a 01       		.byte	0x1
 1408 058b 5F       		.byte	0x5f
 1409 058c C5040000 		.4byte	0x4c5
 1410 0590 02       		.uleb128 0x2
 1411 0591 91       		.byte	0x91
 1412 0592 74       		.sleb128 -12
 1413 0593 16       		.uleb128 0x16
 1414 0594 39010000 		.4byte	.LASF37
 1415 0598 01       		.byte	0x1
 1416 0599 5F       		.byte	0x5f
 1417 059a A2050000 		.4byte	0x5a2
 1418 059e 02       		.uleb128 0x2
 1419 059f 91       		.byte	0x91
 1420 05a0 70       		.sleb128 -16
 1421 05a1 00       		.byte	0
 1422 05a2 10       		.uleb128 0x10
 1423 05a3 A7050000 		.4byte	0x5a7
 1424 05a7 0A       		.uleb128 0xa
 1425 05a8 04       		.byte	0x4
 1426 05a9 AD050000 		.4byte	0x5ad
 1427 05ad 10       		.uleb128 0x10
 1428 05ae 49020000 		.4byte	0x249
 1429 05b2 15       		.uleb128 0x15
 1430 05b3 B1010000 		.4byte	.LASF78
 1431 05b7 01       		.byte	0x1
 1432 05b8 6A       		.byte	0x6a
 1433 05b9 00000000 		.4byte	.LFB4
 1434 05bd 82000000 		.4byte	.LFE4-.LFB4
 1435 05c1 01       		.uleb128 0x1
 1436 05c2 9C       		.byte	0x9c
 1437 05c3 EF050000 		.4byte	0x5ef
 1438 05c7 12       		.uleb128 0x12
 1439 05c8 6200     		.ascii	"b\000"
 1440 05ca 01       		.byte	0x1
 1441 05cb 6A       		.byte	0x6a
 1442 05cc C5040000 		.4byte	0x4c5
 1443 05d0 02       		.uleb128 0x2
 1444 05d1 91       		.byte	0x91
 1445 05d2 6C       		.sleb128 -20
 1446 05d3 16       		.uleb128 0x16
 1447 05d4 39010000 		.4byte	.LASF37
 1448 05d8 01       		.byte	0x1
 1449 05d9 6A       		.byte	0x6a
 1450 05da EF050000 		.4byte	0x5ef
 1451 05de 02       		.uleb128 0x2
 1452 05df 91       		.byte	0x91
 1453 05e0 68       		.sleb128 -24
 1454 05e1 14       		.uleb128 0x14
 1455 05e2 6E000000 		.4byte	.LASF48
ARM GAS  C:\Users\KJA\AppData\Local\Temp\cccBXkfk.s 			page 30


 1456 05e6 01       		.byte	0x1
 1457 05e7 6C       		.byte	0x6c
 1458 05e8 8C000000 		.4byte	0x8c
 1459 05ec 01       		.uleb128 0x1
 1460 05ed 54       		.byte	0x54
 1461 05ee 00       		.byte	0
 1462 05ef 0A       		.uleb128 0xa
 1463 05f0 04       		.byte	0x4
 1464 05f1 49020000 		.4byte	0x249
 1465 05f5 15       		.uleb128 0x15
 1466 05f6 F0000000 		.4byte	.LASF79
 1467 05fa 01       		.byte	0x1
 1468 05fb 7F       		.byte	0x7f
 1469 05fc 00000000 		.4byte	.LFB5
 1470 0600 8E000000 		.4byte	.LFE5-.LFB5
 1471 0604 01       		.uleb128 0x1
 1472 0605 9C       		.byte	0x9c
 1473 0606 4C060000 		.4byte	0x64c
 1474 060a 12       		.uleb128 0x12
 1475 060b 6200     		.ascii	"b\000"
 1476 060d 01       		.byte	0x1
 1477 060e 7F       		.byte	0x7f
 1478 060f C5040000 		.4byte	0x4c5
 1479 0613 02       		.uleb128 0x2
 1480 0614 91       		.byte	0x91
 1481 0615 64       		.sleb128 -28
 1482 0616 16       		.uleb128 0x16
 1483 0617 39010000 		.4byte	.LASF37
 1484 061b 01       		.byte	0x1
 1485 061c 7F       		.byte	0x7f
 1486 061d EF050000 		.4byte	0x5ef
 1487 0621 02       		.uleb128 0x2
 1488 0622 91       		.byte	0x91
 1489 0623 60       		.sleb128 -32
 1490 0624 14       		.uleb128 0x14
 1491 0625 6E000000 		.4byte	.LASF48
 1492 0629 01       		.byte	0x1
 1493 062a 81       		.byte	0x81
 1494 062b 8C000000 		.4byte	0x8c
 1495 062f 01       		.uleb128 0x1
 1496 0630 54       		.byte	0x54
 1497 0631 13       		.uleb128 0x13
 1498 0632 647800   		.ascii	"dx\000"
 1499 0635 01       		.byte	0x1
 1500 0636 82       		.byte	0x82
 1501 0637 02030000 		.4byte	0x302
 1502 063b 02       		.uleb128 0x2
 1503 063c 91       		.byte	0x91
 1504 063d 6F       		.sleb128 -17
 1505 063e 13       		.uleb128 0x13
 1506 063f 647900   		.ascii	"dy\000"
 1507 0642 01       		.byte	0x1
 1508 0643 83       		.byte	0x83
 1509 0644 02030000 		.4byte	0x302
 1510 0648 02       		.uleb128 0x2
 1511 0649 91       		.byte	0x91
 1512 064a 6E       		.sleb128 -18
ARM GAS  C:\Users\KJA\AppData\Local\Temp\cccBXkfk.s 			page 31


 1513 064b 00       		.byte	0
 1514 064c 17       		.uleb128 0x17
 1515 064d 9A010000 		.4byte	.LASF80
 1516 0651 01       		.byte	0x1
 1517 0652 98       		.byte	0x98
 1518 0653 8C000000 		.4byte	0x8c
 1519 0657 00000000 		.4byte	.LFB6
 1520 065b 9E010000 		.4byte	.LFE6-.LFB6
 1521 065f 01       		.uleb128 0x1
 1522 0660 9C       		.byte	0x9c
 1523 0661 12       		.uleb128 0x12
 1524 0662 75386700 		.ascii	"u8g\000"
 1525 0666 01       		.byte	0x1
 1526 0667 98       		.byte	0x98
 1527 0668 3C030000 		.4byte	0x33c
 1528 066c 02       		.uleb128 0x2
 1529 066d 91       		.byte	0x91
 1530 066e 6C       		.sleb128 -20
 1531 066f 12       		.uleb128 0x12
 1532 0670 64657600 		.ascii	"dev\000"
 1533 0674 01       		.byte	0x1
 1534 0675 98       		.byte	0x98
 1535 0676 42030000 		.4byte	0x342
 1536 067a 02       		.uleb128 0x2
 1537 067b 91       		.byte	0x91
 1538 067c 68       		.sleb128 -24
 1539 067d 12       		.uleb128 0x12
 1540 067e 6D736700 		.ascii	"msg\000"
 1541 0682 01       		.byte	0x1
 1542 0683 98       		.byte	0x98
 1543 0684 8C000000 		.4byte	0x8c
 1544 0688 02       		.uleb128 0x2
 1545 0689 91       		.byte	0x91
 1546 068a 67       		.sleb128 -25
 1547 068b 12       		.uleb128 0x12
 1548 068c 61726700 		.ascii	"arg\000"
 1549 0690 01       		.byte	0x1
 1550 0691 98       		.byte	0x98
 1551 0692 48030000 		.4byte	0x348
 1552 0696 02       		.uleb128 0x2
 1553 0697 91       		.byte	0x91
 1554 0698 60       		.sleb128 -32
 1555 0699 13       		.uleb128 0x13
 1556 069a 706200   		.ascii	"pb\000"
 1557 069d 01       		.byte	0x1
 1558 069e 9A       		.byte	0x9a
 1559 069f C5040000 		.4byte	0x4c5
 1560 06a3 02       		.uleb128 0x2
 1561 06a4 91       		.byte	0x91
 1562 06a5 74       		.sleb128 -12
 1563 06a6 00       		.byte	0
 1564 06a7 00       		.byte	0
 1565              		.section	.debug_abbrev,"",%progbits
 1566              	.Ldebug_abbrev0:
 1567 0000 01       		.uleb128 0x1
 1568 0001 11       		.uleb128 0x11
 1569 0002 01       		.byte	0x1
ARM GAS  C:\Users\KJA\AppData\Local\Temp\cccBXkfk.s 			page 32


 1570 0003 25       		.uleb128 0x25
 1571 0004 0E       		.uleb128 0xe
 1572 0005 13       		.uleb128 0x13
 1573 0006 0B       		.uleb128 0xb
 1574 0007 03       		.uleb128 0x3
 1575 0008 0E       		.uleb128 0xe
 1576 0009 1B       		.uleb128 0x1b
 1577 000a 0E       		.uleb128 0xe
 1578 000b 55       		.uleb128 0x55
 1579 000c 17       		.uleb128 0x17
 1580 000d 11       		.uleb128 0x11
 1581 000e 01       		.uleb128 0x1
 1582 000f 10       		.uleb128 0x10
 1583 0010 17       		.uleb128 0x17
 1584 0011 00       		.byte	0
 1585 0012 00       		.byte	0
 1586 0013 02       		.uleb128 0x2
 1587 0014 24       		.uleb128 0x24
 1588 0015 00       		.byte	0
 1589 0016 0B       		.uleb128 0xb
 1590 0017 0B       		.uleb128 0xb
 1591 0018 3E       		.uleb128 0x3e
 1592 0019 0B       		.uleb128 0xb
 1593 001a 03       		.uleb128 0x3
 1594 001b 08       		.uleb128 0x8
 1595 001c 00       		.byte	0
 1596 001d 00       		.byte	0
 1597 001e 03       		.uleb128 0x3
 1598 001f 24       		.uleb128 0x24
 1599 0020 00       		.byte	0
 1600 0021 0B       		.uleb128 0xb
 1601 0022 0B       		.uleb128 0xb
 1602 0023 3E       		.uleb128 0x3e
 1603 0024 0B       		.uleb128 0xb
 1604 0025 03       		.uleb128 0x3
 1605 0026 0E       		.uleb128 0xe
 1606 0027 00       		.byte	0
 1607 0028 00       		.byte	0
 1608 0029 04       		.uleb128 0x4
 1609 002a 16       		.uleb128 0x16
 1610 002b 00       		.byte	0
 1611 002c 03       		.uleb128 0x3
 1612 002d 0E       		.uleb128 0xe
 1613 002e 3A       		.uleb128 0x3a
 1614 002f 0B       		.uleb128 0xb
 1615 0030 3B       		.uleb128 0x3b
 1616 0031 0B       		.uleb128 0xb
 1617 0032 49       		.uleb128 0x49
 1618 0033 13       		.uleb128 0x13
 1619 0034 00       		.byte	0
 1620 0035 00       		.byte	0
 1621 0036 05       		.uleb128 0x5
 1622 0037 13       		.uleb128 0x13
 1623 0038 01       		.byte	0x1
 1624 0039 03       		.uleb128 0x3
 1625 003a 0E       		.uleb128 0xe
 1626 003b 0B       		.uleb128 0xb
ARM GAS  C:\Users\KJA\AppData\Local\Temp\cccBXkfk.s 			page 33


 1627 003c 0B       		.uleb128 0xb
 1628 003d 3A       		.uleb128 0x3a
 1629 003e 0B       		.uleb128 0xb
 1630 003f 3B       		.uleb128 0x3b
 1631 0040 05       		.uleb128 0x5
 1632 0041 01       		.uleb128 0x1
 1633 0042 13       		.uleb128 0x13
 1634 0043 00       		.byte	0
 1635 0044 00       		.byte	0
 1636 0045 06       		.uleb128 0x6
 1637 0046 0D       		.uleb128 0xd
 1638 0047 00       		.byte	0
 1639 0048 03       		.uleb128 0x3
 1640 0049 0E       		.uleb128 0xe
 1641 004a 3A       		.uleb128 0x3a
 1642 004b 0B       		.uleb128 0xb
 1643 004c 3B       		.uleb128 0x3b
 1644 004d 05       		.uleb128 0x5
 1645 004e 49       		.uleb128 0x49
 1646 004f 13       		.uleb128 0x13
 1647 0050 38       		.uleb128 0x38
 1648 0051 0B       		.uleb128 0xb
 1649 0052 00       		.byte	0
 1650 0053 00       		.byte	0
 1651 0054 07       		.uleb128 0x7
 1652 0055 0D       		.uleb128 0xd
 1653 0056 00       		.byte	0
 1654 0057 03       		.uleb128 0x3
 1655 0058 08       		.uleb128 0x8
 1656 0059 3A       		.uleb128 0x3a
 1657 005a 0B       		.uleb128 0xb
 1658 005b 3B       		.uleb128 0x3b
 1659 005c 05       		.uleb128 0x5
 1660 005d 49       		.uleb128 0x49
 1661 005e 13       		.uleb128 0x13
 1662 005f 38       		.uleb128 0x38
 1663 0060 0B       		.uleb128 0xb
 1664 0061 00       		.byte	0
 1665 0062 00       		.byte	0
 1666 0063 08       		.uleb128 0x8
 1667 0064 13       		.uleb128 0x13
 1668 0065 01       		.byte	0x1
 1669 0066 03       		.uleb128 0x3
 1670 0067 0E       		.uleb128 0xe
 1671 0068 0B       		.uleb128 0xb
 1672 0069 0B       		.uleb128 0xb
 1673 006a 3A       		.uleb128 0x3a
 1674 006b 0B       		.uleb128 0xb
 1675 006c 3B       		.uleb128 0x3b
 1676 006d 0B       		.uleb128 0xb
 1677 006e 01       		.uleb128 0x1
 1678 006f 13       		.uleb128 0x13
 1679 0070 00       		.byte	0
 1680 0071 00       		.byte	0
 1681 0072 09       		.uleb128 0x9
 1682 0073 0D       		.uleb128 0xd
 1683 0074 00       		.byte	0
ARM GAS  C:\Users\KJA\AppData\Local\Temp\cccBXkfk.s 			page 34


 1684 0075 03       		.uleb128 0x3
 1685 0076 0E       		.uleb128 0xe
 1686 0077 3A       		.uleb128 0x3a
 1687 0078 0B       		.uleb128 0xb
 1688 0079 3B       		.uleb128 0x3b
 1689 007a 0B       		.uleb128 0xb
 1690 007b 49       		.uleb128 0x49
 1691 007c 13       		.uleb128 0x13
 1692 007d 38       		.uleb128 0x38
 1693 007e 0B       		.uleb128 0xb
 1694 007f 00       		.byte	0
 1695 0080 00       		.byte	0
 1696 0081 0A       		.uleb128 0xa
 1697 0082 0F       		.uleb128 0xf
 1698 0083 00       		.byte	0
 1699 0084 0B       		.uleb128 0xb
 1700 0085 0B       		.uleb128 0xb
 1701 0086 49       		.uleb128 0x49
 1702 0087 13       		.uleb128 0x13
 1703 0088 00       		.byte	0
 1704 0089 00       		.byte	0
 1705 008a 0B       		.uleb128 0xb
 1706 008b 15       		.uleb128 0x15
 1707 008c 01       		.byte	0x1
 1708 008d 27       		.uleb128 0x27
 1709 008e 19       		.uleb128 0x19
 1710 008f 49       		.uleb128 0x49
 1711 0090 13       		.uleb128 0x13
 1712 0091 01       		.uleb128 0x1
 1713 0092 13       		.uleb128 0x13
 1714 0093 00       		.byte	0
 1715 0094 00       		.byte	0
 1716 0095 0C       		.uleb128 0xc
 1717 0096 05       		.uleb128 0x5
 1718 0097 00       		.byte	0
 1719 0098 49       		.uleb128 0x49
 1720 0099 13       		.uleb128 0x13
 1721 009a 00       		.byte	0
 1722 009b 00       		.byte	0
 1723 009c 0D       		.uleb128 0xd
 1724 009d 0F       		.uleb128 0xf
 1725 009e 00       		.byte	0
 1726 009f 0B       		.uleb128 0xb
 1727 00a0 0B       		.uleb128 0xb
 1728 00a1 00       		.byte	0
 1729 00a2 00       		.byte	0
 1730 00a3 0E       		.uleb128 0xe
 1731 00a4 16       		.uleb128 0x16
 1732 00a5 00       		.byte	0
 1733 00a6 03       		.uleb128 0x3
 1734 00a7 0E       		.uleb128 0xe
 1735 00a8 3A       		.uleb128 0x3a
 1736 00a9 0B       		.uleb128 0xb
 1737 00aa 3B       		.uleb128 0x3b
 1738 00ab 05       		.uleb128 0x5
 1739 00ac 49       		.uleb128 0x49
 1740 00ad 13       		.uleb128 0x13
ARM GAS  C:\Users\KJA\AppData\Local\Temp\cccBXkfk.s 			page 35


 1741 00ae 00       		.byte	0
 1742 00af 00       		.byte	0
 1743 00b0 0F       		.uleb128 0xf
 1744 00b1 15       		.uleb128 0x15
 1745 00b2 01       		.byte	0x1
 1746 00b3 27       		.uleb128 0x27
 1747 00b4 19       		.uleb128 0x19
 1748 00b5 01       		.uleb128 0x1
 1749 00b6 13       		.uleb128 0x13
 1750 00b7 00       		.byte	0
 1751 00b8 00       		.byte	0
 1752 00b9 10       		.uleb128 0x10
 1753 00ba 26       		.uleb128 0x26
 1754 00bb 00       		.byte	0
 1755 00bc 49       		.uleb128 0x49
 1756 00bd 13       		.uleb128 0x13
 1757 00be 00       		.byte	0
 1758 00bf 00       		.byte	0
 1759 00c0 11       		.uleb128 0x11
 1760 00c1 2E       		.uleb128 0x2e
 1761 00c2 01       		.byte	0x1
 1762 00c3 3F       		.uleb128 0x3f
 1763 00c4 19       		.uleb128 0x19
 1764 00c5 03       		.uleb128 0x3
 1765 00c6 0E       		.uleb128 0xe
 1766 00c7 3A       		.uleb128 0x3a
 1767 00c8 0B       		.uleb128 0xb
 1768 00c9 3B       		.uleb128 0x3b
 1769 00ca 0B       		.uleb128 0xb
 1770 00cb 27       		.uleb128 0x27
 1771 00cc 19       		.uleb128 0x19
 1772 00cd 11       		.uleb128 0x11
 1773 00ce 01       		.uleb128 0x1
 1774 00cf 12       		.uleb128 0x12
 1775 00d0 06       		.uleb128 0x6
 1776 00d1 40       		.uleb128 0x40
 1777 00d2 18       		.uleb128 0x18
 1778 00d3 9742     		.uleb128 0x2117
 1779 00d5 19       		.uleb128 0x19
 1780 00d6 01       		.uleb128 0x1
 1781 00d7 13       		.uleb128 0x13
 1782 00d8 00       		.byte	0
 1783 00d9 00       		.byte	0
 1784 00da 12       		.uleb128 0x12
 1785 00db 05       		.uleb128 0x5
 1786 00dc 00       		.byte	0
 1787 00dd 03       		.uleb128 0x3
 1788 00de 08       		.uleb128 0x8
 1789 00df 3A       		.uleb128 0x3a
 1790 00e0 0B       		.uleb128 0xb
 1791 00e1 3B       		.uleb128 0x3b
 1792 00e2 0B       		.uleb128 0xb
 1793 00e3 49       		.uleb128 0x49
 1794 00e4 13       		.uleb128 0x13
 1795 00e5 02       		.uleb128 0x2
 1796 00e6 18       		.uleb128 0x18
 1797 00e7 00       		.byte	0
ARM GAS  C:\Users\KJA\AppData\Local\Temp\cccBXkfk.s 			page 36


 1798 00e8 00       		.byte	0
 1799 00e9 13       		.uleb128 0x13
 1800 00ea 34       		.uleb128 0x34
 1801 00eb 00       		.byte	0
 1802 00ec 03       		.uleb128 0x3
 1803 00ed 08       		.uleb128 0x8
 1804 00ee 3A       		.uleb128 0x3a
 1805 00ef 0B       		.uleb128 0xb
 1806 00f0 3B       		.uleb128 0x3b
 1807 00f1 0B       		.uleb128 0xb
 1808 00f2 49       		.uleb128 0x49
 1809 00f3 13       		.uleb128 0x13
 1810 00f4 02       		.uleb128 0x2
 1811 00f5 18       		.uleb128 0x18
 1812 00f6 00       		.byte	0
 1813 00f7 00       		.byte	0
 1814 00f8 14       		.uleb128 0x14
 1815 00f9 34       		.uleb128 0x34
 1816 00fa 00       		.byte	0
 1817 00fb 03       		.uleb128 0x3
 1818 00fc 0E       		.uleb128 0xe
 1819 00fd 3A       		.uleb128 0x3a
 1820 00fe 0B       		.uleb128 0xb
 1821 00ff 3B       		.uleb128 0x3b
 1822 0100 0B       		.uleb128 0xb
 1823 0101 49       		.uleb128 0x49
 1824 0102 13       		.uleb128 0x13
 1825 0103 02       		.uleb128 0x2
 1826 0104 18       		.uleb128 0x18
 1827 0105 00       		.byte	0
 1828 0106 00       		.byte	0
 1829 0107 15       		.uleb128 0x15
 1830 0108 2E       		.uleb128 0x2e
 1831 0109 01       		.byte	0x1
 1832 010a 3F       		.uleb128 0x3f
 1833 010b 19       		.uleb128 0x19
 1834 010c 03       		.uleb128 0x3
 1835 010d 0E       		.uleb128 0xe
 1836 010e 3A       		.uleb128 0x3a
 1837 010f 0B       		.uleb128 0xb
 1838 0110 3B       		.uleb128 0x3b
 1839 0111 0B       		.uleb128 0xb
 1840 0112 27       		.uleb128 0x27
 1841 0113 19       		.uleb128 0x19
 1842 0114 11       		.uleb128 0x11
 1843 0115 01       		.uleb128 0x1
 1844 0116 12       		.uleb128 0x12
 1845 0117 06       		.uleb128 0x6
 1846 0118 40       		.uleb128 0x40
 1847 0119 18       		.uleb128 0x18
 1848 011a 9642     		.uleb128 0x2116
 1849 011c 19       		.uleb128 0x19
 1850 011d 01       		.uleb128 0x1
 1851 011e 13       		.uleb128 0x13
 1852 011f 00       		.byte	0
 1853 0120 00       		.byte	0
 1854 0121 16       		.uleb128 0x16
ARM GAS  C:\Users\KJA\AppData\Local\Temp\cccBXkfk.s 			page 37


 1855 0122 05       		.uleb128 0x5
 1856 0123 00       		.byte	0
 1857 0124 03       		.uleb128 0x3
 1858 0125 0E       		.uleb128 0xe
 1859 0126 3A       		.uleb128 0x3a
 1860 0127 0B       		.uleb128 0xb
 1861 0128 3B       		.uleb128 0x3b
 1862 0129 0B       		.uleb128 0xb
 1863 012a 49       		.uleb128 0x49
 1864 012b 13       		.uleb128 0x13
 1865 012c 02       		.uleb128 0x2
 1866 012d 18       		.uleb128 0x18
 1867 012e 00       		.byte	0
 1868 012f 00       		.byte	0
 1869 0130 17       		.uleb128 0x17
 1870 0131 2E       		.uleb128 0x2e
 1871 0132 01       		.byte	0x1
 1872 0133 3F       		.uleb128 0x3f
 1873 0134 19       		.uleb128 0x19
 1874 0135 03       		.uleb128 0x3
 1875 0136 0E       		.uleb128 0xe
 1876 0137 3A       		.uleb128 0x3a
 1877 0138 0B       		.uleb128 0xb
 1878 0139 3B       		.uleb128 0x3b
 1879 013a 0B       		.uleb128 0xb
 1880 013b 27       		.uleb128 0x27
 1881 013c 19       		.uleb128 0x19
 1882 013d 49       		.uleb128 0x49
 1883 013e 13       		.uleb128 0x13
 1884 013f 11       		.uleb128 0x11
 1885 0140 01       		.uleb128 0x1
 1886 0141 12       		.uleb128 0x12
 1887 0142 06       		.uleb128 0x6
 1888 0143 40       		.uleb128 0x40
 1889 0144 18       		.uleb128 0x18
 1890 0145 9642     		.uleb128 0x2116
 1891 0147 19       		.uleb128 0x19
 1892 0148 00       		.byte	0
 1893 0149 00       		.byte	0
 1894 014a 00       		.byte	0
 1895              		.section	.debug_aranges,"",%progbits
 1896 0000 4C000000 		.4byte	0x4c
 1897 0004 0200     		.2byte	0x2
 1898 0006 00000000 		.4byte	.Ldebug_info0
 1899 000a 04       		.byte	0x4
 1900 000b 00       		.byte	0
 1901 000c 0000     		.2byte	0
 1902 000e 0000     		.2byte	0
 1903 0010 00000000 		.4byte	.LFB0
 1904 0014 3C000000 		.4byte	.LFE0-.LFB0
 1905 0018 00000000 		.4byte	.LFB1
 1906 001c 26000000 		.4byte	.LFE1-.LFB1
 1907 0020 00000000 		.4byte	.LFB2
 1908 0024 84000000 		.4byte	.LFE2-.LFB2
 1909 0028 00000000 		.4byte	.LFB3
 1910 002c 4C000000 		.4byte	.LFE3-.LFB3
 1911 0030 00000000 		.4byte	.LFB4
ARM GAS  C:\Users\KJA\AppData\Local\Temp\cccBXkfk.s 			page 38


 1912 0034 82000000 		.4byte	.LFE4-.LFB4
 1913 0038 00000000 		.4byte	.LFB5
 1914 003c 8E000000 		.4byte	.LFE5-.LFB5
 1915 0040 00000000 		.4byte	.LFB6
 1916 0044 9E010000 		.4byte	.LFE6-.LFB6
 1917 0048 00000000 		.4byte	0
 1918 004c 00000000 		.4byte	0
 1919              		.section	.debug_ranges,"",%progbits
 1920              	.Ldebug_ranges0:
 1921 0000 00000000 		.4byte	.LFB0
 1922 0004 3C000000 		.4byte	.LFE0
 1923 0008 00000000 		.4byte	.LFB1
 1924 000c 26000000 		.4byte	.LFE1
 1925 0010 00000000 		.4byte	.LFB2
 1926 0014 84000000 		.4byte	.LFE2
 1927 0018 00000000 		.4byte	.LFB3
 1928 001c 4C000000 		.4byte	.LFE3
 1929 0020 00000000 		.4byte	.LFB4
 1930 0024 82000000 		.4byte	.LFE4
 1931 0028 00000000 		.4byte	.LFB5
 1932 002c 8E000000 		.4byte	.LFE5
 1933 0030 00000000 		.4byte	.LFB6
 1934 0034 9E010000 		.4byte	.LFE6
 1935 0038 00000000 		.4byte	0
 1936 003c 00000000 		.4byte	0
 1937              		.section	.debug_line,"",%progbits
 1938              	.Ldebug_line0:
 1939 0000 12020000 		.section	.debug_str,"MS",%progbits,1
 1939      02003B01 
 1939      00000201 
 1939      FB0E0D00 
 1939      01010101 
 1940              	.LASF47:
 1941 0000 5F753867 		.ascii	"_u8g_dev_arg_pixel_t\000"
 1941      5F646576 
 1941      5F617267 
 1941      5F706978 
 1941      656C5F74 
 1942              	.LASF3:
 1943 0015 5F5F7569 		.ascii	"__uint8_t\000"
 1943      6E74385F 
 1943      7400
 1944              	.LASF38:
 1945 001f 73746174 		.ascii	"state_cb\000"
 1945      655F6362 
 1945      00
 1946              	.LASF82:
 1947 0028 7538676C 		.ascii	"u8glib_arm_v1.18.1\\src\\u8g_pb16v1.c\000"
 1947      69625F61 
 1947      726D5F76 
 1947      312E3138 
 1947      2E315C73 
 1948              	.LASF63:
 1949 004c 7538675F 		.ascii	"u8g_page_t\000"
 1949      70616765 
 1949      5F7400
 1950              	.LASF10:
ARM GAS  C:\Users\KJA\AppData\Local\Temp\cccBXkfk.s 			page 39


 1951 0057 6C6F6E67 		.ascii	"long long unsigned int\000"
 1951      206C6F6E 
 1951      6720756E 
 1951      7369676E 
 1951      65642069 
 1952              	.LASF48:
 1953 006e 70697865 		.ascii	"pixel\000"
 1953      6C00
 1954              	.LASF2:
 1955 0074 5F5F696E 		.ascii	"__int8_t\000"
 1955      74385F74 
 1955      00
 1956              	.LASF68:
 1957 007d 7538675F 		.ascii	"u8g_state_cb\000"
 1957      73746174 
 1957      655F6362 
 1957      00
 1958              	.LASF9:
 1959 008a 6C6F6E67 		.ascii	"long long int\000"
 1959      206C6F6E 
 1959      6720696E 
 1959      7400
 1960              	.LASF1:
 1961 0098 7369676E 		.ascii	"signed char\000"
 1961      65642063 
 1961      68617200 
 1962              	.LASF40:
 1963 00a4 7538675F 		.ascii	"u8g_dev_t\000"
 1963      6465765F 
 1963      7400
 1964              	.LASF21:
 1965 00ae 63757273 		.ascii	"cursor_encoding\000"
 1965      6F725F65 
 1965      6E636F64 
 1965      696E6700 
 1966              	.LASF25:
 1967 00be 63757273 		.ascii	"cursor_fn\000"
 1967      6F725F66 
 1967      6E00
 1968              	.LASF7:
 1969 00c8 6C6F6E67 		.ascii	"long int\000"
 1969      20696E74 
 1969      00
 1970              	.LASF57:
 1971 00d1 5F753867 		.ascii	"_u8g_page_t\000"
 1971      5F706167 
 1971      655F7400 
 1972              	.LASF66:
 1973 00dd 7538675F 		.ascii	"u8g_draw_cursor_fn\000"
 1973      64726177 
 1973      5F637572 
 1973      736F725F 
 1973      666E00
 1974              	.LASF79:
 1975 00f0 7538675F 		.ascii	"u8g_pb16v1_Set8PixelOpt2\000"
 1975      70623136 
 1975      76315F53 
ARM GAS  C:\Users\KJA\AppData\Local\Temp\cccBXkfk.s 			page 40


 1975      65743850 
 1975      6978656C 
 1976              	.LASF41:
 1977 0109 5F753867 		.ascii	"_u8g_t\000"
 1977      5F7400
 1978              	.LASF14:
 1979 0110 7538675F 		.ascii	"u8g_t\000"
 1979      7400
 1980              	.LASF71:
 1981 0116 656E645F 		.ascii	"end_ptr\000"
 1981      70747200 
 1982              	.LASF54:
 1983 011e 7538675F 		.ascii	"u8g_uint_t\000"
 1983      75696E74 
 1983      5F7400
 1984              	.LASF20:
 1985 0129 63757273 		.ascii	"cursor_bg_color\000"
 1985      6F725F62 
 1985      675F636F 
 1985      6C6F7200 
 1986              	.LASF37:
 1987 0139 6172675F 		.ascii	"arg_pixel\000"
 1987      70697865 
 1987      6C00
 1988              	.LASF65:
 1989 0143 7538675F 		.ascii	"u8g_pb_t\000"
 1989      70625F74 
 1989      00
 1990              	.LASF34:
 1991 014c 666F6E74 		.ascii	"font_ref_descent\000"
 1991      5F726566 
 1991      5F646573 
 1991      63656E74 
 1991      00
 1992              	.LASF67:
 1993 015d 7538675F 		.ascii	"u8g_font_calc_vref_fnptr\000"
 1993      666F6E74 
 1993      5F63616C 
 1993      635F7672 
 1993      65665F66 
 1994              	.LASF76:
 1995 0176 6D61736B 		.ascii	"mask\000"
 1995      00
 1996              	.LASF31:
 1997 017b 666F6E74 		.ascii	"font_calc_vref\000"
 1997      5F63616C 
 1997      635F7672 
 1997      656600
 1998              	.LASF33:
 1999 018a 666F6E74 		.ascii	"font_ref_ascent\000"
 1999      5F726566 
 1999      5F617363 
 1999      656E7400 
 2000              	.LASF80:
 2001 019a 7538675F 		.ascii	"u8g_dev_pb16v1_base_fn\000"
 2001      6465765F 
 2001      70623136 
ARM GAS  C:\Users\KJA\AppData\Local\Temp\cccBXkfk.s 			page 41


 2001      76315F62 
 2001      6173655F 
 2002              	.LASF78:
 2003 01b1 7538675F 		.ascii	"u8g_pb16v1_Set8PixelStd\000"
 2003      70623136 
 2003      76315F53 
 2003      65743850 
 2003      6978656C 
 2004              	.LASF0:
 2005 01c9 756E7369 		.ascii	"unsigned int\000"
 2005      676E6564 
 2005      20696E74 
 2005      00
 2006              	.LASF19:
 2007 01d6 63757273 		.ascii	"cursor_fg_color\000"
 2007      6F725F66 
 2007      675F636F 
 2007      6C6F7200 
 2008              	.LASF8:
 2009 01e6 6C6F6E67 		.ascii	"long unsigned int\000"
 2009      20756E73 
 2009      69676E65 
 2009      6420696E 
 2009      7400
 2010              	.LASF62:
 2011 01f8 70616765 		.ascii	"page\000"
 2011      00
 2012              	.LASF15:
 2013 01fd 77696474 		.ascii	"width\000"
 2013      6800
 2014              	.LASF83:
 2015 0203 443A5C57 		.ascii	"D:\\Workspace\\PSoC_Creator\\Active_Load\\Active_Lo"
 2015      6F726B73 
 2015      70616365 
 2015      5C50536F 
 2015      435F4372 
 2016 0232 61645F76 		.ascii	"ad_v9.cydsn\000"
 2016      392E6379 
 2016      64736E00 
 2017              	.LASF74:
 2018 023e 7538675F 		.ascii	"u8g_pb16v1_set_pixel\000"
 2018      70623136 
 2018      76315F73 
 2018      65745F70 
 2018      6978656C 
 2019              	.LASF77:
 2020 0253 7538675F 		.ascii	"u8g_pb16v1_SetPixel\000"
 2020      70623136 
 2020      76315F53 
 2020      65745069 
 2020      78656C00 
 2021              	.LASF52:
 2022 0267 7538675F 		.ascii	"u8g_box_t\000"
 2022      626F785F 
 2022      7400
 2023              	.LASF36:
 2024 0271 6C696E65 		.ascii	"line_spacing\000"
ARM GAS  C:\Users\KJA\AppData\Local\Temp\cccBXkfk.s 			page 42


 2024      5F737061 
 2024      63696E67 
 2024      00
 2025              	.LASF32:
 2026 027e 666F6E74 		.ascii	"font_height_mode\000"
 2026      5F686569 
 2026      6768745F 
 2026      6D6F6465 
 2026      00
 2027              	.LASF30:
 2028 028f 676C7970 		.ascii	"glyph_height\000"
 2028      685F6865 
 2028      69676874 
 2028      00
 2029              	.LASF69:
 2030 029c 73697A65 		.ascii	"sizetype\000"
 2030      74797065 
 2030      00
 2031              	.LASF39:
 2032 02a5 63757272 		.ascii	"current_page\000"
 2032      656E745F 
 2032      70616765 
 2032      00
 2033              	.LASF24:
 2034 02b2 63757273 		.ascii	"cursor_y\000"
 2034      6F725F79 
 2034      00
 2035              	.LASF81:
 2036 02bb 474E5520 		.ascii	"GNU C 4.9.3 20150303 (release) [ARM/embedded-4_9-br"
 2036      4320342E 
 2036      392E3320 
 2036      32303135 
 2036      30333033 
 2037 02ee 616E6368 		.ascii	"anch revision 221220] -mcpu=cortex-m3 -mthumb -g -O"
 2037      20726576 
 2037      6973696F 
 2037      6E203232 
 2037      31323230 
 2038 0321 30202D66 		.ascii	"0 -ffunction-sections -ffat-lto-objects\000"
 2038      66756E63 
 2038      74696F6E 
 2038      2D736563 
 2038      74696F6E 
 2039              	.LASF13:
 2040 0349 7538675F 		.ascii	"u8g_pgm_uint8_t\000"
 2040      70676D5F 
 2040      75696E74 
 2040      385F7400 
 2041              	.LASF51:
 2042 0359 626C7565 		.ascii	"blue\000"
 2042      00
 2043              	.LASF64:
 2044 035e 5F753867 		.ascii	"_u8g_pb_t\000"
 2044      5F70625F 
 2044      7400
 2045              	.LASF44:
 2046 0368 6465765F 		.ascii	"dev_mem\000"
ARM GAS  C:\Users\KJA\AppData\Local\Temp\cccBXkfk.s 			page 43


 2046      6D656D00 
 2047              	.LASF56:
 2048 0370 7538675F 		.ascii	"u8g_com_fnptr\000"
 2048      636F6D5F 
 2048      666E7074 
 2048      7200
 2049              	.LASF43:
 2050 037e 6465765F 		.ascii	"dev_fn\000"
 2050      666E00
 2051              	.LASF46:
 2052 0385 7538675F 		.ascii	"u8g_dev_arg_pixel_t\000"
 2052      6465765F 
 2052      6172675F 
 2052      70697865 
 2052      6C5F7400 
 2053              	.LASF4:
 2054 0399 756E7369 		.ascii	"unsigned char\000"
 2054      676E6564 
 2054      20636861 
 2054      7200
 2055              	.LASF26:
 2056 03a7 676C7970 		.ascii	"glyph_dx\000"
 2056      685F6478 
 2056      00
 2057              	.LASF75:
 2058 03b0 636F6C6F 		.ascii	"color_index\000"
 2058      725F696E 
 2058      64657800 
 2059              	.LASF5:
 2060 03bc 73686F72 		.ascii	"short int\000"
 2060      7420696E 
 2060      7400
 2061              	.LASF42:
 2062 03c6 5F753867 		.ascii	"_u8g_dev_t\000"
 2062      5F646576 
 2062      5F7400
 2063              	.LASF58:
 2064 03d1 70616765 		.ascii	"page_height\000"
 2064      5F686569 
 2064      67687400 
 2065              	.LASF18:
 2066 03dd 63757273 		.ascii	"cursor_font\000"
 2066      6F725F66 
 2066      6F6E7400 
 2067              	.LASF45:
 2068 03e9 636F6D5F 		.ascii	"com_fn\000"
 2068      666E00
 2069              	.LASF27:
 2070 03f0 676C7970 		.ascii	"glyph_x\000"
 2070      685F7800 
 2071              	.LASF28:
 2072 03f8 676C7970 		.ascii	"glyph_y\000"
 2072      685F7900 
 2073              	.LASF23:
 2074 0400 63757273 		.ascii	"cursor_x\000"
 2074      6F725F78 
 2074      00
ARM GAS  C:\Users\KJA\AppData\Local\Temp\cccBXkfk.s 			page 44


 2075              	.LASF49:
 2076 0409 636F6C6F 		.ascii	"color\000"
 2076      7200
 2077              	.LASF70:
 2078 040f 63686172 		.ascii	"char\000"
 2078      00
 2079              	.LASF22:
 2080 0414 6D6F6465 		.ascii	"mode\000"
 2080      00
 2081              	.LASF59:
 2082 0419 746F7461 		.ascii	"total_height\000"
 2082      6C5F6865 
 2082      69676874 
 2082      00
 2083              	.LASF6:
 2084 0426 73686F72 		.ascii	"short unsigned int\000"
 2084      7420756E 
 2084      7369676E 
 2084      65642069 
 2084      6E7400
 2085              	.LASF29:
 2086 0439 676C7970 		.ascii	"glyph_width\000"
 2086      685F7769 
 2086      64746800 
 2087              	.LASF11:
 2088 0445 696E7438 		.ascii	"int8_t\000"
 2088      5F7400
 2089              	.LASF17:
 2090 044c 666F6E74 		.ascii	"font\000"
 2090      00
 2091              	.LASF73:
 2092 0451 7538675F 		.ascii	"u8g_pb16v1_Init\000"
 2092      70623136 
 2092      76315F49 
 2092      6E697400 
 2093              	.LASF55:
 2094 0461 7538675F 		.ascii	"u8g_dev_fnptr\000"
 2094      6465765F 
 2094      666E7074 
 2094      7200
 2095              	.LASF50:
 2096 046f 68695F63 		.ascii	"hi_color\000"
 2096      6F6C6F72 
 2096      00
 2097              	.LASF12:
 2098 0478 75696E74 		.ascii	"uint8_t\000"
 2098      385F7400 
 2099              	.LASF60:
 2100 0480 70616765 		.ascii	"page_y0\000"
 2100      5F793000 
 2101              	.LASF61:
 2102 0488 70616765 		.ascii	"page_y1\000"
 2102      5F793100 
 2103              	.LASF35:
 2104 0490 666F6E74 		.ascii	"font_line_spacing_factor\000"
 2104      5F6C696E 
 2104      655F7370 
ARM GAS  C:\Users\KJA\AppData\Local\Temp\cccBXkfk.s 			page 45


 2104      6163696E 
 2104      675F6661 
 2105              	.LASF72:
 2106 04a9 7538675F 		.ascii	"u8g_pb16v1_Clear\000"
 2106      70623136 
 2106      76315F43 
 2106      6C656172 
 2106      00
 2107              	.LASF16:
 2108 04ba 68656967 		.ascii	"height\000"
 2108      687400
 2109              	.LASF53:
 2110 04c1 5F753867 		.ascii	"_u8g_box_t\000"
 2110      5F626F78 
 2110      5F7400
 2111              		.ident	"GCC: (GNU Tools for ARM Embedded Processors) 4.9.3 20150303 (release) [ARM/embedded-4_9-br
