ARM GAS  C:\Users\KJA\AppData\Local\Temp\ccTCTEaV.s 			page 1


   1              		.syntax unified
   2              		.cpu cortex-m3
   3              		.fpu softvfp
   4              		.eabi_attribute 20, 1
   5              		.eabi_attribute 21, 1
   6              		.eabi_attribute 23, 3
   7              		.eabi_attribute 24, 1
   8              		.eabi_attribute 25, 1
   9              		.eabi_attribute 26, 1
  10              		.eabi_attribute 30, 6
  11              		.eabi_attribute 34, 1
  12              		.eabi_attribute 18, 4
  13              		.thumb
  14              		.file	"u8g_com_api.c"
  15              		.text
  16              	.Ltext0:
  17              		.cfi_sections	.debug_frame
  18              		.section	.text.u8g_InitCom,"ax",%progbits
  19              		.align	2
  20              		.global	u8g_InitCom
  21              		.thumb
  22              		.thumb_func
  23              		.type	u8g_InitCom, %function
  24              	u8g_InitCom:
  25              	.LFB0:
  26              		.file 1 "u8glib_arm_v1.18.1\\src\\u8g_com_api.c"
   1:u8glib_arm_v1.18.1\src/u8g_com_api.c **** /*
   2:u8glib_arm_v1.18.1\src/u8g_com_api.c **** 
   3:u8glib_arm_v1.18.1\src/u8g_com_api.c ****   u8g_com_api.c
   4:u8glib_arm_v1.18.1\src/u8g_com_api.c **** 
   5:u8glib_arm_v1.18.1\src/u8g_com_api.c ****   Universal 8bit Graphics Library
   6:u8glib_arm_v1.18.1\src/u8g_com_api.c ****   
   7:u8glib_arm_v1.18.1\src/u8g_com_api.c ****   Copyright (c) 2011, olikraus@gmail.com
   8:u8glib_arm_v1.18.1\src/u8g_com_api.c ****   All rights reserved.
   9:u8glib_arm_v1.18.1\src/u8g_com_api.c **** 
  10:u8glib_arm_v1.18.1\src/u8g_com_api.c ****   Redistribution and use in source and binary forms, with or without modification, 
  11:u8glib_arm_v1.18.1\src/u8g_com_api.c ****   are permitted provided that the following conditions are met:
  12:u8glib_arm_v1.18.1\src/u8g_com_api.c **** 
  13:u8glib_arm_v1.18.1\src/u8g_com_api.c ****   * Redistributions of source code must retain the above copyright notice, this list 
  14:u8glib_arm_v1.18.1\src/u8g_com_api.c ****     of conditions and the following disclaimer.
  15:u8glib_arm_v1.18.1\src/u8g_com_api.c ****     
  16:u8glib_arm_v1.18.1\src/u8g_com_api.c ****   * Redistributions in binary form must reproduce the above copyright notice, this 
  17:u8glib_arm_v1.18.1\src/u8g_com_api.c ****     list of conditions and the following disclaimer in the documentation and/or other 
  18:u8glib_arm_v1.18.1\src/u8g_com_api.c ****     materials provided with the distribution.
  19:u8glib_arm_v1.18.1\src/u8g_com_api.c **** 
  20:u8glib_arm_v1.18.1\src/u8g_com_api.c ****   THIS SOFTWARE IS PROVIDED BY THE COPYRIGHT HOLDERS AND 
  21:u8glib_arm_v1.18.1\src/u8g_com_api.c ****   CONTRIBUTORS "AS IS" AND ANY EXPRESS OR IMPLIED WARRANTIES, 
  22:u8glib_arm_v1.18.1\src/u8g_com_api.c ****   INCLUDING, BUT NOT LIMITED TO, THE IMPLIED WARRANTIES OF 
  23:u8glib_arm_v1.18.1\src/u8g_com_api.c ****   MERCHANTABILITY AND FITNESS FOR A PARTICULAR PURPOSE ARE 
  24:u8glib_arm_v1.18.1\src/u8g_com_api.c ****   DISCLAIMED. IN NO EVENT SHALL THE COPYRIGHT HOLDER OR 
  25:u8glib_arm_v1.18.1\src/u8g_com_api.c ****   CONTRIBUTORS BE LIABLE FOR ANY DIRECT, INDIRECT, INCIDENTAL, 
  26:u8glib_arm_v1.18.1\src/u8g_com_api.c ****   SPECIAL, EXEMPLARY, OR CONSEQUENTIAL DAMAGES (INCLUDING, BUT 
  27:u8glib_arm_v1.18.1\src/u8g_com_api.c ****   NOT LIMITED TO, PROCUREMENT OF SUBSTITUTE GOODS OR SERVICES; 
  28:u8glib_arm_v1.18.1\src/u8g_com_api.c ****   LOSS OF USE, DATA, OR PROFITS; OR BUSINESS INTERRUPTION) HOWEVER 
  29:u8glib_arm_v1.18.1\src/u8g_com_api.c ****   CAUSED AND ON ANY THEORY OF LIABILITY, WHETHER IN CONTRACT, 
  30:u8glib_arm_v1.18.1\src/u8g_com_api.c ****   STRICT LIABILITY, OR TORT (INCLUDING NEGLIGENCE OR OTHERWISE) 
  31:u8glib_arm_v1.18.1\src/u8g_com_api.c ****   ARISING IN ANY WAY OUT OF THE USE OF THIS SOFTWARE, EVEN IF 
ARM GAS  C:\Users\KJA\AppData\Local\Temp\ccTCTEaV.s 			page 2


  32:u8glib_arm_v1.18.1\src/u8g_com_api.c ****   ADVISED OF THE POSSIBILITY OF SUCH DAMAGE.  
  33:u8glib_arm_v1.18.1\src/u8g_com_api.c ****   
  34:u8glib_arm_v1.18.1\src/u8g_com_api.c ****   
  35:u8glib_arm_v1.18.1\src/u8g_com_api.c **** */
  36:u8glib_arm_v1.18.1\src/u8g_com_api.c **** 
  37:u8glib_arm_v1.18.1\src/u8g_com_api.c **** #include "u8g.h"
  38:u8glib_arm_v1.18.1\src/u8g_com_api.c **** 
  39:u8glib_arm_v1.18.1\src/u8g_com_api.c **** uint8_t u8g_InitCom(u8g_t *u8g, u8g_dev_t *dev, uint8_t clk_cycle_time)
  40:u8glib_arm_v1.18.1\src/u8g_com_api.c **** {
  27              		.loc 1 40 0
  28              		.cfi_startproc
  29              		@ args = 0, pretend = 0, frame = 16
  30              		@ frame_needed = 1, uses_anonymous_args = 0
  31 0000 90B5     		push	{r4, r7, lr}
  32              		.cfi_def_cfa_offset 12
  33              		.cfi_offset 4, -12
  34              		.cfi_offset 7, -8
  35              		.cfi_offset 14, -4
  36 0002 85B0     		sub	sp, sp, #20
  37              		.cfi_def_cfa_offset 32
  38 0004 00AF     		add	r7, sp, #0
  39              		.cfi_def_cfa_register 7
  40 0006 F860     		str	r0, [r7, #12]
  41 0008 B960     		str	r1, [r7, #8]
  42 000a 1346     		mov	r3, r2
  43 000c FB71     		strb	r3, [r7, #7]
  41:u8glib_arm_v1.18.1\src/u8g_com_api.c ****   return dev->com_fn(u8g, U8G_COM_MSG_INIT, clk_cycle_time, NULL);
  44              		.loc 1 41 0
  45 000e BB68     		ldr	r3, [r7, #8]
  46 0010 9C68     		ldr	r4, [r3, #8]
  47 0012 FB79     		ldrb	r3, [r7, #7]	@ zero_extendqisi2
  48 0014 F868     		ldr	r0, [r7, #12]
  49 0016 0121     		movs	r1, #1
  50 0018 1A46     		mov	r2, r3
  51 001a 0023     		movs	r3, #0
  52 001c A047     		blx	r4
  53 001e 0346     		mov	r3, r0
  42:u8glib_arm_v1.18.1\src/u8g_com_api.c **** }
  54              		.loc 1 42 0
  55 0020 1846     		mov	r0, r3
  56 0022 1437     		adds	r7, r7, #20
  57              		.cfi_def_cfa_offset 12
  58 0024 BD46     		mov	sp, r7
  59              		.cfi_def_cfa_register 13
  60              		@ sp needed
  61 0026 90BD     		pop	{r4, r7, pc}
  62              		.cfi_endproc
  63              	.LFE0:
  64              		.size	u8g_InitCom, .-u8g_InitCom
  65              		.section	.text.u8g_StopCom,"ax",%progbits
  66              		.align	2
  67              		.global	u8g_StopCom
  68              		.thumb
  69              		.thumb_func
  70              		.type	u8g_StopCom, %function
  71              	u8g_StopCom:
  72              	.LFB1:
ARM GAS  C:\Users\KJA\AppData\Local\Temp\ccTCTEaV.s 			page 3


  43:u8glib_arm_v1.18.1\src/u8g_com_api.c **** 
  44:u8glib_arm_v1.18.1\src/u8g_com_api.c **** void u8g_StopCom(u8g_t *u8g, u8g_dev_t *dev)
  45:u8glib_arm_v1.18.1\src/u8g_com_api.c **** {
  73              		.loc 1 45 0
  74              		.cfi_startproc
  75              		@ args = 0, pretend = 0, frame = 8
  76              		@ frame_needed = 1, uses_anonymous_args = 0
  77 0000 90B5     		push	{r4, r7, lr}
  78              		.cfi_def_cfa_offset 12
  79              		.cfi_offset 4, -12
  80              		.cfi_offset 7, -8
  81              		.cfi_offset 14, -4
  82 0002 83B0     		sub	sp, sp, #12
  83              		.cfi_def_cfa_offset 24
  84 0004 00AF     		add	r7, sp, #0
  85              		.cfi_def_cfa_register 7
  86 0006 7860     		str	r0, [r7, #4]
  87 0008 3960     		str	r1, [r7]
  46:u8glib_arm_v1.18.1\src/u8g_com_api.c ****   dev->com_fn(u8g, U8G_COM_MSG_STOP, 0, NULL);
  88              		.loc 1 46 0
  89 000a 3B68     		ldr	r3, [r7]
  90 000c 9C68     		ldr	r4, [r3, #8]
  91 000e 7868     		ldr	r0, [r7, #4]
  92 0010 0021     		movs	r1, #0
  93 0012 0022     		movs	r2, #0
  94 0014 0023     		movs	r3, #0
  95 0016 A047     		blx	r4
  47:u8glib_arm_v1.18.1\src/u8g_com_api.c **** }
  96              		.loc 1 47 0
  97 0018 0C37     		adds	r7, r7, #12
  98              		.cfi_def_cfa_offset 12
  99 001a BD46     		mov	sp, r7
 100              		.cfi_def_cfa_register 13
 101              		@ sp needed
 102 001c 90BD     		pop	{r4, r7, pc}
 103              		.cfi_endproc
 104              	.LFE1:
 105              		.size	u8g_StopCom, .-u8g_StopCom
 106 001e 00BF     		.section	.text.u8g_SetChipSelect,"ax",%progbits
 107              		.align	2
 108              		.global	u8g_SetChipSelect
 109              		.thumb
 110              		.thumb_func
 111              		.type	u8g_SetChipSelect, %function
 112              	u8g_SetChipSelect:
 113              	.LFB2:
  48:u8glib_arm_v1.18.1\src/u8g_com_api.c **** 
  49:u8glib_arm_v1.18.1\src/u8g_com_api.c **** /* cs contains the chip number, which should be enabled */
  50:u8glib_arm_v1.18.1\src/u8g_com_api.c **** void u8g_SetChipSelect(u8g_t *u8g, u8g_dev_t *dev, uint8_t cs)
  51:u8glib_arm_v1.18.1\src/u8g_com_api.c **** {
 114              		.loc 1 51 0
 115              		.cfi_startproc
 116              		@ args = 0, pretend = 0, frame = 16
 117              		@ frame_needed = 1, uses_anonymous_args = 0
 118 0000 90B5     		push	{r4, r7, lr}
 119              		.cfi_def_cfa_offset 12
 120              		.cfi_offset 4, -12
ARM GAS  C:\Users\KJA\AppData\Local\Temp\ccTCTEaV.s 			page 4


 121              		.cfi_offset 7, -8
 122              		.cfi_offset 14, -4
 123 0002 85B0     		sub	sp, sp, #20
 124              		.cfi_def_cfa_offset 32
 125 0004 00AF     		add	r7, sp, #0
 126              		.cfi_def_cfa_register 7
 127 0006 F860     		str	r0, [r7, #12]
 128 0008 B960     		str	r1, [r7, #8]
 129 000a 1346     		mov	r3, r2
 130 000c FB71     		strb	r3, [r7, #7]
  52:u8glib_arm_v1.18.1\src/u8g_com_api.c ****   dev->com_fn(u8g, U8G_COM_MSG_CHIP_SELECT, cs, NULL);
 131              		.loc 1 52 0
 132 000e BB68     		ldr	r3, [r7, #8]
 133 0010 9C68     		ldr	r4, [r3, #8]
 134 0012 FB79     		ldrb	r3, [r7, #7]	@ zero_extendqisi2
 135 0014 F868     		ldr	r0, [r7, #12]
 136 0016 0321     		movs	r1, #3
 137 0018 1A46     		mov	r2, r3
 138 001a 0023     		movs	r3, #0
 139 001c A047     		blx	r4
  53:u8glib_arm_v1.18.1\src/u8g_com_api.c **** }
 140              		.loc 1 53 0
 141 001e 1437     		adds	r7, r7, #20
 142              		.cfi_def_cfa_offset 12
 143 0020 BD46     		mov	sp, r7
 144              		.cfi_def_cfa_register 13
 145              		@ sp needed
 146 0022 90BD     		pop	{r4, r7, pc}
 147              		.cfi_endproc
 148              	.LFE2:
 149              		.size	u8g_SetChipSelect, .-u8g_SetChipSelect
 150              		.section	.text.u8g_SetResetLow,"ax",%progbits
 151              		.align	2
 152              		.global	u8g_SetResetLow
 153              		.thumb
 154              		.thumb_func
 155              		.type	u8g_SetResetLow, %function
 156              	u8g_SetResetLow:
 157              	.LFB3:
  54:u8glib_arm_v1.18.1\src/u8g_com_api.c **** 
  55:u8glib_arm_v1.18.1\src/u8g_com_api.c **** void u8g_SetResetLow(u8g_t *u8g, u8g_dev_t *dev)
  56:u8glib_arm_v1.18.1\src/u8g_com_api.c **** {
 158              		.loc 1 56 0
 159              		.cfi_startproc
 160              		@ args = 0, pretend = 0, frame = 8
 161              		@ frame_needed = 1, uses_anonymous_args = 0
 162 0000 90B5     		push	{r4, r7, lr}
 163              		.cfi_def_cfa_offset 12
 164              		.cfi_offset 4, -12
 165              		.cfi_offset 7, -8
 166              		.cfi_offset 14, -4
 167 0002 83B0     		sub	sp, sp, #12
 168              		.cfi_def_cfa_offset 24
 169 0004 00AF     		add	r7, sp, #0
 170              		.cfi_def_cfa_register 7
 171 0006 7860     		str	r0, [r7, #4]
 172 0008 3960     		str	r1, [r7]
ARM GAS  C:\Users\KJA\AppData\Local\Temp\ccTCTEaV.s 			page 5


  57:u8glib_arm_v1.18.1\src/u8g_com_api.c ****   dev->com_fn(u8g, U8G_COM_MSG_RESET, 0, NULL);
 173              		.loc 1 57 0
 174 000a 3B68     		ldr	r3, [r7]
 175 000c 9C68     		ldr	r4, [r3, #8]
 176 000e 7868     		ldr	r0, [r7, #4]
 177 0010 0421     		movs	r1, #4
 178 0012 0022     		movs	r2, #0
 179 0014 0023     		movs	r3, #0
 180 0016 A047     		blx	r4
  58:u8glib_arm_v1.18.1\src/u8g_com_api.c **** }
 181              		.loc 1 58 0
 182 0018 0C37     		adds	r7, r7, #12
 183              		.cfi_def_cfa_offset 12
 184 001a BD46     		mov	sp, r7
 185              		.cfi_def_cfa_register 13
 186              		@ sp needed
 187 001c 90BD     		pop	{r4, r7, pc}
 188              		.cfi_endproc
 189              	.LFE3:
 190              		.size	u8g_SetResetLow, .-u8g_SetResetLow
 191 001e 00BF     		.section	.text.u8g_SetResetHigh,"ax",%progbits
 192              		.align	2
 193              		.global	u8g_SetResetHigh
 194              		.thumb
 195              		.thumb_func
 196              		.type	u8g_SetResetHigh, %function
 197              	u8g_SetResetHigh:
 198              	.LFB4:
  59:u8glib_arm_v1.18.1\src/u8g_com_api.c **** 
  60:u8glib_arm_v1.18.1\src/u8g_com_api.c **** void u8g_SetResetHigh(u8g_t *u8g, u8g_dev_t *dev)
  61:u8glib_arm_v1.18.1\src/u8g_com_api.c **** {
 199              		.loc 1 61 0
 200              		.cfi_startproc
 201              		@ args = 0, pretend = 0, frame = 8
 202              		@ frame_needed = 1, uses_anonymous_args = 0
 203 0000 90B5     		push	{r4, r7, lr}
 204              		.cfi_def_cfa_offset 12
 205              		.cfi_offset 4, -12
 206              		.cfi_offset 7, -8
 207              		.cfi_offset 14, -4
 208 0002 83B0     		sub	sp, sp, #12
 209              		.cfi_def_cfa_offset 24
 210 0004 00AF     		add	r7, sp, #0
 211              		.cfi_def_cfa_register 7
 212 0006 7860     		str	r0, [r7, #4]
 213 0008 3960     		str	r1, [r7]
  62:u8glib_arm_v1.18.1\src/u8g_com_api.c ****   dev->com_fn(u8g, U8G_COM_MSG_RESET, 1, NULL);
 214              		.loc 1 62 0
 215 000a 3B68     		ldr	r3, [r7]
 216 000c 9C68     		ldr	r4, [r3, #8]
 217 000e 7868     		ldr	r0, [r7, #4]
 218 0010 0421     		movs	r1, #4
 219 0012 0122     		movs	r2, #1
 220 0014 0023     		movs	r3, #0
 221 0016 A047     		blx	r4
  63:u8glib_arm_v1.18.1\src/u8g_com_api.c **** }
 222              		.loc 1 63 0
ARM GAS  C:\Users\KJA\AppData\Local\Temp\ccTCTEaV.s 			page 6


 223 0018 0C37     		adds	r7, r7, #12
 224              		.cfi_def_cfa_offset 12
 225 001a BD46     		mov	sp, r7
 226              		.cfi_def_cfa_register 13
 227              		@ sp needed
 228 001c 90BD     		pop	{r4, r7, pc}
 229              		.cfi_endproc
 230              	.LFE4:
 231              		.size	u8g_SetResetHigh, .-u8g_SetResetHigh
 232 001e 00BF     		.section	.text.u8g_SetAddress,"ax",%progbits
 233              		.align	2
 234              		.global	u8g_SetAddress
 235              		.thumb
 236              		.thumb_func
 237              		.type	u8g_SetAddress, %function
 238              	u8g_SetAddress:
 239              	.LFB5:
  64:u8glib_arm_v1.18.1\src/u8g_com_api.c **** 
  65:u8glib_arm_v1.18.1\src/u8g_com_api.c **** 
  66:u8glib_arm_v1.18.1\src/u8g_com_api.c **** void u8g_SetAddress(u8g_t *u8g, u8g_dev_t *dev, uint8_t address)
  67:u8glib_arm_v1.18.1\src/u8g_com_api.c **** {
 240              		.loc 1 67 0
 241              		.cfi_startproc
 242              		@ args = 0, pretend = 0, frame = 16
 243              		@ frame_needed = 1, uses_anonymous_args = 0
 244 0000 90B5     		push	{r4, r7, lr}
 245              		.cfi_def_cfa_offset 12
 246              		.cfi_offset 4, -12
 247              		.cfi_offset 7, -8
 248              		.cfi_offset 14, -4
 249 0002 85B0     		sub	sp, sp, #20
 250              		.cfi_def_cfa_offset 32
 251 0004 00AF     		add	r7, sp, #0
 252              		.cfi_def_cfa_register 7
 253 0006 F860     		str	r0, [r7, #12]
 254 0008 B960     		str	r1, [r7, #8]
 255 000a 1346     		mov	r3, r2
 256 000c FB71     		strb	r3, [r7, #7]
  68:u8glib_arm_v1.18.1\src/u8g_com_api.c ****   dev->com_fn(u8g, U8G_COM_MSG_ADDRESS, address, NULL);
 257              		.loc 1 68 0
 258 000e BB68     		ldr	r3, [r7, #8]
 259 0010 9C68     		ldr	r4, [r3, #8]
 260 0012 FB79     		ldrb	r3, [r7, #7]	@ zero_extendqisi2
 261 0014 F868     		ldr	r0, [r7, #12]
 262 0016 0221     		movs	r1, #2
 263 0018 1A46     		mov	r2, r3
 264 001a 0023     		movs	r3, #0
 265 001c A047     		blx	r4
  69:u8glib_arm_v1.18.1\src/u8g_com_api.c **** }
 266              		.loc 1 69 0
 267 001e 1437     		adds	r7, r7, #20
 268              		.cfi_def_cfa_offset 12
 269 0020 BD46     		mov	sp, r7
 270              		.cfi_def_cfa_register 13
 271              		@ sp needed
 272 0022 90BD     		pop	{r4, r7, pc}
 273              		.cfi_endproc
ARM GAS  C:\Users\KJA\AppData\Local\Temp\ccTCTEaV.s 			page 7


 274              	.LFE5:
 275              		.size	u8g_SetAddress, .-u8g_SetAddress
 276              		.section	.text.u8g_WriteByte,"ax",%progbits
 277              		.align	2
 278              		.global	u8g_WriteByte
 279              		.thumb
 280              		.thumb_func
 281              		.type	u8g_WriteByte, %function
 282              	u8g_WriteByte:
 283              	.LFB6:
  70:u8glib_arm_v1.18.1\src/u8g_com_api.c **** 
  71:u8glib_arm_v1.18.1\src/u8g_com_api.c **** uint8_t u8g_WriteByte(u8g_t *u8g, u8g_dev_t *dev, uint8_t val)
  72:u8glib_arm_v1.18.1\src/u8g_com_api.c **** {
 284              		.loc 1 72 0
 285              		.cfi_startproc
 286              		@ args = 0, pretend = 0, frame = 16
 287              		@ frame_needed = 1, uses_anonymous_args = 0
 288 0000 90B5     		push	{r4, r7, lr}
 289              		.cfi_def_cfa_offset 12
 290              		.cfi_offset 4, -12
 291              		.cfi_offset 7, -8
 292              		.cfi_offset 14, -4
 293 0002 85B0     		sub	sp, sp, #20
 294              		.cfi_def_cfa_offset 32
 295 0004 00AF     		add	r7, sp, #0
 296              		.cfi_def_cfa_register 7
 297 0006 F860     		str	r0, [r7, #12]
 298 0008 B960     		str	r1, [r7, #8]
 299 000a 1346     		mov	r3, r2
 300 000c FB71     		strb	r3, [r7, #7]
  73:u8glib_arm_v1.18.1\src/u8g_com_api.c ****   return dev->com_fn(u8g, U8G_COM_MSG_WRITE_BYTE, val, NULL);
 301              		.loc 1 73 0
 302 000e BB68     		ldr	r3, [r7, #8]
 303 0010 9C68     		ldr	r4, [r3, #8]
 304 0012 FB79     		ldrb	r3, [r7, #7]	@ zero_extendqisi2
 305 0014 F868     		ldr	r0, [r7, #12]
 306 0016 0521     		movs	r1, #5
 307 0018 1A46     		mov	r2, r3
 308 001a 0023     		movs	r3, #0
 309 001c A047     		blx	r4
 310 001e 0346     		mov	r3, r0
  74:u8glib_arm_v1.18.1\src/u8g_com_api.c **** }
 311              		.loc 1 74 0
 312 0020 1846     		mov	r0, r3
 313 0022 1437     		adds	r7, r7, #20
 314              		.cfi_def_cfa_offset 12
 315 0024 BD46     		mov	sp, r7
 316              		.cfi_def_cfa_register 13
 317              		@ sp needed
 318 0026 90BD     		pop	{r4, r7, pc}
 319              		.cfi_endproc
 320              	.LFE6:
 321              		.size	u8g_WriteByte, .-u8g_WriteByte
 322              		.section	.text.u8g_WriteSequence,"ax",%progbits
 323              		.align	2
 324              		.global	u8g_WriteSequence
 325              		.thumb
ARM GAS  C:\Users\KJA\AppData\Local\Temp\ccTCTEaV.s 			page 8


 326              		.thumb_func
 327              		.type	u8g_WriteSequence, %function
 328              	u8g_WriteSequence:
 329              	.LFB7:
  75:u8glib_arm_v1.18.1\src/u8g_com_api.c **** 
  76:u8glib_arm_v1.18.1\src/u8g_com_api.c **** uint8_t u8g_WriteSequence(u8g_t *u8g, u8g_dev_t *dev, uint8_t cnt, uint8_t *seq)
  77:u8glib_arm_v1.18.1\src/u8g_com_api.c **** {
 330              		.loc 1 77 0
 331              		.cfi_startproc
 332              		@ args = 0, pretend = 0, frame = 16
 333              		@ frame_needed = 1, uses_anonymous_args = 0
 334 0000 90B5     		push	{r4, r7, lr}
 335              		.cfi_def_cfa_offset 12
 336              		.cfi_offset 4, -12
 337              		.cfi_offset 7, -8
 338              		.cfi_offset 14, -4
 339 0002 85B0     		sub	sp, sp, #20
 340              		.cfi_def_cfa_offset 32
 341 0004 00AF     		add	r7, sp, #0
 342              		.cfi_def_cfa_register 7
 343 0006 F860     		str	r0, [r7, #12]
 344 0008 B960     		str	r1, [r7, #8]
 345 000a 3B60     		str	r3, [r7]
 346 000c 1346     		mov	r3, r2
 347 000e FB71     		strb	r3, [r7, #7]
  78:u8glib_arm_v1.18.1\src/u8g_com_api.c ****   return dev->com_fn(u8g, U8G_COM_MSG_WRITE_SEQ, cnt, seq);
 348              		.loc 1 78 0
 349 0010 BB68     		ldr	r3, [r7, #8]
 350 0012 9C68     		ldr	r4, [r3, #8]
 351 0014 FB79     		ldrb	r3, [r7, #7]	@ zero_extendqisi2
 352 0016 F868     		ldr	r0, [r7, #12]
 353 0018 0621     		movs	r1, #6
 354 001a 1A46     		mov	r2, r3
 355 001c 3B68     		ldr	r3, [r7]
 356 001e A047     		blx	r4
 357 0020 0346     		mov	r3, r0
  79:u8glib_arm_v1.18.1\src/u8g_com_api.c **** }
 358              		.loc 1 79 0
 359 0022 1846     		mov	r0, r3
 360 0024 1437     		adds	r7, r7, #20
 361              		.cfi_def_cfa_offset 12
 362 0026 BD46     		mov	sp, r7
 363              		.cfi_def_cfa_register 13
 364              		@ sp needed
 365 0028 90BD     		pop	{r4, r7, pc}
 366              		.cfi_endproc
 367              	.LFE7:
 368              		.size	u8g_WriteSequence, .-u8g_WriteSequence
 369 002a 00BF     		.section	.text.u8g_WriteSequenceP,"ax",%progbits
 370              		.align	2
 371              		.global	u8g_WriteSequenceP
 372              		.thumb
 373              		.thumb_func
 374              		.type	u8g_WriteSequenceP, %function
 375              	u8g_WriteSequenceP:
 376              	.LFB8:
  80:u8glib_arm_v1.18.1\src/u8g_com_api.c **** 
ARM GAS  C:\Users\KJA\AppData\Local\Temp\ccTCTEaV.s 			page 9


  81:u8glib_arm_v1.18.1\src/u8g_com_api.c **** uint8_t u8g_WriteSequenceP(u8g_t *u8g, u8g_dev_t *dev, uint8_t cnt, const uint8_t *seq)
  82:u8glib_arm_v1.18.1\src/u8g_com_api.c **** {
 377              		.loc 1 82 0
 378              		.cfi_startproc
 379              		@ args = 0, pretend = 0, frame = 16
 380              		@ frame_needed = 1, uses_anonymous_args = 0
 381 0000 90B5     		push	{r4, r7, lr}
 382              		.cfi_def_cfa_offset 12
 383              		.cfi_offset 4, -12
 384              		.cfi_offset 7, -8
 385              		.cfi_offset 14, -4
 386 0002 85B0     		sub	sp, sp, #20
 387              		.cfi_def_cfa_offset 32
 388 0004 00AF     		add	r7, sp, #0
 389              		.cfi_def_cfa_register 7
 390 0006 F860     		str	r0, [r7, #12]
 391 0008 B960     		str	r1, [r7, #8]
 392 000a 3B60     		str	r3, [r7]
 393 000c 1346     		mov	r3, r2
 394 000e FB71     		strb	r3, [r7, #7]
  83:u8glib_arm_v1.18.1\src/u8g_com_api.c ****   return dev->com_fn(u8g, U8G_COM_MSG_WRITE_SEQ_P, cnt, (void *)seq);
 395              		.loc 1 83 0
 396 0010 BB68     		ldr	r3, [r7, #8]
 397 0012 9C68     		ldr	r4, [r3, #8]
 398 0014 FB79     		ldrb	r3, [r7, #7]	@ zero_extendqisi2
 399 0016 F868     		ldr	r0, [r7, #12]
 400 0018 0721     		movs	r1, #7
 401 001a 1A46     		mov	r2, r3
 402 001c 3B68     		ldr	r3, [r7]
 403 001e A047     		blx	r4
 404 0020 0346     		mov	r3, r0
  84:u8glib_arm_v1.18.1\src/u8g_com_api.c **** }
 405              		.loc 1 84 0
 406 0022 1846     		mov	r0, r3
 407 0024 1437     		adds	r7, r7, #20
 408              		.cfi_def_cfa_offset 12
 409 0026 BD46     		mov	sp, r7
 410              		.cfi_def_cfa_register 13
 411              		@ sp needed
 412 0028 90BD     		pop	{r4, r7, pc}
 413              		.cfi_endproc
 414              	.LFE8:
 415              		.size	u8g_WriteSequenceP, .-u8g_WriteSequenceP
 416 002a 00BF     		.section	.text.u8g_WriteEscSeqP,"ax",%progbits
 417              		.align	2
 418              		.global	u8g_WriteEscSeqP
 419              		.thumb
 420              		.thumb_func
 421              		.type	u8g_WriteEscSeqP, %function
 422              	u8g_WriteEscSeqP:
 423              	.LFB9:
  85:u8glib_arm_v1.18.1\src/u8g_com_api.c **** 
  86:u8glib_arm_v1.18.1\src/u8g_com_api.c **** /*
  87:u8glib_arm_v1.18.1\src/u8g_com_api.c ****   sequence := { direct_value | escape_sequence }
  88:u8glib_arm_v1.18.1\src/u8g_com_api.c ****   direct_value := 0..254
  89:u8glib_arm_v1.18.1\src/u8g_com_api.c ****   escape_sequence := value_255 | sequence_end | delay | adr | cs | not_used 
  90:u8glib_arm_v1.18.1\src/u8g_com_api.c ****   value_255 := 255 255
ARM GAS  C:\Users\KJA\AppData\Local\Temp\ccTCTEaV.s 			page 10


  91:u8glib_arm_v1.18.1\src/u8g_com_api.c ****   sequence_end = 255 254
  92:u8glib_arm_v1.18.1\src/u8g_com_api.c ****   delay := 255 0..127
  93:u8glib_arm_v1.18.1\src/u8g_com_api.c ****   adr := 255 0x0e0 .. 0x0ef 
  94:u8glib_arm_v1.18.1\src/u8g_com_api.c ****   cs := 255 0x0d0 .. 0x0df 
  95:u8glib_arm_v1.18.1\src/u8g_com_api.c ****   not_used := 255 101..254
  96:u8glib_arm_v1.18.1\src/u8g_com_api.c **** 
  97:u8glib_arm_v1.18.1\src/u8g_com_api.c **** #define U8G_ESC_DLY(x) 255, ((x) & 0x7f)
  98:u8glib_arm_v1.18.1\src/u8g_com_api.c **** #define U8G_ESC_CS(x) 255, (0xd0 | ((x)&0x0f))
  99:u8glib_arm_v1.18.1\src/u8g_com_api.c **** #define U8G_ESC_ADR(x) 255, (0xe0 | ((x)&0x0f))
 100:u8glib_arm_v1.18.1\src/u8g_com_api.c **** #define U8G_ESC_VCC(x) 255, (0xbe | ((x)&0x01))
 101:u8glib_arm_v1.18.1\src/u8g_com_api.c **** #define U8G_ESC_END 255, 254
 102:u8glib_arm_v1.18.1\src/u8g_com_api.c **** #define U8G_ESC_255 255, 255
 103:u8glib_arm_v1.18.1\src/u8g_com_api.c **** #define U8G_ESC_RST(x) 255, (0xc0 | ((x)&0x0f))
 104:u8glib_arm_v1.18.1\src/u8g_com_api.c **** 
 105:u8glib_arm_v1.18.1\src/u8g_com_api.c **** */
 106:u8glib_arm_v1.18.1\src/u8g_com_api.c **** uint8_t u8g_WriteEscSeqP(u8g_t *u8g, u8g_dev_t *dev, const uint8_t *esc_seq)
 107:u8glib_arm_v1.18.1\src/u8g_com_api.c **** {
 424              		.loc 1 107 0
 425              		.cfi_startproc
 426              		@ args = 0, pretend = 0, frame = 24
 427              		@ frame_needed = 1, uses_anonymous_args = 0
 428 0000 80B5     		push	{r7, lr}
 429              		.cfi_def_cfa_offset 8
 430              		.cfi_offset 7, -8
 431              		.cfi_offset 14, -4
 432 0002 86B0     		sub	sp, sp, #24
 433              		.cfi_def_cfa_offset 32
 434 0004 00AF     		add	r7, sp, #0
 435              		.cfi_def_cfa_register 7
 436 0006 F860     		str	r0, [r7, #12]
 437 0008 B960     		str	r1, [r7, #8]
 438 000a 7A60     		str	r2, [r7, #4]
 108:u8glib_arm_v1.18.1\src/u8g_com_api.c ****   uint8_t is_escape = 0;
 439              		.loc 1 108 0
 440 000c 0023     		movs	r3, #0
 441 000e FB75     		strb	r3, [r7, #23]
 442              	.L27:
 109:u8glib_arm_v1.18.1\src/u8g_com_api.c ****   uint8_t value;
 110:u8glib_arm_v1.18.1\src/u8g_com_api.c ****   for(;;)
 111:u8glib_arm_v1.18.1\src/u8g_com_api.c ****   {
 112:u8glib_arm_v1.18.1\src/u8g_com_api.c ****     value = u8g_pgm_read(esc_seq);
 443              		.loc 1 112 0
 444 0010 7B68     		ldr	r3, [r7, #4]
 445 0012 1B78     		ldrb	r3, [r3]
 446 0014 BB75     		strb	r3, [r7, #22]
 113:u8glib_arm_v1.18.1\src/u8g_com_api.c ****     if ( is_escape == 0 )
 447              		.loc 1 113 0
 448 0016 FB7D     		ldrb	r3, [r7, #23]	@ zero_extendqisi2
 449 0018 002B     		cmp	r3, #0
 450 001a 10D1     		bne	.L15
 114:u8glib_arm_v1.18.1\src/u8g_com_api.c ****     {
 115:u8glib_arm_v1.18.1\src/u8g_com_api.c ****       if ( value != 255 )
 451              		.loc 1 115 0
 452 001c BB7D     		ldrb	r3, [r7, #22]	@ zero_extendqisi2
 453 001e FF2B     		cmp	r3, #255
 454 0020 0AD0     		beq	.L16
 116:u8glib_arm_v1.18.1\src/u8g_com_api.c ****       {
ARM GAS  C:\Users\KJA\AppData\Local\Temp\ccTCTEaV.s 			page 11


 117:u8glib_arm_v1.18.1\src/u8g_com_api.c ****         if ( u8g_WriteByte(u8g, dev, value) == 0 )
 455              		.loc 1 117 0
 456 0022 BB7D     		ldrb	r3, [r7, #22]	@ zero_extendqisi2
 457 0024 F868     		ldr	r0, [r7, #12]
 458 0026 B968     		ldr	r1, [r7, #8]
 459 0028 1A46     		mov	r2, r3
 460 002a FFF7FEFF 		bl	u8g_WriteByte
 461 002e 0346     		mov	r3, r0
 462 0030 002B     		cmp	r3, #0
 463 0032 63D1     		bne	.L19
 118:u8glib_arm_v1.18.1\src/u8g_com_api.c ****           return 0;
 464              		.loc 1 118 0
 465 0034 0023     		movs	r3, #0
 466 0036 65E0     		b	.L18
 467              	.L16:
 119:u8glib_arm_v1.18.1\src/u8g_com_api.c ****       }
 120:u8glib_arm_v1.18.1\src/u8g_com_api.c ****       else
 121:u8glib_arm_v1.18.1\src/u8g_com_api.c ****       {
 122:u8glib_arm_v1.18.1\src/u8g_com_api.c ****         is_escape = 1;
 468              		.loc 1 122 0
 469 0038 0123     		movs	r3, #1
 470 003a FB75     		strb	r3, [r7, #23]
 471 003c 5EE0     		b	.L19
 472              	.L15:
 123:u8glib_arm_v1.18.1\src/u8g_com_api.c ****       }
 124:u8glib_arm_v1.18.1\src/u8g_com_api.c ****     }
 125:u8glib_arm_v1.18.1\src/u8g_com_api.c ****     else
 126:u8glib_arm_v1.18.1\src/u8g_com_api.c ****     {
 127:u8glib_arm_v1.18.1\src/u8g_com_api.c ****       if ( value == 255 )
 473              		.loc 1 127 0
 474 003e BB7D     		ldrb	r3, [r7, #22]	@ zero_extendqisi2
 475 0040 FF2B     		cmp	r3, #255
 476 0042 0AD1     		bne	.L20
 128:u8glib_arm_v1.18.1\src/u8g_com_api.c ****       {
 129:u8glib_arm_v1.18.1\src/u8g_com_api.c ****         if ( u8g_WriteByte(u8g, dev, value) == 0 )
 477              		.loc 1 129 0
 478 0044 BB7D     		ldrb	r3, [r7, #22]	@ zero_extendqisi2
 479 0046 F868     		ldr	r0, [r7, #12]
 480 0048 B968     		ldr	r1, [r7, #8]
 481 004a 1A46     		mov	r2, r3
 482 004c FFF7FEFF 		bl	u8g_WriteByte
 483 0050 0346     		mov	r3, r0
 484 0052 002B     		cmp	r3, #0
 485 0054 50D1     		bne	.L21
 130:u8glib_arm_v1.18.1\src/u8g_com_api.c ****           return 0;
 486              		.loc 1 130 0
 487 0056 0023     		movs	r3, #0
 488 0058 54E0     		b	.L18
 489              	.L20:
 131:u8glib_arm_v1.18.1\src/u8g_com_api.c ****       }
 132:u8glib_arm_v1.18.1\src/u8g_com_api.c ****       else if ( value == 254 )
 490              		.loc 1 132 0
 491 005a BB7D     		ldrb	r3, [r7, #22]	@ zero_extendqisi2
 492 005c FE2B     		cmp	r3, #254
 493 005e 02D1     		bne	.L22
 133:u8glib_arm_v1.18.1\src/u8g_com_api.c ****       {
 134:u8glib_arm_v1.18.1\src/u8g_com_api.c ****         break;
ARM GAS  C:\Users\KJA\AppData\Local\Temp\ccTCTEaV.s 			page 12


 494              		.loc 1 134 0
 495 0060 00BF     		nop
 135:u8glib_arm_v1.18.1\src/u8g_com_api.c ****       }
 136:u8glib_arm_v1.18.1\src/u8g_com_api.c ****       else if ( value >= 0x0f0 )
 137:u8glib_arm_v1.18.1\src/u8g_com_api.c ****       {
 138:u8glib_arm_v1.18.1\src/u8g_com_api.c ****         /* not yet used, do nothing */
 139:u8glib_arm_v1.18.1\src/u8g_com_api.c ****       }
 140:u8glib_arm_v1.18.1\src/u8g_com_api.c ****       else if ( value >= 0xe0  )
 141:u8glib_arm_v1.18.1\src/u8g_com_api.c ****       {
 142:u8glib_arm_v1.18.1\src/u8g_com_api.c ****         u8g_SetAddress(u8g, dev, value & 0x0f);
 143:u8glib_arm_v1.18.1\src/u8g_com_api.c ****       }
 144:u8glib_arm_v1.18.1\src/u8g_com_api.c ****       else if ( value >= 0xd0 )
 145:u8glib_arm_v1.18.1\src/u8g_com_api.c ****       {
 146:u8glib_arm_v1.18.1\src/u8g_com_api.c ****         u8g_SetChipSelect(u8g, dev, value & 0x0f);
 147:u8glib_arm_v1.18.1\src/u8g_com_api.c ****       }
 148:u8glib_arm_v1.18.1\src/u8g_com_api.c ****       else if ( value >= 0xc0 )
 149:u8glib_arm_v1.18.1\src/u8g_com_api.c ****       {
 150:u8glib_arm_v1.18.1\src/u8g_com_api.c ****         u8g_SetResetLow(u8g, dev);
 151:u8glib_arm_v1.18.1\src/u8g_com_api.c ****         value &= 0x0f;
 152:u8glib_arm_v1.18.1\src/u8g_com_api.c ****         value <<= 4;
 153:u8glib_arm_v1.18.1\src/u8g_com_api.c ****         value+=2;
 154:u8glib_arm_v1.18.1\src/u8g_com_api.c ****         u8g_Delay(value);
 155:u8glib_arm_v1.18.1\src/u8g_com_api.c ****         u8g_SetResetHigh(u8g, dev);
 156:u8glib_arm_v1.18.1\src/u8g_com_api.c ****         u8g_Delay(value);
 157:u8glib_arm_v1.18.1\src/u8g_com_api.c ****       }
 158:u8glib_arm_v1.18.1\src/u8g_com_api.c ****       else if ( value >= 0xbe )
 159:u8glib_arm_v1.18.1\src/u8g_com_api.c ****       {
 160:u8glib_arm_v1.18.1\src/u8g_com_api.c **** 	/* not yet implemented */
 161:u8glib_arm_v1.18.1\src/u8g_com_api.c ****         /* u8g_SetVCC(u8g, dev, value & 0x01); */
 162:u8glib_arm_v1.18.1\src/u8g_com_api.c ****       }
 163:u8glib_arm_v1.18.1\src/u8g_com_api.c ****       else if ( value <= 127 )
 164:u8glib_arm_v1.18.1\src/u8g_com_api.c ****       {
 165:u8glib_arm_v1.18.1\src/u8g_com_api.c ****         u8g_Delay(value);
 166:u8glib_arm_v1.18.1\src/u8g_com_api.c ****       }
 167:u8glib_arm_v1.18.1\src/u8g_com_api.c ****       is_escape = 0;
 168:u8glib_arm_v1.18.1\src/u8g_com_api.c ****     }
 169:u8glib_arm_v1.18.1\src/u8g_com_api.c ****     esc_seq++;
 170:u8glib_arm_v1.18.1\src/u8g_com_api.c ****   }
 171:u8glib_arm_v1.18.1\src/u8g_com_api.c ****   return 1;
 496              		.loc 1 171 0
 497 0062 0123     		movs	r3, #1
 498 0064 4EE0     		b	.L18
 499              	.L22:
 136:u8glib_arm_v1.18.1\src/u8g_com_api.c ****       {
 500              		.loc 1 136 0
 501 0066 BB7D     		ldrb	r3, [r7, #22]	@ zero_extendqisi2
 502 0068 EF2B     		cmp	r3, #239
 503 006a 45D8     		bhi	.L21
 140:u8glib_arm_v1.18.1\src/u8g_com_api.c ****       {
 504              		.loc 1 140 0
 505 006c BB7D     		ldrb	r3, [r7, #22]	@ zero_extendqisi2
 506 006e DF2B     		cmp	r3, #223
 507 0070 09D9     		bls	.L24
 142:u8glib_arm_v1.18.1\src/u8g_com_api.c ****       }
 508              		.loc 1 142 0
 509 0072 BB7D     		ldrb	r3, [r7, #22]
 510 0074 03F00F03 		and	r3, r3, #15
ARM GAS  C:\Users\KJA\AppData\Local\Temp\ccTCTEaV.s 			page 13


 511 0078 DBB2     		uxtb	r3, r3
 512 007a F868     		ldr	r0, [r7, #12]
 513 007c B968     		ldr	r1, [r7, #8]
 514 007e 1A46     		mov	r2, r3
 515 0080 FFF7FEFF 		bl	u8g_SetAddress
 516 0084 38E0     		b	.L21
 517              	.L24:
 144:u8glib_arm_v1.18.1\src/u8g_com_api.c ****       {
 518              		.loc 1 144 0
 519 0086 BB7D     		ldrb	r3, [r7, #22]	@ zero_extendqisi2
 520 0088 CF2B     		cmp	r3, #207
 521 008a 09D9     		bls	.L25
 146:u8glib_arm_v1.18.1\src/u8g_com_api.c ****       }
 522              		.loc 1 146 0
 523 008c BB7D     		ldrb	r3, [r7, #22]
 524 008e 03F00F03 		and	r3, r3, #15
 525 0092 DBB2     		uxtb	r3, r3
 526 0094 F868     		ldr	r0, [r7, #12]
 527 0096 B968     		ldr	r1, [r7, #8]
 528 0098 1A46     		mov	r2, r3
 529 009a FFF7FEFF 		bl	u8g_SetChipSelect
 530 009e 2BE0     		b	.L21
 531              	.L25:
 148:u8glib_arm_v1.18.1\src/u8g_com_api.c ****       {
 532              		.loc 1 148 0
 533 00a0 BB7D     		ldrb	r3, [r7, #22]	@ zero_extendqisi2
 534 00a2 BF2B     		cmp	r3, #191
 535 00a4 1CD9     		bls	.L26
 150:u8glib_arm_v1.18.1\src/u8g_com_api.c ****         value &= 0x0f;
 536              		.loc 1 150 0
 537 00a6 F868     		ldr	r0, [r7, #12]
 538 00a8 B968     		ldr	r1, [r7, #8]
 539 00aa FFF7FEFF 		bl	u8g_SetResetLow
 151:u8glib_arm_v1.18.1\src/u8g_com_api.c ****         value <<= 4;
 540              		.loc 1 151 0
 541 00ae BB7D     		ldrb	r3, [r7, #22]
 542 00b0 03F00F03 		and	r3, r3, #15
 543 00b4 BB75     		strb	r3, [r7, #22]
 152:u8glib_arm_v1.18.1\src/u8g_com_api.c ****         value+=2;
 544              		.loc 1 152 0
 545 00b6 BB7D     		ldrb	r3, [r7, #22]
 546 00b8 1B01     		lsls	r3, r3, #4
 547 00ba BB75     		strb	r3, [r7, #22]
 153:u8glib_arm_v1.18.1\src/u8g_com_api.c ****         u8g_Delay(value);
 548              		.loc 1 153 0
 549 00bc BB7D     		ldrb	r3, [r7, #22]
 550 00be 0233     		adds	r3, r3, #2
 551 00c0 BB75     		strb	r3, [r7, #22]
 154:u8glib_arm_v1.18.1\src/u8g_com_api.c ****         u8g_SetResetHigh(u8g, dev);
 552              		.loc 1 154 0
 553 00c2 BB7D     		ldrb	r3, [r7, #22]	@ zero_extendqisi2
 554 00c4 9BB2     		uxth	r3, r3
 555 00c6 1846     		mov	r0, r3
 556 00c8 FFF7FEFF 		bl	u8g_Delay
 155:u8glib_arm_v1.18.1\src/u8g_com_api.c ****         u8g_Delay(value);
 557              		.loc 1 155 0
 558 00cc F868     		ldr	r0, [r7, #12]
ARM GAS  C:\Users\KJA\AppData\Local\Temp\ccTCTEaV.s 			page 14


 559 00ce B968     		ldr	r1, [r7, #8]
 560 00d0 FFF7FEFF 		bl	u8g_SetResetHigh
 156:u8glib_arm_v1.18.1\src/u8g_com_api.c ****       }
 561              		.loc 1 156 0
 562 00d4 BB7D     		ldrb	r3, [r7, #22]	@ zero_extendqisi2
 563 00d6 9BB2     		uxth	r3, r3
 564 00d8 1846     		mov	r0, r3
 565 00da FFF7FEFF 		bl	u8g_Delay
 566 00de 0BE0     		b	.L21
 567              	.L26:
 158:u8glib_arm_v1.18.1\src/u8g_com_api.c ****       {
 568              		.loc 1 158 0
 569 00e0 BB7D     		ldrb	r3, [r7, #22]	@ zero_extendqisi2
 570 00e2 BD2B     		cmp	r3, #189
 571 00e4 08D8     		bhi	.L21
 163:u8glib_arm_v1.18.1\src/u8g_com_api.c ****       {
 572              		.loc 1 163 0
 573 00e6 BB7D     		ldrb	r3, [r7, #22]	@ zero_extendqisi2
 574 00e8 5BB2     		sxtb	r3, r3
 575 00ea 002B     		cmp	r3, #0
 576 00ec 04DB     		blt	.L21
 165:u8glib_arm_v1.18.1\src/u8g_com_api.c ****       }
 577              		.loc 1 165 0
 578 00ee BB7D     		ldrb	r3, [r7, #22]	@ zero_extendqisi2
 579 00f0 9BB2     		uxth	r3, r3
 580 00f2 1846     		mov	r0, r3
 581 00f4 FFF7FEFF 		bl	u8g_Delay
 582              	.L21:
 167:u8glib_arm_v1.18.1\src/u8g_com_api.c ****     }
 583              		.loc 1 167 0
 584 00f8 0023     		movs	r3, #0
 585 00fa FB75     		strb	r3, [r7, #23]
 586              	.L19:
 169:u8glib_arm_v1.18.1\src/u8g_com_api.c ****   }
 587              		.loc 1 169 0
 588 00fc 7B68     		ldr	r3, [r7, #4]
 589 00fe 0133     		adds	r3, r3, #1
 590 0100 7B60     		str	r3, [r7, #4]
 170:u8glib_arm_v1.18.1\src/u8g_com_api.c ****   return 1;
 591              		.loc 1 170 0
 592 0102 85E7     		b	.L27
 593              	.L18:
 172:u8glib_arm_v1.18.1\src/u8g_com_api.c **** }
 594              		.loc 1 172 0
 595 0104 1846     		mov	r0, r3
 596 0106 1837     		adds	r7, r7, #24
 597              		.cfi_def_cfa_offset 8
 598 0108 BD46     		mov	sp, r7
 599              		.cfi_def_cfa_register 13
 600              		@ sp needed
 601 010a 80BD     		pop	{r7, pc}
 602              		.cfi_endproc
 603              	.LFE9:
 604              		.size	u8g_WriteEscSeqP, .-u8g_WriteEscSeqP
 605              		.text
 606              	.Letext0:
 607              		.file 2 "c:\\program files (x86)\\cypress\\psoc creator\\4.0\\psoc creator\\import\\gnu\\arm\\4.9.
ARM GAS  C:\Users\KJA\AppData\Local\Temp\ccTCTEaV.s 			page 15


 608              		.file 3 "c:\\program files (x86)\\cypress\\psoc creator\\4.0\\psoc creator\\import\\gnu\\arm\\4.9.
 609              		.file 4 "u8glib_arm_v1.18.1\\src\\u8g.h"
 610              		.section	.debug_info,"",%progbits
 611              	.Ldebug_info0:
 612 0000 91060000 		.4byte	0x691
 613 0004 0400     		.2byte	0x4
 614 0006 00000000 		.4byte	.Ldebug_abbrev0
 615 000a 04       		.byte	0x4
 616 000b 01       		.uleb128 0x1
 617 000c 34010000 		.4byte	.LASF76
 618 0010 01       		.byte	0x1
 619 0011 D9030000 		.4byte	.LASF77
 620 0015 20040000 		.4byte	.LASF78
 621 0019 00000000 		.4byte	.Ldebug_ranges0+0
 622 001d 00000000 		.4byte	0
 623 0021 00000000 		.4byte	.Ldebug_line0
 624 0025 02       		.uleb128 0x2
 625 0026 04       		.byte	0x4
 626 0027 05       		.byte	0x5
 627 0028 696E7400 		.ascii	"int\000"
 628 002c 03       		.uleb128 0x3
 629 002d 04       		.byte	0x4
 630 002e 07       		.byte	0x7
 631 002f B1020000 		.4byte	.LASF0
 632 0033 04       		.uleb128 0x4
 633 0034 E6020000 		.4byte	.LASF2
 634 0038 02       		.byte	0x2
 635 0039 1B       		.byte	0x1b
 636 003a 3E000000 		.4byte	0x3e
 637 003e 03       		.uleb128 0x3
 638 003f 01       		.byte	0x1
 639 0040 06       		.byte	0x6
 640 0041 74020000 		.4byte	.LASF1
 641 0045 04       		.uleb128 0x4
 642 0046 F4010000 		.4byte	.LASF3
 643 004a 02       		.byte	0x2
 644 004b 1D       		.byte	0x1d
 645 004c 50000000 		.4byte	0x50
 646 0050 03       		.uleb128 0x3
 647 0051 01       		.byte	0x1
 648 0052 08       		.byte	0x8
 649 0053 4F020000 		.4byte	.LASF4
 650 0057 03       		.uleb128 0x3
 651 0058 02       		.byte	0x2
 652 0059 05       		.byte	0x5
 653 005a 28000000 		.4byte	.LASF5
 654 005e 03       		.uleb128 0x3
 655 005f 02       		.byte	0x2
 656 0060 07       		.byte	0x7
 657 0061 D3020000 		.4byte	.LASF6
 658 0065 03       		.uleb128 0x3
 659 0066 04       		.byte	0x4
 660 0067 05       		.byte	0x5
 661 0068 09030000 		.4byte	.LASF7
 662 006c 03       		.uleb128 0x3
 663 006d 04       		.byte	0x4
 664 006e 07       		.byte	0x7
ARM GAS  C:\Users\KJA\AppData\Local\Temp\ccTCTEaV.s 			page 16


 665 006f 44030000 		.4byte	.LASF8
 666 0073 03       		.uleb128 0x3
 667 0074 08       		.byte	0x8
 668 0075 05       		.byte	0x5
 669 0076 19010000 		.4byte	.LASF9
 670 007a 03       		.uleb128 0x3
 671 007b 08       		.byte	0x8
 672 007c 07       		.byte	0x7
 673 007d 93020000 		.4byte	.LASF10
 674 0081 04       		.uleb128 0x4
 675 0082 1C000000 		.4byte	.LASF11
 676 0086 03       		.byte	0x3
 677 0087 14       		.byte	0x14
 678 0088 33000000 		.4byte	0x33
 679 008c 04       		.uleb128 0x4
 680 008d D4000000 		.4byte	.LASF12
 681 0091 03       		.byte	0x3
 682 0092 15       		.byte	0x15
 683 0093 45000000 		.4byte	0x45
 684 0097 04       		.uleb128 0x4
 685 0098 06000000 		.4byte	.LASF13
 686 009c 04       		.byte	0x4
 687 009d 80       		.byte	0x80
 688 009e 8C000000 		.4byte	0x8c
 689 00a2 04       		.uleb128 0x4
 690 00a3 00000000 		.4byte	.LASF14
 691 00a7 04       		.byte	0x4
 692 00a8 A0       		.byte	0xa0
 693 00a9 AD000000 		.4byte	0xad
 694 00ad 05       		.uleb128 0x5
 695 00ae 45000000 		.4byte	.LASF41
 696 00b2 3C       		.byte	0x3c
 697 00b3 04       		.byte	0x4
 698 00b4 4B04     		.2byte	0x44b
 699 00b6 0D020000 		.4byte	0x20d
 700 00ba 06       		.uleb128 0x6
 701 00bb F5000000 		.4byte	.LASF15
 702 00bf 04       		.byte	0x4
 703 00c0 4D04     		.2byte	0x44d
 704 00c2 02030000 		.4byte	0x302
 705 00c6 00       		.byte	0
 706 00c7 06       		.uleb128 0x6
 707 00c8 AA020000 		.4byte	.LASF16
 708 00cc 04       		.byte	0x4
 709 00cd 4E04     		.2byte	0x44e
 710 00cf 02030000 		.4byte	0x302
 711 00d3 01       		.byte	0x1
 712 00d4 07       		.uleb128 0x7
 713 00d5 64657600 		.ascii	"dev\000"
 714 00d9 04       		.byte	0x4
 715 00da 5104     		.2byte	0x451
 716 00dc 42030000 		.4byte	0x342
 717 00e0 04       		.byte	0x4
 718 00e1 06       		.uleb128 0x6
 719 00e2 23000000 		.4byte	.LASF17
 720 00e6 04       		.byte	0x4
 721 00e7 5204     		.2byte	0x452
ARM GAS  C:\Users\KJA\AppData\Local\Temp\ccTCTEaV.s 			page 17


 722 00e9 D4030000 		.4byte	0x3d4
 723 00ed 08       		.byte	0x8
 724 00ee 06       		.uleb128 0x6
 725 00ef AE030000 		.4byte	.LASF18
 726 00f3 04       		.byte	0x4
 727 00f4 5304     		.2byte	0x453
 728 00f6 D4030000 		.4byte	0x3d4
 729 00fa 0C       		.byte	0xc
 730 00fb 06       		.uleb128 0x6
 731 00fc 80000000 		.4byte	.LASF19
 732 0100 04       		.byte	0x4
 733 0101 5404     		.2byte	0x454
 734 0103 8C000000 		.4byte	0x8c
 735 0107 10       		.byte	0x10
 736 0108 06       		.uleb128 0x6
 737 0109 E5000000 		.4byte	.LASF20
 738 010d 04       		.byte	0x4
 739 010e 5404     		.2byte	0x454
 740 0110 8C000000 		.4byte	0x8c
 741 0114 11       		.byte	0x11
 742 0115 06       		.uleb128 0x6
 743 0116 3F020000 		.4byte	.LASF21
 744 011a 04       		.byte	0x4
 745 011b 5504     		.2byte	0x455
 746 011d 8C000000 		.4byte	0x8c
 747 0121 12       		.byte	0x12
 748 0122 06       		.uleb128 0x6
 749 0123 12030000 		.4byte	.LASF22
 750 0127 04       		.byte	0x4
 751 0128 5604     		.2byte	0x456
 752 012a 8C000000 		.4byte	0x8c
 753 012e 13       		.byte	0x13
 754 012f 06       		.uleb128 0x6
 755 0130 4C000000 		.4byte	.LASF23
 756 0134 04       		.byte	0x4
 757 0135 5704     		.2byte	0x457
 758 0137 02030000 		.4byte	0x302
 759 013b 14       		.byte	0x14
 760 013c 06       		.uleb128 0x6
 761 013d 55000000 		.4byte	.LASF24
 762 0141 04       		.byte	0x4
 763 0142 5804     		.2byte	0x458
 764 0144 02030000 		.4byte	0x302
 765 0148 15       		.byte	0x15
 766 0149 06       		.uleb128 0x6
 767 014a BE020000 		.4byte	.LASF25
 768 014e 04       		.byte	0x4
 769 014f 5904     		.2byte	0x459
 770 0151 79030000 		.4byte	0x379
 771 0155 18       		.byte	0x18
 772 0156 06       		.uleb128 0x6
 773 0157 DC000000 		.4byte	.LASF26
 774 015b 04       		.byte	0x4
 775 015c 5B04     		.2byte	0x45b
 776 015e 81000000 		.4byte	0x81
 777 0162 1C       		.byte	0x1c
 778 0163 06       		.uleb128 0x6
ARM GAS  C:\Users\KJA\AppData\Local\Temp\ccTCTEaV.s 			page 18


 779 0164 FE010000 		.4byte	.LASF27
 780 0168 04       		.byte	0x4
 781 0169 5C04     		.2byte	0x45c
 782 016b 81000000 		.4byte	0x81
 783 016f 1D       		.byte	0x1d
 784 0170 06       		.uleb128 0x6
 785 0171 06020000 		.4byte	.LASF28
 786 0175 04       		.byte	0x4
 787 0176 5D04     		.2byte	0x45d
 788 0178 81000000 		.4byte	0x81
 789 017c 1E       		.byte	0x1e
 790 017d 06       		.uleb128 0x6
 791 017e 5B040000 		.4byte	.LASF29
 792 0182 04       		.byte	0x4
 793 0183 5E04     		.2byte	0x45e
 794 0185 8C000000 		.4byte	0x8c
 795 0189 1F       		.byte	0x1f
 796 018a 06       		.uleb128 0x6
 797 018b 5D020000 		.4byte	.LASF30
 798 018f 04       		.byte	0x4
 799 0190 5F04     		.2byte	0x45f
 800 0192 8C000000 		.4byte	0x8c
 801 0196 20       		.byte	0x20
 802 0197 06       		.uleb128 0x6
 803 0198 BA030000 		.4byte	.LASF31
 804 019c 04       		.byte	0x4
 805 019d 6104     		.2byte	0x461
 806 019f 96030000 		.4byte	0x396
 807 01a3 24       		.byte	0x24
 808 01a4 06       		.uleb128 0x6
 809 01a5 FE030000 		.4byte	.LASF32
 810 01a9 04       		.byte	0x4
 811 01aa 6204     		.2byte	0x462
 812 01ac 8C000000 		.4byte	0x8c
 813 01b0 28       		.byte	0x28
 814 01b1 06       		.uleb128 0x6
 815 01b2 C4000000 		.4byte	.LASF33
 816 01b6 04       		.byte	0x4
 817 01b7 6304     		.2byte	0x463
 818 01b9 81000000 		.4byte	0x81
 819 01bd 29       		.byte	0x29
 820 01be 06       		.uleb128 0x6
 821 01bf 72030000 		.4byte	.LASF34
 822 01c3 04       		.byte	0x4
 823 01c4 6404     		.2byte	0x464
 824 01c6 81000000 		.4byte	0x81
 825 01ca 2A       		.byte	0x2a
 826 01cb 06       		.uleb128 0x6
 827 01cc 83030000 		.4byte	.LASF35
 828 01d0 04       		.byte	0x4
 829 01d1 6504     		.2byte	0x465
 830 01d3 8C000000 		.4byte	0x8c
 831 01d7 2B       		.byte	0x2b
 832 01d8 06       		.uleb128 0x6
 833 01d9 B7000000 		.4byte	.LASF36
 834 01dd 04       		.byte	0x4
 835 01de 6604     		.2byte	0x466
ARM GAS  C:\Users\KJA\AppData\Local\Temp\ccTCTEaV.s 			page 19


 836 01e0 8C000000 		.4byte	0x8c
 837 01e4 2C       		.byte	0x2c
 838 01e5 06       		.uleb128 0x6
 839 01e6 6A020000 		.4byte	.LASF37
 840 01ea 04       		.byte	0x4
 841 01eb 6804     		.2byte	0x468
 842 01ed 49020000 		.4byte	0x249
 843 01f1 2D       		.byte	0x2d
 844 01f2 06       		.uleb128 0x6
 845 01f3 5E000000 		.4byte	.LASF38
 846 01f7 04       		.byte	0x4
 847 01f8 6F04     		.2byte	0x46f
 848 01fa B7030000 		.4byte	0x3b7
 849 01fe 34       		.byte	0x34
 850 01ff 06       		.uleb128 0x6
 851 0200 27010000 		.4byte	.LASF39
 852 0204 04       		.byte	0x4
 853 0205 7104     		.2byte	0x471
 854 0207 B9020000 		.4byte	0x2b9
 855 020b 38       		.byte	0x38
 856 020c 00       		.byte	0
 857 020d 04       		.uleb128 0x4
 858 020e A2000000 		.4byte	.LASF40
 859 0212 04       		.byte	0x4
 860 0213 A1       		.byte	0xa1
 861 0214 18020000 		.4byte	0x218
 862 0218 08       		.uleb128 0x8
 863 0219 80040000 		.4byte	.LASF42
 864 021d 0C       		.byte	0xc
 865 021e 04       		.byte	0x4
 866 021f CF       		.byte	0xcf
 867 0220 49020000 		.4byte	0x249
 868 0224 09       		.uleb128 0x9
 869 0225 17030000 		.4byte	.LASF43
 870 0229 04       		.byte	0x4
 871 022a D1       		.byte	0xd1
 872 022b 0D030000 		.4byte	0x30d
 873 022f 00       		.byte	0
 874 0230 09       		.uleb128 0x9
 875 0231 A6030000 		.4byte	.LASF44
 876 0235 04       		.byte	0x4
 877 0236 D2       		.byte	0xd2
 878 0237 48030000 		.4byte	0x348
 879 023b 04       		.byte	0x4
 880 023c 09       		.uleb128 0x9
 881 023d 8B040000 		.4byte	.LASF45
 882 0241 04       		.byte	0x4
 883 0242 D3       		.byte	0xd3
 884 0243 4A030000 		.4byte	0x34a
 885 0247 08       		.byte	0x8
 886 0248 00       		.byte	0
 887 0249 04       		.uleb128 0x4
 888 024a 1C020000 		.4byte	.LASF46
 889 024e 04       		.byte	0x4
 890 024f A3       		.byte	0xa3
 891 0250 54020000 		.4byte	0x254
 892 0254 05       		.uleb128 0x5
ARM GAS  C:\Users\KJA\AppData\Local\Temp\ccTCTEaV.s 			page 20


 893 0255 04010000 		.4byte	.LASF47
 894 0259 07       		.byte	0x7
 895 025a 04       		.byte	0x4
 896 025b 1D02     		.2byte	0x21d
 897 025d B9020000 		.4byte	0x2b9
 898 0261 07       		.uleb128 0x7
 899 0262 7800     		.ascii	"x\000"
 900 0264 04       		.byte	0x4
 901 0265 1F02     		.2byte	0x21f
 902 0267 02030000 		.4byte	0x302
 903 026b 00       		.byte	0
 904 026c 07       		.uleb128 0x7
 905 026d 7900     		.ascii	"y\000"
 906 026f 04       		.byte	0x4
 907 0270 1F02     		.2byte	0x21f
 908 0272 02030000 		.4byte	0x302
 909 0276 01       		.byte	0x1
 910 0277 06       		.uleb128 0x6
 911 0278 16000000 		.4byte	.LASF48
 912 027c 04       		.byte	0x4
 913 027d 2002     		.2byte	0x220
 914 027f 8C000000 		.4byte	0x8c
 915 0283 02       		.byte	0x2
 916 0284 07       		.uleb128 0x7
 917 0285 64697200 		.ascii	"dir\000"
 918 0289 04       		.byte	0x4
 919 028a 2102     		.2byte	0x221
 920 028c 8C000000 		.4byte	0x8c
 921 0290 03       		.byte	0x3
 922 0291 06       		.uleb128 0x6
 923 0292 32000000 		.4byte	.LASF49
 924 0296 04       		.byte	0x4
 925 0297 2202     		.2byte	0x222
 926 0299 8C000000 		.4byte	0x8c
 927 029d 04       		.byte	0x4
 928 029e 06       		.uleb128 0x6
 929 029f FB000000 		.4byte	.LASF50
 930 02a3 04       		.byte	0x4
 931 02a4 2302     		.2byte	0x223
 932 02a6 8C000000 		.4byte	0x8c
 933 02aa 05       		.byte	0x5
 934 02ab 06       		.uleb128 0x6
 935 02ac AC000000 		.4byte	.LASF51
 936 02b0 04       		.byte	0x4
 937 02b1 2402     		.2byte	0x224
 938 02b3 8C000000 		.4byte	0x8c
 939 02b7 06       		.byte	0x6
 940 02b8 00       		.byte	0
 941 02b9 04       		.uleb128 0x4
 942 02ba 9C030000 		.4byte	.LASF52
 943 02be 04       		.byte	0x4
 944 02bf A5       		.byte	0xa5
 945 02c0 C4020000 		.4byte	0x2c4
 946 02c4 05       		.uleb128 0x5
 947 02c5 FE020000 		.4byte	.LASF53
 948 02c9 04       		.byte	0x4
 949 02ca 04       		.byte	0x4
ARM GAS  C:\Users\KJA\AppData\Local\Temp\ccTCTEaV.s 			page 21


 950 02cb 3102     		.2byte	0x231
 951 02cd 02030000 		.4byte	0x302
 952 02d1 07       		.uleb128 0x7
 953 02d2 783000   		.ascii	"x0\000"
 954 02d5 04       		.byte	0x4
 955 02d6 3302     		.2byte	0x233
 956 02d8 02030000 		.4byte	0x302
 957 02dc 00       		.byte	0
 958 02dd 07       		.uleb128 0x7
 959 02de 793000   		.ascii	"y0\000"
 960 02e1 04       		.byte	0x4
 961 02e2 3302     		.2byte	0x233
 962 02e4 02030000 		.4byte	0x302
 963 02e8 01       		.byte	0x1
 964 02e9 07       		.uleb128 0x7
 965 02ea 783100   		.ascii	"x1\000"
 966 02ed 04       		.byte	0x4
 967 02ee 3302     		.2byte	0x233
 968 02f0 02030000 		.4byte	0x302
 969 02f4 02       		.byte	0x2
 970 02f5 07       		.uleb128 0x7
 971 02f6 793100   		.ascii	"y1\000"
 972 02f9 04       		.byte	0x4
 973 02fa 3302     		.2byte	0x233
 974 02fc 02030000 		.4byte	0x302
 975 0300 03       		.byte	0x3
 976 0301 00       		.byte	0
 977 0302 04       		.uleb128 0x4
 978 0303 C8020000 		.4byte	.LASF54
 979 0307 04       		.byte	0x4
 980 0308 AF       		.byte	0xaf
 981 0309 8C000000 		.4byte	0x8c
 982 030d 04       		.uleb128 0x4
 983 030e E6010000 		.4byte	.LASF55
 984 0312 04       		.byte	0x4
 985 0313 C7       		.byte	0xc7
 986 0314 18030000 		.4byte	0x318
 987 0318 0A       		.uleb128 0xa
 988 0319 04       		.byte	0x4
 989 031a 1E030000 		.4byte	0x31e
 990 031e 0B       		.uleb128 0xb
 991 031f 8C000000 		.4byte	0x8c
 992 0323 3C030000 		.4byte	0x33c
 993 0327 0C       		.uleb128 0xc
 994 0328 3C030000 		.4byte	0x33c
 995 032c 0C       		.uleb128 0xc
 996 032d 42030000 		.4byte	0x342
 997 0331 0C       		.uleb128 0xc
 998 0332 8C000000 		.4byte	0x8c
 999 0336 0C       		.uleb128 0xc
 1000 0337 48030000 		.4byte	0x348
 1001 033b 00       		.byte	0
 1002 033c 0A       		.uleb128 0xa
 1003 033d 04       		.byte	0x4
 1004 033e A2000000 		.4byte	0xa2
 1005 0342 0A       		.uleb128 0xa
 1006 0343 04       		.byte	0x4
ARM GAS  C:\Users\KJA\AppData\Local\Temp\ccTCTEaV.s 			page 22


 1007 0344 0D020000 		.4byte	0x20d
 1008 0348 0D       		.uleb128 0xd
 1009 0349 04       		.byte	0x4
 1010 034a 04       		.uleb128 0x4
 1011 034b 0E020000 		.4byte	.LASF56
 1012 034f 04       		.byte	0x4
 1013 0350 CA       		.byte	0xca
 1014 0351 55030000 		.4byte	0x355
 1015 0355 0A       		.uleb128 0xa
 1016 0356 04       		.byte	0x4
 1017 0357 5B030000 		.4byte	0x35b
 1018 035b 0B       		.uleb128 0xb
 1019 035c 8C000000 		.4byte	0x8c
 1020 0360 79030000 		.4byte	0x379
 1021 0364 0C       		.uleb128 0xc
 1022 0365 3C030000 		.4byte	0x33c
 1023 0369 0C       		.uleb128 0xc
 1024 036a 8C000000 		.4byte	0x8c
 1025 036e 0C       		.uleb128 0xc
 1026 036f 8C000000 		.4byte	0x8c
 1027 0373 0C       		.uleb128 0xc
 1028 0374 48030000 		.4byte	0x348
 1029 0378 00       		.byte	0
 1030 0379 0E       		.uleb128 0xe
 1031 037a C2010000 		.4byte	.LASF57
 1032 037e 04       		.byte	0x4
 1033 037f 0D04     		.2byte	0x40d
 1034 0381 85030000 		.4byte	0x385
 1035 0385 0A       		.uleb128 0xa
 1036 0386 04       		.byte	0x4
 1037 0387 8B030000 		.4byte	0x38b
 1038 038b 0F       		.uleb128 0xf
 1039 038c 96030000 		.4byte	0x396
 1040 0390 0C       		.uleb128 0xc
 1041 0391 3C030000 		.4byte	0x33c
 1042 0395 00       		.byte	0
 1043 0396 0E       		.uleb128 0xe
 1044 0397 67000000 		.4byte	.LASF58
 1045 039b 04       		.byte	0x4
 1046 039c 1004     		.2byte	0x410
 1047 039e A2030000 		.4byte	0x3a2
 1048 03a2 0A       		.uleb128 0xa
 1049 03a3 04       		.byte	0x4
 1050 03a4 A8030000 		.4byte	0x3a8
 1051 03a8 0B       		.uleb128 0xb
 1052 03a9 02030000 		.4byte	0x302
 1053 03ad B7030000 		.4byte	0x3b7
 1054 03b1 0C       		.uleb128 0xc
 1055 03b2 3C030000 		.4byte	0x33c
 1056 03b6 00       		.byte	0
 1057 03b7 0E       		.uleb128 0xe
 1058 03b8 38000000 		.4byte	.LASF59
 1059 03bc 04       		.byte	0x4
 1060 03bd 1304     		.2byte	0x413
 1061 03bf C3030000 		.4byte	0x3c3
 1062 03c3 0A       		.uleb128 0xa
 1063 03c4 04       		.byte	0x4
ARM GAS  C:\Users\KJA\AppData\Local\Temp\ccTCTEaV.s 			page 23


 1064 03c5 C9030000 		.4byte	0x3c9
 1065 03c9 0F       		.uleb128 0xf
 1066 03ca D4030000 		.4byte	0x3d4
 1067 03ce 0C       		.uleb128 0xc
 1068 03cf 8C000000 		.4byte	0x8c
 1069 03d3 00       		.byte	0
 1070 03d4 0A       		.uleb128 0xa
 1071 03d5 04       		.byte	0x4
 1072 03d6 DA030000 		.4byte	0x3da
 1073 03da 10       		.uleb128 0x10
 1074 03db 97000000 		.4byte	0x97
 1075 03df 03       		.uleb128 0x3
 1076 03e0 04       		.byte	0x4
 1077 03e1 07       		.byte	0x7
 1078 03e2 DD010000 		.4byte	.LASF60
 1079 03e6 11       		.uleb128 0x11
 1080 03e7 2A030000 		.4byte	.LASF68
 1081 03eb 01       		.byte	0x1
 1082 03ec 27       		.byte	0x27
 1083 03ed 8C000000 		.4byte	0x8c
 1084 03f1 00000000 		.4byte	.LFB0
 1085 03f5 28000000 		.4byte	.LFE0-.LFB0
 1086 03f9 01       		.uleb128 0x1
 1087 03fa 9C       		.byte	0x9c
 1088 03fb 2A040000 		.4byte	0x42a
 1089 03ff 12       		.uleb128 0x12
 1090 0400 75386700 		.ascii	"u8g\000"
 1091 0404 01       		.byte	0x1
 1092 0405 27       		.byte	0x27
 1093 0406 3C030000 		.4byte	0x33c
 1094 040a 02       		.uleb128 0x2
 1095 040b 91       		.byte	0x91
 1096 040c 6C       		.sleb128 -20
 1097 040d 12       		.uleb128 0x12
 1098 040e 64657600 		.ascii	"dev\000"
 1099 0412 01       		.byte	0x1
 1100 0413 27       		.byte	0x27
 1101 0414 42030000 		.4byte	0x342
 1102 0418 02       		.uleb128 0x2
 1103 0419 91       		.byte	0x91
 1104 041a 68       		.sleb128 -24
 1105 041b 13       		.uleb128 0x13
 1106 041c 30020000 		.4byte	.LASF61
 1107 0420 01       		.byte	0x1
 1108 0421 27       		.byte	0x27
 1109 0422 8C000000 		.4byte	0x8c
 1110 0426 02       		.uleb128 0x2
 1111 0427 91       		.byte	0x91
 1112 0428 67       		.sleb128 -25
 1113 0429 00       		.byte	0
 1114 042a 14       		.uleb128 0x14
 1115 042b 1E030000 		.4byte	.LASF62
 1116 042f 01       		.byte	0x1
 1117 0430 2C       		.byte	0x2c
 1118 0431 00000000 		.4byte	.LFB1
 1119 0435 1E000000 		.4byte	.LFE1-.LFB1
 1120 0439 01       		.uleb128 0x1
ARM GAS  C:\Users\KJA\AppData\Local\Temp\ccTCTEaV.s 			page 24


 1121 043a 9C       		.byte	0x9c
 1122 043b 5C040000 		.4byte	0x45c
 1123 043f 12       		.uleb128 0x12
 1124 0440 75386700 		.ascii	"u8g\000"
 1125 0444 01       		.byte	0x1
 1126 0445 2C       		.byte	0x2c
 1127 0446 3C030000 		.4byte	0x33c
 1128 044a 02       		.uleb128 0x2
 1129 044b 91       		.byte	0x91
 1130 044c 6C       		.sleb128 -20
 1131 044d 12       		.uleb128 0x12
 1132 044e 64657600 		.ascii	"dev\000"
 1133 0452 01       		.byte	0x1
 1134 0453 2C       		.byte	0x2c
 1135 0454 42030000 		.4byte	0x342
 1136 0458 02       		.uleb128 0x2
 1137 0459 91       		.byte	0x91
 1138 045a 68       		.sleb128 -24
 1139 045b 00       		.byte	0
 1140 045c 14       		.uleb128 0x14
 1141 045d 90000000 		.4byte	.LASF63
 1142 0461 01       		.byte	0x1
 1143 0462 32       		.byte	0x32
 1144 0463 00000000 		.4byte	.LFB2
 1145 0467 24000000 		.4byte	.LFE2-.LFB2
 1146 046b 01       		.uleb128 0x1
 1147 046c 9C       		.byte	0x9c
 1148 046d 9B040000 		.4byte	0x49b
 1149 0471 12       		.uleb128 0x12
 1150 0472 75386700 		.ascii	"u8g\000"
 1151 0476 01       		.byte	0x1
 1152 0477 32       		.byte	0x32
 1153 0478 3C030000 		.4byte	0x33c
 1154 047c 02       		.uleb128 0x2
 1155 047d 91       		.byte	0x91
 1156 047e 6C       		.sleb128 -20
 1157 047f 12       		.uleb128 0x12
 1158 0480 64657600 		.ascii	"dev\000"
 1159 0484 01       		.byte	0x1
 1160 0485 32       		.byte	0x32
 1161 0486 42030000 		.4byte	0x342
 1162 048a 02       		.uleb128 0x2
 1163 048b 91       		.byte	0x91
 1164 048c 68       		.sleb128 -24
 1165 048d 12       		.uleb128 0x12
 1166 048e 637300   		.ascii	"cs\000"
 1167 0491 01       		.byte	0x1
 1168 0492 32       		.byte	0x32
 1169 0493 8C000000 		.4byte	0x8c
 1170 0497 02       		.uleb128 0x2
 1171 0498 91       		.byte	0x91
 1172 0499 67       		.sleb128 -25
 1173 049a 00       		.byte	0
 1174 049b 14       		.uleb128 0x14
 1175 049c C9030000 		.4byte	.LASF64
 1176 04a0 01       		.byte	0x1
 1177 04a1 37       		.byte	0x37
ARM GAS  C:\Users\KJA\AppData\Local\Temp\ccTCTEaV.s 			page 25


 1178 04a2 00000000 		.4byte	.LFB3
 1179 04a6 1E000000 		.4byte	.LFE3-.LFB3
 1180 04aa 01       		.uleb128 0x1
 1181 04ab 9C       		.byte	0x9c
 1182 04ac CD040000 		.4byte	0x4cd
 1183 04b0 12       		.uleb128 0x12
 1184 04b1 75386700 		.ascii	"u8g\000"
 1185 04b5 01       		.byte	0x1
 1186 04b6 37       		.byte	0x37
 1187 04b7 3C030000 		.4byte	0x33c
 1188 04bb 02       		.uleb128 0x2
 1189 04bc 91       		.byte	0x91
 1190 04bd 6C       		.sleb128 -20
 1191 04be 12       		.uleb128 0x12
 1192 04bf 64657600 		.ascii	"dev\000"
 1193 04c3 01       		.byte	0x1
 1194 04c4 37       		.byte	0x37
 1195 04c5 42030000 		.4byte	0x342
 1196 04c9 02       		.uleb128 0x2
 1197 04ca 91       		.byte	0x91
 1198 04cb 68       		.sleb128 -24
 1199 04cc 00       		.byte	0
 1200 04cd 14       		.uleb128 0x14
 1201 04ce 0F040000 		.4byte	.LASF65
 1202 04d2 01       		.byte	0x1
 1203 04d3 3C       		.byte	0x3c
 1204 04d4 00000000 		.4byte	.LFB4
 1205 04d8 1E000000 		.4byte	.LFE4-.LFB4
 1206 04dc 01       		.uleb128 0x1
 1207 04dd 9C       		.byte	0x9c
 1208 04de FF040000 		.4byte	0x4ff
 1209 04e2 12       		.uleb128 0x12
 1210 04e3 75386700 		.ascii	"u8g\000"
 1211 04e7 01       		.byte	0x1
 1212 04e8 3C       		.byte	0x3c
 1213 04e9 3C030000 		.4byte	0x33c
 1214 04ed 02       		.uleb128 0x2
 1215 04ee 91       		.byte	0x91
 1216 04ef 6C       		.sleb128 -20
 1217 04f0 12       		.uleb128 0x12
 1218 04f1 64657600 		.ascii	"dev\000"
 1219 04f5 01       		.byte	0x1
 1220 04f6 3C       		.byte	0x3c
 1221 04f7 42030000 		.4byte	0x342
 1222 04fb 02       		.uleb128 0x2
 1223 04fc 91       		.byte	0x91
 1224 04fd 68       		.sleb128 -24
 1225 04fe 00       		.byte	0
 1226 04ff 14       		.uleb128 0x14
 1227 0500 EF020000 		.4byte	.LASF66
 1228 0504 01       		.byte	0x1
 1229 0505 42       		.byte	0x42
 1230 0506 00000000 		.4byte	.LFB5
 1231 050a 24000000 		.4byte	.LFE5-.LFB5
 1232 050e 01       		.uleb128 0x1
 1233 050f 9C       		.byte	0x9c
 1234 0510 3F050000 		.4byte	0x53f
ARM GAS  C:\Users\KJA\AppData\Local\Temp\ccTCTEaV.s 			page 26


 1235 0514 12       		.uleb128 0x12
 1236 0515 75386700 		.ascii	"u8g\000"
 1237 0519 01       		.byte	0x1
 1238 051a 42       		.byte	0x42
 1239 051b 3C030000 		.4byte	0x33c
 1240 051f 02       		.uleb128 0x2
 1241 0520 91       		.byte	0x91
 1242 0521 6C       		.sleb128 -20
 1243 0522 12       		.uleb128 0x12
 1244 0523 64657600 		.ascii	"dev\000"
 1245 0527 01       		.byte	0x1
 1246 0528 42       		.byte	0x42
 1247 0529 42030000 		.4byte	0x342
 1248 052d 02       		.uleb128 0x2
 1249 052e 91       		.byte	0x91
 1250 052f 68       		.sleb128 -24
 1251 0530 13       		.uleb128 0x13
 1252 0531 D5010000 		.4byte	.LASF67
 1253 0535 01       		.byte	0x1
 1254 0536 42       		.byte	0x42
 1255 0537 8C000000 		.4byte	0x8c
 1256 053b 02       		.uleb128 0x2
 1257 053c 91       		.byte	0x91
 1258 053d 67       		.sleb128 -25
 1259 053e 00       		.byte	0
 1260 053f 11       		.uleb128 0x11
 1261 0540 36030000 		.4byte	.LASF69
 1262 0544 01       		.byte	0x1
 1263 0545 47       		.byte	0x47
 1264 0546 8C000000 		.4byte	0x8c
 1265 054a 00000000 		.4byte	.LFB6
 1266 054e 28000000 		.4byte	.LFE6-.LFB6
 1267 0552 01       		.uleb128 0x1
 1268 0553 9C       		.byte	0x9c
 1269 0554 83050000 		.4byte	0x583
 1270 0558 12       		.uleb128 0x12
 1271 0559 75386700 		.ascii	"u8g\000"
 1272 055d 01       		.byte	0x1
 1273 055e 47       		.byte	0x47
 1274 055f 3C030000 		.4byte	0x33c
 1275 0563 02       		.uleb128 0x2
 1276 0564 91       		.byte	0x91
 1277 0565 6C       		.sleb128 -20
 1278 0566 12       		.uleb128 0x12
 1279 0567 64657600 		.ascii	"dev\000"
 1280 056b 01       		.byte	0x1
 1281 056c 47       		.byte	0x47
 1282 056d 42030000 		.4byte	0x342
 1283 0571 02       		.uleb128 0x2
 1284 0572 91       		.byte	0x91
 1285 0573 68       		.sleb128 -24
 1286 0574 12       		.uleb128 0x12
 1287 0575 76616C00 		.ascii	"val\000"
 1288 0579 01       		.byte	0x1
 1289 057a 47       		.byte	0x47
 1290 057b 8C000000 		.4byte	0x8c
 1291 057f 02       		.uleb128 0x2
ARM GAS  C:\Users\KJA\AppData\Local\Temp\ccTCTEaV.s 			page 27


 1292 0580 91       		.byte	0x91
 1293 0581 67       		.sleb128 -25
 1294 0582 00       		.byte	0
 1295 0583 11       		.uleb128 0x11
 1296 0584 56030000 		.4byte	.LASF70
 1297 0588 01       		.byte	0x1
 1298 0589 4C       		.byte	0x4c
 1299 058a 8C000000 		.4byte	0x8c
 1300 058e 00000000 		.4byte	.LFB7
 1301 0592 2A000000 		.4byte	.LFE7-.LFB7
 1302 0596 01       		.uleb128 0x1
 1303 0597 9C       		.byte	0x9c
 1304 0598 D5050000 		.4byte	0x5d5
 1305 059c 12       		.uleb128 0x12
 1306 059d 75386700 		.ascii	"u8g\000"
 1307 05a1 01       		.byte	0x1
 1308 05a2 4C       		.byte	0x4c
 1309 05a3 3C030000 		.4byte	0x33c
 1310 05a7 02       		.uleb128 0x2
 1311 05a8 91       		.byte	0x91
 1312 05a9 6C       		.sleb128 -20
 1313 05aa 12       		.uleb128 0x12
 1314 05ab 64657600 		.ascii	"dev\000"
 1315 05af 01       		.byte	0x1
 1316 05b0 4C       		.byte	0x4c
 1317 05b1 42030000 		.4byte	0x342
 1318 05b5 02       		.uleb128 0x2
 1319 05b6 91       		.byte	0x91
 1320 05b7 68       		.sleb128 -24
 1321 05b8 12       		.uleb128 0x12
 1322 05b9 636E7400 		.ascii	"cnt\000"
 1323 05bd 01       		.byte	0x1
 1324 05be 4C       		.byte	0x4c
 1325 05bf 8C000000 		.4byte	0x8c
 1326 05c3 02       		.uleb128 0x2
 1327 05c4 91       		.byte	0x91
 1328 05c5 67       		.sleb128 -25
 1329 05c6 12       		.uleb128 0x12
 1330 05c7 73657100 		.ascii	"seq\000"
 1331 05cb 01       		.byte	0x1
 1332 05cc 4C       		.byte	0x4c
 1333 05cd D5050000 		.4byte	0x5d5
 1334 05d1 02       		.uleb128 0x2
 1335 05d2 91       		.byte	0x91
 1336 05d3 60       		.sleb128 -32
 1337 05d4 00       		.byte	0
 1338 05d5 0A       		.uleb128 0xa
 1339 05d6 04       		.byte	0x4
 1340 05d7 8C000000 		.4byte	0x8c
 1341 05db 11       		.uleb128 0x11
 1342 05dc 80020000 		.4byte	.LASF71
 1343 05e0 01       		.byte	0x1
 1344 05e1 51       		.byte	0x51
 1345 05e2 8C000000 		.4byte	0x8c
 1346 05e6 00000000 		.4byte	.LFB8
 1347 05ea 2A000000 		.4byte	.LFE8-.LFB8
 1348 05ee 01       		.uleb128 0x1
ARM GAS  C:\Users\KJA\AppData\Local\Temp\ccTCTEaV.s 			page 28


 1349 05ef 9C       		.byte	0x9c
 1350 05f0 2D060000 		.4byte	0x62d
 1351 05f4 12       		.uleb128 0x12
 1352 05f5 75386700 		.ascii	"u8g\000"
 1353 05f9 01       		.byte	0x1
 1354 05fa 51       		.byte	0x51
 1355 05fb 3C030000 		.4byte	0x33c
 1356 05ff 02       		.uleb128 0x2
 1357 0600 91       		.byte	0x91
 1358 0601 6C       		.sleb128 -20
 1359 0602 12       		.uleb128 0x12
 1360 0603 64657600 		.ascii	"dev\000"
 1361 0607 01       		.byte	0x1
 1362 0608 51       		.byte	0x51
 1363 0609 42030000 		.4byte	0x342
 1364 060d 02       		.uleb128 0x2
 1365 060e 91       		.byte	0x91
 1366 060f 68       		.sleb128 -24
 1367 0610 12       		.uleb128 0x12
 1368 0611 636E7400 		.ascii	"cnt\000"
 1369 0615 01       		.byte	0x1
 1370 0616 51       		.byte	0x51
 1371 0617 8C000000 		.4byte	0x8c
 1372 061b 02       		.uleb128 0x2
 1373 061c 91       		.byte	0x91
 1374 061d 67       		.sleb128 -25
 1375 061e 12       		.uleb128 0x12
 1376 061f 73657100 		.ascii	"seq\000"
 1377 0623 01       		.byte	0x1
 1378 0624 51       		.byte	0x51
 1379 0625 2D060000 		.4byte	0x62d
 1380 0629 02       		.uleb128 0x2
 1381 062a 91       		.byte	0x91
 1382 062b 60       		.sleb128 -32
 1383 062c 00       		.byte	0
 1384 062d 0A       		.uleb128 0xa
 1385 062e 04       		.byte	0x4
 1386 062f 33060000 		.4byte	0x633
 1387 0633 10       		.uleb128 0x10
 1388 0634 8C000000 		.4byte	0x8c
 1389 0638 15       		.uleb128 0x15
 1390 0639 67040000 		.4byte	.LASF72
 1391 063d 01       		.byte	0x1
 1392 063e 6A       		.byte	0x6a
 1393 063f 8C000000 		.4byte	0x8c
 1394 0643 00000000 		.4byte	.LFB9
 1395 0647 0C010000 		.4byte	.LFE9-.LFB9
 1396 064b 01       		.uleb128 0x1
 1397 064c 9C       		.byte	0x9c
 1398 064d 12       		.uleb128 0x12
 1399 064e 75386700 		.ascii	"u8g\000"
 1400 0652 01       		.byte	0x1
 1401 0653 6A       		.byte	0x6a
 1402 0654 3C030000 		.4byte	0x33c
 1403 0658 02       		.uleb128 0x2
 1404 0659 91       		.byte	0x91
 1405 065a 6C       		.sleb128 -20
ARM GAS  C:\Users\KJA\AppData\Local\Temp\ccTCTEaV.s 			page 29


 1406 065b 12       		.uleb128 0x12
 1407 065c 64657600 		.ascii	"dev\000"
 1408 0660 01       		.byte	0x1
 1409 0661 6A       		.byte	0x6a
 1410 0662 42030000 		.4byte	0x342
 1411 0666 02       		.uleb128 0x2
 1412 0667 91       		.byte	0x91
 1413 0668 68       		.sleb128 -24
 1414 0669 13       		.uleb128 0x13
 1415 066a 78040000 		.4byte	.LASF73
 1416 066e 01       		.byte	0x1
 1417 066f 6A       		.byte	0x6a
 1418 0670 2D060000 		.4byte	0x62d
 1419 0674 02       		.uleb128 0x2
 1420 0675 91       		.byte	0x91
 1421 0676 64       		.sleb128 -28
 1422 0677 16       		.uleb128 0x16
 1423 0678 68030000 		.4byte	.LASF74
 1424 067c 01       		.byte	0x1
 1425 067d 6C       		.byte	0x6c
 1426 067e 8C000000 		.4byte	0x8c
 1427 0682 02       		.uleb128 0x2
 1428 0683 91       		.byte	0x91
 1429 0684 77       		.sleb128 -9
 1430 0685 16       		.uleb128 0x16
 1431 0686 B1000000 		.4byte	.LASF75
 1432 068a 01       		.byte	0x1
 1433 068b 6D       		.byte	0x6d
 1434 068c 8C000000 		.4byte	0x8c
 1435 0690 02       		.uleb128 0x2
 1436 0691 91       		.byte	0x91
 1437 0692 76       		.sleb128 -10
 1438 0693 00       		.byte	0
 1439 0694 00       		.byte	0
 1440              		.section	.debug_abbrev,"",%progbits
 1441              	.Ldebug_abbrev0:
 1442 0000 01       		.uleb128 0x1
 1443 0001 11       		.uleb128 0x11
 1444 0002 01       		.byte	0x1
 1445 0003 25       		.uleb128 0x25
 1446 0004 0E       		.uleb128 0xe
 1447 0005 13       		.uleb128 0x13
 1448 0006 0B       		.uleb128 0xb
 1449 0007 03       		.uleb128 0x3
 1450 0008 0E       		.uleb128 0xe
 1451 0009 1B       		.uleb128 0x1b
 1452 000a 0E       		.uleb128 0xe
 1453 000b 55       		.uleb128 0x55
 1454 000c 17       		.uleb128 0x17
 1455 000d 11       		.uleb128 0x11
 1456 000e 01       		.uleb128 0x1
 1457 000f 10       		.uleb128 0x10
 1458 0010 17       		.uleb128 0x17
 1459 0011 00       		.byte	0
 1460 0012 00       		.byte	0
 1461 0013 02       		.uleb128 0x2
 1462 0014 24       		.uleb128 0x24
ARM GAS  C:\Users\KJA\AppData\Local\Temp\ccTCTEaV.s 			page 30


 1463 0015 00       		.byte	0
 1464 0016 0B       		.uleb128 0xb
 1465 0017 0B       		.uleb128 0xb
 1466 0018 3E       		.uleb128 0x3e
 1467 0019 0B       		.uleb128 0xb
 1468 001a 03       		.uleb128 0x3
 1469 001b 08       		.uleb128 0x8
 1470 001c 00       		.byte	0
 1471 001d 00       		.byte	0
 1472 001e 03       		.uleb128 0x3
 1473 001f 24       		.uleb128 0x24
 1474 0020 00       		.byte	0
 1475 0021 0B       		.uleb128 0xb
 1476 0022 0B       		.uleb128 0xb
 1477 0023 3E       		.uleb128 0x3e
 1478 0024 0B       		.uleb128 0xb
 1479 0025 03       		.uleb128 0x3
 1480 0026 0E       		.uleb128 0xe
 1481 0027 00       		.byte	0
 1482 0028 00       		.byte	0
 1483 0029 04       		.uleb128 0x4
 1484 002a 16       		.uleb128 0x16
 1485 002b 00       		.byte	0
 1486 002c 03       		.uleb128 0x3
 1487 002d 0E       		.uleb128 0xe
 1488 002e 3A       		.uleb128 0x3a
 1489 002f 0B       		.uleb128 0xb
 1490 0030 3B       		.uleb128 0x3b
 1491 0031 0B       		.uleb128 0xb
 1492 0032 49       		.uleb128 0x49
 1493 0033 13       		.uleb128 0x13
 1494 0034 00       		.byte	0
 1495 0035 00       		.byte	0
 1496 0036 05       		.uleb128 0x5
 1497 0037 13       		.uleb128 0x13
 1498 0038 01       		.byte	0x1
 1499 0039 03       		.uleb128 0x3
 1500 003a 0E       		.uleb128 0xe
 1501 003b 0B       		.uleb128 0xb
 1502 003c 0B       		.uleb128 0xb
 1503 003d 3A       		.uleb128 0x3a
 1504 003e 0B       		.uleb128 0xb
 1505 003f 3B       		.uleb128 0x3b
 1506 0040 05       		.uleb128 0x5
 1507 0041 01       		.uleb128 0x1
 1508 0042 13       		.uleb128 0x13
 1509 0043 00       		.byte	0
 1510 0044 00       		.byte	0
 1511 0045 06       		.uleb128 0x6
 1512 0046 0D       		.uleb128 0xd
 1513 0047 00       		.byte	0
 1514 0048 03       		.uleb128 0x3
 1515 0049 0E       		.uleb128 0xe
 1516 004a 3A       		.uleb128 0x3a
 1517 004b 0B       		.uleb128 0xb
 1518 004c 3B       		.uleb128 0x3b
 1519 004d 05       		.uleb128 0x5
ARM GAS  C:\Users\KJA\AppData\Local\Temp\ccTCTEaV.s 			page 31


 1520 004e 49       		.uleb128 0x49
 1521 004f 13       		.uleb128 0x13
 1522 0050 38       		.uleb128 0x38
 1523 0051 0B       		.uleb128 0xb
 1524 0052 00       		.byte	0
 1525 0053 00       		.byte	0
 1526 0054 07       		.uleb128 0x7
 1527 0055 0D       		.uleb128 0xd
 1528 0056 00       		.byte	0
 1529 0057 03       		.uleb128 0x3
 1530 0058 08       		.uleb128 0x8
 1531 0059 3A       		.uleb128 0x3a
 1532 005a 0B       		.uleb128 0xb
 1533 005b 3B       		.uleb128 0x3b
 1534 005c 05       		.uleb128 0x5
 1535 005d 49       		.uleb128 0x49
 1536 005e 13       		.uleb128 0x13
 1537 005f 38       		.uleb128 0x38
 1538 0060 0B       		.uleb128 0xb
 1539 0061 00       		.byte	0
 1540 0062 00       		.byte	0
 1541 0063 08       		.uleb128 0x8
 1542 0064 13       		.uleb128 0x13
 1543 0065 01       		.byte	0x1
 1544 0066 03       		.uleb128 0x3
 1545 0067 0E       		.uleb128 0xe
 1546 0068 0B       		.uleb128 0xb
 1547 0069 0B       		.uleb128 0xb
 1548 006a 3A       		.uleb128 0x3a
 1549 006b 0B       		.uleb128 0xb
 1550 006c 3B       		.uleb128 0x3b
 1551 006d 0B       		.uleb128 0xb
 1552 006e 01       		.uleb128 0x1
 1553 006f 13       		.uleb128 0x13
 1554 0070 00       		.byte	0
 1555 0071 00       		.byte	0
 1556 0072 09       		.uleb128 0x9
 1557 0073 0D       		.uleb128 0xd
 1558 0074 00       		.byte	0
 1559 0075 03       		.uleb128 0x3
 1560 0076 0E       		.uleb128 0xe
 1561 0077 3A       		.uleb128 0x3a
 1562 0078 0B       		.uleb128 0xb
 1563 0079 3B       		.uleb128 0x3b
 1564 007a 0B       		.uleb128 0xb
 1565 007b 49       		.uleb128 0x49
 1566 007c 13       		.uleb128 0x13
 1567 007d 38       		.uleb128 0x38
 1568 007e 0B       		.uleb128 0xb
 1569 007f 00       		.byte	0
 1570 0080 00       		.byte	0
 1571 0081 0A       		.uleb128 0xa
 1572 0082 0F       		.uleb128 0xf
 1573 0083 00       		.byte	0
 1574 0084 0B       		.uleb128 0xb
 1575 0085 0B       		.uleb128 0xb
 1576 0086 49       		.uleb128 0x49
ARM GAS  C:\Users\KJA\AppData\Local\Temp\ccTCTEaV.s 			page 32


 1577 0087 13       		.uleb128 0x13
 1578 0088 00       		.byte	0
 1579 0089 00       		.byte	0
 1580 008a 0B       		.uleb128 0xb
 1581 008b 15       		.uleb128 0x15
 1582 008c 01       		.byte	0x1
 1583 008d 27       		.uleb128 0x27
 1584 008e 19       		.uleb128 0x19
 1585 008f 49       		.uleb128 0x49
 1586 0090 13       		.uleb128 0x13
 1587 0091 01       		.uleb128 0x1
 1588 0092 13       		.uleb128 0x13
 1589 0093 00       		.byte	0
 1590 0094 00       		.byte	0
 1591 0095 0C       		.uleb128 0xc
 1592 0096 05       		.uleb128 0x5
 1593 0097 00       		.byte	0
 1594 0098 49       		.uleb128 0x49
 1595 0099 13       		.uleb128 0x13
 1596 009a 00       		.byte	0
 1597 009b 00       		.byte	0
 1598 009c 0D       		.uleb128 0xd
 1599 009d 0F       		.uleb128 0xf
 1600 009e 00       		.byte	0
 1601 009f 0B       		.uleb128 0xb
 1602 00a0 0B       		.uleb128 0xb
 1603 00a1 00       		.byte	0
 1604 00a2 00       		.byte	0
 1605 00a3 0E       		.uleb128 0xe
 1606 00a4 16       		.uleb128 0x16
 1607 00a5 00       		.byte	0
 1608 00a6 03       		.uleb128 0x3
 1609 00a7 0E       		.uleb128 0xe
 1610 00a8 3A       		.uleb128 0x3a
 1611 00a9 0B       		.uleb128 0xb
 1612 00aa 3B       		.uleb128 0x3b
 1613 00ab 05       		.uleb128 0x5
 1614 00ac 49       		.uleb128 0x49
 1615 00ad 13       		.uleb128 0x13
 1616 00ae 00       		.byte	0
 1617 00af 00       		.byte	0
 1618 00b0 0F       		.uleb128 0xf
 1619 00b1 15       		.uleb128 0x15
 1620 00b2 01       		.byte	0x1
 1621 00b3 27       		.uleb128 0x27
 1622 00b4 19       		.uleb128 0x19
 1623 00b5 01       		.uleb128 0x1
 1624 00b6 13       		.uleb128 0x13
 1625 00b7 00       		.byte	0
 1626 00b8 00       		.byte	0
 1627 00b9 10       		.uleb128 0x10
 1628 00ba 26       		.uleb128 0x26
 1629 00bb 00       		.byte	0
 1630 00bc 49       		.uleb128 0x49
 1631 00bd 13       		.uleb128 0x13
 1632 00be 00       		.byte	0
 1633 00bf 00       		.byte	0
ARM GAS  C:\Users\KJA\AppData\Local\Temp\ccTCTEaV.s 			page 33


 1634 00c0 11       		.uleb128 0x11
 1635 00c1 2E       		.uleb128 0x2e
 1636 00c2 01       		.byte	0x1
 1637 00c3 3F       		.uleb128 0x3f
 1638 00c4 19       		.uleb128 0x19
 1639 00c5 03       		.uleb128 0x3
 1640 00c6 0E       		.uleb128 0xe
 1641 00c7 3A       		.uleb128 0x3a
 1642 00c8 0B       		.uleb128 0xb
 1643 00c9 3B       		.uleb128 0x3b
 1644 00ca 0B       		.uleb128 0xb
 1645 00cb 27       		.uleb128 0x27
 1646 00cc 19       		.uleb128 0x19
 1647 00cd 49       		.uleb128 0x49
 1648 00ce 13       		.uleb128 0x13
 1649 00cf 11       		.uleb128 0x11
 1650 00d0 01       		.uleb128 0x1
 1651 00d1 12       		.uleb128 0x12
 1652 00d2 06       		.uleb128 0x6
 1653 00d3 40       		.uleb128 0x40
 1654 00d4 18       		.uleb128 0x18
 1655 00d5 9642     		.uleb128 0x2116
 1656 00d7 19       		.uleb128 0x19
 1657 00d8 01       		.uleb128 0x1
 1658 00d9 13       		.uleb128 0x13
 1659 00da 00       		.byte	0
 1660 00db 00       		.byte	0
 1661 00dc 12       		.uleb128 0x12
 1662 00dd 05       		.uleb128 0x5
 1663 00de 00       		.byte	0
 1664 00df 03       		.uleb128 0x3
 1665 00e0 08       		.uleb128 0x8
 1666 00e1 3A       		.uleb128 0x3a
 1667 00e2 0B       		.uleb128 0xb
 1668 00e3 3B       		.uleb128 0x3b
 1669 00e4 0B       		.uleb128 0xb
 1670 00e5 49       		.uleb128 0x49
 1671 00e6 13       		.uleb128 0x13
 1672 00e7 02       		.uleb128 0x2
 1673 00e8 18       		.uleb128 0x18
 1674 00e9 00       		.byte	0
 1675 00ea 00       		.byte	0
 1676 00eb 13       		.uleb128 0x13
 1677 00ec 05       		.uleb128 0x5
 1678 00ed 00       		.byte	0
 1679 00ee 03       		.uleb128 0x3
 1680 00ef 0E       		.uleb128 0xe
 1681 00f0 3A       		.uleb128 0x3a
 1682 00f1 0B       		.uleb128 0xb
 1683 00f2 3B       		.uleb128 0x3b
 1684 00f3 0B       		.uleb128 0xb
 1685 00f4 49       		.uleb128 0x49
 1686 00f5 13       		.uleb128 0x13
 1687 00f6 02       		.uleb128 0x2
 1688 00f7 18       		.uleb128 0x18
 1689 00f8 00       		.byte	0
 1690 00f9 00       		.byte	0
ARM GAS  C:\Users\KJA\AppData\Local\Temp\ccTCTEaV.s 			page 34


 1691 00fa 14       		.uleb128 0x14
 1692 00fb 2E       		.uleb128 0x2e
 1693 00fc 01       		.byte	0x1
 1694 00fd 3F       		.uleb128 0x3f
 1695 00fe 19       		.uleb128 0x19
 1696 00ff 03       		.uleb128 0x3
 1697 0100 0E       		.uleb128 0xe
 1698 0101 3A       		.uleb128 0x3a
 1699 0102 0B       		.uleb128 0xb
 1700 0103 3B       		.uleb128 0x3b
 1701 0104 0B       		.uleb128 0xb
 1702 0105 27       		.uleb128 0x27
 1703 0106 19       		.uleb128 0x19
 1704 0107 11       		.uleb128 0x11
 1705 0108 01       		.uleb128 0x1
 1706 0109 12       		.uleb128 0x12
 1707 010a 06       		.uleb128 0x6
 1708 010b 40       		.uleb128 0x40
 1709 010c 18       		.uleb128 0x18
 1710 010d 9642     		.uleb128 0x2116
 1711 010f 19       		.uleb128 0x19
 1712 0110 01       		.uleb128 0x1
 1713 0111 13       		.uleb128 0x13
 1714 0112 00       		.byte	0
 1715 0113 00       		.byte	0
 1716 0114 15       		.uleb128 0x15
 1717 0115 2E       		.uleb128 0x2e
 1718 0116 01       		.byte	0x1
 1719 0117 3F       		.uleb128 0x3f
 1720 0118 19       		.uleb128 0x19
 1721 0119 03       		.uleb128 0x3
 1722 011a 0E       		.uleb128 0xe
 1723 011b 3A       		.uleb128 0x3a
 1724 011c 0B       		.uleb128 0xb
 1725 011d 3B       		.uleb128 0x3b
 1726 011e 0B       		.uleb128 0xb
 1727 011f 27       		.uleb128 0x27
 1728 0120 19       		.uleb128 0x19
 1729 0121 49       		.uleb128 0x49
 1730 0122 13       		.uleb128 0x13
 1731 0123 11       		.uleb128 0x11
 1732 0124 01       		.uleb128 0x1
 1733 0125 12       		.uleb128 0x12
 1734 0126 06       		.uleb128 0x6
 1735 0127 40       		.uleb128 0x40
 1736 0128 18       		.uleb128 0x18
 1737 0129 9642     		.uleb128 0x2116
 1738 012b 19       		.uleb128 0x19
 1739 012c 00       		.byte	0
 1740 012d 00       		.byte	0
 1741 012e 16       		.uleb128 0x16
 1742 012f 34       		.uleb128 0x34
 1743 0130 00       		.byte	0
 1744 0131 03       		.uleb128 0x3
 1745 0132 0E       		.uleb128 0xe
 1746 0133 3A       		.uleb128 0x3a
 1747 0134 0B       		.uleb128 0xb
ARM GAS  C:\Users\KJA\AppData\Local\Temp\ccTCTEaV.s 			page 35


 1748 0135 3B       		.uleb128 0x3b
 1749 0136 0B       		.uleb128 0xb
 1750 0137 49       		.uleb128 0x49
 1751 0138 13       		.uleb128 0x13
 1752 0139 02       		.uleb128 0x2
 1753 013a 18       		.uleb128 0x18
 1754 013b 00       		.byte	0
 1755 013c 00       		.byte	0
 1756 013d 00       		.byte	0
 1757              		.section	.debug_aranges,"",%progbits
 1758 0000 64000000 		.4byte	0x64
 1759 0004 0200     		.2byte	0x2
 1760 0006 00000000 		.4byte	.Ldebug_info0
 1761 000a 04       		.byte	0x4
 1762 000b 00       		.byte	0
 1763 000c 0000     		.2byte	0
 1764 000e 0000     		.2byte	0
 1765 0010 00000000 		.4byte	.LFB0
 1766 0014 28000000 		.4byte	.LFE0-.LFB0
 1767 0018 00000000 		.4byte	.LFB1
 1768 001c 1E000000 		.4byte	.LFE1-.LFB1
 1769 0020 00000000 		.4byte	.LFB2
 1770 0024 24000000 		.4byte	.LFE2-.LFB2
 1771 0028 00000000 		.4byte	.LFB3
 1772 002c 1E000000 		.4byte	.LFE3-.LFB3
 1773 0030 00000000 		.4byte	.LFB4
 1774 0034 1E000000 		.4byte	.LFE4-.LFB4
 1775 0038 00000000 		.4byte	.LFB5
 1776 003c 24000000 		.4byte	.LFE5-.LFB5
 1777 0040 00000000 		.4byte	.LFB6
 1778 0044 28000000 		.4byte	.LFE6-.LFB6
 1779 0048 00000000 		.4byte	.LFB7
 1780 004c 2A000000 		.4byte	.LFE7-.LFB7
 1781 0050 00000000 		.4byte	.LFB8
 1782 0054 2A000000 		.4byte	.LFE8-.LFB8
 1783 0058 00000000 		.4byte	.LFB9
 1784 005c 0C010000 		.4byte	.LFE9-.LFB9
 1785 0060 00000000 		.4byte	0
 1786 0064 00000000 		.4byte	0
 1787              		.section	.debug_ranges,"",%progbits
 1788              	.Ldebug_ranges0:
 1789 0000 00000000 		.4byte	.LFB0
 1790 0004 28000000 		.4byte	.LFE0
 1791 0008 00000000 		.4byte	.LFB1
 1792 000c 1E000000 		.4byte	.LFE1
 1793 0010 00000000 		.4byte	.LFB2
 1794 0014 24000000 		.4byte	.LFE2
 1795 0018 00000000 		.4byte	.LFB3
 1796 001c 1E000000 		.4byte	.LFE3
 1797 0020 00000000 		.4byte	.LFB4
 1798 0024 1E000000 		.4byte	.LFE4
 1799 0028 00000000 		.4byte	.LFB5
 1800 002c 24000000 		.4byte	.LFE5
 1801 0030 00000000 		.4byte	.LFB6
 1802 0034 28000000 		.4byte	.LFE6
 1803 0038 00000000 		.4byte	.LFB7
 1804 003c 2A000000 		.4byte	.LFE7
ARM GAS  C:\Users\KJA\AppData\Local\Temp\ccTCTEaV.s 			page 36


 1805 0040 00000000 		.4byte	.LFB8
 1806 0044 2A000000 		.4byte	.LFE8
 1807 0048 00000000 		.4byte	.LFB9
 1808 004c 0C010000 		.4byte	.LFE9
 1809 0050 00000000 		.4byte	0
 1810 0054 00000000 		.4byte	0
 1811              		.section	.debug_line,"",%progbits
 1812              	.Ldebug_line0:
 1813 0000 14020000 		.section	.debug_str,"MS",%progbits,1
 1813      02003C01 
 1813      00000201 
 1813      FB0E0D00 
 1813      01010101 
 1814              	.LASF14:
 1815 0000 7538675F 		.ascii	"u8g_t\000"
 1815      7400
 1816              	.LASF13:
 1817 0006 7538675F 		.ascii	"u8g_pgm_uint8_t\000"
 1817      70676D5F 
 1817      75696E74 
 1817      385F7400 
 1818              	.LASF48:
 1819 0016 70697865 		.ascii	"pixel\000"
 1819      6C00
 1820              	.LASF11:
 1821 001c 696E7438 		.ascii	"int8_t\000"
 1821      5F7400
 1822              	.LASF17:
 1823 0023 666F6E74 		.ascii	"font\000"
 1823      00
 1824              	.LASF5:
 1825 0028 73686F72 		.ascii	"short int\000"
 1825      7420696E 
 1825      7400
 1826              	.LASF49:
 1827 0032 636F6C6F 		.ascii	"color\000"
 1827      7200
 1828              	.LASF59:
 1829 0038 7538675F 		.ascii	"u8g_state_cb\000"
 1829      73746174 
 1829      655F6362 
 1829      00
 1830              	.LASF41:
 1831 0045 5F753867 		.ascii	"_u8g_t\000"
 1831      5F7400
 1832              	.LASF23:
 1833 004c 63757273 		.ascii	"cursor_x\000"
 1833      6F725F78 
 1833      00
 1834              	.LASF24:
 1835 0055 63757273 		.ascii	"cursor_y\000"
 1835      6F725F79 
 1835      00
 1836              	.LASF38:
 1837 005e 73746174 		.ascii	"state_cb\000"
 1837      655F6362 
 1837      00
ARM GAS  C:\Users\KJA\AppData\Local\Temp\ccTCTEaV.s 			page 37


 1838              	.LASF58:
 1839 0067 7538675F 		.ascii	"u8g_font_calc_vref_fnptr\000"
 1839      666F6E74 
 1839      5F63616C 
 1839      635F7672 
 1839      65665F66 
 1840              	.LASF19:
 1841 0080 63757273 		.ascii	"cursor_fg_color\000"
 1841      6F725F66 
 1841      675F636F 
 1841      6C6F7200 
 1842              	.LASF63:
 1843 0090 7538675F 		.ascii	"u8g_SetChipSelect\000"
 1843      53657443 
 1843      68697053 
 1843      656C6563 
 1843      7400
 1844              	.LASF40:
 1845 00a2 7538675F 		.ascii	"u8g_dev_t\000"
 1845      6465765F 
 1845      7400
 1846              	.LASF51:
 1847 00ac 626C7565 		.ascii	"blue\000"
 1847      00
 1848              	.LASF75:
 1849 00b1 76616C75 		.ascii	"value\000"
 1849      6500
 1850              	.LASF36:
 1851 00b7 6C696E65 		.ascii	"line_spacing\000"
 1851      5F737061 
 1851      63696E67 
 1851      00
 1852              	.LASF33:
 1853 00c4 666F6E74 		.ascii	"font_ref_ascent\000"
 1853      5F726566 
 1853      5F617363 
 1853      656E7400 
 1854              	.LASF12:
 1855 00d4 75696E74 		.ascii	"uint8_t\000"
 1855      385F7400 
 1856              	.LASF26:
 1857 00dc 676C7970 		.ascii	"glyph_dx\000"
 1857      685F6478 
 1857      00
 1858              	.LASF20:
 1859 00e5 63757273 		.ascii	"cursor_bg_color\000"
 1859      6F725F62 
 1859      675F636F 
 1859      6C6F7200 
 1860              	.LASF15:
 1861 00f5 77696474 		.ascii	"width\000"
 1861      6800
 1862              	.LASF50:
 1863 00fb 68695F63 		.ascii	"hi_color\000"
 1863      6F6C6F72 
 1863      00
 1864              	.LASF47:
ARM GAS  C:\Users\KJA\AppData\Local\Temp\ccTCTEaV.s 			page 38


 1865 0104 5F753867 		.ascii	"_u8g_dev_arg_pixel_t\000"
 1865      5F646576 
 1865      5F617267 
 1865      5F706978 
 1865      656C5F74 
 1866              	.LASF9:
 1867 0119 6C6F6E67 		.ascii	"long long int\000"
 1867      206C6F6E 
 1867      6720696E 
 1867      7400
 1868              	.LASF39:
 1869 0127 63757272 		.ascii	"current_page\000"
 1869      656E745F 
 1869      70616765 
 1869      00
 1870              	.LASF76:
 1871 0134 474E5520 		.ascii	"GNU C 4.9.3 20150303 (release) [ARM/embedded-4_9-br"
 1871      4320342E 
 1871      392E3320 
 1871      32303135 
 1871      30333033 
 1872 0167 616E6368 		.ascii	"anch revision 221220] -mcpu=cortex-m3 -mthumb -g -O"
 1872      20726576 
 1872      6973696F 
 1872      6E203232 
 1872      31323230 
 1873 019a 30202D66 		.ascii	"0 -ffunction-sections -ffat-lto-objects\000"
 1873      66756E63 
 1873      74696F6E 
 1873      2D736563 
 1873      74696F6E 
 1874              	.LASF57:
 1875 01c2 7538675F 		.ascii	"u8g_draw_cursor_fn\000"
 1875      64726177 
 1875      5F637572 
 1875      736F725F 
 1875      666E00
 1876              	.LASF67:
 1877 01d5 61646472 		.ascii	"address\000"
 1877      65737300 
 1878              	.LASF60:
 1879 01dd 73697A65 		.ascii	"sizetype\000"
 1879      74797065 
 1879      00
 1880              	.LASF55:
 1881 01e6 7538675F 		.ascii	"u8g_dev_fnptr\000"
 1881      6465765F 
 1881      666E7074 
 1881      7200
 1882              	.LASF3:
 1883 01f4 5F5F7569 		.ascii	"__uint8_t\000"
 1883      6E74385F 
 1883      7400
 1884              	.LASF27:
 1885 01fe 676C7970 		.ascii	"glyph_x\000"
 1885      685F7800 
 1886              	.LASF28:
ARM GAS  C:\Users\KJA\AppData\Local\Temp\ccTCTEaV.s 			page 39


 1887 0206 676C7970 		.ascii	"glyph_y\000"
 1887      685F7900 
 1888              	.LASF56:
 1889 020e 7538675F 		.ascii	"u8g_com_fnptr\000"
 1889      636F6D5F 
 1889      666E7074 
 1889      7200
 1890              	.LASF46:
 1891 021c 7538675F 		.ascii	"u8g_dev_arg_pixel_t\000"
 1891      6465765F 
 1891      6172675F 
 1891      70697865 
 1891      6C5F7400 
 1892              	.LASF61:
 1893 0230 636C6B5F 		.ascii	"clk_cycle_time\000"
 1893      6379636C 
 1893      655F7469 
 1893      6D6500
 1894              	.LASF21:
 1895 023f 63757273 		.ascii	"cursor_encoding\000"
 1895      6F725F65 
 1895      6E636F64 
 1895      696E6700 
 1896              	.LASF4:
 1897 024f 756E7369 		.ascii	"unsigned char\000"
 1897      676E6564 
 1897      20636861 
 1897      7200
 1898              	.LASF30:
 1899 025d 676C7970 		.ascii	"glyph_height\000"
 1899      685F6865 
 1899      69676874 
 1899      00
 1900              	.LASF37:
 1901 026a 6172675F 		.ascii	"arg_pixel\000"
 1901      70697865 
 1901      6C00
 1902              	.LASF1:
 1903 0274 7369676E 		.ascii	"signed char\000"
 1903      65642063 
 1903      68617200 
 1904              	.LASF71:
 1905 0280 7538675F 		.ascii	"u8g_WriteSequenceP\000"
 1905      57726974 
 1905      65536571 
 1905      75656E63 
 1905      655000
 1906              	.LASF10:
 1907 0293 6C6F6E67 		.ascii	"long long unsigned int\000"
 1907      206C6F6E 
 1907      6720756E 
 1907      7369676E 
 1907      65642069 
 1908              	.LASF16:
 1909 02aa 68656967 		.ascii	"height\000"
 1909      687400
 1910              	.LASF0:
ARM GAS  C:\Users\KJA\AppData\Local\Temp\ccTCTEaV.s 			page 40


 1911 02b1 756E7369 		.ascii	"unsigned int\000"
 1911      676E6564 
 1911      20696E74 
 1911      00
 1912              	.LASF25:
 1913 02be 63757273 		.ascii	"cursor_fn\000"
 1913      6F725F66 
 1913      6E00
 1914              	.LASF54:
 1915 02c8 7538675F 		.ascii	"u8g_uint_t\000"
 1915      75696E74 
 1915      5F7400
 1916              	.LASF6:
 1917 02d3 73686F72 		.ascii	"short unsigned int\000"
 1917      7420756E 
 1917      7369676E 
 1917      65642069 
 1917      6E7400
 1918              	.LASF2:
 1919 02e6 5F5F696E 		.ascii	"__int8_t\000"
 1919      74385F74 
 1919      00
 1920              	.LASF66:
 1921 02ef 7538675F 		.ascii	"u8g_SetAddress\000"
 1921      53657441 
 1921      64647265 
 1921      737300
 1922              	.LASF53:
 1923 02fe 5F753867 		.ascii	"_u8g_box_t\000"
 1923      5F626F78 
 1923      5F7400
 1924              	.LASF7:
 1925 0309 6C6F6E67 		.ascii	"long int\000"
 1925      20696E74 
 1925      00
 1926              	.LASF22:
 1927 0312 6D6F6465 		.ascii	"mode\000"
 1927      00
 1928              	.LASF43:
 1929 0317 6465765F 		.ascii	"dev_fn\000"
 1929      666E00
 1930              	.LASF62:
 1931 031e 7538675F 		.ascii	"u8g_StopCom\000"
 1931      53746F70 
 1931      436F6D00 
 1932              	.LASF68:
 1933 032a 7538675F 		.ascii	"u8g_InitCom\000"
 1933      496E6974 
 1933      436F6D00 
 1934              	.LASF69:
 1935 0336 7538675F 		.ascii	"u8g_WriteByte\000"
 1935      57726974 
 1935      65427974 
 1935      6500
 1936              	.LASF8:
 1937 0344 6C6F6E67 		.ascii	"long unsigned int\000"
 1937      20756E73 
ARM GAS  C:\Users\KJA\AppData\Local\Temp\ccTCTEaV.s 			page 41


 1937      69676E65 
 1937      6420696E 
 1937      7400
 1938              	.LASF70:
 1939 0356 7538675F 		.ascii	"u8g_WriteSequence\000"
 1939      57726974 
 1939      65536571 
 1939      75656E63 
 1939      6500
 1940              	.LASF74:
 1941 0368 69735F65 		.ascii	"is_escape\000"
 1941      73636170 
 1941      6500
 1942              	.LASF34:
 1943 0372 666F6E74 		.ascii	"font_ref_descent\000"
 1943      5F726566 
 1943      5F646573 
 1943      63656E74 
 1943      00
 1944              	.LASF35:
 1945 0383 666F6E74 		.ascii	"font_line_spacing_factor\000"
 1945      5F6C696E 
 1945      655F7370 
 1945      6163696E 
 1945      675F6661 
 1946              	.LASF52:
 1947 039c 7538675F 		.ascii	"u8g_box_t\000"
 1947      626F785F 
 1947      7400
 1948              	.LASF44:
 1949 03a6 6465765F 		.ascii	"dev_mem\000"
 1949      6D656D00 
 1950              	.LASF18:
 1951 03ae 63757273 		.ascii	"cursor_font\000"
 1951      6F725F66 
 1951      6F6E7400 
 1952              	.LASF31:
 1953 03ba 666F6E74 		.ascii	"font_calc_vref\000"
 1953      5F63616C 
 1953      635F7672 
 1953      656600
 1954              	.LASF64:
 1955 03c9 7538675F 		.ascii	"u8g_SetResetLow\000"
 1955      53657452 
 1955      65736574 
 1955      4C6F7700 
 1956              	.LASF77:
 1957 03d9 7538676C 		.ascii	"u8glib_arm_v1.18.1\\src\\u8g_com_api.c\000"
 1957      69625F61 
 1957      726D5F76 
 1957      312E3138 
 1957      2E315C73 
 1958              	.LASF32:
 1959 03fe 666F6E74 		.ascii	"font_height_mode\000"
 1959      5F686569 
 1959      6768745F 
 1959      6D6F6465 
ARM GAS  C:\Users\KJA\AppData\Local\Temp\ccTCTEaV.s 			page 42


 1959      00
 1960              	.LASF65:
 1961 040f 7538675F 		.ascii	"u8g_SetResetHigh\000"
 1961      53657452 
 1961      65736574 
 1961      48696768 
 1961      00
 1962              	.LASF78:
 1963 0420 443A5C57 		.ascii	"D:\\Workspace\\PSoC_Creator\\Active_Load\\Active_Lo"
 1963      6F726B73 
 1963      70616365 
 1963      5C50536F 
 1963      435F4372 
 1964 044f 61645F76 		.ascii	"ad_v9.cydsn\000"
 1964      392E6379 
 1964      64736E00 
 1965              	.LASF29:
 1966 045b 676C7970 		.ascii	"glyph_width\000"
 1966      685F7769 
 1966      64746800 
 1967              	.LASF72:
 1968 0467 7538675F 		.ascii	"u8g_WriteEscSeqP\000"
 1968      57726974 
 1968      65457363 
 1968      53657150 
 1968      00
 1969              	.LASF73:
 1970 0478 6573635F 		.ascii	"esc_seq\000"
 1970      73657100 
 1971              	.LASF42:
 1972 0480 5F753867 		.ascii	"_u8g_dev_t\000"
 1972      5F646576 
 1972      5F7400
 1973              	.LASF45:
 1974 048b 636F6D5F 		.ascii	"com_fn\000"
 1974      666E00
 1975              		.ident	"GCC: (GNU Tools for ARM Embedded Processors) 4.9.3 20150303 (release) [ARM/embedded-4_9-br
