ARM GAS  C:\Users\KJA\AppData\Local\Temp\ccpE9MEh.s 			page 1


   1              		.syntax unified
   2              		.cpu cortex-m3
   3              		.fpu softvfp
   4              		.eabi_attribute 20, 1
   5              		.eabi_attribute 21, 1
   6              		.eabi_attribute 23, 3
   7              		.eabi_attribute 24, 1
   8              		.eabi_attribute 25, 1
   9              		.eabi_attribute 26, 1
  10              		.eabi_attribute 30, 6
  11              		.eabi_attribute 34, 1
  12              		.eabi_attribute 18, 4
  13              		.thumb
  14              		.file	"u8g_page.c"
  15              		.text
  16              	.Ltext0:
  17              		.cfi_sections	.debug_frame
  18              		.section	.text.u8g_page_Init,"ax",%progbits
  19              		.align	2
  20              		.global	u8g_page_Init
  21              		.thumb
  22              		.thumb_func
  23              		.type	u8g_page_Init, %function
  24              	u8g_page_Init:
  25              	.LFB0:
  26              		.file 1 "u8glib_arm_v1.18.1\\src\\u8g_page.c"
   1:u8glib_arm_v1.18.1\src/u8g_page.c **** /*
   2:u8glib_arm_v1.18.1\src/u8g_page.c **** 
   3:u8glib_arm_v1.18.1\src/u8g_page.c ****   u8g_page.c
   4:u8glib_arm_v1.18.1\src/u8g_page.c ****   
   5:u8glib_arm_v1.18.1\src/u8g_page.c ****   page helper functions, only called by the dev handler.
   6:u8glib_arm_v1.18.1\src/u8g_page.c **** 
   7:u8glib_arm_v1.18.1\src/u8g_page.c ****   Universal 8bit Graphics Library
   8:u8glib_arm_v1.18.1\src/u8g_page.c ****   
   9:u8glib_arm_v1.18.1\src/u8g_page.c ****   Copyright (c) 2011, olikraus@gmail.com
  10:u8glib_arm_v1.18.1\src/u8g_page.c ****   All rights reserved.
  11:u8glib_arm_v1.18.1\src/u8g_page.c **** 
  12:u8glib_arm_v1.18.1\src/u8g_page.c ****   Redistribution and use in source and binary forms, with or without modification, 
  13:u8glib_arm_v1.18.1\src/u8g_page.c ****   are permitted provided that the following conditions are met:
  14:u8glib_arm_v1.18.1\src/u8g_page.c **** 
  15:u8glib_arm_v1.18.1\src/u8g_page.c ****   * Redistributions of source code must retain the above copyright notice, this list 
  16:u8glib_arm_v1.18.1\src/u8g_page.c ****     of conditions and the following disclaimer.
  17:u8glib_arm_v1.18.1\src/u8g_page.c ****     
  18:u8glib_arm_v1.18.1\src/u8g_page.c ****   * Redistributions in binary form must reproduce the above copyright notice, this 
  19:u8glib_arm_v1.18.1\src/u8g_page.c ****     list of conditions and the following disclaimer in the documentation and/or other 
  20:u8glib_arm_v1.18.1\src/u8g_page.c ****     materials provided with the distribution.
  21:u8glib_arm_v1.18.1\src/u8g_page.c **** 
  22:u8glib_arm_v1.18.1\src/u8g_page.c ****   THIS SOFTWARE IS PROVIDED BY THE COPYRIGHT HOLDERS AND 
  23:u8glib_arm_v1.18.1\src/u8g_page.c ****   CONTRIBUTORS "AS IS" AND ANY EXPRESS OR IMPLIED WARRANTIES, 
  24:u8glib_arm_v1.18.1\src/u8g_page.c ****   INCLUDING, BUT NOT LIMITED TO, THE IMPLIED WARRANTIES OF 
  25:u8glib_arm_v1.18.1\src/u8g_page.c ****   MERCHANTABILITY AND FITNESS FOR A PARTICULAR PURPOSE ARE 
  26:u8glib_arm_v1.18.1\src/u8g_page.c ****   DISCLAIMED. IN NO EVENT SHALL THE COPYRIGHT HOLDER OR 
  27:u8glib_arm_v1.18.1\src/u8g_page.c ****   CONTRIBUTORS BE LIABLE FOR ANY DIRECT, INDIRECT, INCIDENTAL, 
  28:u8glib_arm_v1.18.1\src/u8g_page.c ****   SPECIAL, EXEMPLARY, OR CONSEQUENTIAL DAMAGES (INCLUDING, BUT 
  29:u8glib_arm_v1.18.1\src/u8g_page.c ****   NOT LIMITED TO, PROCUREMENT OF SUBSTITUTE GOODS OR SERVICES; 
  30:u8glib_arm_v1.18.1\src/u8g_page.c ****   LOSS OF USE, DATA, OR PROFITS; OR BUSINESS INTERRUPTION) HOWEVER 
  31:u8glib_arm_v1.18.1\src/u8g_page.c ****   CAUSED AND ON ANY THEORY OF LIABILITY, WHETHER IN CONTRACT, 
ARM GAS  C:\Users\KJA\AppData\Local\Temp\ccpE9MEh.s 			page 2


  32:u8glib_arm_v1.18.1\src/u8g_page.c ****   STRICT LIABILITY, OR TORT (INCLUDING NEGLIGENCE OR OTHERWISE) 
  33:u8glib_arm_v1.18.1\src/u8g_page.c ****   ARISING IN ANY WAY OUT OF THE USE OF THIS SOFTWARE, EVEN IF 
  34:u8glib_arm_v1.18.1\src/u8g_page.c ****   ADVISED OF THE POSSIBILITY OF SUCH DAMAGE.  
  35:u8glib_arm_v1.18.1\src/u8g_page.c ****   
  36:u8glib_arm_v1.18.1\src/u8g_page.c ****   
  37:u8glib_arm_v1.18.1\src/u8g_page.c **** */
  38:u8glib_arm_v1.18.1\src/u8g_page.c **** 
  39:u8glib_arm_v1.18.1\src/u8g_page.c **** #include "u8g.h"
  40:u8glib_arm_v1.18.1\src/u8g_page.c **** 
  41:u8glib_arm_v1.18.1\src/u8g_page.c **** /*
  42:u8glib_arm_v1.18.1\src/u8g_page.c ****   setup page count structure
  43:u8glib_arm_v1.18.1\src/u8g_page.c ****   conditions: page_height <= total_height
  44:u8glib_arm_v1.18.1\src/u8g_page.c **** */
  45:u8glib_arm_v1.18.1\src/u8g_page.c **** void u8g_page_Init(u8g_page_t *p, u8g_uint_t page_height, u8g_uint_t total_height )
  46:u8glib_arm_v1.18.1\src/u8g_page.c **** {
  27              		.loc 1 46 0
  28              		.cfi_startproc
  29              		@ args = 0, pretend = 0, frame = 8
  30              		@ frame_needed = 1, uses_anonymous_args = 0
  31 0000 80B5     		push	{r7, lr}
  32              		.cfi_def_cfa_offset 8
  33              		.cfi_offset 7, -8
  34              		.cfi_offset 14, -4
  35 0002 82B0     		sub	sp, sp, #8
  36              		.cfi_def_cfa_offset 16
  37 0004 00AF     		add	r7, sp, #0
  38              		.cfi_def_cfa_register 7
  39 0006 7860     		str	r0, [r7, #4]
  40 0008 0B46     		mov	r3, r1
  41 000a FB70     		strb	r3, [r7, #3]
  42 000c 1346     		mov	r3, r2
  43 000e BB70     		strb	r3, [r7, #2]
  47:u8glib_arm_v1.18.1\src/u8g_page.c ****   p->page_height = page_height;
  44              		.loc 1 47 0
  45 0010 7B68     		ldr	r3, [r7, #4]
  46 0012 FA78     		ldrb	r2, [r7, #3]
  47 0014 1A70     		strb	r2, [r3]
  48:u8glib_arm_v1.18.1\src/u8g_page.c ****   p->total_height = total_height;
  48              		.loc 1 48 0
  49 0016 7B68     		ldr	r3, [r7, #4]
  50 0018 BA78     		ldrb	r2, [r7, #2]
  51 001a 5A70     		strb	r2, [r3, #1]
  49:u8glib_arm_v1.18.1\src/u8g_page.c ****   p->page = 0;
  52              		.loc 1 49 0
  53 001c 7B68     		ldr	r3, [r7, #4]
  54 001e 0022     		movs	r2, #0
  55 0020 1A71     		strb	r2, [r3, #4]
  50:u8glib_arm_v1.18.1\src/u8g_page.c ****   u8g_page_First(p);
  56              		.loc 1 50 0
  57 0022 7868     		ldr	r0, [r7, #4]
  58 0024 FFF7FEFF 		bl	u8g_page_First
  51:u8glib_arm_v1.18.1\src/u8g_page.c **** }
  59              		.loc 1 51 0
  60 0028 0837     		adds	r7, r7, #8
  61              		.cfi_def_cfa_offset 8
  62 002a BD46     		mov	sp, r7
  63              		.cfi_def_cfa_register 13
ARM GAS  C:\Users\KJA\AppData\Local\Temp\ccpE9MEh.s 			page 3


  64              		@ sp needed
  65 002c 80BD     		pop	{r7, pc}
  66              		.cfi_endproc
  67              	.LFE0:
  68              		.size	u8g_page_Init, .-u8g_page_Init
  69 002e 00BF     		.section	.text.u8g_page_First,"ax",%progbits
  70              		.align	2
  71              		.global	u8g_page_First
  72              		.thumb
  73              		.thumb_func
  74              		.type	u8g_page_First, %function
  75              	u8g_page_First:
  76              	.LFB1:
  52:u8glib_arm_v1.18.1\src/u8g_page.c **** 
  53:u8glib_arm_v1.18.1\src/u8g_page.c **** void u8g_page_First(u8g_page_t *p)
  54:u8glib_arm_v1.18.1\src/u8g_page.c **** {
  77              		.loc 1 54 0
  78              		.cfi_startproc
  79              		@ args = 0, pretend = 0, frame = 8
  80              		@ frame_needed = 1, uses_anonymous_args = 0
  81              		@ link register save eliminated.
  82 0000 80B4     		push	{r7}
  83              		.cfi_def_cfa_offset 4
  84              		.cfi_offset 7, -4
  85 0002 83B0     		sub	sp, sp, #12
  86              		.cfi_def_cfa_offset 16
  87 0004 00AF     		add	r7, sp, #0
  88              		.cfi_def_cfa_register 7
  89 0006 7860     		str	r0, [r7, #4]
  55:u8glib_arm_v1.18.1\src/u8g_page.c ****   p->page_y0 = 0;
  90              		.loc 1 55 0
  91 0008 7B68     		ldr	r3, [r7, #4]
  92 000a 0022     		movs	r2, #0
  93 000c 9A70     		strb	r2, [r3, #2]
  56:u8glib_arm_v1.18.1\src/u8g_page.c ****   p->page_y1 = p->page_height;
  94              		.loc 1 56 0
  95 000e 7B68     		ldr	r3, [r7, #4]
  96 0010 1A78     		ldrb	r2, [r3]	@ zero_extendqisi2
  97 0012 7B68     		ldr	r3, [r7, #4]
  98 0014 DA70     		strb	r2, [r3, #3]
  57:u8glib_arm_v1.18.1\src/u8g_page.c ****   p->page_y1--;
  99              		.loc 1 57 0
 100 0016 7B68     		ldr	r3, [r7, #4]
 101 0018 DB78     		ldrb	r3, [r3, #3]	@ zero_extendqisi2
 102 001a 013B     		subs	r3, r3, #1
 103 001c DAB2     		uxtb	r2, r3
 104 001e 7B68     		ldr	r3, [r7, #4]
 105 0020 DA70     		strb	r2, [r3, #3]
  58:u8glib_arm_v1.18.1\src/u8g_page.c ****   p->page = 0;
 106              		.loc 1 58 0
 107 0022 7B68     		ldr	r3, [r7, #4]
 108 0024 0022     		movs	r2, #0
 109 0026 1A71     		strb	r2, [r3, #4]
  59:u8glib_arm_v1.18.1\src/u8g_page.c **** }
 110              		.loc 1 59 0
 111 0028 0C37     		adds	r7, r7, #12
 112              		.cfi_def_cfa_offset 4
ARM GAS  C:\Users\KJA\AppData\Local\Temp\ccpE9MEh.s 			page 4


 113 002a BD46     		mov	sp, r7
 114              		.cfi_def_cfa_register 13
 115              		@ sp needed
 116 002c 5DF8047B 		ldr	r7, [sp], #4
 117              		.cfi_restore 7
 118              		.cfi_def_cfa_offset 0
 119 0030 7047     		bx	lr
 120              		.cfi_endproc
 121              	.LFE1:
 122              		.size	u8g_page_First, .-u8g_page_First
 123 0032 00BF     		.section	.text.u8g_page_Next,"ax",%progbits
 124              		.align	2
 125              		.global	u8g_page_Next
 126              		.thumb
 127              		.thumb_func
 128              		.type	u8g_page_Next, %function
 129              	u8g_page_Next:
 130              	.LFB2:
  60:u8glib_arm_v1.18.1\src/u8g_page.c **** 
  61:u8glib_arm_v1.18.1\src/u8g_page.c **** uint8_t u8g_page_Next(u8g_page_t * p)
  62:u8glib_arm_v1.18.1\src/u8g_page.c **** {
 131              		.loc 1 62 0
 132              		.cfi_startproc
 133              		@ args = 0, pretend = 0, frame = 8
 134              		@ frame_needed = 1, uses_anonymous_args = 0
 135              		@ link register save eliminated.
 136 0000 90B4     		push	{r4, r7}
 137              		.cfi_def_cfa_offset 8
 138              		.cfi_offset 4, -8
 139              		.cfi_offset 7, -4
 140 0002 82B0     		sub	sp, sp, #8
 141              		.cfi_def_cfa_offset 16
 142 0004 00AF     		add	r7, sp, #0
 143              		.cfi_def_cfa_register 7
 144 0006 7860     		str	r0, [r7, #4]
  63:u8glib_arm_v1.18.1\src/u8g_page.c ****   register u8g_uint_t y1;
  64:u8glib_arm_v1.18.1\src/u8g_page.c ****   p->page_y0 += p->page_height;
 145              		.loc 1 64 0
 146 0008 7B68     		ldr	r3, [r7, #4]
 147 000a 9A78     		ldrb	r2, [r3, #2]	@ zero_extendqisi2
 148 000c 7B68     		ldr	r3, [r7, #4]
 149 000e 1B78     		ldrb	r3, [r3]	@ zero_extendqisi2
 150 0010 1344     		add	r3, r3, r2
 151 0012 DAB2     		uxtb	r2, r3
 152 0014 7B68     		ldr	r3, [r7, #4]
 153 0016 9A70     		strb	r2, [r3, #2]
  65:u8glib_arm_v1.18.1\src/u8g_page.c ****   if ( p->page_y0 >= p->total_height )
 154              		.loc 1 65 0
 155 0018 7B68     		ldr	r3, [r7, #4]
 156 001a 9A78     		ldrb	r2, [r3, #2]	@ zero_extendqisi2
 157 001c 7B68     		ldr	r3, [r7, #4]
 158 001e 5B78     		ldrb	r3, [r3, #1]	@ zero_extendqisi2
 159 0020 9A42     		cmp	r2, r3
 160 0022 01D3     		bcc	.L4
  66:u8glib_arm_v1.18.1\src/u8g_page.c ****     return 0;
 161              		.loc 1 66 0
 162 0024 0023     		movs	r3, #0
ARM GAS  C:\Users\KJA\AppData\Local\Temp\ccpE9MEh.s 			page 5


 163 0026 18E0     		b	.L5
 164              	.L4:
  67:u8glib_arm_v1.18.1\src/u8g_page.c ****   p->page++;
 165              		.loc 1 67 0
 166 0028 7B68     		ldr	r3, [r7, #4]
 167 002a 1B79     		ldrb	r3, [r3, #4]	@ zero_extendqisi2
 168 002c 0133     		adds	r3, r3, #1
 169 002e DAB2     		uxtb	r2, r3
 170 0030 7B68     		ldr	r3, [r7, #4]
 171 0032 1A71     		strb	r2, [r3, #4]
  68:u8glib_arm_v1.18.1\src/u8g_page.c ****   y1 = p->page_y1;
 172              		.loc 1 68 0
 173 0034 7B68     		ldr	r3, [r7, #4]
 174 0036 DC78     		ldrb	r4, [r3, #3]	@ zero_extendqisi2
  69:u8glib_arm_v1.18.1\src/u8g_page.c ****   y1 += p->page_height;
 175              		.loc 1 69 0
 176 0038 7B68     		ldr	r3, [r7, #4]
 177 003a 1B78     		ldrb	r3, [r3]	@ zero_extendqisi2
 178 003c 2344     		add	r3, r3, r4
 179 003e DCB2     		uxtb	r4, r3
  70:u8glib_arm_v1.18.1\src/u8g_page.c ****   if ( y1 >= p->total_height )
 180              		.loc 1 70 0
 181 0040 7B68     		ldr	r3, [r7, #4]
 182 0042 5B78     		ldrb	r3, [r3, #1]	@ zero_extendqisi2
 183 0044 A342     		cmp	r3, r4
 184 0046 04D8     		bhi	.L6
  71:u8glib_arm_v1.18.1\src/u8g_page.c ****   {
  72:u8glib_arm_v1.18.1\src/u8g_page.c ****     y1 = p->total_height;
 185              		.loc 1 72 0
 186 0048 7B68     		ldr	r3, [r7, #4]
 187 004a 5C78     		ldrb	r4, [r3, #1]	@ zero_extendqisi2
  73:u8glib_arm_v1.18.1\src/u8g_page.c ****     y1--;
 188              		.loc 1 73 0
 189 004c 2346     		mov	r3, r4
 190 004e 013B     		subs	r3, r3, #1
 191 0050 DCB2     		uxtb	r4, r3
 192              	.L6:
  74:u8glib_arm_v1.18.1\src/u8g_page.c ****   }
  75:u8glib_arm_v1.18.1\src/u8g_page.c ****   p->page_y1 = y1;
 193              		.loc 1 75 0
 194 0052 7B68     		ldr	r3, [r7, #4]
 195 0054 2246     		mov	r2, r4
 196 0056 DA70     		strb	r2, [r3, #3]
  76:u8glib_arm_v1.18.1\src/u8g_page.c ****   
  77:u8glib_arm_v1.18.1\src/u8g_page.c ****   return 1;
 197              		.loc 1 77 0
 198 0058 0123     		movs	r3, #1
 199              	.L5:
  78:u8glib_arm_v1.18.1\src/u8g_page.c **** }
 200              		.loc 1 78 0
 201 005a 1846     		mov	r0, r3
 202 005c 0837     		adds	r7, r7, #8
 203              		.cfi_def_cfa_offset 8
 204 005e BD46     		mov	sp, r7
 205              		.cfi_def_cfa_register 13
 206              		@ sp needed
 207 0060 90BC     		pop	{r4, r7}
ARM GAS  C:\Users\KJA\AppData\Local\Temp\ccpE9MEh.s 			page 6


 208              		.cfi_restore 7
 209              		.cfi_restore 4
 210              		.cfi_def_cfa_offset 0
 211 0062 7047     		bx	lr
 212              		.cfi_endproc
 213              	.LFE2:
 214              		.size	u8g_page_Next, .-u8g_page_Next
 215              		.text
 216              	.Letext0:
 217              		.file 2 "c:\\program files (x86)\\cypress\\psoc creator\\4.0\\psoc creator\\import\\gnu\\arm\\4.9.
 218              		.file 3 "c:\\program files (x86)\\cypress\\psoc creator\\4.0\\psoc creator\\import\\gnu\\arm\\4.9.
 219              		.file 4 "u8glib_arm_v1.18.1\\src\\u8g.h"
 220              		.section	.debug_info,"",%progbits
 221              	.Ldebug_info0:
 222 0000 7F010000 		.4byte	0x17f
 223 0004 0400     		.2byte	0x4
 224 0006 00000000 		.4byte	.Ldebug_abbrev0
 225 000a 04       		.byte	0x4
 226 000b 01       		.uleb128 0x1
 227 000c AD000000 		.4byte	.LASF22
 228 0010 01       		.byte	0x1
 229 0011 3B010000 		.4byte	.LASF23
 230 0015 AD010000 		.4byte	.LASF24
 231 0019 00000000 		.4byte	.Ldebug_ranges0+0
 232 001d 00000000 		.4byte	0
 233 0021 00000000 		.4byte	.Ldebug_line0
 234 0025 02       		.uleb128 0x2
 235 0026 04       		.byte	0x4
 236 0027 05       		.byte	0x5
 237 0028 696E7400 		.ascii	"int\000"
 238 002c 03       		.uleb128 0x3
 239 002d 04       		.byte	0x4
 240 002e 07       		.byte	0x7
 241 002f 0E000000 		.4byte	.LASF0
 242 0033 03       		.uleb128 0x3
 243 0034 01       		.byte	0x1
 244 0035 06       		.byte	0x6
 245 0036 70010000 		.4byte	.LASF1
 246 003a 04       		.uleb128 0x4
 247 003b 76000000 		.4byte	.LASF9
 248 003f 02       		.byte	0x2
 249 0040 1D       		.byte	0x1d
 250 0041 45000000 		.4byte	0x45
 251 0045 03       		.uleb128 0x3
 252 0046 01       		.byte	0x1
 253 0047 08       		.byte	0x8
 254 0048 96000000 		.4byte	.LASF2
 255 004c 03       		.uleb128 0x3
 256 004d 02       		.byte	0x2
 257 004e 05       		.byte	0x5
 258 004f A3010000 		.4byte	.LASF3
 259 0053 03       		.uleb128 0x3
 260 0054 02       		.byte	0x2
 261 0055 07       		.byte	0x7
 262 0056 5D010000 		.4byte	.LASF4
 263 005a 03       		.uleb128 0x3
 264 005b 04       		.byte	0x4
ARM GAS  C:\Users\KJA\AppData\Local\Temp\ccpE9MEh.s 			page 7


 265 005c 05       		.byte	0x5
 266 005d A4000000 		.4byte	.LASF5
 267 0061 03       		.uleb128 0x3
 268 0062 04       		.byte	0x4
 269 0063 07       		.byte	0x7
 270 0064 4D000000 		.4byte	.LASF6
 271 0068 03       		.uleb128 0x3
 272 0069 08       		.byte	0x8
 273 006a 05       		.byte	0x5
 274 006b 00000000 		.4byte	.LASF7
 275 006f 03       		.uleb128 0x3
 276 0070 08       		.byte	0x8
 277 0071 07       		.byte	0x7
 278 0072 5F000000 		.4byte	.LASF8
 279 0076 04       		.uleb128 0x4
 280 0077 8E000000 		.4byte	.LASF10
 281 007b 03       		.byte	0x3
 282 007c 15       		.byte	0x15
 283 007d 3A000000 		.4byte	0x3a
 284 0081 04       		.uleb128 0x4
 285 0082 98010000 		.4byte	.LASF11
 286 0086 04       		.byte	0x4
 287 0087 AF       		.byte	0xaf
 288 0088 76000000 		.4byte	0x76
 289 008c 05       		.uleb128 0x5
 290 008d 7C010000 		.4byte	.LASF25
 291 0091 05       		.byte	0x5
 292 0092 04       		.byte	0x4
 293 0093 9E03     		.2byte	0x39e
 294 0095 DB000000 		.4byte	0xdb
 295 0099 06       		.uleb128 0x6
 296 009a F9010000 		.4byte	.LASF12
 297 009e 04       		.byte	0x4
 298 009f A003     		.2byte	0x3a0
 299 00a1 81000000 		.4byte	0x81
 300 00a5 00       		.byte	0
 301 00a6 06       		.uleb128 0x6
 302 00a7 23000000 		.4byte	.LASF13
 303 00ab 04       		.byte	0x4
 304 00ac A103     		.2byte	0x3a1
 305 00ae 81000000 		.4byte	0x81
 306 00b2 01       		.byte	0x1
 307 00b3 06       		.uleb128 0x6
 308 00b4 1B000000 		.4byte	.LASF14
 309 00b8 04       		.byte	0x4
 310 00b9 A203     		.2byte	0x3a2
 311 00bb 81000000 		.4byte	0x81
 312 00bf 02       		.byte	0x2
 313 00c0 06       		.uleb128 0x6
 314 00c1 E8010000 		.4byte	.LASF15
 315 00c5 04       		.byte	0x4
 316 00c6 A303     		.2byte	0x3a3
 317 00c8 81000000 		.4byte	0x81
 318 00cc 03       		.byte	0x3
 319 00cd 06       		.uleb128 0x6
 320 00ce 93010000 		.4byte	.LASF16
 321 00d2 04       		.byte	0x4
ARM GAS  C:\Users\KJA\AppData\Local\Temp\ccpE9MEh.s 			page 8


 322 00d3 A403     		.2byte	0x3a4
 323 00d5 76000000 		.4byte	0x76
 324 00d9 04       		.byte	0x4
 325 00da 00       		.byte	0
 326 00db 07       		.uleb128 0x7
 327 00dc 88010000 		.4byte	.LASF17
 328 00e0 04       		.byte	0x4
 329 00e1 A603     		.2byte	0x3a6
 330 00e3 8C000000 		.4byte	0x8c
 331 00e7 03       		.uleb128 0x3
 332 00e8 04       		.byte	0x4
 333 00e9 07       		.byte	0x7
 334 00ea F0010000 		.4byte	.LASF18
 335 00ee 08       		.uleb128 0x8
 336 00ef 80000000 		.4byte	.LASF19
 337 00f3 01       		.byte	0x1
 338 00f4 2D       		.byte	0x2d
 339 00f5 00000000 		.4byte	.LFB0
 340 00f9 2E000000 		.4byte	.LFE0-.LFB0
 341 00fd 01       		.uleb128 0x1
 342 00fe 9C       		.byte	0x9c
 343 00ff 2C010000 		.4byte	0x12c
 344 0103 09       		.uleb128 0x9
 345 0104 7000     		.ascii	"p\000"
 346 0106 01       		.byte	0x1
 347 0107 2D       		.byte	0x2d
 348 0108 2C010000 		.4byte	0x12c
 349 010c 02       		.uleb128 0x2
 350 010d 91       		.byte	0x91
 351 010e 74       		.sleb128 -12
 352 010f 0A       		.uleb128 0xa
 353 0110 F9010000 		.4byte	.LASF12
 354 0114 01       		.byte	0x1
 355 0115 2D       		.byte	0x2d
 356 0116 81000000 		.4byte	0x81
 357 011a 02       		.uleb128 0x2
 358 011b 91       		.byte	0x91
 359 011c 73       		.sleb128 -13
 360 011d 0A       		.uleb128 0xa
 361 011e 23000000 		.4byte	.LASF13
 362 0122 01       		.byte	0x1
 363 0123 2D       		.byte	0x2d
 364 0124 81000000 		.4byte	0x81
 365 0128 02       		.uleb128 0x2
 366 0129 91       		.byte	0x91
 367 012a 72       		.sleb128 -14
 368 012b 00       		.byte	0
 369 012c 0B       		.uleb128 0xb
 370 012d 04       		.byte	0x4
 371 012e DB000000 		.4byte	0xdb
 372 0132 0C       		.uleb128 0xc
 373 0133 30000000 		.4byte	.LASF20
 374 0137 01       		.byte	0x1
 375 0138 35       		.byte	0x35
 376 0139 00000000 		.4byte	.LFB1
 377 013d 32000000 		.4byte	.LFE1-.LFB1
 378 0141 01       		.uleb128 0x1
ARM GAS  C:\Users\KJA\AppData\Local\Temp\ccpE9MEh.s 			page 9


 379 0142 9C       		.byte	0x9c
 380 0143 54010000 		.4byte	0x154
 381 0147 09       		.uleb128 0x9
 382 0148 7000     		.ascii	"p\000"
 383 014a 01       		.byte	0x1
 384 014b 35       		.byte	0x35
 385 014c 2C010000 		.4byte	0x12c
 386 0150 02       		.uleb128 0x2
 387 0151 91       		.byte	0x91
 388 0152 74       		.sleb128 -12
 389 0153 00       		.byte	0
 390 0154 0D       		.uleb128 0xd
 391 0155 3F000000 		.4byte	.LASF21
 392 0159 01       		.byte	0x1
 393 015a 3D       		.byte	0x3d
 394 015b 76000000 		.4byte	0x76
 395 015f 00000000 		.4byte	.LFB2
 396 0163 64000000 		.4byte	.LFE2-.LFB2
 397 0167 01       		.uleb128 0x1
 398 0168 9C       		.byte	0x9c
 399 0169 09       		.uleb128 0x9
 400 016a 7000     		.ascii	"p\000"
 401 016c 01       		.byte	0x1
 402 016d 3D       		.byte	0x3d
 403 016e 2C010000 		.4byte	0x12c
 404 0172 02       		.uleb128 0x2
 405 0173 91       		.byte	0x91
 406 0174 74       		.sleb128 -12
 407 0175 0E       		.uleb128 0xe
 408 0176 793100   		.ascii	"y1\000"
 409 0179 01       		.byte	0x1
 410 017a 3F       		.byte	0x3f
 411 017b 81000000 		.4byte	0x81
 412 017f 01       		.uleb128 0x1
 413 0180 54       		.byte	0x54
 414 0181 00       		.byte	0
 415 0182 00       		.byte	0
 416              		.section	.debug_abbrev,"",%progbits
 417              	.Ldebug_abbrev0:
 418 0000 01       		.uleb128 0x1
 419 0001 11       		.uleb128 0x11
 420 0002 01       		.byte	0x1
 421 0003 25       		.uleb128 0x25
 422 0004 0E       		.uleb128 0xe
 423 0005 13       		.uleb128 0x13
 424 0006 0B       		.uleb128 0xb
 425 0007 03       		.uleb128 0x3
 426 0008 0E       		.uleb128 0xe
 427 0009 1B       		.uleb128 0x1b
 428 000a 0E       		.uleb128 0xe
 429 000b 55       		.uleb128 0x55
 430 000c 17       		.uleb128 0x17
 431 000d 11       		.uleb128 0x11
 432 000e 01       		.uleb128 0x1
 433 000f 10       		.uleb128 0x10
 434 0010 17       		.uleb128 0x17
 435 0011 00       		.byte	0
ARM GAS  C:\Users\KJA\AppData\Local\Temp\ccpE9MEh.s 			page 10


 436 0012 00       		.byte	0
 437 0013 02       		.uleb128 0x2
 438 0014 24       		.uleb128 0x24
 439 0015 00       		.byte	0
 440 0016 0B       		.uleb128 0xb
 441 0017 0B       		.uleb128 0xb
 442 0018 3E       		.uleb128 0x3e
 443 0019 0B       		.uleb128 0xb
 444 001a 03       		.uleb128 0x3
 445 001b 08       		.uleb128 0x8
 446 001c 00       		.byte	0
 447 001d 00       		.byte	0
 448 001e 03       		.uleb128 0x3
 449 001f 24       		.uleb128 0x24
 450 0020 00       		.byte	0
 451 0021 0B       		.uleb128 0xb
 452 0022 0B       		.uleb128 0xb
 453 0023 3E       		.uleb128 0x3e
 454 0024 0B       		.uleb128 0xb
 455 0025 03       		.uleb128 0x3
 456 0026 0E       		.uleb128 0xe
 457 0027 00       		.byte	0
 458 0028 00       		.byte	0
 459 0029 04       		.uleb128 0x4
 460 002a 16       		.uleb128 0x16
 461 002b 00       		.byte	0
 462 002c 03       		.uleb128 0x3
 463 002d 0E       		.uleb128 0xe
 464 002e 3A       		.uleb128 0x3a
 465 002f 0B       		.uleb128 0xb
 466 0030 3B       		.uleb128 0x3b
 467 0031 0B       		.uleb128 0xb
 468 0032 49       		.uleb128 0x49
 469 0033 13       		.uleb128 0x13
 470 0034 00       		.byte	0
 471 0035 00       		.byte	0
 472 0036 05       		.uleb128 0x5
 473 0037 13       		.uleb128 0x13
 474 0038 01       		.byte	0x1
 475 0039 03       		.uleb128 0x3
 476 003a 0E       		.uleb128 0xe
 477 003b 0B       		.uleb128 0xb
 478 003c 0B       		.uleb128 0xb
 479 003d 3A       		.uleb128 0x3a
 480 003e 0B       		.uleb128 0xb
 481 003f 3B       		.uleb128 0x3b
 482 0040 05       		.uleb128 0x5
 483 0041 01       		.uleb128 0x1
 484 0042 13       		.uleb128 0x13
 485 0043 00       		.byte	0
 486 0044 00       		.byte	0
 487 0045 06       		.uleb128 0x6
 488 0046 0D       		.uleb128 0xd
 489 0047 00       		.byte	0
 490 0048 03       		.uleb128 0x3
 491 0049 0E       		.uleb128 0xe
 492 004a 3A       		.uleb128 0x3a
ARM GAS  C:\Users\KJA\AppData\Local\Temp\ccpE9MEh.s 			page 11


 493 004b 0B       		.uleb128 0xb
 494 004c 3B       		.uleb128 0x3b
 495 004d 05       		.uleb128 0x5
 496 004e 49       		.uleb128 0x49
 497 004f 13       		.uleb128 0x13
 498 0050 38       		.uleb128 0x38
 499 0051 0B       		.uleb128 0xb
 500 0052 00       		.byte	0
 501 0053 00       		.byte	0
 502 0054 07       		.uleb128 0x7
 503 0055 16       		.uleb128 0x16
 504 0056 00       		.byte	0
 505 0057 03       		.uleb128 0x3
 506 0058 0E       		.uleb128 0xe
 507 0059 3A       		.uleb128 0x3a
 508 005a 0B       		.uleb128 0xb
 509 005b 3B       		.uleb128 0x3b
 510 005c 05       		.uleb128 0x5
 511 005d 49       		.uleb128 0x49
 512 005e 13       		.uleb128 0x13
 513 005f 00       		.byte	0
 514 0060 00       		.byte	0
 515 0061 08       		.uleb128 0x8
 516 0062 2E       		.uleb128 0x2e
 517 0063 01       		.byte	0x1
 518 0064 3F       		.uleb128 0x3f
 519 0065 19       		.uleb128 0x19
 520 0066 03       		.uleb128 0x3
 521 0067 0E       		.uleb128 0xe
 522 0068 3A       		.uleb128 0x3a
 523 0069 0B       		.uleb128 0xb
 524 006a 3B       		.uleb128 0x3b
 525 006b 0B       		.uleb128 0xb
 526 006c 27       		.uleb128 0x27
 527 006d 19       		.uleb128 0x19
 528 006e 11       		.uleb128 0x11
 529 006f 01       		.uleb128 0x1
 530 0070 12       		.uleb128 0x12
 531 0071 06       		.uleb128 0x6
 532 0072 40       		.uleb128 0x40
 533 0073 18       		.uleb128 0x18
 534 0074 9642     		.uleb128 0x2116
 535 0076 19       		.uleb128 0x19
 536 0077 01       		.uleb128 0x1
 537 0078 13       		.uleb128 0x13
 538 0079 00       		.byte	0
 539 007a 00       		.byte	0
 540 007b 09       		.uleb128 0x9
 541 007c 05       		.uleb128 0x5
 542 007d 00       		.byte	0
 543 007e 03       		.uleb128 0x3
 544 007f 08       		.uleb128 0x8
 545 0080 3A       		.uleb128 0x3a
 546 0081 0B       		.uleb128 0xb
 547 0082 3B       		.uleb128 0x3b
 548 0083 0B       		.uleb128 0xb
 549 0084 49       		.uleb128 0x49
ARM GAS  C:\Users\KJA\AppData\Local\Temp\ccpE9MEh.s 			page 12


 550 0085 13       		.uleb128 0x13
 551 0086 02       		.uleb128 0x2
 552 0087 18       		.uleb128 0x18
 553 0088 00       		.byte	0
 554 0089 00       		.byte	0
 555 008a 0A       		.uleb128 0xa
 556 008b 05       		.uleb128 0x5
 557 008c 00       		.byte	0
 558 008d 03       		.uleb128 0x3
 559 008e 0E       		.uleb128 0xe
 560 008f 3A       		.uleb128 0x3a
 561 0090 0B       		.uleb128 0xb
 562 0091 3B       		.uleb128 0x3b
 563 0092 0B       		.uleb128 0xb
 564 0093 49       		.uleb128 0x49
 565 0094 13       		.uleb128 0x13
 566 0095 02       		.uleb128 0x2
 567 0096 18       		.uleb128 0x18
 568 0097 00       		.byte	0
 569 0098 00       		.byte	0
 570 0099 0B       		.uleb128 0xb
 571 009a 0F       		.uleb128 0xf
 572 009b 00       		.byte	0
 573 009c 0B       		.uleb128 0xb
 574 009d 0B       		.uleb128 0xb
 575 009e 49       		.uleb128 0x49
 576 009f 13       		.uleb128 0x13
 577 00a0 00       		.byte	0
 578 00a1 00       		.byte	0
 579 00a2 0C       		.uleb128 0xc
 580 00a3 2E       		.uleb128 0x2e
 581 00a4 01       		.byte	0x1
 582 00a5 3F       		.uleb128 0x3f
 583 00a6 19       		.uleb128 0x19
 584 00a7 03       		.uleb128 0x3
 585 00a8 0E       		.uleb128 0xe
 586 00a9 3A       		.uleb128 0x3a
 587 00aa 0B       		.uleb128 0xb
 588 00ab 3B       		.uleb128 0x3b
 589 00ac 0B       		.uleb128 0xb
 590 00ad 27       		.uleb128 0x27
 591 00ae 19       		.uleb128 0x19
 592 00af 11       		.uleb128 0x11
 593 00b0 01       		.uleb128 0x1
 594 00b1 12       		.uleb128 0x12
 595 00b2 06       		.uleb128 0x6
 596 00b3 40       		.uleb128 0x40
 597 00b4 18       		.uleb128 0x18
 598 00b5 9742     		.uleb128 0x2117
 599 00b7 19       		.uleb128 0x19
 600 00b8 01       		.uleb128 0x1
 601 00b9 13       		.uleb128 0x13
 602 00ba 00       		.byte	0
 603 00bb 00       		.byte	0
 604 00bc 0D       		.uleb128 0xd
 605 00bd 2E       		.uleb128 0x2e
 606 00be 01       		.byte	0x1
ARM GAS  C:\Users\KJA\AppData\Local\Temp\ccpE9MEh.s 			page 13


 607 00bf 3F       		.uleb128 0x3f
 608 00c0 19       		.uleb128 0x19
 609 00c1 03       		.uleb128 0x3
 610 00c2 0E       		.uleb128 0xe
 611 00c3 3A       		.uleb128 0x3a
 612 00c4 0B       		.uleb128 0xb
 613 00c5 3B       		.uleb128 0x3b
 614 00c6 0B       		.uleb128 0xb
 615 00c7 27       		.uleb128 0x27
 616 00c8 19       		.uleb128 0x19
 617 00c9 49       		.uleb128 0x49
 618 00ca 13       		.uleb128 0x13
 619 00cb 11       		.uleb128 0x11
 620 00cc 01       		.uleb128 0x1
 621 00cd 12       		.uleb128 0x12
 622 00ce 06       		.uleb128 0x6
 623 00cf 40       		.uleb128 0x40
 624 00d0 18       		.uleb128 0x18
 625 00d1 9742     		.uleb128 0x2117
 626 00d3 19       		.uleb128 0x19
 627 00d4 00       		.byte	0
 628 00d5 00       		.byte	0
 629 00d6 0E       		.uleb128 0xe
 630 00d7 34       		.uleb128 0x34
 631 00d8 00       		.byte	0
 632 00d9 03       		.uleb128 0x3
 633 00da 08       		.uleb128 0x8
 634 00db 3A       		.uleb128 0x3a
 635 00dc 0B       		.uleb128 0xb
 636 00dd 3B       		.uleb128 0x3b
 637 00de 0B       		.uleb128 0xb
 638 00df 49       		.uleb128 0x49
 639 00e0 13       		.uleb128 0x13
 640 00e1 02       		.uleb128 0x2
 641 00e2 18       		.uleb128 0x18
 642 00e3 00       		.byte	0
 643 00e4 00       		.byte	0
 644 00e5 00       		.byte	0
 645              		.section	.debug_aranges,"",%progbits
 646 0000 2C000000 		.4byte	0x2c
 647 0004 0200     		.2byte	0x2
 648 0006 00000000 		.4byte	.Ldebug_info0
 649 000a 04       		.byte	0x4
 650 000b 00       		.byte	0
 651 000c 0000     		.2byte	0
 652 000e 0000     		.2byte	0
 653 0010 00000000 		.4byte	.LFB0
 654 0014 2E000000 		.4byte	.LFE0-.LFB0
 655 0018 00000000 		.4byte	.LFB1
 656 001c 32000000 		.4byte	.LFE1-.LFB1
 657 0020 00000000 		.4byte	.LFB2
 658 0024 64000000 		.4byte	.LFE2-.LFB2
 659 0028 00000000 		.4byte	0
 660 002c 00000000 		.4byte	0
 661              		.section	.debug_ranges,"",%progbits
 662              	.Ldebug_ranges0:
 663 0000 00000000 		.4byte	.LFB0
ARM GAS  C:\Users\KJA\AppData\Local\Temp\ccpE9MEh.s 			page 14


 664 0004 2E000000 		.4byte	.LFE0
 665 0008 00000000 		.4byte	.LFB1
 666 000c 32000000 		.4byte	.LFE1
 667 0010 00000000 		.4byte	.LFB2
 668 0014 64000000 		.4byte	.LFE2
 669 0018 00000000 		.4byte	0
 670 001c 00000000 		.4byte	0
 671              		.section	.debug_line,"",%progbits
 672              	.Ldebug_line0:
 673 0000 82010000 		.section	.debug_str,"MS",%progbits,1
 673      02003901 
 673      00000201 
 673      FB0E0D00 
 673      01010101 
 674              	.LASF7:
 675 0000 6C6F6E67 		.ascii	"long long int\000"
 675      206C6F6E 
 675      6720696E 
 675      7400
 676              	.LASF0:
 677 000e 756E7369 		.ascii	"unsigned int\000"
 677      676E6564 
 677      20696E74 
 677      00
 678              	.LASF14:
 679 001b 70616765 		.ascii	"page_y0\000"
 679      5F793000 
 680              	.LASF13:
 681 0023 746F7461 		.ascii	"total_height\000"
 681      6C5F6865 
 681      69676874 
 681      00
 682              	.LASF20:
 683 0030 7538675F 		.ascii	"u8g_page_First\000"
 683      70616765 
 683      5F466972 
 683      737400
 684              	.LASF21:
 685 003f 7538675F 		.ascii	"u8g_page_Next\000"
 685      70616765 
 685      5F4E6578 
 685      7400
 686              	.LASF6:
 687 004d 6C6F6E67 		.ascii	"long unsigned int\000"
 687      20756E73 
 687      69676E65 
 687      6420696E 
 687      7400
 688              	.LASF8:
 689 005f 6C6F6E67 		.ascii	"long long unsigned int\000"
 689      206C6F6E 
 689      6720756E 
 689      7369676E 
 689      65642069 
 690              	.LASF9:
 691 0076 5F5F7569 		.ascii	"__uint8_t\000"
 691      6E74385F 
ARM GAS  C:\Users\KJA\AppData\Local\Temp\ccpE9MEh.s 			page 15


 691      7400
 692              	.LASF19:
 693 0080 7538675F 		.ascii	"u8g_page_Init\000"
 693      70616765 
 693      5F496E69 
 693      7400
 694              	.LASF10:
 695 008e 75696E74 		.ascii	"uint8_t\000"
 695      385F7400 
 696              	.LASF2:
 697 0096 756E7369 		.ascii	"unsigned char\000"
 697      676E6564 
 697      20636861 
 697      7200
 698              	.LASF5:
 699 00a4 6C6F6E67 		.ascii	"long int\000"
 699      20696E74 
 699      00
 700              	.LASF22:
 701 00ad 474E5520 		.ascii	"GNU C 4.9.3 20150303 (release) [ARM/embedded-4_9-br"
 701      4320342E 
 701      392E3320 
 701      32303135 
 701      30333033 
 702 00e0 616E6368 		.ascii	"anch revision 221220] -mcpu=cortex-m3 -mthumb -g -O"
 702      20726576 
 702      6973696F 
 702      6E203232 
 702      31323230 
 703 0113 30202D66 		.ascii	"0 -ffunction-sections -ffat-lto-objects\000"
 703      66756E63 
 703      74696F6E 
 703      2D736563 
 703      74696F6E 
 704              	.LASF23:
 705 013b 7538676C 		.ascii	"u8glib_arm_v1.18.1\\src\\u8g_page.c\000"
 705      69625F61 
 705      726D5F76 
 705      312E3138 
 705      2E315C73 
 706              	.LASF4:
 707 015d 73686F72 		.ascii	"short unsigned int\000"
 707      7420756E 
 707      7369676E 
 707      65642069 
 707      6E7400
 708              	.LASF1:
 709 0170 7369676E 		.ascii	"signed char\000"
 709      65642063 
 709      68617200 
 710              	.LASF25:
 711 017c 5F753867 		.ascii	"_u8g_page_t\000"
 711      5F706167 
 711      655F7400 
 712              	.LASF17:
 713 0188 7538675F 		.ascii	"u8g_page_t\000"
 713      70616765 
ARM GAS  C:\Users\KJA\AppData\Local\Temp\ccpE9MEh.s 			page 16


 713      5F7400
 714              	.LASF16:
 715 0193 70616765 		.ascii	"page\000"
 715      00
 716              	.LASF11:
 717 0198 7538675F 		.ascii	"u8g_uint_t\000"
 717      75696E74 
 717      5F7400
 718              	.LASF3:
 719 01a3 73686F72 		.ascii	"short int\000"
 719      7420696E 
 719      7400
 720              	.LASF24:
 721 01ad 443A5C57 		.ascii	"D:\\Workspace\\PSoC_Creator\\Active_Load\\Active_Lo"
 721      6F726B73 
 721      70616365 
 721      5C50536F 
 721      435F4372 
 722 01dc 61645F76 		.ascii	"ad_v9.cydsn\000"
 722      392E6379 
 722      64736E00 
 723              	.LASF15:
 724 01e8 70616765 		.ascii	"page_y1\000"
 724      5F793100 
 725              	.LASF18:
 726 01f0 73697A65 		.ascii	"sizetype\000"
 726      74797065 
 726      00
 727              	.LASF12:
 728 01f9 70616765 		.ascii	"page_height\000"
 728      5F686569 
 728      67687400 
 729              		.ident	"GCC: (GNU Tools for ARM Embedded Processors) 4.9.3 20150303 (release) [ARM/embedded-4_9-br
