ARM GAS  C:\Users\KJA\AppData\Local\Temp\cciFiOiJ.s 			page 1


   1              		.syntax unified
   2              		.cpu cortex-m3
   3              		.fpu softvfp
   4              		.eabi_attribute 20, 1
   5              		.eabi_attribute 21, 1
   6              		.eabi_attribute 23, 3
   7              		.eabi_attribute 24, 1
   8              		.eabi_attribute 25, 1
   9              		.eabi_attribute 26, 1
  10              		.eabi_attribute 30, 6
  11              		.eabi_attribute 34, 1
  12              		.eabi_attribute 18, 4
  13              		.thumb
  14              		.file	"u8g_delay.c"
  15              		.text
  16              	.Ltext0:
  17              		.cfi_sections	.debug_frame
  18              	.Letext0:
  19              		.section	.debug_info,"",%progbits
  20              	.Ldebug_info0:
  21 0000 67000000 		.4byte	0x67
  22 0004 0400     		.2byte	0x4
  23 0006 00000000 		.4byte	.Ldebug_abbrev0
  24 000a 04       		.byte	0x4
  25 000b 01       		.uleb128 0x1
  26 000c 82000000 		.4byte	.LASF10
  27 0010 01       		.byte	0x1
  28 0011 1F000000 		.4byte	.LASF11
  29 0015 30010000 		.4byte	.LASF12
  30 0019 00000000 		.4byte	.Ldebug_line0
  31 001d 02       		.uleb128 0x2
  32 001e 04       		.byte	0x4
  33 001f 05       		.byte	0x5
  34 0020 696E7400 		.ascii	"int\000"
  35 0024 03       		.uleb128 0x3
  36 0025 04       		.byte	0x4
  37 0026 07       		.byte	0x7
  38 0027 00000000 		.4byte	.LASF0
  39 002b 03       		.uleb128 0x3
  40 002c 01       		.byte	0x1
  41 002d 06       		.byte	0x6
  42 002e 42000000 		.4byte	.LASF1
  43 0032 03       		.uleb128 0x3
  44 0033 01       		.byte	0x1
  45 0034 08       		.byte	0x8
  46 0035 10010000 		.4byte	.LASF2
  47 0039 03       		.uleb128 0x3
  48 003a 02       		.byte	0x2
  49 003b 05       		.byte	0x5
  50 003c 61000000 		.4byte	.LASF3
  51 0040 03       		.uleb128 0x3
  52 0041 02       		.byte	0x2
  53 0042 07       		.byte	0x7
  54 0043 4E000000 		.4byte	.LASF4
  55 0047 03       		.uleb128 0x3
  56 0048 04       		.byte	0x4
  57 0049 05       		.byte	0x5
ARM GAS  C:\Users\KJA\AppData\Local\Temp\cciFiOiJ.s 			page 2


  58 004a 1E010000 		.4byte	.LASF5
  59 004e 03       		.uleb128 0x3
  60 004f 04       		.byte	0x4
  61 0050 07       		.byte	0x7
  62 0051 0D000000 		.4byte	.LASF6
  63 0055 03       		.uleb128 0x3
  64 0056 08       		.byte	0x8
  65 0057 05       		.byte	0x5
  66 0058 6B010000 		.4byte	.LASF7
  67 005c 03       		.uleb128 0x3
  68 005d 08       		.byte	0x8
  69 005e 07       		.byte	0x7
  70 005f 6B000000 		.4byte	.LASF8
  71 0063 03       		.uleb128 0x3
  72 0064 04       		.byte	0x4
  73 0065 07       		.byte	0x7
  74 0066 27010000 		.4byte	.LASF9
  75 006a 00       		.byte	0
  76              		.section	.debug_abbrev,"",%progbits
  77              	.Ldebug_abbrev0:
  78 0000 01       		.uleb128 0x1
  79 0001 11       		.uleb128 0x11
  80 0002 01       		.byte	0x1
  81 0003 25       		.uleb128 0x25
  82 0004 0E       		.uleb128 0xe
  83 0005 13       		.uleb128 0x13
  84 0006 0B       		.uleb128 0xb
  85 0007 03       		.uleb128 0x3
  86 0008 0E       		.uleb128 0xe
  87 0009 1B       		.uleb128 0x1b
  88 000a 0E       		.uleb128 0xe
  89 000b 10       		.uleb128 0x10
  90 000c 17       		.uleb128 0x17
  91 000d 00       		.byte	0
  92 000e 00       		.byte	0
  93 000f 02       		.uleb128 0x2
  94 0010 24       		.uleb128 0x24
  95 0011 00       		.byte	0
  96 0012 0B       		.uleb128 0xb
  97 0013 0B       		.uleb128 0xb
  98 0014 3E       		.uleb128 0x3e
  99 0015 0B       		.uleb128 0xb
 100 0016 03       		.uleb128 0x3
 101 0017 08       		.uleb128 0x8
 102 0018 00       		.byte	0
 103 0019 00       		.byte	0
 104 001a 03       		.uleb128 0x3
 105 001b 24       		.uleb128 0x24
 106 001c 00       		.byte	0
 107 001d 0B       		.uleb128 0xb
 108 001e 0B       		.uleb128 0xb
 109 001f 3E       		.uleb128 0x3e
 110 0020 0B       		.uleb128 0xb
 111 0021 03       		.uleb128 0x3
 112 0022 0E       		.uleb128 0xe
 113 0023 00       		.byte	0
 114 0024 00       		.byte	0
ARM GAS  C:\Users\KJA\AppData\Local\Temp\cciFiOiJ.s 			page 3


 115 0025 00       		.byte	0
 116              		.section	.debug_aranges,"",%progbits
 117 0000 14000000 		.4byte	0x14
 118 0004 0200     		.2byte	0x2
 119 0006 00000000 		.4byte	.Ldebug_info0
 120 000a 04       		.byte	0x4
 121 000b 00       		.byte	0
 122 000c 0000     		.2byte	0
 123 000e 0000     		.2byte	0
 124 0010 00000000 		.4byte	0
 125 0014 00000000 		.4byte	0
 126              		.section	.debug_line,"",%progbits
 127              	.Ldebug_line0:
 128 0000 19000000 		.section	.debug_str,"MS",%progbits,1
 128      02001300 
 128      00000201 
 128      FB0E0D00 
 128      01010101 
 129              	.LASF0:
 130 0000 756E7369 		.ascii	"unsigned int\000"
 130      676E6564 
 130      20696E74 
 130      00
 131              	.LASF6:
 132 000d 6C6F6E67 		.ascii	"long unsigned int\000"
 132      20756E73 
 132      69676E65 
 132      6420696E 
 132      7400
 133              	.LASF11:
 134 001f 7538676C 		.ascii	"u8glib_arm_v1.18.1\\src\\u8g_delay.c\000"
 134      69625F61 
 134      726D5F76 
 134      312E3138 
 134      2E315C73 
 135              	.LASF1:
 136 0042 7369676E 		.ascii	"signed char\000"
 136      65642063 
 136      68617200 
 137              	.LASF4:
 138 004e 73686F72 		.ascii	"short unsigned int\000"
 138      7420756E 
 138      7369676E 
 138      65642069 
 138      6E7400
 139              	.LASF3:
 140 0061 73686F72 		.ascii	"short int\000"
 140      7420696E 
 140      7400
 141              	.LASF8:
 142 006b 6C6F6E67 		.ascii	"long long unsigned int\000"
 142      206C6F6E 
 142      6720756E 
 142      7369676E 
 142      65642069 
 143              	.LASF10:
 144 0082 474E5520 		.ascii	"GNU C 4.9.3 20150303 (release) [ARM/embedded-4_9-br"
ARM GAS  C:\Users\KJA\AppData\Local\Temp\cciFiOiJ.s 			page 4


 144      4320342E 
 144      392E3320 
 144      32303135 
 144      30333033 
 145 00b5 616E6368 		.ascii	"anch revision 221220] -mcpu=cortex-m3 -mthumb -g -O"
 145      20726576 
 145      6973696F 
 145      6E203232 
 145      31323230 
 146 00e8 30202D66 		.ascii	"0 -ffunction-sections -ffat-lto-objects\000"
 146      66756E63 
 146      74696F6E 
 146      2D736563 
 146      74696F6E 
 147              	.LASF2:
 148 0110 756E7369 		.ascii	"unsigned char\000"
 148      676E6564 
 148      20636861 
 148      7200
 149              	.LASF5:
 150 011e 6C6F6E67 		.ascii	"long int\000"
 150      20696E74 
 150      00
 151              	.LASF9:
 152 0127 73697A65 		.ascii	"sizetype\000"
 152      74797065 
 152      00
 153              	.LASF12:
 154 0130 443A5C57 		.ascii	"D:\\Workspace\\PSoC_Creator\\Active_Load\\Active_Lo"
 154      6F726B73 
 154      70616365 
 154      5C50536F 
 154      435F4372 
 155 015f 61645F76 		.ascii	"ad_v9.cydsn\000"
 155      392E6379 
 155      64736E00 
 156              	.LASF7:
 157 016b 6C6F6E67 		.ascii	"long long int\000"
 157      206C6F6E 
 157      6720696E 
 157      7400
 158              		.ident	"GCC: (GNU Tools for ARM Embedded Processors) 4.9.3 20150303 (release) [ARM/embedded-4_9-br
