ARM GAS  C:\Users\Shiguruy\AppData\Local\Temp\cciVUryA.s 			page 1


   1              		.syntax unified
   2              		.cpu cortex-m3
   3              		.fpu softvfp
   4              		.eabi_attribute 20, 1
   5              		.eabi_attribute 21, 1
   6              		.eabi_attribute 23, 3
   7              		.eabi_attribute 24, 1
   8              		.eabi_attribute 25, 1
   9              		.eabi_attribute 26, 1
  10              		.eabi_attribute 30, 6
  11              		.eabi_attribute 34, 1
  12              		.eabi_attribute 18, 4
  13              		.thumb
  14              		.file	"VDAC8_1.c"
  15              		.text
  16              	.Ltext0:
  17              		.cfi_sections	.debug_frame
  18              		.global	VDAC8_1_initVar
  19              		.bss
  20              		.type	VDAC8_1_initVar, %object
  21              		.size	VDAC8_1_initVar, 1
  22              	VDAC8_1_initVar:
  23 0000 00       		.space	1
  24              		.section	.text.VDAC8_1_Init,"ax",%progbits
  25              		.align	2
  26              		.global	VDAC8_1_Init
  27              		.thumb
  28              		.thumb_func
  29              		.type	VDAC8_1_Init, %function
  30              	VDAC8_1_Init:
  31              	.LFB0:
  32              		.file 1 ".\\Generated_Source\\PSoC5\\VDAC8_1.c"
   1:.\Generated_Source\PSoC5/VDAC8_1.c **** /*******************************************************************************
   2:.\Generated_Source\PSoC5/VDAC8_1.c **** * File Name: VDAC8_1.c  
   3:.\Generated_Source\PSoC5/VDAC8_1.c **** * Version 1.90
   4:.\Generated_Source\PSoC5/VDAC8_1.c **** *
   5:.\Generated_Source\PSoC5/VDAC8_1.c **** * Description:
   6:.\Generated_Source\PSoC5/VDAC8_1.c **** *  This file provides the source code to the API for the 8-bit Voltage DAC 
   7:.\Generated_Source\PSoC5/VDAC8_1.c **** *  (VDAC8) User Module.
   8:.\Generated_Source\PSoC5/VDAC8_1.c **** *
   9:.\Generated_Source\PSoC5/VDAC8_1.c **** * Note:
  10:.\Generated_Source\PSoC5/VDAC8_1.c **** *  Any unusual or non-standard behavior should be noted here. Other-
  11:.\Generated_Source\PSoC5/VDAC8_1.c **** *  wise, this section should remain blank.
  12:.\Generated_Source\PSoC5/VDAC8_1.c **** *
  13:.\Generated_Source\PSoC5/VDAC8_1.c **** ********************************************************************************
  14:.\Generated_Source\PSoC5/VDAC8_1.c **** * Copyright 2008-2012, Cypress Semiconductor Corporation.  All rights reserved.
  15:.\Generated_Source\PSoC5/VDAC8_1.c **** * You may use this file only in accordance with the license, terms, conditions, 
  16:.\Generated_Source\PSoC5/VDAC8_1.c **** * disclaimers, and limitations in the end user license agreement accompanying 
  17:.\Generated_Source\PSoC5/VDAC8_1.c **** * the software package with which this file was provided.
  18:.\Generated_Source\PSoC5/VDAC8_1.c **** *******************************************************************************/
  19:.\Generated_Source\PSoC5/VDAC8_1.c **** 
  20:.\Generated_Source\PSoC5/VDAC8_1.c **** #include "cytypes.h"
  21:.\Generated_Source\PSoC5/VDAC8_1.c **** #include "VDAC8_1.h"
  22:.\Generated_Source\PSoC5/VDAC8_1.c **** 
  23:.\Generated_Source\PSoC5/VDAC8_1.c **** #if (CY_PSOC5A)
  24:.\Generated_Source\PSoC5/VDAC8_1.c **** #include <CyLib.h>
  25:.\Generated_Source\PSoC5/VDAC8_1.c **** #endif /* CY_PSOC5A */
ARM GAS  C:\Users\Shiguruy\AppData\Local\Temp\cciVUryA.s 			page 2


  26:.\Generated_Source\PSoC5/VDAC8_1.c **** 
  27:.\Generated_Source\PSoC5/VDAC8_1.c **** uint8 VDAC8_1_initVar = 0u;
  28:.\Generated_Source\PSoC5/VDAC8_1.c **** 
  29:.\Generated_Source\PSoC5/VDAC8_1.c **** #if (CY_PSOC5A)
  30:.\Generated_Source\PSoC5/VDAC8_1.c ****     static uint8 VDAC8_1_restoreVal = 0u;
  31:.\Generated_Source\PSoC5/VDAC8_1.c **** #endif /* CY_PSOC5A */
  32:.\Generated_Source\PSoC5/VDAC8_1.c **** 
  33:.\Generated_Source\PSoC5/VDAC8_1.c **** #if (CY_PSOC5A)
  34:.\Generated_Source\PSoC5/VDAC8_1.c ****     static VDAC8_1_backupStruct VDAC8_1_backup;
  35:.\Generated_Source\PSoC5/VDAC8_1.c **** #endif /* CY_PSOC5A */
  36:.\Generated_Source\PSoC5/VDAC8_1.c **** 
  37:.\Generated_Source\PSoC5/VDAC8_1.c **** 
  38:.\Generated_Source\PSoC5/VDAC8_1.c **** /*******************************************************************************
  39:.\Generated_Source\PSoC5/VDAC8_1.c **** * Function Name: VDAC8_1_Init
  40:.\Generated_Source\PSoC5/VDAC8_1.c **** ********************************************************************************
  41:.\Generated_Source\PSoC5/VDAC8_1.c **** * Summary:
  42:.\Generated_Source\PSoC5/VDAC8_1.c **** *  Initialize to the schematic state.
  43:.\Generated_Source\PSoC5/VDAC8_1.c **** * 
  44:.\Generated_Source\PSoC5/VDAC8_1.c **** * Parameters:
  45:.\Generated_Source\PSoC5/VDAC8_1.c **** *  void:
  46:.\Generated_Source\PSoC5/VDAC8_1.c **** *
  47:.\Generated_Source\PSoC5/VDAC8_1.c **** * Return:
  48:.\Generated_Source\PSoC5/VDAC8_1.c **** *  void
  49:.\Generated_Source\PSoC5/VDAC8_1.c **** *
  50:.\Generated_Source\PSoC5/VDAC8_1.c **** * Theory:
  51:.\Generated_Source\PSoC5/VDAC8_1.c **** *
  52:.\Generated_Source\PSoC5/VDAC8_1.c **** * Side Effects:
  53:.\Generated_Source\PSoC5/VDAC8_1.c **** *
  54:.\Generated_Source\PSoC5/VDAC8_1.c **** *******************************************************************************/
  55:.\Generated_Source\PSoC5/VDAC8_1.c **** void VDAC8_1_Init(void) 
  56:.\Generated_Source\PSoC5/VDAC8_1.c **** {
  33              		.loc 1 56 0
  34              		.cfi_startproc
  35              		@ args = 0, pretend = 0, frame = 0
  36              		@ frame_needed = 1, uses_anonymous_args = 0
  37 0000 80B5     		push	{r7, lr}
  38              		.cfi_def_cfa_offset 8
  39              		.cfi_offset 7, -8
  40              		.cfi_offset 14, -4
  41 0002 00AF     		add	r7, sp, #0
  42              		.cfi_def_cfa_register 7
  57:.\Generated_Source\PSoC5/VDAC8_1.c ****     VDAC8_1_CR0 = (VDAC8_1_MODE_V );
  43              		.loc 1 57 0
  44 0004 064B     		ldr	r3, .L2
  45 0006 0022     		movs	r2, #0
  46 0008 1A70     		strb	r2, [r3]
  58:.\Generated_Source\PSoC5/VDAC8_1.c **** 
  59:.\Generated_Source\PSoC5/VDAC8_1.c ****     /* Set default data source */
  60:.\Generated_Source\PSoC5/VDAC8_1.c ****     #if(VDAC8_1_DEFAULT_DATA_SRC != 0 )
  61:.\Generated_Source\PSoC5/VDAC8_1.c ****         VDAC8_1_CR1 = (VDAC8_1_DEFAULT_CNTL | VDAC8_1_DACBUS_ENABLE) ;
  62:.\Generated_Source\PSoC5/VDAC8_1.c ****     #else
  63:.\Generated_Source\PSoC5/VDAC8_1.c ****         VDAC8_1_CR1 = (VDAC8_1_DEFAULT_CNTL | VDAC8_1_DACBUS_DISABLE) ;
  47              		.loc 1 63 0
  48 000a 064B     		ldr	r3, .L2+4
  49 000c 0022     		movs	r2, #0
  50 000e 1A70     		strb	r2, [r3]
  64:.\Generated_Source\PSoC5/VDAC8_1.c ****     #endif /* (VDAC8_1_DEFAULT_DATA_SRC != 0 ) */
ARM GAS  C:\Users\Shiguruy\AppData\Local\Temp\cciVUryA.s 			page 3


  65:.\Generated_Source\PSoC5/VDAC8_1.c **** 
  66:.\Generated_Source\PSoC5/VDAC8_1.c ****     /* Set default strobe mode */
  67:.\Generated_Source\PSoC5/VDAC8_1.c ****     #if(VDAC8_1_DEFAULT_STRB != 0)
  68:.\Generated_Source\PSoC5/VDAC8_1.c ****         VDAC8_1_Strobe |= VDAC8_1_STRB_EN ;
  69:.\Generated_Source\PSoC5/VDAC8_1.c ****     #endif/* (VDAC8_1_DEFAULT_STRB != 0) */
  70:.\Generated_Source\PSoC5/VDAC8_1.c **** 
  71:.\Generated_Source\PSoC5/VDAC8_1.c ****     /* Set default range */
  72:.\Generated_Source\PSoC5/VDAC8_1.c ****     VDAC8_1_SetRange(VDAC8_1_DEFAULT_RANGE); 
  51              		.loc 1 72 0
  52 0010 0420     		movs	r0, #4
  53 0012 FFF7FEFF 		bl	VDAC8_1_SetRange
  73:.\Generated_Source\PSoC5/VDAC8_1.c **** 
  74:.\Generated_Source\PSoC5/VDAC8_1.c ****     /* Set default speed */
  75:.\Generated_Source\PSoC5/VDAC8_1.c ****     VDAC8_1_SetSpeed(VDAC8_1_DEFAULT_SPEED);
  54              		.loc 1 75 0
  55 0016 0220     		movs	r0, #2
  56 0018 FFF7FEFF 		bl	VDAC8_1_SetSpeed
  76:.\Generated_Source\PSoC5/VDAC8_1.c **** }
  57              		.loc 1 76 0
  58 001c 80BD     		pop	{r7, pc}
  59              	.L3:
  60 001e 00BF     		.align	2
  61              	.L2:
  62 0020 20580040 		.word	1073764384
  63 0024 21580040 		.word	1073764385
  64              		.cfi_endproc
  65              	.LFE0:
  66              		.size	VDAC8_1_Init, .-VDAC8_1_Init
  67              		.section	.text.VDAC8_1_Enable,"ax",%progbits
  68              		.align	2
  69              		.global	VDAC8_1_Enable
  70              		.thumb
  71              		.thumb_func
  72              		.type	VDAC8_1_Enable, %function
  73              	VDAC8_1_Enable:
  74              	.LFB1:
  77:.\Generated_Source\PSoC5/VDAC8_1.c **** 
  78:.\Generated_Source\PSoC5/VDAC8_1.c **** 
  79:.\Generated_Source\PSoC5/VDAC8_1.c **** /*******************************************************************************
  80:.\Generated_Source\PSoC5/VDAC8_1.c **** * Function Name: VDAC8_1_Enable
  81:.\Generated_Source\PSoC5/VDAC8_1.c **** ********************************************************************************
  82:.\Generated_Source\PSoC5/VDAC8_1.c **** * Summary:
  83:.\Generated_Source\PSoC5/VDAC8_1.c **** *  Enable the VDAC8
  84:.\Generated_Source\PSoC5/VDAC8_1.c **** * 
  85:.\Generated_Source\PSoC5/VDAC8_1.c **** * Parameters:
  86:.\Generated_Source\PSoC5/VDAC8_1.c **** *  void
  87:.\Generated_Source\PSoC5/VDAC8_1.c **** *
  88:.\Generated_Source\PSoC5/VDAC8_1.c **** * Return:
  89:.\Generated_Source\PSoC5/VDAC8_1.c **** *  void
  90:.\Generated_Source\PSoC5/VDAC8_1.c **** *
  91:.\Generated_Source\PSoC5/VDAC8_1.c **** * Theory:
  92:.\Generated_Source\PSoC5/VDAC8_1.c **** *
  93:.\Generated_Source\PSoC5/VDAC8_1.c **** * Side Effects:
  94:.\Generated_Source\PSoC5/VDAC8_1.c **** *
  95:.\Generated_Source\PSoC5/VDAC8_1.c **** *******************************************************************************/
  96:.\Generated_Source\PSoC5/VDAC8_1.c **** void VDAC8_1_Enable(void) 
  97:.\Generated_Source\PSoC5/VDAC8_1.c **** {
ARM GAS  C:\Users\Shiguruy\AppData\Local\Temp\cciVUryA.s 			page 4


  75              		.loc 1 97 0
  76              		.cfi_startproc
  77              		@ args = 0, pretend = 0, frame = 0
  78              		@ frame_needed = 1, uses_anonymous_args = 0
  79              		@ link register save eliminated.
  80 0000 80B4     		push	{r7}
  81              		.cfi_def_cfa_offset 4
  82              		.cfi_offset 7, -4
  83 0002 00AF     		add	r7, sp, #0
  84              		.cfi_def_cfa_register 7
  98:.\Generated_Source\PSoC5/VDAC8_1.c ****     VDAC8_1_PWRMGR |= VDAC8_1_ACT_PWR_EN;
  85              		.loc 1 98 0
  86 0004 094A     		ldr	r2, .L5
  87 0006 094B     		ldr	r3, .L5
  88 0008 1B78     		ldrb	r3, [r3]
  89 000a DBB2     		uxtb	r3, r3
  90 000c 43F00103 		orr	r3, r3, #1
  91 0010 DBB2     		uxtb	r3, r3
  92 0012 1370     		strb	r3, [r2]
  99:.\Generated_Source\PSoC5/VDAC8_1.c ****     VDAC8_1_STBY_PWRMGR |= VDAC8_1_STBY_PWR_EN;
  93              		.loc 1 99 0
  94 0014 064A     		ldr	r2, .L5+4
  95 0016 064B     		ldr	r3, .L5+4
  96 0018 1B78     		ldrb	r3, [r3]
  97 001a DBB2     		uxtb	r3, r3
  98 001c 43F00103 		orr	r3, r3, #1
  99 0020 DBB2     		uxtb	r3, r3
 100 0022 1370     		strb	r3, [r2]
 100:.\Generated_Source\PSoC5/VDAC8_1.c **** 
 101:.\Generated_Source\PSoC5/VDAC8_1.c ****     /*This is to restore the value of register CR0 ,
 102:.\Generated_Source\PSoC5/VDAC8_1.c ****     which is modified  in Stop API , this prevents misbehaviour of VDAC */
 103:.\Generated_Source\PSoC5/VDAC8_1.c ****     #if (CY_PSOC5A)
 104:.\Generated_Source\PSoC5/VDAC8_1.c ****         if(VDAC8_1_restoreVal == 1u) 
 105:.\Generated_Source\PSoC5/VDAC8_1.c ****         {
 106:.\Generated_Source\PSoC5/VDAC8_1.c ****              VDAC8_1_CR0 = VDAC8_1_backup.data_value;
 107:.\Generated_Source\PSoC5/VDAC8_1.c ****              VDAC8_1_restoreVal = 0u;
 108:.\Generated_Source\PSoC5/VDAC8_1.c ****         }
 109:.\Generated_Source\PSoC5/VDAC8_1.c ****     #endif /* CY_PSOC5A */
 110:.\Generated_Source\PSoC5/VDAC8_1.c **** }
 101              		.loc 1 110 0
 102 0024 BD46     		mov	sp, r7
 103              		.cfi_def_cfa_register 13
 104              		@ sp needed
 105 0026 5DF8047B 		ldr	r7, [sp], #4
 106              		.cfi_restore 7
 107              		.cfi_def_cfa_offset 0
 108 002a 7047     		bx	lr
 109              	.L6:
 110              		.align	2
 111              	.L5:
 112 002c A8430040 		.word	1073759144
 113 0030 B8430040 		.word	1073759160
 114              		.cfi_endproc
 115              	.LFE1:
 116              		.size	VDAC8_1_Enable, .-VDAC8_1_Enable
 117              		.section	.text.VDAC8_1_Start,"ax",%progbits
 118              		.align	2
ARM GAS  C:\Users\Shiguruy\AppData\Local\Temp\cciVUryA.s 			page 5


 119              		.global	VDAC8_1_Start
 120              		.thumb
 121              		.thumb_func
 122              		.type	VDAC8_1_Start, %function
 123              	VDAC8_1_Start:
 124              	.LFB2:
 111:.\Generated_Source\PSoC5/VDAC8_1.c **** 
 112:.\Generated_Source\PSoC5/VDAC8_1.c **** 
 113:.\Generated_Source\PSoC5/VDAC8_1.c **** /*******************************************************************************
 114:.\Generated_Source\PSoC5/VDAC8_1.c **** * Function Name: VDAC8_1_Start
 115:.\Generated_Source\PSoC5/VDAC8_1.c **** ********************************************************************************
 116:.\Generated_Source\PSoC5/VDAC8_1.c **** *
 117:.\Generated_Source\PSoC5/VDAC8_1.c **** * Summary:
 118:.\Generated_Source\PSoC5/VDAC8_1.c **** *  The start function initializes the voltage DAC with the default values, 
 119:.\Generated_Source\PSoC5/VDAC8_1.c **** *  and sets the power to the given level.  A power level of 0, is the same as
 120:.\Generated_Source\PSoC5/VDAC8_1.c **** *  executing the stop function.
 121:.\Generated_Source\PSoC5/VDAC8_1.c **** *
 122:.\Generated_Source\PSoC5/VDAC8_1.c **** * Parameters:
 123:.\Generated_Source\PSoC5/VDAC8_1.c **** *  Power: Sets power level between off (0) and (3) high power
 124:.\Generated_Source\PSoC5/VDAC8_1.c **** *
 125:.\Generated_Source\PSoC5/VDAC8_1.c **** * Return:
 126:.\Generated_Source\PSoC5/VDAC8_1.c **** *  void 
 127:.\Generated_Source\PSoC5/VDAC8_1.c **** *
 128:.\Generated_Source\PSoC5/VDAC8_1.c **** * Global variables:
 129:.\Generated_Source\PSoC5/VDAC8_1.c **** *  VDAC8_1_initVar: Is modified when this function is called for the 
 130:.\Generated_Source\PSoC5/VDAC8_1.c **** *  first time. Is used to ensure that initialization happens only once.
 131:.\Generated_Source\PSoC5/VDAC8_1.c **** *
 132:.\Generated_Source\PSoC5/VDAC8_1.c **** *******************************************************************************/
 133:.\Generated_Source\PSoC5/VDAC8_1.c **** void VDAC8_1_Start(void)  
 134:.\Generated_Source\PSoC5/VDAC8_1.c **** {
 125              		.loc 1 134 0
 126              		.cfi_startproc
 127              		@ args = 0, pretend = 0, frame = 0
 128              		@ frame_needed = 1, uses_anonymous_args = 0
 129 0000 80B5     		push	{r7, lr}
 130              		.cfi_def_cfa_offset 8
 131              		.cfi_offset 7, -8
 132              		.cfi_offset 14, -4
 133 0002 00AF     		add	r7, sp, #0
 134              		.cfi_def_cfa_register 7
 135:.\Generated_Source\PSoC5/VDAC8_1.c ****     /* Hardware initiazation only needs to occure the first time */
 136:.\Generated_Source\PSoC5/VDAC8_1.c ****     if(VDAC8_1_initVar == 0u)
 135              		.loc 1 136 0
 136 0004 074B     		ldr	r3, .L9
 137 0006 1B78     		ldrb	r3, [r3]	@ zero_extendqisi2
 138 0008 002B     		cmp	r3, #0
 139 000a 04D1     		bne	.L8
 137:.\Generated_Source\PSoC5/VDAC8_1.c ****     { 
 138:.\Generated_Source\PSoC5/VDAC8_1.c ****         VDAC8_1_Init();
 140              		.loc 1 138 0
 141 000c FFF7FEFF 		bl	VDAC8_1_Init
 139:.\Generated_Source\PSoC5/VDAC8_1.c ****         VDAC8_1_initVar = 1u;
 142              		.loc 1 139 0
 143 0010 044B     		ldr	r3, .L9
 144 0012 0122     		movs	r2, #1
 145 0014 1A70     		strb	r2, [r3]
 146              	.L8:
ARM GAS  C:\Users\Shiguruy\AppData\Local\Temp\cciVUryA.s 			page 6


 140:.\Generated_Source\PSoC5/VDAC8_1.c ****     }
 141:.\Generated_Source\PSoC5/VDAC8_1.c **** 
 142:.\Generated_Source\PSoC5/VDAC8_1.c ****     /* Enable power to DAC */
 143:.\Generated_Source\PSoC5/VDAC8_1.c ****     VDAC8_1_Enable();
 147              		.loc 1 143 0
 148 0016 FFF7FEFF 		bl	VDAC8_1_Enable
 144:.\Generated_Source\PSoC5/VDAC8_1.c **** 
 145:.\Generated_Source\PSoC5/VDAC8_1.c ****     /* Set default value */
 146:.\Generated_Source\PSoC5/VDAC8_1.c ****     VDAC8_1_SetValue(VDAC8_1_DEFAULT_DATA); 
 149              		.loc 1 146 0
 150 001a 3E20     		movs	r0, #62
 151 001c FFF7FEFF 		bl	VDAC8_1_SetValue
 147:.\Generated_Source\PSoC5/VDAC8_1.c **** }
 152              		.loc 1 147 0
 153 0020 80BD     		pop	{r7, pc}
 154              	.L10:
 155 0022 00BF     		.align	2
 156              	.L9:
 157 0024 00000000 		.word	VDAC8_1_initVar
 158              		.cfi_endproc
 159              	.LFE2:
 160              		.size	VDAC8_1_Start, .-VDAC8_1_Start
 161              		.section	.text.VDAC8_1_Stop,"ax",%progbits
 162              		.align	2
 163              		.global	VDAC8_1_Stop
 164              		.thumb
 165              		.thumb_func
 166              		.type	VDAC8_1_Stop, %function
 167              	VDAC8_1_Stop:
 168              	.LFB3:
 148:.\Generated_Source\PSoC5/VDAC8_1.c **** 
 149:.\Generated_Source\PSoC5/VDAC8_1.c **** 
 150:.\Generated_Source\PSoC5/VDAC8_1.c **** /*******************************************************************************
 151:.\Generated_Source\PSoC5/VDAC8_1.c **** * Function Name: VDAC8_1_Stop
 152:.\Generated_Source\PSoC5/VDAC8_1.c **** ********************************************************************************
 153:.\Generated_Source\PSoC5/VDAC8_1.c **** *
 154:.\Generated_Source\PSoC5/VDAC8_1.c **** * Summary:
 155:.\Generated_Source\PSoC5/VDAC8_1.c **** *  Powers down DAC to lowest power state.
 156:.\Generated_Source\PSoC5/VDAC8_1.c **** *
 157:.\Generated_Source\PSoC5/VDAC8_1.c **** * Parameters:
 158:.\Generated_Source\PSoC5/VDAC8_1.c **** *  void
 159:.\Generated_Source\PSoC5/VDAC8_1.c **** *
 160:.\Generated_Source\PSoC5/VDAC8_1.c **** * Return:
 161:.\Generated_Source\PSoC5/VDAC8_1.c **** *  void
 162:.\Generated_Source\PSoC5/VDAC8_1.c **** *
 163:.\Generated_Source\PSoC5/VDAC8_1.c **** * Theory:
 164:.\Generated_Source\PSoC5/VDAC8_1.c **** *
 165:.\Generated_Source\PSoC5/VDAC8_1.c **** * Side Effects:
 166:.\Generated_Source\PSoC5/VDAC8_1.c **** *
 167:.\Generated_Source\PSoC5/VDAC8_1.c **** *******************************************************************************/
 168:.\Generated_Source\PSoC5/VDAC8_1.c **** void VDAC8_1_Stop(void) 
 169:.\Generated_Source\PSoC5/VDAC8_1.c **** {
 169              		.loc 1 169 0
 170              		.cfi_startproc
 171              		@ args = 0, pretend = 0, frame = 0
 172              		@ frame_needed = 1, uses_anonymous_args = 0
 173              		@ link register save eliminated.
ARM GAS  C:\Users\Shiguruy\AppData\Local\Temp\cciVUryA.s 			page 7


 174 0000 80B4     		push	{r7}
 175              		.cfi_def_cfa_offset 4
 176              		.cfi_offset 7, -4
 177 0002 00AF     		add	r7, sp, #0
 178              		.cfi_def_cfa_register 7
 170:.\Generated_Source\PSoC5/VDAC8_1.c ****     /* Disble power to DAC */
 171:.\Generated_Source\PSoC5/VDAC8_1.c ****     VDAC8_1_PWRMGR &= (uint8)(~VDAC8_1_ACT_PWR_EN);
 179              		.loc 1 171 0
 180 0004 094A     		ldr	r2, .L12
 181 0006 094B     		ldr	r3, .L12
 182 0008 1B78     		ldrb	r3, [r3]
 183 000a DBB2     		uxtb	r3, r3
 184 000c 23F00103 		bic	r3, r3, #1
 185 0010 DBB2     		uxtb	r3, r3
 186 0012 1370     		strb	r3, [r2]
 172:.\Generated_Source\PSoC5/VDAC8_1.c ****     VDAC8_1_STBY_PWRMGR &= (uint8)(~VDAC8_1_STBY_PWR_EN);
 187              		.loc 1 172 0
 188 0014 064A     		ldr	r2, .L12+4
 189 0016 064B     		ldr	r3, .L12+4
 190 0018 1B78     		ldrb	r3, [r3]
 191 001a DBB2     		uxtb	r3, r3
 192 001c 23F00103 		bic	r3, r3, #1
 193 0020 DBB2     		uxtb	r3, r3
 194 0022 1370     		strb	r3, [r2]
 173:.\Generated_Source\PSoC5/VDAC8_1.c **** 
 174:.\Generated_Source\PSoC5/VDAC8_1.c ****     /* This is a work around for PSoC5A  ,
 175:.\Generated_Source\PSoC5/VDAC8_1.c ****     this sets VDAC to current mode with output off */
 176:.\Generated_Source\PSoC5/VDAC8_1.c ****     #if (CY_PSOC5A)
 177:.\Generated_Source\PSoC5/VDAC8_1.c ****         VDAC8_1_backup.data_value = VDAC8_1_CR0;
 178:.\Generated_Source\PSoC5/VDAC8_1.c ****         VDAC8_1_CR0 = VDAC8_1_CUR_MODE_OUT_OFF;
 179:.\Generated_Source\PSoC5/VDAC8_1.c ****         VDAC8_1_restoreVal = 1u;
 180:.\Generated_Source\PSoC5/VDAC8_1.c ****     #endif /* CY_PSOC5A */
 181:.\Generated_Source\PSoC5/VDAC8_1.c **** }
 195              		.loc 1 181 0
 196 0024 BD46     		mov	sp, r7
 197              		.cfi_def_cfa_register 13
 198              		@ sp needed
 199 0026 5DF8047B 		ldr	r7, [sp], #4
 200              		.cfi_restore 7
 201              		.cfi_def_cfa_offset 0
 202 002a 7047     		bx	lr
 203              	.L13:
 204              		.align	2
 205              	.L12:
 206 002c A8430040 		.word	1073759144
 207 0030 B8430040 		.word	1073759160
 208              		.cfi_endproc
 209              	.LFE3:
 210              		.size	VDAC8_1_Stop, .-VDAC8_1_Stop
 211              		.section	.text.VDAC8_1_SetSpeed,"ax",%progbits
 212              		.align	2
 213              		.global	VDAC8_1_SetSpeed
 214              		.thumb
 215              		.thumb_func
 216              		.type	VDAC8_1_SetSpeed, %function
 217              	VDAC8_1_SetSpeed:
 218              	.LFB4:
ARM GAS  C:\Users\Shiguruy\AppData\Local\Temp\cciVUryA.s 			page 8


 182:.\Generated_Source\PSoC5/VDAC8_1.c **** 
 183:.\Generated_Source\PSoC5/VDAC8_1.c **** 
 184:.\Generated_Source\PSoC5/VDAC8_1.c **** /*******************************************************************************
 185:.\Generated_Source\PSoC5/VDAC8_1.c **** * Function Name: VDAC8_1_SetSpeed
 186:.\Generated_Source\PSoC5/VDAC8_1.c **** ********************************************************************************
 187:.\Generated_Source\PSoC5/VDAC8_1.c **** *
 188:.\Generated_Source\PSoC5/VDAC8_1.c **** * Summary:
 189:.\Generated_Source\PSoC5/VDAC8_1.c **** *  Set DAC speed
 190:.\Generated_Source\PSoC5/VDAC8_1.c **** *
 191:.\Generated_Source\PSoC5/VDAC8_1.c **** * Parameters:
 192:.\Generated_Source\PSoC5/VDAC8_1.c **** *  power: Sets speed value
 193:.\Generated_Source\PSoC5/VDAC8_1.c **** *
 194:.\Generated_Source\PSoC5/VDAC8_1.c **** * Return:
 195:.\Generated_Source\PSoC5/VDAC8_1.c **** *  void
 196:.\Generated_Source\PSoC5/VDAC8_1.c **** *
 197:.\Generated_Source\PSoC5/VDAC8_1.c **** * Theory:
 198:.\Generated_Source\PSoC5/VDAC8_1.c **** *
 199:.\Generated_Source\PSoC5/VDAC8_1.c **** * Side Effects:
 200:.\Generated_Source\PSoC5/VDAC8_1.c **** *
 201:.\Generated_Source\PSoC5/VDAC8_1.c **** *******************************************************************************/
 202:.\Generated_Source\PSoC5/VDAC8_1.c **** void VDAC8_1_SetSpeed(uint8 speed) 
 203:.\Generated_Source\PSoC5/VDAC8_1.c **** {
 219              		.loc 1 203 0
 220              		.cfi_startproc
 221              		@ args = 0, pretend = 0, frame = 8
 222              		@ frame_needed = 1, uses_anonymous_args = 0
 223              		@ link register save eliminated.
 224 0000 80B4     		push	{r7}
 225              		.cfi_def_cfa_offset 4
 226              		.cfi_offset 7, -4
 227 0002 83B0     		sub	sp, sp, #12
 228              		.cfi_def_cfa_offset 16
 229 0004 00AF     		add	r7, sp, #0
 230              		.cfi_def_cfa_register 7
 231 0006 0346     		mov	r3, r0
 232 0008 FB71     		strb	r3, [r7, #7]
 204:.\Generated_Source\PSoC5/VDAC8_1.c ****     /* Clear power mask then write in new value */
 205:.\Generated_Source\PSoC5/VDAC8_1.c ****     VDAC8_1_CR0 &= (uint8)(~VDAC8_1_HS_MASK);
 233              		.loc 1 205 0
 234 000a 0C4A     		ldr	r2, .L15
 235 000c 0B4B     		ldr	r3, .L15
 236 000e 1B78     		ldrb	r3, [r3]
 237 0010 DBB2     		uxtb	r3, r3
 238 0012 23F00203 		bic	r3, r3, #2
 239 0016 DBB2     		uxtb	r3, r3
 240 0018 1370     		strb	r3, [r2]
 206:.\Generated_Source\PSoC5/VDAC8_1.c ****     VDAC8_1_CR0 |=  (speed & VDAC8_1_HS_MASK);
 241              		.loc 1 206 0
 242 001a 0849     		ldr	r1, .L15
 243 001c 074B     		ldr	r3, .L15
 244 001e 1B78     		ldrb	r3, [r3]
 245 0020 DAB2     		uxtb	r2, r3
 246 0022 FB79     		ldrb	r3, [r7, #7]
 247 0024 03F00203 		and	r3, r3, #2
 248 0028 DBB2     		uxtb	r3, r3
 249 002a 1343     		orrs	r3, r3, r2
 250 002c DBB2     		uxtb	r3, r3
ARM GAS  C:\Users\Shiguruy\AppData\Local\Temp\cciVUryA.s 			page 9


 251 002e 0B70     		strb	r3, [r1]
 207:.\Generated_Source\PSoC5/VDAC8_1.c **** }
 252              		.loc 1 207 0
 253 0030 0C37     		adds	r7, r7, #12
 254              		.cfi_def_cfa_offset 4
 255 0032 BD46     		mov	sp, r7
 256              		.cfi_def_cfa_register 13
 257              		@ sp needed
 258 0034 5DF8047B 		ldr	r7, [sp], #4
 259              		.cfi_restore 7
 260              		.cfi_def_cfa_offset 0
 261 0038 7047     		bx	lr
 262              	.L16:
 263 003a 00BF     		.align	2
 264              	.L15:
 265 003c 20580040 		.word	1073764384
 266              		.cfi_endproc
 267              	.LFE4:
 268              		.size	VDAC8_1_SetSpeed, .-VDAC8_1_SetSpeed
 269              		.section	.text.VDAC8_1_SetRange,"ax",%progbits
 270              		.align	2
 271              		.global	VDAC8_1_SetRange
 272              		.thumb
 273              		.thumb_func
 274              		.type	VDAC8_1_SetRange, %function
 275              	VDAC8_1_SetRange:
 276              	.LFB5:
 208:.\Generated_Source\PSoC5/VDAC8_1.c **** 
 209:.\Generated_Source\PSoC5/VDAC8_1.c **** 
 210:.\Generated_Source\PSoC5/VDAC8_1.c **** /*******************************************************************************
 211:.\Generated_Source\PSoC5/VDAC8_1.c **** * Function Name: VDAC8_1_SetRange
 212:.\Generated_Source\PSoC5/VDAC8_1.c **** ********************************************************************************
 213:.\Generated_Source\PSoC5/VDAC8_1.c **** *
 214:.\Generated_Source\PSoC5/VDAC8_1.c **** * Summary:
 215:.\Generated_Source\PSoC5/VDAC8_1.c **** *  Set one of three current ranges.
 216:.\Generated_Source\PSoC5/VDAC8_1.c **** *
 217:.\Generated_Source\PSoC5/VDAC8_1.c **** * Parameters:
 218:.\Generated_Source\PSoC5/VDAC8_1.c **** *  Range: Sets one of Three valid ranges.
 219:.\Generated_Source\PSoC5/VDAC8_1.c **** *
 220:.\Generated_Source\PSoC5/VDAC8_1.c **** * Return:
 221:.\Generated_Source\PSoC5/VDAC8_1.c **** *  void 
 222:.\Generated_Source\PSoC5/VDAC8_1.c **** *
 223:.\Generated_Source\PSoC5/VDAC8_1.c **** * Theory:
 224:.\Generated_Source\PSoC5/VDAC8_1.c **** *
 225:.\Generated_Source\PSoC5/VDAC8_1.c **** * Side Effects:
 226:.\Generated_Source\PSoC5/VDAC8_1.c **** *
 227:.\Generated_Source\PSoC5/VDAC8_1.c **** *******************************************************************************/
 228:.\Generated_Source\PSoC5/VDAC8_1.c **** void VDAC8_1_SetRange(uint8 range) 
 229:.\Generated_Source\PSoC5/VDAC8_1.c **** {
 277              		.loc 1 229 0
 278              		.cfi_startproc
 279              		@ args = 0, pretend = 0, frame = 8
 280              		@ frame_needed = 1, uses_anonymous_args = 0
 281 0000 80B5     		push	{r7, lr}
 282              		.cfi_def_cfa_offset 8
 283              		.cfi_offset 7, -8
 284              		.cfi_offset 14, -4
ARM GAS  C:\Users\Shiguruy\AppData\Local\Temp\cciVUryA.s 			page 10


 285 0002 82B0     		sub	sp, sp, #8
 286              		.cfi_def_cfa_offset 16
 287 0004 00AF     		add	r7, sp, #0
 288              		.cfi_def_cfa_register 7
 289 0006 0346     		mov	r3, r0
 290 0008 FB71     		strb	r3, [r7, #7]
 230:.\Generated_Source\PSoC5/VDAC8_1.c ****     VDAC8_1_CR0 &= (uint8)(~VDAC8_1_RANGE_MASK);      /* Clear existing mode */
 291              		.loc 1 230 0
 292 000a 0C4A     		ldr	r2, .L18
 293 000c 0B4B     		ldr	r3, .L18
 294 000e 1B78     		ldrb	r3, [r3]
 295 0010 DBB2     		uxtb	r3, r3
 296 0012 23F00C03 		bic	r3, r3, #12
 297 0016 DBB2     		uxtb	r3, r3
 298 0018 1370     		strb	r3, [r2]
 231:.\Generated_Source\PSoC5/VDAC8_1.c ****     VDAC8_1_CR0 |= (range & VDAC8_1_RANGE_MASK);      /*  Set Range  */
 299              		.loc 1 231 0
 300 001a 0849     		ldr	r1, .L18
 301 001c 074B     		ldr	r3, .L18
 302 001e 1B78     		ldrb	r3, [r3]
 303 0020 DAB2     		uxtb	r2, r3
 304 0022 FB79     		ldrb	r3, [r7, #7]
 305 0024 03F00C03 		and	r3, r3, #12
 306 0028 DBB2     		uxtb	r3, r3
 307 002a 1343     		orrs	r3, r3, r2
 308 002c DBB2     		uxtb	r3, r3
 309 002e 0B70     		strb	r3, [r1]
 232:.\Generated_Source\PSoC5/VDAC8_1.c ****     VDAC8_1_DacTrim();
 310              		.loc 1 232 0
 311 0030 FFF7FEFF 		bl	VDAC8_1_DacTrim
 233:.\Generated_Source\PSoC5/VDAC8_1.c **** }
 312              		.loc 1 233 0
 313 0034 0837     		adds	r7, r7, #8
 314              		.cfi_def_cfa_offset 8
 315 0036 BD46     		mov	sp, r7
 316              		.cfi_def_cfa_register 13
 317              		@ sp needed
 318 0038 80BD     		pop	{r7, pc}
 319              	.L19:
 320 003a 00BF     		.align	2
 321              	.L18:
 322 003c 20580040 		.word	1073764384
 323              		.cfi_endproc
 324              	.LFE5:
 325              		.size	VDAC8_1_SetRange, .-VDAC8_1_SetRange
 326              		.section	.text.VDAC8_1_SetValue,"ax",%progbits
 327              		.align	2
 328              		.global	VDAC8_1_SetValue
 329              		.thumb
 330              		.thumb_func
 331              		.type	VDAC8_1_SetValue, %function
 332              	VDAC8_1_SetValue:
 333              	.LFB6:
 234:.\Generated_Source\PSoC5/VDAC8_1.c **** 
 235:.\Generated_Source\PSoC5/VDAC8_1.c **** 
 236:.\Generated_Source\PSoC5/VDAC8_1.c **** /*******************************************************************************
 237:.\Generated_Source\PSoC5/VDAC8_1.c **** * Function Name: VDAC8_1_SetValue
ARM GAS  C:\Users\Shiguruy\AppData\Local\Temp\cciVUryA.s 			page 11


 238:.\Generated_Source\PSoC5/VDAC8_1.c **** ********************************************************************************
 239:.\Generated_Source\PSoC5/VDAC8_1.c **** *
 240:.\Generated_Source\PSoC5/VDAC8_1.c **** * Summary:
 241:.\Generated_Source\PSoC5/VDAC8_1.c **** *  Set 8-bit DAC value
 242:.\Generated_Source\PSoC5/VDAC8_1.c **** *
 243:.\Generated_Source\PSoC5/VDAC8_1.c **** * Parameters:  
 244:.\Generated_Source\PSoC5/VDAC8_1.c **** *  value:  Sets DAC value between 0 and 255.
 245:.\Generated_Source\PSoC5/VDAC8_1.c **** *
 246:.\Generated_Source\PSoC5/VDAC8_1.c **** * Return: 
 247:.\Generated_Source\PSoC5/VDAC8_1.c **** *  void 
 248:.\Generated_Source\PSoC5/VDAC8_1.c **** *
 249:.\Generated_Source\PSoC5/VDAC8_1.c **** * Theory: 
 250:.\Generated_Source\PSoC5/VDAC8_1.c **** *
 251:.\Generated_Source\PSoC5/VDAC8_1.c **** * Side Effects:
 252:.\Generated_Source\PSoC5/VDAC8_1.c **** *
 253:.\Generated_Source\PSoC5/VDAC8_1.c **** *******************************************************************************/
 254:.\Generated_Source\PSoC5/VDAC8_1.c **** void VDAC8_1_SetValue(uint8 value) 
 255:.\Generated_Source\PSoC5/VDAC8_1.c **** {
 334              		.loc 1 255 0
 335              		.cfi_startproc
 336              		@ args = 0, pretend = 0, frame = 8
 337              		@ frame_needed = 1, uses_anonymous_args = 0
 338              		@ link register save eliminated.
 339 0000 80B4     		push	{r7}
 340              		.cfi_def_cfa_offset 4
 341              		.cfi_offset 7, -4
 342 0002 83B0     		sub	sp, sp, #12
 343              		.cfi_def_cfa_offset 16
 344 0004 00AF     		add	r7, sp, #0
 345              		.cfi_def_cfa_register 7
 346 0006 0346     		mov	r3, r0
 347 0008 FB71     		strb	r3, [r7, #7]
 256:.\Generated_Source\PSoC5/VDAC8_1.c ****     #if (CY_PSOC5A)
 257:.\Generated_Source\PSoC5/VDAC8_1.c ****         uint8 VDAC8_1_intrStatus = CyEnterCriticalSection();
 258:.\Generated_Source\PSoC5/VDAC8_1.c ****     #endif /* CY_PSOC5A */
 259:.\Generated_Source\PSoC5/VDAC8_1.c **** 
 260:.\Generated_Source\PSoC5/VDAC8_1.c ****     VDAC8_1_Data = value;                /*  Set Value  */
 348              		.loc 1 260 0
 349 000a 044A     		ldr	r2, .L21
 350 000c FB79     		ldrb	r3, [r7, #7]
 351 000e 1370     		strb	r3, [r2]
 261:.\Generated_Source\PSoC5/VDAC8_1.c **** 
 262:.\Generated_Source\PSoC5/VDAC8_1.c ****     /* PSOC5A requires a double write */
 263:.\Generated_Source\PSoC5/VDAC8_1.c ****     /* Exit Critical Section */
 264:.\Generated_Source\PSoC5/VDAC8_1.c ****     #if (CY_PSOC5A)
 265:.\Generated_Source\PSoC5/VDAC8_1.c ****         VDAC8_1_Data = value;
 266:.\Generated_Source\PSoC5/VDAC8_1.c ****         CyExitCriticalSection(VDAC8_1_intrStatus);
 267:.\Generated_Source\PSoC5/VDAC8_1.c ****     #endif /* CY_PSOC5A */
 268:.\Generated_Source\PSoC5/VDAC8_1.c **** }
 352              		.loc 1 268 0
 353 0010 0C37     		adds	r7, r7, #12
 354              		.cfi_def_cfa_offset 4
 355 0012 BD46     		mov	sp, r7
 356              		.cfi_def_cfa_register 13
 357              		@ sp needed
 358 0014 5DF8047B 		ldr	r7, [sp], #4
 359              		.cfi_restore 7
ARM GAS  C:\Users\Shiguruy\AppData\Local\Temp\cciVUryA.s 			page 12


 360              		.cfi_def_cfa_offset 0
 361 0018 7047     		bx	lr
 362              	.L22:
 363 001a 00BF     		.align	2
 364              	.L21:
 365 001c 805B0040 		.word	1073765248
 366              		.cfi_endproc
 367              	.LFE6:
 368              		.size	VDAC8_1_SetValue, .-VDAC8_1_SetValue
 369              		.section	.text.VDAC8_1_DacTrim,"ax",%progbits
 370              		.align	2
 371              		.global	VDAC8_1_DacTrim
 372              		.thumb
 373              		.thumb_func
 374              		.type	VDAC8_1_DacTrim, %function
 375              	VDAC8_1_DacTrim:
 376              	.LFB7:
 269:.\Generated_Source\PSoC5/VDAC8_1.c **** 
 270:.\Generated_Source\PSoC5/VDAC8_1.c **** 
 271:.\Generated_Source\PSoC5/VDAC8_1.c **** /*******************************************************************************
 272:.\Generated_Source\PSoC5/VDAC8_1.c **** * Function Name: VDAC8_1_DacTrim
 273:.\Generated_Source\PSoC5/VDAC8_1.c **** ********************************************************************************
 274:.\Generated_Source\PSoC5/VDAC8_1.c **** *
 275:.\Generated_Source\PSoC5/VDAC8_1.c **** * Summary:
 276:.\Generated_Source\PSoC5/VDAC8_1.c **** *  Set the trim value for the given range.
 277:.\Generated_Source\PSoC5/VDAC8_1.c **** *
 278:.\Generated_Source\PSoC5/VDAC8_1.c **** * Parameters:
 279:.\Generated_Source\PSoC5/VDAC8_1.c **** *  range:  1V or 4V range.  See constants.
 280:.\Generated_Source\PSoC5/VDAC8_1.c **** *
 281:.\Generated_Source\PSoC5/VDAC8_1.c **** * Return:
 282:.\Generated_Source\PSoC5/VDAC8_1.c **** *  void
 283:.\Generated_Source\PSoC5/VDAC8_1.c **** *
 284:.\Generated_Source\PSoC5/VDAC8_1.c **** * Theory: 
 285:.\Generated_Source\PSoC5/VDAC8_1.c **** *
 286:.\Generated_Source\PSoC5/VDAC8_1.c **** * Side Effects:
 287:.\Generated_Source\PSoC5/VDAC8_1.c **** *
 288:.\Generated_Source\PSoC5/VDAC8_1.c **** *******************************************************************************/
 289:.\Generated_Source\PSoC5/VDAC8_1.c **** void VDAC8_1_DacTrim(void) 
 290:.\Generated_Source\PSoC5/VDAC8_1.c **** {
 377              		.loc 1 290 0
 378              		.cfi_startproc
 379              		@ args = 0, pretend = 0, frame = 8
 380              		@ frame_needed = 1, uses_anonymous_args = 0
 381              		@ link register save eliminated.
 382 0000 80B4     		push	{r7}
 383              		.cfi_def_cfa_offset 4
 384              		.cfi_offset 7, -4
 385 0002 83B0     		sub	sp, sp, #12
 386              		.cfi_def_cfa_offset 16
 387 0004 00AF     		add	r7, sp, #0
 388              		.cfi_def_cfa_register 7
 291:.\Generated_Source\PSoC5/VDAC8_1.c ****     uint8 mode;
 292:.\Generated_Source\PSoC5/VDAC8_1.c **** 
 293:.\Generated_Source\PSoC5/VDAC8_1.c ****     mode = (uint8)((VDAC8_1_CR0 & VDAC8_1_RANGE_MASK) >> 2) + VDAC8_1_TRIM_M7_1V_RNG_OFFSET;
 389              		.loc 1 293 0
 390 0006 0B4B     		ldr	r3, .L24
 391 0008 1B78     		ldrb	r3, [r3]
ARM GAS  C:\Users\Shiguruy\AppData\Local\Temp\cciVUryA.s 			page 13


 392 000a DBB2     		uxtb	r3, r3
 393 000c 03F00C03 		and	r3, r3, #12
 394 0010 9B08     		lsrs	r3, r3, #2
 395 0012 DBB2     		uxtb	r3, r3
 396 0014 0633     		adds	r3, r3, #6
 397 0016 FB71     		strb	r3, [r7, #7]
 294:.\Generated_Source\PSoC5/VDAC8_1.c ****     VDAC8_1_TR = CY_GET_XTND_REG8((uint8 *)(VDAC8_1_DAC_TRIM_BASE + mode));
 398              		.loc 1 294 0
 399 0018 074A     		ldr	r2, .L24+4
 400 001a FB79     		ldrb	r3, [r7, #7]	@ zero_extendqisi2
 401 001c 03F19243 		add	r3, r3, #1224736768
 402 0020 03F59073 		add	r3, r3, #288
 403 0024 1B78     		ldrb	r3, [r3]
 404 0026 DBB2     		uxtb	r3, r3
 405 0028 1370     		strb	r3, [r2]
 295:.\Generated_Source\PSoC5/VDAC8_1.c **** }
 406              		.loc 1 295 0
 407 002a 0C37     		adds	r7, r7, #12
 408              		.cfi_def_cfa_offset 4
 409 002c BD46     		mov	sp, r7
 410              		.cfi_def_cfa_register 13
 411              		@ sp needed
 412 002e 5DF8047B 		ldr	r7, [sp], #4
 413              		.cfi_restore 7
 414              		.cfi_def_cfa_offset 0
 415 0032 7047     		bx	lr
 416              	.L25:
 417              		.align	2
 418              	.L24:
 419 0034 20580040 		.word	1073764384
 420 0038 08460040 		.word	1073759752
 421              		.cfi_endproc
 422              	.LFE7:
 423              		.size	VDAC8_1_DacTrim, .-VDAC8_1_DacTrim
 424              		.text
 425              	.Letext0:
 426              		.file 2 ".\\Generated_Source\\PSoC5\\cytypes.h"
 427              		.section	.debug_info,"",%progbits
 428              	.Ldebug_info0:
 429 0000 80010000 		.4byte	0x180
 430 0004 0400     		.2byte	0x4
 431 0006 00000000 		.4byte	.Ldebug_abbrev0
 432 000a 04       		.byte	0x4
 433 000b 01       		.uleb128 0x1
 434 000c 23000000 		.4byte	.LASF25
 435 0010 01       		.byte	0x1
 436 0011 72010000 		.4byte	.LASF26
 437 0015 CF000000 		.4byte	.LASF27
 438 0019 00000000 		.4byte	.Ldebug_ranges0+0
 439 001d 00000000 		.4byte	0
 440 0021 00000000 		.4byte	.Ldebug_line0
 441 0025 02       		.uleb128 0x2
 442 0026 01       		.byte	0x1
 443 0027 06       		.byte	0x6
 444 0028 11020000 		.4byte	.LASF0
 445 002c 02       		.uleb128 0x2
 446 002d 01       		.byte	0x1
ARM GAS  C:\Users\Shiguruy\AppData\Local\Temp\cciVUryA.s 			page 14


 447 002e 08       		.byte	0x8
 448 002f 10010000 		.4byte	.LASF1
 449 0033 02       		.uleb128 0x2
 450 0034 02       		.byte	0x2
 451 0035 05       		.byte	0x5
 452 0036 F8010000 		.4byte	.LASF2
 453 003a 02       		.uleb128 0x2
 454 003b 02       		.byte	0x2
 455 003c 07       		.byte	0x7
 456 003d 44010000 		.4byte	.LASF3
 457 0041 02       		.uleb128 0x2
 458 0042 04       		.byte	0x4
 459 0043 05       		.byte	0x5
 460 0044 08020000 		.4byte	.LASF4
 461 0048 02       		.uleb128 0x2
 462 0049 04       		.byte	0x4
 463 004a 07       		.byte	0x7
 464 004b 32010000 		.4byte	.LASF5
 465 004f 02       		.uleb128 0x2
 466 0050 08       		.byte	0x8
 467 0051 05       		.byte	0x5
 468 0052 C8010000 		.4byte	.LASF6
 469 0056 02       		.uleb128 0x2
 470 0057 08       		.byte	0x8
 471 0058 07       		.byte	0x7
 472 0059 95010000 		.4byte	.LASF7
 473 005d 03       		.uleb128 0x3
 474 005e 04       		.byte	0x4
 475 005f 05       		.byte	0x5
 476 0060 696E7400 		.ascii	"int\000"
 477 0064 02       		.uleb128 0x2
 478 0065 04       		.byte	0x4
 479 0066 07       		.byte	0x7
 480 0067 B1000000 		.4byte	.LASF8
 481 006b 04       		.uleb128 0x4
 482 006c 02020000 		.4byte	.LASF12
 483 0070 02       		.byte	0x2
 484 0071 C2       		.byte	0xc2
 485 0072 2C000000 		.4byte	0x2c
 486 0076 02       		.uleb128 0x2
 487 0077 04       		.byte	0x4
 488 0078 04       		.byte	0x4
 489 0079 0A010000 		.4byte	.LASF9
 490 007d 02       		.uleb128 0x2
 491 007e 08       		.byte	0x8
 492 007f 04       		.byte	0x4
 493 0080 6B010000 		.4byte	.LASF10
 494 0084 02       		.uleb128 0x2
 495 0085 01       		.byte	0x1
 496 0086 08       		.byte	0x8
 497 0087 E3010000 		.4byte	.LASF11
 498 008b 05       		.uleb128 0x5
 499 008c 1E010000 		.4byte	.LASF13
 500 0090 02       		.byte	0x2
 501 0091 6C01     		.2byte	0x16c
 502 0093 97000000 		.4byte	0x97
 503 0097 06       		.uleb128 0x6
ARM GAS  C:\Users\Shiguruy\AppData\Local\Temp\cciVUryA.s 			page 15


 504 0098 6B000000 		.4byte	0x6b
 505 009c 07       		.uleb128 0x7
 506 009d D6010000 		.4byte	.LASF14
 507 00a1 01       		.byte	0x1
 508 00a2 37       		.byte	0x37
 509 00a3 00000000 		.4byte	.LFB0
 510 00a7 28000000 		.4byte	.LFE0-.LFB0
 511 00ab 01       		.uleb128 0x1
 512 00ac 9C       		.byte	0x9c
 513 00ad 08       		.uleb128 0x8
 514 00ae 23010000 		.4byte	.LASF15
 515 00b2 01       		.byte	0x1
 516 00b3 60       		.byte	0x60
 517 00b4 00000000 		.4byte	.LFB1
 518 00b8 34000000 		.4byte	.LFE1-.LFB1
 519 00bc 01       		.uleb128 0x1
 520 00bd 9C       		.byte	0x9c
 521 00be 07       		.uleb128 0x7
 522 00bf 5D010000 		.4byte	.LASF16
 523 00c3 01       		.byte	0x1
 524 00c4 85       		.byte	0x85
 525 00c5 00000000 		.4byte	.LFB2
 526 00c9 28000000 		.4byte	.LFE2-.LFB2
 527 00cd 01       		.uleb128 0x1
 528 00ce 9C       		.byte	0x9c
 529 00cf 08       		.uleb128 0x8
 530 00d0 10000000 		.4byte	.LASF17
 531 00d4 01       		.byte	0x1
 532 00d5 A8       		.byte	0xa8
 533 00d6 00000000 		.4byte	.LFB3
 534 00da 34000000 		.4byte	.LFE3-.LFB3
 535 00de 01       		.uleb128 0x1
 536 00df 9C       		.byte	0x9c
 537 00e0 09       		.uleb128 0x9
 538 00e1 BE000000 		.4byte	.LASF18
 539 00e5 01       		.byte	0x1
 540 00e6 CA       		.byte	0xca
 541 00e7 00000000 		.4byte	.LFB4
 542 00eb 40000000 		.4byte	.LFE4-.LFB4
 543 00ef 01       		.uleb128 0x1
 544 00f0 9C       		.byte	0x9c
 545 00f1 04010000 		.4byte	0x104
 546 00f5 0A       		.uleb128 0xa
 547 00f6 C2010000 		.4byte	.LASF20
 548 00fa 01       		.byte	0x1
 549 00fb CA       		.byte	0xca
 550 00fc 6B000000 		.4byte	0x6b
 551 0100 02       		.uleb128 0x2
 552 0101 91       		.byte	0x91
 553 0102 77       		.sleb128 -9
 554 0103 00       		.byte	0
 555 0104 0B       		.uleb128 0xb
 556 0105 1D020000 		.4byte	.LASF19
 557 0109 01       		.byte	0x1
 558 010a E4       		.byte	0xe4
 559 010b 00000000 		.4byte	.LFB5
 560 010f 40000000 		.4byte	.LFE5-.LFB5
ARM GAS  C:\Users\Shiguruy\AppData\Local\Temp\cciVUryA.s 			page 16


 561 0113 01       		.uleb128 0x1
 562 0114 9C       		.byte	0x9c
 563 0115 28010000 		.4byte	0x128
 564 0119 0A       		.uleb128 0xa
 565 011a 57010000 		.4byte	.LASF21
 566 011e 01       		.byte	0x1
 567 011f E4       		.byte	0xe4
 568 0120 6B000000 		.4byte	0x6b
 569 0124 02       		.uleb128 0x2
 570 0125 91       		.byte	0x91
 571 0126 77       		.sleb128 -9
 572 0127 00       		.byte	0
 573 0128 09       		.uleb128 0x9
 574 0129 AC010000 		.4byte	.LASF22
 575 012d 01       		.byte	0x1
 576 012e FE       		.byte	0xfe
 577 012f 00000000 		.4byte	.LFB6
 578 0133 20000000 		.4byte	.LFE6-.LFB6
 579 0137 01       		.uleb128 0x1
 580 0138 9C       		.byte	0x9c
 581 0139 4C010000 		.4byte	0x14c
 582 013d 0A       		.uleb128 0xa
 583 013e 1D000000 		.4byte	.LASF23
 584 0142 01       		.byte	0x1
 585 0143 FE       		.byte	0xfe
 586 0144 6B000000 		.4byte	0x6b
 587 0148 02       		.uleb128 0x2
 588 0149 91       		.byte	0x91
 589 014a 77       		.sleb128 -9
 590 014b 00       		.byte	0
 591 014c 0C       		.uleb128 0xc
 592 014d 00000000 		.4byte	.LASF24
 593 0151 01       		.byte	0x1
 594 0152 2101     		.2byte	0x121
 595 0154 00000000 		.4byte	.LFB7
 596 0158 3C000000 		.4byte	.LFE7-.LFB7
 597 015c 01       		.uleb128 0x1
 598 015d 9C       		.byte	0x9c
 599 015e 72010000 		.4byte	0x172
 600 0162 0D       		.uleb128 0xd
 601 0163 BD010000 		.4byte	.LASF28
 602 0167 01       		.byte	0x1
 603 0168 2301     		.2byte	0x123
 604 016a 6B000000 		.4byte	0x6b
 605 016e 02       		.uleb128 0x2
 606 016f 91       		.byte	0x91
 607 0170 77       		.sleb128 -9
 608 0171 00       		.byte	0
 609 0172 0E       		.uleb128 0xe
 610 0173 E8010000 		.4byte	.LASF29
 611 0177 01       		.byte	0x1
 612 0178 1B       		.byte	0x1b
 613 0179 6B000000 		.4byte	0x6b
 614 017d 05       		.uleb128 0x5
 615 017e 03       		.byte	0x3
 616 017f 00000000 		.4byte	VDAC8_1_initVar
 617 0183 00       		.byte	0
ARM GAS  C:\Users\Shiguruy\AppData\Local\Temp\cciVUryA.s 			page 17


 618              		.section	.debug_abbrev,"",%progbits
 619              	.Ldebug_abbrev0:
 620 0000 01       		.uleb128 0x1
 621 0001 11       		.uleb128 0x11
 622 0002 01       		.byte	0x1
 623 0003 25       		.uleb128 0x25
 624 0004 0E       		.uleb128 0xe
 625 0005 13       		.uleb128 0x13
 626 0006 0B       		.uleb128 0xb
 627 0007 03       		.uleb128 0x3
 628 0008 0E       		.uleb128 0xe
 629 0009 1B       		.uleb128 0x1b
 630 000a 0E       		.uleb128 0xe
 631 000b 55       		.uleb128 0x55
 632 000c 17       		.uleb128 0x17
 633 000d 11       		.uleb128 0x11
 634 000e 01       		.uleb128 0x1
 635 000f 10       		.uleb128 0x10
 636 0010 17       		.uleb128 0x17
 637 0011 00       		.byte	0
 638 0012 00       		.byte	0
 639 0013 02       		.uleb128 0x2
 640 0014 24       		.uleb128 0x24
 641 0015 00       		.byte	0
 642 0016 0B       		.uleb128 0xb
 643 0017 0B       		.uleb128 0xb
 644 0018 3E       		.uleb128 0x3e
 645 0019 0B       		.uleb128 0xb
 646 001a 03       		.uleb128 0x3
 647 001b 0E       		.uleb128 0xe
 648 001c 00       		.byte	0
 649 001d 00       		.byte	0
 650 001e 03       		.uleb128 0x3
 651 001f 24       		.uleb128 0x24
 652 0020 00       		.byte	0
 653 0021 0B       		.uleb128 0xb
 654 0022 0B       		.uleb128 0xb
 655 0023 3E       		.uleb128 0x3e
 656 0024 0B       		.uleb128 0xb
 657 0025 03       		.uleb128 0x3
 658 0026 08       		.uleb128 0x8
 659 0027 00       		.byte	0
 660 0028 00       		.byte	0
 661 0029 04       		.uleb128 0x4
 662 002a 16       		.uleb128 0x16
 663 002b 00       		.byte	0
 664 002c 03       		.uleb128 0x3
 665 002d 0E       		.uleb128 0xe
 666 002e 3A       		.uleb128 0x3a
 667 002f 0B       		.uleb128 0xb
 668 0030 3B       		.uleb128 0x3b
 669 0031 0B       		.uleb128 0xb
 670 0032 49       		.uleb128 0x49
 671 0033 13       		.uleb128 0x13
 672 0034 00       		.byte	0
 673 0035 00       		.byte	0
 674 0036 05       		.uleb128 0x5
ARM GAS  C:\Users\Shiguruy\AppData\Local\Temp\cciVUryA.s 			page 18


 675 0037 16       		.uleb128 0x16
 676 0038 00       		.byte	0
 677 0039 03       		.uleb128 0x3
 678 003a 0E       		.uleb128 0xe
 679 003b 3A       		.uleb128 0x3a
 680 003c 0B       		.uleb128 0xb
 681 003d 3B       		.uleb128 0x3b
 682 003e 05       		.uleb128 0x5
 683 003f 49       		.uleb128 0x49
 684 0040 13       		.uleb128 0x13
 685 0041 00       		.byte	0
 686 0042 00       		.byte	0
 687 0043 06       		.uleb128 0x6
 688 0044 35       		.uleb128 0x35
 689 0045 00       		.byte	0
 690 0046 49       		.uleb128 0x49
 691 0047 13       		.uleb128 0x13
 692 0048 00       		.byte	0
 693 0049 00       		.byte	0
 694 004a 07       		.uleb128 0x7
 695 004b 2E       		.uleb128 0x2e
 696 004c 00       		.byte	0
 697 004d 3F       		.uleb128 0x3f
 698 004e 19       		.uleb128 0x19
 699 004f 03       		.uleb128 0x3
 700 0050 0E       		.uleb128 0xe
 701 0051 3A       		.uleb128 0x3a
 702 0052 0B       		.uleb128 0xb
 703 0053 3B       		.uleb128 0x3b
 704 0054 0B       		.uleb128 0xb
 705 0055 27       		.uleb128 0x27
 706 0056 19       		.uleb128 0x19
 707 0057 11       		.uleb128 0x11
 708 0058 01       		.uleb128 0x1
 709 0059 12       		.uleb128 0x12
 710 005a 06       		.uleb128 0x6
 711 005b 40       		.uleb128 0x40
 712 005c 18       		.uleb128 0x18
 713 005d 9642     		.uleb128 0x2116
 714 005f 19       		.uleb128 0x19
 715 0060 00       		.byte	0
 716 0061 00       		.byte	0
 717 0062 08       		.uleb128 0x8
 718 0063 2E       		.uleb128 0x2e
 719 0064 00       		.byte	0
 720 0065 3F       		.uleb128 0x3f
 721 0066 19       		.uleb128 0x19
 722 0067 03       		.uleb128 0x3
 723 0068 0E       		.uleb128 0xe
 724 0069 3A       		.uleb128 0x3a
 725 006a 0B       		.uleb128 0xb
 726 006b 3B       		.uleb128 0x3b
 727 006c 0B       		.uleb128 0xb
 728 006d 27       		.uleb128 0x27
 729 006e 19       		.uleb128 0x19
 730 006f 11       		.uleb128 0x11
 731 0070 01       		.uleb128 0x1
ARM GAS  C:\Users\Shiguruy\AppData\Local\Temp\cciVUryA.s 			page 19


 732 0071 12       		.uleb128 0x12
 733 0072 06       		.uleb128 0x6
 734 0073 40       		.uleb128 0x40
 735 0074 18       		.uleb128 0x18
 736 0075 9742     		.uleb128 0x2117
 737 0077 19       		.uleb128 0x19
 738 0078 00       		.byte	0
 739 0079 00       		.byte	0
 740 007a 09       		.uleb128 0x9
 741 007b 2E       		.uleb128 0x2e
 742 007c 01       		.byte	0x1
 743 007d 3F       		.uleb128 0x3f
 744 007e 19       		.uleb128 0x19
 745 007f 03       		.uleb128 0x3
 746 0080 0E       		.uleb128 0xe
 747 0081 3A       		.uleb128 0x3a
 748 0082 0B       		.uleb128 0xb
 749 0083 3B       		.uleb128 0x3b
 750 0084 0B       		.uleb128 0xb
 751 0085 27       		.uleb128 0x27
 752 0086 19       		.uleb128 0x19
 753 0087 11       		.uleb128 0x11
 754 0088 01       		.uleb128 0x1
 755 0089 12       		.uleb128 0x12
 756 008a 06       		.uleb128 0x6
 757 008b 40       		.uleb128 0x40
 758 008c 18       		.uleb128 0x18
 759 008d 9742     		.uleb128 0x2117
 760 008f 19       		.uleb128 0x19
 761 0090 01       		.uleb128 0x1
 762 0091 13       		.uleb128 0x13
 763 0092 00       		.byte	0
 764 0093 00       		.byte	0
 765 0094 0A       		.uleb128 0xa
 766 0095 05       		.uleb128 0x5
 767 0096 00       		.byte	0
 768 0097 03       		.uleb128 0x3
 769 0098 0E       		.uleb128 0xe
 770 0099 3A       		.uleb128 0x3a
 771 009a 0B       		.uleb128 0xb
 772 009b 3B       		.uleb128 0x3b
 773 009c 0B       		.uleb128 0xb
 774 009d 49       		.uleb128 0x49
 775 009e 13       		.uleb128 0x13
 776 009f 02       		.uleb128 0x2
 777 00a0 18       		.uleb128 0x18
 778 00a1 00       		.byte	0
 779 00a2 00       		.byte	0
 780 00a3 0B       		.uleb128 0xb
 781 00a4 2E       		.uleb128 0x2e
 782 00a5 01       		.byte	0x1
 783 00a6 3F       		.uleb128 0x3f
 784 00a7 19       		.uleb128 0x19
 785 00a8 03       		.uleb128 0x3
 786 00a9 0E       		.uleb128 0xe
 787 00aa 3A       		.uleb128 0x3a
 788 00ab 0B       		.uleb128 0xb
ARM GAS  C:\Users\Shiguruy\AppData\Local\Temp\cciVUryA.s 			page 20


 789 00ac 3B       		.uleb128 0x3b
 790 00ad 0B       		.uleb128 0xb
 791 00ae 27       		.uleb128 0x27
 792 00af 19       		.uleb128 0x19
 793 00b0 11       		.uleb128 0x11
 794 00b1 01       		.uleb128 0x1
 795 00b2 12       		.uleb128 0x12
 796 00b3 06       		.uleb128 0x6
 797 00b4 40       		.uleb128 0x40
 798 00b5 18       		.uleb128 0x18
 799 00b6 9642     		.uleb128 0x2116
 800 00b8 19       		.uleb128 0x19
 801 00b9 01       		.uleb128 0x1
 802 00ba 13       		.uleb128 0x13
 803 00bb 00       		.byte	0
 804 00bc 00       		.byte	0
 805 00bd 0C       		.uleb128 0xc
 806 00be 2E       		.uleb128 0x2e
 807 00bf 01       		.byte	0x1
 808 00c0 3F       		.uleb128 0x3f
 809 00c1 19       		.uleb128 0x19
 810 00c2 03       		.uleb128 0x3
 811 00c3 0E       		.uleb128 0xe
 812 00c4 3A       		.uleb128 0x3a
 813 00c5 0B       		.uleb128 0xb
 814 00c6 3B       		.uleb128 0x3b
 815 00c7 05       		.uleb128 0x5
 816 00c8 27       		.uleb128 0x27
 817 00c9 19       		.uleb128 0x19
 818 00ca 11       		.uleb128 0x11
 819 00cb 01       		.uleb128 0x1
 820 00cc 12       		.uleb128 0x12
 821 00cd 06       		.uleb128 0x6
 822 00ce 40       		.uleb128 0x40
 823 00cf 18       		.uleb128 0x18
 824 00d0 9742     		.uleb128 0x2117
 825 00d2 19       		.uleb128 0x19
 826 00d3 01       		.uleb128 0x1
 827 00d4 13       		.uleb128 0x13
 828 00d5 00       		.byte	0
 829 00d6 00       		.byte	0
 830 00d7 0D       		.uleb128 0xd
 831 00d8 34       		.uleb128 0x34
 832 00d9 00       		.byte	0
 833 00da 03       		.uleb128 0x3
 834 00db 0E       		.uleb128 0xe
 835 00dc 3A       		.uleb128 0x3a
 836 00dd 0B       		.uleb128 0xb
 837 00de 3B       		.uleb128 0x3b
 838 00df 05       		.uleb128 0x5
 839 00e0 49       		.uleb128 0x49
 840 00e1 13       		.uleb128 0x13
 841 00e2 02       		.uleb128 0x2
 842 00e3 18       		.uleb128 0x18
 843 00e4 00       		.byte	0
 844 00e5 00       		.byte	0
 845 00e6 0E       		.uleb128 0xe
ARM GAS  C:\Users\Shiguruy\AppData\Local\Temp\cciVUryA.s 			page 21


 846 00e7 34       		.uleb128 0x34
 847 00e8 00       		.byte	0
 848 00e9 03       		.uleb128 0x3
 849 00ea 0E       		.uleb128 0xe
 850 00eb 3A       		.uleb128 0x3a
 851 00ec 0B       		.uleb128 0xb
 852 00ed 3B       		.uleb128 0x3b
 853 00ee 0B       		.uleb128 0xb
 854 00ef 49       		.uleb128 0x49
 855 00f0 13       		.uleb128 0x13
 856 00f1 3F       		.uleb128 0x3f
 857 00f2 19       		.uleb128 0x19
 858 00f3 02       		.uleb128 0x2
 859 00f4 18       		.uleb128 0x18
 860 00f5 00       		.byte	0
 861 00f6 00       		.byte	0
 862 00f7 00       		.byte	0
 863              		.section	.debug_aranges,"",%progbits
 864 0000 54000000 		.4byte	0x54
 865 0004 0200     		.2byte	0x2
 866 0006 00000000 		.4byte	.Ldebug_info0
 867 000a 04       		.byte	0x4
 868 000b 00       		.byte	0
 869 000c 0000     		.2byte	0
 870 000e 0000     		.2byte	0
 871 0010 00000000 		.4byte	.LFB0
 872 0014 28000000 		.4byte	.LFE0-.LFB0
 873 0018 00000000 		.4byte	.LFB1
 874 001c 34000000 		.4byte	.LFE1-.LFB1
 875 0020 00000000 		.4byte	.LFB2
 876 0024 28000000 		.4byte	.LFE2-.LFB2
 877 0028 00000000 		.4byte	.LFB3
 878 002c 34000000 		.4byte	.LFE3-.LFB3
 879 0030 00000000 		.4byte	.LFB4
 880 0034 40000000 		.4byte	.LFE4-.LFB4
 881 0038 00000000 		.4byte	.LFB5
 882 003c 40000000 		.4byte	.LFE5-.LFB5
 883 0040 00000000 		.4byte	.LFB6
 884 0044 20000000 		.4byte	.LFE6-.LFB6
 885 0048 00000000 		.4byte	.LFB7
 886 004c 3C000000 		.4byte	.LFE7-.LFB7
 887 0050 00000000 		.4byte	0
 888 0054 00000000 		.4byte	0
 889              		.section	.debug_ranges,"",%progbits
 890              	.Ldebug_ranges0:
 891 0000 00000000 		.4byte	.LFB0
 892 0004 28000000 		.4byte	.LFE0
 893 0008 00000000 		.4byte	.LFB1
 894 000c 34000000 		.4byte	.LFE1
 895 0010 00000000 		.4byte	.LFB2
 896 0014 28000000 		.4byte	.LFE2
 897 0018 00000000 		.4byte	.LFB3
 898 001c 34000000 		.4byte	.LFE3
 899 0020 00000000 		.4byte	.LFB4
 900 0024 40000000 		.4byte	.LFE4
 901 0028 00000000 		.4byte	.LFB5
 902 002c 40000000 		.4byte	.LFE5
ARM GAS  C:\Users\Shiguruy\AppData\Local\Temp\cciVUryA.s 			page 22


 903 0030 00000000 		.4byte	.LFB6
 904 0034 20000000 		.4byte	.LFE6
 905 0038 00000000 		.4byte	.LFB7
 906 003c 3C000000 		.4byte	.LFE7
 907 0040 00000000 		.4byte	0
 908 0044 00000000 		.4byte	0
 909              		.section	.debug_line,"",%progbits
 910              	.Ldebug_line0:
 911 0000 EE000000 		.section	.debug_str,"MS",%progbits,1
 911      02004600 
 911      00000201 
 911      FB0E0D00 
 911      01010101 
 912              	.LASF24:
 913 0000 56444143 		.ascii	"VDAC8_1_DacTrim\000"
 913      385F315F 
 913      44616354 
 913      72696D00 
 914              	.LASF17:
 915 0010 56444143 		.ascii	"VDAC8_1_Stop\000"
 915      385F315F 
 915      53746F70 
 915      00
 916              	.LASF23:
 917 001d 76616C75 		.ascii	"value\000"
 917      6500
 918              	.LASF25:
 919 0023 474E5520 		.ascii	"GNU C 4.9.3 20150303 (release) [ARM/embedded-4_9-br"
 919      4320342E 
 919      392E3320 
 919      32303135 
 919      30333033 
 920 0056 616E6368 		.ascii	"anch revision 221220] -mcpu=cortex-m3 -mthumb -g -O"
 920      20726576 
 920      6973696F 
 920      6E203232 
 920      31323230 
 921 0089 30202D66 		.ascii	"0 -ffunction-sections -ffat-lto-objects\000"
 921      66756E63 
 921      74696F6E 
 921      2D736563 
 921      74696F6E 
 922              	.LASF8:
 923 00b1 756E7369 		.ascii	"unsigned int\000"
 923      676E6564 
 923      20696E74 
 923      00
 924              	.LASF18:
 925 00be 56444143 		.ascii	"VDAC8_1_SetSpeed\000"
 925      385F315F 
 925      53657453 
 925      70656564 
 925      00
 926              	.LASF27:
 927 00cf 433A5C57 		.ascii	"C:\\Workspace\\PSoC_Creator\\Active_Load\\Active_Lo"
 927      6F726B73 
 927      70616365 
ARM GAS  C:\Users\Shiguruy\AppData\Local\Temp\cciVUryA.s 			page 23


 927      5C50536F 
 927      435F4372 
 928 00fe 61645F76 		.ascii	"ad_v2.cydsn\000"
 928      322E6379 
 928      64736E00 
 929              	.LASF9:
 930 010a 666C6F61 		.ascii	"float\000"
 930      7400
 931              	.LASF1:
 932 0110 756E7369 		.ascii	"unsigned char\000"
 932      676E6564 
 932      20636861 
 932      7200
 933              	.LASF13:
 934 011e 72656738 		.ascii	"reg8\000"
 934      00
 935              	.LASF15:
 936 0123 56444143 		.ascii	"VDAC8_1_Enable\000"
 936      385F315F 
 936      456E6162 
 936      6C6500
 937              	.LASF5:
 938 0132 6C6F6E67 		.ascii	"long unsigned int\000"
 938      20756E73 
 938      69676E65 
 938      6420696E 
 938      7400
 939              	.LASF3:
 940 0144 73686F72 		.ascii	"short unsigned int\000"
 940      7420756E 
 940      7369676E 
 940      65642069 
 940      6E7400
 941              	.LASF21:
 942 0157 72616E67 		.ascii	"range\000"
 942      6500
 943              	.LASF16:
 944 015d 56444143 		.ascii	"VDAC8_1_Start\000"
 944      385F315F 
 944      53746172 
 944      7400
 945              	.LASF10:
 946 016b 646F7562 		.ascii	"double\000"
 946      6C6500
 947              	.LASF26:
 948 0172 2E5C4765 		.ascii	".\\Generated_Source\\PSoC5\\VDAC8_1.c\000"
 948      6E657261 
 948      7465645F 
 948      536F7572 
 948      63655C50 
 949              	.LASF7:
 950 0195 6C6F6E67 		.ascii	"long long unsigned int\000"
 950      206C6F6E 
 950      6720756E 
 950      7369676E 
 950      65642069 
 951              	.LASF22:
ARM GAS  C:\Users\Shiguruy\AppData\Local\Temp\cciVUryA.s 			page 24


 952 01ac 56444143 		.ascii	"VDAC8_1_SetValue\000"
 952      385F315F 
 952      53657456 
 952      616C7565 
 952      00
 953              	.LASF28:
 954 01bd 6D6F6465 		.ascii	"mode\000"
 954      00
 955              	.LASF20:
 956 01c2 73706565 		.ascii	"speed\000"
 956      6400
 957              	.LASF6:
 958 01c8 6C6F6E67 		.ascii	"long long int\000"
 958      206C6F6E 
 958      6720696E 
 958      7400
 959              	.LASF14:
 960 01d6 56444143 		.ascii	"VDAC8_1_Init\000"
 960      385F315F 
 960      496E6974 
 960      00
 961              	.LASF11:
 962 01e3 63686172 		.ascii	"char\000"
 962      00
 963              	.LASF29:
 964 01e8 56444143 		.ascii	"VDAC8_1_initVar\000"
 964      385F315F 
 964      696E6974 
 964      56617200 
 965              	.LASF2:
 966 01f8 73686F72 		.ascii	"short int\000"
 966      7420696E 
 966      7400
 967              	.LASF12:
 968 0202 75696E74 		.ascii	"uint8\000"
 968      3800
 969              	.LASF4:
 970 0208 6C6F6E67 		.ascii	"long int\000"
 970      20696E74 
 970      00
 971              	.LASF0:
 972 0211 7369676E 		.ascii	"signed char\000"
 972      65642063 
 972      68617200 
 973              	.LASF19:
 974 021d 56444143 		.ascii	"VDAC8_1_SetRange\000"
 974      385F315F 
 974      53657452 
 974      616E6765 
 974      00
 975              		.ident	"GCC: (GNU Tools for ARM Embedded Processors) 4.9.3 20150303 (release) [ARM/embedded-4_9-br
