ARM GAS  C:\Users\KJA\AppData\Local\Temp\ccnMlna6.s 			page 1


   1              		.syntax unified
   2              		.cpu cortex-m3
   3              		.fpu softvfp
   4              		.eabi_attribute 20, 1
   5              		.eabi_attribute 21, 1
   6              		.eabi_attribute 23, 3
   7              		.eabi_attribute 24, 1
   8              		.eabi_attribute 25, 1
   9              		.eabi_attribute 26, 1
  10              		.eabi_attribute 30, 6
  11              		.eabi_attribute 34, 1
  12              		.eabi_attribute 18, 4
  13              		.thumb
  14              		.file	"WaveDAC8_1.c"
  15              		.text
  16              	.Ltext0:
  17              		.cfi_sections	.debug_frame
  18              		.global	WaveDAC8_1_initVar
  19              		.bss
  20              		.type	WaveDAC8_1_initVar, %object
  21              		.size	WaveDAC8_1_initVar, 1
  22              	WaveDAC8_1_initVar:
  23 0000 00       		.space	1
  24              		.global	WaveDAC8_1_wave1
  25              		.section	.rodata
  26              		.align	2
  27              		.type	WaveDAC8_1_wave1, %object
  28              		.size	WaveDAC8_1_wave1, 100
  29              	WaveDAC8_1_wave1:
  30 0000 3E       		.byte	62
  31 0001 42       		.byte	66
  32 0002 46       		.byte	70
  33 0003 4A       		.byte	74
  34 0004 4E       		.byte	78
  35 0005 52       		.byte	82
  36 0006 56       		.byte	86
  37 0007 59       		.byte	89
  38 0008 5D       		.byte	93
  39 0009 60       		.byte	96
  40 000a 63       		.byte	99
  41 000b 66       		.byte	102
  42 000c 69       		.byte	105
  43 000d 6C       		.byte	108
  44 000e 6F       		.byte	111
  45 000f 71       		.byte	113
  46 0010 73       		.byte	115
  47 0011 75       		.byte	117
  48 0012 77       		.byte	119
  49 0013 79       		.byte	121
  50 0014 7A       		.byte	122
  51 0015 7B       		.byte	123
  52 0016 7C       		.byte	124
  53 0017 7D       		.byte	125
  54 0018 7D       		.byte	125
  55 0019 7D       		.byte	125
  56 001a 7D       		.byte	125
  57 001b 7D       		.byte	125
ARM GAS  C:\Users\KJA\AppData\Local\Temp\ccnMlna6.s 			page 2


  58 001c 7C       		.byte	124
  59 001d 7B       		.byte	123
  60 001e 7A       		.byte	122
  61 001f 79       		.byte	121
  62 0020 77       		.byte	119
  63 0021 75       		.byte	117
  64 0022 73       		.byte	115
  65 0023 71       		.byte	113
  66 0024 6F       		.byte	111
  67 0025 6C       		.byte	108
  68 0026 69       		.byte	105
  69 0027 66       		.byte	102
  70 0028 63       		.byte	99
  71 0029 60       		.byte	96
  72 002a 5D       		.byte	93
  73 002b 59       		.byte	89
  74 002c 56       		.byte	86
  75 002d 52       		.byte	82
  76 002e 4E       		.byte	78
  77 002f 4A       		.byte	74
  78 0030 46       		.byte	70
  79 0031 42       		.byte	66
  80 0032 3F       		.byte	63
  81 0033 3B       		.byte	59
  82 0034 37       		.byte	55
  83 0035 33       		.byte	51
  84 0036 2F       		.byte	47
  85 0037 2B       		.byte	43
  86 0038 27       		.byte	39
  87 0039 24       		.byte	36
  88 003a 20       		.byte	32
  89 003b 1D       		.byte	29
  90 003c 1A       		.byte	26
  91 003d 17       		.byte	23
  92 003e 14       		.byte	20
  93 003f 11       		.byte	17
  94 0040 0E       		.byte	14
  95 0041 0C       		.byte	12
  96 0042 0A       		.byte	10
  97 0043 08       		.byte	8
  98 0044 06       		.byte	6
  99 0045 04       		.byte	4
 100 0046 03       		.byte	3
 101 0047 02       		.byte	2
 102 0048 01       		.byte	1
 103 0049 00       		.byte	0
 104 004a 00       		.byte	0
 105 004b 00       		.byte	0
 106 004c 00       		.byte	0
 107 004d 00       		.byte	0
 108 004e 01       		.byte	1
 109 004f 02       		.byte	2
 110 0050 03       		.byte	3
 111 0051 04       		.byte	4
 112 0052 06       		.byte	6
 113 0053 08       		.byte	8
 114 0054 0A       		.byte	10
ARM GAS  C:\Users\KJA\AppData\Local\Temp\ccnMlna6.s 			page 3


 115 0055 0C       		.byte	12
 116 0056 0E       		.byte	14
 117 0057 11       		.byte	17
 118 0058 14       		.byte	20
 119 0059 17       		.byte	23
 120 005a 1A       		.byte	26
 121 005b 1D       		.byte	29
 122 005c 20       		.byte	32
 123 005d 24       		.byte	36
 124 005e 27       		.byte	39
 125 005f 2B       		.byte	43
 126 0060 2F       		.byte	47
 127 0061 33       		.byte	51
 128 0062 37       		.byte	55
 129 0063 3B       		.byte	59
 130              		.global	WaveDAC8_1_wave2
 131              		.align	2
 132              		.type	WaveDAC8_1_wave2, %object
 133              		.size	WaveDAC8_1_wave2, 125
 134              	WaveDAC8_1_wave2:
 135 0064 7D       		.byte	125
 136 0065 7D       		.byte	125
 137 0066 7D       		.byte	125
 138 0067 7D       		.byte	125
 139 0068 7D       		.byte	125
 140 0069 7D       		.byte	125
 141 006a 7D       		.byte	125
 142 006b 7D       		.byte	125
 143 006c 7D       		.byte	125
 144 006d 7D       		.byte	125
 145 006e 7D       		.byte	125
 146 006f 7D       		.byte	125
 147 0070 7D       		.byte	125
 148 0071 7D       		.byte	125
 149 0072 7D       		.byte	125
 150 0073 7D       		.byte	125
 151 0074 7D       		.byte	125
 152 0075 7D       		.byte	125
 153 0076 7D       		.byte	125
 154 0077 7D       		.byte	125
 155 0078 7D       		.byte	125
 156 0079 7D       		.byte	125
 157 007a 7D       		.byte	125
 158 007b 7D       		.byte	125
 159 007c 7D       		.byte	125
 160 007d 7D       		.byte	125
 161 007e 7D       		.byte	125
 162 007f 7D       		.byte	125
 163 0080 7D       		.byte	125
 164 0081 7D       		.byte	125
 165 0082 7D       		.byte	125
 166 0083 7D       		.byte	125
 167 0084 7D       		.byte	125
 168 0085 7D       		.byte	125
 169 0086 7D       		.byte	125
 170 0087 7D       		.byte	125
 171 0088 7D       		.byte	125
ARM GAS  C:\Users\KJA\AppData\Local\Temp\ccnMlna6.s 			page 4


 172 0089 7D       		.byte	125
 173 008a 7D       		.byte	125
 174 008b 7D       		.byte	125
 175 008c 7D       		.byte	125
 176 008d 7D       		.byte	125
 177 008e 7D       		.byte	125
 178 008f 7D       		.byte	125
 179 0090 7D       		.byte	125
 180 0091 7D       		.byte	125
 181 0092 7D       		.byte	125
 182 0093 7D       		.byte	125
 183 0094 7D       		.byte	125
 184 0095 7D       		.byte	125
 185 0096 7D       		.byte	125
 186 0097 7D       		.byte	125
 187 0098 7D       		.byte	125
 188 0099 7D       		.byte	125
 189 009a 7D       		.byte	125
 190 009b 7D       		.byte	125
 191 009c 7D       		.byte	125
 192 009d 7D       		.byte	125
 193 009e 7D       		.byte	125
 194 009f 7D       		.byte	125
 195 00a0 7D       		.byte	125
 196 00a1 7D       		.byte	125
 197 00a2 7D       		.byte	125
 198 00a3 00       		.byte	0
 199 00a4 00       		.byte	0
 200 00a5 00       		.byte	0
 201 00a6 00       		.byte	0
 202 00a7 00       		.byte	0
 203 00a8 00       		.byte	0
 204 00a9 00       		.byte	0
 205 00aa 00       		.byte	0
 206 00ab 00       		.byte	0
 207 00ac 00       		.byte	0
 208 00ad 00       		.byte	0
 209 00ae 00       		.byte	0
 210 00af 00       		.byte	0
 211 00b0 00       		.byte	0
 212 00b1 00       		.byte	0
 213 00b2 00       		.byte	0
 214 00b3 00       		.byte	0
 215 00b4 00       		.byte	0
 216 00b5 00       		.byte	0
 217 00b6 00       		.byte	0
 218 00b7 00       		.byte	0
 219 00b8 00       		.byte	0
 220 00b9 00       		.byte	0
 221 00ba 00       		.byte	0
 222 00bb 00       		.byte	0
 223 00bc 00       		.byte	0
 224 00bd 00       		.byte	0
 225 00be 00       		.byte	0
 226 00bf 00       		.byte	0
 227 00c0 00       		.byte	0
 228 00c1 00       		.byte	0
ARM GAS  C:\Users\KJA\AppData\Local\Temp\ccnMlna6.s 			page 5


 229 00c2 00       		.byte	0
 230 00c3 00       		.byte	0
 231 00c4 00       		.byte	0
 232 00c5 00       		.byte	0
 233 00c6 00       		.byte	0
 234 00c7 00       		.byte	0
 235 00c8 00       		.byte	0
 236 00c9 00       		.byte	0
 237 00ca 00       		.byte	0
 238 00cb 00       		.byte	0
 239 00cc 00       		.byte	0
 240 00cd 00       		.byte	0
 241 00ce 00       		.byte	0
 242 00cf 00       		.byte	0
 243 00d0 00       		.byte	0
 244 00d1 00       		.byte	0
 245 00d2 00       		.byte	0
 246 00d3 00       		.byte	0
 247 00d4 00       		.byte	0
 248 00d5 00       		.byte	0
 249 00d6 00       		.byte	0
 250 00d7 00       		.byte	0
 251 00d8 00       		.byte	0
 252 00d9 00       		.byte	0
 253 00da 00       		.byte	0
 254 00db 00       		.byte	0
 255 00dc 00       		.byte	0
 256 00dd 00       		.byte	0
 257 00de 00       		.byte	0
 258 00df 00       		.byte	0
 259 00e0 00       		.byte	0
 260 00e1 000000   		.bss
 261              	WaveDAC8_1_Wave1Chan:
 262 0001 00       		.space	1
 263              	WaveDAC8_1_Wave2Chan:
 264 0002 00       		.space	1
 265              	WaveDAC8_1_Wave1TD:
 266 0003 00       		.space	1
 267              	WaveDAC8_1_Wave2TD:
 268 0004 00       		.space	1
 269              		.section	.text.WaveDAC8_1_Init,"ax",%progbits
 270              		.align	2
 271              		.global	WaveDAC8_1_Init
 272              		.thumb
 273              		.thumb_func
 274              		.type	WaveDAC8_1_Init, %function
 275              	WaveDAC8_1_Init:
 276              	.LFB0:
 277              		.file 1 "Generated_Source\\PSoC5\\WaveDAC8_1.c"
   1:Generated_Source\PSoC5/WaveDAC8_1.c **** /*******************************************************************************
   2:Generated_Source\PSoC5/WaveDAC8_1.c **** * File Name: WaveDAC8_1.c
   3:Generated_Source\PSoC5/WaveDAC8_1.c **** * Version 2.0
   4:Generated_Source\PSoC5/WaveDAC8_1.c **** *
   5:Generated_Source\PSoC5/WaveDAC8_1.c **** * Description:
   6:Generated_Source\PSoC5/WaveDAC8_1.c **** *  This file provides the source code for the 8-bit Waveform DAC 
   7:Generated_Source\PSoC5/WaveDAC8_1.c **** *  (WaveDAC8) Component.
   8:Generated_Source\PSoC5/WaveDAC8_1.c **** *
ARM GAS  C:\Users\KJA\AppData\Local\Temp\ccnMlna6.s 			page 6


   9:Generated_Source\PSoC5/WaveDAC8_1.c **** ********************************************************************************
  10:Generated_Source\PSoC5/WaveDAC8_1.c **** * Copyright 2013, Cypress Semiconductor Corporation.  All rights reserved.
  11:Generated_Source\PSoC5/WaveDAC8_1.c **** * You may use this file only in accordance with the license, terms, conditions,
  12:Generated_Source\PSoC5/WaveDAC8_1.c **** * disclaimers, and limitations in the end user license agreement accompanying
  13:Generated_Source\PSoC5/WaveDAC8_1.c **** * the software package with which this file was provided.
  14:Generated_Source\PSoC5/WaveDAC8_1.c **** *******************************************************************************/
  15:Generated_Source\PSoC5/WaveDAC8_1.c **** 
  16:Generated_Source\PSoC5/WaveDAC8_1.c **** #include "WaveDAC8_1.h"
  17:Generated_Source\PSoC5/WaveDAC8_1.c **** 
  18:Generated_Source\PSoC5/WaveDAC8_1.c **** uint8  WaveDAC8_1_initVar = 0u;
  19:Generated_Source\PSoC5/WaveDAC8_1.c **** 
  20:Generated_Source\PSoC5/WaveDAC8_1.c **** const uint8 CYCODE WaveDAC8_1_wave1[WaveDAC8_1_WAVE1_LENGTH] = { 62u,66u,70u,74u,78u,82u,86u,89u,93
  21:Generated_Source\PSoC5/WaveDAC8_1.c **** const uint8 CYCODE WaveDAC8_1_wave2[WaveDAC8_1_WAVE2_LENGTH] = { 125u,125u,125u,125u,125u,125u,125u
  22:Generated_Source\PSoC5/WaveDAC8_1.c **** 
  23:Generated_Source\PSoC5/WaveDAC8_1.c **** static uint8  WaveDAC8_1_Wave1Chan;
  24:Generated_Source\PSoC5/WaveDAC8_1.c **** static uint8  WaveDAC8_1_Wave2Chan;
  25:Generated_Source\PSoC5/WaveDAC8_1.c **** static uint8  WaveDAC8_1_Wave1TD;
  26:Generated_Source\PSoC5/WaveDAC8_1.c **** static uint8  WaveDAC8_1_Wave2TD;
  27:Generated_Source\PSoC5/WaveDAC8_1.c **** 
  28:Generated_Source\PSoC5/WaveDAC8_1.c **** 
  29:Generated_Source\PSoC5/WaveDAC8_1.c **** /*******************************************************************************
  30:Generated_Source\PSoC5/WaveDAC8_1.c **** * Function Name: WaveDAC8_1_Init
  31:Generated_Source\PSoC5/WaveDAC8_1.c **** ********************************************************************************
  32:Generated_Source\PSoC5/WaveDAC8_1.c **** *
  33:Generated_Source\PSoC5/WaveDAC8_1.c **** * Summary:
  34:Generated_Source\PSoC5/WaveDAC8_1.c **** *  Initializes component with parameters set in the customizer.
  35:Generated_Source\PSoC5/WaveDAC8_1.c **** *
  36:Generated_Source\PSoC5/WaveDAC8_1.c **** * Parameters:  
  37:Generated_Source\PSoC5/WaveDAC8_1.c **** *  None
  38:Generated_Source\PSoC5/WaveDAC8_1.c **** *
  39:Generated_Source\PSoC5/WaveDAC8_1.c **** * Return: 
  40:Generated_Source\PSoC5/WaveDAC8_1.c **** *  None
  41:Generated_Source\PSoC5/WaveDAC8_1.c **** *
  42:Generated_Source\PSoC5/WaveDAC8_1.c **** *******************************************************************************/
  43:Generated_Source\PSoC5/WaveDAC8_1.c **** void WaveDAC8_1_Init(void) 
  44:Generated_Source\PSoC5/WaveDAC8_1.c **** {
 278              		.loc 1 44 0
 279              		.cfi_startproc
 280              		@ args = 0, pretend = 0, frame = 0
 281              		@ frame_needed = 1, uses_anonymous_args = 0
 282 0000 80B5     		push	{r7, lr}
 283              		.cfi_def_cfa_offset 8
 284              		.cfi_offset 7, -8
 285              		.cfi_offset 14, -4
 286 0002 00AF     		add	r7, sp, #0
 287              		.cfi_def_cfa_register 7
  45:Generated_Source\PSoC5/WaveDAC8_1.c **** 	WaveDAC8_1_VDAC8_Init();
 288              		.loc 1 45 0
 289 0004 FFF7FEFF 		bl	WaveDAC8_1_VDAC8_Init
  46:Generated_Source\PSoC5/WaveDAC8_1.c **** 	WaveDAC8_1_VDAC8_SetSpeed(WaveDAC8_1_HIGHSPEED);
 290              		.loc 1 46 0
 291 0008 0220     		movs	r0, #2
 292 000a FFF7FEFF 		bl	WaveDAC8_1_VDAC8_SetSpeed
  47:Generated_Source\PSoC5/WaveDAC8_1.c **** 	WaveDAC8_1_VDAC8_SetRange(WaveDAC8_1_DAC_RANGE);
 293              		.loc 1 47 0
 294 000e 0420     		movs	r0, #4
 295 0010 FFF7FEFF 		bl	WaveDAC8_1_VDAC8_SetRange
ARM GAS  C:\Users\KJA\AppData\Local\Temp\ccnMlna6.s 			page 7


  48:Generated_Source\PSoC5/WaveDAC8_1.c **** 
  49:Generated_Source\PSoC5/WaveDAC8_1.c **** 	#if(WaveDAC8_1_DAC_MODE == WaveDAC8_1_CURRENT_MODE)
  50:Generated_Source\PSoC5/WaveDAC8_1.c **** 		WaveDAC8_1_IDAC8_SetPolarity(WaveDAC8_1_DAC_POL);
  51:Generated_Source\PSoC5/WaveDAC8_1.c **** 	#endif /* WaveDAC8_1_DAC_MODE == WaveDAC8_1_CURRENT_MODE */
  52:Generated_Source\PSoC5/WaveDAC8_1.c **** 
  53:Generated_Source\PSoC5/WaveDAC8_1.c **** 	#if(WaveDAC8_1_OUT_MODE == WaveDAC8_1_BUFFER_MODE)
  54:Generated_Source\PSoC5/WaveDAC8_1.c **** 	   WaveDAC8_1_BuffAmp_Init();
 296              		.loc 1 54 0
 297 0014 FFF7FEFF 		bl	WaveDAC8_1_BuffAmp_Init
  55:Generated_Source\PSoC5/WaveDAC8_1.c **** 	#endif /* WaveDAC8_1_OUT_MODE == WaveDAC8_1_BUFFER_MODE */
  56:Generated_Source\PSoC5/WaveDAC8_1.c **** 
  57:Generated_Source\PSoC5/WaveDAC8_1.c **** 	/* Get the TD Number for the DMA channel 1 and 2   */
  58:Generated_Source\PSoC5/WaveDAC8_1.c **** 	WaveDAC8_1_Wave1TD = CyDmaTdAllocate();
 298              		.loc 1 58 0
 299 0018 FFF7FEFF 		bl	CyDmaTdAllocate
 300 001c 0346     		mov	r3, r0
 301 001e 1A46     		mov	r2, r3
 302 0020 084B     		ldr	r3, .L2
 303 0022 1A70     		strb	r2, [r3]
  59:Generated_Source\PSoC5/WaveDAC8_1.c **** 	WaveDAC8_1_Wave2TD = CyDmaTdAllocate();
 304              		.loc 1 59 0
 305 0024 FFF7FEFF 		bl	CyDmaTdAllocate
 306 0028 0346     		mov	r3, r0
 307 002a 1A46     		mov	r2, r3
 308 002c 064B     		ldr	r3, .L2+4
 309 002e 1A70     		strb	r2, [r3]
  60:Generated_Source\PSoC5/WaveDAC8_1.c **** 	
  61:Generated_Source\PSoC5/WaveDAC8_1.c **** 	/* Initialize waveform pointers  */
  62:Generated_Source\PSoC5/WaveDAC8_1.c **** 	WaveDAC8_1_Wave1Setup(WaveDAC8_1_wave1, WaveDAC8_1_WAVE1_LENGTH) ;
 310              		.loc 1 62 0
 311 0030 0648     		ldr	r0, .L2+8
 312 0032 6421     		movs	r1, #100
 313 0034 FFF7FEFF 		bl	WaveDAC8_1_Wave1Setup
  63:Generated_Source\PSoC5/WaveDAC8_1.c **** 	WaveDAC8_1_Wave2Setup(WaveDAC8_1_wave2, WaveDAC8_1_WAVE2_LENGTH) ;
 314              		.loc 1 63 0
 315 0038 0548     		ldr	r0, .L2+12
 316 003a 7D21     		movs	r1, #125
 317 003c FFF7FEFF 		bl	WaveDAC8_1_Wave2Setup
  64:Generated_Source\PSoC5/WaveDAC8_1.c **** 	
  65:Generated_Source\PSoC5/WaveDAC8_1.c **** 	/* Initialize the internal clock if one present  */
  66:Generated_Source\PSoC5/WaveDAC8_1.c **** 	#if defined(WaveDAC8_1_DacClk_PHASE)
  67:Generated_Source\PSoC5/WaveDAC8_1.c **** 	   WaveDAC8_1_DacClk_SetPhase(WaveDAC8_1_CLK_PHASE_0nS);
  68:Generated_Source\PSoC5/WaveDAC8_1.c **** 	#endif /* defined(WaveDAC8_1_DacClk_PHASE) */
  69:Generated_Source\PSoC5/WaveDAC8_1.c **** }
 318              		.loc 1 69 0
 319 0040 80BD     		pop	{r7, pc}
 320              	.L3:
 321 0042 00BF     		.align	2
 322              	.L2:
 323 0044 03000000 		.word	WaveDAC8_1_Wave1TD
 324 0048 04000000 		.word	WaveDAC8_1_Wave2TD
 325 004c 00000000 		.word	WaveDAC8_1_wave1
 326 0050 00000000 		.word	WaveDAC8_1_wave2
 327              		.cfi_endproc
 328              	.LFE0:
 329              		.size	WaveDAC8_1_Init, .-WaveDAC8_1_Init
 330              		.section	.text.WaveDAC8_1_Enable,"ax",%progbits
ARM GAS  C:\Users\KJA\AppData\Local\Temp\ccnMlna6.s 			page 8


 331              		.align	2
 332              		.global	WaveDAC8_1_Enable
 333              		.thumb
 334              		.thumb_func
 335              		.type	WaveDAC8_1_Enable, %function
 336              	WaveDAC8_1_Enable:
 337              	.LFB1:
  70:Generated_Source\PSoC5/WaveDAC8_1.c **** 
  71:Generated_Source\PSoC5/WaveDAC8_1.c **** 
  72:Generated_Source\PSoC5/WaveDAC8_1.c **** /*******************************************************************************
  73:Generated_Source\PSoC5/WaveDAC8_1.c **** * Function Name: WaveDAC8_1_Enable
  74:Generated_Source\PSoC5/WaveDAC8_1.c **** ********************************************************************************
  75:Generated_Source\PSoC5/WaveDAC8_1.c **** *  
  76:Generated_Source\PSoC5/WaveDAC8_1.c **** * Summary: 
  77:Generated_Source\PSoC5/WaveDAC8_1.c **** *  Enables the DAC block and DMA operation.
  78:Generated_Source\PSoC5/WaveDAC8_1.c **** *
  79:Generated_Source\PSoC5/WaveDAC8_1.c **** * Parameters:  
  80:Generated_Source\PSoC5/WaveDAC8_1.c **** *  None
  81:Generated_Source\PSoC5/WaveDAC8_1.c **** *
  82:Generated_Source\PSoC5/WaveDAC8_1.c **** * Return: 
  83:Generated_Source\PSoC5/WaveDAC8_1.c **** *  None
  84:Generated_Source\PSoC5/WaveDAC8_1.c **** *
  85:Generated_Source\PSoC5/WaveDAC8_1.c **** *******************************************************************************/
  86:Generated_Source\PSoC5/WaveDAC8_1.c **** void WaveDAC8_1_Enable(void) 
  87:Generated_Source\PSoC5/WaveDAC8_1.c **** {
 338              		.loc 1 87 0
 339              		.cfi_startproc
 340              		@ args = 0, pretend = 0, frame = 0
 341              		@ frame_needed = 1, uses_anonymous_args = 0
 342 0000 80B5     		push	{r7, lr}
 343              		.cfi_def_cfa_offset 8
 344              		.cfi_offset 7, -8
 345              		.cfi_offset 14, -4
 346 0002 00AF     		add	r7, sp, #0
 347              		.cfi_def_cfa_register 7
  88:Generated_Source\PSoC5/WaveDAC8_1.c **** 	WaveDAC8_1_VDAC8_Enable();
 348              		.loc 1 88 0
 349 0004 FFF7FEFF 		bl	WaveDAC8_1_VDAC8_Enable
  89:Generated_Source\PSoC5/WaveDAC8_1.c **** 
  90:Generated_Source\PSoC5/WaveDAC8_1.c **** 	#if(WaveDAC8_1_OUT_MODE == WaveDAC8_1_BUFFER_MODE)
  91:Generated_Source\PSoC5/WaveDAC8_1.c **** 	   WaveDAC8_1_BuffAmp_Enable();
 350              		.loc 1 91 0
 351 0008 FFF7FEFF 		bl	WaveDAC8_1_BuffAmp_Enable
  92:Generated_Source\PSoC5/WaveDAC8_1.c **** 	#endif /* WaveDAC8_1_OUT_MODE == WaveDAC8_1_BUFFER_MODE */
  93:Generated_Source\PSoC5/WaveDAC8_1.c **** 
  94:Generated_Source\PSoC5/WaveDAC8_1.c **** 	/* 
  95:Generated_Source\PSoC5/WaveDAC8_1.c **** 	* Enable the channel. It is configured to remember the TD value so that
  96:Generated_Source\PSoC5/WaveDAC8_1.c **** 	* it can be restored from the place where it has been stopped.
  97:Generated_Source\PSoC5/WaveDAC8_1.c **** 	*/
  98:Generated_Source\PSoC5/WaveDAC8_1.c **** 	(void)CyDmaChEnable(WaveDAC8_1_Wave1Chan, 1u);
 352              		.loc 1 98 0
 353 000c 074B     		ldr	r3, .L5
 354 000e 1B78     		ldrb	r3, [r3]	@ zero_extendqisi2
 355 0010 1846     		mov	r0, r3
 356 0012 0121     		movs	r1, #1
 357 0014 FFF7FEFF 		bl	CyDmaChEnable
  99:Generated_Source\PSoC5/WaveDAC8_1.c **** 	(void)CyDmaChEnable(WaveDAC8_1_Wave2Chan, 1u);
ARM GAS  C:\Users\KJA\AppData\Local\Temp\ccnMlna6.s 			page 9


 358              		.loc 1 99 0
 359 0018 054B     		ldr	r3, .L5+4
 360 001a 1B78     		ldrb	r3, [r3]	@ zero_extendqisi2
 361 001c 1846     		mov	r0, r3
 362 001e 0121     		movs	r1, #1
 363 0020 FFF7FEFF 		bl	CyDmaChEnable
 100:Generated_Source\PSoC5/WaveDAC8_1.c **** 	
 101:Generated_Source\PSoC5/WaveDAC8_1.c **** 	/* set the initial value */
 102:Generated_Source\PSoC5/WaveDAC8_1.c **** 	WaveDAC8_1_SetValue(0u);
 364              		.loc 1 102 0
 365 0024 0020     		movs	r0, #0
 366 0026 FFF7FEFF 		bl	WaveDAC8_1_VDAC8_SetValue
 103:Generated_Source\PSoC5/WaveDAC8_1.c **** 	
 104:Generated_Source\PSoC5/WaveDAC8_1.c **** 	#if(WaveDAC8_1_CLOCK_SRC == WaveDAC8_1_CLOCK_INT)  	
 105:Generated_Source\PSoC5/WaveDAC8_1.c **** 	   WaveDAC8_1_DacClk_Start();
 106:Generated_Source\PSoC5/WaveDAC8_1.c **** 	#endif /* WaveDAC8_1_CLOCK_SRC == WaveDAC8_1_CLOCK_INT */
 107:Generated_Source\PSoC5/WaveDAC8_1.c **** }
 367              		.loc 1 107 0
 368 002a 80BD     		pop	{r7, pc}
 369              	.L6:
 370              		.align	2
 371              	.L5:
 372 002c 01000000 		.word	WaveDAC8_1_Wave1Chan
 373 0030 02000000 		.word	WaveDAC8_1_Wave2Chan
 374              		.cfi_endproc
 375              	.LFE1:
 376              		.size	WaveDAC8_1_Enable, .-WaveDAC8_1_Enable
 377              		.section	.text.WaveDAC8_1_Start,"ax",%progbits
 378              		.align	2
 379              		.global	WaveDAC8_1_Start
 380              		.thumb
 381              		.thumb_func
 382              		.type	WaveDAC8_1_Start, %function
 383              	WaveDAC8_1_Start:
 384              	.LFB2:
 108:Generated_Source\PSoC5/WaveDAC8_1.c **** 
 109:Generated_Source\PSoC5/WaveDAC8_1.c **** 
 110:Generated_Source\PSoC5/WaveDAC8_1.c **** /*******************************************************************************
 111:Generated_Source\PSoC5/WaveDAC8_1.c **** * Function Name: WaveDAC8_1_Start
 112:Generated_Source\PSoC5/WaveDAC8_1.c **** ********************************************************************************
 113:Generated_Source\PSoC5/WaveDAC8_1.c **** *
 114:Generated_Source\PSoC5/WaveDAC8_1.c **** * Summary:
 115:Generated_Source\PSoC5/WaveDAC8_1.c **** *  The start function initializes the voltage DAC with the default values, 
 116:Generated_Source\PSoC5/WaveDAC8_1.c **** *  and sets the power to the given level.  A power level of 0, is the same as 
 117:Generated_Source\PSoC5/WaveDAC8_1.c **** *  executing the stop function.
 118:Generated_Source\PSoC5/WaveDAC8_1.c **** *
 119:Generated_Source\PSoC5/WaveDAC8_1.c **** * Parameters:  
 120:Generated_Source\PSoC5/WaveDAC8_1.c **** *  None
 121:Generated_Source\PSoC5/WaveDAC8_1.c **** *
 122:Generated_Source\PSoC5/WaveDAC8_1.c **** * Return: 
 123:Generated_Source\PSoC5/WaveDAC8_1.c **** *  None
 124:Generated_Source\PSoC5/WaveDAC8_1.c **** *
 125:Generated_Source\PSoC5/WaveDAC8_1.c **** * Reentrant:
 126:Generated_Source\PSoC5/WaveDAC8_1.c **** *  No
 127:Generated_Source\PSoC5/WaveDAC8_1.c **** *
 128:Generated_Source\PSoC5/WaveDAC8_1.c **** *******************************************************************************/
 129:Generated_Source\PSoC5/WaveDAC8_1.c **** void WaveDAC8_1_Start(void) 
ARM GAS  C:\Users\KJA\AppData\Local\Temp\ccnMlna6.s 			page 10


 130:Generated_Source\PSoC5/WaveDAC8_1.c **** {
 385              		.loc 1 130 0
 386              		.cfi_startproc
 387              		@ args = 0, pretend = 0, frame = 0
 388              		@ frame_needed = 1, uses_anonymous_args = 0
 389 0000 80B5     		push	{r7, lr}
 390              		.cfi_def_cfa_offset 8
 391              		.cfi_offset 7, -8
 392              		.cfi_offset 14, -4
 393 0002 00AF     		add	r7, sp, #0
 394              		.cfi_def_cfa_register 7
 131:Generated_Source\PSoC5/WaveDAC8_1.c **** 	/* If not Initialized then initialize all required hardware and software */
 132:Generated_Source\PSoC5/WaveDAC8_1.c **** 	if(WaveDAC8_1_initVar == 0u)
 395              		.loc 1 132 0
 396 0004 054B     		ldr	r3, .L9
 397 0006 1B78     		ldrb	r3, [r3]	@ zero_extendqisi2
 398 0008 002B     		cmp	r3, #0
 399 000a 04D1     		bne	.L8
 133:Generated_Source\PSoC5/WaveDAC8_1.c **** 	{
 134:Generated_Source\PSoC5/WaveDAC8_1.c **** 		WaveDAC8_1_Init();
 400              		.loc 1 134 0
 401 000c FFF7FEFF 		bl	WaveDAC8_1_Init
 135:Generated_Source\PSoC5/WaveDAC8_1.c **** 		WaveDAC8_1_initVar = 1u;
 402              		.loc 1 135 0
 403 0010 024B     		ldr	r3, .L9
 404 0012 0122     		movs	r2, #1
 405 0014 1A70     		strb	r2, [r3]
 406              	.L8:
 136:Generated_Source\PSoC5/WaveDAC8_1.c **** 	}
 137:Generated_Source\PSoC5/WaveDAC8_1.c **** 	
 138:Generated_Source\PSoC5/WaveDAC8_1.c **** 	WaveDAC8_1_Enable();
 407              		.loc 1 138 0
 408 0016 FFF7FEFF 		bl	WaveDAC8_1_Enable
 139:Generated_Source\PSoC5/WaveDAC8_1.c **** }
 409              		.loc 1 139 0
 410 001a 80BD     		pop	{r7, pc}
 411              	.L10:
 412              		.align	2
 413              	.L9:
 414 001c 00000000 		.word	WaveDAC8_1_initVar
 415              		.cfi_endproc
 416              	.LFE2:
 417              		.size	WaveDAC8_1_Start, .-WaveDAC8_1_Start
 418              		.section	.text.WaveDAC8_1_StartEx,"ax",%progbits
 419              		.align	2
 420              		.global	WaveDAC8_1_StartEx
 421              		.thumb
 422              		.thumb_func
 423              		.type	WaveDAC8_1_StartEx, %function
 424              	WaveDAC8_1_StartEx:
 425              	.LFB3:
 140:Generated_Source\PSoC5/WaveDAC8_1.c **** 
 141:Generated_Source\PSoC5/WaveDAC8_1.c **** 
 142:Generated_Source\PSoC5/WaveDAC8_1.c **** /*******************************************************************************
 143:Generated_Source\PSoC5/WaveDAC8_1.c **** * Function Name: WaveDAC8_1_StartEx
 144:Generated_Source\PSoC5/WaveDAC8_1.c **** ********************************************************************************
 145:Generated_Source\PSoC5/WaveDAC8_1.c **** *
ARM GAS  C:\Users\KJA\AppData\Local\Temp\ccnMlna6.s 			page 11


 146:Generated_Source\PSoC5/WaveDAC8_1.c **** * Summary:
 147:Generated_Source\PSoC5/WaveDAC8_1.c **** *  The StartEx function sets pointers and sizes for both waveforms
 148:Generated_Source\PSoC5/WaveDAC8_1.c **** *  and then starts the component.
 149:Generated_Source\PSoC5/WaveDAC8_1.c **** *
 150:Generated_Source\PSoC5/WaveDAC8_1.c **** * Parameters:  
 151:Generated_Source\PSoC5/WaveDAC8_1.c **** *   uint8 * wavePtr1:     Pointer to the waveform 1 array.
 152:Generated_Source\PSoC5/WaveDAC8_1.c **** *   uint16  sampleSize1:  The amount of samples in the waveform 1.
 153:Generated_Source\PSoC5/WaveDAC8_1.c **** *   uint8 * wavePtr2:     Pointer to the waveform 2 array.
 154:Generated_Source\PSoC5/WaveDAC8_1.c **** *   uint16  sampleSize2:  The amount of samples in the waveform 2.
 155:Generated_Source\PSoC5/WaveDAC8_1.c **** *
 156:Generated_Source\PSoC5/WaveDAC8_1.c **** * Return: 
 157:Generated_Source\PSoC5/WaveDAC8_1.c **** *  None
 158:Generated_Source\PSoC5/WaveDAC8_1.c **** *
 159:Generated_Source\PSoC5/WaveDAC8_1.c **** * Reentrant:
 160:Generated_Source\PSoC5/WaveDAC8_1.c **** *  No
 161:Generated_Source\PSoC5/WaveDAC8_1.c **** *
 162:Generated_Source\PSoC5/WaveDAC8_1.c **** *******************************************************************************/
 163:Generated_Source\PSoC5/WaveDAC8_1.c **** void WaveDAC8_1_StartEx(const uint8 * wavePtr1, uint16 sampleSize1, const uint8 * wavePtr2, uint16 
 164:Generated_Source\PSoC5/WaveDAC8_1.c **** 
 165:Generated_Source\PSoC5/WaveDAC8_1.c **** {
 426              		.loc 1 165 0
 427              		.cfi_startproc
 428              		@ args = 0, pretend = 0, frame = 16
 429              		@ frame_needed = 1, uses_anonymous_args = 0
 430 0000 80B5     		push	{r7, lr}
 431              		.cfi_def_cfa_offset 8
 432              		.cfi_offset 7, -8
 433              		.cfi_offset 14, -4
 434 0002 84B0     		sub	sp, sp, #16
 435              		.cfi_def_cfa_offset 24
 436 0004 00AF     		add	r7, sp, #0
 437              		.cfi_def_cfa_register 7
 438 0006 F860     		str	r0, [r7, #12]
 439 0008 7A60     		str	r2, [r7, #4]
 440 000a 1A46     		mov	r2, r3
 441 000c 0B46     		mov	r3, r1	@ movhi
 442 000e 7B81     		strh	r3, [r7, #10]	@ movhi
 443 0010 1346     		mov	r3, r2	@ movhi
 444 0012 3B81     		strh	r3, [r7, #8]	@ movhi
 166:Generated_Source\PSoC5/WaveDAC8_1.c **** 	WaveDAC8_1_Wave1Setup(wavePtr1, sampleSize1);
 445              		.loc 1 166 0
 446 0014 7B89     		ldrh	r3, [r7, #10]
 447 0016 F868     		ldr	r0, [r7, #12]
 448 0018 1946     		mov	r1, r3
 449 001a FFF7FEFF 		bl	WaveDAC8_1_Wave1Setup
 167:Generated_Source\PSoC5/WaveDAC8_1.c **** 	WaveDAC8_1_Wave2Setup(wavePtr2, sampleSize2);
 450              		.loc 1 167 0
 451 001e 3B89     		ldrh	r3, [r7, #8]
 452 0020 7868     		ldr	r0, [r7, #4]
 453 0022 1946     		mov	r1, r3
 454 0024 FFF7FEFF 		bl	WaveDAC8_1_Wave2Setup
 168:Generated_Source\PSoC5/WaveDAC8_1.c **** 	WaveDAC8_1_Start();
 455              		.loc 1 168 0
 456 0028 FFF7FEFF 		bl	WaveDAC8_1_Start
 169:Generated_Source\PSoC5/WaveDAC8_1.c **** }
 457              		.loc 1 169 0
 458 002c 1037     		adds	r7, r7, #16
ARM GAS  C:\Users\KJA\AppData\Local\Temp\ccnMlna6.s 			page 12


 459              		.cfi_def_cfa_offset 8
 460 002e BD46     		mov	sp, r7
 461              		.cfi_def_cfa_register 13
 462              		@ sp needed
 463 0030 80BD     		pop	{r7, pc}
 464              		.cfi_endproc
 465              	.LFE3:
 466              		.size	WaveDAC8_1_StartEx, .-WaveDAC8_1_StartEx
 467 0032 00BF     		.section	.text.WaveDAC8_1_Stop,"ax",%progbits
 468              		.align	2
 469              		.global	WaveDAC8_1_Stop
 470              		.thumb
 471              		.thumb_func
 472              		.type	WaveDAC8_1_Stop, %function
 473              	WaveDAC8_1_Stop:
 474              	.LFB4:
 170:Generated_Source\PSoC5/WaveDAC8_1.c **** 
 171:Generated_Source\PSoC5/WaveDAC8_1.c **** 
 172:Generated_Source\PSoC5/WaveDAC8_1.c **** /*******************************************************************************
 173:Generated_Source\PSoC5/WaveDAC8_1.c **** * Function Name: WaveDAC8_1_Stop
 174:Generated_Source\PSoC5/WaveDAC8_1.c **** ********************************************************************************
 175:Generated_Source\PSoC5/WaveDAC8_1.c **** *
 176:Generated_Source\PSoC5/WaveDAC8_1.c **** * Summary:
 177:Generated_Source\PSoC5/WaveDAC8_1.c **** *  Stops the clock (if internal), disables the DMA channels
 178:Generated_Source\PSoC5/WaveDAC8_1.c **** *  and powers down the DAC.
 179:Generated_Source\PSoC5/WaveDAC8_1.c **** *
 180:Generated_Source\PSoC5/WaveDAC8_1.c **** * Parameters:  
 181:Generated_Source\PSoC5/WaveDAC8_1.c **** *  None  
 182:Generated_Source\PSoC5/WaveDAC8_1.c **** *
 183:Generated_Source\PSoC5/WaveDAC8_1.c **** * Return: 
 184:Generated_Source\PSoC5/WaveDAC8_1.c **** *  None
 185:Generated_Source\PSoC5/WaveDAC8_1.c **** *
 186:Generated_Source\PSoC5/WaveDAC8_1.c **** *******************************************************************************/
 187:Generated_Source\PSoC5/WaveDAC8_1.c **** void WaveDAC8_1_Stop(void) 
 188:Generated_Source\PSoC5/WaveDAC8_1.c **** {
 475              		.loc 1 188 0
 476              		.cfi_startproc
 477              		@ args = 0, pretend = 0, frame = 0
 478              		@ frame_needed = 1, uses_anonymous_args = 0
 479 0000 80B5     		push	{r7, lr}
 480              		.cfi_def_cfa_offset 8
 481              		.cfi_offset 7, -8
 482              		.cfi_offset 14, -4
 483 0002 00AF     		add	r7, sp, #0
 484              		.cfi_def_cfa_register 7
 189:Generated_Source\PSoC5/WaveDAC8_1.c **** 	/* Turn off internal clock, if one present */
 190:Generated_Source\PSoC5/WaveDAC8_1.c **** 	#if(WaveDAC8_1_CLOCK_SRC == WaveDAC8_1_CLOCK_INT)  	
 191:Generated_Source\PSoC5/WaveDAC8_1.c **** 	   WaveDAC8_1_DacClk_Stop();
 192:Generated_Source\PSoC5/WaveDAC8_1.c **** 	#endif /* WaveDAC8_1_CLOCK_SRC == WaveDAC8_1_CLOCK_INT */
 193:Generated_Source\PSoC5/WaveDAC8_1.c **** 	
 194:Generated_Source\PSoC5/WaveDAC8_1.c **** 	/* Disble DMA channels */
 195:Generated_Source\PSoC5/WaveDAC8_1.c **** 	(void)CyDmaChDisable(WaveDAC8_1_Wave1Chan);
 485              		.loc 1 195 0
 486 0004 064B     		ldr	r3, .L13
 487 0006 1B78     		ldrb	r3, [r3]	@ zero_extendqisi2
 488 0008 1846     		mov	r0, r3
 489 000a FFF7FEFF 		bl	CyDmaChDisable
ARM GAS  C:\Users\KJA\AppData\Local\Temp\ccnMlna6.s 			page 13


 196:Generated_Source\PSoC5/WaveDAC8_1.c **** 	(void)CyDmaChDisable(WaveDAC8_1_Wave2Chan);
 490              		.loc 1 196 0
 491 000e 054B     		ldr	r3, .L13+4
 492 0010 1B78     		ldrb	r3, [r3]	@ zero_extendqisi2
 493 0012 1846     		mov	r0, r3
 494 0014 FFF7FEFF 		bl	CyDmaChDisable
 197:Generated_Source\PSoC5/WaveDAC8_1.c **** 
 198:Generated_Source\PSoC5/WaveDAC8_1.c **** 	/* Disable power to DAC */
 199:Generated_Source\PSoC5/WaveDAC8_1.c **** 	WaveDAC8_1_VDAC8_Stop();
 495              		.loc 1 199 0
 496 0018 FFF7FEFF 		bl	WaveDAC8_1_VDAC8_Stop
 200:Generated_Source\PSoC5/WaveDAC8_1.c **** }
 497              		.loc 1 200 0
 498 001c 80BD     		pop	{r7, pc}
 499              	.L14:
 500 001e 00BF     		.align	2
 501              	.L13:
 502 0020 01000000 		.word	WaveDAC8_1_Wave1Chan
 503 0024 02000000 		.word	WaveDAC8_1_Wave2Chan
 504              		.cfi_endproc
 505              	.LFE4:
 506              		.size	WaveDAC8_1_Stop, .-WaveDAC8_1_Stop
 507              		.section	.text.WaveDAC8_1_Wave1Setup,"ax",%progbits
 508              		.align	2
 509              		.global	WaveDAC8_1_Wave1Setup
 510              		.thumb
 511              		.thumb_func
 512              		.type	WaveDAC8_1_Wave1Setup, %function
 513              	WaveDAC8_1_Wave1Setup:
 514              	.LFB5:
 201:Generated_Source\PSoC5/WaveDAC8_1.c **** 
 202:Generated_Source\PSoC5/WaveDAC8_1.c **** 
 203:Generated_Source\PSoC5/WaveDAC8_1.c **** /*******************************************************************************
 204:Generated_Source\PSoC5/WaveDAC8_1.c **** * Function Name: WaveDAC8_1_Wave1Setup
 205:Generated_Source\PSoC5/WaveDAC8_1.c **** ********************************************************************************
 206:Generated_Source\PSoC5/WaveDAC8_1.c **** *
 207:Generated_Source\PSoC5/WaveDAC8_1.c **** * Summary:
 208:Generated_Source\PSoC5/WaveDAC8_1.c **** *  Sets pointer and size for waveform 1.                                    
 209:Generated_Source\PSoC5/WaveDAC8_1.c **** *
 210:Generated_Source\PSoC5/WaveDAC8_1.c **** * Parameters:  
 211:Generated_Source\PSoC5/WaveDAC8_1.c **** *  uint8 * WavePtr:     Pointer to the waveform array.
 212:Generated_Source\PSoC5/WaveDAC8_1.c **** *  uint16  SampleSize:  The amount of samples in the waveform.
 213:Generated_Source\PSoC5/WaveDAC8_1.c **** *
 214:Generated_Source\PSoC5/WaveDAC8_1.c **** * Return: 
 215:Generated_Source\PSoC5/WaveDAC8_1.c **** *  None 
 216:Generated_Source\PSoC5/WaveDAC8_1.c **** *
 217:Generated_Source\PSoC5/WaveDAC8_1.c **** *******************************************************************************/
 218:Generated_Source\PSoC5/WaveDAC8_1.c **** void WaveDAC8_1_Wave1Setup(const uint8 * wavePtr, uint16 sampleSize)
 219:Generated_Source\PSoC5/WaveDAC8_1.c **** 
 220:Generated_Source\PSoC5/WaveDAC8_1.c **** {
 515              		.loc 1 220 0
 516              		.cfi_startproc
 517              		@ args = 0, pretend = 0, frame = 8
 518              		@ frame_needed = 1, uses_anonymous_args = 0
 519 0000 80B5     		push	{r7, lr}
 520              		.cfi_def_cfa_offset 8
 521              		.cfi_offset 7, -8
ARM GAS  C:\Users\KJA\AppData\Local\Temp\ccnMlna6.s 			page 14


 522              		.cfi_offset 14, -4
 523 0002 82B0     		sub	sp, sp, #8
 524              		.cfi_def_cfa_offset 16
 525 0004 00AF     		add	r7, sp, #0
 526              		.cfi_def_cfa_register 7
 527 0006 7860     		str	r0, [r7, #4]
 528 0008 0B46     		mov	r3, r1
 529 000a 7B80     		strh	r3, [r7, #2]	@ movhi
 221:Generated_Source\PSoC5/WaveDAC8_1.c **** 	#if (CY_PSOC3)
 222:Generated_Source\PSoC5/WaveDAC8_1.c **** 		uint16 memoryType; /* determining the source memory type */
 223:Generated_Source\PSoC5/WaveDAC8_1.c **** 		memoryType = (WaveDAC8_1_HI16FLASHPTR == HI16(wavePtr)) ? HI16(CYDEV_FLS_BASE) : HI16(CYDEV_SRAM_
 224:Generated_Source\PSoC5/WaveDAC8_1.c **** 		
 225:Generated_Source\PSoC5/WaveDAC8_1.c **** 		WaveDAC8_1_Wave1Chan = WaveDAC8_1_Wave1_DMA_DmaInitialize(
 226:Generated_Source\PSoC5/WaveDAC8_1.c **** 		WaveDAC8_1_Wave1_DMA_BYTES_PER_BURST, WaveDAC8_1_Wave1_DMA_REQUEST_PER_BURST,
 227:Generated_Source\PSoC5/WaveDAC8_1.c **** 		memoryType, HI16(CYDEV_PERIPH_BASE));
 228:Generated_Source\PSoC5/WaveDAC8_1.c **** 	#else /* PSoC 5 */
 229:Generated_Source\PSoC5/WaveDAC8_1.c **** 		WaveDAC8_1_Wave1Chan = WaveDAC8_1_Wave1_DMA_DmaInitialize(
 230:Generated_Source\PSoC5/WaveDAC8_1.c **** 		WaveDAC8_1_Wave1_DMA_BYTES_PER_BURST, WaveDAC8_1_Wave1_DMA_REQUEST_PER_BURST,
 231:Generated_Source\PSoC5/WaveDAC8_1.c **** 		HI16(wavePtr), HI16(WaveDAC8_1_DAC8__D));
 530              		.loc 1 231 0
 531 000c 7B68     		ldr	r3, [r7, #4]
 532 000e 1B0C     		lsrs	r3, r3, #16
 229:Generated_Source\PSoC5/WaveDAC8_1.c **** 		WaveDAC8_1_Wave1_DMA_BYTES_PER_BURST, WaveDAC8_1_Wave1_DMA_REQUEST_PER_BURST,
 533              		.loc 1 229 0
 534 0010 9BB2     		uxth	r3, r3
 535 0012 0120     		movs	r0, #1
 536 0014 0121     		movs	r1, #1
 537 0016 1A46     		mov	r2, r3
 538 0018 4FF48043 		mov	r3, #16384
 539 001c FFF7FEFF 		bl	WaveDAC8_1_Wave1_DMA_DmaInitialize
 540 0020 0346     		mov	r3, r0
 541 0022 1A46     		mov	r2, r3
 542 0024 104B     		ldr	r3, .L16
 543 0026 1A70     		strb	r2, [r3]
 232:Generated_Source\PSoC5/WaveDAC8_1.c **** 	#endif /* CY_PSOC3 */
 233:Generated_Source\PSoC5/WaveDAC8_1.c **** 	
 234:Generated_Source\PSoC5/WaveDAC8_1.c **** 	/*
 235:Generated_Source\PSoC5/WaveDAC8_1.c **** 	* TD is looping on itself. 
 236:Generated_Source\PSoC5/WaveDAC8_1.c ****     * Increment the source address, but not the destination address. 
 237:Generated_Source\PSoC5/WaveDAC8_1.c **** 	*/
 238:Generated_Source\PSoC5/WaveDAC8_1.c **** 	(void)CyDmaTdSetConfiguration(WaveDAC8_1_Wave1TD, sampleSize, WaveDAC8_1_Wave1TD, 
 544              		.loc 1 238 0
 545 0028 104B     		ldr	r3, .L16+4
 546 002a 1978     		ldrb	r1, [r3]	@ zero_extendqisi2
 547 002c 0F4B     		ldr	r3, .L16+4
 548 002e 1B78     		ldrb	r3, [r3]	@ zero_extendqisi2
 549 0030 7A88     		ldrh	r2, [r7, #2]
 550 0032 0846     		mov	r0, r1
 551 0034 1146     		mov	r1, r2
 552 0036 1A46     		mov	r2, r3
 553 0038 0123     		movs	r3, #1
 554 003a FFF7FEFF 		bl	CyDmaTdSetConfiguration
 239:Generated_Source\PSoC5/WaveDAC8_1.c ****                                     (uint8)CY_DMA_TD_INC_SRC_ADR | (uint8)WaveDAC8_1_Wave1_DMA__TD_
 240:Generated_Source\PSoC5/WaveDAC8_1.c **** 	
 241:Generated_Source\PSoC5/WaveDAC8_1.c **** 	/* Set the TD source and destination address */
 242:Generated_Source\PSoC5/WaveDAC8_1.c **** 	(void)CyDmaTdSetAddress(WaveDAC8_1_Wave1TD, LO16((uint32)wavePtr), LO16(WaveDAC8_1_DAC8__D));
 555              		.loc 1 242 0
ARM GAS  C:\Users\KJA\AppData\Local\Temp\ccnMlna6.s 			page 15


 556 003e 0B4B     		ldr	r3, .L16+4
 557 0040 1A78     		ldrb	r2, [r3]	@ zero_extendqisi2
 558 0042 7B68     		ldr	r3, [r7, #4]
 559 0044 9BB2     		uxth	r3, r3
 560 0046 1046     		mov	r0, r2
 561 0048 1946     		mov	r1, r3
 562 004a 45F68332 		movw	r2, #23427
 563 004e FFF7FEFF 		bl	CyDmaTdSetAddress
 243:Generated_Source\PSoC5/WaveDAC8_1.c **** 	
 244:Generated_Source\PSoC5/WaveDAC8_1.c **** 	/* Associate the TD with the channel */
 245:Generated_Source\PSoC5/WaveDAC8_1.c **** 	(void)CyDmaChSetInitialTd(WaveDAC8_1_Wave1Chan, WaveDAC8_1_Wave1TD);
 564              		.loc 1 245 0
 565 0052 054B     		ldr	r3, .L16
 566 0054 1A78     		ldrb	r2, [r3]	@ zero_extendqisi2
 567 0056 054B     		ldr	r3, .L16+4
 568 0058 1B78     		ldrb	r3, [r3]	@ zero_extendqisi2
 569 005a 1046     		mov	r0, r2
 570 005c 1946     		mov	r1, r3
 571 005e FFF7FEFF 		bl	CyDmaChSetInitialTd
 246:Generated_Source\PSoC5/WaveDAC8_1.c **** }
 572              		.loc 1 246 0
 573 0062 0837     		adds	r7, r7, #8
 574              		.cfi_def_cfa_offset 8
 575 0064 BD46     		mov	sp, r7
 576              		.cfi_def_cfa_register 13
 577              		@ sp needed
 578 0066 80BD     		pop	{r7, pc}
 579              	.L17:
 580              		.align	2
 581              	.L16:
 582 0068 01000000 		.word	WaveDAC8_1_Wave1Chan
 583 006c 03000000 		.word	WaveDAC8_1_Wave1TD
 584              		.cfi_endproc
 585              	.LFE5:
 586              		.size	WaveDAC8_1_Wave1Setup, .-WaveDAC8_1_Wave1Setup
 587              		.section	.text.WaveDAC8_1_Wave2Setup,"ax",%progbits
 588              		.align	2
 589              		.global	WaveDAC8_1_Wave2Setup
 590              		.thumb
 591              		.thumb_func
 592              		.type	WaveDAC8_1_Wave2Setup, %function
 593              	WaveDAC8_1_Wave2Setup:
 594              	.LFB6:
 247:Generated_Source\PSoC5/WaveDAC8_1.c **** 
 248:Generated_Source\PSoC5/WaveDAC8_1.c **** 
 249:Generated_Source\PSoC5/WaveDAC8_1.c **** /*******************************************************************************
 250:Generated_Source\PSoC5/WaveDAC8_1.c **** * Function Name: WaveDAC8_1_Wave2Setup
 251:Generated_Source\PSoC5/WaveDAC8_1.c **** ********************************************************************************
 252:Generated_Source\PSoC5/WaveDAC8_1.c **** *
 253:Generated_Source\PSoC5/WaveDAC8_1.c **** * Summary:
 254:Generated_Source\PSoC5/WaveDAC8_1.c **** *  Sets pointer and size for waveform 2.                                    
 255:Generated_Source\PSoC5/WaveDAC8_1.c **** *
 256:Generated_Source\PSoC5/WaveDAC8_1.c **** * Parameters:  
 257:Generated_Source\PSoC5/WaveDAC8_1.c **** *  uint8 * WavePtr:     Pointer to the waveform array.
 258:Generated_Source\PSoC5/WaveDAC8_1.c **** *  uint16  SampleSize:  The amount of samples in the waveform.
 259:Generated_Source\PSoC5/WaveDAC8_1.c **** *
 260:Generated_Source\PSoC5/WaveDAC8_1.c **** * Return: 
ARM GAS  C:\Users\KJA\AppData\Local\Temp\ccnMlna6.s 			page 16


 261:Generated_Source\PSoC5/WaveDAC8_1.c **** *  None
 262:Generated_Source\PSoC5/WaveDAC8_1.c **** *
 263:Generated_Source\PSoC5/WaveDAC8_1.c **** *******************************************************************************/
 264:Generated_Source\PSoC5/WaveDAC8_1.c **** void WaveDAC8_1_Wave2Setup(const uint8 * wavePtr, uint16 sampleSize)
 265:Generated_Source\PSoC5/WaveDAC8_1.c ****  
 266:Generated_Source\PSoC5/WaveDAC8_1.c **** {
 595              		.loc 1 266 0
 596              		.cfi_startproc
 597              		@ args = 0, pretend = 0, frame = 8
 598              		@ frame_needed = 1, uses_anonymous_args = 0
 599 0000 80B5     		push	{r7, lr}
 600              		.cfi_def_cfa_offset 8
 601              		.cfi_offset 7, -8
 602              		.cfi_offset 14, -4
 603 0002 82B0     		sub	sp, sp, #8
 604              		.cfi_def_cfa_offset 16
 605 0004 00AF     		add	r7, sp, #0
 606              		.cfi_def_cfa_register 7
 607 0006 7860     		str	r0, [r7, #4]
 608 0008 0B46     		mov	r3, r1
 609 000a 7B80     		strh	r3, [r7, #2]	@ movhi
 267:Generated_Source\PSoC5/WaveDAC8_1.c **** 	#if (CY_PSOC3)
 268:Generated_Source\PSoC5/WaveDAC8_1.c **** 		uint16 memoryType; /* determining the source memory type */
 269:Generated_Source\PSoC5/WaveDAC8_1.c **** 		memoryType = (WaveDAC8_1_HI16FLASHPTR == HI16(wavePtr)) ? HI16(CYDEV_FLS_BASE) : HI16(CYDEV_SRAM_
 270:Generated_Source\PSoC5/WaveDAC8_1.c **** 			
 271:Generated_Source\PSoC5/WaveDAC8_1.c **** 		WaveDAC8_1_Wave2Chan = WaveDAC8_1_Wave2_DMA_DmaInitialize(
 272:Generated_Source\PSoC5/WaveDAC8_1.c **** 		WaveDAC8_1_Wave2_DMA_BYTES_PER_BURST, WaveDAC8_1_Wave2_DMA_REQUEST_PER_BURST,
 273:Generated_Source\PSoC5/WaveDAC8_1.c **** 		memoryType, HI16(CYDEV_PERIPH_BASE));
 274:Generated_Source\PSoC5/WaveDAC8_1.c **** 	#else /* PSoC 5 */
 275:Generated_Source\PSoC5/WaveDAC8_1.c **** 		WaveDAC8_1_Wave2Chan = WaveDAC8_1_Wave2_DMA_DmaInitialize(
 276:Generated_Source\PSoC5/WaveDAC8_1.c **** 		WaveDAC8_1_Wave2_DMA_BYTES_PER_BURST, WaveDAC8_1_Wave2_DMA_REQUEST_PER_BURST,
 277:Generated_Source\PSoC5/WaveDAC8_1.c **** 		HI16(wavePtr), HI16(WaveDAC8_1_DAC8__D));
 610              		.loc 1 277 0
 611 000c 7B68     		ldr	r3, [r7, #4]
 612 000e 1B0C     		lsrs	r3, r3, #16
 275:Generated_Source\PSoC5/WaveDAC8_1.c **** 		WaveDAC8_1_Wave2_DMA_BYTES_PER_BURST, WaveDAC8_1_Wave2_DMA_REQUEST_PER_BURST,
 613              		.loc 1 275 0
 614 0010 9BB2     		uxth	r3, r3
 615 0012 0120     		movs	r0, #1
 616 0014 0121     		movs	r1, #1
 617 0016 1A46     		mov	r2, r3
 618 0018 4FF48043 		mov	r3, #16384
 619 001c FFF7FEFF 		bl	WaveDAC8_1_Wave2_DMA_DmaInitialize
 620 0020 0346     		mov	r3, r0
 621 0022 1A46     		mov	r2, r3
 622 0024 104B     		ldr	r3, .L19
 623 0026 1A70     		strb	r2, [r3]
 278:Generated_Source\PSoC5/WaveDAC8_1.c **** 	#endif /* CY_PSOC3 */
 279:Generated_Source\PSoC5/WaveDAC8_1.c **** 	
 280:Generated_Source\PSoC5/WaveDAC8_1.c **** 	/*
 281:Generated_Source\PSoC5/WaveDAC8_1.c **** 	* TD is looping on itself. 
 282:Generated_Source\PSoC5/WaveDAC8_1.c **** 	* Increment the source address, but not the destination address. 
 283:Generated_Source\PSoC5/WaveDAC8_1.c **** 	*/
 284:Generated_Source\PSoC5/WaveDAC8_1.c **** 	(void)CyDmaTdSetConfiguration(WaveDAC8_1_Wave2TD, sampleSize, WaveDAC8_1_Wave2TD, 
 624              		.loc 1 284 0
 625 0028 104B     		ldr	r3, .L19+4
 626 002a 1978     		ldrb	r1, [r3]	@ zero_extendqisi2
ARM GAS  C:\Users\KJA\AppData\Local\Temp\ccnMlna6.s 			page 17


 627 002c 0F4B     		ldr	r3, .L19+4
 628 002e 1B78     		ldrb	r3, [r3]	@ zero_extendqisi2
 629 0030 7A88     		ldrh	r2, [r7, #2]
 630 0032 0846     		mov	r0, r1
 631 0034 1146     		mov	r1, r2
 632 0036 1A46     		mov	r2, r3
 633 0038 0123     		movs	r3, #1
 634 003a FFF7FEFF 		bl	CyDmaTdSetConfiguration
 285:Generated_Source\PSoC5/WaveDAC8_1.c ****                                     (uint8)CY_DMA_TD_INC_SRC_ADR | (uint8)WaveDAC8_1_Wave2_DMA__TD_
 286:Generated_Source\PSoC5/WaveDAC8_1.c **** 	
 287:Generated_Source\PSoC5/WaveDAC8_1.c **** 	/* Set the TD source and destination address */
 288:Generated_Source\PSoC5/WaveDAC8_1.c **** 	(void)CyDmaTdSetAddress(WaveDAC8_1_Wave2TD, LO16((uint32)wavePtr), LO16(WaveDAC8_1_DAC8__D));
 635              		.loc 1 288 0
 636 003e 0B4B     		ldr	r3, .L19+4
 637 0040 1A78     		ldrb	r2, [r3]	@ zero_extendqisi2
 638 0042 7B68     		ldr	r3, [r7, #4]
 639 0044 9BB2     		uxth	r3, r3
 640 0046 1046     		mov	r0, r2
 641 0048 1946     		mov	r1, r3
 642 004a 45F68332 		movw	r2, #23427
 643 004e FFF7FEFF 		bl	CyDmaTdSetAddress
 289:Generated_Source\PSoC5/WaveDAC8_1.c **** 	
 290:Generated_Source\PSoC5/WaveDAC8_1.c **** 	/* Associate the TD with the channel */
 291:Generated_Source\PSoC5/WaveDAC8_1.c **** 	(void)CyDmaChSetInitialTd(WaveDAC8_1_Wave2Chan, WaveDAC8_1_Wave2TD);
 644              		.loc 1 291 0
 645 0052 054B     		ldr	r3, .L19
 646 0054 1A78     		ldrb	r2, [r3]	@ zero_extendqisi2
 647 0056 054B     		ldr	r3, .L19+4
 648 0058 1B78     		ldrb	r3, [r3]	@ zero_extendqisi2
 649 005a 1046     		mov	r0, r2
 650 005c 1946     		mov	r1, r3
 651 005e FFF7FEFF 		bl	CyDmaChSetInitialTd
 292:Generated_Source\PSoC5/WaveDAC8_1.c **** }
 652              		.loc 1 292 0
 653 0062 0837     		adds	r7, r7, #8
 654              		.cfi_def_cfa_offset 8
 655 0064 BD46     		mov	sp, r7
 656              		.cfi_def_cfa_register 13
 657              		@ sp needed
 658 0066 80BD     		pop	{r7, pc}
 659              	.L20:
 660              		.align	2
 661              	.L19:
 662 0068 02000000 		.word	WaveDAC8_1_Wave2Chan
 663 006c 04000000 		.word	WaveDAC8_1_Wave2TD
 664              		.cfi_endproc
 665              	.LFE6:
 666              		.size	WaveDAC8_1_Wave2Setup, .-WaveDAC8_1_Wave2Setup
 667              		.text
 668              	.Letext0:
 669              		.file 2 "Generated_Source\\PSoC5\\cytypes.h"
 670              		.section	.debug_info,"",%progbits
 671              	.Ldebug_info0:
 672 0000 4A020000 		.4byte	0x24a
 673 0004 0400     		.2byte	0x4
 674 0006 00000000 		.4byte	.Ldebug_abbrev0
 675 000a 04       		.byte	0x4
ARM GAS  C:\Users\KJA\AppData\Local\Temp\ccnMlna6.s 			page 18


 676 000b 01       		.uleb128 0x1
 677 000c 38000000 		.4byte	.LASF36
 678 0010 01       		.byte	0x1
 679 0011 E9010000 		.4byte	.LASF37
 680 0015 85010000 		.4byte	.LASF38
 681 0019 00000000 		.4byte	.Ldebug_ranges0+0
 682 001d 00000000 		.4byte	0
 683 0021 00000000 		.4byte	.Ldebug_line0
 684 0025 02       		.uleb128 0x2
 685 0026 01       		.byte	0x1
 686 0027 06       		.byte	0x6
 687 0028 C5020000 		.4byte	.LASF0
 688 002c 02       		.uleb128 0x2
 689 002d 01       		.byte	0x1
 690 002e 08       		.byte	0x8
 691 002f CE010000 		.4byte	.LASF1
 692 0033 02       		.uleb128 0x2
 693 0034 02       		.byte	0x2
 694 0035 05       		.byte	0x5
 695 0036 B2020000 		.4byte	.LASF2
 696 003a 02       		.uleb128 0x2
 697 003b 02       		.byte	0x2
 698 003c 07       		.byte	0x7
 699 003d D1020000 		.4byte	.LASF3
 700 0041 02       		.uleb128 0x2
 701 0042 04       		.byte	0x4
 702 0043 05       		.byte	0x5
 703 0044 BC020000 		.4byte	.LASF4
 704 0048 02       		.uleb128 0x2
 705 0049 04       		.byte	0x4
 706 004a 07       		.byte	0x7
 707 004b 20010000 		.4byte	.LASF5
 708 004f 02       		.uleb128 0x2
 709 0050 08       		.byte	0x8
 710 0051 05       		.byte	0x5
 711 0052 40020000 		.4byte	.LASF6
 712 0056 02       		.uleb128 0x2
 713 0057 08       		.byte	0x8
 714 0058 07       		.byte	0x7
 715 0059 0D020000 		.4byte	.LASF7
 716 005d 03       		.uleb128 0x3
 717 005e 04       		.byte	0x4
 718 005f 05       		.byte	0x5
 719 0060 696E7400 		.ascii	"int\000"
 720 0064 02       		.uleb128 0x2
 721 0065 04       		.byte	0x4
 722 0066 07       		.byte	0x7
 723 0067 DC010000 		.4byte	.LASF8
 724 006b 04       		.uleb128 0x4
 725 006c 3A010000 		.4byte	.LASF9
 726 0070 02       		.byte	0x2
 727 0071 C2       		.byte	0xc2
 728 0072 2C000000 		.4byte	0x2c
 729 0076 04       		.uleb128 0x4
 730 0077 C0010000 		.4byte	.LASF10
 731 007b 02       		.byte	0x2
 732 007c C3       		.byte	0xc3
ARM GAS  C:\Users\KJA\AppData\Local\Temp\ccnMlna6.s 			page 19


 733 007d 3A000000 		.4byte	0x3a
 734 0081 04       		.uleb128 0x4
 735 0082 C7010000 		.4byte	.LASF11
 736 0086 02       		.byte	0x2
 737 0087 C4       		.byte	0xc4
 738 0088 48000000 		.4byte	0x48
 739 008c 02       		.uleb128 0x2
 740 008d 04       		.byte	0x4
 741 008e 04       		.byte	0x4
 742 008f FC000000 		.4byte	.LASF12
 743 0093 02       		.uleb128 0x2
 744 0094 08       		.byte	0x8
 745 0095 04       		.byte	0x4
 746 0096 6E010000 		.4byte	.LASF13
 747 009a 02       		.uleb128 0x2
 748 009b 01       		.byte	0x1
 749 009c 08       		.byte	0x8
 750 009d 4E020000 		.4byte	.LASF14
 751 00a1 02       		.uleb128 0x2
 752 00a2 04       		.byte	0x4
 753 00a3 07       		.byte	0x7
 754 00a4 37020000 		.4byte	.LASF15
 755 00a8 05       		.uleb128 0x5
 756 00a9 28000000 		.4byte	.LASF16
 757 00ad 01       		.byte	0x1
 758 00ae 2B       		.byte	0x2b
 759 00af 00000000 		.4byte	.LFB0
 760 00b3 54000000 		.4byte	.LFE0-.LFB0
 761 00b7 01       		.uleb128 0x1
 762 00b8 9C       		.byte	0x9c
 763 00b9 05       		.uleb128 0x5
 764 00ba 69020000 		.4byte	.LASF17
 765 00be 01       		.byte	0x1
 766 00bf 56       		.byte	0x56
 767 00c0 00000000 		.4byte	.LFB1
 768 00c4 34000000 		.4byte	.LFE1-.LFB1
 769 00c8 01       		.uleb128 0x1
 770 00c9 9C       		.byte	0x9c
 771 00ca 05       		.uleb128 0x5
 772 00cb C6000000 		.4byte	.LASF18
 773 00cf 01       		.byte	0x1
 774 00d0 81       		.byte	0x81
 775 00d1 00000000 		.4byte	.LFB2
 776 00d5 20000000 		.4byte	.LFE2-.LFB2
 777 00d9 01       		.uleb128 0x1
 778 00da 9C       		.byte	0x9c
 779 00db 06       		.uleb128 0x6
 780 00dc E9000000 		.4byte	.LASF24
 781 00e0 01       		.byte	0x1
 782 00e1 A3       		.byte	0xa3
 783 00e2 00000000 		.4byte	.LFB3
 784 00e6 32000000 		.4byte	.LFE3-.LFB3
 785 00ea 01       		.uleb128 0x1
 786 00eb 9C       		.byte	0x9c
 787 00ec 29010000 		.4byte	0x129
 788 00f0 07       		.uleb128 0x7
 789 00f1 D7000000 		.4byte	.LASF19
ARM GAS  C:\Users\KJA\AppData\Local\Temp\ccnMlna6.s 			page 20


 790 00f5 01       		.byte	0x1
 791 00f6 A3       		.byte	0xa3
 792 00f7 29010000 		.4byte	0x129
 793 00fb 02       		.uleb128 0x2
 794 00fc 91       		.byte	0x91
 795 00fd 74       		.sleb128 -12
 796 00fe 07       		.uleb128 0x7
 797 00ff 40010000 		.4byte	.LASF20
 798 0103 01       		.byte	0x1
 799 0104 A3       		.byte	0xa3
 800 0105 76000000 		.4byte	0x76
 801 0109 02       		.uleb128 0x2
 802 010a 91       		.byte	0x91
 803 010b 72       		.sleb128 -14
 804 010c 07       		.uleb128 0x7
 805 010d E0000000 		.4byte	.LASF21
 806 0111 01       		.byte	0x1
 807 0112 A3       		.byte	0xa3
 808 0113 29010000 		.4byte	0x129
 809 0117 02       		.uleb128 0x2
 810 0118 91       		.byte	0x91
 811 0119 6C       		.sleb128 -20
 812 011a 07       		.uleb128 0x7
 813 011b 4C010000 		.4byte	.LASF22
 814 011f 01       		.byte	0x1
 815 0120 A3       		.byte	0xa3
 816 0121 76000000 		.4byte	0x76
 817 0125 02       		.uleb128 0x2
 818 0126 91       		.byte	0x91
 819 0127 70       		.sleb128 -16
 820 0128 00       		.byte	0
 821 0129 08       		.uleb128 0x8
 822 012a 04       		.byte	0x4
 823 012b 2F010000 		.4byte	0x12f
 824 012f 09       		.uleb128 0x9
 825 0130 6B000000 		.4byte	0x6b
 826 0134 05       		.uleb128 0x5
 827 0135 75010000 		.4byte	.LASF23
 828 0139 01       		.byte	0x1
 829 013a BB       		.byte	0xbb
 830 013b 00000000 		.4byte	.LFB4
 831 013f 28000000 		.4byte	.LFE4-.LFB4
 832 0143 01       		.uleb128 0x1
 833 0144 9C       		.byte	0x9c
 834 0145 06       		.uleb128 0x6
 835 0146 58010000 		.4byte	.LASF25
 836 014a 01       		.byte	0x1
 837 014b DA       		.byte	0xda
 838 014c 00000000 		.4byte	.LFB5
 839 0150 70000000 		.4byte	.LFE5-.LFB5
 840 0154 01       		.uleb128 0x1
 841 0155 9C       		.byte	0x9c
 842 0156 77010000 		.4byte	0x177
 843 015a 07       		.uleb128 0x7
 844 015b 32010000 		.4byte	.LASF26
 845 015f 01       		.byte	0x1
 846 0160 DA       		.byte	0xda
ARM GAS  C:\Users\KJA\AppData\Local\Temp\ccnMlna6.s 			page 21


 847 0161 29010000 		.4byte	0x129
 848 0165 02       		.uleb128 0x2
 849 0166 91       		.byte	0x91
 850 0167 74       		.sleb128 -12
 851 0168 07       		.uleb128 0x7
 852 0169 15010000 		.4byte	.LASF27
 853 016d 01       		.byte	0x1
 854 016e DA       		.byte	0xda
 855 016f 76000000 		.4byte	0x76
 856 0173 02       		.uleb128 0x2
 857 0174 91       		.byte	0x91
 858 0175 72       		.sleb128 -14
 859 0176 00       		.byte	0
 860 0177 0A       		.uleb128 0xa
 861 0178 53020000 		.4byte	.LASF28
 862 017c 01       		.byte	0x1
 863 017d 0801     		.2byte	0x108
 864 017f 00000000 		.4byte	.LFB6
 865 0183 70000000 		.4byte	.LFE6-.LFB6
 866 0187 01       		.uleb128 0x1
 867 0188 9C       		.byte	0x9c
 868 0189 AC010000 		.4byte	0x1ac
 869 018d 0B       		.uleb128 0xb
 870 018e 32010000 		.4byte	.LASF26
 871 0192 01       		.byte	0x1
 872 0193 0801     		.2byte	0x108
 873 0195 29010000 		.4byte	0x129
 874 0199 02       		.uleb128 0x2
 875 019a 91       		.byte	0x91
 876 019b 74       		.sleb128 -12
 877 019c 0B       		.uleb128 0xb
 878 019d 15010000 		.4byte	.LASF27
 879 01a1 01       		.byte	0x1
 880 01a2 0801     		.2byte	0x108
 881 01a4 76000000 		.4byte	0x76
 882 01a8 02       		.uleb128 0x2
 883 01a9 91       		.byte	0x91
 884 01aa 72       		.sleb128 -14
 885 01ab 00       		.byte	0
 886 01ac 0C       		.uleb128 0xc
 887 01ad 9D020000 		.4byte	.LASF29
 888 01b1 01       		.byte	0x1
 889 01b2 17       		.byte	0x17
 890 01b3 6B000000 		.4byte	0x6b
 891 01b7 05       		.uleb128 0x5
 892 01b8 03       		.byte	0x3
 893 01b9 01000000 		.4byte	WaveDAC8_1_Wave1Chan
 894 01bd 0C       		.uleb128 0xc
 895 01be 13000000 		.4byte	.LASF30
 896 01c2 01       		.byte	0x1
 897 01c3 18       		.byte	0x18
 898 01c4 6B000000 		.4byte	0x6b
 899 01c8 05       		.uleb128 0x5
 900 01c9 03       		.byte	0x3
 901 01ca 02000000 		.4byte	WaveDAC8_1_Wave2Chan
 902 01ce 0C       		.uleb128 0xc
 903 01cf 02010000 		.4byte	.LASF31
ARM GAS  C:\Users\KJA\AppData\Local\Temp\ccnMlna6.s 			page 22


 904 01d3 01       		.byte	0x1
 905 01d4 19       		.byte	0x19
 906 01d5 6B000000 		.4byte	0x6b
 907 01d9 05       		.uleb128 0x5
 908 01da 03       		.byte	0x3
 909 01db 03000000 		.4byte	WaveDAC8_1_Wave1TD
 910 01df 0C       		.uleb128 0xc
 911 01e0 24020000 		.4byte	.LASF32
 912 01e4 01       		.byte	0x1
 913 01e5 1A       		.byte	0x1a
 914 01e6 6B000000 		.4byte	0x6b
 915 01ea 05       		.uleb128 0x5
 916 01eb 03       		.byte	0x3
 917 01ec 04000000 		.4byte	WaveDAC8_1_Wave2TD
 918 01f0 0D       		.uleb128 0xd
 919 01f1 00000000 		.4byte	.LASF33
 920 01f5 01       		.byte	0x1
 921 01f6 12       		.byte	0x12
 922 01f7 6B000000 		.4byte	0x6b
 923 01fb 05       		.uleb128 0x5
 924 01fc 03       		.byte	0x3
 925 01fd 00000000 		.4byte	WaveDAC8_1_initVar
 926 0201 0E       		.uleb128 0xe
 927 0202 6B000000 		.4byte	0x6b
 928 0206 11020000 		.4byte	0x211
 929 020a 0F       		.uleb128 0xf
 930 020b A1000000 		.4byte	0xa1
 931 020f 63       		.byte	0x63
 932 0210 00       		.byte	0
 933 0211 0D       		.uleb128 0xd
 934 0212 7B020000 		.4byte	.LASF34
 935 0216 01       		.byte	0x1
 936 0217 14       		.byte	0x14
 937 0218 22020000 		.4byte	0x222
 938 021c 05       		.uleb128 0x5
 939 021d 03       		.byte	0x3
 940 021e 00000000 		.4byte	WaveDAC8_1_wave1
 941 0222 09       		.uleb128 0x9
 942 0223 01020000 		.4byte	0x201
 943 0227 0E       		.uleb128 0xe
 944 0228 6B000000 		.4byte	0x6b
 945 022c 37020000 		.4byte	0x237
 946 0230 0F       		.uleb128 0xf
 947 0231 A1000000 		.4byte	0xa1
 948 0235 7C       		.byte	0x7c
 949 0236 00       		.byte	0
 950 0237 0D       		.uleb128 0xd
 951 0238 8C020000 		.4byte	.LASF35
 952 023c 01       		.byte	0x1
 953 023d 15       		.byte	0x15
 954 023e 48020000 		.4byte	0x248
 955 0242 05       		.uleb128 0x5
 956 0243 03       		.byte	0x3
 957 0244 00000000 		.4byte	WaveDAC8_1_wave2
 958 0248 09       		.uleb128 0x9
 959 0249 27020000 		.4byte	0x227
 960 024d 00       		.byte	0
ARM GAS  C:\Users\KJA\AppData\Local\Temp\ccnMlna6.s 			page 23


 961              		.section	.debug_abbrev,"",%progbits
 962              	.Ldebug_abbrev0:
 963 0000 01       		.uleb128 0x1
 964 0001 11       		.uleb128 0x11
 965 0002 01       		.byte	0x1
 966 0003 25       		.uleb128 0x25
 967 0004 0E       		.uleb128 0xe
 968 0005 13       		.uleb128 0x13
 969 0006 0B       		.uleb128 0xb
 970 0007 03       		.uleb128 0x3
 971 0008 0E       		.uleb128 0xe
 972 0009 1B       		.uleb128 0x1b
 973 000a 0E       		.uleb128 0xe
 974 000b 55       		.uleb128 0x55
 975 000c 17       		.uleb128 0x17
 976 000d 11       		.uleb128 0x11
 977 000e 01       		.uleb128 0x1
 978 000f 10       		.uleb128 0x10
 979 0010 17       		.uleb128 0x17
 980 0011 00       		.byte	0
 981 0012 00       		.byte	0
 982 0013 02       		.uleb128 0x2
 983 0014 24       		.uleb128 0x24
 984 0015 00       		.byte	0
 985 0016 0B       		.uleb128 0xb
 986 0017 0B       		.uleb128 0xb
 987 0018 3E       		.uleb128 0x3e
 988 0019 0B       		.uleb128 0xb
 989 001a 03       		.uleb128 0x3
 990 001b 0E       		.uleb128 0xe
 991 001c 00       		.byte	0
 992 001d 00       		.byte	0
 993 001e 03       		.uleb128 0x3
 994 001f 24       		.uleb128 0x24
 995 0020 00       		.byte	0
 996 0021 0B       		.uleb128 0xb
 997 0022 0B       		.uleb128 0xb
 998 0023 3E       		.uleb128 0x3e
 999 0024 0B       		.uleb128 0xb
 1000 0025 03       		.uleb128 0x3
 1001 0026 08       		.uleb128 0x8
 1002 0027 00       		.byte	0
 1003 0028 00       		.byte	0
 1004 0029 04       		.uleb128 0x4
 1005 002a 16       		.uleb128 0x16
 1006 002b 00       		.byte	0
 1007 002c 03       		.uleb128 0x3
 1008 002d 0E       		.uleb128 0xe
 1009 002e 3A       		.uleb128 0x3a
 1010 002f 0B       		.uleb128 0xb
 1011 0030 3B       		.uleb128 0x3b
 1012 0031 0B       		.uleb128 0xb
 1013 0032 49       		.uleb128 0x49
 1014 0033 13       		.uleb128 0x13
 1015 0034 00       		.byte	0
 1016 0035 00       		.byte	0
 1017 0036 05       		.uleb128 0x5
ARM GAS  C:\Users\KJA\AppData\Local\Temp\ccnMlna6.s 			page 24


 1018 0037 2E       		.uleb128 0x2e
 1019 0038 00       		.byte	0
 1020 0039 3F       		.uleb128 0x3f
 1021 003a 19       		.uleb128 0x19
 1022 003b 03       		.uleb128 0x3
 1023 003c 0E       		.uleb128 0xe
 1024 003d 3A       		.uleb128 0x3a
 1025 003e 0B       		.uleb128 0xb
 1026 003f 3B       		.uleb128 0x3b
 1027 0040 0B       		.uleb128 0xb
 1028 0041 27       		.uleb128 0x27
 1029 0042 19       		.uleb128 0x19
 1030 0043 11       		.uleb128 0x11
 1031 0044 01       		.uleb128 0x1
 1032 0045 12       		.uleb128 0x12
 1033 0046 06       		.uleb128 0x6
 1034 0047 40       		.uleb128 0x40
 1035 0048 18       		.uleb128 0x18
 1036 0049 9642     		.uleb128 0x2116
 1037 004b 19       		.uleb128 0x19
 1038 004c 00       		.byte	0
 1039 004d 00       		.byte	0
 1040 004e 06       		.uleb128 0x6
 1041 004f 2E       		.uleb128 0x2e
 1042 0050 01       		.byte	0x1
 1043 0051 3F       		.uleb128 0x3f
 1044 0052 19       		.uleb128 0x19
 1045 0053 03       		.uleb128 0x3
 1046 0054 0E       		.uleb128 0xe
 1047 0055 3A       		.uleb128 0x3a
 1048 0056 0B       		.uleb128 0xb
 1049 0057 3B       		.uleb128 0x3b
 1050 0058 0B       		.uleb128 0xb
 1051 0059 27       		.uleb128 0x27
 1052 005a 19       		.uleb128 0x19
 1053 005b 11       		.uleb128 0x11
 1054 005c 01       		.uleb128 0x1
 1055 005d 12       		.uleb128 0x12
 1056 005e 06       		.uleb128 0x6
 1057 005f 40       		.uleb128 0x40
 1058 0060 18       		.uleb128 0x18
 1059 0061 9642     		.uleb128 0x2116
 1060 0063 19       		.uleb128 0x19
 1061 0064 01       		.uleb128 0x1
 1062 0065 13       		.uleb128 0x13
 1063 0066 00       		.byte	0
 1064 0067 00       		.byte	0
 1065 0068 07       		.uleb128 0x7
 1066 0069 05       		.uleb128 0x5
 1067 006a 00       		.byte	0
 1068 006b 03       		.uleb128 0x3
 1069 006c 0E       		.uleb128 0xe
 1070 006d 3A       		.uleb128 0x3a
 1071 006e 0B       		.uleb128 0xb
 1072 006f 3B       		.uleb128 0x3b
 1073 0070 0B       		.uleb128 0xb
 1074 0071 49       		.uleb128 0x49
ARM GAS  C:\Users\KJA\AppData\Local\Temp\ccnMlna6.s 			page 25


 1075 0072 13       		.uleb128 0x13
 1076 0073 02       		.uleb128 0x2
 1077 0074 18       		.uleb128 0x18
 1078 0075 00       		.byte	0
 1079 0076 00       		.byte	0
 1080 0077 08       		.uleb128 0x8
 1081 0078 0F       		.uleb128 0xf
 1082 0079 00       		.byte	0
 1083 007a 0B       		.uleb128 0xb
 1084 007b 0B       		.uleb128 0xb
 1085 007c 49       		.uleb128 0x49
 1086 007d 13       		.uleb128 0x13
 1087 007e 00       		.byte	0
 1088 007f 00       		.byte	0
 1089 0080 09       		.uleb128 0x9
 1090 0081 26       		.uleb128 0x26
 1091 0082 00       		.byte	0
 1092 0083 49       		.uleb128 0x49
 1093 0084 13       		.uleb128 0x13
 1094 0085 00       		.byte	0
 1095 0086 00       		.byte	0
 1096 0087 0A       		.uleb128 0xa
 1097 0088 2E       		.uleb128 0x2e
 1098 0089 01       		.byte	0x1
 1099 008a 3F       		.uleb128 0x3f
 1100 008b 19       		.uleb128 0x19
 1101 008c 03       		.uleb128 0x3
 1102 008d 0E       		.uleb128 0xe
 1103 008e 3A       		.uleb128 0x3a
 1104 008f 0B       		.uleb128 0xb
 1105 0090 3B       		.uleb128 0x3b
 1106 0091 05       		.uleb128 0x5
 1107 0092 27       		.uleb128 0x27
 1108 0093 19       		.uleb128 0x19
 1109 0094 11       		.uleb128 0x11
 1110 0095 01       		.uleb128 0x1
 1111 0096 12       		.uleb128 0x12
 1112 0097 06       		.uleb128 0x6
 1113 0098 40       		.uleb128 0x40
 1114 0099 18       		.uleb128 0x18
 1115 009a 9642     		.uleb128 0x2116
 1116 009c 19       		.uleb128 0x19
 1117 009d 01       		.uleb128 0x1
 1118 009e 13       		.uleb128 0x13
 1119 009f 00       		.byte	0
 1120 00a0 00       		.byte	0
 1121 00a1 0B       		.uleb128 0xb
 1122 00a2 05       		.uleb128 0x5
 1123 00a3 00       		.byte	0
 1124 00a4 03       		.uleb128 0x3
 1125 00a5 0E       		.uleb128 0xe
 1126 00a6 3A       		.uleb128 0x3a
 1127 00a7 0B       		.uleb128 0xb
 1128 00a8 3B       		.uleb128 0x3b
 1129 00a9 05       		.uleb128 0x5
 1130 00aa 49       		.uleb128 0x49
 1131 00ab 13       		.uleb128 0x13
ARM GAS  C:\Users\KJA\AppData\Local\Temp\ccnMlna6.s 			page 26


 1132 00ac 02       		.uleb128 0x2
 1133 00ad 18       		.uleb128 0x18
 1134 00ae 00       		.byte	0
 1135 00af 00       		.byte	0
 1136 00b0 0C       		.uleb128 0xc
 1137 00b1 34       		.uleb128 0x34
 1138 00b2 00       		.byte	0
 1139 00b3 03       		.uleb128 0x3
 1140 00b4 0E       		.uleb128 0xe
 1141 00b5 3A       		.uleb128 0x3a
 1142 00b6 0B       		.uleb128 0xb
 1143 00b7 3B       		.uleb128 0x3b
 1144 00b8 0B       		.uleb128 0xb
 1145 00b9 49       		.uleb128 0x49
 1146 00ba 13       		.uleb128 0x13
 1147 00bb 02       		.uleb128 0x2
 1148 00bc 18       		.uleb128 0x18
 1149 00bd 00       		.byte	0
 1150 00be 00       		.byte	0
 1151 00bf 0D       		.uleb128 0xd
 1152 00c0 34       		.uleb128 0x34
 1153 00c1 00       		.byte	0
 1154 00c2 03       		.uleb128 0x3
 1155 00c3 0E       		.uleb128 0xe
 1156 00c4 3A       		.uleb128 0x3a
 1157 00c5 0B       		.uleb128 0xb
 1158 00c6 3B       		.uleb128 0x3b
 1159 00c7 0B       		.uleb128 0xb
 1160 00c8 49       		.uleb128 0x49
 1161 00c9 13       		.uleb128 0x13
 1162 00ca 3F       		.uleb128 0x3f
 1163 00cb 19       		.uleb128 0x19
 1164 00cc 02       		.uleb128 0x2
 1165 00cd 18       		.uleb128 0x18
 1166 00ce 00       		.byte	0
 1167 00cf 00       		.byte	0
 1168 00d0 0E       		.uleb128 0xe
 1169 00d1 01       		.uleb128 0x1
 1170 00d2 01       		.byte	0x1
 1171 00d3 49       		.uleb128 0x49
 1172 00d4 13       		.uleb128 0x13
 1173 00d5 01       		.uleb128 0x1
 1174 00d6 13       		.uleb128 0x13
 1175 00d7 00       		.byte	0
 1176 00d8 00       		.byte	0
 1177 00d9 0F       		.uleb128 0xf
 1178 00da 21       		.uleb128 0x21
 1179 00db 00       		.byte	0
 1180 00dc 49       		.uleb128 0x49
 1181 00dd 13       		.uleb128 0x13
 1182 00de 2F       		.uleb128 0x2f
 1183 00df 0B       		.uleb128 0xb
 1184 00e0 00       		.byte	0
 1185 00e1 00       		.byte	0
 1186 00e2 00       		.byte	0
 1187              		.section	.debug_aranges,"",%progbits
 1188 0000 4C000000 		.4byte	0x4c
ARM GAS  C:\Users\KJA\AppData\Local\Temp\ccnMlna6.s 			page 27


 1189 0004 0200     		.2byte	0x2
 1190 0006 00000000 		.4byte	.Ldebug_info0
 1191 000a 04       		.byte	0x4
 1192 000b 00       		.byte	0
 1193 000c 0000     		.2byte	0
 1194 000e 0000     		.2byte	0
 1195 0010 00000000 		.4byte	.LFB0
 1196 0014 54000000 		.4byte	.LFE0-.LFB0
 1197 0018 00000000 		.4byte	.LFB1
 1198 001c 34000000 		.4byte	.LFE1-.LFB1
 1199 0020 00000000 		.4byte	.LFB2
 1200 0024 20000000 		.4byte	.LFE2-.LFB2
 1201 0028 00000000 		.4byte	.LFB3
 1202 002c 32000000 		.4byte	.LFE3-.LFB3
 1203 0030 00000000 		.4byte	.LFB4
 1204 0034 28000000 		.4byte	.LFE4-.LFB4
 1205 0038 00000000 		.4byte	.LFB5
 1206 003c 70000000 		.4byte	.LFE5-.LFB5
 1207 0040 00000000 		.4byte	.LFB6
 1208 0044 70000000 		.4byte	.LFE6-.LFB6
 1209 0048 00000000 		.4byte	0
 1210 004c 00000000 		.4byte	0
 1211              		.section	.debug_ranges,"",%progbits
 1212              	.Ldebug_ranges0:
 1213 0000 00000000 		.4byte	.LFB0
 1214 0004 54000000 		.4byte	.LFE0
 1215 0008 00000000 		.4byte	.LFB1
 1216 000c 34000000 		.4byte	.LFE1
 1217 0010 00000000 		.4byte	.LFB2
 1218 0014 20000000 		.4byte	.LFE2
 1219 0018 00000000 		.4byte	.LFB3
 1220 001c 32000000 		.4byte	.LFE3
 1221 0020 00000000 		.4byte	.LFB4
 1222 0024 28000000 		.4byte	.LFE4
 1223 0028 00000000 		.4byte	.LFB5
 1224 002c 70000000 		.4byte	.LFE5
 1225 0030 00000000 		.4byte	.LFB6
 1226 0034 70000000 		.4byte	.LFE6
 1227 0038 00000000 		.4byte	0
 1228 003c 00000000 		.4byte	0
 1229              		.section	.debug_line,"",%progbits
 1230              	.Ldebug_line0:
 1231 0000 EC000000 		.section	.debug_str,"MS",%progbits,1
 1231      02004700 
 1231      00000201 
 1231      FB0E0D00 
 1231      01010101 
 1232              	.LASF33:
 1233 0000 57617665 		.ascii	"WaveDAC8_1_initVar\000"
 1233      44414338 
 1233      5F315F69 
 1233      6E697456 
 1233      617200
 1234              	.LASF30:
 1235 0013 57617665 		.ascii	"WaveDAC8_1_Wave2Chan\000"
 1235      44414338 
 1235      5F315F57 
ARM GAS  C:\Users\KJA\AppData\Local\Temp\ccnMlna6.s 			page 28


 1235      61766532 
 1235      4368616E 
 1236              	.LASF16:
 1237 0028 57617665 		.ascii	"WaveDAC8_1_Init\000"
 1237      44414338 
 1237      5F315F49 
 1237      6E697400 
 1238              	.LASF36:
 1239 0038 474E5520 		.ascii	"GNU C 4.9.3 20150303 (release) [ARM/embedded-4_9-br"
 1239      4320342E 
 1239      392E3320 
 1239      32303135 
 1239      30333033 
 1240 006b 616E6368 		.ascii	"anch revision 221220] -mcpu=cortex-m3 -mthumb -g -O"
 1240      20726576 
 1240      6973696F 
 1240      6E203232 
 1240      31323230 
 1241 009e 30202D66 		.ascii	"0 -ffunction-sections -ffat-lto-objects\000"
 1241      66756E63 
 1241      74696F6E 
 1241      2D736563 
 1241      74696F6E 
 1242              	.LASF18:
 1243 00c6 57617665 		.ascii	"WaveDAC8_1_Start\000"
 1243      44414338 
 1243      5F315F53 
 1243      74617274 
 1243      00
 1244              	.LASF19:
 1245 00d7 77617665 		.ascii	"wavePtr1\000"
 1245      50747231 
 1245      00
 1246              	.LASF21:
 1247 00e0 77617665 		.ascii	"wavePtr2\000"
 1247      50747232 
 1247      00
 1248              	.LASF24:
 1249 00e9 57617665 		.ascii	"WaveDAC8_1_StartEx\000"
 1249      44414338 
 1249      5F315F53 
 1249      74617274 
 1249      457800
 1250              	.LASF12:
 1251 00fc 666C6F61 		.ascii	"float\000"
 1251      7400
 1252              	.LASF31:
 1253 0102 57617665 		.ascii	"WaveDAC8_1_Wave1TD\000"
 1253      44414338 
 1253      5F315F57 
 1253      61766531 
 1253      544400
 1254              	.LASF27:
 1255 0115 73616D70 		.ascii	"sampleSize\000"
 1255      6C655369 
 1255      7A6500
 1256              	.LASF5:
ARM GAS  C:\Users\KJA\AppData\Local\Temp\ccnMlna6.s 			page 29


 1257 0120 6C6F6E67 		.ascii	"long unsigned int\000"
 1257      20756E73 
 1257      69676E65 
 1257      6420696E 
 1257      7400
 1258              	.LASF26:
 1259 0132 77617665 		.ascii	"wavePtr\000"
 1259      50747200 
 1260              	.LASF9:
 1261 013a 75696E74 		.ascii	"uint8\000"
 1261      3800
 1262              	.LASF20:
 1263 0140 73616D70 		.ascii	"sampleSize1\000"
 1263      6C655369 
 1263      7A653100 
 1264              	.LASF22:
 1265 014c 73616D70 		.ascii	"sampleSize2\000"
 1265      6C655369 
 1265      7A653200 
 1266              	.LASF25:
 1267 0158 57617665 		.ascii	"WaveDAC8_1_Wave1Setup\000"
 1267      44414338 
 1267      5F315F57 
 1267      61766531 
 1267      53657475 
 1268              	.LASF13:
 1269 016e 646F7562 		.ascii	"double\000"
 1269      6C6500
 1270              	.LASF23:
 1271 0175 57617665 		.ascii	"WaveDAC8_1_Stop\000"
 1271      44414338 
 1271      5F315F53 
 1271      746F7000 
 1272              	.LASF38:
 1273 0185 443A5C57 		.ascii	"D:\\Workspace\\PSoC_Creator\\Active_Load\\Active_Lo"
 1273      6F726B73 
 1273      70616365 
 1273      5C50536F 
 1273      435F4372 
 1274 01b4 61645F76 		.ascii	"ad_v9.cydsn\000"
 1274      392E6379 
 1274      64736E00 
 1275              	.LASF10:
 1276 01c0 75696E74 		.ascii	"uint16\000"
 1276      313600
 1277              	.LASF11:
 1278 01c7 75696E74 		.ascii	"uint32\000"
 1278      333200
 1279              	.LASF1:
 1280 01ce 756E7369 		.ascii	"unsigned char\000"
 1280      676E6564 
 1280      20636861 
 1280      7200
 1281              	.LASF8:
 1282 01dc 756E7369 		.ascii	"unsigned int\000"
 1282      676E6564 
 1282      20696E74 
ARM GAS  C:\Users\KJA\AppData\Local\Temp\ccnMlna6.s 			page 30


 1282      00
 1283              	.LASF37:
 1284 01e9 47656E65 		.ascii	"Generated_Source\\PSoC5\\WaveDAC8_1.c\000"
 1284      72617465 
 1284      645F536F 
 1284      75726365 
 1284      5C50536F 
 1285              	.LASF7:
 1286 020d 6C6F6E67 		.ascii	"long long unsigned int\000"
 1286      206C6F6E 
 1286      6720756E 
 1286      7369676E 
 1286      65642069 
 1287              	.LASF32:
 1288 0224 57617665 		.ascii	"WaveDAC8_1_Wave2TD\000"
 1288      44414338 
 1288      5F315F57 
 1288      61766532 
 1288      544400
 1289              	.LASF15:
 1290 0237 73697A65 		.ascii	"sizetype\000"
 1290      74797065 
 1290      00
 1291              	.LASF6:
 1292 0240 6C6F6E67 		.ascii	"long long int\000"
 1292      206C6F6E 
 1292      6720696E 
 1292      7400
 1293              	.LASF14:
 1294 024e 63686172 		.ascii	"char\000"
 1294      00
 1295              	.LASF28:
 1296 0253 57617665 		.ascii	"WaveDAC8_1_Wave2Setup\000"
 1296      44414338 
 1296      5F315F57 
 1296      61766532 
 1296      53657475 
 1297              	.LASF17:
 1298 0269 57617665 		.ascii	"WaveDAC8_1_Enable\000"
 1298      44414338 
 1298      5F315F45 
 1298      6E61626C 
 1298      6500
 1299              	.LASF34:
 1300 027b 57617665 		.ascii	"WaveDAC8_1_wave1\000"
 1300      44414338 
 1300      5F315F77 
 1300      61766531 
 1300      00
 1301              	.LASF35:
 1302 028c 57617665 		.ascii	"WaveDAC8_1_wave2\000"
 1302      44414338 
 1302      5F315F77 
 1302      61766532 
 1302      00
 1303              	.LASF29:
 1304 029d 57617665 		.ascii	"WaveDAC8_1_Wave1Chan\000"
ARM GAS  C:\Users\KJA\AppData\Local\Temp\ccnMlna6.s 			page 31


 1304      44414338 
 1304      5F315F57 
 1304      61766531 
 1304      4368616E 
 1305              	.LASF2:
 1306 02b2 73686F72 		.ascii	"short int\000"
 1306      7420696E 
 1306      7400
 1307              	.LASF4:
 1308 02bc 6C6F6E67 		.ascii	"long int\000"
 1308      20696E74 
 1308      00
 1309              	.LASF0:
 1310 02c5 7369676E 		.ascii	"signed char\000"
 1310      65642063 
 1310      68617200 
 1311              	.LASF3:
 1312 02d1 73686F72 		.ascii	"short unsigned int\000"
 1312      7420756E 
 1312      7369676E 
 1312      65642069 
 1312      6E7400
 1313              		.ident	"GCC: (GNU Tools for ARM Embedded Processors) 4.9.3 20150303 (release) [ARM/embedded-4_9-br
