ARM GAS  C:\Users\KJA\AppData\Local\Temp\cct1kx2K.s 			page 1


   1              		.syntax unified
   2              		.cpu cortex-m3
   3              		.fpu softvfp
   4              		.eabi_attribute 20, 1
   5              		.eabi_attribute 21, 1
   6              		.eabi_attribute 23, 3
   7              		.eabi_attribute 24, 1
   8              		.eabi_attribute 25, 1
   9              		.eabi_attribute 26, 1
  10              		.eabi_attribute 30, 6
  11              		.eabi_attribute 34, 1
  12              		.eabi_attribute 18, 4
  13              		.thumb
  14              		.file	"Wave_Reg.c"
  15              		.text
  16              	.Ltext0:
  17              		.cfi_sections	.debug_frame
  18              		.section	.text.Wave_Reg_Write,"ax",%progbits
  19              		.align	2
  20              		.global	Wave_Reg_Write
  21              		.thumb
  22              		.thumb_func
  23              		.type	Wave_Reg_Write, %function
  24              	Wave_Reg_Write:
  25              	.LFB0:
  26              		.file 1 "Generated_Source\\PSoC5\\Wave_Reg.c"
   1:Generated_Source\PSoC5/Wave_Reg.c **** /*******************************************************************************
   2:Generated_Source\PSoC5/Wave_Reg.c **** * File Name: Wave_Reg.c  
   3:Generated_Source\PSoC5/Wave_Reg.c **** * Version 1.80
   4:Generated_Source\PSoC5/Wave_Reg.c **** *
   5:Generated_Source\PSoC5/Wave_Reg.c **** * Description:
   6:Generated_Source\PSoC5/Wave_Reg.c **** *  This file contains API to enable firmware control of a Control Register.
   7:Generated_Source\PSoC5/Wave_Reg.c **** *
   8:Generated_Source\PSoC5/Wave_Reg.c **** * Note:
   9:Generated_Source\PSoC5/Wave_Reg.c **** *
  10:Generated_Source\PSoC5/Wave_Reg.c **** ********************************************************************************
  11:Generated_Source\PSoC5/Wave_Reg.c **** * Copyright 2008-2015, Cypress Semiconductor Corporation.  All rights reserved.
  12:Generated_Source\PSoC5/Wave_Reg.c **** * You may use this file only in accordance with the license, terms, conditions, 
  13:Generated_Source\PSoC5/Wave_Reg.c **** * disclaimers, and limitations in the end user license agreement accompanying 
  14:Generated_Source\PSoC5/Wave_Reg.c **** * the software package with which this file was provided.
  15:Generated_Source\PSoC5/Wave_Reg.c **** *******************************************************************************/
  16:Generated_Source\PSoC5/Wave_Reg.c **** 
  17:Generated_Source\PSoC5/Wave_Reg.c **** #include "Wave_Reg.h"
  18:Generated_Source\PSoC5/Wave_Reg.c **** 
  19:Generated_Source\PSoC5/Wave_Reg.c **** /* Check for removal by optimization */
  20:Generated_Source\PSoC5/Wave_Reg.c **** #if !defined(Wave_Reg_Sync_ctrl_reg__REMOVED)
  21:Generated_Source\PSoC5/Wave_Reg.c **** 
  22:Generated_Source\PSoC5/Wave_Reg.c ****     
  23:Generated_Source\PSoC5/Wave_Reg.c **** /*******************************************************************************
  24:Generated_Source\PSoC5/Wave_Reg.c **** * Function Name: Wave_Reg_Write
  25:Generated_Source\PSoC5/Wave_Reg.c **** ********************************************************************************
  26:Generated_Source\PSoC5/Wave_Reg.c **** *
  27:Generated_Source\PSoC5/Wave_Reg.c **** * Summary:
  28:Generated_Source\PSoC5/Wave_Reg.c **** *  Write a byte to the Control Register.
  29:Generated_Source\PSoC5/Wave_Reg.c **** *
  30:Generated_Source\PSoC5/Wave_Reg.c **** * Parameters:
  31:Generated_Source\PSoC5/Wave_Reg.c **** *  control:  The value to be assigned to the Control Register.
ARM GAS  C:\Users\KJA\AppData\Local\Temp\cct1kx2K.s 			page 2


  32:Generated_Source\PSoC5/Wave_Reg.c **** *
  33:Generated_Source\PSoC5/Wave_Reg.c **** * Return:
  34:Generated_Source\PSoC5/Wave_Reg.c **** *  None.
  35:Generated_Source\PSoC5/Wave_Reg.c **** *
  36:Generated_Source\PSoC5/Wave_Reg.c **** *******************************************************************************/
  37:Generated_Source\PSoC5/Wave_Reg.c **** void Wave_Reg_Write(uint8 control) 
  38:Generated_Source\PSoC5/Wave_Reg.c **** {
  27              		.loc 1 38 0
  28              		.cfi_startproc
  29              		@ args = 0, pretend = 0, frame = 8
  30              		@ frame_needed = 1, uses_anonymous_args = 0
  31              		@ link register save eliminated.
  32 0000 80B4     		push	{r7}
  33              		.cfi_def_cfa_offset 4
  34              		.cfi_offset 7, -4
  35 0002 83B0     		sub	sp, sp, #12
  36              		.cfi_def_cfa_offset 16
  37 0004 00AF     		add	r7, sp, #0
  38              		.cfi_def_cfa_register 7
  39 0006 0346     		mov	r3, r0
  40 0008 FB71     		strb	r3, [r7, #7]
  39:Generated_Source\PSoC5/Wave_Reg.c ****     Wave_Reg_Control = control;
  41              		.loc 1 39 0
  42 000a 044A     		ldr	r2, .L2
  43 000c FB79     		ldrb	r3, [r7, #7]
  44 000e 1370     		strb	r3, [r2]
  40:Generated_Source\PSoC5/Wave_Reg.c **** }
  45              		.loc 1 40 0
  46 0010 0C37     		adds	r7, r7, #12
  47              		.cfi_def_cfa_offset 4
  48 0012 BD46     		mov	sp, r7
  49              		.cfi_def_cfa_register 13
  50              		@ sp needed
  51 0014 5DF8047B 		ldr	r7, [sp], #4
  52              		.cfi_restore 7
  53              		.cfi_def_cfa_offset 0
  54 0018 7047     		bx	lr
  55              	.L3:
  56 001a 00BF     		.align	2
  57              	.L2:
  58 001c 71640040 		.word	1073767537
  59              		.cfi_endproc
  60              	.LFE0:
  61              		.size	Wave_Reg_Write, .-Wave_Reg_Write
  62              		.section	.text.Wave_Reg_Read,"ax",%progbits
  63              		.align	2
  64              		.global	Wave_Reg_Read
  65              		.thumb
  66              		.thumb_func
  67              		.type	Wave_Reg_Read, %function
  68              	Wave_Reg_Read:
  69              	.LFB1:
  41:Generated_Source\PSoC5/Wave_Reg.c **** 
  42:Generated_Source\PSoC5/Wave_Reg.c **** 
  43:Generated_Source\PSoC5/Wave_Reg.c **** /*******************************************************************************
  44:Generated_Source\PSoC5/Wave_Reg.c **** * Function Name: Wave_Reg_Read
  45:Generated_Source\PSoC5/Wave_Reg.c **** ********************************************************************************
ARM GAS  C:\Users\KJA\AppData\Local\Temp\cct1kx2K.s 			page 3


  46:Generated_Source\PSoC5/Wave_Reg.c **** *
  47:Generated_Source\PSoC5/Wave_Reg.c **** * Summary:
  48:Generated_Source\PSoC5/Wave_Reg.c **** *  Reads the current value assigned to the Control Register.
  49:Generated_Source\PSoC5/Wave_Reg.c **** *
  50:Generated_Source\PSoC5/Wave_Reg.c **** * Parameters:
  51:Generated_Source\PSoC5/Wave_Reg.c **** *  None.
  52:Generated_Source\PSoC5/Wave_Reg.c **** *
  53:Generated_Source\PSoC5/Wave_Reg.c **** * Return:
  54:Generated_Source\PSoC5/Wave_Reg.c **** *  Returns the current value in the Control Register.
  55:Generated_Source\PSoC5/Wave_Reg.c **** *
  56:Generated_Source\PSoC5/Wave_Reg.c **** *******************************************************************************/
  57:Generated_Source\PSoC5/Wave_Reg.c **** uint8 Wave_Reg_Read(void) 
  58:Generated_Source\PSoC5/Wave_Reg.c **** {
  70              		.loc 1 58 0
  71              		.cfi_startproc
  72              		@ args = 0, pretend = 0, frame = 0
  73              		@ frame_needed = 1, uses_anonymous_args = 0
  74              		@ link register save eliminated.
  75 0000 80B4     		push	{r7}
  76              		.cfi_def_cfa_offset 4
  77              		.cfi_offset 7, -4
  78 0002 00AF     		add	r7, sp, #0
  79              		.cfi_def_cfa_register 7
  59:Generated_Source\PSoC5/Wave_Reg.c ****     return Wave_Reg_Control;
  80              		.loc 1 59 0
  81 0004 034B     		ldr	r3, .L6
  82 0006 1B78     		ldrb	r3, [r3]
  83 0008 DBB2     		uxtb	r3, r3
  60:Generated_Source\PSoC5/Wave_Reg.c **** }
  84              		.loc 1 60 0
  85 000a 1846     		mov	r0, r3
  86 000c BD46     		mov	sp, r7
  87              		.cfi_def_cfa_register 13
  88              		@ sp needed
  89 000e 5DF8047B 		ldr	r7, [sp], #4
  90              		.cfi_restore 7
  91              		.cfi_def_cfa_offset 0
  92 0012 7047     		bx	lr
  93              	.L7:
  94              		.align	2
  95              	.L6:
  96 0014 71640040 		.word	1073767537
  97              		.cfi_endproc
  98              	.LFE1:
  99              		.size	Wave_Reg_Read, .-Wave_Reg_Read
 100              		.text
 101              	.Letext0:
 102              		.file 2 "Generated_Source\\PSoC5\\cytypes.h"
 103              		.section	.debug_info,"",%progbits
 104              	.Ldebug_info0:
 105 0000 D2000000 		.4byte	0xd2
 106 0004 0400     		.2byte	0x4
 107 0006 00000000 		.4byte	.Ldebug_abbrev0
 108 000a 04       		.byte	0x4
 109 000b 01       		.uleb128 0x1
 110 000c 00000000 		.4byte	.LASF14
 111 0010 01       		.byte	0x1
ARM GAS  C:\Users\KJA\AppData\Local\Temp\cct1kx2K.s 			page 4


 112 0011 D4000000 		.4byte	.LASF15
 113 0015 FD000000 		.4byte	.LASF16
 114 0019 00000000 		.4byte	.Ldebug_ranges0+0
 115 001d 00000000 		.4byte	0
 116 0021 00000000 		.4byte	.Ldebug_line0
 117 0025 02       		.uleb128 0x2
 118 0026 01       		.byte	0x1
 119 0027 06       		.byte	0x6
 120 0028 96010000 		.4byte	.LASF0
 121 002c 02       		.uleb128 0x2
 122 002d 01       		.byte	0x1
 123 002e 08       		.byte	0x8
 124 002f 94000000 		.4byte	.LASF1
 125 0033 02       		.uleb128 0x2
 126 0034 02       		.byte	0x2
 127 0035 05       		.byte	0x5
 128 0036 7D010000 		.4byte	.LASF2
 129 003a 02       		.uleb128 0x2
 130 003b 02       		.byte	0x2
 131 003c 07       		.byte	0x7
 132 003d B9000000 		.4byte	.LASF3
 133 0041 02       		.uleb128 0x2
 134 0042 04       		.byte	0x4
 135 0043 05       		.byte	0x5
 136 0044 8D010000 		.4byte	.LASF4
 137 0048 02       		.uleb128 0x2
 138 0049 04       		.byte	0x4
 139 004a 07       		.byte	0x7
 140 004b A7000000 		.4byte	.LASF5
 141 004f 02       		.uleb128 0x2
 142 0050 08       		.byte	0x8
 143 0051 05       		.byte	0x5
 144 0052 6A010000 		.4byte	.LASF6
 145 0056 02       		.uleb128 0x2
 146 0057 08       		.byte	0x8
 147 0058 07       		.byte	0x7
 148 0059 53010000 		.4byte	.LASF7
 149 005d 03       		.uleb128 0x3
 150 005e 04       		.byte	0x4
 151 005f 05       		.byte	0x5
 152 0060 696E7400 		.ascii	"int\000"
 153 0064 02       		.uleb128 0x2
 154 0065 04       		.byte	0x4
 155 0066 07       		.byte	0x7
 156 0067 46010000 		.4byte	.LASF8
 157 006b 04       		.uleb128 0x4
 158 006c 87010000 		.4byte	.LASF12
 159 0070 02       		.byte	0x2
 160 0071 C2       		.byte	0xc2
 161 0072 2C000000 		.4byte	0x2c
 162 0076 02       		.uleb128 0x2
 163 0077 04       		.byte	0x4
 164 0078 04       		.byte	0x4
 165 0079 8E000000 		.4byte	.LASF9
 166 007d 02       		.uleb128 0x2
 167 007e 08       		.byte	0x8
 168 007f 04       		.byte	0x4
ARM GAS  C:\Users\KJA\AppData\Local\Temp\cct1kx2K.s 			page 5


 169 0080 F6000000 		.4byte	.LASF10
 170 0084 02       		.uleb128 0x2
 171 0085 01       		.byte	0x1
 172 0086 08       		.byte	0x8
 173 0087 78010000 		.4byte	.LASF11
 174 008b 05       		.uleb128 0x5
 175 008c A2000000 		.4byte	.LASF13
 176 0090 02       		.byte	0x2
 177 0091 6C01     		.2byte	0x16c
 178 0093 97000000 		.4byte	0x97
 179 0097 06       		.uleb128 0x6
 180 0098 6B000000 		.4byte	0x6b
 181 009c 07       		.uleb128 0x7
 182 009d A2010000 		.4byte	.LASF17
 183 00a1 01       		.byte	0x1
 184 00a2 25       		.byte	0x25
 185 00a3 00000000 		.4byte	.LFB0
 186 00a7 20000000 		.4byte	.LFE0-.LFB0
 187 00ab 01       		.uleb128 0x1
 188 00ac 9C       		.byte	0x9c
 189 00ad C0000000 		.4byte	0xc0
 190 00b1 08       		.uleb128 0x8
 191 00b2 CC000000 		.4byte	.LASF18
 192 00b6 01       		.byte	0x1
 193 00b7 25       		.byte	0x25
 194 00b8 6B000000 		.4byte	0x6b
 195 00bc 02       		.uleb128 0x2
 196 00bd 91       		.byte	0x91
 197 00be 77       		.sleb128 -9
 198 00bf 00       		.byte	0
 199 00c0 09       		.uleb128 0x9
 200 00c1 38010000 		.4byte	.LASF19
 201 00c5 01       		.byte	0x1
 202 00c6 39       		.byte	0x39
 203 00c7 6B000000 		.4byte	0x6b
 204 00cb 00000000 		.4byte	.LFB1
 205 00cf 18000000 		.4byte	.LFE1-.LFB1
 206 00d3 01       		.uleb128 0x1
 207 00d4 9C       		.byte	0x9c
 208 00d5 00       		.byte	0
 209              		.section	.debug_abbrev,"",%progbits
 210              	.Ldebug_abbrev0:
 211 0000 01       		.uleb128 0x1
 212 0001 11       		.uleb128 0x11
 213 0002 01       		.byte	0x1
 214 0003 25       		.uleb128 0x25
 215 0004 0E       		.uleb128 0xe
 216 0005 13       		.uleb128 0x13
 217 0006 0B       		.uleb128 0xb
 218 0007 03       		.uleb128 0x3
 219 0008 0E       		.uleb128 0xe
 220 0009 1B       		.uleb128 0x1b
 221 000a 0E       		.uleb128 0xe
 222 000b 55       		.uleb128 0x55
 223 000c 17       		.uleb128 0x17
 224 000d 11       		.uleb128 0x11
 225 000e 01       		.uleb128 0x1
ARM GAS  C:\Users\KJA\AppData\Local\Temp\cct1kx2K.s 			page 6


 226 000f 10       		.uleb128 0x10
 227 0010 17       		.uleb128 0x17
 228 0011 00       		.byte	0
 229 0012 00       		.byte	0
 230 0013 02       		.uleb128 0x2
 231 0014 24       		.uleb128 0x24
 232 0015 00       		.byte	0
 233 0016 0B       		.uleb128 0xb
 234 0017 0B       		.uleb128 0xb
 235 0018 3E       		.uleb128 0x3e
 236 0019 0B       		.uleb128 0xb
 237 001a 03       		.uleb128 0x3
 238 001b 0E       		.uleb128 0xe
 239 001c 00       		.byte	0
 240 001d 00       		.byte	0
 241 001e 03       		.uleb128 0x3
 242 001f 24       		.uleb128 0x24
 243 0020 00       		.byte	0
 244 0021 0B       		.uleb128 0xb
 245 0022 0B       		.uleb128 0xb
 246 0023 3E       		.uleb128 0x3e
 247 0024 0B       		.uleb128 0xb
 248 0025 03       		.uleb128 0x3
 249 0026 08       		.uleb128 0x8
 250 0027 00       		.byte	0
 251 0028 00       		.byte	0
 252 0029 04       		.uleb128 0x4
 253 002a 16       		.uleb128 0x16
 254 002b 00       		.byte	0
 255 002c 03       		.uleb128 0x3
 256 002d 0E       		.uleb128 0xe
 257 002e 3A       		.uleb128 0x3a
 258 002f 0B       		.uleb128 0xb
 259 0030 3B       		.uleb128 0x3b
 260 0031 0B       		.uleb128 0xb
 261 0032 49       		.uleb128 0x49
 262 0033 13       		.uleb128 0x13
 263 0034 00       		.byte	0
 264 0035 00       		.byte	0
 265 0036 05       		.uleb128 0x5
 266 0037 16       		.uleb128 0x16
 267 0038 00       		.byte	0
 268 0039 03       		.uleb128 0x3
 269 003a 0E       		.uleb128 0xe
 270 003b 3A       		.uleb128 0x3a
 271 003c 0B       		.uleb128 0xb
 272 003d 3B       		.uleb128 0x3b
 273 003e 05       		.uleb128 0x5
 274 003f 49       		.uleb128 0x49
 275 0040 13       		.uleb128 0x13
 276 0041 00       		.byte	0
 277 0042 00       		.byte	0
 278 0043 06       		.uleb128 0x6
 279 0044 35       		.uleb128 0x35
 280 0045 00       		.byte	0
 281 0046 49       		.uleb128 0x49
 282 0047 13       		.uleb128 0x13
ARM GAS  C:\Users\KJA\AppData\Local\Temp\cct1kx2K.s 			page 7


 283 0048 00       		.byte	0
 284 0049 00       		.byte	0
 285 004a 07       		.uleb128 0x7
 286 004b 2E       		.uleb128 0x2e
 287 004c 01       		.byte	0x1
 288 004d 3F       		.uleb128 0x3f
 289 004e 19       		.uleb128 0x19
 290 004f 03       		.uleb128 0x3
 291 0050 0E       		.uleb128 0xe
 292 0051 3A       		.uleb128 0x3a
 293 0052 0B       		.uleb128 0xb
 294 0053 3B       		.uleb128 0x3b
 295 0054 0B       		.uleb128 0xb
 296 0055 27       		.uleb128 0x27
 297 0056 19       		.uleb128 0x19
 298 0057 11       		.uleb128 0x11
 299 0058 01       		.uleb128 0x1
 300 0059 12       		.uleb128 0x12
 301 005a 06       		.uleb128 0x6
 302 005b 40       		.uleb128 0x40
 303 005c 18       		.uleb128 0x18
 304 005d 9742     		.uleb128 0x2117
 305 005f 19       		.uleb128 0x19
 306 0060 01       		.uleb128 0x1
 307 0061 13       		.uleb128 0x13
 308 0062 00       		.byte	0
 309 0063 00       		.byte	0
 310 0064 08       		.uleb128 0x8
 311 0065 05       		.uleb128 0x5
 312 0066 00       		.byte	0
 313 0067 03       		.uleb128 0x3
 314 0068 0E       		.uleb128 0xe
 315 0069 3A       		.uleb128 0x3a
 316 006a 0B       		.uleb128 0xb
 317 006b 3B       		.uleb128 0x3b
 318 006c 0B       		.uleb128 0xb
 319 006d 49       		.uleb128 0x49
 320 006e 13       		.uleb128 0x13
 321 006f 02       		.uleb128 0x2
 322 0070 18       		.uleb128 0x18
 323 0071 00       		.byte	0
 324 0072 00       		.byte	0
 325 0073 09       		.uleb128 0x9
 326 0074 2E       		.uleb128 0x2e
 327 0075 00       		.byte	0
 328 0076 3F       		.uleb128 0x3f
 329 0077 19       		.uleb128 0x19
 330 0078 03       		.uleb128 0x3
 331 0079 0E       		.uleb128 0xe
 332 007a 3A       		.uleb128 0x3a
 333 007b 0B       		.uleb128 0xb
 334 007c 3B       		.uleb128 0x3b
 335 007d 0B       		.uleb128 0xb
 336 007e 27       		.uleb128 0x27
 337 007f 19       		.uleb128 0x19
 338 0080 49       		.uleb128 0x49
 339 0081 13       		.uleb128 0x13
ARM GAS  C:\Users\KJA\AppData\Local\Temp\cct1kx2K.s 			page 8


 340 0082 11       		.uleb128 0x11
 341 0083 01       		.uleb128 0x1
 342 0084 12       		.uleb128 0x12
 343 0085 06       		.uleb128 0x6
 344 0086 40       		.uleb128 0x40
 345 0087 18       		.uleb128 0x18
 346 0088 9742     		.uleb128 0x2117
 347 008a 19       		.uleb128 0x19
 348 008b 00       		.byte	0
 349 008c 00       		.byte	0
 350 008d 00       		.byte	0
 351              		.section	.debug_aranges,"",%progbits
 352 0000 24000000 		.4byte	0x24
 353 0004 0200     		.2byte	0x2
 354 0006 00000000 		.4byte	.Ldebug_info0
 355 000a 04       		.byte	0x4
 356 000b 00       		.byte	0
 357 000c 0000     		.2byte	0
 358 000e 0000     		.2byte	0
 359 0010 00000000 		.4byte	.LFB0
 360 0014 20000000 		.4byte	.LFE0-.LFB0
 361 0018 00000000 		.4byte	.LFB1
 362 001c 18000000 		.4byte	.LFE1-.LFB1
 363 0020 00000000 		.4byte	0
 364 0024 00000000 		.4byte	0
 365              		.section	.debug_ranges,"",%progbits
 366              	.Ldebug_ranges0:
 367 0000 00000000 		.4byte	.LFB0
 368 0004 20000000 		.4byte	.LFE0
 369 0008 00000000 		.4byte	.LFB1
 370 000c 18000000 		.4byte	.LFE1
 371 0010 00000000 		.4byte	0
 372 0014 00000000 		.4byte	0
 373              		.section	.debug_line,"",%progbits
 374              	.Ldebug_line0:
 375 0000 6D000000 		.section	.debug_str,"MS",%progbits,1
 375      02004500 
 375      00000201 
 375      FB0E0D00 
 375      01010101 
 376              	.LASF14:
 377 0000 474E5520 		.ascii	"GNU C 4.9.3 20150303 (release) [ARM/embedded-4_9-br"
 377      4320342E 
 377      392E3320 
 377      32303135 
 377      30333033 
 378 0033 616E6368 		.ascii	"anch revision 221220] -mcpu=cortex-m3 -mthumb -g -O"
 378      20726576 
 378      6973696F 
 378      6E203232 
 378      31323230 
 379 0066 30202D66 		.ascii	"0 -ffunction-sections -ffat-lto-objects\000"
 379      66756E63 
 379      74696F6E 
 379      2D736563 
 379      74696F6E 
 380              	.LASF9:
ARM GAS  C:\Users\KJA\AppData\Local\Temp\cct1kx2K.s 			page 9


 381 008e 666C6F61 		.ascii	"float\000"
 381      7400
 382              	.LASF1:
 383 0094 756E7369 		.ascii	"unsigned char\000"
 383      676E6564 
 383      20636861 
 383      7200
 384              	.LASF13:
 385 00a2 72656738 		.ascii	"reg8\000"
 385      00
 386              	.LASF5:
 387 00a7 6C6F6E67 		.ascii	"long unsigned int\000"
 387      20756E73 
 387      69676E65 
 387      6420696E 
 387      7400
 388              	.LASF3:
 389 00b9 73686F72 		.ascii	"short unsigned int\000"
 389      7420756E 
 389      7369676E 
 389      65642069 
 389      6E7400
 390              	.LASF18:
 391 00cc 636F6E74 		.ascii	"control\000"
 391      726F6C00 
 392              	.LASF15:
 393 00d4 47656E65 		.ascii	"Generated_Source\\PSoC5\\Wave_Reg.c\000"
 393      72617465 
 393      645F536F 
 393      75726365 
 393      5C50536F 
 394              	.LASF10:
 395 00f6 646F7562 		.ascii	"double\000"
 395      6C6500
 396              	.LASF16:
 397 00fd 443A5C57 		.ascii	"D:\\Workspace\\PSoC_Creator\\Active_Load\\Active_Lo"
 397      6F726B73 
 397      70616365 
 397      5C50536F 
 397      435F4372 
 398 012c 61645F76 		.ascii	"ad_v9.cydsn\000"
 398      392E6379 
 398      64736E00 
 399              	.LASF19:
 400 0138 57617665 		.ascii	"Wave_Reg_Read\000"
 400      5F526567 
 400      5F526561 
 400      6400
 401              	.LASF8:
 402 0146 756E7369 		.ascii	"unsigned int\000"
 402      676E6564 
 402      20696E74 
 402      00
 403              	.LASF7:
 404 0153 6C6F6E67 		.ascii	"long long unsigned int\000"
 404      206C6F6E 
 404      6720756E 
ARM GAS  C:\Users\KJA\AppData\Local\Temp\cct1kx2K.s 			page 10


 404      7369676E 
 404      65642069 
 405              	.LASF6:
 406 016a 6C6F6E67 		.ascii	"long long int\000"
 406      206C6F6E 
 406      6720696E 
 406      7400
 407              	.LASF11:
 408 0178 63686172 		.ascii	"char\000"
 408      00
 409              	.LASF2:
 410 017d 73686F72 		.ascii	"short int\000"
 410      7420696E 
 410      7400
 411              	.LASF12:
 412 0187 75696E74 		.ascii	"uint8\000"
 412      3800
 413              	.LASF4:
 414 018d 6C6F6E67 		.ascii	"long int\000"
 414      20696E74 
 414      00
 415              	.LASF0:
 416 0196 7369676E 		.ascii	"signed char\000"
 416      65642063 
 416      68617200 
 417              	.LASF17:
 418 01a2 57617665 		.ascii	"Wave_Reg_Write\000"
 418      5F526567 
 418      5F577269 
 418      746500
 419              		.ident	"GCC: (GNU Tools for ARM Embedded Processors) 4.9.3 20150303 (release) [ARM/embedded-4_9-br
