ARM GAS  C:\Users\KJA\AppData\Local\Temp\ccaRGuWC.s 			page 1


   1              		.syntax unified
   2              		.cpu cortex-m3
   3              		.fpu softvfp
   4              		.eabi_attribute 20, 1
   5              		.eabi_attribute 21, 1
   6              		.eabi_attribute 23, 3
   7              		.eabi_attribute 24, 1
   8              		.eabi_attribute 25, 1
   9              		.eabi_attribute 26, 1
  10              		.eabi_attribute 30, 6
  11              		.eabi_attribute 34, 1
  12              		.eabi_attribute 18, 4
  13              		.thumb
  14              		.file	"WaveDAC8_1_VDAC8.c"
  15              		.text
  16              	.Ltext0:
  17              		.cfi_sections	.debug_frame
  18              		.global	WaveDAC8_1_VDAC8_initVar
  19              		.bss
  20              		.type	WaveDAC8_1_VDAC8_initVar, %object
  21              		.size	WaveDAC8_1_VDAC8_initVar, 1
  22              	WaveDAC8_1_VDAC8_initVar:
  23 0000 00       		.space	1
  24              		.section	.text.WaveDAC8_1_VDAC8_Init,"ax",%progbits
  25              		.align	2
  26              		.global	WaveDAC8_1_VDAC8_Init
  27              		.thumb
  28              		.thumb_func
  29              		.type	WaveDAC8_1_VDAC8_Init, %function
  30              	WaveDAC8_1_VDAC8_Init:
  31              	.LFB0:
  32              		.file 1 "Generated_Source\\PSoC5\\WaveDAC8_1_VDAC8.c"
   1:Generated_Source\PSoC5/WaveDAC8_1_VDAC8.c **** /*******************************************************************************
   2:Generated_Source\PSoC5/WaveDAC8_1_VDAC8.c **** * File Name: WaveDAC8_1_VDAC8.c  
   3:Generated_Source\PSoC5/WaveDAC8_1_VDAC8.c **** * Version 1.90
   4:Generated_Source\PSoC5/WaveDAC8_1_VDAC8.c **** *
   5:Generated_Source\PSoC5/WaveDAC8_1_VDAC8.c **** * Description:
   6:Generated_Source\PSoC5/WaveDAC8_1_VDAC8.c **** *  This file provides the source code to the API for the 8-bit Voltage DAC 
   7:Generated_Source\PSoC5/WaveDAC8_1_VDAC8.c **** *  (VDAC8) User Module.
   8:Generated_Source\PSoC5/WaveDAC8_1_VDAC8.c **** *
   9:Generated_Source\PSoC5/WaveDAC8_1_VDAC8.c **** * Note:
  10:Generated_Source\PSoC5/WaveDAC8_1_VDAC8.c **** *  Any unusual or non-standard behavior should be noted here. Other-
  11:Generated_Source\PSoC5/WaveDAC8_1_VDAC8.c **** *  wise, this section should remain blank.
  12:Generated_Source\PSoC5/WaveDAC8_1_VDAC8.c **** *
  13:Generated_Source\PSoC5/WaveDAC8_1_VDAC8.c **** ********************************************************************************
  14:Generated_Source\PSoC5/WaveDAC8_1_VDAC8.c **** * Copyright 2008-2012, Cypress Semiconductor Corporation.  All rights reserved.
  15:Generated_Source\PSoC5/WaveDAC8_1_VDAC8.c **** * You may use this file only in accordance with the license, terms, conditions, 
  16:Generated_Source\PSoC5/WaveDAC8_1_VDAC8.c **** * disclaimers, and limitations in the end user license agreement accompanying 
  17:Generated_Source\PSoC5/WaveDAC8_1_VDAC8.c **** * the software package with which this file was provided.
  18:Generated_Source\PSoC5/WaveDAC8_1_VDAC8.c **** *******************************************************************************/
  19:Generated_Source\PSoC5/WaveDAC8_1_VDAC8.c **** 
  20:Generated_Source\PSoC5/WaveDAC8_1_VDAC8.c **** #include "cytypes.h"
  21:Generated_Source\PSoC5/WaveDAC8_1_VDAC8.c **** #include "WaveDAC8_1_VDAC8.h"
  22:Generated_Source\PSoC5/WaveDAC8_1_VDAC8.c **** 
  23:Generated_Source\PSoC5/WaveDAC8_1_VDAC8.c **** #if (CY_PSOC5A)
  24:Generated_Source\PSoC5/WaveDAC8_1_VDAC8.c **** #include <CyLib.h>
  25:Generated_Source\PSoC5/WaveDAC8_1_VDAC8.c **** #endif /* CY_PSOC5A */
ARM GAS  C:\Users\KJA\AppData\Local\Temp\ccaRGuWC.s 			page 2


  26:Generated_Source\PSoC5/WaveDAC8_1_VDAC8.c **** 
  27:Generated_Source\PSoC5/WaveDAC8_1_VDAC8.c **** uint8 WaveDAC8_1_VDAC8_initVar = 0u;
  28:Generated_Source\PSoC5/WaveDAC8_1_VDAC8.c **** 
  29:Generated_Source\PSoC5/WaveDAC8_1_VDAC8.c **** #if (CY_PSOC5A)
  30:Generated_Source\PSoC5/WaveDAC8_1_VDAC8.c ****     static uint8 WaveDAC8_1_VDAC8_restoreVal = 0u;
  31:Generated_Source\PSoC5/WaveDAC8_1_VDAC8.c **** #endif /* CY_PSOC5A */
  32:Generated_Source\PSoC5/WaveDAC8_1_VDAC8.c **** 
  33:Generated_Source\PSoC5/WaveDAC8_1_VDAC8.c **** #if (CY_PSOC5A)
  34:Generated_Source\PSoC5/WaveDAC8_1_VDAC8.c ****     static WaveDAC8_1_VDAC8_backupStruct WaveDAC8_1_VDAC8_backup;
  35:Generated_Source\PSoC5/WaveDAC8_1_VDAC8.c **** #endif /* CY_PSOC5A */
  36:Generated_Source\PSoC5/WaveDAC8_1_VDAC8.c **** 
  37:Generated_Source\PSoC5/WaveDAC8_1_VDAC8.c **** 
  38:Generated_Source\PSoC5/WaveDAC8_1_VDAC8.c **** /*******************************************************************************
  39:Generated_Source\PSoC5/WaveDAC8_1_VDAC8.c **** * Function Name: WaveDAC8_1_VDAC8_Init
  40:Generated_Source\PSoC5/WaveDAC8_1_VDAC8.c **** ********************************************************************************
  41:Generated_Source\PSoC5/WaveDAC8_1_VDAC8.c **** * Summary:
  42:Generated_Source\PSoC5/WaveDAC8_1_VDAC8.c **** *  Initialize to the schematic state.
  43:Generated_Source\PSoC5/WaveDAC8_1_VDAC8.c **** * 
  44:Generated_Source\PSoC5/WaveDAC8_1_VDAC8.c **** * Parameters:
  45:Generated_Source\PSoC5/WaveDAC8_1_VDAC8.c **** *  void:
  46:Generated_Source\PSoC5/WaveDAC8_1_VDAC8.c **** *
  47:Generated_Source\PSoC5/WaveDAC8_1_VDAC8.c **** * Return:
  48:Generated_Source\PSoC5/WaveDAC8_1_VDAC8.c **** *  void
  49:Generated_Source\PSoC5/WaveDAC8_1_VDAC8.c **** *
  50:Generated_Source\PSoC5/WaveDAC8_1_VDAC8.c **** * Theory:
  51:Generated_Source\PSoC5/WaveDAC8_1_VDAC8.c **** *
  52:Generated_Source\PSoC5/WaveDAC8_1_VDAC8.c **** * Side Effects:
  53:Generated_Source\PSoC5/WaveDAC8_1_VDAC8.c **** *
  54:Generated_Source\PSoC5/WaveDAC8_1_VDAC8.c **** *******************************************************************************/
  55:Generated_Source\PSoC5/WaveDAC8_1_VDAC8.c **** void WaveDAC8_1_VDAC8_Init(void) 
  56:Generated_Source\PSoC5/WaveDAC8_1_VDAC8.c **** {
  33              		.loc 1 56 0
  34              		.cfi_startproc
  35              		@ args = 0, pretend = 0, frame = 0
  36              		@ frame_needed = 1, uses_anonymous_args = 0
  37 0000 80B5     		push	{r7, lr}
  38              		.cfi_def_cfa_offset 8
  39              		.cfi_offset 7, -8
  40              		.cfi_offset 14, -4
  41 0002 00AF     		add	r7, sp, #0
  42              		.cfi_def_cfa_register 7
  57:Generated_Source\PSoC5/WaveDAC8_1_VDAC8.c ****     WaveDAC8_1_VDAC8_CR0 = (WaveDAC8_1_VDAC8_MODE_V );
  43              		.loc 1 57 0
  44 0004 0A4B     		ldr	r3, .L2
  45 0006 0022     		movs	r2, #0
  46 0008 1A70     		strb	r2, [r3]
  58:Generated_Source\PSoC5/WaveDAC8_1_VDAC8.c **** 
  59:Generated_Source\PSoC5/WaveDAC8_1_VDAC8.c ****     /* Set default data source */
  60:Generated_Source\PSoC5/WaveDAC8_1_VDAC8.c ****     #if(WaveDAC8_1_VDAC8_DEFAULT_DATA_SRC != 0 )
  61:Generated_Source\PSoC5/WaveDAC8_1_VDAC8.c ****         WaveDAC8_1_VDAC8_CR1 = (WaveDAC8_1_VDAC8_DEFAULT_CNTL | WaveDAC8_1_VDAC8_DACBUS_ENABLE) ;
  62:Generated_Source\PSoC5/WaveDAC8_1_VDAC8.c ****     #else
  63:Generated_Source\PSoC5/WaveDAC8_1_VDAC8.c ****         WaveDAC8_1_VDAC8_CR1 = (WaveDAC8_1_VDAC8_DEFAULT_CNTL | WaveDAC8_1_VDAC8_DACBUS_DISABLE) ;
  47              		.loc 1 63 0
  48 000a 0A4B     		ldr	r3, .L2+4
  49 000c 0022     		movs	r2, #0
  50 000e 1A70     		strb	r2, [r3]
  64:Generated_Source\PSoC5/WaveDAC8_1_VDAC8.c ****     #endif /* (WaveDAC8_1_VDAC8_DEFAULT_DATA_SRC != 0 ) */
ARM GAS  C:\Users\KJA\AppData\Local\Temp\ccaRGuWC.s 			page 3


  65:Generated_Source\PSoC5/WaveDAC8_1_VDAC8.c **** 
  66:Generated_Source\PSoC5/WaveDAC8_1_VDAC8.c ****     /* Set default strobe mode */
  67:Generated_Source\PSoC5/WaveDAC8_1_VDAC8.c ****     #if(WaveDAC8_1_VDAC8_DEFAULT_STRB != 0)
  68:Generated_Source\PSoC5/WaveDAC8_1_VDAC8.c ****         WaveDAC8_1_VDAC8_Strobe |= WaveDAC8_1_VDAC8_STRB_EN ;
  51              		.loc 1 68 0
  52 0010 094A     		ldr	r2, .L2+8
  53 0012 094B     		ldr	r3, .L2+8
  54 0014 1B78     		ldrb	r3, [r3]
  55 0016 DBB2     		uxtb	r3, r3
  56 0018 43F00803 		orr	r3, r3, #8
  57 001c DBB2     		uxtb	r3, r3
  58 001e 1370     		strb	r3, [r2]
  69:Generated_Source\PSoC5/WaveDAC8_1_VDAC8.c ****     #endif/* (WaveDAC8_1_VDAC8_DEFAULT_STRB != 0) */
  70:Generated_Source\PSoC5/WaveDAC8_1_VDAC8.c **** 
  71:Generated_Source\PSoC5/WaveDAC8_1_VDAC8.c ****     /* Set default range */
  72:Generated_Source\PSoC5/WaveDAC8_1_VDAC8.c ****     WaveDAC8_1_VDAC8_SetRange(WaveDAC8_1_VDAC8_DEFAULT_RANGE); 
  59              		.loc 1 72 0
  60 0020 0020     		movs	r0, #0
  61 0022 FFF7FEFF 		bl	WaveDAC8_1_VDAC8_SetRange
  73:Generated_Source\PSoC5/WaveDAC8_1_VDAC8.c **** 
  74:Generated_Source\PSoC5/WaveDAC8_1_VDAC8.c ****     /* Set default speed */
  75:Generated_Source\PSoC5/WaveDAC8_1_VDAC8.c ****     WaveDAC8_1_VDAC8_SetSpeed(WaveDAC8_1_VDAC8_DEFAULT_SPEED);
  62              		.loc 1 75 0
  63 0026 0220     		movs	r0, #2
  64 0028 FFF7FEFF 		bl	WaveDAC8_1_VDAC8_SetSpeed
  76:Generated_Source\PSoC5/WaveDAC8_1_VDAC8.c **** }
  65              		.loc 1 76 0
  66 002c 80BD     		pop	{r7, pc}
  67              	.L3:
  68 002e 00BF     		.align	2
  69              	.L2:
  70 0030 2C580040 		.word	1073764396
  71 0034 2D580040 		.word	1073764397
  72 0038 9F5A0040 		.word	1073765023
  73              		.cfi_endproc
  74              	.LFE0:
  75              		.size	WaveDAC8_1_VDAC8_Init, .-WaveDAC8_1_VDAC8_Init
  76              		.section	.text.WaveDAC8_1_VDAC8_Enable,"ax",%progbits
  77              		.align	2
  78              		.global	WaveDAC8_1_VDAC8_Enable
  79              		.thumb
  80              		.thumb_func
  81              		.type	WaveDAC8_1_VDAC8_Enable, %function
  82              	WaveDAC8_1_VDAC8_Enable:
  83              	.LFB1:
  77:Generated_Source\PSoC5/WaveDAC8_1_VDAC8.c **** 
  78:Generated_Source\PSoC5/WaveDAC8_1_VDAC8.c **** 
  79:Generated_Source\PSoC5/WaveDAC8_1_VDAC8.c **** /*******************************************************************************
  80:Generated_Source\PSoC5/WaveDAC8_1_VDAC8.c **** * Function Name: WaveDAC8_1_VDAC8_Enable
  81:Generated_Source\PSoC5/WaveDAC8_1_VDAC8.c **** ********************************************************************************
  82:Generated_Source\PSoC5/WaveDAC8_1_VDAC8.c **** * Summary:
  83:Generated_Source\PSoC5/WaveDAC8_1_VDAC8.c **** *  Enable the VDAC8
  84:Generated_Source\PSoC5/WaveDAC8_1_VDAC8.c **** * 
  85:Generated_Source\PSoC5/WaveDAC8_1_VDAC8.c **** * Parameters:
  86:Generated_Source\PSoC5/WaveDAC8_1_VDAC8.c **** *  void
  87:Generated_Source\PSoC5/WaveDAC8_1_VDAC8.c **** *
  88:Generated_Source\PSoC5/WaveDAC8_1_VDAC8.c **** * Return:
ARM GAS  C:\Users\KJA\AppData\Local\Temp\ccaRGuWC.s 			page 4


  89:Generated_Source\PSoC5/WaveDAC8_1_VDAC8.c **** *  void
  90:Generated_Source\PSoC5/WaveDAC8_1_VDAC8.c **** *
  91:Generated_Source\PSoC5/WaveDAC8_1_VDAC8.c **** * Theory:
  92:Generated_Source\PSoC5/WaveDAC8_1_VDAC8.c **** *
  93:Generated_Source\PSoC5/WaveDAC8_1_VDAC8.c **** * Side Effects:
  94:Generated_Source\PSoC5/WaveDAC8_1_VDAC8.c **** *
  95:Generated_Source\PSoC5/WaveDAC8_1_VDAC8.c **** *******************************************************************************/
  96:Generated_Source\PSoC5/WaveDAC8_1_VDAC8.c **** void WaveDAC8_1_VDAC8_Enable(void) 
  97:Generated_Source\PSoC5/WaveDAC8_1_VDAC8.c **** {
  84              		.loc 1 97 0
  85              		.cfi_startproc
  86              		@ args = 0, pretend = 0, frame = 0
  87              		@ frame_needed = 1, uses_anonymous_args = 0
  88              		@ link register save eliminated.
  89 0000 80B4     		push	{r7}
  90              		.cfi_def_cfa_offset 4
  91              		.cfi_offset 7, -4
  92 0002 00AF     		add	r7, sp, #0
  93              		.cfi_def_cfa_register 7
  98:Generated_Source\PSoC5/WaveDAC8_1_VDAC8.c ****     WaveDAC8_1_VDAC8_PWRMGR |= WaveDAC8_1_VDAC8_ACT_PWR_EN;
  94              		.loc 1 98 0
  95 0004 094A     		ldr	r2, .L5
  96 0006 094B     		ldr	r3, .L5
  97 0008 1B78     		ldrb	r3, [r3]
  98 000a DBB2     		uxtb	r3, r3
  99 000c 43F00803 		orr	r3, r3, #8
 100 0010 DBB2     		uxtb	r3, r3
 101 0012 1370     		strb	r3, [r2]
  99:Generated_Source\PSoC5/WaveDAC8_1_VDAC8.c ****     WaveDAC8_1_VDAC8_STBY_PWRMGR |= WaveDAC8_1_VDAC8_STBY_PWR_EN;
 102              		.loc 1 99 0
 103 0014 064A     		ldr	r2, .L5+4
 104 0016 064B     		ldr	r3, .L5+4
 105 0018 1B78     		ldrb	r3, [r3]
 106 001a DBB2     		uxtb	r3, r3
 107 001c 43F00803 		orr	r3, r3, #8
 108 0020 DBB2     		uxtb	r3, r3
 109 0022 1370     		strb	r3, [r2]
 100:Generated_Source\PSoC5/WaveDAC8_1_VDAC8.c **** 
 101:Generated_Source\PSoC5/WaveDAC8_1_VDAC8.c ****     /*This is to restore the value of register CR0 ,
 102:Generated_Source\PSoC5/WaveDAC8_1_VDAC8.c ****     which is modified  in Stop API , this prevents misbehaviour of VDAC */
 103:Generated_Source\PSoC5/WaveDAC8_1_VDAC8.c ****     #if (CY_PSOC5A)
 104:Generated_Source\PSoC5/WaveDAC8_1_VDAC8.c ****         if(WaveDAC8_1_VDAC8_restoreVal == 1u) 
 105:Generated_Source\PSoC5/WaveDAC8_1_VDAC8.c ****         {
 106:Generated_Source\PSoC5/WaveDAC8_1_VDAC8.c ****              WaveDAC8_1_VDAC8_CR0 = WaveDAC8_1_VDAC8_backup.data_value;
 107:Generated_Source\PSoC5/WaveDAC8_1_VDAC8.c ****              WaveDAC8_1_VDAC8_restoreVal = 0u;
 108:Generated_Source\PSoC5/WaveDAC8_1_VDAC8.c ****         }
 109:Generated_Source\PSoC5/WaveDAC8_1_VDAC8.c ****     #endif /* CY_PSOC5A */
 110:Generated_Source\PSoC5/WaveDAC8_1_VDAC8.c **** }
 110              		.loc 1 110 0
 111 0024 BD46     		mov	sp, r7
 112              		.cfi_def_cfa_register 13
 113              		@ sp needed
 114 0026 5DF8047B 		ldr	r7, [sp], #4
 115              		.cfi_restore 7
 116              		.cfi_def_cfa_offset 0
 117 002a 7047     		bx	lr
 118              	.L6:
ARM GAS  C:\Users\KJA\AppData\Local\Temp\ccaRGuWC.s 			page 5


 119              		.align	2
 120              	.L5:
 121 002c A8430040 		.word	1073759144
 122 0030 B8430040 		.word	1073759160
 123              		.cfi_endproc
 124              	.LFE1:
 125              		.size	WaveDAC8_1_VDAC8_Enable, .-WaveDAC8_1_VDAC8_Enable
 126              		.section	.text.WaveDAC8_1_VDAC8_Start,"ax",%progbits
 127              		.align	2
 128              		.global	WaveDAC8_1_VDAC8_Start
 129              		.thumb
 130              		.thumb_func
 131              		.type	WaveDAC8_1_VDAC8_Start, %function
 132              	WaveDAC8_1_VDAC8_Start:
 133              	.LFB2:
 111:Generated_Source\PSoC5/WaveDAC8_1_VDAC8.c **** 
 112:Generated_Source\PSoC5/WaveDAC8_1_VDAC8.c **** 
 113:Generated_Source\PSoC5/WaveDAC8_1_VDAC8.c **** /*******************************************************************************
 114:Generated_Source\PSoC5/WaveDAC8_1_VDAC8.c **** * Function Name: WaveDAC8_1_VDAC8_Start
 115:Generated_Source\PSoC5/WaveDAC8_1_VDAC8.c **** ********************************************************************************
 116:Generated_Source\PSoC5/WaveDAC8_1_VDAC8.c **** *
 117:Generated_Source\PSoC5/WaveDAC8_1_VDAC8.c **** * Summary:
 118:Generated_Source\PSoC5/WaveDAC8_1_VDAC8.c **** *  The start function initializes the voltage DAC with the default values, 
 119:Generated_Source\PSoC5/WaveDAC8_1_VDAC8.c **** *  and sets the power to the given level.  A power level of 0, is the same as
 120:Generated_Source\PSoC5/WaveDAC8_1_VDAC8.c **** *  executing the stop function.
 121:Generated_Source\PSoC5/WaveDAC8_1_VDAC8.c **** *
 122:Generated_Source\PSoC5/WaveDAC8_1_VDAC8.c **** * Parameters:
 123:Generated_Source\PSoC5/WaveDAC8_1_VDAC8.c **** *  Power: Sets power level between off (0) and (3) high power
 124:Generated_Source\PSoC5/WaveDAC8_1_VDAC8.c **** *
 125:Generated_Source\PSoC5/WaveDAC8_1_VDAC8.c **** * Return:
 126:Generated_Source\PSoC5/WaveDAC8_1_VDAC8.c **** *  void 
 127:Generated_Source\PSoC5/WaveDAC8_1_VDAC8.c **** *
 128:Generated_Source\PSoC5/WaveDAC8_1_VDAC8.c **** * Global variables:
 129:Generated_Source\PSoC5/WaveDAC8_1_VDAC8.c **** *  WaveDAC8_1_VDAC8_initVar: Is modified when this function is called for the 
 130:Generated_Source\PSoC5/WaveDAC8_1_VDAC8.c **** *  first time. Is used to ensure that initialization happens only once.
 131:Generated_Source\PSoC5/WaveDAC8_1_VDAC8.c **** *
 132:Generated_Source\PSoC5/WaveDAC8_1_VDAC8.c **** *******************************************************************************/
 133:Generated_Source\PSoC5/WaveDAC8_1_VDAC8.c **** void WaveDAC8_1_VDAC8_Start(void)  
 134:Generated_Source\PSoC5/WaveDAC8_1_VDAC8.c **** {
 134              		.loc 1 134 0
 135              		.cfi_startproc
 136              		@ args = 0, pretend = 0, frame = 0
 137              		@ frame_needed = 1, uses_anonymous_args = 0
 138 0000 80B5     		push	{r7, lr}
 139              		.cfi_def_cfa_offset 8
 140              		.cfi_offset 7, -8
 141              		.cfi_offset 14, -4
 142 0002 00AF     		add	r7, sp, #0
 143              		.cfi_def_cfa_register 7
 135:Generated_Source\PSoC5/WaveDAC8_1_VDAC8.c ****     /* Hardware initiazation only needs to occure the first time */
 136:Generated_Source\PSoC5/WaveDAC8_1_VDAC8.c ****     if(WaveDAC8_1_VDAC8_initVar == 0u)
 144              		.loc 1 136 0
 145 0004 074B     		ldr	r3, .L9
 146 0006 1B78     		ldrb	r3, [r3]	@ zero_extendqisi2
 147 0008 002B     		cmp	r3, #0
 148 000a 04D1     		bne	.L8
 137:Generated_Source\PSoC5/WaveDAC8_1_VDAC8.c ****     { 
ARM GAS  C:\Users\KJA\AppData\Local\Temp\ccaRGuWC.s 			page 6


 138:Generated_Source\PSoC5/WaveDAC8_1_VDAC8.c ****         WaveDAC8_1_VDAC8_Init();
 149              		.loc 1 138 0
 150 000c FFF7FEFF 		bl	WaveDAC8_1_VDAC8_Init
 139:Generated_Source\PSoC5/WaveDAC8_1_VDAC8.c ****         WaveDAC8_1_VDAC8_initVar = 1u;
 151              		.loc 1 139 0
 152 0010 044B     		ldr	r3, .L9
 153 0012 0122     		movs	r2, #1
 154 0014 1A70     		strb	r2, [r3]
 155              	.L8:
 140:Generated_Source\PSoC5/WaveDAC8_1_VDAC8.c ****     }
 141:Generated_Source\PSoC5/WaveDAC8_1_VDAC8.c **** 
 142:Generated_Source\PSoC5/WaveDAC8_1_VDAC8.c ****     /* Enable power to DAC */
 143:Generated_Source\PSoC5/WaveDAC8_1_VDAC8.c ****     WaveDAC8_1_VDAC8_Enable();
 156              		.loc 1 143 0
 157 0016 FFF7FEFF 		bl	WaveDAC8_1_VDAC8_Enable
 144:Generated_Source\PSoC5/WaveDAC8_1_VDAC8.c **** 
 145:Generated_Source\PSoC5/WaveDAC8_1_VDAC8.c ****     /* Set default value */
 146:Generated_Source\PSoC5/WaveDAC8_1_VDAC8.c ****     WaveDAC8_1_VDAC8_SetValue(WaveDAC8_1_VDAC8_DEFAULT_DATA); 
 158              		.loc 1 146 0
 159 001a 6420     		movs	r0, #100
 160 001c FFF7FEFF 		bl	WaveDAC8_1_VDAC8_SetValue
 147:Generated_Source\PSoC5/WaveDAC8_1_VDAC8.c **** }
 161              		.loc 1 147 0
 162 0020 80BD     		pop	{r7, pc}
 163              	.L10:
 164 0022 00BF     		.align	2
 165              	.L9:
 166 0024 00000000 		.word	WaveDAC8_1_VDAC8_initVar
 167              		.cfi_endproc
 168              	.LFE2:
 169              		.size	WaveDAC8_1_VDAC8_Start, .-WaveDAC8_1_VDAC8_Start
 170              		.section	.text.WaveDAC8_1_VDAC8_Stop,"ax",%progbits
 171              		.align	2
 172              		.global	WaveDAC8_1_VDAC8_Stop
 173              		.thumb
 174              		.thumb_func
 175              		.type	WaveDAC8_1_VDAC8_Stop, %function
 176              	WaveDAC8_1_VDAC8_Stop:
 177              	.LFB3:
 148:Generated_Source\PSoC5/WaveDAC8_1_VDAC8.c **** 
 149:Generated_Source\PSoC5/WaveDAC8_1_VDAC8.c **** 
 150:Generated_Source\PSoC5/WaveDAC8_1_VDAC8.c **** /*******************************************************************************
 151:Generated_Source\PSoC5/WaveDAC8_1_VDAC8.c **** * Function Name: WaveDAC8_1_VDAC8_Stop
 152:Generated_Source\PSoC5/WaveDAC8_1_VDAC8.c **** ********************************************************************************
 153:Generated_Source\PSoC5/WaveDAC8_1_VDAC8.c **** *
 154:Generated_Source\PSoC5/WaveDAC8_1_VDAC8.c **** * Summary:
 155:Generated_Source\PSoC5/WaveDAC8_1_VDAC8.c **** *  Powers down DAC to lowest power state.
 156:Generated_Source\PSoC5/WaveDAC8_1_VDAC8.c **** *
 157:Generated_Source\PSoC5/WaveDAC8_1_VDAC8.c **** * Parameters:
 158:Generated_Source\PSoC5/WaveDAC8_1_VDAC8.c **** *  void
 159:Generated_Source\PSoC5/WaveDAC8_1_VDAC8.c **** *
 160:Generated_Source\PSoC5/WaveDAC8_1_VDAC8.c **** * Return:
 161:Generated_Source\PSoC5/WaveDAC8_1_VDAC8.c **** *  void
 162:Generated_Source\PSoC5/WaveDAC8_1_VDAC8.c **** *
 163:Generated_Source\PSoC5/WaveDAC8_1_VDAC8.c **** * Theory:
 164:Generated_Source\PSoC5/WaveDAC8_1_VDAC8.c **** *
 165:Generated_Source\PSoC5/WaveDAC8_1_VDAC8.c **** * Side Effects:
ARM GAS  C:\Users\KJA\AppData\Local\Temp\ccaRGuWC.s 			page 7


 166:Generated_Source\PSoC5/WaveDAC8_1_VDAC8.c **** *
 167:Generated_Source\PSoC5/WaveDAC8_1_VDAC8.c **** *******************************************************************************/
 168:Generated_Source\PSoC5/WaveDAC8_1_VDAC8.c **** void WaveDAC8_1_VDAC8_Stop(void) 
 169:Generated_Source\PSoC5/WaveDAC8_1_VDAC8.c **** {
 178              		.loc 1 169 0
 179              		.cfi_startproc
 180              		@ args = 0, pretend = 0, frame = 0
 181              		@ frame_needed = 1, uses_anonymous_args = 0
 182              		@ link register save eliminated.
 183 0000 80B4     		push	{r7}
 184              		.cfi_def_cfa_offset 4
 185              		.cfi_offset 7, -4
 186 0002 00AF     		add	r7, sp, #0
 187              		.cfi_def_cfa_register 7
 170:Generated_Source\PSoC5/WaveDAC8_1_VDAC8.c ****     /* Disble power to DAC */
 171:Generated_Source\PSoC5/WaveDAC8_1_VDAC8.c ****     WaveDAC8_1_VDAC8_PWRMGR &= (uint8)(~WaveDAC8_1_VDAC8_ACT_PWR_EN);
 188              		.loc 1 171 0
 189 0004 094A     		ldr	r2, .L12
 190 0006 094B     		ldr	r3, .L12
 191 0008 1B78     		ldrb	r3, [r3]
 192 000a DBB2     		uxtb	r3, r3
 193 000c 23F00803 		bic	r3, r3, #8
 194 0010 DBB2     		uxtb	r3, r3
 195 0012 1370     		strb	r3, [r2]
 172:Generated_Source\PSoC5/WaveDAC8_1_VDAC8.c ****     WaveDAC8_1_VDAC8_STBY_PWRMGR &= (uint8)(~WaveDAC8_1_VDAC8_STBY_PWR_EN);
 196              		.loc 1 172 0
 197 0014 064A     		ldr	r2, .L12+4
 198 0016 064B     		ldr	r3, .L12+4
 199 0018 1B78     		ldrb	r3, [r3]
 200 001a DBB2     		uxtb	r3, r3
 201 001c 23F00803 		bic	r3, r3, #8
 202 0020 DBB2     		uxtb	r3, r3
 203 0022 1370     		strb	r3, [r2]
 173:Generated_Source\PSoC5/WaveDAC8_1_VDAC8.c **** 
 174:Generated_Source\PSoC5/WaveDAC8_1_VDAC8.c ****     /* This is a work around for PSoC5A  ,
 175:Generated_Source\PSoC5/WaveDAC8_1_VDAC8.c ****     this sets VDAC to current mode with output off */
 176:Generated_Source\PSoC5/WaveDAC8_1_VDAC8.c ****     #if (CY_PSOC5A)
 177:Generated_Source\PSoC5/WaveDAC8_1_VDAC8.c ****         WaveDAC8_1_VDAC8_backup.data_value = WaveDAC8_1_VDAC8_CR0;
 178:Generated_Source\PSoC5/WaveDAC8_1_VDAC8.c ****         WaveDAC8_1_VDAC8_CR0 = WaveDAC8_1_VDAC8_CUR_MODE_OUT_OFF;
 179:Generated_Source\PSoC5/WaveDAC8_1_VDAC8.c ****         WaveDAC8_1_VDAC8_restoreVal = 1u;
 180:Generated_Source\PSoC5/WaveDAC8_1_VDAC8.c ****     #endif /* CY_PSOC5A */
 181:Generated_Source\PSoC5/WaveDAC8_1_VDAC8.c **** }
 204              		.loc 1 181 0
 205 0024 BD46     		mov	sp, r7
 206              		.cfi_def_cfa_register 13
 207              		@ sp needed
 208 0026 5DF8047B 		ldr	r7, [sp], #4
 209              		.cfi_restore 7
 210              		.cfi_def_cfa_offset 0
 211 002a 7047     		bx	lr
 212              	.L13:
 213              		.align	2
 214              	.L12:
 215 002c A8430040 		.word	1073759144
 216 0030 B8430040 		.word	1073759160
 217              		.cfi_endproc
 218              	.LFE3:
ARM GAS  C:\Users\KJA\AppData\Local\Temp\ccaRGuWC.s 			page 8


 219              		.size	WaveDAC8_1_VDAC8_Stop, .-WaveDAC8_1_VDAC8_Stop
 220              		.section	.text.WaveDAC8_1_VDAC8_SetSpeed,"ax",%progbits
 221              		.align	2
 222              		.global	WaveDAC8_1_VDAC8_SetSpeed
 223              		.thumb
 224              		.thumb_func
 225              		.type	WaveDAC8_1_VDAC8_SetSpeed, %function
 226              	WaveDAC8_1_VDAC8_SetSpeed:
 227              	.LFB4:
 182:Generated_Source\PSoC5/WaveDAC8_1_VDAC8.c **** 
 183:Generated_Source\PSoC5/WaveDAC8_1_VDAC8.c **** 
 184:Generated_Source\PSoC5/WaveDAC8_1_VDAC8.c **** /*******************************************************************************
 185:Generated_Source\PSoC5/WaveDAC8_1_VDAC8.c **** * Function Name: WaveDAC8_1_VDAC8_SetSpeed
 186:Generated_Source\PSoC5/WaveDAC8_1_VDAC8.c **** ********************************************************************************
 187:Generated_Source\PSoC5/WaveDAC8_1_VDAC8.c **** *
 188:Generated_Source\PSoC5/WaveDAC8_1_VDAC8.c **** * Summary:
 189:Generated_Source\PSoC5/WaveDAC8_1_VDAC8.c **** *  Set DAC speed
 190:Generated_Source\PSoC5/WaveDAC8_1_VDAC8.c **** *
 191:Generated_Source\PSoC5/WaveDAC8_1_VDAC8.c **** * Parameters:
 192:Generated_Source\PSoC5/WaveDAC8_1_VDAC8.c **** *  power: Sets speed value
 193:Generated_Source\PSoC5/WaveDAC8_1_VDAC8.c **** *
 194:Generated_Source\PSoC5/WaveDAC8_1_VDAC8.c **** * Return:
 195:Generated_Source\PSoC5/WaveDAC8_1_VDAC8.c **** *  void
 196:Generated_Source\PSoC5/WaveDAC8_1_VDAC8.c **** *
 197:Generated_Source\PSoC5/WaveDAC8_1_VDAC8.c **** * Theory:
 198:Generated_Source\PSoC5/WaveDAC8_1_VDAC8.c **** *
 199:Generated_Source\PSoC5/WaveDAC8_1_VDAC8.c **** * Side Effects:
 200:Generated_Source\PSoC5/WaveDAC8_1_VDAC8.c **** *
 201:Generated_Source\PSoC5/WaveDAC8_1_VDAC8.c **** *******************************************************************************/
 202:Generated_Source\PSoC5/WaveDAC8_1_VDAC8.c **** void WaveDAC8_1_VDAC8_SetSpeed(uint8 speed) 
 203:Generated_Source\PSoC5/WaveDAC8_1_VDAC8.c **** {
 228              		.loc 1 203 0
 229              		.cfi_startproc
 230              		@ args = 0, pretend = 0, frame = 8
 231              		@ frame_needed = 1, uses_anonymous_args = 0
 232              		@ link register save eliminated.
 233 0000 80B4     		push	{r7}
 234              		.cfi_def_cfa_offset 4
 235              		.cfi_offset 7, -4
 236 0002 83B0     		sub	sp, sp, #12
 237              		.cfi_def_cfa_offset 16
 238 0004 00AF     		add	r7, sp, #0
 239              		.cfi_def_cfa_register 7
 240 0006 0346     		mov	r3, r0
 241 0008 FB71     		strb	r3, [r7, #7]
 204:Generated_Source\PSoC5/WaveDAC8_1_VDAC8.c ****     /* Clear power mask then write in new value */
 205:Generated_Source\PSoC5/WaveDAC8_1_VDAC8.c ****     WaveDAC8_1_VDAC8_CR0 &= (uint8)(~WaveDAC8_1_VDAC8_HS_MASK);
 242              		.loc 1 205 0
 243 000a 0C4A     		ldr	r2, .L15
 244 000c 0B4B     		ldr	r3, .L15
 245 000e 1B78     		ldrb	r3, [r3]
 246 0010 DBB2     		uxtb	r3, r3
 247 0012 23F00203 		bic	r3, r3, #2
 248 0016 DBB2     		uxtb	r3, r3
 249 0018 1370     		strb	r3, [r2]
 206:Generated_Source\PSoC5/WaveDAC8_1_VDAC8.c ****     WaveDAC8_1_VDAC8_CR0 |=  (speed & WaveDAC8_1_VDAC8_HS_MASK);
 250              		.loc 1 206 0
ARM GAS  C:\Users\KJA\AppData\Local\Temp\ccaRGuWC.s 			page 9


 251 001a 0849     		ldr	r1, .L15
 252 001c 074B     		ldr	r3, .L15
 253 001e 1B78     		ldrb	r3, [r3]
 254 0020 DAB2     		uxtb	r2, r3
 255 0022 FB79     		ldrb	r3, [r7, #7]
 256 0024 03F00203 		and	r3, r3, #2
 257 0028 DBB2     		uxtb	r3, r3
 258 002a 1343     		orrs	r3, r3, r2
 259 002c DBB2     		uxtb	r3, r3
 260 002e 0B70     		strb	r3, [r1]
 207:Generated_Source\PSoC5/WaveDAC8_1_VDAC8.c **** }
 261              		.loc 1 207 0
 262 0030 0C37     		adds	r7, r7, #12
 263              		.cfi_def_cfa_offset 4
 264 0032 BD46     		mov	sp, r7
 265              		.cfi_def_cfa_register 13
 266              		@ sp needed
 267 0034 5DF8047B 		ldr	r7, [sp], #4
 268              		.cfi_restore 7
 269              		.cfi_def_cfa_offset 0
 270 0038 7047     		bx	lr
 271              	.L16:
 272 003a 00BF     		.align	2
 273              	.L15:
 274 003c 2C580040 		.word	1073764396
 275              		.cfi_endproc
 276              	.LFE4:
 277              		.size	WaveDAC8_1_VDAC8_SetSpeed, .-WaveDAC8_1_VDAC8_SetSpeed
 278              		.section	.text.WaveDAC8_1_VDAC8_SetRange,"ax",%progbits
 279              		.align	2
 280              		.global	WaveDAC8_1_VDAC8_SetRange
 281              		.thumb
 282              		.thumb_func
 283              		.type	WaveDAC8_1_VDAC8_SetRange, %function
 284              	WaveDAC8_1_VDAC8_SetRange:
 285              	.LFB5:
 208:Generated_Source\PSoC5/WaveDAC8_1_VDAC8.c **** 
 209:Generated_Source\PSoC5/WaveDAC8_1_VDAC8.c **** 
 210:Generated_Source\PSoC5/WaveDAC8_1_VDAC8.c **** /*******************************************************************************
 211:Generated_Source\PSoC5/WaveDAC8_1_VDAC8.c **** * Function Name: WaveDAC8_1_VDAC8_SetRange
 212:Generated_Source\PSoC5/WaveDAC8_1_VDAC8.c **** ********************************************************************************
 213:Generated_Source\PSoC5/WaveDAC8_1_VDAC8.c **** *
 214:Generated_Source\PSoC5/WaveDAC8_1_VDAC8.c **** * Summary:
 215:Generated_Source\PSoC5/WaveDAC8_1_VDAC8.c **** *  Set one of three current ranges.
 216:Generated_Source\PSoC5/WaveDAC8_1_VDAC8.c **** *
 217:Generated_Source\PSoC5/WaveDAC8_1_VDAC8.c **** * Parameters:
 218:Generated_Source\PSoC5/WaveDAC8_1_VDAC8.c **** *  Range: Sets one of Three valid ranges.
 219:Generated_Source\PSoC5/WaveDAC8_1_VDAC8.c **** *
 220:Generated_Source\PSoC5/WaveDAC8_1_VDAC8.c **** * Return:
 221:Generated_Source\PSoC5/WaveDAC8_1_VDAC8.c **** *  void 
 222:Generated_Source\PSoC5/WaveDAC8_1_VDAC8.c **** *
 223:Generated_Source\PSoC5/WaveDAC8_1_VDAC8.c **** * Theory:
 224:Generated_Source\PSoC5/WaveDAC8_1_VDAC8.c **** *
 225:Generated_Source\PSoC5/WaveDAC8_1_VDAC8.c **** * Side Effects:
 226:Generated_Source\PSoC5/WaveDAC8_1_VDAC8.c **** *
 227:Generated_Source\PSoC5/WaveDAC8_1_VDAC8.c **** *******************************************************************************/
 228:Generated_Source\PSoC5/WaveDAC8_1_VDAC8.c **** void WaveDAC8_1_VDAC8_SetRange(uint8 range) 
ARM GAS  C:\Users\KJA\AppData\Local\Temp\ccaRGuWC.s 			page 10


 229:Generated_Source\PSoC5/WaveDAC8_1_VDAC8.c **** {
 286              		.loc 1 229 0
 287              		.cfi_startproc
 288              		@ args = 0, pretend = 0, frame = 8
 289              		@ frame_needed = 1, uses_anonymous_args = 0
 290 0000 80B5     		push	{r7, lr}
 291              		.cfi_def_cfa_offset 8
 292              		.cfi_offset 7, -8
 293              		.cfi_offset 14, -4
 294 0002 82B0     		sub	sp, sp, #8
 295              		.cfi_def_cfa_offset 16
 296 0004 00AF     		add	r7, sp, #0
 297              		.cfi_def_cfa_register 7
 298 0006 0346     		mov	r3, r0
 299 0008 FB71     		strb	r3, [r7, #7]
 230:Generated_Source\PSoC5/WaveDAC8_1_VDAC8.c ****     WaveDAC8_1_VDAC8_CR0 &= (uint8)(~WaveDAC8_1_VDAC8_RANGE_MASK);      /* Clear existing mode */
 300              		.loc 1 230 0
 301 000a 0C4A     		ldr	r2, .L18
 302 000c 0B4B     		ldr	r3, .L18
 303 000e 1B78     		ldrb	r3, [r3]
 304 0010 DBB2     		uxtb	r3, r3
 305 0012 23F00C03 		bic	r3, r3, #12
 306 0016 DBB2     		uxtb	r3, r3
 307 0018 1370     		strb	r3, [r2]
 231:Generated_Source\PSoC5/WaveDAC8_1_VDAC8.c ****     WaveDAC8_1_VDAC8_CR0 |= (range & WaveDAC8_1_VDAC8_RANGE_MASK);      /*  Set Range  */
 308              		.loc 1 231 0
 309 001a 0849     		ldr	r1, .L18
 310 001c 074B     		ldr	r3, .L18
 311 001e 1B78     		ldrb	r3, [r3]
 312 0020 DAB2     		uxtb	r2, r3
 313 0022 FB79     		ldrb	r3, [r7, #7]
 314 0024 03F00C03 		and	r3, r3, #12
 315 0028 DBB2     		uxtb	r3, r3
 316 002a 1343     		orrs	r3, r3, r2
 317 002c DBB2     		uxtb	r3, r3
 318 002e 0B70     		strb	r3, [r1]
 232:Generated_Source\PSoC5/WaveDAC8_1_VDAC8.c ****     WaveDAC8_1_VDAC8_DacTrim();
 319              		.loc 1 232 0
 320 0030 FFF7FEFF 		bl	WaveDAC8_1_VDAC8_DacTrim
 233:Generated_Source\PSoC5/WaveDAC8_1_VDAC8.c **** }
 321              		.loc 1 233 0
 322 0034 0837     		adds	r7, r7, #8
 323              		.cfi_def_cfa_offset 8
 324 0036 BD46     		mov	sp, r7
 325              		.cfi_def_cfa_register 13
 326              		@ sp needed
 327 0038 80BD     		pop	{r7, pc}
 328              	.L19:
 329 003a 00BF     		.align	2
 330              	.L18:
 331 003c 2C580040 		.word	1073764396
 332              		.cfi_endproc
 333              	.LFE5:
 334              		.size	WaveDAC8_1_VDAC8_SetRange, .-WaveDAC8_1_VDAC8_SetRange
 335              		.section	.text.WaveDAC8_1_VDAC8_SetValue,"ax",%progbits
 336              		.align	2
 337              		.global	WaveDAC8_1_VDAC8_SetValue
ARM GAS  C:\Users\KJA\AppData\Local\Temp\ccaRGuWC.s 			page 11


 338              		.thumb
 339              		.thumb_func
 340              		.type	WaveDAC8_1_VDAC8_SetValue, %function
 341              	WaveDAC8_1_VDAC8_SetValue:
 342              	.LFB6:
 234:Generated_Source\PSoC5/WaveDAC8_1_VDAC8.c **** 
 235:Generated_Source\PSoC5/WaveDAC8_1_VDAC8.c **** 
 236:Generated_Source\PSoC5/WaveDAC8_1_VDAC8.c **** /*******************************************************************************
 237:Generated_Source\PSoC5/WaveDAC8_1_VDAC8.c **** * Function Name: WaveDAC8_1_VDAC8_SetValue
 238:Generated_Source\PSoC5/WaveDAC8_1_VDAC8.c **** ********************************************************************************
 239:Generated_Source\PSoC5/WaveDAC8_1_VDAC8.c **** *
 240:Generated_Source\PSoC5/WaveDAC8_1_VDAC8.c **** * Summary:
 241:Generated_Source\PSoC5/WaveDAC8_1_VDAC8.c **** *  Set 8-bit DAC value
 242:Generated_Source\PSoC5/WaveDAC8_1_VDAC8.c **** *
 243:Generated_Source\PSoC5/WaveDAC8_1_VDAC8.c **** * Parameters:  
 244:Generated_Source\PSoC5/WaveDAC8_1_VDAC8.c **** *  value:  Sets DAC value between 0 and 255.
 245:Generated_Source\PSoC5/WaveDAC8_1_VDAC8.c **** *
 246:Generated_Source\PSoC5/WaveDAC8_1_VDAC8.c **** * Return: 
 247:Generated_Source\PSoC5/WaveDAC8_1_VDAC8.c **** *  void 
 248:Generated_Source\PSoC5/WaveDAC8_1_VDAC8.c **** *
 249:Generated_Source\PSoC5/WaveDAC8_1_VDAC8.c **** * Theory: 
 250:Generated_Source\PSoC5/WaveDAC8_1_VDAC8.c **** *
 251:Generated_Source\PSoC5/WaveDAC8_1_VDAC8.c **** * Side Effects:
 252:Generated_Source\PSoC5/WaveDAC8_1_VDAC8.c **** *
 253:Generated_Source\PSoC5/WaveDAC8_1_VDAC8.c **** *******************************************************************************/
 254:Generated_Source\PSoC5/WaveDAC8_1_VDAC8.c **** void WaveDAC8_1_VDAC8_SetValue(uint8 value) 
 255:Generated_Source\PSoC5/WaveDAC8_1_VDAC8.c **** {
 343              		.loc 1 255 0
 344              		.cfi_startproc
 345              		@ args = 0, pretend = 0, frame = 8
 346              		@ frame_needed = 1, uses_anonymous_args = 0
 347              		@ link register save eliminated.
 348 0000 80B4     		push	{r7}
 349              		.cfi_def_cfa_offset 4
 350              		.cfi_offset 7, -4
 351 0002 83B0     		sub	sp, sp, #12
 352              		.cfi_def_cfa_offset 16
 353 0004 00AF     		add	r7, sp, #0
 354              		.cfi_def_cfa_register 7
 355 0006 0346     		mov	r3, r0
 356 0008 FB71     		strb	r3, [r7, #7]
 256:Generated_Source\PSoC5/WaveDAC8_1_VDAC8.c ****     #if (CY_PSOC5A)
 257:Generated_Source\PSoC5/WaveDAC8_1_VDAC8.c ****         uint8 WaveDAC8_1_VDAC8_intrStatus = CyEnterCriticalSection();
 258:Generated_Source\PSoC5/WaveDAC8_1_VDAC8.c ****     #endif /* CY_PSOC5A */
 259:Generated_Source\PSoC5/WaveDAC8_1_VDAC8.c **** 
 260:Generated_Source\PSoC5/WaveDAC8_1_VDAC8.c ****     WaveDAC8_1_VDAC8_Data = value;                /*  Set Value  */
 357              		.loc 1 260 0
 358 000a 044A     		ldr	r2, .L21
 359 000c FB79     		ldrb	r3, [r7, #7]
 360 000e 1370     		strb	r3, [r2]
 261:Generated_Source\PSoC5/WaveDAC8_1_VDAC8.c **** 
 262:Generated_Source\PSoC5/WaveDAC8_1_VDAC8.c ****     /* PSOC5A requires a double write */
 263:Generated_Source\PSoC5/WaveDAC8_1_VDAC8.c ****     /* Exit Critical Section */
 264:Generated_Source\PSoC5/WaveDAC8_1_VDAC8.c ****     #if (CY_PSOC5A)
 265:Generated_Source\PSoC5/WaveDAC8_1_VDAC8.c ****         WaveDAC8_1_VDAC8_Data = value;
 266:Generated_Source\PSoC5/WaveDAC8_1_VDAC8.c ****         CyExitCriticalSection(WaveDAC8_1_VDAC8_intrStatus);
 267:Generated_Source\PSoC5/WaveDAC8_1_VDAC8.c ****     #endif /* CY_PSOC5A */
ARM GAS  C:\Users\KJA\AppData\Local\Temp\ccaRGuWC.s 			page 12


 268:Generated_Source\PSoC5/WaveDAC8_1_VDAC8.c **** }
 361              		.loc 1 268 0
 362 0010 0C37     		adds	r7, r7, #12
 363              		.cfi_def_cfa_offset 4
 364 0012 BD46     		mov	sp, r7
 365              		.cfi_def_cfa_register 13
 366              		@ sp needed
 367 0014 5DF8047B 		ldr	r7, [sp], #4
 368              		.cfi_restore 7
 369              		.cfi_def_cfa_offset 0
 370 0018 7047     		bx	lr
 371              	.L22:
 372 001a 00BF     		.align	2
 373              	.L21:
 374 001c 835B0040 		.word	1073765251
 375              		.cfi_endproc
 376              	.LFE6:
 377              		.size	WaveDAC8_1_VDAC8_SetValue, .-WaveDAC8_1_VDAC8_SetValue
 378              		.section	.text.WaveDAC8_1_VDAC8_DacTrim,"ax",%progbits
 379              		.align	2
 380              		.global	WaveDAC8_1_VDAC8_DacTrim
 381              		.thumb
 382              		.thumb_func
 383              		.type	WaveDAC8_1_VDAC8_DacTrim, %function
 384              	WaveDAC8_1_VDAC8_DacTrim:
 385              	.LFB7:
 269:Generated_Source\PSoC5/WaveDAC8_1_VDAC8.c **** 
 270:Generated_Source\PSoC5/WaveDAC8_1_VDAC8.c **** 
 271:Generated_Source\PSoC5/WaveDAC8_1_VDAC8.c **** /*******************************************************************************
 272:Generated_Source\PSoC5/WaveDAC8_1_VDAC8.c **** * Function Name: WaveDAC8_1_VDAC8_DacTrim
 273:Generated_Source\PSoC5/WaveDAC8_1_VDAC8.c **** ********************************************************************************
 274:Generated_Source\PSoC5/WaveDAC8_1_VDAC8.c **** *
 275:Generated_Source\PSoC5/WaveDAC8_1_VDAC8.c **** * Summary:
 276:Generated_Source\PSoC5/WaveDAC8_1_VDAC8.c **** *  Set the trim value for the given range.
 277:Generated_Source\PSoC5/WaveDAC8_1_VDAC8.c **** *
 278:Generated_Source\PSoC5/WaveDAC8_1_VDAC8.c **** * Parameters:
 279:Generated_Source\PSoC5/WaveDAC8_1_VDAC8.c **** *  range:  1V or 4V range.  See constants.
 280:Generated_Source\PSoC5/WaveDAC8_1_VDAC8.c **** *
 281:Generated_Source\PSoC5/WaveDAC8_1_VDAC8.c **** * Return:
 282:Generated_Source\PSoC5/WaveDAC8_1_VDAC8.c **** *  void
 283:Generated_Source\PSoC5/WaveDAC8_1_VDAC8.c **** *
 284:Generated_Source\PSoC5/WaveDAC8_1_VDAC8.c **** * Theory: 
 285:Generated_Source\PSoC5/WaveDAC8_1_VDAC8.c **** *
 286:Generated_Source\PSoC5/WaveDAC8_1_VDAC8.c **** * Side Effects:
 287:Generated_Source\PSoC5/WaveDAC8_1_VDAC8.c **** *
 288:Generated_Source\PSoC5/WaveDAC8_1_VDAC8.c **** *******************************************************************************/
 289:Generated_Source\PSoC5/WaveDAC8_1_VDAC8.c **** void WaveDAC8_1_VDAC8_DacTrim(void) 
 290:Generated_Source\PSoC5/WaveDAC8_1_VDAC8.c **** {
 386              		.loc 1 290 0
 387              		.cfi_startproc
 388              		@ args = 0, pretend = 0, frame = 8
 389              		@ frame_needed = 1, uses_anonymous_args = 0
 390              		@ link register save eliminated.
 391 0000 80B4     		push	{r7}
 392              		.cfi_def_cfa_offset 4
 393              		.cfi_offset 7, -4
 394 0002 83B0     		sub	sp, sp, #12
ARM GAS  C:\Users\KJA\AppData\Local\Temp\ccaRGuWC.s 			page 13


 395              		.cfi_def_cfa_offset 16
 396 0004 00AF     		add	r7, sp, #0
 397              		.cfi_def_cfa_register 7
 291:Generated_Source\PSoC5/WaveDAC8_1_VDAC8.c ****     uint8 mode;
 292:Generated_Source\PSoC5/WaveDAC8_1_VDAC8.c **** 
 293:Generated_Source\PSoC5/WaveDAC8_1_VDAC8.c ****     mode = (uint8)((WaveDAC8_1_VDAC8_CR0 & WaveDAC8_1_VDAC8_RANGE_MASK) >> 2) + WaveDAC8_1_VDAC8_TR
 398              		.loc 1 293 0
 399 0006 0B4B     		ldr	r3, .L24
 400 0008 1B78     		ldrb	r3, [r3]
 401 000a DBB2     		uxtb	r3, r3
 402 000c 03F00C03 		and	r3, r3, #12
 403 0010 9B08     		lsrs	r3, r3, #2
 404 0012 DBB2     		uxtb	r3, r3
 405 0014 0633     		adds	r3, r3, #6
 406 0016 FB71     		strb	r3, [r7, #7]
 294:Generated_Source\PSoC5/WaveDAC8_1_VDAC8.c ****     WaveDAC8_1_VDAC8_TR = CY_GET_XTND_REG8((uint8 *)(WaveDAC8_1_VDAC8_DAC_TRIM_BASE + mode));
 407              		.loc 1 294 0
 408 0018 074A     		ldr	r2, .L24+4
 409 001a FB79     		ldrb	r3, [r7, #7]	@ zero_extendqisi2
 410 001c 03F19243 		add	r3, r3, #1224736768
 411 0020 03F59C73 		add	r3, r3, #312
 412 0024 1B78     		ldrb	r3, [r3]
 413 0026 DBB2     		uxtb	r3, r3
 414 0028 1370     		strb	r3, [r2]
 295:Generated_Source\PSoC5/WaveDAC8_1_VDAC8.c **** }
 415              		.loc 1 295 0
 416 002a 0C37     		adds	r7, r7, #12
 417              		.cfi_def_cfa_offset 4
 418 002c BD46     		mov	sp, r7
 419              		.cfi_def_cfa_register 13
 420              		@ sp needed
 421 002e 5DF8047B 		ldr	r7, [sp], #4
 422              		.cfi_restore 7
 423              		.cfi_def_cfa_offset 0
 424 0032 7047     		bx	lr
 425              	.L25:
 426              		.align	2
 427              	.L24:
 428 0034 2C580040 		.word	1073764396
 429 0038 0B460040 		.word	1073759755
 430              		.cfi_endproc
 431              	.LFE7:
 432              		.size	WaveDAC8_1_VDAC8_DacTrim, .-WaveDAC8_1_VDAC8_DacTrim
 433              		.text
 434              	.Letext0:
 435              		.file 2 "Generated_Source\\PSoC5\\cytypes.h"
 436              		.section	.debug_info,"",%progbits
 437              	.Ldebug_info0:
 438 0000 80010000 		.4byte	0x180
 439 0004 0400     		.2byte	0x4
 440 0006 00000000 		.4byte	.Ldebug_abbrev0
 441 000a 04       		.byte	0x4
 442 000b 01       		.uleb128 0x1
 443 000c 62000000 		.4byte	.LASF25
 444 0010 01       		.byte	0x1
 445 0011 1A000000 		.4byte	.LASF26
 446 0015 9B010000 		.4byte	.LASF27
ARM GAS  C:\Users\KJA\AppData\Local\Temp\ccaRGuWC.s 			page 14


 447 0019 00000000 		.4byte	.Ldebug_ranges0+0
 448 001d 00000000 		.4byte	0
 449 0021 00000000 		.4byte	.Ldebug_line0
 450 0025 02       		.uleb128 0x2
 451 0026 01       		.byte	0x1
 452 0027 06       		.byte	0x6
 453 0028 7A020000 		.4byte	.LASF0
 454 002c 02       		.uleb128 0x2
 455 002d 01       		.byte	0x1
 456 002e 08       		.byte	0x8
 457 002f 10010000 		.4byte	.LASF1
 458 0033 02       		.uleb128 0x2
 459 0034 02       		.byte	0x2
 460 0035 05       		.byte	0x5
 461 0036 48020000 		.4byte	.LASF2
 462 003a 02       		.uleb128 0x2
 463 003b 02       		.byte	0x2
 464 003c 07       		.byte	0x7
 465 003d 64010000 		.4byte	.LASF3
 466 0041 02       		.uleb128 0x2
 467 0042 04       		.byte	0x4
 468 0043 05       		.byte	0x5
 469 0044 71020000 		.4byte	.LASF4
 470 0048 02       		.uleb128 0x2
 471 0049 04       		.byte	0x4
 472 004a 07       		.byte	0x7
 473 004b 39010000 		.4byte	.LASF5
 474 004f 02       		.uleb128 0x2
 475 0050 08       		.byte	0x8
 476 0051 05       		.byte	0x5
 477 0052 35020000 		.4byte	.LASF6
 478 0056 02       		.uleb128 0x2
 479 0057 08       		.byte	0x8
 480 0058 07       		.byte	0x7
 481 0059 E3010000 		.4byte	.LASF7
 482 005d 03       		.uleb128 0x3
 483 005e 04       		.byte	0x4
 484 005f 05       		.byte	0x5
 485 0060 696E7400 		.ascii	"int\000"
 486 0064 02       		.uleb128 0x2
 487 0065 04       		.byte	0x4
 488 0066 07       		.byte	0x7
 489 0067 D6010000 		.4byte	.LASF8
 490 006b 04       		.uleb128 0x4
 491 006c 52020000 		.4byte	.LASF12
 492 0070 02       		.byte	0x2
 493 0071 C2       		.byte	0xc2
 494 0072 2C000000 		.4byte	0x2c
 495 0076 02       		.uleb128 0x2
 496 0077 04       		.byte	0x4
 497 0078 04       		.byte	0x4
 498 0079 0A010000 		.4byte	.LASF9
 499 007d 02       		.uleb128 0x2
 500 007e 08       		.byte	0x8
 501 007f 04       		.byte	0x4
 502 0080 7D010000 		.4byte	.LASF10
 503 0084 02       		.uleb128 0x2
ARM GAS  C:\Users\KJA\AppData\Local\Temp\ccaRGuWC.s 			page 15


 504 0085 01       		.byte	0x1
 505 0086 08       		.byte	0x8
 506 0087 43020000 		.4byte	.LASF11
 507 008b 05       		.uleb128 0x5
 508 008c 34010000 		.4byte	.LASF13
 509 0090 02       		.byte	0x2
 510 0091 6C01     		.2byte	0x16c
 511 0093 97000000 		.4byte	0x97
 512 0097 06       		.uleb128 0x6
 513 0098 6B000000 		.4byte	0x6b
 514 009c 07       		.uleb128 0x7
 515 009d 1E010000 		.4byte	.LASF14
 516 00a1 01       		.byte	0x1
 517 00a2 37       		.byte	0x37
 518 00a3 00000000 		.4byte	.LFB0
 519 00a7 3C000000 		.4byte	.LFE0-.LFB0
 520 00ab 01       		.uleb128 0x1
 521 00ac 9C       		.byte	0x9c
 522 00ad 08       		.uleb128 0x8
 523 00ae 44000000 		.4byte	.LASF15
 524 00b2 01       		.byte	0x1
 525 00b3 60       		.byte	0x60
 526 00b4 00000000 		.4byte	.LFB1
 527 00b8 34000000 		.4byte	.LFE1-.LFB1
 528 00bc 01       		.uleb128 0x1
 529 00bd 9C       		.byte	0x9c
 530 00be 07       		.uleb128 0x7
 531 00bf 84010000 		.4byte	.LASF16
 532 00c3 01       		.byte	0x1
 533 00c4 85       		.byte	0x85
 534 00c5 00000000 		.4byte	.LFB2
 535 00c9 28000000 		.4byte	.LFE2-.LFB2
 536 00cd 01       		.uleb128 0x1
 537 00ce 9C       		.byte	0x9c
 538 00cf 08       		.uleb128 0x8
 539 00d0 FF010000 		.4byte	.LASF17
 540 00d4 01       		.byte	0x1
 541 00d5 A8       		.byte	0xa8
 542 00d6 00000000 		.4byte	.LFB3
 543 00da 34000000 		.4byte	.LFE3-.LFB3
 544 00de 01       		.uleb128 0x1
 545 00df 9C       		.byte	0x9c
 546 00e0 09       		.uleb128 0x9
 547 00e1 F0000000 		.4byte	.LASF18
 548 00e5 01       		.byte	0x1
 549 00e6 CA       		.byte	0xca
 550 00e7 00000000 		.4byte	.LFB4
 551 00eb 40000000 		.4byte	.LFE4-.LFB4
 552 00ef 01       		.uleb128 0x1
 553 00f0 9C       		.byte	0x9c
 554 00f1 04010000 		.4byte	0x104
 555 00f5 0A       		.uleb128 0xa
 556 00f6 2F020000 		.4byte	.LASF20
 557 00fa 01       		.byte	0x1
 558 00fb CA       		.byte	0xca
 559 00fc 6B000000 		.4byte	0x6b
 560 0100 02       		.uleb128 0x2
ARM GAS  C:\Users\KJA\AppData\Local\Temp\ccaRGuWC.s 			page 16


 561 0101 91       		.byte	0x91
 562 0102 77       		.sleb128 -9
 563 0103 00       		.byte	0
 564 0104 0B       		.uleb128 0xb
 565 0105 00000000 		.4byte	.LASF19
 566 0109 01       		.byte	0x1
 567 010a E4       		.byte	0xe4
 568 010b 00000000 		.4byte	.LFB5
 569 010f 40000000 		.4byte	.LFE5-.LFB5
 570 0113 01       		.uleb128 0x1
 571 0114 9C       		.byte	0x9c
 572 0115 28010000 		.4byte	0x128
 573 0119 0A       		.uleb128 0xa
 574 011a 77010000 		.4byte	.LASF21
 575 011e 01       		.byte	0x1
 576 011f E4       		.byte	0xe4
 577 0120 6B000000 		.4byte	0x6b
 578 0124 02       		.uleb128 0x2
 579 0125 91       		.byte	0x91
 580 0126 77       		.sleb128 -9
 581 0127 00       		.byte	0
 582 0128 09       		.uleb128 0x9
 583 0129 15020000 		.4byte	.LASF22
 584 012d 01       		.byte	0x1
 585 012e FE       		.byte	0xfe
 586 012f 00000000 		.4byte	.LFB6
 587 0133 20000000 		.4byte	.LFE6-.LFB6
 588 0137 01       		.uleb128 0x1
 589 0138 9C       		.byte	0x9c
 590 0139 4C010000 		.4byte	0x14c
 591 013d 0A       		.uleb128 0xa
 592 013e 5C000000 		.4byte	.LASF23
 593 0142 01       		.byte	0x1
 594 0143 FE       		.byte	0xfe
 595 0144 6B000000 		.4byte	0x6b
 596 0148 02       		.uleb128 0x2
 597 0149 91       		.byte	0x91
 598 014a 77       		.sleb128 -9
 599 014b 00       		.byte	0
 600 014c 0C       		.uleb128 0xc
 601 014d 4B010000 		.4byte	.LASF24
 602 0151 01       		.byte	0x1
 603 0152 2101     		.2byte	0x121
 604 0154 00000000 		.4byte	.LFB7
 605 0158 3C000000 		.4byte	.LFE7-.LFB7
 606 015c 01       		.uleb128 0x1
 607 015d 9C       		.byte	0x9c
 608 015e 72010000 		.4byte	0x172
 609 0162 0D       		.uleb128 0xd
 610 0163 FA010000 		.4byte	.LASF28
 611 0167 01       		.byte	0x1
 612 0168 2301     		.2byte	0x123
 613 016a 6B000000 		.4byte	0x6b
 614 016e 02       		.uleb128 0x2
 615 016f 91       		.byte	0x91
 616 0170 77       		.sleb128 -9
 617 0171 00       		.byte	0
ARM GAS  C:\Users\KJA\AppData\Local\Temp\ccaRGuWC.s 			page 17


 618 0172 0E       		.uleb128 0xe
 619 0173 58020000 		.4byte	.LASF29
 620 0177 01       		.byte	0x1
 621 0178 1B       		.byte	0x1b
 622 0179 6B000000 		.4byte	0x6b
 623 017d 05       		.uleb128 0x5
 624 017e 03       		.byte	0x3
 625 017f 00000000 		.4byte	WaveDAC8_1_VDAC8_initVar
 626 0183 00       		.byte	0
 627              		.section	.debug_abbrev,"",%progbits
 628              	.Ldebug_abbrev0:
 629 0000 01       		.uleb128 0x1
 630 0001 11       		.uleb128 0x11
 631 0002 01       		.byte	0x1
 632 0003 25       		.uleb128 0x25
 633 0004 0E       		.uleb128 0xe
 634 0005 13       		.uleb128 0x13
 635 0006 0B       		.uleb128 0xb
 636 0007 03       		.uleb128 0x3
 637 0008 0E       		.uleb128 0xe
 638 0009 1B       		.uleb128 0x1b
 639 000a 0E       		.uleb128 0xe
 640 000b 55       		.uleb128 0x55
 641 000c 17       		.uleb128 0x17
 642 000d 11       		.uleb128 0x11
 643 000e 01       		.uleb128 0x1
 644 000f 10       		.uleb128 0x10
 645 0010 17       		.uleb128 0x17
 646 0011 00       		.byte	0
 647 0012 00       		.byte	0
 648 0013 02       		.uleb128 0x2
 649 0014 24       		.uleb128 0x24
 650 0015 00       		.byte	0
 651 0016 0B       		.uleb128 0xb
 652 0017 0B       		.uleb128 0xb
 653 0018 3E       		.uleb128 0x3e
 654 0019 0B       		.uleb128 0xb
 655 001a 03       		.uleb128 0x3
 656 001b 0E       		.uleb128 0xe
 657 001c 00       		.byte	0
 658 001d 00       		.byte	0
 659 001e 03       		.uleb128 0x3
 660 001f 24       		.uleb128 0x24
 661 0020 00       		.byte	0
 662 0021 0B       		.uleb128 0xb
 663 0022 0B       		.uleb128 0xb
 664 0023 3E       		.uleb128 0x3e
 665 0024 0B       		.uleb128 0xb
 666 0025 03       		.uleb128 0x3
 667 0026 08       		.uleb128 0x8
 668 0027 00       		.byte	0
 669 0028 00       		.byte	0
 670 0029 04       		.uleb128 0x4
 671 002a 16       		.uleb128 0x16
 672 002b 00       		.byte	0
 673 002c 03       		.uleb128 0x3
 674 002d 0E       		.uleb128 0xe
ARM GAS  C:\Users\KJA\AppData\Local\Temp\ccaRGuWC.s 			page 18


 675 002e 3A       		.uleb128 0x3a
 676 002f 0B       		.uleb128 0xb
 677 0030 3B       		.uleb128 0x3b
 678 0031 0B       		.uleb128 0xb
 679 0032 49       		.uleb128 0x49
 680 0033 13       		.uleb128 0x13
 681 0034 00       		.byte	0
 682 0035 00       		.byte	0
 683 0036 05       		.uleb128 0x5
 684 0037 16       		.uleb128 0x16
 685 0038 00       		.byte	0
 686 0039 03       		.uleb128 0x3
 687 003a 0E       		.uleb128 0xe
 688 003b 3A       		.uleb128 0x3a
 689 003c 0B       		.uleb128 0xb
 690 003d 3B       		.uleb128 0x3b
 691 003e 05       		.uleb128 0x5
 692 003f 49       		.uleb128 0x49
 693 0040 13       		.uleb128 0x13
 694 0041 00       		.byte	0
 695 0042 00       		.byte	0
 696 0043 06       		.uleb128 0x6
 697 0044 35       		.uleb128 0x35
 698 0045 00       		.byte	0
 699 0046 49       		.uleb128 0x49
 700 0047 13       		.uleb128 0x13
 701 0048 00       		.byte	0
 702 0049 00       		.byte	0
 703 004a 07       		.uleb128 0x7
 704 004b 2E       		.uleb128 0x2e
 705 004c 00       		.byte	0
 706 004d 3F       		.uleb128 0x3f
 707 004e 19       		.uleb128 0x19
 708 004f 03       		.uleb128 0x3
 709 0050 0E       		.uleb128 0xe
 710 0051 3A       		.uleb128 0x3a
 711 0052 0B       		.uleb128 0xb
 712 0053 3B       		.uleb128 0x3b
 713 0054 0B       		.uleb128 0xb
 714 0055 27       		.uleb128 0x27
 715 0056 19       		.uleb128 0x19
 716 0057 11       		.uleb128 0x11
 717 0058 01       		.uleb128 0x1
 718 0059 12       		.uleb128 0x12
 719 005a 06       		.uleb128 0x6
 720 005b 40       		.uleb128 0x40
 721 005c 18       		.uleb128 0x18
 722 005d 9642     		.uleb128 0x2116
 723 005f 19       		.uleb128 0x19
 724 0060 00       		.byte	0
 725 0061 00       		.byte	0
 726 0062 08       		.uleb128 0x8
 727 0063 2E       		.uleb128 0x2e
 728 0064 00       		.byte	0
 729 0065 3F       		.uleb128 0x3f
 730 0066 19       		.uleb128 0x19
 731 0067 03       		.uleb128 0x3
ARM GAS  C:\Users\KJA\AppData\Local\Temp\ccaRGuWC.s 			page 19


 732 0068 0E       		.uleb128 0xe
 733 0069 3A       		.uleb128 0x3a
 734 006a 0B       		.uleb128 0xb
 735 006b 3B       		.uleb128 0x3b
 736 006c 0B       		.uleb128 0xb
 737 006d 27       		.uleb128 0x27
 738 006e 19       		.uleb128 0x19
 739 006f 11       		.uleb128 0x11
 740 0070 01       		.uleb128 0x1
 741 0071 12       		.uleb128 0x12
 742 0072 06       		.uleb128 0x6
 743 0073 40       		.uleb128 0x40
 744 0074 18       		.uleb128 0x18
 745 0075 9742     		.uleb128 0x2117
 746 0077 19       		.uleb128 0x19
 747 0078 00       		.byte	0
 748 0079 00       		.byte	0
 749 007a 09       		.uleb128 0x9
 750 007b 2E       		.uleb128 0x2e
 751 007c 01       		.byte	0x1
 752 007d 3F       		.uleb128 0x3f
 753 007e 19       		.uleb128 0x19
 754 007f 03       		.uleb128 0x3
 755 0080 0E       		.uleb128 0xe
 756 0081 3A       		.uleb128 0x3a
 757 0082 0B       		.uleb128 0xb
 758 0083 3B       		.uleb128 0x3b
 759 0084 0B       		.uleb128 0xb
 760 0085 27       		.uleb128 0x27
 761 0086 19       		.uleb128 0x19
 762 0087 11       		.uleb128 0x11
 763 0088 01       		.uleb128 0x1
 764 0089 12       		.uleb128 0x12
 765 008a 06       		.uleb128 0x6
 766 008b 40       		.uleb128 0x40
 767 008c 18       		.uleb128 0x18
 768 008d 9742     		.uleb128 0x2117
 769 008f 19       		.uleb128 0x19
 770 0090 01       		.uleb128 0x1
 771 0091 13       		.uleb128 0x13
 772 0092 00       		.byte	0
 773 0093 00       		.byte	0
 774 0094 0A       		.uleb128 0xa
 775 0095 05       		.uleb128 0x5
 776 0096 00       		.byte	0
 777 0097 03       		.uleb128 0x3
 778 0098 0E       		.uleb128 0xe
 779 0099 3A       		.uleb128 0x3a
 780 009a 0B       		.uleb128 0xb
 781 009b 3B       		.uleb128 0x3b
 782 009c 0B       		.uleb128 0xb
 783 009d 49       		.uleb128 0x49
 784 009e 13       		.uleb128 0x13
 785 009f 02       		.uleb128 0x2
 786 00a0 18       		.uleb128 0x18
 787 00a1 00       		.byte	0
 788 00a2 00       		.byte	0
ARM GAS  C:\Users\KJA\AppData\Local\Temp\ccaRGuWC.s 			page 20


 789 00a3 0B       		.uleb128 0xb
 790 00a4 2E       		.uleb128 0x2e
 791 00a5 01       		.byte	0x1
 792 00a6 3F       		.uleb128 0x3f
 793 00a7 19       		.uleb128 0x19
 794 00a8 03       		.uleb128 0x3
 795 00a9 0E       		.uleb128 0xe
 796 00aa 3A       		.uleb128 0x3a
 797 00ab 0B       		.uleb128 0xb
 798 00ac 3B       		.uleb128 0x3b
 799 00ad 0B       		.uleb128 0xb
 800 00ae 27       		.uleb128 0x27
 801 00af 19       		.uleb128 0x19
 802 00b0 11       		.uleb128 0x11
 803 00b1 01       		.uleb128 0x1
 804 00b2 12       		.uleb128 0x12
 805 00b3 06       		.uleb128 0x6
 806 00b4 40       		.uleb128 0x40
 807 00b5 18       		.uleb128 0x18
 808 00b6 9642     		.uleb128 0x2116
 809 00b8 19       		.uleb128 0x19
 810 00b9 01       		.uleb128 0x1
 811 00ba 13       		.uleb128 0x13
 812 00bb 00       		.byte	0
 813 00bc 00       		.byte	0
 814 00bd 0C       		.uleb128 0xc
 815 00be 2E       		.uleb128 0x2e
 816 00bf 01       		.byte	0x1
 817 00c0 3F       		.uleb128 0x3f
 818 00c1 19       		.uleb128 0x19
 819 00c2 03       		.uleb128 0x3
 820 00c3 0E       		.uleb128 0xe
 821 00c4 3A       		.uleb128 0x3a
 822 00c5 0B       		.uleb128 0xb
 823 00c6 3B       		.uleb128 0x3b
 824 00c7 05       		.uleb128 0x5
 825 00c8 27       		.uleb128 0x27
 826 00c9 19       		.uleb128 0x19
 827 00ca 11       		.uleb128 0x11
 828 00cb 01       		.uleb128 0x1
 829 00cc 12       		.uleb128 0x12
 830 00cd 06       		.uleb128 0x6
 831 00ce 40       		.uleb128 0x40
 832 00cf 18       		.uleb128 0x18
 833 00d0 9742     		.uleb128 0x2117
 834 00d2 19       		.uleb128 0x19
 835 00d3 01       		.uleb128 0x1
 836 00d4 13       		.uleb128 0x13
 837 00d5 00       		.byte	0
 838 00d6 00       		.byte	0
 839 00d7 0D       		.uleb128 0xd
 840 00d8 34       		.uleb128 0x34
 841 00d9 00       		.byte	0
 842 00da 03       		.uleb128 0x3
 843 00db 0E       		.uleb128 0xe
 844 00dc 3A       		.uleb128 0x3a
 845 00dd 0B       		.uleb128 0xb
ARM GAS  C:\Users\KJA\AppData\Local\Temp\ccaRGuWC.s 			page 21


 846 00de 3B       		.uleb128 0x3b
 847 00df 05       		.uleb128 0x5
 848 00e0 49       		.uleb128 0x49
 849 00e1 13       		.uleb128 0x13
 850 00e2 02       		.uleb128 0x2
 851 00e3 18       		.uleb128 0x18
 852 00e4 00       		.byte	0
 853 00e5 00       		.byte	0
 854 00e6 0E       		.uleb128 0xe
 855 00e7 34       		.uleb128 0x34
 856 00e8 00       		.byte	0
 857 00e9 03       		.uleb128 0x3
 858 00ea 0E       		.uleb128 0xe
 859 00eb 3A       		.uleb128 0x3a
 860 00ec 0B       		.uleb128 0xb
 861 00ed 3B       		.uleb128 0x3b
 862 00ee 0B       		.uleb128 0xb
 863 00ef 49       		.uleb128 0x49
 864 00f0 13       		.uleb128 0x13
 865 00f1 3F       		.uleb128 0x3f
 866 00f2 19       		.uleb128 0x19
 867 00f3 02       		.uleb128 0x2
 868 00f4 18       		.uleb128 0x18
 869 00f5 00       		.byte	0
 870 00f6 00       		.byte	0
 871 00f7 00       		.byte	0
 872              		.section	.debug_aranges,"",%progbits
 873 0000 54000000 		.4byte	0x54
 874 0004 0200     		.2byte	0x2
 875 0006 00000000 		.4byte	.Ldebug_info0
 876 000a 04       		.byte	0x4
 877 000b 00       		.byte	0
 878 000c 0000     		.2byte	0
 879 000e 0000     		.2byte	0
 880 0010 00000000 		.4byte	.LFB0
 881 0014 3C000000 		.4byte	.LFE0-.LFB0
 882 0018 00000000 		.4byte	.LFB1
 883 001c 34000000 		.4byte	.LFE1-.LFB1
 884 0020 00000000 		.4byte	.LFB2
 885 0024 28000000 		.4byte	.LFE2-.LFB2
 886 0028 00000000 		.4byte	.LFB3
 887 002c 34000000 		.4byte	.LFE3-.LFB3
 888 0030 00000000 		.4byte	.LFB4
 889 0034 40000000 		.4byte	.LFE4-.LFB4
 890 0038 00000000 		.4byte	.LFB5
 891 003c 40000000 		.4byte	.LFE5-.LFB5
 892 0040 00000000 		.4byte	.LFB6
 893 0044 20000000 		.4byte	.LFE6-.LFB6
 894 0048 00000000 		.4byte	.LFB7
 895 004c 3C000000 		.4byte	.LFE7-.LFB7
 896 0050 00000000 		.4byte	0
 897 0054 00000000 		.4byte	0
 898              		.section	.debug_ranges,"",%progbits
 899              	.Ldebug_ranges0:
 900 0000 00000000 		.4byte	.LFB0
 901 0004 3C000000 		.4byte	.LFE0
 902 0008 00000000 		.4byte	.LFB1
ARM GAS  C:\Users\KJA\AppData\Local\Temp\ccaRGuWC.s 			page 22


 903 000c 34000000 		.4byte	.LFE1
 904 0010 00000000 		.4byte	.LFB2
 905 0014 28000000 		.4byte	.LFE2
 906 0018 00000000 		.4byte	.LFB3
 907 001c 34000000 		.4byte	.LFE3
 908 0020 00000000 		.4byte	.LFB4
 909 0024 40000000 		.4byte	.LFE4
 910 0028 00000000 		.4byte	.LFB5
 911 002c 40000000 		.4byte	.LFE5
 912 0030 00000000 		.4byte	.LFB6
 913 0034 20000000 		.4byte	.LFE6
 914 0038 00000000 		.4byte	.LFB7
 915 003c 3C000000 		.4byte	.LFE7
 916 0040 00000000 		.4byte	0
 917 0044 00000000 		.4byte	0
 918              		.section	.debug_line,"",%progbits
 919              	.Ldebug_line0:
 920 0000 F4000000 		.section	.debug_str,"MS",%progbits,1
 920      02004D00 
 920      00000201 
 920      FB0E0D00 
 920      01010101 
 921              	.LASF19:
 922 0000 57617665 		.ascii	"WaveDAC8_1_VDAC8_SetRange\000"
 922      44414338 
 922      5F315F56 
 922      44414338 
 922      5F536574 
 923              	.LASF26:
 924 001a 47656E65 		.ascii	"Generated_Source\\PSoC5\\WaveDAC8_1_VDAC8.c\000"
 924      72617465 
 924      645F536F 
 924      75726365 
 924      5C50536F 
 925              	.LASF15:
 926 0044 57617665 		.ascii	"WaveDAC8_1_VDAC8_Enable\000"
 926      44414338 
 926      5F315F56 
 926      44414338 
 926      5F456E61 
 927              	.LASF23:
 928 005c 76616C75 		.ascii	"value\000"
 928      6500
 929              	.LASF25:
 930 0062 474E5520 		.ascii	"GNU C 4.9.3 20150303 (release) [ARM/embedded-4_9-br"
 930      4320342E 
 930      392E3320 
 930      32303135 
 930      30333033 
 931 0095 616E6368 		.ascii	"anch revision 221220] -mcpu=cortex-m3 -mthumb -g -O"
 931      20726576 
 931      6973696F 
 931      6E203232 
 931      31323230 
 932 00c8 30202D66 		.ascii	"0 -ffunction-sections -ffat-lto-objects\000"
 932      66756E63 
 932      74696F6E 
ARM GAS  C:\Users\KJA\AppData\Local\Temp\ccaRGuWC.s 			page 23


 932      2D736563 
 932      74696F6E 
 933              	.LASF18:
 934 00f0 57617665 		.ascii	"WaveDAC8_1_VDAC8_SetSpeed\000"
 934      44414338 
 934      5F315F56 
 934      44414338 
 934      5F536574 
 935              	.LASF9:
 936 010a 666C6F61 		.ascii	"float\000"
 936      7400
 937              	.LASF1:
 938 0110 756E7369 		.ascii	"unsigned char\000"
 938      676E6564 
 938      20636861 
 938      7200
 939              	.LASF14:
 940 011e 57617665 		.ascii	"WaveDAC8_1_VDAC8_Init\000"
 940      44414338 
 940      5F315F56 
 940      44414338 
 940      5F496E69 
 941              	.LASF13:
 942 0134 72656738 		.ascii	"reg8\000"
 942      00
 943              	.LASF5:
 944 0139 6C6F6E67 		.ascii	"long unsigned int\000"
 944      20756E73 
 944      69676E65 
 944      6420696E 
 944      7400
 945              	.LASF24:
 946 014b 57617665 		.ascii	"WaveDAC8_1_VDAC8_DacTrim\000"
 946      44414338 
 946      5F315F56 
 946      44414338 
 946      5F446163 
 947              	.LASF3:
 948 0164 73686F72 		.ascii	"short unsigned int\000"
 948      7420756E 
 948      7369676E 
 948      65642069 
 948      6E7400
 949              	.LASF21:
 950 0177 72616E67 		.ascii	"range\000"
 950      6500
 951              	.LASF10:
 952 017d 646F7562 		.ascii	"double\000"
 952      6C6500
 953              	.LASF16:
 954 0184 57617665 		.ascii	"WaveDAC8_1_VDAC8_Start\000"
 954      44414338 
 954      5F315F56 
 954      44414338 
 954      5F537461 
 955              	.LASF27:
 956 019b 443A5C57 		.ascii	"D:\\Workspace\\PSoC_Creator\\Active_Load\\Active_Lo"
ARM GAS  C:\Users\KJA\AppData\Local\Temp\ccaRGuWC.s 			page 24


 956      6F726B73 
 956      70616365 
 956      5C50536F 
 956      435F4372 
 957 01ca 61645F76 		.ascii	"ad_v9.cydsn\000"
 957      392E6379 
 957      64736E00 
 958              	.LASF8:
 959 01d6 756E7369 		.ascii	"unsigned int\000"
 959      676E6564 
 959      20696E74 
 959      00
 960              	.LASF7:
 961 01e3 6C6F6E67 		.ascii	"long long unsigned int\000"
 961      206C6F6E 
 961      6720756E 
 961      7369676E 
 961      65642069 
 962              	.LASF28:
 963 01fa 6D6F6465 		.ascii	"mode\000"
 963      00
 964              	.LASF17:
 965 01ff 57617665 		.ascii	"WaveDAC8_1_VDAC8_Stop\000"
 965      44414338 
 965      5F315F56 
 965      44414338 
 965      5F53746F 
 966              	.LASF22:
 967 0215 57617665 		.ascii	"WaveDAC8_1_VDAC8_SetValue\000"
 967      44414338 
 967      5F315F56 
 967      44414338 
 967      5F536574 
 968              	.LASF20:
 969 022f 73706565 		.ascii	"speed\000"
 969      6400
 970              	.LASF6:
 971 0235 6C6F6E67 		.ascii	"long long int\000"
 971      206C6F6E 
 971      6720696E 
 971      7400
 972              	.LASF11:
 973 0243 63686172 		.ascii	"char\000"
 973      00
 974              	.LASF2:
 975 0248 73686F72 		.ascii	"short int\000"
 975      7420696E 
 975      7400
 976              	.LASF12:
 977 0252 75696E74 		.ascii	"uint8\000"
 977      3800
 978              	.LASF29:
 979 0258 57617665 		.ascii	"WaveDAC8_1_VDAC8_initVar\000"
 979      44414338 
 979      5F315F56 
 979      44414338 
 979      5F696E69 
ARM GAS  C:\Users\KJA\AppData\Local\Temp\ccaRGuWC.s 			page 25


 980              	.LASF4:
 981 0271 6C6F6E67 		.ascii	"long int\000"
 981      20696E74 
 981      00
 982              	.LASF0:
 983 027a 7369676E 		.ascii	"signed char\000"
 983      65642063 
 983      68617200 
 984              		.ident	"GCC: (GNU Tools for ARM Embedded Processors) 4.9.3 20150303 (release) [ARM/embedded-4_9-br
